http://0.0.0.0:9635/
Welcome to the BioSummarAI Agent! Type 'exit' to end the conversation.
Approximate token count: 111963
Processing chunk 1 of 3
BioSummarAI: The provided biomedical literature data primarily focuses on the   
interactions and roles of various proteins, genes, and transcription factors in 
cellular processes, particularly those related to mitochondrial function, RNA   
processing, and disease mechanisms. Here is a summary of the key elements and   
interaction patterns identified:                                                

 1 Gene Symbols and Proteins:                                                   
    • HNRNPA1: A heterogeneous nuclear ribonucleoprotein involved in RNA        
      processing, splicing, and transport. It interacts with various RNA        
      elements and is implicated in diseases like amyotrophic lateral sclerosis 
      (ALS) and cancer.                                                         
    • TFAM: Mitochondrial transcription factor A, crucial for mitochondrial DNA 
      replication and transcription. It is often studied in the context of      
      mitochondrial biogenesis and function.                                    
    • NRF1: Nuclear respiratory factor 1, a transcription factor that regulates 
      mitochondrial biogenesis and function.                                    
    • PPARGC1A (PGC-1α): A coactivator that regulates genes involved in energy  
      metabolism and mitochondrial biogenesis.                                  
    • SIRT1: A sirtuin involved in cellular stress responses and mitochondrial  
      function.                                                                 
 2 Common Interaction Patterns:                                                 
    • Mitochondrial Biogenesis and Function: TFAM, NRF1, and PGC-1α are         
      frequently mentioned in the context of mitochondrial biogenesis, with     
      interactions that enhance mitochondrial DNA replication and transcription.
      These factors are often regulated by signaling pathways involving AMPK and
      SIRT1.                                                                    
    • RNA Processing and Splicing: HNRNPA1 is involved in the regulation of     
      alternative splicing and RNA stability. It interacts with other splicing  
      factors like SRSF1 and PTBP1, influencing gene expression and cellular    
      responses to stress.                                                      
    • Disease Associations: Mutations and dysregulation of HNRNPA1 and TFAM are 
      linked to various diseases, including neurodegenerative disorders (e.g.,  
      ALS, Huntington's disease), cancer, and metabolic syndromes. These        
      proteins often interact with other disease-related factors, such as TDP-43
      in ALS and MYC in cancer.                                                 
 3 Drug and Chemical Interactions:                                              
    • Resveratrol: A compound that activates SIRT1 and is associated with       
      increased expression of mitochondrial biogenesis factors like PGC-1α and  
      TFAM.                                                                     
    • Metformin: Known to influence mitochondrial function and biogenesis       
      through pathways involving AMPK and PGC-1α.                               
    • Cisplatin and 5-FU: Chemotherapeutic agents that affect TFAM expression   
      and mitochondrial function, often studied in the context of cancer        
      treatment.                                                                

Overall, the data highlights the intricate network of interactions between      
transcription factors, coactivators, and RNA-binding proteins in regulating     
mitochondrial function, RNA processing, and their implications in various       
diseases. These interactions are potential targets for therapeutic interventions
in conditions like cancer, neurodegenerative diseases, and metabolic disorders. 
printing before returning
**BioSummarAI:** The provided biomedical literature data primarily focuses on the interactions and roles of various proteins, genes, and transcription factors in cellular processes, particularly those related to mitochondrial function, RNA processing, and disease mechanisms. Here is a summary of the key elements and interaction patterns identified:

1. **Gene Symbols and Proteins:**
   - **HNRNPA1**: A heterogeneous nuclear ribonucleoprotein involved in RNA processing, splicing, and transport. It interacts with various RNA elements and is implicated in diseases like amyotrophic lateral sclerosis (ALS) and cancer.
   - **TFAM**: Mitochondrial transcription factor A, crucial for mitochondrial DNA replication and transcription. It is often studied in the context of mitochondrial biogenesis and function.
   - **NRF1**: Nuclear respiratory factor 1, a transcription factor that regulates mitochondrial biogenesis and function.
   - **PPARGC1A (PGC-1α)**: A coactivator that regulates genes involved in energy metabolism and mitochondrial biogenesis.
   - **SIRT1**: A sirtuin involved in cellular stress responses and mitochondrial function.

2. **Common Interaction Patterns:**
   - **Mitochondrial Biogenesis and Function**: TFAM, NRF1, and PGC-1α are frequently mentioned in the context of mitochondrial biogenesis, with interactions that enhance mitochondrial DNA replication and transcription. These factors are often regulated by signaling pathways involving AMPK and SIRT1.
   - **RNA Processing and Splicing**: HNRNPA1 is involved in the regulation of alternative splicing and RNA stability. It interacts with other splicing factors like SRSF1 and PTBP1, influencing gene expression and cellular responses to stress.
   - **Disease Associations**: Mutations and dysregulation of HNRNPA1 and TFAM are linked to various diseases, including neurodegenerative disorders (e.g., ALS, Huntington's disease), cancer, and metabolic syndromes. These proteins often interact with other disease-related factors, such as TDP-43 in ALS and MYC in cancer.

3. **Drug and Chemical Interactions:**
   - **Resveratrol**: A compound that activates SIRT1 and is associated with increased expression of mitochondrial biogenesis factors like PGC-1α and TFAM.
   - **Metformin**: Known to influence mitochondrial function and biogenesis through pathways involving AMPK and PGC-1α.
   - **Cisplatin and 5-FU**: Chemotherapeutic agents that affect TFAM expression and mitochondrial function, often studied in the context of cancer treatment.

Overall, the data highlights the intricate network of interactions between transcription factors, coactivators, and RNA-binding proteins in regulating mitochondrial function, RNA processing, and their implications in various diseases. These interactions are potential targets for therapeutic interventions in conditions like cancer, neurodegenerative diseases, and metabolic disorders.
Welcome to the BioSummarAI Agent! Type 'exit' to end the conversation.
Approximate token count: 26430
Processing chunk 1 of 1
BioSummarAI: The provided biomedical literature data includes a variety of      
studies focusing on different diseases, drugs, and genetic markers. Here's a    
summary of the key findings:                                                    

 1 Common Themes and Patterns:                                                  
    • Alpha-1-B Glycoprotein (A1BG): This protein appears frequently across     
      multiple studies, often in the context of cancer, Alzheimer's disease, and
      other conditions. It is often mentioned alongside other glycoproteins and 
      acute-phase reactants.                                                    
    • Transferrin (TF) and Albumin (ALB): These proteins are commonly studied in
      relation to protein polymorphism and disease states, such as malaria and  
      various cancers.                                                          
    • Glycoproteins and Acute Phase Reactants: Many studies focus on the role of
      glycoproteins like alpha-1-antitrypsin, alpha-2-HS-glycoprotein, and      
      others in disease processes, particularly in inflammatory and cancer      
      contexts.                                                                 
 2 Diseases and Conditions:                                                     
    • Cancer: Multiple studies investigate the role of proteins like A1BG,      
      CRISP3, and others in different types of cancer, including breast, lung,  
      and colorectal cancer.                                                    
    • Alzheimer's Disease: The role of amyloid beta-protein and its interaction 
      with gangliosides is a recurring theme, suggesting a focus on the         
      pathogenesis of Alzheimer's disease.                                      
    • Metabolic and Inflammatory Diseases: Conditions like diabetes, obesity,   
      and rheumatoid arthritis are explored, often in relation to protein       
      expression and genetic markers.                                           
 3 Drugs and Treatments:                                                        
    • Fentanyl and Erythropoietin: These drugs are mentioned in the context of  
      pain management and polycythemia, respectively.                           
    • Fibrates (Clofibrate, Fenofibrate): These are discussed in relation to    
      their effects on protein expression and potential therapeutic roles in    
      metabolic conditions.                                                     
 4 Genetic and Protein Interactions:                                            
    • Gene Symbols: A1BG, TF, ALB, and others are frequently mentioned,         
      indicating their importance in the studies.                               
    • Protein Interactions: The interaction between proteins like A1BG and      
      CRISP3, and their roles in disease mechanisms, are highlighted.           
 5 Methodologies:                                                               
    • Proteomics and Mass Spectrometry: These techniques are commonly used to   
      identify and quantify proteins, providing insights into disease mechanisms
      and potential biomarkers.                                                 

Overall, the data highlights the complexity of protein interactions in various  
diseases and the potential for certain proteins to serve as biomarkers or       
therapeutic targets. The frequent mention of A1BG and related glycoproteins     
suggests their significant role in disease processes, particularly in cancer and
inflammatory conditions.                                                        
printing before returning
**BioSummarAI:** The provided biomedical literature data includes a variety of studies focusing on different diseases, drugs, and genetic markers. Here's a summary of the key findings:

1. **Common Themes and Patterns:**
   - **Alpha-1-B Glycoprotein (A1BG):** This protein appears frequently across multiple studies, often in the context of cancer, Alzheimer's disease, and other conditions. It is often mentioned alongside other glycoproteins and acute-phase reactants.
   - **Transferrin (TF) and Albumin (ALB):** These proteins are commonly studied in relation to protein polymorphism and disease states, such as malaria and various cancers.
   - **Glycoproteins and Acute Phase Reactants:** Many studies focus on the role of glycoproteins like alpha-1-antitrypsin, alpha-2-HS-glycoprotein, and others in disease processes, particularly in inflammatory and cancer contexts.

2. **Diseases and Conditions:**
   - **Cancer:** Multiple studies investigate the role of proteins like A1BG, CRISP3, and others in different types of cancer, including breast, lung, and colorectal cancer.
   - **Alzheimer's Disease:** The role of amyloid beta-protein and its interaction with gangliosides is a recurring theme, suggesting a focus on the pathogenesis of Alzheimer's disease.
   - **Metabolic and Inflammatory Diseases:** Conditions like diabetes, obesity, and rheumatoid arthritis are explored, often in relation to protein expression and genetic markers.

3. **Drugs and Treatments:**
   - **Fentanyl and Erythropoietin:** These drugs are mentioned in the context of pain management and polycythemia, respectively.
   - **Fibrates (Clofibrate, Fenofibrate):** These are discussed in relation to their effects on protein expression and potential therapeutic roles in metabolic conditions.

4. **Genetic and Protein Interactions:**
   - **Gene Symbols:** A1BG, TF, ALB, and others are frequently mentioned, indicating their importance in the studies.
   - **Protein Interactions:** The interaction between proteins like A1BG and CRISP3, and their roles in disease mechanisms, are highlighted.

5. **Methodologies:**
   - **Proteomics and Mass Spectrometry:** These techniques are commonly used to identify and quantify proteins, providing insights into disease mechanisms and potential biomarkers.

Overall, the data highlights the complexity of protein interactions in various diseases and the potential for certain proteins to serve as biomarkers or therapeutic targets. The frequent mention of A1BG and related glycoproteins suggests their significant role in disease processes, particularly in cancer and inflammatory conditions.
Welcome to the BioSummarAI Agent! Type 'exit' to end the conversation.
Approximate token count: 29573
Processing chunk 1 of 1
BioSummarAI: The provided biomedical literature data encompasses a wide range of
studies focusing on various diseases, drug interactions, and genetic            
expressions. Here is a summary of the key findings, drug terms, HDO terms, and  
gene symbols, along with common interaction patterns:                           

                                    Summary:                                    

 1 Malaria and Protein Levels: Untreated malaria significantly affects protein  
   levels such as prealbumin and transferrin, and increases SGOT activity. Gene 
   symbols associated include A1BG, ADRA1D, ALB, SERPINA3, TF, and TTR.         
 2 Bone Defects and Treatments: Studies on bone defects in rats show that       
   DBM/PDS is more effective than ABG/PDS. Polydioxanone is mentioned as a drug 
   term.                                                                        
 3 Genetic Polymorphisms: Various studies highlight genetic polymorphisms in    
   proteins like alpha 1B-glycoprotein, transferrin, and others, with gene      
   symbols such as A1BG, ALB, SERPINA1, and TF.                                 
 4 Cancer and Alzheimer's Disease: Multiple studies focus on the pathogenesis of
   Alzheimer's disease, particularly the role of amyloid beta-protein and GM1   
   ganglioside. Cancer studies often mention genes like A1BG, CEACAM3, CEACAM6, 
   and others.                                                                  
 5 Drug Interactions: Drugs like fentanyl, propranolol, ketamine, and           
   erythropoietin are frequently mentioned, with interactions affecting         
   conditions like hypertension, hypoglycemia, and polycythemia.                
 6 Autoimmune and Inflammatory Diseases: Conditions such as rheumatoid          
   arthritis, multiple sclerosis, and pemphigus are discussed, with gene symbols
   like A1BG, AHSG, GFAP, and others.                                           
 7 Metabolic and Cardiovascular Diseases: Studies on diabetes, hyperglycemia,   
   and cardiovascular outcomes often involve genes like A1BG, EPO, and others.  
 8 Proteomics and Biomarkers: Proteomic analyses identify potential biomarkers  
   for diseases like cancer, Alzheimer's, and cardiovascular diseases, with     
   proteins such as alpha-1B-glycoprotein, complement factors, and others being 
   highlighted.                                                                 

                          Common Interaction Patterns:                          

 • Protein and Gene Expression: Many studies focus on the expression levels of  
   specific proteins and genes in relation to disease states, highlighting the  
   importance of genetic polymorphisms and protein interactions in disease      
   progression and treatment efficacy.                                          
 • Drug Efficacy and Side Effects: The interaction of drugs with genetic        
   expressions and their impact on disease treatment and progression is a       
   recurring theme, emphasizing the need for personalized medicine approaches.  
 • Disease Pathogenesis: The role of specific proteins and genetic markers in   
   the pathogenesis of diseases like Alzheimer's, cancer, and autoimmune        
   disorders is a common focus, with studies exploring the underlying molecular 
   mechanisms.                                                                  
 • Biomarker Identification: The identification of biomarkers for early         
   diagnosis and prognosis of diseases is a significant area of research, with  
   proteomic and genomic analyses being key tools.                              

                                Key Drug Terms:                                 

 • Fentanyl, propranolol, ketamine, erythropoietin, clofibrate, fenofibrate,    
   tamoxifen, rhbmp-2, decitabine, enhancer, temozolomide, donepezil,           
   medroxyprogesterone, nicotinamide, streptomycin, chloramphenicol, roxarsone. 

                                 Key HDO Terms:                                 

 • Malaria, cancer, Alzheimer's disease, rheumatoid arthritis, multiple         
   sclerosis, hypertension, hypoglycemia, polycythemia, nephrotic syndrome,     
   cholangiocarcinoma, glioblastoma, obesity, diabetes mellitus, hyperglycemia, 
   pneumonia.                                                                   

                               Key Gene Symbols:                                

 • A1BG, ADRA1D, ALB, SERPINA3, TF, TTR, A2M, AHSG, APOA1, APOE, CP, HP, IGF1,  
   IGFBP2, INS, PIK3CA, PTPN11, SHC1, WARS, CEACAM3, CEACAM6, CRISP3, CFTR,     
   GAB1, GAB2, GAB3, GAB4, GRB2, GLS, GLS2, MYC, TP53, PPARA, RXRA, RIT1, SHOC2,
   SOS1, SOS2, LZTR1, RASA2, RRAS, MAP2K1, MAP2K2, NRAS, RAF1, SPRED1, TRIM58,  
   KRT17, CRISP2, CRISP3.                                                       

This summary provides an overview of the diverse research topics covered in the 
literature, highlighting the complex interactions between drugs, genes, and     
diseases.                                                                       
printing before returning
**BioSummarAI:** The provided biomedical literature data encompasses a wide range of studies focusing on various diseases, drug interactions, and genetic expressions. Here is a summary of the key findings, drug terms, HDO terms, and gene symbols, along with common interaction patterns:

### Summary:
1. **Malaria and Protein Levels**: Untreated malaria significantly affects protein levels such as prealbumin and transferrin, and increases SGOT activity. Gene symbols associated include A1BG, ADRA1D, ALB, SERPINA3, TF, and TTR.

2. **Bone Defects and Treatments**: Studies on bone defects in rats show that DBM/PDS is more effective than ABG/PDS. Polydioxanone is mentioned as a drug term.

3. **Genetic Polymorphisms**: Various studies highlight genetic polymorphisms in proteins like alpha 1B-glycoprotein, transferrin, and others, with gene symbols such as A1BG, ALB, SERPINA1, and TF.

4. **Cancer and Alzheimer's Disease**: Multiple studies focus on the pathogenesis of Alzheimer's disease, particularly the role of amyloid beta-protein and GM1 ganglioside. Cancer studies often mention genes like A1BG, CEACAM3, CEACAM6, and others.

5. **Drug Interactions**: Drugs like fentanyl, propranolol, ketamine, and erythropoietin are frequently mentioned, with interactions affecting conditions like hypertension, hypoglycemia, and polycythemia.

6. **Autoimmune and Inflammatory Diseases**: Conditions such as rheumatoid arthritis, multiple sclerosis, and pemphigus are discussed, with gene symbols like A1BG, AHSG, GFAP, and others.

7. **Metabolic and Cardiovascular Diseases**: Studies on diabetes, hyperglycemia, and cardiovascular outcomes often involve genes like A1BG, EPO, and others.

8. **Proteomics and Biomarkers**: Proteomic analyses identify potential biomarkers for diseases like cancer, Alzheimer's, and cardiovascular diseases, with proteins such as alpha-1B-glycoprotein, complement factors, and others being highlighted.

### Common Interaction Patterns:
- **Protein and Gene Expression**: Many studies focus on the expression levels of specific proteins and genes in relation to disease states, highlighting the importance of genetic polymorphisms and protein interactions in disease progression and treatment efficacy.
  
- **Drug Efficacy and Side Effects**: The interaction of drugs with genetic expressions and their impact on disease treatment and progression is a recurring theme, emphasizing the need for personalized medicine approaches.

- **Disease Pathogenesis**: The role of specific proteins and genetic markers in the pathogenesis of diseases like Alzheimer's, cancer, and autoimmune disorders is a common focus, with studies exploring the underlying molecular mechanisms.

- **Biomarker Identification**: The identification of biomarkers for early diagnosis and prognosis of diseases is a significant area of research, with proteomic and genomic analyses being key tools.

### Key Drug Terms:
- Fentanyl, propranolol, ketamine, erythropoietin, clofibrate, fenofibrate, tamoxifen, rhbmp-2, decitabine, enhancer, temozolomide, donepezil, medroxyprogesterone, nicotinamide, streptomycin, chloramphenicol, roxarsone.

### Key HDO Terms:
- Malaria, cancer, Alzheimer's disease, rheumatoid arthritis, multiple sclerosis, hypertension, hypoglycemia, polycythemia, nephrotic syndrome, cholangiocarcinoma, glioblastoma, obesity, diabetes mellitus, hyperglycemia, pneumonia.

### Key Gene Symbols:
- A1BG, ADRA1D, ALB, SERPINA3, TF, TTR, A2M, AHSG, APOA1, APOE, CP, HP, IGF1, IGFBP2, INS, PIK3CA, PTPN11, SHC1, WARS, CEACAM3, CEACAM6, CRISP3, CFTR, GAB1, GAB2, GAB3, GAB4, GRB2, GLS, GLS2, MYC, TP53, PPARA, RXRA, RIT1, SHOC2, SOS1, SOS2, LZTR1, RASA2, RRAS, MAP2K1, MAP2K2, NRAS, RAF1, SPRED1, TRIM58, KRT17, CRISP2, CRISP3.

This summary provides an overview of the diverse research topics covered in the literature, highlighting the complex interactions between drugs, genes, and diseases.
Welcome to the BioSummarAI Agent! Type 'exit' to end the conversation.
Approximate token count: 65787
Processing chunk 1 of 1
Welcome to the BioSummarAI Agent! Type 'exit' to end the conversation.
Approximate token count: 65787
Processing chunk 1 of 1
BioSummarAI: The provided biomedical literature data includes a variety of      
studies focusing on different diseases, drugs, and genetic interactions. Here is
a summary of the key findings and common interaction patterns:                  

 1 Diseases and Conditions: The literature covers a wide range of diseases,     
   including cancer (colon, breast, lung, liver, renal, and ovarian),           
   Alzheimer's disease, cardiovascular diseases, diabetes, obesity, and various 
   genetic disorders. Specific conditions like familial adenomatous polyposis,  
   nephrotic syndrome, and aortic aneurysms are also discussed.                 
 2 Drugs and Treatments: Several drugs and compounds are mentioned, including   
   aldosterone, propranolol, fentanyl, ketamine, aspirin, caffeine, tamoxifen,  
   and various chemopreventive agents like indole-3-carbinol and resveratrol.   
   The studies often explore the effects of these drugs on disease progression, 
   gene expression, and biochemical pathways.                                   
 3 Genetic and Molecular Interactions: The data highlights the role of various  
   genes and proteins, such as A1BG, APOBEC1, A1CF, and others, in disease      
   mechanisms and drug responses. The interaction between RNA-binding proteins  
   like A1CF and APOBEC1 in RNA editing and its implications for diseases like  
   cancer and cardiovascular conditions are frequently discussed.               
 4 Biochemical Pathways: Common pathways include those related to inflammation, 
   oxidative stress, apoptosis, and metabolic regulation. The role of enzymes   
   like cyclooxygenase-2 (COX-2), inducible nitric oxide synthase (iNOS), and   
   various kinases in these pathways is a recurring theme.                      
 5 Biomarkers and Diagnostic Tools: Several studies focus on identifying        
   potential biomarkers for diseases, such as alpha-1B-glycoprotein, complement 
   factors, and apolipoproteins, which could aid in diagnosis and prognosis.    
 6 Common Interaction Patterns:                                                 
    • RNA Editing and Gene Expression: The interaction between APOBEC1 and its  
      cofactors (A1CF, RBM47) in RNA editing is a significant focus, affecting  
      gene expression and disease outcomes.                                     
    • Inflammation and Oxidative Stress: Many studies explore the role of       
      inflammatory cytokines and oxidative stress markers in disease progression
      and treatment efficacy.                                                   
    • Metabolic Regulation: The impact of metabolic enzymes and pathways on     
      diseases like diabetes, obesity, and cancer is frequently examined, with a
      focus on lipid metabolism and insulin signaling.                          

Overall, the literature emphasizes the complexity of genetic, biochemical, and  
pharmacological interactions in disease mechanisms and treatment strategies. The
identification of biomarkers and the understanding of molecular pathways are    
crucial for developing targeted therapies and improving patient outcomes.       
printing before returning
**BioSummarAI:** The provided biomedical literature data includes a variety of studies focusing on different diseases, drugs, and genetic interactions. Here is a summary of the key findings and common interaction patterns:

1. **Diseases and Conditions**: The literature covers a wide range of diseases, including cancer (colon, breast, lung, liver, renal, and ovarian), Alzheimer's disease, cardiovascular diseases, diabetes, obesity, and various genetic disorders. Specific conditions like familial adenomatous polyposis, nephrotic syndrome, and aortic aneurysms are also discussed.

2. **Drugs and Treatments**: Several drugs and compounds are mentioned, including aldosterone, propranolol, fentanyl, ketamine, aspirin, caffeine, tamoxifen, and various chemopreventive agents like indole-3-carbinol and resveratrol. The studies often explore the effects of these drugs on disease progression, gene expression, and biochemical pathways.

3. **Genetic and Molecular Interactions**: The data highlights the role of various genes and proteins, such as A1BG, APOBEC1, A1CF, and others, in disease mechanisms and drug responses. The interaction between RNA-binding proteins like A1CF and APOBEC1 in RNA editing and its implications for diseases like cancer and cardiovascular conditions are frequently discussed.

4. **Biochemical Pathways**: Common pathways include those related to inflammation, oxidative stress, apoptosis, and metabolic regulation. The role of enzymes like cyclooxygenase-2 (COX-2), inducible nitric oxide synthase (iNOS), and various kinases in these pathways is a recurring theme.

5. **Biomarkers and Diagnostic Tools**: Several studies focus on identifying potential biomarkers for diseases, such as alpha-1B-glycoprotein, complement factors, and apolipoproteins, which could aid in diagnosis and prognosis.

6. **Common Interaction Patterns**:
   - **RNA Editing and Gene Expression**: The interaction between APOBEC1 and its cofactors (A1CF, RBM47) in RNA editing is a significant focus, affecting gene expression and disease outcomes.
   - **Inflammation and Oxidative Stress**: Many studies explore the role of inflammatory cytokines and oxidative stress markers in disease progression and treatment efficacy.
   - **Metabolic Regulation**: The impact of metabolic enzymes and pathways on diseases like diabetes, obesity, and cancer is frequently examined, with a focus on lipid metabolism and insulin signaling.

Overall, the literature emphasizes the complexity of genetic, biochemical, and pharmacological interactions in disease mechanisms and treatment strategies. The identification of biomarkers and the understanding of molecular pathways are crucial for developing targeted therapies and improving patient outcomes.
BioSummarAI: The provided biomedical literature data includes a variety of      
studies focusing on different biomedical topics, including drug effects, disease
mechanisms, and genetic interactions. Here is a summary of the key findings,    
drug terms, health disorder (HDO) terms, and gene symbols mentioned in the data:

 1 Drug Terms: The literature mentions several drugs, including polydioxanone,  
   fentanyl, aldosterone, propranolol, ketamine, rhbmp-2, indole-3-carbinol,    
   d-limonene, cyclosporine, halothane, caffeine, cytidine, uridine, aspirin,   
   tamoxifen, and others. These drugs are studied in various contexts, such as  
   pain relief, cancer treatment, and metabolic regulation.                     
 2 Health Disorder (HDO) Terms: The data covers a wide range of health          
   disorders, including malaria, cancer (breast cancer, colon cancer, colorectal
   cancer, liver cancer, lung cancer, ovarian cancer, pancreatic cancer, renal  
   cell carcinoma), hypertension, hypoglycemia, metabolic acidosis, cystic      
   fibrosis, abdominal aortic aneurysm, aortic aneurysm, myocardial infarction, 
   cholestasis, disease, kidney disease, familial adenomatous polyposis,        
   malignant hyperthermia, cataract, cholera, neuroblastoma, pheochromocytoma,  
   Alzheimer's disease, arthritis, gout, hyperuricemia, obesity, and others.    
 3 Gene Symbols: The literature mentions numerous gene symbols, including A1BG, 
   A1CF, APOB, APOBEC1, APOE, APOH, BAZ1A, CFTR, CHD1, CHD4, CHD5, COL1A1, CP,  
   CRISP3, DKK1, F10, GAB1, GAB2, GAB3, GAB4, GCKR, GLS, GLS2, GPX3, HNRNPC,    
   IL6, INS, JUP, KHSRP, KRAS, MAPK1, MAPK3, MMP2, MUC1, MUC5AC, MYC, NKD1,     
   PCNA, PTGS2, RBM47, REN, SERPINA1, SMAD3, SMARCA1, SMARCA5, SOD1, TF, TNF,   
   TP53, and others.                                                            
 4 Common Interaction Patterns:                                                 
    • Drug-Disease Interactions: Many studies explore the effects of drugs on   
      specific diseases, such as the use of tamoxifen in breast cancer, aspirin 
      in colon cancer, and ketamine in hypoglycemia.                            
    • Gene-Disease Associations: Several studies investigate the role of        
      specific genes in disease mechanisms, such as the involvement of APOBEC1  
      and A1CF in RNA editing and cancer, or the role of KRAS mutations in      
      colorectal cancer.                                                        
    • Protein Interactions: The data highlights interactions between proteins,  
      such as the binding of CRISP3 to A1BG, and the role of APOBEC1            
      complementation factor in RNA editing.                                    

Overall, the literature data provides insights into the complex interactions    
between drugs, genes, and diseases, highlighting the importance of understanding
these relationships for developing effective treatments and interventions.      
printing before returning
**BioSummarAI:** The provided biomedical literature data includes a variety of studies focusing on different biomedical topics, including drug effects, disease mechanisms, and genetic interactions. Here is a summary of the key findings, drug terms, health disorder (HDO) terms, and gene symbols mentioned in the data:

1. **Drug Terms**: The literature mentions several drugs, including polydioxanone, fentanyl, aldosterone, propranolol, ketamine, rhbmp-2, indole-3-carbinol, d-limonene, cyclosporine, halothane, caffeine, cytidine, uridine, aspirin, tamoxifen, and others. These drugs are studied in various contexts, such as pain relief, cancer treatment, and metabolic regulation.

2. **Health Disorder (HDO) Terms**: The data covers a wide range of health disorders, including malaria, cancer (breast cancer, colon cancer, colorectal cancer, liver cancer, lung cancer, ovarian cancer, pancreatic cancer, renal cell carcinoma), hypertension, hypoglycemia, metabolic acidosis, cystic fibrosis, abdominal aortic aneurysm, aortic aneurysm, myocardial infarction, cholestasis, disease, kidney disease, familial adenomatous polyposis, malignant hyperthermia, cataract, cholera, neuroblastoma, pheochromocytoma, Alzheimer's disease, arthritis, gout, hyperuricemia, obesity, and others.

3. **Gene Symbols**: The literature mentions numerous gene symbols, including A1BG, A1CF, APOB, APOBEC1, APOE, APOH, BAZ1A, CFTR, CHD1, CHD4, CHD5, COL1A1, CP, CRISP3, DKK1, F10, GAB1, GAB2, GAB3, GAB4, GCKR, GLS, GLS2, GPX3, HNRNPC, IL6, INS, JUP, KHSRP, KRAS, MAPK1, MAPK3, MMP2, MUC1, MUC5AC, MYC, NKD1, PCNA, PTGS2, RBM47, REN, SERPINA1, SMAD3, SMARCA1, SMARCA5, SOD1, TF, TNF, TP53, and others.

4. **Common Interaction Patterns**: 
   - **Drug-Disease Interactions**: Many studies explore the effects of drugs on specific diseases, such as the use of tamoxifen in breast cancer, aspirin in colon cancer, and ketamine in hypoglycemia.
   - **Gene-Disease Associations**: Several studies investigate the role of specific genes in disease mechanisms, such as the involvement of APOBEC1 and A1CF in RNA editing and cancer, or the role of KRAS mutations in colorectal cancer.
   - **Protein Interactions**: The data highlights interactions between proteins, such as the binding of CRISP3 to A1BG, and the role of APOBEC1 complementation factor in RNA editing.

Overall, the literature data provides insights into the complex interactions between drugs, genes, and diseases, highlighting the importance of understanding these relationships for developing effective treatments and interventions.
Welcome to the BioSummarAI Agent! Type 'exit' to end the conversation.
Approximate token count: 2017
Processing chunk 1 of 1
BioSummarAI: The provided biomedical literature data highlights various studies 
focusing on gene expression, genetic mutations, and their implications in       
different diseases, particularly cancers. Here is a summary of the key findings,
drug terms, HDO terms, and gene symbols, along with common interaction patterns:

                                 Key Findings:                                  

 1 Gene Clusters and Cancer Prognosis:                                          
    • A unique gene cluster characterized by high expression of genes like      
      AGAP1, CCNJ, and others, along with ERG DNA deletions, showed a high      
      4-year relapse-free survival rate in leukemia patients.                   
    • Another cluster with high expression of genes such as BMPR1B and CRLF2,   
      along with frequent deletions and JAK mutations, was associated with poor 
      survival, particularly in Hispanic patients.                              
 2 Gene Breakpoints and Disorders:                                              
    • Breakpoints affecting genes like SEMA6D and CCNJ were linked to language  
      disorders.                                                                
 3 MicroRNA and Cancer:                                                         
    • miR-125b acts as a tumor suppressor in breast cancer by targeting genes   
      like ENPEP and CCNJ.                                                      
    • miR-16 mediates response to trastuzumab and lapatinib in breast and       
      gastric cancer by targeting CCNJ and FUBP1.                               
    • miR-146a and miR-205 are involved in regulating CCNJ expression in lung   
      and bladder cancer, respectively.                                         
 4 Cyclin J (CCNJ) and Cancer:                                                  
    • CCNJ is frequently mentioned across studies as a target or regulator in   
      various cancers, including breast, bladder, and lung cancer.              
    • It is involved in cell cycle regulation and is targeted by several        
      microRNAs, indicating its role in tumorigenesis and potential as a        
      therapeutic target.                                                       
 5 Genetic Variants and Disease:                                                
    • Variants in genes like CC2D2B and CCNJ are associated with hereditary     
      angioedema and its clinical variability.                                  

                                  Drug Terms:                                   

 • Lapatinib: Used in breast cancer treatment.                                  
 • Trastuzumab: Used in breast and gastric cancer treatment.                    

                                   HDO Terms:                                   

 • Acute Lymphoblastic Leukemia, Leukemia: Associated with gene clusters and    
   survival rates.                                                              
 • Language Disorder: Linked to gene breakpoints.                               
 • Breast Cancer, Cancer: Frequently studied in relation to miRNAs and gene     
   expression.                                                                  
 • Lung Cancer: Sensitivity to drugs influenced by miRNA regulation.            
 • Angioedema, C1 Inhibitor Deficiency, Hereditary Angioedema: Genetic variants 
   affecting disease expression.                                                

                                 Gene Symbols:                                  

 • CCNJ: Central to many studies, involved in cancer progression and targeted by
   miRNAs.                                                                      
 • BMPR1B, CRLF2, GPR110, MUC4: Part of gene clusters affecting leukemia        
   prognosis.                                                                   
 • SEMA6D, ENTPD1: Involved in language disorders.                              
 • FUBP1, AKT1, ERBB2, PIK3CA: Involved in cancer pathways and drug response.   

                          Common Interaction Patterns:                          

 • MicroRNA Regulation: miRNAs like miR-125b, miR-16, and miR-146a play crucial 
   roles in regulating gene expression, particularly CCNJ, affecting cancer cell
   proliferation and drug response.                                             
 • Gene Clusters and Ethnicity: Certain gene expression patterns and mutations  
   are linked to specific ethnic groups, influencing disease prognosis.         
 • Drug Response and Genetic Targets: The effectiveness of cancer drugs like    
   trastuzumab and lapatinib is mediated by genetic targets such as CCNJ and    
   FUBP1, highlighting the importance of personalized medicine.                 

Overall, the data underscores the complexity of genetic interactions in disease 
progression and treatment, with a significant focus on the role of CCNJ and     
microRNAs in cancer biology.                                                    
printing before returning
**BioSummarAI:** The provided biomedical literature data highlights various studies focusing on gene expression, genetic mutations, and their implications in different diseases, particularly cancers. Here is a summary of the key findings, drug terms, HDO terms, and gene symbols, along with common interaction patterns:

### Key Findings:
1. **Gene Clusters and Cancer Prognosis**:
   - A unique gene cluster characterized by high expression of genes like AGAP1, CCNJ, and others, along with ERG DNA deletions, showed a high 4-year relapse-free survival rate in leukemia patients.
   - Another cluster with high expression of genes such as BMPR1B and CRLF2, along with frequent deletions and JAK mutations, was associated with poor survival, particularly in Hispanic patients.

2. **Gene Breakpoints and Disorders**:
   - Breakpoints affecting genes like SEMA6D and CCNJ were linked to language disorders.

3. **MicroRNA and Cancer**:
   - miR-125b acts as a tumor suppressor in breast cancer by targeting genes like ENPEP and CCNJ.
   - miR-16 mediates response to trastuzumab and lapatinib in breast and gastric cancer by targeting CCNJ and FUBP1.
   - miR-146a and miR-205 are involved in regulating CCNJ expression in lung and bladder cancer, respectively.

4. **Cyclin J (CCNJ) and Cancer**:
   - CCNJ is frequently mentioned across studies as a target or regulator in various cancers, including breast, bladder, and lung cancer.
   - It is involved in cell cycle regulation and is targeted by several microRNAs, indicating its role in tumorigenesis and potential as a therapeutic target.

5. **Genetic Variants and Disease**:
   - Variants in genes like CC2D2B and CCNJ are associated with hereditary angioedema and its clinical variability.

### Drug Terms:
- **Lapatinib**: Used in breast cancer treatment.
- **Trastuzumab**: Used in breast and gastric cancer treatment.

### HDO Terms:
- **Acute Lymphoblastic Leukemia, Leukemia**: Associated with gene clusters and survival rates.
- **Language Disorder**: Linked to gene breakpoints.
- **Breast Cancer, Cancer**: Frequently studied in relation to miRNAs and gene expression.
- **Lung Cancer**: Sensitivity to drugs influenced by miRNA regulation.
- **Angioedema, C1 Inhibitor Deficiency, Hereditary Angioedema**: Genetic variants affecting disease expression.

### Gene Symbols:
- **CCNJ**: Central to many studies, involved in cancer progression and targeted by miRNAs.
- **BMPR1B, CRLF2, GPR110, MUC4**: Part of gene clusters affecting leukemia prognosis.
- **SEMA6D, ENTPD1**: Involved in language disorders.
- **FUBP1, AKT1, ERBB2, PIK3CA**: Involved in cancer pathways and drug response.

### Common Interaction Patterns:
- **MicroRNA Regulation**: miRNAs like miR-125b, miR-16, and miR-146a play crucial roles in regulating gene expression, particularly CCNJ, affecting cancer cell proliferation and drug response.
- **Gene Clusters and Ethnicity**: Certain gene expression patterns and mutations are linked to specific ethnic groups, influencing disease prognosis.
- **Drug Response and Genetic Targets**: The effectiveness of cancer drugs like trastuzumab and lapatinib is mediated by genetic targets such as CCNJ and FUBP1, highlighting the importance of personalized medicine.

Overall, the data underscores the complexity of genetic interactions in disease progression and treatment, with a significant focus on the role of CCNJ and microRNAs in cancer biology.
Welcome to the BioSummarAI Agent! Type 'exit' to end the conversation.
Approximate token count: 47284
Processing chunk 1 of 3
BioSummarAI: The provided biomedical literature data primarily focuses on the   
role of mitochondrial transcription factor A (TFAM) and its interactions with   
various genes, proteins, and pathways in different biological contexts. Here is 
a summary of the key findings and common interaction patterns:                  

 1 TFAM and Mitochondrial Biogenesis: TFAM is frequently mentioned as a critical
   regulator of mitochondrial biogenesis. It is often associated with the       
   transcriptional coactivator PGC-1α (PPARGC1A), which is known to enhance the 
   expression of nuclear respiratory factors (NRF1 and NRF2) and TFAM itself,   
   promoting mitochondrial DNA replication and transcription.                   
 2 TFAM and Oxidative Stress: Several studies highlight the role of TFAM in     
   protecting cells from oxidative stress. TFAM expression is often linked to   
   increased mitochondrial function and biogenesis, which can mitigate oxidative
   damage. The interaction with antioxidant enzymes like superoxide dismutase   
   (SOD2) and pathways involving NRF2 (NFE2L2) are commonly noted.              
 3 TFAM and Disease Contexts: TFAM is implicated in various diseases, including 
   neurodegenerative disorders (e.g., Parkinson's and Alzheimer's diseases),    
   metabolic syndromes, and cancers. In these contexts, TFAM's role in          
   maintaining mitochondrial function and integrity is crucial. Alterations in  
   TFAM expression or function are often associated with disease progression.   
 4 TFAM and Apoptosis: The interaction of TFAM with apoptotic pathways is       
   evident in several studies. TFAM is shown to influence the expression of pro-
   and anti-apoptotic proteins like BAX and BCL2, suggesting its role in cell   
   survival and apoptosis regulation.                                           
 5 TFAM and Transcriptional Regulation: TFAM is involved in the transcriptional 
   regulation of mitochondrial genes. It works in concert with other            
   transcription factors like TFB2M and POLRMT to initiate mitochondrial        
   transcription. The interaction with nuclear transcription factors such as    
   NRF1 and SP1 is also highlighted.                                            
 6 TFAM and Metabolic Regulation: TFAM is linked to metabolic regulation through
   its role in mitochondrial function. It is often associated with genes        
   involved in energy metabolism, such as those encoding components of the      
   electron transport chain and enzymes involved in fatty acid oxidation.       
 7 TFAM and Genetic Variability: Polymorphisms in the TFAM gene are studied in  
   the context of various diseases, indicating that genetic variability in TFAM 
   may influence disease susceptibility and mitochondrial function.             

Overall, TFAM emerges as a central player in mitochondrial biology, influencing 
mitochondrial biogenesis, function, and cellular responses to stress. Its       
interactions with various genes and proteins underscore its importance in       
maintaining cellular energy homeostasis and its potential as a therapeutic      
target in mitochondrial-related diseases.                                       
printing before returning
**BioSummarAI:** The provided biomedical literature data primarily focuses on the role of mitochondrial transcription factor A (TFAM) and its interactions with various genes, proteins, and pathways in different biological contexts. Here is a summary of the key findings and common interaction patterns:

1. **TFAM and Mitochondrial Biogenesis**: TFAM is frequently mentioned as a critical regulator of mitochondrial biogenesis. It is often associated with the transcriptional coactivator PGC-1α (PPARGC1A), which is known to enhance the expression of nuclear respiratory factors (NRF1 and NRF2) and TFAM itself, promoting mitochondrial DNA replication and transcription.

2. **TFAM and Oxidative Stress**: Several studies highlight the role of TFAM in protecting cells from oxidative stress. TFAM expression is often linked to increased mitochondrial function and biogenesis, which can mitigate oxidative damage. The interaction with antioxidant enzymes like superoxide dismutase (SOD2) and pathways involving NRF2 (NFE2L2) are commonly noted.

3. **TFAM and Disease Contexts**: TFAM is implicated in various diseases, including neurodegenerative disorders (e.g., Parkinson's and Alzheimer's diseases), metabolic syndromes, and cancers. In these contexts, TFAM's role in maintaining mitochondrial function and integrity is crucial. Alterations in TFAM expression or function are often associated with disease progression.

4. **TFAM and Apoptosis**: The interaction of TFAM with apoptotic pathways is evident in several studies. TFAM is shown to influence the expression of pro- and anti-apoptotic proteins like BAX and BCL2, suggesting its role in cell survival and apoptosis regulation.

5. **TFAM and Transcriptional Regulation**: TFAM is involved in the transcriptional regulation of mitochondrial genes. It works in concert with other transcription factors like TFB2M and POLRMT to initiate mitochondrial transcription. The interaction with nuclear transcription factors such as NRF1 and SP1 is also highlighted.

6. **TFAM and Metabolic Regulation**: TFAM is linked to metabolic regulation through its role in mitochondrial function. It is often associated with genes involved in energy metabolism, such as those encoding components of the electron transport chain and enzymes involved in fatty acid oxidation.

7. **TFAM and Genetic Variability**: Polymorphisms in the TFAM gene are studied in the context of various diseases, indicating that genetic variability in TFAM may influence disease susceptibility and mitochondrial function.

Overall, TFAM emerges as a central player in mitochondrial biology, influencing mitochondrial biogenesis, function, and cellular responses to stress. Its interactions with various genes and proteins underscore its importance in maintaining cellular energy homeostasis and its potential as a therapeutic target in mitochondrial-related diseases.
Welcome to the BioSummarAI Agent! Type 'exit' to end the conversation.
Approximate token count: 100098
Processing chunk 1 of 235
BioSummarAI: The provided biomedical literature data includes a variety of      
studies focusing on the interactions between cytokines, immune cells, and       
various diseases. Here is a summary of the key findings, drug terms, HDO terms, 
and gene symbols mentioned in the data:                                         

                                    Summary:                                    

 1 Cytokine Interactions: The literature highlights the complex interactions    
   between cytokines such as IL-1, IL-6, TNF-alpha, IFN-gamma, and others. These
   cytokines play crucial roles in immune responses, inflammation, and disease  
   pathogenesis. For instance, IL-6 is frequently mentioned in the context of   
   inflammatory responses and acute-phase reactions.                            
 2 Immune Cell Activation: Several studies focus on the activation and function 
   of immune cells, including T cells, B cells, and macrophages. Cytokines like 
   IL-2, IL-4, and IFN-gamma are critical for T cell activation and             
   differentiation, while IL-6 and IL-1 are important for B cell function and   
   antibody production.                                                         
 3 Disease Associations: The data includes references to various diseases such  
   as rheumatoid arthritis, multiple sclerosis, cancer, and infectious diseases.
   Cytokines are often implicated in the pathogenesis and progression of these  
   conditions, with IL-6 and TNF-alpha being particularly prominent in          
   inflammatory and autoimmune diseases.                                        
 4 Therapeutic Implications: The potential therapeutic use of cytokines and     
   their inhibitors is discussed, with IFN-gamma and TNF-alpha being explored   
   for their roles in enhancing immune responses against infections and cancer. 
   Conversely, cytokine inhibitors like IL-10 and TGF-beta are considered for   
   their anti-inflammatory properties.                                          
 5 Gene Expression and Regulation: The regulation of cytokine gene expression is
   a recurring theme, with studies examining the transcriptional and            
   post-transcriptional mechanisms that control cytokine production. Factors    
   like NF-kB and AP-1 are mentioned as key regulators of cytokine gene         
   expression.                                                                  

                                  Drug Terms:                                   

 • Interleukin-2 (IL-2): Used in various studies to stimulate immune responses. 
 • Interleukin-4 (IL-4): Mentioned in the context of modulating immune responses
   and cytokine production.                                                     
 • Interferon-gamma (IFN-gamma): Explored for its role in immune activation and 
   potential therapeutic applications.                                          
 • Dexamethasone: A glucocorticoid used to modulate cytokine production and     
   inflammation.                                                                
 • Pentoxifylline: Investigated for its effects on TNF-alpha and IL-6 secretion.

                                   HDO Terms:                                   

 • Disease: General term used to describe various conditions studied in the     
   literature.                                                                  
 • Rheumatoid Arthritis: Frequently mentioned in the context of                 
   cytokine-mediated inflammation.                                              
 • Multiple Sclerosis: Associated with cytokine dysregulation and immune cell   
   activation.                                                                  
 • Cancer: Various types, including leukemia and carcinoma, are discussed in    
   relation to cytokine interactions.                                           
 • Infectious Diseases: Conditions like hepatitis and tuberculosis are explored 
   for their cytokine profiles.                                                 

                                 Gene Symbols:                                  

 • IL6: Interleukin-6, a key cytokine in inflammation and immune responses.     
 • TNF: Tumor necrosis factor, involved in inflammation and immune regulation.  
 • IFNG: Interferon-gamma, important for immune cell activation and antiviral   
   responses.                                                                   
 • IL1B: Interleukin-1 beta, a pro-inflammatory cytokine.                       
 • CSF2: Colony-stimulating factor 2, involved in hematopoiesis and immune cell 
   function.                                                                    

                          Common Interaction Patterns:                          

 • Cytokine Synergy and Antagonism: Many studies highlight the synergistic or   
   antagonistic effects of cytokines on immune cell function and disease        
   progression.                                                                 
 • Cytokine-Induced Gene Expression: The regulation of gene expression by       
   cytokines is a common theme, with implications for understanding disease     
   mechanisms and developing therapies.                                         
 • Therapeutic Modulation of Cytokines: The potential to modulate cytokine      
   activity for therapeutic benefit is a key focus, particularly in inflammatory
   and autoimmune diseases.                                                     

Overall, the data underscores the critical role of cytokines in immune          
regulation and disease, highlighting both their potential as therapeutic targets
and the complexity of their interactions in the immune system.                  
printing before returning
**BioSummarAI:** The provided biomedical literature data includes a variety of studies focusing on the interactions between cytokines, immune cells, and various diseases. Here is a summary of the key findings, drug terms, HDO terms, and gene symbols mentioned in the data:

### Summary:
1. **Cytokine Interactions**: The literature highlights the complex interactions between cytokines such as IL-1, IL-6, TNF-alpha, IFN-gamma, and others. These cytokines play crucial roles in immune responses, inflammation, and disease pathogenesis. For instance, IL-6 is frequently mentioned in the context of inflammatory responses and acute-phase reactions.

2. **Immune Cell Activation**: Several studies focus on the activation and function of immune cells, including T cells, B cells, and macrophages. Cytokines like IL-2, IL-4, and IFN-gamma are critical for T cell activation and differentiation, while IL-6 and IL-1 are important for B cell function and antibody production.

3. **Disease Associations**: The data includes references to various diseases such as rheumatoid arthritis, multiple sclerosis, cancer, and infectious diseases. Cytokines are often implicated in the pathogenesis and progression of these conditions, with IL-6 and TNF-alpha being particularly prominent in inflammatory and autoimmune diseases.

4. **Therapeutic Implications**: The potential therapeutic use of cytokines and their inhibitors is discussed, with IFN-gamma and TNF-alpha being explored for their roles in enhancing immune responses against infections and cancer. Conversely, cytokine inhibitors like IL-10 and TGF-beta are considered for their anti-inflammatory properties.

5. **Gene Expression and Regulation**: The regulation of cytokine gene expression is a recurring theme, with studies examining the transcriptional and post-transcriptional mechanisms that control cytokine production. Factors like NF-kB and AP-1 are mentioned as key regulators of cytokine gene expression.

### Drug Terms:
- **Interleukin-2 (IL-2)**: Used in various studies to stimulate immune responses.
- **Interleukin-4 (IL-4)**: Mentioned in the context of modulating immune responses and cytokine production.
- **Interferon-gamma (IFN-gamma)**: Explored for its role in immune activation and potential therapeutic applications.
- **Dexamethasone**: A glucocorticoid used to modulate cytokine production and inflammation.
- **Pentoxifylline**: Investigated for its effects on TNF-alpha and IL-6 secretion.

### HDO Terms:
- **Disease**: General term used to describe various conditions studied in the literature.
- **Rheumatoid Arthritis**: Frequently mentioned in the context of cytokine-mediated inflammation.
- **Multiple Sclerosis**: Associated with cytokine dysregulation and immune cell activation.
- **Cancer**: Various types, including leukemia and carcinoma, are discussed in relation to cytokine interactions.
- **Infectious Diseases**: Conditions like hepatitis and tuberculosis are explored for their cytokine profiles.

### Gene Symbols:
- **IL6**: Interleukin-6, a key cytokine in inflammation and immune responses.
- **TNF**: Tumor necrosis factor, involved in inflammation and immune regulation.
- **IFNG**: Interferon-gamma, important for immune cell activation and antiviral responses.
- **IL1B**: Interleukin-1 beta, a pro-inflammatory cytokine.
- **CSF2**: Colony-stimulating factor 2, involved in hematopoiesis and immune cell function.

### Common Interaction Patterns:
- **Cytokine Synergy and Antagonism**: Many studies highlight the synergistic or antagonistic effects of cytokines on immune cell function and disease progression.
- **Cytokine-Induced Gene Expression**: The regulation of gene expression by cytokines is a common theme, with implications for understanding disease mechanisms and developing therapies.
- **Therapeutic Modulation of Cytokines**: The potential to modulate cytokine activity for therapeutic benefit is a key focus, particularly in inflammatory and autoimmune diseases.

Overall, the data underscores the critical role of cytokines in immune regulation and disease, highlighting both their potential as therapeutic targets and the complexity of their interactions in the immune system.
Welcome to the BioSummarAI Agent! Type 'exit' to end the conversation.
Approximate token count: 92767
Processing chunk 1 of 2
BioSummarAI: The provided biomedical literature data primarily focuses on the   
role of glutaminase (GLS) and its interactions with various drugs, diseases, and
genes. Here is a summary of the key findings:                                   

 1 Glutaminase (GLS) Activity and Function: GLS is an enzyme that catalyzes the 
   conversion of glutamine to glutamate, playing a crucial role in cellular     
   metabolism, particularly in cancer cells where it supports rapid             
   proliferation by providing intermediates for the tricarboxylic acid (TCA)    
   cycle and biosynthesis of macromolecules.                                    
 2 Drug Interactions: Several studies highlight the inhibition of GLS as a      
   therapeutic strategy in cancer treatment. Inhibitors like CB-839 and BPTES   
   are mentioned as potential treatments for various cancers, including acute   
   myeloid leukemia and non-small cell lung cancer. The inhibition of GLS is    
   often combined with other treatments to enhance efficacy and overcome drug   
   resistance.                                                                  
 3 Disease Associations: GLS activity is linked to various diseases, including  
   cancer, metabolic acidosis, and neurodegenerative disorders. In cancer, GLS  
   supports tumor growth and survival, making it a target for therapy. In       
   metabolic acidosis, GLS activity is upregulated to facilitate ammonia        
   production and pH balance.                                                   
 4 Gene Interactions: GLS interacts with several genes, including MYC, which    
   regulates its expression and activity. The MYC oncogene is known to          
   upregulate GLS, promoting glutaminolysis and supporting cancer cell          
   metabolism. Other genes like TP53 and STAT1 are also involved in regulating  
   GLS expression and activity.                                                 
 5 Metabolic Pathways: GLS is a key player in glutaminolysis, a metabolic       
   pathway that provides energy and biosynthetic precursors for rapidly dividing
   cells. It is also involved in the regulation of redox balance through the    
   production of glutathione.                                                   
 6 Therapeutic Implications: Targeting GLS in combination with other metabolic  
   pathways, such as glycolysis and fatty acid synthesis, is suggested as a     
   strategy to effectively treat cancer. The dual targeting of GLS and other    
   metabolic enzymes can lead to synthetic lethality in cancer cells, offering  
   new therapeutic opportunities.                                               
 7 Research Directions: Future research is likely to focus on the development of
   more specific GLS inhibitors, understanding the role of GLS in non-cancerous 
   diseases, and exploring the potential of GLS as a biomarker for disease      
   progression and treatment response.                                          

Overall, the data underscores the importance of GLS in cellular metabolism and  
its potential as a therapeutic target in cancer and other diseases.             
