9540874
2354342
3770412
3962717
14976484
12616379
1264465
12014759
15053311
10443909
11961701
18326931
14552253
8891846
15911961
14638348
18332970
3207071
12845956
3375232
1131000
9174031
1858745
10776109
11281178
10759616
17577466
1684152
15305996
8568339
2553246
8881049
11782577
6822809
11130147
1646462
15788889
3749798
16572899
3055077
3994178
4063750
19139750
16106939
9298383
1308537
15578144
21375850
21291113
15722992
2952160
8544550
842985
18208736
11107059
10803693
10717919
11868102
9591032
19422351
11318528
3772578
7459628
17575947
21042802
17986751
1395206
2281353
19106767
4042261
12860326
12455798
8292477
12789072
10228779
19630119
15671975
8996061
17356842
9058637
9621857
19245077
10879081
8967195
22016067
11677646
2172588
9481068
3201811
9027654
2593393
15340246
15571023
3288591
21113288
8264683
21436740
2485505
2805998
21150408
20616422
12092866
12073285
16954926
20084799
18820877
12802649
10885249
6301354
20963404
19844107
20603093
18647560
11822367
8191359
7035050
10723659
8374097
16984622
21748624
16025008
12465401
9692832
21920915
10412601
2371574
18351544
7880776
14571761
17007006
9716001
7524787
19023172
11777136
8963882
639657
16506372
12677266
9141824
19530046
2050374
1006758
6845059
21316317
2684121
3884482
2263363
18525187
21141249
19091098
17984615
15782980
12799897
15618831
12799733
10832676
20818113
16878095
2228688
127699
11883343
8139793
17211668
8767248
7724893
10982637
21607153
15082584
22041878
2002993
12021905
18019680
3347437
20813482
615781
1405958
6465434
10432051
10616773
9681426
16137592
936031
17059157
12078455
20545030
15730059
11984154
8884330
10829526
16821670
16294286
11400800
17633861
2789735
968374
21274025
7638565
17418061
16053179
15800686
8489817
19890196
18693615
11410789
20517765
9849061
22120865
1459525
1888833
11813618
17586956
18850105
3204683
9510264
1447988
15495287
21773901
11905191
9548613
17343141
19243715
1116671
3519348
19663903
17885286
20825629
8898431
9045535
9802450
6154855
7230284
1866319
7743307
17581264
18835766
9173507
16260014
14666821
11493511
18535776
2186982
9498977
16858550
21915383
20533607
19143059
9811150
22058101
10359195
8372592
18475353
18031384
11507368
4032766
16289570
17031128
7351193
10436801
16036524
3071126
2147575
7587812
20209691
14746158
7577785
2314379
16022478
15127274
1703975
3553314
10546525
15545958
8017156
1843239
8251683
15372284
21161315
15533231
17685216
6451496
20052563
6867795
3992163
22087129
8224642
18958536
16616348
3375558
9855045
17135989
19615269
2295475
11065259
15916618
2660509
9822363
2858846
3371627
22066092
21911993
3607987
6884816
19779777
18677456
20529485
3301521
7674844
2000535
11213047
15368117
8645940
19508731
21929754
18972552
18765063
21999858
14767741
14609042
12107780
8468829
9840143
16841590
453727
9076435
20037425
12447312
8908581
18249507
9950133
17802947
10520839
19563187
15023166
10974759
1813247
7078859
17373920
21603033
17785133
22024761
17969495
3511956
20975463
9311282
7739589
20694465
1776793
12411130
9210631
19537127
11941972
19877974
3192916
856671
2335603
15651544
17450098
16897271
8919318
1272546
22072250
4009519
19568577
11456404
7339355
14755364
10130761
10532128
8640025
3413464
16177555
361141
17509102
20220269
2492849
7742002
18080226
1907060
18617765
1939756
17132925
16865791
3981809
20806988
2919581
15666611
12616434
21196730
14618519
11269000
19073402
913374
2660563
18719512
14716956
19436288
11885506
11521187
2801598
2148722
21965162
16767932
21332246
21156071
11876248
11727114
10360226
2691560
9448194
17710373
19588286
10565617
4022419
6200420
19458468
9033837
8079933
8133841
2079468
19266609
21869559
17406153
8104048
18377794
12415355
9860425
2763823
1505822
16098003
21319037
2909442
12966203
590051
8536826
3890288
19690869
19691773
16321328
9298387
8681754
20922192
12731258
16676856
1551533
8365594
2425530
16610026
2689128
11727196
11285953
6973446
1950063
3860917
19367269
11464614
21267701
7272855
6623332
2092022
12487881
16911950
14988373
3168947
21084825
8426729
6497310
21857875
19922896
19247205
12658412
12242740
21829616
21386651
3592306
12043211
8873010
11972102
18987452
2325051
11242496
8639058
7486376
12030957
12031391
1773922
21224600
1611967
8799412
18973643
19710957
17948190
12934547
17826248
11432616
15864386
3552381
2515787
718294
9580417
12696193
16504586
9921945
10075296
3817583
11455477
10629469
3540542
10080155
20382596
16186667
20181172
17695304
12244775
15205994
2185962
7112399
7140654
7684883
7749297
11109415
20472097
7333921
19718539
3149084
18547974
2445947
20084576
8436066
12728385
19080231
21575540
2183592
17204218
12784709
20012328
12658414
18836281
15098101
9030026
18652696
15523806
18489739
17967181
961322
12471732
17383848
11759893
1928050
2342020
8382011
21174583
708242
18254473
12197293
424937
1544334
20551662
16175948
14700155
17659719
7244598
9219783
12942294
19224070
17147825
8000521
3529380
9520809
17294907
9695388
16678649
9380377
10746419
19916704
19239719
1691802
19268906
8816873
10469399
15768458
8054528
8587082
12494256
17661248
15372453
3693981
14770323
17701913
1265440
3589496
19126231
19187535
16678641
8459151
8797062
7810150
7747835
18679689
3544187
17009613
22041318
3735037
1360306
20582503
16432995
16714888
9487294
9845599
10752329
14625761
21150405
16438731
2759488
18166547
1381854
203738
11768262
19501199
6348352
10759620
12422349
19834301
9934741
10078831
21510289
17095848
9990257
15897637
1928982
11564000
12061693
8778536
9363673
15908770
19638966
20095883
21249412
20013345
12055664
18619079
6193653
21841771
19409093
17944676
19876587
16273658
18704208
8272018
11121906
16001623
9890080
17372423
20132914
19208519
14714167
21720094
16646571
21224682
18075960
15864174
9607531
10555426
21393903
17175476
8844485
10572905
6107417
20650452
10940267
16010248
11347005
20065559
8301491
21368502
7436142
3799894
19382046
15742926
14505135
12970821
21800189
21490841
20520740
7555462
15029012
6748395
21552441
11284782
10367636
14719455
19515193
21365890
19526942
1505493
17914976
8965380
8792302
12021980
11070413
7975786
14528384
16092308
6365007
12239771
21904074
2682862
159228
15106630
8321435
15868078
79226
12667322
3556987
11941931
17161188
15940020
6106097
12447963
10435379
14688843
11065052
11353978
10382333
15029414
10998880
18332953
9037223
19173818
854724
11287989
14671174
21128329
9584472
10672405
20225180
18762963
8871447
10460991
7761732
592058
10917586
17659461
1646678
18560968
15290403
14696433
22028722
21712979
20184685
14627529
18333211
1392335
17645612
17161189
8712619
21066886
19366555
7134940
7074431
15749977
1467317
709471
19220681
16673749
19957001
1950049
22099501
21137089
3283265
17519838
17064621
2787819
17243879
16766116
1565887
9222671
10710251
17652547
11100529
17536560
7618070
21222373
1955115
21095485
18167432
10752787
18419977
17894160
15354277
2979286
11337920
20666691
18604142
1506051
18031981
16913443
10688389
12872896
18704205
17228135
6236965
8023606
18578871
16809891
16394880
15330922
14627332
18031389
18035298
8751206
11995499
8079107
18310972
12884105
6271517
9173432
11995454
4037547
1635145
17062444
12448396
14655070
11603574
19945802
20487525
8191841
7129052
21308389
14725102
857768
21186969
21528087
8220959
637722
4010675
19238215
15853226
2046772
3361544
8979053
19143909
18159193
2403654
3458443
16286277
15580542
2815309
22049042
17052565
21419023
19753645
7446211
8342341
17727179
12385458
2287859
16248136
10484020
13042675
2625724
15217138
19725434
20035583
8023605
1414741
17060878
10554424
15113313
362897
8932619
7177121
21713741
16341383
17456319
6451495
20955630
15527431
10228771
17380286
19261101
1906354
14501371
18926454
11669594
6661967
9504900
2392179
17653656
2368790
15025371
12027798
11766077
15728989
9834496
21679293
8870328
7871377
1445167
