16020489
20353024
18006379
3575453
22135524
3318450
21965781
18394202
17971200
10052546
20179693
9252843
8288479
20947451
16322131
15191504
8783972
2015011
6775684
16142776
10502967
17507794
12969083
19277788
2668325
8932499
16898607
11570936
22087098
16389016
10881255
18303290
22069961
16042910
11249510
7570495
8870008
7718844
17126254
1470188
8472526
170051
20690532
18782445
17709024
17101371
19446152
16149153
17991338
1845927
2486840
21718486
21607216
18269529
8420895
7432313
1753511
21831267
19851257
15015257
10365854
16902729
11026857
15676150
8233271
21120833
15074397
19944196
20045700
20607264
15954549
16394869
3663447
15097043
19026580
8296553
11537400
14905285
19444393
19882056
20495637
20364575
9642996
18488238
15168067
19084439
18166643
15447969
8011407
16620072
8665383
8068423
9828943
1516889
21586252
16194646
3040027
19931416
9749419
8450825
2244700
21186413
7512905
19760385
19066939
15512601
9825953
17274030
14973675
21722785
20011355
19081905
7143795
20795967
12184136
3975430
15196085
12783352
2191938
1920837
17321264
11863101
1644344
2694836
21989340
3699119
9589342
12080615
19688074
12189741
7993990
21257902
18263881
21488201
16507373
9509181
20391980
18848843
12194904
17848750
15720589
10823638
12313879
18192570
8083110
2596840
640336
12904901
15025370
9259128
10070054
11706925
1542832
16753692
15989812
12145584
21812959
13680499
20021691
15279358
3856940
17516381
3005692
9468255
8091057
20956910
21546705
12360039
11987681
11680942
9481196
20014463
3061606
12019576
19071970
18354752
8112185
9827742
9454366
19366072
20035327
16719198
8290919
10438896
10688712
19856667
6744283
2590096
3878852
12637857
16616348
14696489
19747789
16253054
2347462
16125609
2008659
320865
1828507
12962947
17884961
9290476
9158047
21040152
6659560
14716521
16410982
16633101
11364907
15818437
15794699
9403274
8036468
20719715
9085179
8219434
20037271
7741080
20698941
20191871
2089233
6644689
7580778
7628937
14689043
19517060
18854663
8734465
15482032
19137119
10556404
3713675
20393877
19713439
4622783
12783702
851107
11465838
2613575
18461455
10477248
17312654
10696292
21240181
18751874
15934628
18791624
16176212
17090282
6406309
15336877
10940707
11347724
9116955
19585728
10320158
9010612
7588454
11458612
20678686
17944143
7025336
15361985
401699
11260304
10518957
18021975
6525596
997539
12021699
12347310
10926406
19010248
17220798
18728719
2234150
15144910
1871500
1646485
21944909
16978407
9530549
8188098
21904573
12467318
20555006
11686226
8104048
10201479
17638161
3887974
21397437
16377646
16774180
15622735
17001917
7673422
11371686
21381411
21407108
16834859
3932097
19303541
14672515
10586370
20184969
8167108
12821345
10547242
7986965
9120904
17889175
21779124
17533812
7497594
7425698
17272220
396056
11395549
16501861
15768206
19434690
22026400
12673452
10333820
10325738
851110
1927196
14678541
19271117
19066719
6335929
21392907
12570171
15596305
11239551
10209850
17503215
15814399
9031612
19280216
16610012
16898629
18616658
10774763
8200557
12620565
7709383
2879656
10809980
8667057
8917128
16705839
10836644
21977139
18258750
16121885
15205994
16133626
21996212
17405617
12803689
7684883
16187715
2920081
20505532
7250783
11825104
10330805
18430848
16184844
9891197
2084864
12781504
20138443
2167608
10923355
3808543
19259368
8899667
10507227
3839600
2219108
12428872
8154516
6684784
10509845
16782530
1632333
11273320
8576885
3893778
15704663
19590736
16271063
15761986
21528492
6507417
21769655
9446911
20209709
20671922
19949686
16750454
11099056
3343015
2661194
15278377
2487074
17036531
17590814
17066158
16184932
18176318
21077481
18466681
6511168
17883062
2305719
7809344
15727081
15568300
15098635
16979443
17342402
8055378
8655952
17054468
19490470
19296253
781234
21969901
2959426
3820008
18775020
10090136
14978371
8128173
1904357
19317172
11273548
3189983
2309585
9201614
19782302
2881461
1958858
8064383
2403751
7797837
9564269
2377963
16500786
12079144
2960478
2019537
15751642
10992817
7825223
7558391
20493485
6972163
12702053
12069465
20618738
8975528
7941802
1609484
1899636
2540369
12426613
7082953
17711514
10463513
20592983
10732528
15648553
9114960
2694740
21973136
19051942
7567150
19918513
17881930
17520224
19476658
21119271
2598550
9574754
532574
19533819
16784468
3952533
15350388
1980311
15839631
8572223
136198
19794972
14569488
12190841
18041687
88184
16344677
16048569
15991679
770159
19373169
15038690
2316487
11114772
22071833
10078168
17659461
19317273
18806146
6253339
1955120
15247176
9395371
19419919
15515592
10637722
11401133
2477926
2102980
11790438
11446318
19756029
21084052
2408466
11545199
16446329
17183760
8455334
12004956
3757706
6751300
9073140
16850673
3684405
15549778
17235583
1624352
6635761
17678542
7653039
12233297
3578655
7671647
8693936
3010248
12411093
3529788
3661591
12874672
878533
21823526
11794701
18414944
16929155
2050518
19288250
8724019
11525032
3738609
9886183
6151882
16769268
11595413
20020390
3871564
9348389
12518131
488025
12467281
8310854
17906842
18758230
10809243
6202585
3204653
3473639
8330654
1814877
11869741
20199180
141510
16536278
3771743
2846030
20375645
6676146
7797821
1465286
8957043
18951041
16148996
8116558
21046476
15886907
20351959
17207288
8463453
2308252
1329618
2261369
16539951
8052343
7874278
6892189
11317159
19994808
1343917
10364022
10352913
6876371
6727564
12235538
7422188
17062136
1949969
7732193
15297391
17297270
18181310
15906919
9681535
19771270
9457217
9382545
20095376
8578166
20499403
12522523
3311439
8972172
15912974
8621320
12041601
21497150
7013725
16783456
8203706
7787331
12070583
21332349
3343846
17556907
1534107
7768132
8185395
17389169
515485
2678346
19341208
7021673
1177236
2200620
2023289
20027806
8547737
19149905
964980
11045134
20608070
9310729
15460175
16842048
20438908
9535993
7603692
16485216
19270481
11762740
17988000
18086631
21986362
18293699
15938224
18702346
12512825
19023172
1810043
11549828
20509819
8413000
12392612
10859092
2170475
2530548
12239917
16137998
12941130
20817601
1889724
19663087
8978343
21847262
11287988
8217928
11511562
12832738
3468278
17968998
1928558
9278222
2546205
11787755
14584305
16393627
15334003
17476089
20090446
3961908
21046157
21972685
20351569
9556693
10815647
21798022
20818122
17078006
3481955
20646432
19283428
12165941
9322177
20010158
2066158
9336119
1885341
12233290
3661515
15562620
18469444
3554925
19059151
20448378
15235136
8160169
20963449
8615557
14511303
10923145
21059248
10707895
9161587
7645105
9550775
16296586
1900973
3140748
6085004
2330564
18790258
21960763
18810930
7064084
19093201
15334896
16610258
15934258
10225702
16981269
19270814
12077637
17698907
18430468
3923747
18194598
7228779
19573830
2115016
20925254
17519069
14763198
14760484
19447653
20577612
9366311
10682086
15599206
17713102
2007218
770226
18758997
18947463
1293053
7653406
16780063
11225221
16913447
17095849
19406461
4050635
7339424
7741168
17417070
12341464
8286828
20563735
21160630
11798911
21350322
12870379
19373299
16139458
7442334
14767328
12236417
1872661
11270790
9072505
17613927
20339990
7634942
20357530
9704695
14989436
15847674
8359604
646911
8810023
16520933
19573106
2837304
9146780
8504845
19830078
12358055
21904205
10533304
979849
10599636
21168716
10780198
16128675
20193088
2254150
9930391
11227957
17044480
16968193
22091221
2096051
8927960
10022169
15335408
16925812
1395339
19098860
9315401
21160898
22066085
6161804
8459975
21540612
11599653
15387326
9747776
19857680
9455823
1864530
15224201
12474069
17264340
9849764
9196478
12560761
20094105
21309503
12224145
11335776
11980195
21087535
16133706
7124
21136242
1687404
16041543
11121915
16691573
17095894
14622754
1683396
17341571
4039408
19241940
8820041
9672340
3178600
1938714
17208139
16321328
3565282
18942301
21340264
20306743
9525086
2454635
20054408
14763060
2977060
15309279
7568861
3189343
20431369
19998528
21969161
9540880
12492200
20596878
10435557
1804594
12478012
9774880
17353700
17966299
10743971
16363659
12101856
15892675
19736544
20535328
7310921
8513720
16491893
8571716
19360910
3922056
12184349
18299710
18799501
3260168
12181733
14595520
18279865
9200285
8593127
9096917
1675882
17139989
18544294
20559659
8331630
19337616
7887638
8889275
12952509
16681858
20959010
20472097
17611764
15266131
21135704
8373210
12572187
15235207
3542945
11336436
21704726
6467170
3535814
14691920
15823220
17164969
12894049
21781756
12858237
9805679
8511547
21377854
2488388
12873099
10493276
16939070
11325005
18837097
6153165
6595958
2150551
19077476
15991886
8689210
20117742
7224748
9524891
16952592
19234944
1980668
16121875
19391348
2311454
12889506
21974945
20445328
4076721
9096993
4061965
14999430
19882913
10546150
20598089
8009497
15518782
12902876
8868383
8752609
173015
11235189
7671099
12938272
20026896
11504519
17139440
18304549
2530544
2800271
21611947
11564007
18376245
17682545
17326131
19829995
2126147
16673315
11939466
16921885
8581812
6787224
16232230
19151451
21195910
15739078
20333796
20298796
11506256
7804477
16305729
21661436
19829910
1325094
9166345
3425305
4279075
10149765
8276503
8548873
16336296
8080290
1486206
18578378
1653139
20386108
1761453
11289391
17657838
11407527
21777533
19354103
9600497
19734108
10566708
11007125
15768452
7902117
2295848
7471076
7995212
1556843
1701343
20510833
14570737
9417599
19637785
7931648
11443574
21897799
17874359
6276972
21151702
18817051
8443313
12255253
18248656
17696242
14752676
933332
2815322
7091927
19157276
20403503
21766037
18251297
16437703
8001625
3938090
18985821
8273637
21428771
21368659
1702151
11999815
17064621
18617379
21415091
9427489
20009114
263520
1430980
7941627
15492602
3392234
8940796
9351571
12122601
11578711
10468878
16632789
8355846
9134823
8951490
3897591
21814606
17934843
8085399
12008788
7714688
6113021
19423248
7821097
7049212
11991507
2413530
7187541
15206545
16153543
10462650
14627192
11854925
12051574
11876024
3987641
2220739
17253916
10490086
12396224
20817576
8565773
17762788
10792486
9760007
12822680
15648986
17367232
1623835
1130815
14971993
15992091
15069626
16235580
7552643
612216
12864963
20605150
11566171
17520970
1654200
17895895
20089163
17990605
22096723
15323188
16706094
15828448
18592329
12352248
20622706
19859052
9158042
1283664
19073655
1729506
