17318332
22036862
10477647
21612039
17617179
9526816
1403775
9015065
19430093
20600017
20042973
20432253
3237593
2172629
12235465
10190517
15453926
17679513
18369681
16871541
11879779
7085759
12600961
19476988
12602824
12601354
16856620
20722883
19846182
18987459
7884149
12465762
12388137
17311203
8044665
21071497
18811677
10831269
11495041
10828277
17958525
12960499
6120119
10388502
12181167
21095482
20661022
6698365
16842318
21618696
18317763
17507286
16829063
7966440
10322762
15072764
14567436
39098
15447723
12122357
12394372
17928968
11555188
21151916
11330775
9661693
17538965
21925846
8629317
19226377
15466245
19754913
15810122
16953062
22027252
10522037
16518292
21770795
15131106
7084802
12053115
12387313
20194702
15036192
19676126
12564724
18184382
11053557
7862619
3764938
19037801
8778197
8501318
15732019
2633913
1381002
20953423
21736623
9197371
697143
10221824
21740285
10594203
15913876
6121082
19560384
2985484
15902669
18849011
7028482
2210247
20345884
21208101
20558842
10833253
10758413
7761184
20028013
1685926
9498464
10444555
19064019
21584942
19833836
7986944
17444858
8071535
9495876
21783417
19517110
9392456
19451025
10990076
1851402
19228747
7694850
11339912
7489059
20177362
