20346412
17197761
11436972
9486272
3154868
14670290
19393846
15745376
11180
680796
13651954
10627898
18357358
10229756
18975189
16821454
9142717
8773164
10674526
20661919
11486382
17508681
15025404
10928395
21237654
12217399
1138781
20227487
12411719
7551207
17331861
9555622
6766121
16261809
2241586
15918281
12169742
20807654
2445504
6422508
7012025
1901692
11419701
10726327
18596590
18501039
6208967
17598940
8120270
19385342
15730971
2153062
3615139
3370187
16043023
9777717
3970058
6319726
15469377
7728690
8707440
3608232
15960291
487921
5485147
18780950
8226405
9521974
69052
15488089
2007951
19869646
17443842
10228298
17620826
8729672
8164759
2792753
6116175
1123602
18186867
11995252
16881566
10827811
11280073
10772433
12784918
19111230
12395173
3551414
6480432
17651152
10651780
21253379
19812013
19508371
16197472
2872037
8971739
15904733
12170245
8092440
20589183
15569280
12609647
17442421
20634780
17119921
8544294
11362995
6510224
16967637
6433051
5413289
15606654
11298029
1708730
3537644
18639692
6939347
16301808
15918279
17578261
74225
16943259
10728946
1554848
20921907
11850010
51109
8938281
7996065
7681279
9563396
13685194
15798144
16285177
21879669
15630155
15876315
4034989
12012792
9499530
14580226
17126012
8630839
139248
10664931
22092134
15749855
16304464
12607486
12212879
845989
17360893
20804067
1894531
16251255
1527338
20519892
9027435
21329873
11590394
12952113
6165704
8219931
2469140
15879731
3560442
6715733
4352867
6240741
11417850
1871950
19322221
16101941
20181047
18241904
10559589
18458556
1707334
20518256
20229759
11371854
9233902
3363913
18727557
2565354
15200187
6170242
20069136
18034513
19556418
21535179
10886702
1936900
16204936
18985095
3383363
11388645
3947443
20544866
17517098
12597780
21830178
21785119
1914291
16909694
19348717
7130921
6193303
6455280
791476
2610439
9376083
3305090
12199907
17373969
7526665
732670
12703347
2534375
1502713
8961666
17029063
3751347
15924506
9058685
16427538
16318993
19385164
7804964
2423675
12715134
1455214
8859226
9066325
1294076
3396169
15238797
3593052
6191733
2106757
21881034
7950288
18264687
15765991
6736485
12392389
7691882
15147443
17982059
12372998
621346
21277625
2232133
12144564
2908091
10378992
7011530
19663126
18301978
9066511
19694603
19011789
16264000
20880210
12546343
11055561
10329828
8245192
17888960
8090628
17042133
15931531
9645279
8168248
1755135
10771203
2025306
17317619
9866624
1804686
16929885
67387
19188243
16132366
3950255
10731856
8161670
21659860
20974317
2256462
15330011
13685196
17694290
10093118
11755324
18759308
16689179
8152904
20714449
10442531
8195677
11258697
1864009
6711758
16035488
8857109
4031322
21572992
12173271
6187425
19925488
16216188
3884178
9039714
21809595
19019620
16550744
16197479
11568690
17314746
8381836
9949325
2029351
14752340
10733940
18020527
18654752
17908228
19240380
1788618
16945455
17131700
11220985
9295891
9987254
8393096
2781510
7065116
15650314
15238800
19082920
17651828
8391794
2319023
19375199
18690945
9669214
21933636
18771485
15128315
16231774
12722969
20153947
9394525
3545244
15830789
3411793
19689457
15299161
7188700
20460351
18234056
15753913
2005317
323387
18922636
18612893
19446867
11298027
13278455
94763
20709432
20543675
17161317
17249542
22014924
18457729
16950967
6175586
3501773
3515528
12768
3977421
16856078
1796776
9817182
12419650
11847948
8665055
20529796
9621664
7696719
239118
74224
17458438
1361849
19628423
10439663
6189036
2483312
18358585
947335
10533009
16819170
12583533
6928016
14564171
3559001
21477183
3544937
7533037
6208742
16429000
10492506
10547263
2589493
18092294
2046428
1692987
410620
9852751
15041611
10895763
19482364
17550005
20351275
12456938
2800013
19462349
7741205
21149287
11015520
20686074
3668117
8355045
19066783
11527071
2691224
20420137
8031430
10641983
2008714
16913272
9543704
7564153
2604661
10597763
8759756
21397472
16409199
1258884
21470366
3720782
20369852
8918625
15819509
1703727
6510518
8871741
18619076
52214
18328841
17276975
17061910
15167034
20877172
20413984
18466432
17660863
12926104
1130530
12952116
12581979
60078
1764720
12629830
2951556
19385161
2707888
10452764
20960905
3809467
17624252
12777599
7560656
2433354
14963968
3988169
19707378
11793963
7844336
21696708
19804438
6107058
6179173
9547335
7537681
10887318
16996111
19344285
15385044
15041734
2431695
1770579
6776037
19535703
9574891
724275
9063545
1512077
12170240
14611709
1957523
9636814
15473458
8768173
10394098
21255036
9586567
9042094
11503318
8959543
16506111
21435004
16771742
11420030
9738308
1500630
8296376
11797470
9185440
20560905
20399988
17699372
9806108
20606742
19672097
18990520
17346392
20121769
11570623
10435479
19438583
1961323
19299321
10575418
405315
10461319
19123442
20524450
9585309
8064067
18172172
4074474
19868126
14676449
3558735
3052490
9337902
18266861
10624495
17823539
11849642
8905345
3782679
21189862
1155131
18077926
3964456
1595846
2374895
17457388
1957142
8626982
19869881
17622514
16364168
11151543
9144520
15813812
20560391
91587
6247781
6745809
2068466
21746972
10697260
7379181
17356297
12452201
15702822
14629126
10753539
21361714
16936149
13472468
3919618
8070071
11103851
2879797
21633544
19130582
21752263
14979427
10893011
321794
20981399
20525136
20055082
16476188
6296962
3105556
629482
20617862
11060484
21626263
17536222
1487342
10545771
3044467
18681944
15626002
17448329
8153960
2733617
19557358
19533440
21461273
15328672
9332691
21289327
19870558
12037398
9404570
15908732
9494448
7511449
19076009
15206583
571196
3078523
11406734
9847445
2197008
19733592
17409703
6160766
21783570
18252001
14989117
15495639
11558312
10513608
7419289
17714550
12847497
3088925
7582425
19069018
18928691
3564486
16867049
17116446
16784015
7524159
8504897
12901407
6361034
2606926
11030527
10571636
12190664
2397798
2341200
9764873
11921931
20667044
12124510
2444000
10084291
6711916
16801848
2817533
10215242
16387605
7867214
1226654
6448822
3491335
19097966
12387435
16433215
9501382
1632288
12419955
15589352
3785502
10354013
8238797
19145937
15576898
10333112
11535304
10520065
17000208
12653166
7632047
16597088
10580216
18691309
22014932
12074804
18467250
8623140
21243786
8708368
8658278
10443298
10619347
16167803
20329602
20548131
4027870
3544344
8970444
11958742
9438484
3942360
15776067
10506705
12947534
7998661
13952224
8798307
7837407
2304580
17436654
7549503
2258044
1103274
11195750
1450215
8814404
17093379
15497786
11930477
6693007
1528607
10084772
7734264
20386279
18523267
10319312
7909866
17265905
21058959
2696247
6952213
20137559
8345683
12766258
19946647
961994
7541002
19432302
18714540
18535847
12717087
6929361
21235631
18467251
19609960
21597578
7916299
18838753
15153122
16950947
19124371
2408319
11715387
8595533
19868536
2438451
3172292
19052683
47769
15765735
2473621
2871956
10541979
19868454
20075535
4082261
16154669
12865772
1639104
19036137
16432253
15612143
21430437
20171586
10808097
7998665
7962029
1541530
12622746
7915124
11948110
7713162
19022616
18503695
7835794
3080048
7510461
9329600
12776412
10823122
20835305
8842119
8834830
19868873
19494524
2735579
20642201
579334
19050375
3397376
15208593
18513110
17073874
3147004
19669957
11503792
19335806
16901609
11154982
11571519
17397469
17338896
14768408
11285683
11903921
8634883
8759382
6333715
19764942
17696583
15043565
8975972
10451138
18322960
15321124
19071189
21648230
16200184
18696155
17217102
1651794
20079974
9556577
8846419
7702185
7583850
19359725
1441684
3219835
18491841
8378620
7171830
692059
15837712
11898007
11558642
8519279
1971092
6241137
19515028
6201448
2524123
18258154
11883696
6540829
19877507
2860828
21598724
17923075
21933643
16829194
18210361
17669501
9569370
10998019
2409768
20357735
17849482
20393176
11352546
3858789
8095732
8122490
8299394
12674041
11481360
706536
1710442
21808856
10522138
19650152
19895993
17327992
8379696
10723531
12286999
14401672
1861680
4077911
10381327
1287614
17620830
7873064
8765858
19867320
18657081
2458450
15733315
15526917
20371212
21212730
15943598
9803464
3897344
11814281
8877159
9580075
15481446
9173400
8677185
20856110
16784247
12841811
10526567
18795922
15321593
2058819
544291
18481901
15859366
7556787
6377216
16924517
89621
15190957
17499313
8027499
21545979
20234160
18594155
6547704
3014844
19474160
9244730
16650534
387223
10190051
1629497
7270986
11022272
21975843
6104786
8087659
8970438
7536160
7747293
9254123
21624619
6687987
12904101
1358629
11421900
11011630
11092217
4042441
19748978
11235559
11465586
7538765
11440086
8221452
14633776
1120616
17519580
17998392
8184477
8156444
9684528
8344718
9642842
19653439
19050247
10231703
12074414
11996482
20390241
1998791
10922250
6193750
3257365
19372338
10346769
9576225
12499660
18581184
2600322
2595702
21961957
998440
6167340
1981969
8416344
9562148
2409767
9357376
8971594
9927834
18430208
12180589
1612929
8652081
9033929
19476020
2688327
10417462
15175144
14702836
12960536
7811209
10972068
17323864
18206108
15573295
2468689
20681769
8970433
10410918
3331101
8999498
1977785
1937914
10758692
10427657
16113853
9245064
18717054
18987055
15374983
1477573
20842900
7460260
8981281
95469
1426806
21359249
12835479
367129
19486033
7012410
6185010
9777536
14582821
2748916
329934
16698868
1980855
7816241
11963614
17466134
9926380
15178500
12602676
19797882
3608299
8828021
6479819
17341033
9011165
7915442
1701618
18979309
16504916
16377549
18552412
15114782
10887321
16011869
14632354
1677795
18562336
12743580
4343934
11520416
2864026
1481339
3556774
18798439
18467173
18268389
16964477
2638654
7690201
50854
21277530
7105981
16100445
9275426
21244488
12558077
9524526
10730171
2781557
18609208
2818215
9274988
2805462
19870713
17567266
12546616
18655732
21175656
12959385
7061153
15379395
3613081
18070164
7604940
12668894
953350
6229874
20957460
18287437
19793057
15825693
14679062
4093127
3947191
10746020
3682857
21093029
15976222
12789243
2142588
1371502
9338535
16865410
16133629
9681309
11908812
8495242
16634548
1692064
984586
8340033
7991396
16131284
7144023
3366060
6198508
19409603
17212734
8537102
15188079
8400230
16287551
14570656
2233754
7900354
10024225
11132467
11988147
15612142
6352614
3091534
19768491
654375
3292191
8471185
8687151
12109787
10212719
21348251
6614409
8439096
8327649
18455633
7691234
3979422
11031346
2864946
7529781
15229401
16816003
21776913
14607997
21714318
7870212
1180427
1158008
12717603
16076304
7834326
10779307
12663331
4061973
1943635
17404254
17441788
8292902
7315394
19346884
17905892
21781258
19507303
709786
16880193
3815140
21481022
8453098
16805415
11831445
7997301
17932787
2133841
7065205
15239726
2291986
10518836
1716064
18005041
17999042
11314921
7007996
3295549
16034548
20143649
709910
402298
9703202
8268454
3257463
1949941
10572516
13685195
21632914
18039522
17583104
3398068
7680234
9312163
8983470
17488833
12895638
37961
7793199
3034065
8426956
7670265
19667059
6538363
17663926
17542244
3200185
8507811
7633073
20698299
18089406
7974507
22014927
3484388
15221548
17402653
19442076
15118922
6748158
21645030
18811577
7299004
8002745
239117
3825357
21564503
311413
75958
12626588
8108244
17461712
10871736
3210651
10084337
11856440
18518745
1485665
15181405
3488950
2074636
2578493
17996286
9684038
17601275
3887196
16219896
2692928
18824031
2621788
9270867
16965364
12201901
18649066
7710438
10714971
13940786
16944610
16876974
7959975
18020598
21277563
14662223
19418309
19356947
848868
7830644
2280795
19925598
19869422
17715178
8640468
21865494
10150356
17764559
12639172
2206923
1355732
3538922
12589356
7141094
6161594
2869463
21339422
18034981
8006319
9612754
6685991
19346729
11456363
18637187
6131021
8368468
11086833
12540605
10735644
20339639
8186795
21215547
9759804
12141121
12776446
3122141
8308177
15025132
791900
11724099
9824182
20842899
16916722
14763241
9027436
6204946
19520099
8413697
16751008
6157974
16819169
3488778
11562667
1687591
20502170
18388500
20556779
19188909
19377133
8444568
17963623
17099300
1247342
8789974
3097814
21130384
742273
10088645
2450712
17513753
17670505
15152528
16430550
15720998
9015522
10382863
20635682
18596593
16669146
14646387
1581132
1635122
18816305
16413812
15637565
19322620
10975871
8473675
18987464
17493505
16883111
15727584
20576435
11715597
17910334
15777517
15055559
1522554
18274569
11130145
12462491
7509380
8821889
6698459
1354927
10923609
7687142
12860065
19217731
21083038
9011690
11435731
4043997
9291286
20937061
21125346
15207963
7331888
6488443
1700248
20519884
2632125
1736919
10931122
12040289
84487
8252632
20935398
2479221
10103342
16440530
28295
4081548
10552469
2408472
6113552
15515300
2416697
2463644
3031698
7875971
16546324
16783200
12974192
12646125
1957567
8407730
18068141
6166052
7572543
18651413
18692471
8703315
16599241
3041635
3654011
7974505
10473179
62489
22014922
1281720
1976931
2408514
92457
21247220
9083759
6689974
453786
15172259
7556795
14616317
10065242
778345
21598723
21258234
12118779
2405040
8880210
17114658
22037434
19895992
3597862
21195576
12773073
2120771
10527678
11377162
7003508
21251954
9229552
6380859
18717341
8509577
7897302
15807733
15585446
18336155
12204988
576692
11680220
15025392
11207467
15953569
9112969
7123233
11837066
19417117
16729754
12653027
10544783
6173290
10067025
1526518
7567573
7741199
15919240
11855873
2735517
19868574
18081836
19041557
8275407
2245554
17601263
17785991
1235136
6840972
7913249
50336
16490849
12921308
10666182
6533100
21212200
7295137
8527313
8673688
18400801
20571825
16047720
15456629
2005505
9265990
17591600
16453965
10761213
20580186
17323538
8556556
10905682
12221861
19689461
15898831
8917332
20519878
11370298
16763998
19560802
12143432
22014931
6732261
6493430
20840449
18468822
3383448
15060259
60282
10858987
20550459
7484432
4101590
6175241
8339472
2247255
6836367
10881694
9694104
21364308
7435919
19870151
3677371
13989937
9797113
6193669
8475630
17803583
3131346
2464060
8154013
8852409
7851140
8853068
3495941
18378022
14564361
10478615
12237253
1509987
19093370
3262991
8655894
16272824
9888165
12209105
5879
8681563
17035274
18710705
11760482
8436305
12139598
7582335
21596197
1822594
19309248
12669901
10486634
2492816
20553089
565379
20128230
11816253
4075312
2029151
10536561
6465179
8346864
16682480
7189735
15983366
20083183
19454566
12891313
20620227
21267406
701662
16938256
496690
10200022
21447967
19171764
3223642
11939928
15851874
11218835
3229624
3552581
1225909
11827597
15815109
9805235
19126195
20232552
1550273
8071066
16115997
20110063
15802213
12807305
11917618
21132618
15241350
16193659
6294967
2688963
18341008
8837666
10867375
12421202
10072701
8727264
18056403
12110820
21458659
21370719
20519886
21461253
20732254
2128541
19184069
16088421
12833131
3119503
27609
7772245
17128671
3686235
10703204
10904904
8034186
9547954
17039673
11475345
10072557
7771608
12606089
12680926
6445848
21194595
19203662
15249716
6161310
9383262
437910
7494382
9212999
8759396
1500625
17982928
17462686
11079737
18802355
3170984
20345516
11391967
3468318
21373315
19901808
19117887
9290878
19877565
8233512
17694935
16987854
9636805
18389474
2483015
2633888
15864090
6702881
19104982
10620537
6345035
18549176
8230623
3103496
7804806
20648926
22022171
16159637
11051219
18922664
16197464
6528779
17620065
10925397
2990249
6431753
14996419
9005242
20039513
1149938
21720177
8533551
8454793
8697514
15025396
14680615
8100928
9819043
6192944
9743397
16701139
6146275
13971679
21373723
11386126
19927545
19441750
1981103
8851831
18708876
8017248
9810990
10698308
11730188
22052335
21500464
8853767
20630919
15688222
11385288
50881
16512812
21333077
9582002
20440908
20648931
3186920
3565721
9095616
19868991
8417633
11291573
16625789
978467
18094443
7406465
6153873
19471818
11958743
15764955
22077409
21414980
11878723
20386439
8579006
21907188
19815110
17161854
11476476
497526
2575533
18547626
15807156
322696
16780084
135485
6150050
8448749
16266235
20678151
11359629
20412131
19076534
20011147
7534268
11298022
46196
9641580
1901152
10550741
20579720
9514079
6390722
10932083
51482
19882924
11056024
17051993
16362876
15795917
11828554
8707095
15466699
12060974
2424463
2603454
7705695
11881966
21174642
9245928
19339808
17071251
7863483
19126909
10087753
681757
18383656
10753022
20053320
16752692
12660898
3720799
11171492
21792319
1515827
8434317
14512301
9217046
18496035
12481454
2781093
3503122
2338629
22012844
19281725
15146106
19119708
17670157
20179417
19040329
19302252
18705693
17553209
17274522
3494039
13182611
6887320
21695106
12494253
564896
17546203
9382172
11152174
19115954
9044087
16200811
17203712
15957099
12865773
21114199
1693913
18667035
3939090
16454540
2238590
66950
20462351
7719037
18926410
16391392
18062599
17378256
16027874
12571444
3068317
9035446
3925734
18220997
1823281
7591460
21648207
20664280
19124386
11720678
7781870
19318916
15238794
10592847
9505773
18259720
15073989
3945910
15060723
6175581
6144711
2378436
10356782
19514997
1988761
7914554
14698360
1673965
16272231
2220134
18422472
19187323
7732050
18797048
8703250
21462800
17185926
20329673
12777602
18221471
6751928
10568115
7697477
389262
21301603
19075993
16854350
21489874
16703201
20885296
6352721
10994063
15819285
15009366
2158899
