16142193
16180494
17594207
18172273
21829197
19536904
14732848
2065392
350387
198881
14508124
14723561
14962724
7484001
16800973
20864406
12424937
11777632
8809440
12314688
15960930
15367220
7786820
2998129
19922891
21540865
9989521
19205015
16007237
18843901
18946601
9932163
18546643
20541377
15756453
9638397
3601138
19581539
17213795
19593615
211453
8316158
9472838
15034215
14755900
12706777
18822698
14663635
12499416
6515387
16644396
16207285
6624694
11195709
18800461
8959996
15920913
12565983
1684328
17761980
8850227
2633663
19536890
17767131
16930779
2868688
18193278
14739716
11905651
17996
17943832
21421462
3899388
9504446
8932758
12168900
11527690
9854014
11411484
16350565
2403737
9851489
14998845
11063144
19906761
15547484
9599549
20495312
19209539
11438788
15926135
9484515
18080824
7809006
2964074
16824644
11697837
14504920
11064446
11886007
11005274
18385198
3589977
9848470
855542
11249079
836560
10615229
3750066
12678167
9486101
19102836
20127139
19629322
9322352
12200215
20451284
22003759
19963099
9562580
21894142
15744590
21770478
11888348
8692045
2767476
17251655
10920943
7995494
11818200
8595787
16606651
11557123
15597103
12450640
20940719
20630061
12023787
11109650
8353021
15668260
12056704
16447734
12148452
1602870
11398877
11240449
10736985
2433196
3002680
1376937
18269775
7931480
6227371
6524792
20728318
2575367
11506739
15865089
8022724
20198713
2474109
10561215
4082837
21339064
17172241
15049098
3049166
20353026
11988684
11590341
11328909
18788641
20658096
11300323
12924654
18155391
6374678
6866307
16327714
17679727
10165827
15786422
20849654
308293
973527
9400947
19036344
12085175
16930358
11034258
2491187
21054853
9800149
6753556
9121404
14506141
16768029
16334151
2725241
15493358
8772625
16814947
12598340
11991517
16622259
18648018
9577931
8426957
21485074
19661361
18501674
12010079
11149189
12501876
8079264
15322824
21888637
12662125
12820479
2167413
16020963
8523051
15292719
10784621
15954910
10928183
9201563
14731336
8948873
10829050
9507787
16117976
19219332
21348380
18398610
3909794
18454096
11685724
11404490
15111354
7833096
16836749
12004855
14561538
17058529
11707845
11702307
17384515
19091285
12381903
19727815
12420656
17923763
2883273
1466325
12072586
11195298
11032597
21620091
20209842
11148323
19940004
6330492
20493439
15279457
20204366
11520324
6399891
8891546
21320112
15248370
14679117
20157217
15613908
14733666
20378304
10496435
11519441
18204822
17624747
9231582
21520120
16600980
9264741
11719624
18226497
15117978
14700480
18558582
1914084
18958962
16638427
16301597
11440286
18343754
9409097
12463279
1665342
11325489
11229315
1093844
11168047
19605678
20798557
10942054
7246078
16107496
11985388
11253488
7577102
22377126
2660993
803783
15199528
21512499
15489559
14557147
17337098
19716529
6129962
19185462
17525043
16733470
15339437
7786355
373619
15078359
16110019
8037128
1335410
9377606
10834175
8160509
7842531
11721138
9376637
19608347
10890256
17966365
9649159
9048134
17544176
11157038
16030028
16674605
1728831
20163987
12826929
10523895
12806213
14650126
8916563
18093863
3434074
15147078
20820088
6715211
18926237
11901537
8572837
12408375
17785992
2872812
3501994
15483017
18432321
11785718
8865137
10705901
2589230
11003853
2031192
12228201
10235199
21704242
12392643
15385127
11956030
15571478
11249034
9163053
18789638
11956279
21886962
19209027
18650157
13983502
1340678
7919465
15845180
15598944
3716707
12065868
11284464
482552
14964016
15136680
20679609
9836323
11437681
10202827
9522927
19419856
15094857
3229385
15736475
19181011
16568700
11229304
12610461
18485407
16106904
14696499
17071303
11018340
18158885
16957412
14621068
16153142
21477675
18420445
10916897
9469367
3376649
7924177
15603862
3055243
19552020
21077481
9426337
7843047
19685750
7297073
11787338
12167135
17727166
20532571
1837776
4460204
2031200
16549999
20110781
9704716
9805213
16552438
19652072
18496750
20074481
19127256
20578379
1353901
7921699
18338503
11158408
17048794
14559310
966380
19900790
11536975
16215748
3063728
2718654
9530547
18208793
11090870
18508158
12515569
9772599
10854563
12853356
9336364
7039729
12376299
12926132
10756559
14644523
12169915
2085988
12201587
10450354
10155107
6524179
11720455
21492477
20406108
10327033
12057861
3835885
8967757
2950444
7942360
11173684
7843050
7717281
12162879
14760128
11903536
10530690
12150046
14642998
11085201
15786618
9213863
19114300
16820921
17239275
10379153
6217432
19829805
18425418
3681007
14725738
4052926
10630354
11763515
8536776
12196375
10073328
14567436
15376568
21809535
15245619
11722819
11895894
12611229
21742242
19839918
115079
11915702
7654429
21520118
12187070
7918125
22096354
11865867
21293121
16502355
2757801
21467129
21724346
17062304
8862707
20153151
19642802
12387297
18490246
17028052
15684318
3996861
7910717
11503230
11412618
14587250
10871820
9893106
10687340
21611897
9805965
16757971
1763646
12636884
21092287
10561320
11366988
21328793
19795034
11419562
2391456
9725550
17883521
20706126
8439759
21376385
17538086
11340375
20646948
19653179
2583918
16717293
16001993
11336320
20822897
15237580
1822028
1281726
21051198
7622813
15613904
12075739
10730406
14568692
6356903
8731593
15723261
17876527
7979422
11760695
15266526
16302717
11799633
19854032
9667247
17595750
11249055
15759959
2103807
1302160
19130959
12883593
1665643
11783337
10714620
11318882
2885169
12610429
17030075
21322152
19414297
18579665
6527556
21399569
8879682
15457102
1455855
16433202
8484069
16556524
1550466
16398426
12201494
10773859
12027788
6293072
10479861
11152017
19479256
11433722
12237626
11182025
11751488
15018596
18303436
4007406
21959469
8646728
9670658
11677106
21165419
1831059
1654709
12090150
10561261
20860160
14993230
12005275
11308200
9441467
21431627
20332142
1317080
12715372
8435897
14977828
8450166
8708722
7003662
17409893
1810043
2150527
18451238
8049326
1261738
15809521
11593051
20448462
1580287
15143972
12649109
12419748
2268224
6431016
21115920
18818922
9834823
12973384
10803323
20922389
2545980
1329264
12822604
21397578
19919289
12669249
8208705
7980063
8031459
7675223
8551492
8390918
1271579
20862340
7595719
8817190
8622016
20141673
1421976
17116400
16044905
16503742
20364428
16740385
20517223
8839911
11123059
20348529
15042114
18621611
12926103
11549974
18035330
18972607
19857242
17631339
18665164
15832536
10551439
17956645
15717531
17073834
12915869
2102701
10423049
19430671
17520252
8279155
17476973
17254743
14667249
19476988
14755019
15737292
20723229
15377176
1962422
2168628
12077535
12966415
20709657
1152195
2624037
17306487
7485714
17574146
19361363
17617289
20691050
356986
20437857
6538489
2102704
11449876
20862748
19578211
15695977
16206652
18667090
15619391
12771466
1968319
15479494
6294841
6730824
7672091
1392480
18020917
3819788
11750253
8913843
3408102
18932258
7931479
21594471
14725726
18956807
18090584
10718102
9351292
21435216
18621626
11143541
12231519
6417689
10568442
19043517
19192263
9249191
1292239
20806988
16957834
19220378
10193164
10707793
18261352
11772135
9019199
21154033
20356819
8523050
21680048
8730496
10573621
9368238
21208101
8767563
12701019
21688534
8164052
7124
18756042
1298040
19354002
21353343
7556806
15081224
17761711
16603857
8626365
18774427
16733450
17267793
14615693
16136028
19946591
12039922
2894168
18838439
14586211
9797695
981980
1983325
2680333
20140961
16756920
17716324
16520664
1479050
8986312
15142817
10830971
16169256
15304586
11252884
20916524
14639183
20811894
19222900
7923316
7654922
9026924
12367799
18854570
11714208
7467222
16012038
17352861
11893234
19338150
9774880
2237220
16381627
15919438
12462284
3069018
8155346
10096097
21434354
21901686
10063327
11387760
2522628
9294478
9376633
11742708
20527636
6354603
11099328
20384051
15945613
11727108
16327704
9148231
9772930
554447
16356303
8976979
16866217
21611898
16524244
12530045
9932167
10641539
11313228
21137264
20551640
18628130
17762397
18198492
6449061
10022219
19634547
8839910
14557896
1997518
19796840
8277147
9819786
1682905
3308388
18775632
17028896
1844561
7989942
10761559
8224040
18360643
19617155
9548227
18838886
8652243
1344837
16553202
1879029
20236795
12105683
3364156
9181020
7912725
7805184
4467477
19570809
18224666
15154649
10213010
9264907
10895201
16366195
2281671
19588143
19893613
9595919
10629434
20529781
8676624
20683051
9669807
2970410
21519696
20677078
21831418
9835863
16009947
15222004
19926964
21263764
9252705
11759177
16396301
17606974
19856651
10960463
11862501
19769177
18304907
19294387
6714909
6210162
19171230
11965507
18045196
21555686
16752879
16643486
9439400
20728237
17581315
22526166
14990647
10883663
21749931
20927745
19342399
18950807
17357629
10626090
15200740
10714360
10522302
2031641
1553645
10021293
8626362
11484954
9619714
1689173
18528716
11534358
19142045
17925058
8044782
21448165
2148842
20308665
19219337
14598942
11352954
7654428
7903326
11395651
15736476
17107425
21923584
11955653
10604009
21251791
1020692
21570566
10880001
21220503
20225231
15864879
20458844
7640751
15539708
7533452
9005713
20034984
15733110
10507770
15572529
20805299
14765031
19696670
18506283
18358282
19454129
16476264
8257960
8828022
19449473
18422067
1291426
12960739
8067269
17893522
8991195
1971433
15226328
21322181
18031561
22028893
14977818
1957103
9102743
11227370
19366444
2158754
21722390
9612597
20739631
1340816
6346139
19219285
16492717
18190506
17979599
16792969
7049427
6794531
21490480
20214336
17053337
15814031
12931060
5562318
17544612
10843465
1101812
3872349
20185313
20300544
8306923
15218291
1983365
21051930
282895
21509670
19956514
2761282
10845730
9261531
15339407
9585869
19992127
17214731
18522639
10050531
10573207
10637252
17602060
8177452
19514296
6718584
8022721
17164226
21170111
9987569
11686052
20845800
2864229
964029
1768473
8536554
12640330
14576597
7496476
12039926
10914705
16595035
15277259
19370562
6548079
11794853
8053282
9096985
11521374
16716138
10472349
2066455
17701673
12318115
8082513
9551842
7355651
8635092
15667664
16683074
9069612
7871934
17641537
1020687
10370781
8235035
20882368
11896109
12140145
7242301
12576168
16007689
1608215
1639001
11673023
15250918
18554985
11432891
20597404
7139636
16768874
20096475
10935735
16725083
9734114
19472764
20466447
11868527
17805538
19023981
11685939
12820476
9380065
10468298
16199992
18514303
10769440
12419754
1241072
16487914
19752853
15866647
7386233
11023061
15249924
12012965
15192967
10442364
10731126
17966545
17020981
7899357
16207585
21812257
21718264
10770458
22073883
8562349
12635882
15226326
18288477
19650249
11768028
8578167
19760770
11810041
12044507
21277266
10736984
11821453
11406453
17276537
1580208
9184716
16760296
3167843
11193901
899472
6294836
19317284
18320125
2654758
18212755
2188826
19540072
8390845
888039
1299595
9850032
10772564
19604121
12807526
14726978
10474305
3929153
10918162
16826586
2655380
7961551
11474255
9846419
19752506
12649396
16277095
11405996
21078047
15592838
6356858
9041468
16752882
19617113
9001824
1392474
21449633
9545842
20391976
1320917
20153092
16821631
17342999
8516554
19292096
20171423
9173507
2901267
7007927
12797398
11425
21672886
2572243
15721643
2872806
2967066
18472287
11103758
20011851
6190033
20615828
3909416
12408003
10676828
7620801
7426206
15482729
19382470
8767759
8529235
15033663
12569297
17022716
18977094
12362421
2648767
16261598
19006638
15336473
11424712
21493190
11230465
12453862
18378398
20155993
10094096
18418009
19015070
20345940
17343059
14973517
11926722
10530680
10697033
19852339
1281248
15739208
20031390
8229134
16884400
3991085
18273618
19866815
12196368
17562239
22011456
10829042
15774779
11150907
20079210
3371597
15685033
19632048
10232651
11789237
16250185
22027711
20424527
20485287
2533775
12714886
15025555
16230922
9864797
11723746
15500412
18154124
19268131
19738606
3896665
10804389
15946344
2723566
19081195
19720910
3589406
9062635
18558881
18751414
9602270
18768230
19347980
11291831
7761807
16635281
9008516
8378654
16893660
9164424
3125957
17203759
21823416
19500272
16444930
20162085
17650941
12771520
9859093
12096354
16374040
2633871
16194648
16046113
11677200
11878100
16875636
10213206
12355992
16319509
2507693
10509164
3547263
2872804
10080674
10211534
3051316
3726275
11211371
14584378
9626217
10996423
20534302
11283925
550177
12367797
21546710
16710023
7654484
18172649
12360743
8367670
20608066
8302340
19190075
2048961
11920457
15743680
18990337
9455518
12702535
18653035
10963637
9663368
1287142
3168481
15136596
19073833
21311416
7970013
10779813
15386306
10403221
21041170
7667233
7730686
15643512
20224323
18700127
14968150
19443164
2953358
8541575
16822648
7799022
21327683
12598343
15077422
8600702
2901179
19201649
12389143
17439905
19273704
17886760
17480174
12739720
14533444
2551743
2718739
11750714
4047447
12111769
11776700
10550573
10578527
12237921
20227577
20729709
10780799
15129582
7255125
10473025
10967703
3717817
9145992
10672783
1951001
8036579
6931471
15767183
8768676
1725026
12376203
20426916
18308561
21385884
9859692
392371
21239357
11077130
12640187
2080484
16289908
12962831
10862466
12124835
11299843
6248981
21546532
8931686
9728581
19030736
12525757
8810206
11965174
19635740
16029905
10763646
21377801
12525529
8646656
19622510
1654719
739259
7572136
6789253
9834827
7548659
11856101
12562660
17701888
21340156
10997805
11475943
15791454
19936767
17893523
21925913
10986057
12750629
12095426
14768245
9789610
9457462
20951549
12564623
7754792
9988160
18829273
11078032
20927525
11221018
16203658
14738890
1858672
12101890
16453966
18377434
9779713
19246950
21737652
21708520
9160069
12899777
11424
2155644
15012661
16240870
2114683
18535847
9324390
6937936
10422140
11600611
15049723
12077827
21323653
11977353
10210264
20126851
1778261
2111267
7319188
22016477
7652228
17471824
2143597
11830761
2379296
15280927
3822041
19542735
21442872
17043059
9383184
10585310
20085939
8899500
15378131
17024671
21422402
18073472
11720832
14710977
11675904
15697147
11977339
6206703
15850907
17563245
12168889
16552473
10595697
1340978
8913915
15748189
12269863
19451050
11773151
12176786
15185556
19806787
11255272
15577439
21208847
11316966
17577620
9427259
4048091
16707588
19869272
11742700
17335131
14519631
17133415
20616701
11205207
11981728
14703065
17717920
213840
11725727
11166824
10458208
3897013
18751435
6225984
11281378
15924049
2872810
2083513
11790993
9427266
10908898
17381558
11085199
11988901
1378374
15531964
12121602
19415085
7481637
11244811
11675061
12530048
10855789
20209313
11037632
19138601
20978503
15726432
21183919
2976976
9209775
2963077
21823417
646352
15078005
8565002
20854220
12496714
9829159
11422928
7804708
9929997
11697842
17043252
8168350
21273624
6490796
15110636
15083176
16331497
7923800
14663634
15909599
19617717
1576317
15492896
21228616
10499608
16957676
17058090
21606430
10709442
9480033
12006767
12581576
12555509
12581571
15538120
16049613
17662216
21686322
15554744
11607045
15768875
1258727
9211087
16311896
16719920
16800966
16768219
7813165
18202794
8748566
17363536
11475734
3631495
8622063
8209148
1301847
12592196
19289373
16101175
21090521
12632770
17369071
1810358
6146953
17981372
19889558
3262911
20228518
19670913
12419744
10634411
18640466
19028627
19646241
11074181
12650650
15057049
15935519
9676549
3542850
15637734
16172454
9923557
9296021
9296239
15448813
934551
21246003
7843053
11943470
2374653
15992122
15564795
17697901
20535996
9664204
16357882
21306237
15797491
18317789
8815519
12954586
17503976
16088232
9399016
11895896
12381899
20142726
3304950
15665885
16613259
11251695
9563207
7861200
15002808
10529545
10437747
17475584
11503477
10098366
21839975
9767755
8971830
1725024
12316076
19891010
9556780
14763251
12345008
17955053
11309325
10660737
7506176
11408796
14605607
17473201
8052492
8143102
6130114
19762577
6244662
11520323
18515024
9005710
12399760
1754979
15801935
15614305
8562350
10800312
11201819
1766582
16334165
10674014
1052193
16986051
19268897
20556606
12953347
9528017
16805889
18525299
18208779
1453332
12843796
10616267
1413836
21467148
3798067
2952808
8013508
12610452
9773091
9435929
3208966
15803011
12837566
14499320
19298889
2266675
21296448
19415181
18680445
19640781
16871906
19997960
1837763
15995044
11336578
9389922
17611792
7327914
17241309
19473618
380971
19181500
16129520
18506281
16596209
15182221
18824450
12925102
9644933
20128184
19863161
16288485
10602903
16020956
21326246
15193651
10071284
15552635
18367429
8394198
20418981
15562136
10768597
581312
2930690
12712469
12361549
9350384
3680596
16965868
7950214
12798474
19906760
2786536
17317835
10714305
3053867
21910339
9856550
17848815
8519044
15154656
12430551
12820437
19213664
19382200
20571355
8222500
10737482
2872807
11129127
14727240
15339580
15847325
10403033
3039060
11432632
11074188
7906438
2673510
10598928
12702534
21898419
3059095
17409987
11185888
3314950
11060765
19129008
9988355
22017950
16360941
12519611
15744175
12576436
18296419
22010015
12845210
14563183
20665369
18787474
19073390
9530548
17873991
18365200
12951308
12918896
16133583
11526725
11521794
2090172
1611648
19528803
12831924
17077949
16773037
2418302
11714211
1529556
15543498
2188869
20688001
7010780
18454159
20929328
10941483
2344121
18004083
19726249
12853994
12377646
19586800
8891467
325301
12923825
1673731
14584075
15991972
12441264
9865018
3221783
16462502
15723709
7917078
16542786
18485522
1340807
17383737
11515456
17786847
6397971
11117656
15374199
14501391
21189364
11777185
10629635
20464446
19635606
3887543
10630052
11037741
14615700
18035517
9373044
8638535
9492106
14551303
1654699
21188110
2442553
8236501
8555762
16333028
17342560
11836886
11346336
2152751
16404636
2071559
7814809
10646881
10441858
17557560
15335297
12139819
14652690
20485146
15372368
20128940
12651078
10585004
16676797
9335429
9310221
12614853
18653089
19159931
15639685
17514183
21645442
19918691
11823112
15005751
17888586
10651394
8728874
2328684
15631880
18553011
3808407
17031647
2859865
7915845
17498325
18478937
10852525
15008252
21085882
16750622
19194629
19297279
21968516
12960634
7735443
6248982
1509922
21546712
12652919
16868915
988634
3707020
21894728
8299628
2782769
9698657
17138678
7577111
12061221
1392477
18942374
12093318
11583191
6715052
21116000
15002594
9045335
463585
15490939
7761666
21311482
8056218
6262933
21894816
22025149
11547664
12612967
20721505
9427692
18796373
10873073
14628585
17019433
21282537
15523289
17227906
1502023
15245614
10080603
16982547
11302345
8647141
10902755
16733510
21671835
10709438
9585863
12658133
20856105
15292715
16328416
18156031
21045188
15761710
7613779
3619300
17656411
10049274
17052486
8622036
8040664
12108900
10829146
10386529
12000174
16180937
11360134
3180133
12453853
12897109
18455039
11505395
3496925
19681915
8822534
8645520
12490735
17646782
12203104
12943486
18449103
6713113
18830435
21532350
9017770
17150998
16919055
8686968
4089506
21481298
16767365
19063833
6285792
1326126
16354313
14666626
20032126
15923569
17306906
12637463
12948305
4020410
14533438
12577246
15002314
11007137
9988155
15842544
9312757
9845498
11410495
11044639
6881972
7843059
10464557
20571093
8008953
9717921
1491760
17976948
725554
20135889
6952964
3292105
21597448
9604135
6198618
19793520
7515729
12404778
21069692
10030435
16230965
1631355
18039608
10999557
10572602
3519097
17875757
19068453
11331322
17693145
7854560
12733391
12163218
9808881
16153920
15158244
15507175
7274938
9595867
3521859
18381003
11950378
15908665
9932083
1602956
18441329
19431198
18560034
16766587
9470855
3876877
2085334
19883167
17047398
18628072
18509925
2934707
17652060
14752667
11106114
14990645
21277480
8378416
18219288
19937029
8237803
35076
17662218
17294096
15285580
2190853
12142871
2020925
17492236
14587381
2514675
19483487
7075212
15484216
15630748
1722795
15117400
18706844
16633842
7516663
11109593
18723369
20875210
18202853
21123151
371521
15681097
16199991
20803065
17303909
1337885
16505876
16601433
12469988
