17335012
16840997
8841860
2551216
10023273
8311401
2031604
6316448
7793205
15960214
8222010
18701988
7956380
2096052
10935783
6088603
17650360
11791948
11412288
10398785
14730268
8482151
9033757
1558922
12621326
3308778
15644760
2273550
20025753
4050529
6110394
10336200
9467327
1856899
8937020
2625809
18024042
9183423
8632260
8338270
238500
16376560
19854794
20696643
6564106
16797301
12795155
6933813
22123143
19869922
838645
9235464
6280930
3356194
10559098
8368225
12816211
12483641
12038031
16263060
7532647
2766823
20184817
8190609
20856120
12687281
17323374
9189967
21491730
8283916
15751707
11490904
21626473
15798344
4058963
8938354
2187038
15026956
11509818
6773481
3370555
1292401
16438750
9290523
19444767
20871195
8025748
10486600
3813759
7302395
762961
15729473
8617070
8679345
7597877
2133854
20483507
17068818
18520585
7889585
2082608
3099084
6692681
968191
15017196
10551749
15074579
14769765
1798842
10402794
12701223
3982898
2363545
12478038
8022973
12886399
19652847
16764730
10897850
10320254
9149585
4037523
1223805
9757928
18392468
16685025
16500951
11593737
3044207
7403671
12371134
736353
1198795
2331905
3212486
10916344
19261115
17592435
7886638
4079624
16276197
14557855
2777850
7894809
3355266
8765866
9475804
1589313
16195862
12148856
21127207
10965706
19935443
18321941
16500242
20948461
9212671
14571782
8795314
2258763
20201253
9691879
18771148
18018747
1259613
12456458
11898046
10373746
2019188
18365158
3337249
10094224
2077275
1885433
6880130
8692668
2810717
9301605
12418307
15272614
7998571
2356497
15564159
7502008
21311396
11972215
2187383
21482757
8203970
16878610
12630621
1287544
9288263
3342654
7009083
473489
12001281
9394868
12735286
11801902
6967702
19262449
2587549
15125855
1513152
6114789
7141937
10075294
6329111
7180206
10767190
17255855
1767978
8024128
14634945
21039356
20096939
9746997
2925910
3903098
11682979
1318132
16399187
21082322
3631382
21819581
20103241
21696560
12368998
7739184
10206792
18195139
21996964
18312514
17414041
19005648
9314300
17657961
11333810
8468768
12887504
3511014
2187513
8578349
8368072
1013933
15766470
2214422
11696307
11071402
3332201
19277781
18062084
1510507
2598532
3568432
581139
1095163
19082409
2334554
16148380
7966470
11288209
8153916
3951895
2742224
18972219
15649855
20489660
20439944
1413895
4064770
12527636
1565816
3024279
17315166
468874
7514815
10510736
9498980
8629972
414571
12806242
11473330
7294500
7424758
20979811
20518954
11705078
8141447
7094600
8173769
20497025
19939694
14532696
9202538
20075755
15791115
8845977
3414351
3684356
20407398
3565542
9782528
15452354
2748826
17094560
12853543
9503469
1493651
6889592
17166348
21384646
1888502
9434324
20916754
10836153
2636050
8526765
7793588
7463533
3519107
6366676
18383972
9495424
17854412
16570551
11120552
7502504
8669602
7808578
6894338
19550338
18261549
9858054
17986941
1770483
975854
19595015
15168460
6296528
7893300
2589299
9308454
4095677
921558
21078140
14585413
11854874
9468178
7733704
6338837
16808208
7148776
17436388
14980293
109898
11264443
16390563
3908443
18989568
7312752
17058411
8645344
19227179
17166345
21160632
17568926
12209230
9849278
2096858
10981576
18007083
19959274
21619991
9441113
2958055
2740646
1872412
15467294
8086289
3122567
7739589
1486978
16236947
15673897
20426859
8116144
18029874
10375034
14550967
6975951
18513823
17356240
6516737
12648167
10315687
16715673
10355220
9185966
931926
7035084
3612907
15280715
8205858
18515195
12945996
3433094
2384809
18716482
8377500
12107583
22108688
20106538
12345139
11315488
533785
17403482
11419176
2920587
354335
8797432
8822004
17764405
1147384
3880695
6935901
13954611
18583144
15634428
766058
9785874
3013897
17275206
16385370
2818713
2379068
19146002
7648728
8344731
11845853
3644287
1921958
11478021
18673054
3954276
11502667
15511948
2036700
14600460
7832098
21394542
18932036
9396528
15152675
20979797
7993157
7436611
8306685
1612543
18062590
16361299
19103022
1466869
6709889
16117335
9520579
7836140
946402
19479097
11889294
16476542
3539067
2567790
6201011
21704616
21670786
1960456
6317274
9890386
7936989
3308344
6974964
20620561
8996124
7967318
21258244
20608558
8538007
10945651
9006359
1644964
9710395
2273632
21067698
18399877
2177552
12583688
8265268
22038633
11856695
10893757
2578444
17904322
8163800
327112
1458389
21040372
10798630
6344822
6346627
17037342
6378527
16632723
19767328
19952502
18577113
15373260
21600135
2024073
21081048
10903261
19640798
11830312
19522731
2230375
2891210
166409
12057873
17152572
22124516
20700589
15778517
9785760
8369113
409151
11472660
10773557
2222050
21479778
16100174
10836243
12581620
16004336
15954959
1317051
7033918
10338350
8796389
1425747
8325061
9412098
16198064
522891
6696620
8067215
12503698
16798578
17867476
19805361
6502421
8324412
3047357
12628885
749059
1596128
14688883
1506404
18470519
7080405
20105091
8681106
3622445
10893356
8432129
10548210
21370662
8922771
12795159
16611535
15194671
15343466
9041814
18939412
12518625
8414798
1883227
21351621
7079394
11404153
9333958
20414575
1448546
12476569
3394964
3871286
21046513
3239095
3974268
20413379
12877735
642419
6657327
11999598
11176178
8689015
16304179
7434301
15726894
15688820
12073516
12448382
2237930
3619691
1224895
3842981
21894418
7000439
11972180
1182940
4021669
6715966
4056141
7136935
5009977
9840711
3564019
8614187
12212299
9456119
1341561
19619789
17255559
7411349
12457215
6504396
21680297
11039801
18490173
3678079
190095
8165041
2652966
17167013
10753013
2396887
985387
7922432
16801040
10723948
1800278
877860
6677651
20848065
1188605
9972620
8553214
17456335
8990350
20929643
9377957
7864560
20099158
9719113
7493826
4064571
8622318
9390886
1941450
20060823
16369054
15694037
2277923
18496360
8553310
326485
20847853
7863119
6723399
20090286
15555538
10511153
11285759
1103655
10496100
14676857
3433366
210331
14725704
14655120
8372182
18583923
16377831
20673084
1744323
19588380
4073456
6708392
17895793
7732143
6299485
11399686
882940
6844764
1569730
3168578
18277569
16249969
3289837
16263448
17587276
11798716
11685658
7075094
20210893
12024028
3172675
7458049
14707576
10205722
2214037
14528440
7053544
6701721
14574296
6536985
18448020
8317690
12616388
653568
11910692
20040383
14531262
10779060
18581592
10051278
10550641
21382194
17495282
20617446
7760608
15521087
8630603
21440758
9657598
9785807
3687229
11481826
20201347
19165879
21781520
10081535
17636760
11308000
17719369
19062569
15572043
9857449
9788800
15559065
8904605
15741023
9372365
332286
12645115
12536740
18720521
17059204
10870003
15903035
11974876
524099
6348723
19805918
11215242
8411274
12853655
10917117
18562841
18266576
15117474
3085429
17124445
3120405
9349761
916778
7707849
19245920
2226395
19358244
15552952
1170542
21033216
19771471
19225063
10796192
10715343
12700478
8342140
434502
8969388
10330032
17057290
1292561
9670155
8854348
9719747
7761725
7836224
684212
8062067
18635562
1392189
17896392
18646156
18366008
7857230
2228775
8087388
12826969
19770539
14696807
21266491
16272770
12605970
11296381
996814
10835119
18040691
375167
10990099
9513650
15022125
8044392
14724483
11428416
12090951
8677359
9041762
15390572
8656974
15622435
11192548
11412514
12376611
11752926
16304121
1959735
10813206
21197180
19745770
1514753
9475327
1847539
22144937
9096789
6789250
1416282
18502365
21592593
8407387
16353076
8848350
2466017
14738299
7634940
19117121
18159588
8743342
19756507
12058435
11039299
11103189
6190253
7663809
1928713
21279259
16428718
15237480
7834481
6836200
17469348
9847059
12297178
10669265
8020275
3777950
335872
19943584
16197797
603218
9001259
19923510
18323196
21689075
19843790
18041083
20019390
16268074
18731825
18663419
7297147
11080933
10780215
8755174
1226769
10826748
11584681
6753770
2602015
6604644
10653231
19171468
10087871
9160128
8457016
8784731
1877059
11414602
6335005
10094745
8724283
20845704
21191345
8164404
762913
6620443
20636252
3731692
17587415
17685952
18951362
17285417
12563577
16481606
9620520
7642888
16317270
580566
9465210
2561739
6358113
19241075
17072264
3599142
1735249
11333484
3780328
17257820
16809999
19915912
21311176
15217434
21211371
9609165
3764697
15145012
11176175
3190004
20981409
3479036
14670881
1553612
8249190
7275510
21566441
6783763
18038600
7060543
1541173
4834891
7157652
19726372
14595510
20808981
3354524
19571452
234187
19627688
622520
2125358
14603038
17610018
2658458
10619793
7417902
3881226
17028842
15280607
10454828
16328697
20608553
17905468
16132894
14968607
908990
10578573
469649
2809781
21308198
20193151
16512971
11131485
11003416
8176594
3585433
14512672
11167110
8285335
10392674
11764985
8942326
2737049
11064434
10615666
20348230
8256951
1395814
15377644
21226297
1873120
15027770
8088762
2549129
12368999
16320713
17006383
16225714
9055808
7973165
12581578
19700052
17129535
14766781
20113989
16949831
20038832
9140585
7972828
20494015
9088304
3985302
11483817
1688356
16242467
17901120
19992357
12559343
9377995
9195675
19338742
7290976
14980286
2055866
14718418
7491199
1474067
10741454
2969717
2602631
3813078
1734655
21055091
6686420
10064955
9142035
16502005
8087571
6093833
10232564
19576041
15351941
8813779
2240498
15143377
1298931
4069807
10150400
1466218
6438108
12593162
10562361
8823854
17980511
15171469
4996883
17596733
17361598
15381595
2502501
7745794
11708505
1446474
9005722
2843022
17588081
2560287
2812976
19670601
17633847
606893
6647076
7282903
11372270
19468537
16364874
8008913
12352661
6761039
14728891
9875781
2389035
18195633
20692478
15966217
16042055
12375185
1223815
18578377
12544022
16567983
457542
3051475
19341202
17035453
15957716
20494020
8387419
2033904
9064567
2328115
2245609
7257450
14726080
19670790
17288263
16485738
10456403
1774497
12817743
7489458
21667723
20190992
15725138
8147289
6985493
12847599
3004243
1444819
9249676
15385340
416725
19255515
7978020
900542
758386
10439346
9162926
9183420
8417879
3996074
10602947
3400286
10067051
12748566
9742866
6775874
4019565
12812019
2160101
6990476
12341406
12456336
10391960
2373835
20944982
7283515
16850762
1064261
10632909
10370813
11383531
10569433
21283982
2344896
2642351
8522866
19870569
1113541
7897713
7458488
1637243
3405193
16020893
7732949
21413420
1415063
15547416
1727125
7638344
20731940
19253509
6322318
18266592
4011336
9567092
3107762
827406
2741621
1488849
2153368
16315925
7642987
3319913
15166749
12682456
8344814
9729557
2795922
6781252
6609624
3942385
3005200
19098676
11801949
12536091
9121851
15093902
2073465
1942167
16034754
10638108
2750607
11956722
7066769
2500509
1859327
21181031
17033945
17853652
7743281
21074882
16288346
21173837
188112
3766762
17988280
7887203
9151471
9206475
2358992
22082167
8570316
16117456
1657836
21672289
2287307
20081512
18636291
16329535
8306746
21615348
20429332
2009723
22093428
15338375
6998668
8849797
20013568
20214816
11300258
8128033
15129066
12029240
16737623
970743
16330309
6830012
2687971
18945347
6601924
10573249
3972406
11147476
16977430
18507198
16956500
12502973
8332404
14761595
6705544
3544030
2587194
18647574
16119524
15777434
2190268
1587762
3715544
17708159
14977797
14848717
14758182
15236077
2987566
14733799
12150610
7173011
8820023
742766
18439949
11451814
7478335
20854219
11441989
12641363
21605277
9138550
11069832
15229621
19910140
8345996
11128182
7231007
17909274
8516692
604515
2632170
8619190
6877016
3317247
12599775
1319247
7076979
2281075
20689440
12362658
21045639
7853272
6370600
20416488
8115893
9214321
20715461
15549633
8480960
7440205
19517677
12360730
10791184
9557096
1200276
3273364
11796913
19037824
2923373
19885687
19826023
12616470
448867
18453355
8189644
1279664
2262151
10693674
12963248
12412880
17379125
9691654
20625678
10560413
10917178
19054583
3195813
9064378
19762750
18496053
12629626
10695325
3589340
7253050
9824019
2797935
10067686
1552665
6766224
12240543
6998537
7652684
21436678
21057997
1440596
2004924
2008921
6481579
3718641
1463180
17670283
16791672
9148534
3171367
8379767
6538496
2372158
7386143
21167534
11464090
20839719
888414
8175596
12822426
9747609
1844525
3565934
11201373
6371792
19242882
6164500
12477674
1266831
18849084
21952324
10887233
3778371
19659834
12051552
5101776
2019190
15078753
716903
3244282
2006725
18307121
15991546
553311
9485978
1549557
20561891
7448703
16675780
21483516
8025752
1879017
11404606
7365855
2586365
8213018
7027724
11369552
2681532
18186241
10935017
9462949
17037019
20595465
8749966
8419438
3843466
499227
134258
7406364
9011151
8469579
17112879
12671492
9817719
21542703
17515700
14677286
12434649
19365979
18614346
2276965
20093603
7931800
6206986
18949093
15659943
7000438
10549058
1921002
6494617
8310616
17511908
12076390
2006734
21520603
7322139
9637620
20453256
17069204
19489944
7236049
12559344
2055925
19967886
19033800
7892071
8129959
1136697
20715415
19833592
9241328
7039528
4067742
18562928
6611925
216147
1753531
14680912
12697588
9792588
7750707
17580093
19724667
10456402
1506383
4075654
12860221
7488481
10436650
18544913
406481
18629537
15011459
11315311
16840401
2830641
3015820
22034599
15793045
529343
445939
174451
17409831
12153067
1564344
9866
278968
10807844
3807375
11403669
2870880
7951340
10036878
8976926
8108769
17238882
15079093
8149076
19755900
8176590
8074409
21216327
3835921
16717322
15909469
12238380
10073070
9635939
3763898
15301875
18788692
15706335
9714499
2478086
1518365
1891348
2923295
7634886
6198063
18063204
15271228
8998118
10389410
17033208
8028947
1741555
16356227
18097335
17387570
17001546
17144487
11293847
11548565
19227172
12754177
10597011
1755680
18498788
786972
12121136
9525297
9149584
1621356
8162779
3262265
18283429
9699863
7611578
20434399
21834915
2006346
20298317
18975275
15461032
8368625
239609
894368
10955741
20843469
18057088
21702120
8318604
3789599
1594778
6382925
2197836
1514534
1586080
21176486
7937659
9290688
2383865
18629486
8260561
7443860
15334506
12395001
9142791
7574994
7844904
1057047
12353103
7222331
8905272
6778655
16207424
15691691
16959915
7930036
2966876
17347049
20354010
8238135
18625860
10901862
9447866
8125785
3890259
2761941
9409361
8010243
3589343
8176298
21342277
10475388
2497690
16548837
10452258
18448026
18620107
9355827
6373147
7054819
18390401
3422625
20298381
871609
19350267
9238826
18453348
1484436
2192748
20139200
2724604
14143666
18809729
20439299
9392461
17008432
8007473
16236916
12584395
12062598
19317902
11079012
12842548
12425509
16336027
2986977
14570794
2290047
12632784
8800165
1913490
7062765
15848512
12645443
1359868
2084
10664446
8689217
17255803
10147868
9173430
9360117
12902061
9927395
3757561
16546931
2703229
15067742
21190809
18788431
7560489
7995811
8067713
1604147
21150853
15167958
8814475
17273578
15311569
8041059
672348
2205886
1463297
1853800
15027568
1386892
3336578
1649924
112570
1995212
17652492
11310100
12077752
7836032
6382426
16252630
17464460
7727479
1776881
8089322
16635363
7299865
7271499
3940358
21611071
17894902
18478200
9490960
477124
20015824
7863576
11089745
894420
16137347
15666379
638997
666483
16598547
3852836
20385626
18494396
12218614
10828576
10364654
12883462
12147848
1762483
2306976
2025468
16802016
16371553
6458751
11716180
6791526
16354221
7007252
18064874
1416522
9639726
8437366
12736572
2588994
6507749
9277079
911148
3327338
12607123
1792414
10552059
12557714
15124850
21532464
18319544
2617246
12681178
1942944
2082205
2847328
12153978
12663325
8284191
17146607
15105237
3742358
7058581
9302904
19923518
362982
2249488
21527508
19237911
10444952
20332724
15558360
7497556
2193726
2204666
19592267
10423316
2614113
18838878
8702051
9032181
2501462
12667273
11481825
3686454
12234434
15313843
14652144
10609902
8072708
3969061
18635272
6760780
229093
897358
16547431
9366468
10405738
9578972
9071733
6226931
2496084
2270353
19847415
19789855
16676257
20620456
8752028
7140058
19248198
7941062
7004055
10752487
2589073
18948235
16688848
1006955
19494539
9187998
13629352
20924187
17305986
7455884
9211594
21416729
20952494
16303056
370889
19082328
8751808
21127867
17455139
8461143
1892618
16225943
18767133
4053709
6814296
2615102
9493454
1683571
3605857
15469805
8486035
21427301
16609818
4091392
8967504
8000937
10348441
3380739
468562
9631806
16980017
9233746
16174911
12032030
772642
8339576
12118687
16437263
11266193
11990273
17870014
648209
17508092
3946876
17260116
9017800
13677291
2195529
9275383
19274553
8516468
20824871
6503011
143412
3737987
3966838
12467807
7622112
20936408
3803360
8087478
20691563
8553949
12682454
7489036
20969673
2683540
11997781
555174
7644726
18536924
15690613
21524004
3756324
2183265
19779666
18536305
11009061
7938791
7879831
3086971
1564340
10493486
3487230
1735932
9588638
11965593
2278225
1729805
10771908
16256231
12173192
18036892
16146467
18813880
2225983
8784730
9393517
15602188
453712
8741450
15179147
17259567
3659786
12108075
8275779
16469464
6627210
17300720
11413802
22021498
4024005
8752247
20151334
18975543
4006560
15454404
11711801
16630317
7041623
9841753
20715664
12243311
11452056
11715808
3983377
21269663
2271390
4266691
18603174
18079231
17066613
9470079
9062568
3526846
15579725
21339034
1661968
2098599
20418052
15885545
15130444
20419997
1655347
15993622
977771
21036632
18583875
15065638
815571
9596301
15013351
12920471
3303386
7425710
7846903
15751645
11052299
1642350
7361847
16205052
8691855
21519640
18053497
2323618
7369580
11729692
12895604
1233299
21549347
7202595
19061163
15071387
12879246
19557556
21357317
8086173
20446347
16138208
1599349
20497021
19035200
8109107
9972919
20835692
871945
6523727
10510886
11961630
3141893
1269269
4003537
8308677
11582563
20629338
12560617
9245208
10546665
16046197
1828598
21990983
9791676
2230388
21290133
2832987
1200265
8857323
12354335
16810137
16087377
4083446
3291091
18928380
12016359
6851877
10854243
12130985
11706749
2295676
3975493
17469705
6663409
1603999
8441594
18795662
17268367
17049215
12833493
12145571
17134520
20686280
3591902
14726082
7408075
7004598
6641307
15285594
18953284
19237916
11193324
344292
989707
15297585
2208929
951535
468621
1570885
1608165
16856243
6529388
15352952
21970147
12118268
2013991
12819500
1569723
1393750
7749705
1557861
19137882
8820022
7885781
716553
15982614
17661264
7739179
10743040
2804592
12151142
18812690
8065087
10887875
11837009
10150399
19099876
11255884
3970613
7827482
10511159
20218117
11591552
1115114
8793469
10365147
18334014
10582068
10320601
9775501
21560502
2805843
8571206
2077262
9115100
6712329
19494493
22008395
2026861
19692886
11306987
12973002
10524876
6886125
10334219
18557145
9376471
19229392
8953911
11153631
1256454
3054341
12391468
11893964
10838529
11685693
18995152
3691681
3174979
12622469
729264
2241387
21301866
2048664
8996004
11343804
17500401
3692007
1741361
16409526
12195474
594002
19255298
11332933
19764464
18079496
3975585
9831139
3629739
15081327
1990155
11486801
8691661
3691685
16110098
1795659
19756937
2515262
10369906
2239253
10194192
8992034
2392383
17414039
15318283
16137017
17377407
10750966
2942745
8175519
20299630
3186982
7971539
9173416
3434162
2123151
3626722
10770898
759233
7539548
16753975
15115156
9272916
2802052
663880
2241334
10344712
6256870
7112453
7755149
8685752
19172338
15915168
3491509
1756845
17961684
9005131
6866069
2258953
2326458
18404
6829957
19696306
7363684
6896787
16603659
15083247
355214
7168615
14626303
21068662
18982787
10422108
761108
14746733
11878725
9688117
16029407
3875642
10569434
646415
1242239
6324355
2291389
14644370
3321271
2241553
8391963
17591135
17019958
17635480
6377071
17670377
17453190
2171317
15290391
7967021
18330761
2245671
7431968
2003430
21194884
10879039
16830790
15886595
2773879
7125331
2818889
12472211
611480
3372417
6716516
18292419
11743858
17065538
21835074
15754788
2781085
21958600
12472415
20831650
579986
8452977
21147631
8741544
19572850
11056749
2525011
12410325
2709862
3350683
11044317
2385027
3871596
8238205
8924926
18492003
12503004
12086195
11216737
9028067
19693462
19681783
11896225
19231410
9228368
12082371
8167771
2384408
3486568
20118319
19123083
11056758
3530647
7890282
10453570
3969467
19860232
2353307
9571947
16432295
15334517
9758026
3907946
15791982
6837233
2230627
7244959
7733525
17923017
16086544
7850535
10752814
6388463
9234631
19267819
65249
1514340
10951775
15681942
518184
17315273
2436744
21320756
12483056
836067
8304646
12216751
2591987
7434685
16128780
12615628
17242643
6374098
1613206
8430971
20515579
8810620
21927690
11743863
8190965
4004535
10093065
18163169
17199854
19877556
6162221
18720879
1772674
402838
17309176
16304344
505348
2188475
16482590
3606246
8814979
1735272
21566290
8598988
15650976
17008322
7315254
19663275
9153452
8045697
19109031
16315846
9011913
14743687
14750374
1630183
8885058
17577581
10992406
16344851
11259704
6847952
9476849
8084169
10478226
21445364
1370588
803083
11796900
11340685
6486154
16508733
3825472
20597076
14648097
423017
1552682
9198832
456050
3470347
8000418
3387856
8360546
9141111
1945773
3104282
18320114
15726357
11285952
1273555
21901517
3668747
10573749
15705138
2194466
21057355
20608556
11338223
21808115
3518514
19129059
1660774
19341425
8440111
383417
8404097
1399986
10652836
1985580
16575614
11428414
1267287
2643185
2954983
7813318
1378669
10544782
16463080
15082971
11340357
19374789
15470853
15679244
3279269
12010150
2689066
15871090
1396157
9461681
20037308
10776730
17458657
9773447
17692256
1509667
6507751
20509519
7204208
7606950
1524937
6872565
7184394
18565234
1672922
8623962
18355547
6759494
10781451
367722
6191628
1797116
9366169
6600537
10823531
9295832
9646813
9742334
16699149
10080731
11392042
1766160
8246330
17894905
426645
1508631
581062
16723250
3406782
12076463
16774176
12973477
1316728
17661266
3564791
7532494
2643787
15486182
12687030
10081755
17599844
20835595
3884289
3656023
8538088
1563421
832488
7481428
19923790
2595956
10662983
12215978
12456460
18018610
21341123
19752837
3306780
133933
19632377
7402751
7745855
21603171
15143426
8280539
1405106
3893888
8481620
10367314
20868798
7570179
12591680
1570977
10428401
12719060
834454
641099
115639
3140317
17305074
16129977
119113
20196669
12707661
2173311
1582072
18516579
3383904
15375648
11213409
20654022
8583331
12890295
11158648
576776
2985664
15750450
12740280
10965689
9558857
15470607
11463560
8562754
3264834
1812265
2204667
1768823
8046834
4051615
2355687
8560090
20608555
11175238
8650276
2809295
16705517
17985139
11948046
2514020
21293885
3784731
9547747
6602533
12707538
994653
10400672
1989756
17620115
8512268
2093972
1549447
2834159
8604897
9036782
10813347
21176487
4089300
7725873
21631774
8136591
12536658
1659734
14752638
15609703
1259612
16765303
19826984
12729468
2625387
19468553
3908046
8694382
20673522
10546613
12175325
16768775
1261320
1508347
9856887
16316759
12392274
12124545
10796391
16304303
685690
8571174
16137380
15351938
14694624
21357311
11468678
1403506
14992450
3377389
1179044
22009423
2949822
19809292
19021469
17177078
11146703
8192957
2400873
19727785
15176958
12800003
1446488
12071031
12181758
3277551
12379412
2729537
10209761
18447976
9424660
18957839
4248444
18695242
1021061
9468411
12238856
1338930
9777998
6198613
19036886
15486394
10515537
7362361
9835989
12776242
1315311
12123559
15236038
8905887
15693475
1508634
14569528
10835801
1121662
19102130
12689908
17925418
16398965
287340
20829341
21708492
6357256
3539296
2603840
15898440
9283173
10732589
8419439
20819501
17211165
14697952
6678131
16506110
2798066
17175419
8551144
16429899
8257975
11190412
961715
18826590
9390890
10866077
19824049
1399665
1403552
18751807
10920920
3592078
18318253
8000694
7488480
16779839
679610
8176289
21255528
6470860
6273672
14642100
7726751
19861366
436515
1315952
12562405
2029390
19632379
7803737
6766084
16377649
15368066
12575810
17337827
654335
17931517
16842696
15314743
21935418
21626869
6892977
8524765
19000472
10874988
19464876
6465691
1909617
17097442
6892674
349131
3545176
7749927
7637747
8519574
8583721
9622463
16704043
3518691
3807617
133894
21309996
20647613
18419207
3223639
10714639
18611572
1418937
2548379
2123181
2677698
3122153
17575761
2744136
10689818
8228401
3575715
15566007
15520977
2086226
9704392
2969564
3658131
2189667
19326053
3940752
7842798
10579271
21628931
8735043
3186325
7985254
10202873
8372949
3875989
7509055
7617407
8996022
16327964
2724634
19923079
6537791
21129213
15075724
1894999
10819489
7773510
8035283
10631220
19881980
21605484
15274108
1852512
2687135
2813312
3739584
10665752
19442929
17063414
20849720
12687280
21485100
16642229
15323225
14339292
10424539
2024569
2961764
2369037
3400456
636384
9404919
3816324
7547795
15318309
2067157
11287839
7717553
9761054
7263421
8733008
16449900
1832177
9609900
19224926
10488824
12502975
7626919
11868306
9438947
1296030
15483341
7094598
3558235
8810617
18709399
9242738
8377306
14506997
20105342
12229127
7141938
10667651
3630683
10708200
19540646
1488437
2402093
17625293
3532680
1341183
8169087
17544889
8820021
6731911
7301318
21095309
6978566
15616826
2643965
3245434
7774347
11517132
2727296
8339632
3729606
10342517
20498817
20105106
8982552
1152493
20438954
7704546
9836036
16125870
18511890
21229629
12719968
1541103
1478809
19477700
9479724
10588855
12244333
1289639
6638551
8414926
9484734
17218578
3114565
10767248
3622441
20617894
3894441
15915756
14633570
6786026
11687075
12580216
10577782
12134659
21694851
6698138
19951855
15132845
11307505
2766139
2537511
3269245
19094628
18835167
12700484
1782855
21557016
6472297
21095375
18464491
19259354
7089247
8129577
10757000
9445586
11271045
2924589
12703025
3484866
19849825
7633372
1659925
10397087
2735022
8015086
19076111
8211022
15592813
877867
12000692
8356268
14748487
2656816
20664253
15054578
10591564
17870274
12806238
10776708
19835642
18346380
16968544
7393673
10505498
7598542
9731807
20949229
11734962
1989433
20418792
11512229
1744330
3930114
20960900
2979978
20103240
17061676
16123922
10348289
10736820
184748
21942595
7449403
7984374
2611399
19859734
3378995
7353975
1810351
2719225
7776273
384842
3045478
1105186
8517046
7749445
9118688
1734572
9412099
16044216
21352529
12232867
8958555
3579540
7456420
9648950
16040925
10190262
3701892
9000812
12771713
3924459
9952143
20409304
1740027
11048447
2272980
18761251
16170713
8065063
16685673
10472221
18633041
15951870
1504420
16329346
6466223
8628935
11887496
1989563
2280095
2277614
17242096
18124246
6920645
6880535
3177332
6850150
15208067
7006796
10374552
20305410
18359453
1604144
17670512
2671454
17419174
16688794
12062847
16382252
20407208
16552587
14746844
8878388
19195213
2924612
9649101
15486403
1233449
8870121
10193276
18807526
18092640
1408336
16168494
7933474
19443420
15696420
2919236
10755008
8625635
12837872
2829619
70774
8521699
8897618
18566197
16026100
7326411
5842593
10189464
18651149
10519502
11600204
15383855
12219839
8215658
18458659
20338305
11315309
8630863
10946688
17877003
10577815
2552720
15337969
21440756
342835
10752257
12199918
18197017
8725604
8007895
20450780
17024317
2118950
8552818
18633258
8751668
22008401
16053460
12399834
6393262
7943857
20036396
6787766
18773325
8384192
11226661
9834793
20707661
11886338
11797360
15459176
8874273
10715333
1856898
10965705
1215888
16912033
1119687
10334153
18958555
19443517
17478008
16088282
6723392
14509328
1863348
8929602
19911488
19644610
3286664
2625814
20387118
10858484
21513532
12682458
8090673
20214357
578926
9608988
19378548
15480375
12062284
7828703
11948981
6431934
17277763
1001050
21443154
16297761
6437212
11485524
12206355
1080597
15706991
12032457
15189665
6848226
1099702
1475543
15563632
9424888
30115
6884103
12587616
12595981
12853509
20086804
2636056
655489
17042905
12587454
19687590
18348661
16001691
7900702
2745347
7689945
16010671
3608448
7067336
7103196
17357675
2629538
17419436
18181005
1883058
20308302
9105806
19219482
7574314
20667376
18632271
17717440
6106976
2459946
7602743
15939147
15547227
20682157
19457843
13997989
6701788
2546718
8588632
15109186
1402351
10028550
21874708
18617289
18483676
10869128
704833
333976
17313030
12130984
10460364
7771936
1405076
20172539
18760720
10767235
1982121
17111811
8275758
8653007
9121855
19727734
9415838
6838049
9650671
12732997
9848611
11475176
20947683
9452233
21587130
10835120
1845641
8345707
6261710
8948553
9619219
8489089
8792987
2105408
11019517
8393098
1431491
7844916
1864354
21353009
15208968
11338022
9638488
20851418
21586476
10612148
4017675
10064951
7188052
7985437
10966188
16265663
1267370
12452239
10410473
3591843
11126786
2375811
10903053
2665062
2396770
11915733
461844
14650641
2205887
9106583
20664194
15913467
11013811
7386355
21789029
2588243
1204659
583209
1939945
1554325
19025950
9596307
21138885
16736216
3779093
10958563
7762244
22066065
14977624
3439360
2709459
1994407
17219993
8810763
11465581
8390707
7140319
1399306
10194195
8733484
18585560
11227785
8295837
1983667
15337872
8457397
15446680
21764325
10658734
20507654
10782397
15739628
10934728
2426758
1747357
21076592
16088484
10824749
7065351
18718677
16038697
15818205
1888507
1453565
18258849
12453864
12531090
2199148
6689800
9757641
11348981
1370587
9803452
1763005
2655654
7388148
10439094
12376609
14712776
6623324
10386404
477054
8121100
8704091
721878
2825282
20211096
18488106
2014297
1341535
19542885
15767108
16618955
2541282
9196298
10524752
12752552
9595232
2486830
14653963
1994678
866898
343646
12435300
10834729
10499832
21925410
3855352
12082376
6657551
12556007
10858382
16378163
8369507
8047400
7748028
6611047
4071842
9641039
17256630
2523502
20409766
8149511
11681018
7364620
21478215
16779536
11302596
836723
3258227
9753968
20609787
9805758
3396372
22090330
2781030
18756047
1670228
10378565
7663589
5470431
20180163
11804926
11748365
1658164
8408940
20888935
18490207
11475559
7045385
2820642
7168272
6412385
1325094
656988
3975385
18926076
19031796
6668283
7682723
11294404
3977178
10516860
19895388
2072760
10429343
21109282
21493138
12687596
3563335
3543820
9085016
20526722
9240524
18344210
18431279
15281327
8497344
16174943
1440997
12569308
10796193
16437041
1182941
19050607
3746102
10705273
21485580
9475251
21396683
8164403
3835911
1399664
16778405
16297043
15763380
7537383
16890072
8622285
2652967
6495243
10063594
19896350
12816032
7991879
17644949
20686435
2648728
11401079
1747247
1508030
12678542
9584472
7406317
2280092
6294362
14502366
18664777
17665067
19648680
18709969
9648183
3105965
9677636
20873316
7816452
8969923
9674449
8765375
17268734
684629
3819993
2748829
8539351
10216624
392747
734249
3052344
11944787
3401064
7436246
19295290
12406831
10590028
17219790
7979133
19444567
15516678
8505001
19736601
19890768
12746937
21859546
18340511
17903406
19136079
2033342
9742819
20207021
16091979
1997143
9247247
16779857
6315201
9709719
21881283
7802399
17459868
3279731
15857019
6401384
3579584
1417186
15970976
8214960
19181645
17671788
17651638
19178610
10504591
15831795
2406978
19638209
8545165
21639886
6392967
19917412
10359268
3692108
8214549
10749445
2123312
8728868
2895534
9022331
9725279
1468340
20802966
1547473
20156722
21516476
3872021
2315825
12060558
11003900
8938355
18173311
8579173
2736672
18067711
345985
19541567
7884987
19819594
15309678
3835919
16278186
9854612
20221746
8737686
17304419
6785264
8515162
16050663
2239113
15290480
18649638
9950106
7484560
19081148
303485
1934548
9857657
16788419
9431606
11116422
840554
17695787
17657421
994461
856432
21352375
2086066
4061014
7068480
15274110
18556110
11404138
962013
20002002
16151352
6648766
1760903
21764683
8982571
18947170
21370221
10439341
8792880
19186410
9440604
6700346
1737455
8989080
16934728
3839788
10646552
14555599
20498819
2699012
21179725
18362624
20019602
7836223
12457600
4001569
20608554
8645858
10569431
10487027
