15698860
16704891
10844236
4025384
19966510
14608840
3987713
7853792
3469810
7403246
10227585
3379943
12490797
16038369
516069
11737600
8573954
2022816
1530754
11789891
8403966
2319610
3335012
11594702
1374823
20412929
8598572
10388986
20686448
10195379
8125216
6542549
11206269
6492189
6710548
11182800
2041954
2355761
3752981
2749746
22045654
1180812
17106114
17886057
407825
508643
8386093
3446672
7501960
7624891
10433376
10571797
18694970
12832150
6355985
9816007
3908350
8289586
2084177
9368958
6695829
19135768
8428468
12974790
8267150
9072339
3726898
2669514
7782560
16595132
19486524
7010549
18308444
3992588
20037173
2814224
8176291
21134004
16502977
9542068
19361549
16275190
9503476
8587451
7820770
3803750
17710964
8384094
12500222
2795434
19794314
7157395
2702111
21781686
21372541
10619377
10405039
18360326
3686151
20136714
1184428
9425753
9928683
446834
8312864
10810455
19793023
21067851
17496543
19796309
20929060
6695826
12354539
10810088
3532585
831744
14511
6798715
2196737
8012084
18197552
9778764
9727069
8099320
8951141
19614837
9219441
21689347
2224760
10563515
8350384
12391905
3726868
21129886
2815522
1447484
19194162
