5129617
11959056
10846424
2419578
21492790
10868525
10481113
15964529
18176174
19447430
17192733
15198116
19052981
3071327
12083970
11148571
9093781
3548314
9850035
9326202
12910364
11797510
9362434
17697451
9819781
9145234
157935
16455629
7858457
21802850
9467191
8965684
15756453
9658431
1514138
6853622
9737142
17919546
17089899
7920607
20981219
19926523
7209293
7235780
3333923
413889
3506100
19482249
10898347
3695494
16644396
12587805
3257657
2471275
12850650
406640
19021721
16772203
19774208
16264107
15207763
10635076
19209017
10584455
6215815
10577696
6219577
7098850
10532609
2480941
4026477
15503021
10994664
2702931
21738115
16787142
6381535
9626201
9362438
2214905
21458544
16734969
476583
20091382
7911363
1772298
2660675
12947070
10210223
2024388
2011930
6887561
3592812
10095456
8909310
8616170
21677490
18415167
89747
12558465
18845250
15666171
8949010
12971878
1794035
2017401
12776256
7873461
21199469
18716777
1110582
21343561
11310207
20032430
15050204
21767782
1992574
2229139
12036830
19285045
20954418
21631426
10457665
9251883
8884875
6328994
10606282
8032836
7558861
3309604
2630006
17931328
10920943
11818200
10531074
16390703
11158191
10809212
3133934
11806083
8248638
20534405
11048810
22014040
18709369
12953127
10076551
16910582
11406915
11373040
11741059
7931669
14962254
2189718
18411018
17274007
15988801
2496461
9142961
433855
17465863
14621745
12817045
15060747
223441
16767909
8701453
12490858
7537482
18059222
17493345
15097811
8894145
3030098
19439093
10953985
56220
9598504
18312448
4743495
10482041
17318105
14610236
907948
10797827
12277522
3889079
21147688
16434248
11014091
21539455
7084939
8747990
7527648
11125382
11043092
17397707
15163299
15914364
8325291
20704752
10093631
11452173
6741495
21743425
1594906
16440230
21143856
20470694
9519438
857246
10451879
9242317
18632518
8113042
1831824
2151277
6585277
15143986
11500633
7127658
16830259
15529370
8116135
21589819
3926720
8221551
9779857
8033011
18222720
3290347
11025794
9341963
8535045
3439185
4029197
22076200
7512066
5293938
21975402
4082291
14627849
15107517
1428813
21693301
16403623
18062455
3381185
16556036
19250873
2738653
2486786
10815893
17442659
15206537
21849854
7318845
12084194
17477764
19182758
18070709
11023023
19078164
6687971
18504612
6367051
19308578
10629623
8713631
1011908
15490051
8506046
1396616
9616882
16295283
21545247
6488143
21590250
9870434
9142966
6455656
17710398
11585375
8559201
6812351
12014847
9350686
8589000
21907491
11014722
1056285
11859653
10578156
20331741
2385736
15464923
22071853
6493737
12433518
1889342
7751884
6348735
8965890
21735393
10791010
8911510
8573423
12483366
11738947
20404982
8558936
18275267
3117305
15719598
17630915
6224934
20687101
2134744
19684072
16029015
8028755
3110249
18319033
11089382
17200358
1093059
9362435
18672578
17129170
16192830
20939065
11595844
17265518
16969984
21544453
19211395
7188818
2886967
6236861
11216521
11366777
3500414
18311810
1700145
17458830
18603866
12941125
15909712
9179218
9412221
9168439
16507801
15501299
7621460
7521833
8172712
21623331
2064845
2620972
2541386
18976079
1963876
12584692
10902514
1933580
15596920
12187267
19018084
7997130
19877884
3342577
19365737
433019
15493056
3212230
1992599
11281559
12449148
6725870
9456212
6705002
11684845
16533374
14532782
7678043
3061913
19721977
17229018
18690873
7353370
20152587
7683017
16358214
10820173
22008141
18443795
2458788
21114419
17094387
8721578
1996557
21206517
12065933
19724668
15239795
15338848
7970647
19008995
18064514
2433089
15347275
15651367
17982393
7506558
19915998
21712617
6240966
47484
11688358
17175888
9643532
17411458
10410141
10660489
7218877
15187244
21926880
2663330
17872354
21196208
3294519
682426
9142965
17318951
10594133
17763583
10430790
9333137
12855610
8967884
7534140
9805213
1720321
18958175
11313178
2286395
8122531
12007756
10609798
9209740
11039246
646874
10192126
20000304
18850012
6441020
18562185
16786141
18398979
12149726
18789430
18204946
7680849
11938395
21795449
3079935
17883371
19201081
8011540
20682550
19210136
8518017
19717377
3734333
12728593
21934544
21625282
2109345
17242920
16482785
19190248
6186359
1709854
18178600
21794626
21651483
12645190
21569702
16996765
16538879
11603674
6403270
11495824
8757276
10779255
10522856
7277522
2137106
11281443
137182
19666868
14750420
10509339
21767781
8316866
18841734
17707240
15069408
12923661
2614193
2944268
21123930
20093936
19210673
18463894
9613993
2340694
12917954
2971403
21358056
14642096
19080784
20799357
3988928
10930796
18278731
3780087
8334430
17164107
3721646
1717226
18034035
20572041
21795838
15709989
11402438
2437268
1712835
21497141
18068486
15892086
18226324
5543993
8142681
16385937
11437096
2632105
17393358
8852167
2430652
2650826
19433387
12239046
10091803
17960432
7907658
3391836
22041265
11417967
10604742
1371084
2414002
16603843
11874181
11242628
7634618
7680374
9926970
8639401
14524489
11390554
1823843
289441
509388
20464881
17555530
18282728
21563999
8169517
1082170
1893082
595890
6120036
17402517
8434955
21504247
15308009
12912745
10523801
11696720
10102020
10208707
7543390
11908725
16720851
17701225
7505819
7964956
9280968
4201387
12215552
15933815
8986064
7725845
8009242
1841751
6388092
18205185
9381710
15822491
9436544
19271624
19245353
1707298
18583839
21197287
9607886
21056263
18377337
3945360
8652081
4279816
12746673
9204651
18021478
16450087
11574768
17062707
2737097
16717394
16317756
961464
1700585
19789074
12135588
12973007
12776255
9037283
12890079
8693647
11602410
15515572
17094908
19652650
21374084
8193347
16582511
12136223
12705498
21227090
12368952
9692651
1356849
8579890
1379958
22142750
11919427
1437933
409032
21786002
10023643
6423098
17521715
2814554
7970094
8833405
17592982
16022663
18175427
2182743
1902351
9464338
14659517
17476565
21187506
11035596
15892434
973286
7626384
15170994
16583243
15477643
14960647
17694498
12584489
21388529
8669881
11879556
10854543
12474528
21799687
15517953
8640657
9060007
17205328
16420193
827810
2963746
18785912
10699905
14596519
12233152
8681741
2716200
21261987
18172990
15111341
8305360
1589803
1388063
4039084
10792845
20227995
16519549
9877279
15960931
3760980
19365305
18490197
17167764
10663193
7551339
9633880
3101497
11729127
1691113
12602541
21738116
8195861
21954642
15762253
8286736
15197804
8739655
17163265
2654786
6850439
608547
18688056
2642714
16199993
15733806
10760751
17570003
15946573
11869664
8771291
19335222
14650452
22086865
19675870
3146335
9234622
12954579
1490622
12887472
16034921
18621611
3583434
14578718
10969268
21862816
16985930
7164627
11753809
4033409
18620951
15755329
18689614
12170001
17591310
22034578
20084187
20046187
14529539
17539908
9373793
1422319
951181
18555462
3927551
12095148
21434546
15983730
18501807
17140668
1487198
16675624
10561300
11404491
6238616
7679043
6396360
7237911
11379634
16479241
1525054
19434689
10709889
19622756
18721778
10516674
8845572
18818947
18372020
10196930
10086796
9650218
20682370
20567824
9496404
16951909
17123268
10147505
11739429
2003741
701316
6502295
19776708
20073401
17227901
16875775
11529468
6941069
453997
1813363
2977266
15682408
20051299
10085392
7193278
6173495
16278480
18381777
7892437
8622081
8853520
8363343
16245341
18592244
6460781
16720661
15363874
8418243
9296532
951878
15240528
20723320
12196279
18932258
3667305
19175734
11042567
8009054
16969119
19037464
15055560
7747253
8275351
15525849
17937158
18553043
6537690
3807834
17110624
141327
18753106
21623035
12108337
1403292
19946546
16848364
15717997
18332901
16830258
12210811
11107965
10853715
9202888
7544057
2474883
16299924
2467646
9732212
2697596
1719940
2201397
17011471
9323260
8534526
21358065
1501996
2166332
9437513
12746663
3291976
12963702
10705020
18523928
10378833
6469556
2696002
6149114
8823712
20398443
14647134
3975437
1396191
6801866
7820057
16917748
9172822
8882377
3098492
1740678
4845922
1911678
9524086
12927572
12013536
10717628
15251160
22087457
17722666
12584473
22035861
19821288
12885206
2534078
16860201
8503027
2526325
2460020
3360030
21034411
7530590
18598794
19736544
18819093
12416355
16789621
8458048
14966444
11202482
18826367
3932496
7079784
12791825
501120
17956205
19148948
17914109
19308500
15603861
20843157
2925086
9748880
4403793
17846059
3905111
11856942
3288258
10071275
18087055
475537
18379035
8949352
3660524
17315548
14693298
11855783
11150908
19459988
2353593
1751235
17551298
18230749
128307
11417970
2720593
10220269
2437794
4935444
11798212
10210217
16754822
14596439
3696821
21553362
12240791
9620634
17891938
16217289
2378979
8464192
19605663
19520297
20643516
719614
1722829
7802448
19364633
12447132
7692922
2971119
879925
9455380
20166980
21838908
18528681
2977273
7504384
1780651
19588143
16969019
15040841
12008161
3969034
16821589
17470691
14534891
14999936
12584691
14640244
2479338
9469522
7543127
981622
912995
19943206
15548440
2690607
3156705
21886751
16275935
1414739
2667872
11135218
2895212
2462438
2961355
11038760
7680827
17309642
12843001
16342193
14997767
8198671
10071290
6725973
21816036
16675270
1062933
16582516
19845595
12525760
2442112
9179233
14578025
9025743
12520479
14600912
12198636
19675659
9661867
10606278
1890194
12518415
19433087
14673740
14749985
18506174
16620148
10826247
11713996
3966137
15654484
17552447
12165666
17008093
12787713
21623077
18996796
11123080
17545792
8215628
20230544
6819101
1720014
15218466
2462069
7540120
16279020
17332237
9107082
3698381
2817911
10567980
12054147
11456377
12173602
3573183
8845654
7909013
7523052
8143098
3767548
8312657
19525966
14751580
10630504
9646255
7417890
2479719
21169073
16314250
8137283
21377588
9176965
12385590
3308078
6181822
10353887
20003602
17187550
1712521
20661915
19351101
7544030
9829594
16965904
15666229
9411511
10633459
11957197
12199352
8968035
21519321
18202925
15871033
15636048
12083064
9234591
9336743
14965742
19773618
7939761
16228056
20556213
18070191
1295049
9404234
10375084
20511054
1933617
10774248
9343725
16582519
1942553
10581602
3813665
12879809
19721056
10436698
8336992
21677503
12761419
2954605
18415535
17223585
20358315
7532991
9709778
9179235
9812011
282895
2399194
6848057
1633355
6716662
14752390
11544573
21892050
8492969
1735010
8853526
8968037
7666103
19808839
15497006
22035892
12145435
2957971
15082171
7924003
57335
1668641
1402620
9752806
15459426
17233770
9537600
8370837
3224081
17019254
16972687
19886726
17431732
16888429
21168675
19041217
11132229
8030824
19540056
17664076
9828827
8701455
9734664
10362094
2633459
19604447
1922866
9468977
106728
9133925
9744415
21304573
8717474
11057329
8603034
10698097
17075661
17962134
7572992
11174417
15800910
2416884
14629820
21320652
9251305
8386025
8453369
18220866
17554735
7006046
17673594
8262116
15679067
19394511
2479425
1784526
18372188
7081563
12442349
12123694
10451877
16129370
9880449
651992
2474242
16024317
16485535
4066011
21322998
12406881
10478620
16522553
17547681
7684554
10992374
18404974
9663244
11293237
16986300
18040900
16475714
2908583
14744639
1287770
953962
16160135
19461181
10701730
15699668
2756456
21519845
824540
12036828
2475358
9823385
10969269
7266427
3620212
21330322
3562221
11995954
8878772
18034012
2951397
2460900
16001990
17177144
11590806
3840730
14555262
2479337
17199798
3264410
17079175
17054286
1376551
8103983
1920939
19618456
6180675
11745301
11899389
15018163
19286761
12852351
18790599
1990254
6603021
20729625
6726442
2669369
20704976
10541368
12397541
16613565
7831980
11502435
20576153
12915606
8788581
8982291
8523836
11990405
8246033
18836673
7399764
10828808
19578602
16414486
18843680
10897813
15618797
12673719
16856000
10495073
19352588
21046160
12092661
1905973
8242575
20391976
2291730
9636012
2426938
20976302
2877106
7247522
14635070
1724404
14998220
9043029
7139126
20450765
18583898
2425607
16959346
19444452
1462150
12873686
2108883
19580457
11484963
18071648
18291679
10026407
6235799
16721588
10974380
18217423
11196272
9494591
17767095
12594941
11693896
9713295
7691244
266891
2261908
17668645
10763280
3062260
18025847
937924
3691759
12218373
15087068
21559634
20414127
11100272
18505376
15628294
16359438
6691757
10188849
16237541
644299
15625056
6942790
21941136
3758431
11798606
16264108
19692786
18454689
1709294
17544845
9338047
16156882
11062477
12412388
19412101
2416607
8545343
12241981
7509462
12712900
689380
14983108
16835986
7434064
1531673
12908775
16205922
19715521
2667607
9026699
18826620
2934692
20435429
1385586
2254759
8251389
12636878
21641868
8624383
15352612
16431012
17519036
7174269
412450
11892710
2075839
4060382
15006009
20854942
2003984
16702591
20499351
3572090
1942546
18174695
17237963
19108448
15046689
21849264
16188153
878120
20859318
12507700
3955991
1314626
9163111
1875564
16549806
18929490
21509438
8133796
11083537
20923957
7586624
2130244
19835345
8727347
10402245
3920361
2304725
15470659
286156
11511021
9952342
12589151
12722875
18346146
15106258
6135909
20934891
20049558
7965685
9793528
17217655
21391355
19327238
15068493
11831833
16541852
11822083
15372222
9142969
2953100
6121192
18231649
15478578
6415630
15180614
22049971
8453188
3688658
17393190
12556069
19736426
20682368
18290711
3177368
8564588
8325625
9509293
2910251
17498916
8249919
1111876
1331389
21176456
1517830
9626635
8199827
1655205
16018826
8646483
8927941
16256273
8289468
10768569
8580984
12525761
18374050
15337809
3861229
1776451
20028333
19372712
18034033
20510037
12057161
20926897
1089886
17492645
7525038
8973939
11981007
8220505
19491072
17389892
12514566
19765889
463921
21722369
2380822
15659796
1775270
7839899
10553426
11535969
8491048
9401281
16222309
10510211
11342375
16137555
14581438
22041118
10512178
12772187
4042566
11696487
10519966
1992600
21253474
9142974
2255789
18387976
20202004
19671313
4096879
8753709
8456263
17168264
16925757
6945843
8616069
17628942
9250739
16416712
18092715
7104969
6975505
2404573
11533373
6443576
7537909
10383779
12298430
11138691
11589256
15570988
1672922
19632065
3117159
16956818
20369068
8136618
8337372
20113678
15123049
16781206
7258504
18711035
2967622
18430327
707437
12084196
18815461
11816132
6173052
8090591
9341594
17599116
20579383
11982831
17470857
19521984
1715370
7703829
8231241
6942907
12148888
10633763
11488734
11421566
6242022
2142808
574527
11210994
21336561
10791529
16536385
19727722
9362426
9481440
2962689
9111642
3177253
12621853
2823606
16194461
17768092
7810097
3840379
1340978
17404492
8631404
7496211
15735537
14511030
16318429
1511019
2048566
8721345
17980665
9692813
2152018
21092876
3088971
9877264
17084550
1328702
10478178
15694547
2481758
16952326
18728715
18331545
1987743
8574618
2224119
9196146
10323099
16900649
21633873
9351880
9712488
11193443
2323317
2889957
7089762
12560938
6894893
15495257
8156286
6794407
11103241
2454743
3327696
6590162
11605218
21820545
7989953
7541358
10985068
20231005
18485822
8867543
11544572
11888345
11249559
7525518
11166824
15490377
11382140
21509437
19242634
18724199
19692808
9331023
2051559
9717420
2660505
8475616
606424
20026960
10925747
1474716
21353176
15265351
17323179
19080477
309355
21738114
10665850
9494595
2414257
10436401
19257821
7095738
12089946
7279267
17563736
10795219
18032044
19827352
9273066
15761520
2961356
10848778
17491308
6304450
7226090
18307015
1835139
9362433
1248399
16882790
16680736
19466290
20208397
7318261
8140498
11254825
16737933
3284908
8573426
18394199
6214643
10931163
3280219
16351798
15538234
15917384
16230406
10647226
16356796
2960957
1329508
11199340
20490789
4025386
8737563
3299588
11485341
8322836
16362603
7044525
11408820
4058777
7878759
18756940
8820955
20946581
9855463
7530630
7516641
17084173
15817359
10534555
16971737
21785487
11165949
16039956
12942563
8785896
7699900
17319348
2601037
17220661
17263867
16311709
21816057
1413850
2194641
9692072
12285913
19182833
2321226
2818112
11106924
11751483
20544630
9879324
15992459
9734172
6632389
20128326
2789274
20851366
7519391
17204708
3861932
19963306
6857889
6130197
7817173
8414136
17452968
21221913
11914887
9923453
16022093
7541335
7312616
16177996
14563467
17002489
11904116
15779196
1892002
1924466
12512147
6185207
10647113
19661362
7130657
14610411
15010198
16252097
1613479
21193874
2031834
15753051
3182352
2505903
11114866
16026737
6244468
7493370
16397367
6288213
442343
11122135
19309055
8042500
9468980
10553421
8490166
8997470
14667202
2351860
1627413
21135425
2496243
18373639
6186447
16951237
2429759
18672105
11141667
15490379
4019087
11456379
15129203
10434906
16957978
19602868
3315177
1754907
21191520
11456381
80576
17982394
2141052
15780048
184557
20637323
1720012
21358060
1915689
17258449
8558209
12141407
14410671
8085871
7311551
9790795
8186731
9263613
3079247
18187776
21819732
19658372
19948468
9209664
1333895
15726236
8116134
2983477
16321829
18070690
9362431
8390226
8331611
10319239
16214071
9854955
7521713
19955055
15895376
3778761
15717630
17062710
15288860
18959062
17509264
15500381
16932995
12568395
10587707
3200378
11753048
15765378
17937165
1421653
14587255
11389744
21768719
11748442
20146335
1704431
3314438
8839196
2520440
16638728
6840029
10342386
11744479
7521907
17354010
9170527
8572629
16034900
9770202
7679040
12563361
1336874
2270775
17414023
509054
4073347
12629903
18986000
18505375
4046971
11176760
12368918
21176198
19821349
10898337
8912378
10983757
15046683
17233431
19492317
17264759
1585512
20509976
9556142
90215
19782442
14570088
10788031
19543652
16680833
12082688
22015129
2659829
2947053
15743107
17804294
16319725
9152621
8954183
8948858
11642921
15460150
14629819
20845613
17160557
3763873
16498355
18454159
18717513
10687728
20627654
20587894
11095140
2471461
21071389
17590816
9277047
12402428
8639427
11696699
15299062
2056087
2270371
18413836
7508623
7448445
8708777
3723987
12521128
18565509
21106710
7543059
9519440
16736892
16092169
7787781
817388
1860683
16607930
8068084
8299652
8546459
17228999
15776785
3130180
8009089
650758
10515040
20682505
1358352
12115069
18830042
2090575
19303313
19135685
16651845
14731066
21738111
17387734
20881874
8877714
15506569
16333028
10809244
9423334
15712088
2977269
10941533
20390696
22084798
1849787
2051704
1374063
18056039
12772872
9801853
16912914
7677469
17105496
20661153
18639371
21168999
15377801
12548587
16878144
8035250
2669067
1138159
1699654
12930422
21484191
17105493
18020534
8050878
9562949
12630341
16756604
15823760
10087760
15857738
8717175
7748094
1835856
21848377
14715429
14704597
14583970
10747265
15497517
3554924
16357692
8573424
8684019
7747985
9008693
11822479
10796822
11596025
14753798
2951050
18020588
8427051
15558143
1496279
6507720
18078631
14571419
16475674
17033813
20528907
2687075
7000111
12639303
12669393
8672029
8270810
1824790
21894297
9124181
16088787
21470950
7684862
17513195
19190592
2837500
12649163
1675865
22142746
7869320
14515422
1711156
17873802
21209742
9824995
8705223
3515928
7671099
15712003
7517620
20654270
19299238
8060033
22055888
6221033
21720608
19853518
15775273
3383945
2666012
6228283
8862204
7955923
11110597
8542891
7080187
15277976
20140771
3409448
21607019
18682990
3455614
17257453
19708947
2811660
16076372
9820883
12133749
18328981
6330153
2944668
9678028
20890037
9540173
1650015
12697098
14561571
466032
183519
15316866
1958492
3998782
16019547
15711607
19153548
1337245
2476317
16601874
9512964
11196239
11518653
11161391
2527401
20921451
2763357
15986257
1408099
10627634
11687132
17306872
17566851
17447383
1727665
21112268
17700204
9495377
11401309
10626150
10969599
15250624
20176037
2221230
19715837
10898350
16681642
2276114
16330441
18253918
2208925
10591831
20862746
7214837
1303675
10551466
15118846
8966189
1776368
7432154
11528188
9024275
20878871
19627736
8635136
3408606
9790493
21143903
14715828
6156134
15800490
7525857
7423709
12915868
9432042
8545140
6287442
12532187
18998753
2639624
18661047
12160506
9437039
8971867
4056966
11204501
16239206
18039608
18632488
16225361
16880243
3634632
2503723
8220127
11527299
17882394
20579374
16387365
7138170
1763665
3299591
20671553
8790203
17497611
2484676
21992720
1492623
12914403
16514270
17683649
9423999
973642
2484789
12040468
1496344
11487909
16609695
7546830
7744327
17457022
1954047
10737376
16536317
3310614
4009008
19948463
7870635
2144819
6220192
15490382
19875028
18566348
20587151
16125759
21558988
480600
7969660
9336606
12634464
21429811
12846127
14584963
19217524
8996583
19047232
8093346
11883865
6218370
18069264
10776839
19281740
10998732
6461861
1445034
