21104361
9137719
15546374
15359950
19571352
20096856
18955392
19875909
19555622
2806294
20031609
21251133
16472279
2248787
11772121
14575388
10365235
6510618
21129502
16998740
9669579
3993566
306190
2943247
4006126
6692508
154980
15982501
16610351
1449925
3972476
15489095
17460878
15851312
8068468
19463319
262907
16172160
11838345
10750580
16344122
9669244
9587445
6837453
18853049
571774
18280326
12669948
2661056
3190044
7192185
9447331
8820843
7430873
121531
75106
9631963
12427414
8650480
17061158
19685351
12741302
10387139
7345128
1506602
19960844
17710992
19187401
15193821
2478691
2387933
22077976
2272421
21144405
16903970
12707484
12072779
16520850
11198736
3964502
6707368
16939907
9514449
18644161
8310808
21553611
2239978
2242533
12075267
8435243
11231432
11720598
10217965
1160194
20478988
12086208
10323539
4039187
12359290
20864063
17392984
21131652
20350503
2098599
2572422
17545821
17949256
2450338
8205678
1719187
18227846
17202771
16216863
11214010
10783570
1959191
16784435
15915744
7659585
15127381
2975093
989258
3337004
2114850
3107510
3717016
16643399
16635611
9924166
3630926
16198841
8074417
8869252
8777483
4009956
15851205
12687803
19322065
16472265
16050826
17027561
9402451
8213549
19609052
11153821
21616286
2937940
7230497
7353255
20842565
6849248
15569451
6292537
102294
21740744
1915422
16630989
7786701
16344227
8447263
17367353
17060042
11099998
7732716
2713978
9651711
9074531
12475464
3760616
21985495
11511430
19830145
17658638
12164454
21088992
8662034
16598627
15078499
449039
2432487
9290398
6658403
3341199
19297386
11032693
1088852
8844303
7637964
3241149
19101238
17098136
15851192
1405303
11098560
704515
10645842
19812879
19766768
16836679
12628725
3578050
3556946
17989421
47273
10609390
7971493
2140890
12177638
1097257
451703
17097881
19201497
20572358
15826261
11227955
6196733
6969197
802962
10426831
20529397
10073871
1932646
3113376
1140948
3570558
18157974
15093973
6182537
11303856
3064696
3558980
48457
2417570
20017075
3298709
15333096
1080109
8884196
8314648
881602
6981991
6181905
17424720
2368682
9727663
11603174
11557249
17905332
16230268
11041175
17067623
15633437
8989683
10997350
7571779
6810808
18473268
14728022
20723650
18270599
14678110
8631042
8578750
10827381
8443894
8297226
14666964
831426
6465011
9717037
8557918
1957757
285680
3591615
2914345
7199814
14675010
7995492
6179221
6536684
20495014
15485515
6167012
2961447
17391152
20135351
12494627
1734639
15050489
1119378
1700390
15966939
11665661
15104983
1632712
2059471
6501728
22058674
17604724
21880290
18698546
11270130
9116971
17126664
16455422
560262
8409814
1898306
19463519
19902669
17067708
8273952
2807610
18441460
2943249
17728040
17112979
15851273
16403158
9825383
2453306
1600985
12365869
15720446
12615583
17224421
14721823
6883649
20065936
22113748
9429192
15464319
1514503
1464333
1889268
10426881
20230463
21332065
19250075
1614009
17612666
15781012
8237749
8503713
6744562
19121800
21666813
15075053
11513445
15788845
6841442
3948200
7895359
12923008
1884475
2266575
19480309
15309674
18560771
19106011
18638583
12744021
20473372
15580768
17021532
15958354
7811145
668078
677034
8145438
7223665
15629375
9106430
19643695
12234787
2419852
16606399
3711498
9488948
20100970
9180129
8004644
19545347
3711492
20589431
18082092
16050824
3604895
8198880
17081359
15831642
3871766
19781060
18715533
17392612
2911884
17497256
433748
9919422
3979141
20028696
11228089
7250582
21857896
21204965
2686256
17804516
696636
17653467
17209366
15568625
20102770
1402517
16876741
15464674
6289648
2309601
12596077
10933344
2909570
2588753
19269987
11258115
1260977
2767072
19935613
14975196
8683857
2452412
20436059
8024921
12139294
12687804
10689252
16563926
9137730
2370951
21816309
8564158
7292375
15796806
19708132
6676386
11495505
70165
7960260
20735713
17541867
12751128
2419869
19635070
3728577
16022960
10193744
8365734
869264
16168058
11332380
21769820
7917691
975131
19219396
19722383
21078412
21404902
6869289
9658550
15305960
453640
21208241
11838353
3946162
20544617
12520685
21034381
10496491
18406204
14609610
15878480
21087711
15104985
16399093
14635378
21176636
2432020
2016448
18234010
19915182
17566871
10793448
8039195
21388977
8580485
18522780
9082671
2708934
19740303
18003384
7798509
11858397
16387048
9102822
2100061
3675728
4217566
1791085
18675578
16765124
14720165
1909524
14663615
2087701
21138915
11083196
7377631
12687856
17657518
21700247
1704607
7845801
9187202
2631024
9622159
9577166
7774305
16231572
9777133
2760554
9869526
433774
9687834
18070301
3744782
11320467
7199005
21331342
14739749
83618
2525373
18435256
11028152
17223412
18000960
8946465
19105102
8718984
6215500
11453586
20723083
15216920
19404036
17288954
11725261
3128586
17496288
1402515
16403074
445730
19325226
1636576
10854681
9604240
8729301
21376930
2629681
3011436
21129715
20606790
7776713
17211748
11248764
10418065
21305480
856598
21059439
19034378
14989512
10834460
2339773
18342992
19875901
11843470
8644647
7709041
19924461
16403055
9312509
18769308
15743571
7104808
11593217
18260888
18087823
14736445
16463985
19505883
712283
12224288
20083067
8230680
939032
2419867
11953914
16199337
16093754
828004
9568353
17976103
17911073
7363296
19335121
12974183
3396163
15772209
6689917
14746717
6481009
7696034
754974
20881482
18242538
10916658
7131789
14715342
16684041
7285046
15481609
18777001
17342631
11907001
15944092
3195432
12015643
19804515
9925996
12908042
11239842
19489471
878984
10957785
3493391
19793144
21882165
19424930
18390536
6695814
19321536
17226086
933346
1689559
3290027
11270706
7595128
996422
19448376
49229
20180916
17684064
12875767
20946554
2004
16239186
17131075
12888151
21624293
20632952
4007361
16566012
9363504
21457792
1843522
3085608
16029391
15895699
11558962
2453033
2301046
6215777
11520449
407875
3124083
18246236
17302712
7638041
635403
17946596
2517307
2128068
9351734
12001536
17033272
20200459
635404
3048674
3841888
12382392
20462082
9554046
9208065
9793082
15151661
9179091
7692424
6452050
19419906
17085533
11910263
15535502
8324471
962449
3973260
10361375
6642126
19804546
19393500
11399338
8122864
6160522
14727967
7727185
17584682
16189637
11559973
1136880
2106301
15618036
12559216
2976267
11228082
7746818
8407010
15194020
307339
1823778
3398237
19947860
10833804
10956289
1218736
14730176
14532927
3758095
19644595
6496364
9597418
3543195
18001355
6433842
1175257
6235295
2193050
18805110
18677166
125809
19763197
989181
7905552
2527828
3127077
7140311
18375585
18260904
8006263
2246201
7273384
3706109
14689122
14630890
9036026
16170690
6264379
18467272
16190137
8478238
624153
10933328
10810796
3085615
11109193
7994815
3358163
16360044
11433807
15487277
2949593
16864956
3377293
10598958
9644962
16598623
7414239
14570803
19477390
2631825
3867340
14696640
16283974
8265130
21549296
20025703
2265504
2929468
6452756
2236801
8541166
6241166
9875115
11481917
6650949
9480506
17174189
9826871
506928
16904777
17500351
665511
21529728
2598422
7977092
14694959
17500195
16598626
8296704
21393907
6499853
1572740
1417405
1864673
3597997
19494798
754968
16006444
11194592
15631701
15165932
7303642
6186208
3372089
2310995
7484735
3376886
15589005
1501862
1884510
15234409
857457
1583819
11300454
18657654
14680737
2330870
9736131
18713334
18803037
15766825
6858870
21527187
11083741
15063251
3147625
10709239
20027657
67793
6908894
17442746
1290646
11265708
7276790
2738275
11333048
14564317
16557160
2058243
9023613
21529733
19861390
12744016
1704605
11282670
2409307
16516593
3919682
19591516
8554000
4090986
8454562
6642113
2950157
19940605
18062936
18951683
17023079
10709716
8228716
9207634
15842437
20497679
21638985
16162627
11133212
7924930
2944936
16360063
19880850
3837064
17239717
6193699
15106742
1956545
15484163
11823089
7299999
11575200
6447739
16869208
15734611
888764
19946111
18229701
12860872
3556937
21087328
17177341
7694256
21584356
18475164
19463318
19515706
16225941
3610395
17467334
1478052
17687525
11355081
14716593
20580517
11775863
11900298
6640880
17447128
7286024
19961733
19169971
15678266
2819557
12867229
7371137
15332366
495497
2105792
10981860
1916626
19709670
7401313
2474223
10230253
11921706
11847154
16324344
996517
6468005
9132874
10361910
16491901
1199947
7237717
6746907
7572576
3761528
21383516
623004
1644078
2249867
1960328
10936005
18693590
19423955
11816147
18614961
11083192
18460547
9289378
16836676
7530097
10978231
821439
9456191
1282247
7083507
6693214
3841066
10484143
20189433
19703849
1689027
18719841
11303000
15193822
9227777
10413380
10642232
7268280
3776853
7091750
18002690
19539086
6973891
18269558
14966775
21435516
7452643
2278796
10382543
660020
18477944
6700108
18471673
17277351
881610
3022339
17461358
15234396
6459734
315687
9744452
18651421
9244739
15842426
9290571
9235799
12391427
9852702
9023172
12917729
16598605
970329
3144253
11374493
16699652
142680
2789508
20177121
6521361
19187918
15052247
1132086
21642283
12397540
6347849
1088051
17180654
7535364
2017977
2598425
21574010
2786662
19165571
6723693
8187123
11286950
19140907
16237913
923622
3435908
1341791
17897122
123846
2749020
211986
21855832
6202309
9096928
11502049
12638322
1232014
17643536
8164146
21547598
6209083
6691256
15325944
2040102
17448100
15193698
17627973
17005591
11593472
9169894
11190456
2500907
19491571
10745674
3481690
11146012
665320
16352241
7304435
12783073
10155221
984957
17179245
2063783
11826352
9431865
6682136
1769166
22118135
19155645
21828221
14651362
21828390
16503416
21075774
1384018
18297382
6810810
2142111
2629686
8024370
16403170
9635266
10530068
7264499
3668101
6182116
1529902
18656299
12906978
8237811
19421837
18475130
15633436
8046474
184706
8213868
17461866
12006692
20466849
16969263
15939105
3596789
9280728
8473638
9244029
15489094
3343455
6644215
17408376
409360
9725961
20852702
17160280
18616439
10441812
7282521
7954025
17943047
16863755
8043336
1904892
21169399
1112123
17584276
9717021
12480039
19116014
15825736
18632765
12645731
21332864
14517559
6469570
1715548
12357019
8422718
20137602
1562213
8021556
17284898
544172
16269419
22003655
18439164
9137216
19946243
7264506
11585044
2484058
158953
14736442
15389230
20852290
3655594
17897564
15111968
8362774
10545684
12545300
21468364
16943949
1245030
6500222
2451226
19439377
19017339
4018715
9448905
10426344
15120054
11865683
19298565
961612
761327
10235087
6231851
16360056
1610340
8582383
21762234
18167164
10614129
15542421
3794114
6187246
11499820
6601893
12386949
17623682
18453786
19861384
1597283
8869858
978866
10021961
14584424
9092400
1381088
3774701
19223701
11265741
12972128
17919569
7353514
7671891
11828932
1678781
6356862
1413800
10709718
20678820
2047517
821422
1010177
1146374
2524610
10211326
21632166
1424479
19108814
8529848
17584727
10948712
14560774
17300408
3889097
18300520
21301619
19148728
11348600
3345014
8301843
8212370
10758431
17085532
9642753
8418999
20860167
1024261
12198031
9068525
1583820
7919588
2811037
16443541
12077683
2068623
2786248
21912910
19058671
17345095
7815965
7910681
19524174
8722587
11812665
6439148
15851184
3117552
12966647
18068830
20453600
6846118
8378761
6971793
10169636
21215144
16836703
9704696
7053899
3147637
9199955
12402453
12464922
17241326
8725607
12161226
15772216
6823807
10340731
1746419
17719476
19809216
18029331
1889115
3802440
15531064
3624668
6084985
14556012
7091010
11933927
16969859
17556163
2427383
842467
1809627
18799965
17069835
16996003
10688301
11985914
20382271
9014808
21388447
960977
1079997
14959452
21791326
3161326
21553461
17634162
15328788
19863819
2033196
19376525
7247069
1795447
2578902
17896377
139819
8772737
16515355
10582433
21310317
18603583
19379637
6228889
10808425
11530034
2959410
20486958
16221264
2307164
2500081
15875113
17803203
6210957
8890818
19324308
8861448
19041581
21314865
9169900
20512569
2290052
6969965
9826868
2021277
3756590
11132437
12751131
1127828
8088470
8230677
1719504
16567286
964277
12434592
10958293
3936437
9177606
11508296
14521666
7699867
20356711
2747944
9183613
2451224
2328876
16731180
4020542
1383957
1526157
21344234
15120806
6172031
14680739
18585905
9043845
19082196
16864616
97948
6630782
18927331
16755340
8010892
16627409
2477821
18334390
6165155
6229223
487557
11273907
19376324
11334661
21107514
7498193
16644429
7877809
18441473
8341005
17171992
16741630
18266184
17667491
9289380
17254596
16963066
1514488
11406089
786498
782219
11015336
11063201
15248543
1632715
3811464
10636536
8869118
2312201
1182952
8729296
2760555
6192403
15793658
1526204
19695185
8134287
7601695
7124760
125951
8677868
8932566
1769026
300567
20091255
20513600
16125501
2481281
6972140
9699374
3446573
10400016
18364664
21098508
16780239
20376643
6213141
19189316
10323519
3769490
6689916
112029
12047781
16876739
133847
6523968
2960472
6821912
712285
8026009
16509516
20231153
17684573
8427119
15607394
7491316
1858627
3272782
17126646
2144264
9251450
15654151
107884
1772710
2377832
833525
9409128
17338720
16133843
11291813
7478047
18651461
8256325
2137278
18330674
17976102
6240236
9577171
991401
21835319
4029188
6869192
15127711
2546849
10695461
3799528
3486581
7249309
64301
20379640
2087039
19136492
17392995
8338399
18001465
16314187
19687165
9594537
6380253
8056216
8753907
7832126
2579180
8664716
17137900
9173374
1261387
7351066
21791329
19843409
19163016
6496360
18416210
11780456
20668351
7052972
7786110
16996849
15864898
11271954
1258517
9066323
8888673
9087346
