11707865
10674102
1306361
10654221
3491595
19438862
19026813
8960657
2647913
11277174
7821907
16703787
8929655
7950923
16491771
11380469
2256204
8652081
8504274
2688029
10768598
20524006
1730094
15500416
10328196
8750262
15513401
2911805
1890860
11189727
11929183
10929449
17097361
9400611
8534757
14996110
11924595
11591575
9537561
16117562
14662047
10375339
16548248
16267649
2784715
12645723
11837757
19917414
10403475
9815532
21385847
9383227
8481509
1369555
16099291
6370294
10508829
1949370
8386392
8467284
7804353
3032644
18084047
9489640
839827
10943536
11759074
11436099
2982544
16215373
18940160
8398297
1591375
17342517
1759916
20428006
17402371
12627001
20140779
9695966
9615108
8680649
9160311
7515030
8817988
18176375
18171242
12907879
19047298
8984529
1515637
18797423
9155968
2528594
9053498
2783257
20057324
10971081
9740872
7683735
8408187
8941202
3563892
11426954
8777368
11986602
20883389
8236864
1864656
19194101
2787749
20104463
6807391
15869448
8561891
16940499
18356348
9197829
10682651
6388059
14689329
21460864
12522935
11978140
2376610
1403061
8614849
15812395
9544428
10850356
11713377
7683045
9403457
2670215
1873593
8254905
8264254
21497258
2788510
9674273
2647914
1578640
17458773
8260371
1464035
8117934
11395653
2202462
18451581
2224143
2786553
1954382
17878647
3262010
11255592
10966286
3052706
8858406
12937867
18567358
9336363
8680651
2226156
175508
870792
8013066
11126274
1884020
8325053
8674057
17085290
15015747
10870051
1580299
10731056
15116008
10218842
18664608
10408566
1997108
11303729
21921613
7105557
9803676
7696165
18552679
15778826
18216355
8732338
20634497
8439951
7829741
8109693
9815556
11583058
10593330
10923131
20879881
11065201
1705492
8832012
3266369
8800157
1931566
2212261
12831422
10767913
12827668
10470320
9347824
7800974
21946451
2468987
9414399
8136545
11118469
18503982
8384975
2285255
9840246
8611685
1830670
7584486
20193241
14746632
9250817
11216914
8745672
16317730
1491889
22071853
11362400
16045145
10563602
11219485
12469935
10520013
15166556
9872221
