19151695
14582299
3921000
18540687
8895670
10478551
8004844
2809298
20101636
10830084
8944826
9238460
17383029
20597845
7305173
8173712
3521696
12197403
10065339
3855751
1968716
3947835
11261812
1290643
2125413
6316803
17939603
16269233
15340351
1568198
6127899
18181509
16083203
9660911
2204665
3038414
18544171
20556328
1669020
2398622
19030706
19059054
15881845
11373940
8499071
21604256
2133612
6512073
17473298
10993617
15505776
9341262
8706201
8404324
1844174
21311074
11724781
9232080
20930439
8532380
1782023
19153346
16116070
8654185
7981545
8572794
12836715
16757430
17669854
8121863
7508602
20398
7639030
12382223
3820409
3103569
6733734
15316741
11381509
1595210
1960987
10452873
7381952
18850478
2514638
19287345
9749124
8230684
18125223
1605981
2713302
6227300
12683567
11685035
20100645
19224781
2737775
3341830
17701886
2359895
7884261
7953391
12179283
11433098
10615480
6792934
12437509
1925268
6381335
11843462
20418160
10066674
11797112
9749266
16107612
3992233
21034387
3387685
11188821
12904852
4061011
2690161
3305216
12185419
2114703
22099507
1864767
3688662
2127649
8074919
2205714
21143276
2235708
6448334
7489576
17941877
15776610
9283169
7541125
8465228
2878346
715427
18568175
143260
17323034
18845250
2348136
11178288
10335535
11772298
12062365
9864611
10637907
16599898
7741839
2809957
15776595
6193352
662112
184750
21838901
10049033
9404261
8219829
10193553
836051
19359770
12555151
6639207
9301605
7230504
2727832
7646279
7720745
1724879
2093707
19185937
1781177
2688830
17938769
6442063
16611105
6810787
11216149
9498413
2645761
1450468
6462363
3416892
3411785
10708170
7677539
15919444
19037891
15129462
8591536
18799499
8129548
10980885
10524728
9619416
3154646
12763943
12479578
1613837
18842162
6587179
9592812
7646270
2126720
15466991
9420988
132636
48192
17204998
8252797
10326158
2901216
19835654
2650872
7271005
7422534
3666380
451782
3023100
7224095
3354416
18268798
15704607
2600444
741750
1469792
6426432
19302022
71508
7771207
19693309
7449633
7565052
20832085
11021333
6574307
6403730
7922221
12673825
2893393
1000926
16741745
15715601
3192177
16989913
16286565
22003226
20517732
15180030
14563936
9140315
1476322
7796450
8112901
4018182
12092041
11204011
9519051
363992
1882820
15134239
20553572
19812928
7924375
7811151
11244650
11037610
8525203
8774326
3783018
3867285
2697604
21067906
8215769
1751187
5212579
8944944
781464
61038
3822929
3031437
3789606
7191536
9594535
21165365
15896762
7721928
18848686
19563616
12185854
18439775
11343965
8407004
6870005
9740166
9635650
10234484
8543904
2722024
12022080
1604080
6407314
2612964
3433732
7016441
7304057
18657272
8952736
8900899
9271753
9798519
12033727
2670512
10616205
9350248
8494318
3831206
3159640
6119405
3428337
11338252
19145534
138398
20224041
21859469
12608997
1692789
11158414
18622335
16326410
2594948
7250593
1405034
1793331
7324482
17926086
3101142
15451797
6499693
17624637
11984742
6283671
9851571
7671569
17164489
4052287
2964830
17242893
8395488
11416257
3700500
11788825
8845614
2397778
9829322
641024
19525096
21795013
17941867
1516601
18638874
2959488
11293228
8531071
14975986
21910210
7573014
6229998
9580509
10875718
2125188
1245501
11993081
2075101
753537
8259727
11899182
6821772
2486786
6144501
19794315
10744348
17280539
495589
9538397
6753903
1287707
6816176
2252697
1297298
9891819
7817551
1934407
17696211
3207231
14690145
9148393
7564446
20557007
18080872
2280102
8211986
1090225
9130135
2931840
9341276
17287947
16180351
7730903
9749216
16281494
16352148
1443693
6785906
954598
21415740
839854
20081106
18593470
16122472
96760
19434961
3888354
2957322
2383107
11276496
10908088
9430932
19725006
2031313
7457508
15539748
1768631
6360055
3402481
20199376
17643640
16228913
1654870
11054998
20191987
2814989
7940159
105588
2262221
18377466
15714084
7938710
3022372
3387949
9324873
686798
12762252
2237883
21126199
11327016
11795180
20670514
287460
17184545
2053835
9290399
17110807
318933
12857469
20662991
16953890
1804153
18473820
3962574
20523088
9587457
10752324
16858193
11048523
1616373
11967815
8532943
17721913
7739779
18403823
19420859
7786138
17598329
19729698
7101950
8620325
3983756
17550996
2049191
3768216
8429697
3825868
16513476
20398978
6880337
10794265
12667433
7425206
1217849
15287061
11284440
9344762
1859148
2286911
11885772
2080099
1360969
8442869
942228
17956453
3311096
19922476
123738
12849673
7258540
17563556
2851266
3935239
6786253
14732327
12719643
12217686
9181590
8485345
11491655
16567194
3461688
890886
14761730
6407420
15899626
19635281
12698328
6625247
8116225
12439427
2147830
21852354
11531613
17096602
7640480
12922125
14567525
11113678
21378469
20854178
21597901
7431081
10073907
18690759
18280176
12969434
6797368
16823487
7519696
8037510
2532063
19934228
18579126
10502816
2409624
1398864
8077886
8010934
2521817
17851148
7924169
11536434
21079198
10442575
1314966
18091535
3762194
15031271
1152332
6637821
18402391
2536644
18406724
17072520
15448361
8526648
8238438
2753276
18661309
11265848
8571278
2627466
16699305
3092762
11843517
991768
6541894
15250115
12386956
1435437
20930686
7727183
2176935
9240500
11008996
20025434
20816130
11740693
7994835
1876424
3340936
14689306
8379912
15467179
6610004
1532614
16678025
16155380
17568159
1546640
16552699
7776917
730123
17372478
1372969
1529382
1771858
6682161
17271116
11949222
2970841
7351847
11724641
20849679
126907
15013129
14989512
2691141
11131114
17687274
11040002
8226601
19210213
18092132
2093711
11868524
8777960
19919868
2948604
2653391
18383936
8535228
20420745
16597297
20082123
8218073
20643370
2774506
1661095
9891838
2991871
6777857
21596580
16870069
2539850
10464907
22046433
19878554
6743422
9553203
3010509
1208999
2148709
21057367
2111672
21222413
140170
20437361
12908042
10214013
11315282
21987816
1534033
6411036
7313649
3516108
18043102
9749190
8268903
2283189
15224645
6485783
7955630
16984022
11332214
2043394
19592266
8176970
3105666
19153344
19143964
15029465
9054754
16957943
159676
19078447
1696513
1785294
3872571
6202977
19949688
16953192
1156008
12649914
18588728
2209922
3058007
2962372
2694476
7840693
9864603
9601863
21786577
2437537
8694694
3920996
19079671
9131313
2962220
8091436
9608669
17041716
18705931
8024392
3744270
18992844
7802527
3221438
1760518
11527137
12072696
6673726
6133652
12785219
9135228
9099657
20132291
6779738
1994486
3389168
9663319
20576942
11956768
8122864
6389378
15235157
9864604
2264712
14976863
16221336
16618023
11600518
10834456
1553864
19839879
21486633
12055763
17546551
17021888
1898208
7008183
7646235
14988636
15214560
3776410
21935422
2463568
1974729
6439144
2200208
2397429
8331978
21896148
2310588
7786146
7626353
1581014
9273545
20049460
15934553
20623214
18283862
15912907
9343785
2967242
9650674
17909678
16479966
16607741
7802535
20218277
18804978
2641624
3034030
11554017
1843615
14663833
8886175
781807
15896755
8750217
7725159
2355892
639369
10705682
16613152
4061265
9239911
8289155
6837606
20403215
12669777
14691897
1169958
21208705
9659885
9238420
8342651
1146964
10630756
16698744
7431983
1300959
6623237
10672407
21150336
1929722
3780328
17235512
16318930
1840933
3889106
1188170
21438830
715426
17414729
2948995
14764526
12718823
8515557
8894633
2811424
6401657
17618829
9646074
9498416
12881184
8274557
1856834
7646271
6138787
16025252
8544384
6731481
16446686
15797748
10948848
20331815
18973212
8662041
7927602
19803225
626135
3827157
2210161
11923949
10323516
14520940
3133210
15886800
2058832
2631841
9085520
16495393
12188065
1720480
2470545
11249503
3490927
1830251
754959
8905277
16802525
6861082
15486400
2593908
18798581
2259844
2140713
3050265
115407
16152641
21113473
2522252
17078911
9869068
2723268
2126899
15900125
10475465
17223037
4088198
1734240
15085306
8129549
6448608
9302358
9283780
10646956
1378151
3576161
11211752
12090321
426964
2059463
11494634
16931390
18437298
10444803
6834678
16138696
3459901
9697273
4088191
17505422
10442100
8235402
15716864
7330656
2277353
17569739
15937658
18088077
4083294
660696
8504578
10513711
14987573
12532868
7857193
2801682
9389423
17632981
8092505
9714495
7991396
2749018
2072713
1515687
3538565
8745998
3027822
11108673
1957039
11415924
3952005
3450208
17213354
12149050
8762208
1215917
15028966
3336312
6362434
6476949
17373275
15714891
11447262
1834556
21684732
15938537
7503310
7892849
1952777
9455116
1389718
3370184
8310539
1856290
241676
6217726
14552542
3090969
11491050
15192176
9036482
6431936
2939951
6201148
3948363
18499614
16183338
438049
7767670
17076221
10532954
1521436
11993203
2924186
9683914
12714020
9245970
8600604
7666946
10756854
3108002
1743834
17683587
2516808
9470086
10535718
9025896
19560695
16549193
2468969
1008967
17317543
16952584
407857
17198043
13677931
1673862
16798204
10658414
21248757
17200993
3524657
11222829
9800462
2292560
6796022
21272427
2152213
2927615
11236034
6152885
20640201
10409505
10451933
16010481
2548694
3371596
12590266
12439040
15992061
9235799
9203502
2912390
7768199
16766164
1344110
1680459
20575164
17405564
15948573
3003728
14567109
11403658
7460214
21642907
9085214
3537064
11576954
10905131
9864606
2938168
18760966
15813652
6816177
15497060
9891818
14517940
12641877
3536949
6697562
15803548
17976761
7992945
6751072
15576276
22116908
16823816
7111677
8215794
130617
17611183
17257273
20418932
8495045
20532824
9247740
7803212
19889011
16203266
6412656
607836
14695028
9039108
7838623
8230085
19923024
3168204
1982770
12325490
3804053
10816800
1918696
8577057
2062087
16479969
879613
19028639
3451140
10051869
6707359
432151
3272245
20824737
411447
10416002
21534448
8038524
19678901
19811385
8741438
55951
11705057
1305904
21150913
11054091
804884
6185052
8553091
4052855
1518740
5430379
7687307
7124062
3518402
11309726
7505715
10555460
21791803
6958114
1015498
2291615
1304147
2125415
1583374
11721173
10645054
8181869
12927584
6419701
12186993
3714756
19236770
11380102
8815262
3083516
9028092
20697853
8807142
7807357
3126657
6645185
4077303
12407825
9541714
8267508
8311597
2293035
9179925
9213786
9780626
738906
7831179
2252197
87399
17303699
10921692
6694949
1729080
12873922
15637897
10097300
15063283
9816037
2956730
19764495
20428601
9990818
3206904
16431168
15189777
12891268
1796635
12056733
2012489
16987571
10536542
12239499
3130015
3113203
11041187
11436594
6940649
2276896
7503391
707292
1728239
2137235
2008921
2384992
2906633
1791094
9207639
17449798
7917688
9121090
3511560
10642962
9229608
7506889
3552837
19208066
21247044
1262386
11273146
10598233
19857356
12436007
8586828
7485405
3601022
687487
2387064
17181970
12908756
8389944
21769523
10219889
16556119
10450005
2791415
16297257
20191816
10391321
18275259
16124358
18209414
14656249
44986
7987108
19030001
1306622
8739930
20382352
15734878
8291946
18980725
8339305
8960426
9346621
2348125
11991020
1307193
788807
19793777
21675268
12931488
17980066
18725036
15635867
7887099
19962479
17645055
15316129
11411756
6128086
1953258
15280680
6887497
7293839
8733263
3050523
696419
19391341
8283476
12402414
3297444
16884612
3758580
15329749
2368971
17942475
8648333
21618254
2251604
7542989
8331806
20140366
16273589
8172836
8076961
3717356
22092399
16024827
20088402
7878281
19157850
16078227
10363616
9394218
10426
16294550
7854090
11498438
21418257
2669367
2962867
18021127
864179
11558683
6422898
22039705
12899502
11025593
21505579
16886575
12599921
1361771
2110052
2943654
7992392
3463940
8686010
11804302
8165355
9404103
7577285
7786690
1708879
20668600
3085610
139660
14984997
9742799
17378995
6104132
1329012
14959455
11982988
6196457
14744974
9306661
19337987
6439148
6625371
3015820
22071670
15828245
10930207
8572990
1774906
3796029
7909236
20589150
8184640
6204832
7359256
107879
10363609
7426355
2522310
17067105
9152657
2423339
19862677
10088763
7826238
7971635
1055791
1109251
6094995
21420872
9382219
2930292
2286855
9776342
9666700
6492489
8352981
10430973
17101345
8325697
12930275
9259061
16501946
10982632
8581390
2237288
71916
7323063
15033608
20371960
2090960
16699807
11355009
8232188
6465976
21039858
2131038
19385307
141366
1832984
1813302
18358642
10358859
20956063
554859
18704574
11933561
12103374
8298324
8411640
2680094
18093363
6975401
14987557
18552685
8455409
21729635
10760077
6497473
2122827
21863586
17244378
7605318
2125412
12146142
20602025
9420661
17553688
14656906
7676662
1269127
1417292
18665120
17164488
797045
6890276
20925612
14736538
7998888
7438940
15989611
8744617
2021277
8758014
7571284
16874685
19338380
2061962
8913541
10757192
510213
18939909
3502811
11732290
3498965
8951585
8973851
6419692
6139797
6186186
1958113
6621087
9798511
3836015
19094563
7646313
19079999
1544994
2317435
16618022
11751723
2630113
21244903
929566
1614917
7610644
2974889
1755313
2083803
9749264
9058483
2439836
821421
19155574
17890289
1815766
7377885
2147831
2141408
16917432
7662455
10737988
11787804
15051837
10918616
2753624
9101227
17877014
9539845
20298944
1588231
1165637
6216905
20595821
3329767
20440249
11355405
12934308
1124413
2580453
11073021
2516611
20074160
6579938
431188
3768241
414681
2111688
2690838
5430424
16224065
20357281
12905108
18656791
2266265
11346214
8351674
7276448
6163937
8607678
16328219
10975037
15660468
1311223
7771885
12752891
8873710
4076205
1363772
8426500
6084284
12790045
6741171
8745173
1266419
21070525
8910629
9749191
14582440
540321
18774687
2024282
9623555
16960412
9267095
18192456
2106852
7478019
7072747
14962473
939779
8841250
6422876
12090750
11467082
9239424
2637547
1132097
11678726
20132857
17465807
10320240
1383992
18363043
12615034
3871094
3113359
8117050
1463255
20704762
2163519
3987434
21617275
21298203
17252157
10829097
17068724
9176582
7404015
876924
8800037
9301892
9193321
8047200
7516878
2028321
15283793
2344897
6657538
17850577
10816799
11794976
497982
18618289
15207219
12149909
11812910
2112405
12038218
9412120
11444455
18274979
15992121
9749195
404127
10354207
239452
6540179
16946137
1953135
3142925
6992767
11941385
18671756
8456034
3957233
1550433
2526789
11388092
9387470
11381352
2994033
17652813
3750247
18092166
2484697
12254808
12752908
11210606
3453858
8218765
11233481
15740969
17283877
388398
14672743
18752767
11205077
6832691
2414632
7807776
9797492
19385447
2487530
9827137
8830875
8745992
9332651
9520814
6707381
2398730
16715619
6819419
12453941
1868637
12143275
7136873
6419698
12886401
7940434
8087120
11722079
21918664
15106752
10928337
9247781
1301257
2756781
16721123
7786107
7110970
3013831
10090557
8257268
2886037
7833064
97946
17487580
12749180
1351739
8372522
8087478
2812822
15290948
1493456
3970573
8491360
7212019
16782803
6457687
2643402
9749245
8731103
1440080
11574212
10533665
9101398
2339819
21058470
8727836
8729363
14567499
8026003
12910114
2325010
12069535
14748629
10600847
9587437
17947195
11780719
11713146
1968893
3198441
17326675
11757766
1808414
5440520
6134412
6148918
3068946
9014799
7438392
20647779
8085105
12958145
11760454
2114082
1830320
15838231
8449265
2572253
9891823
8577001
2970413
14571641
1774481
21333241
6953958
18513344
8326959
838276
9455619
21752928
7423601
7230507
8352847
16184944
967882
7010220
3016431
10685715
8797614
2398287
9239425
7777718
12058992
1434699
18036454
7060058
11642077
2442839
7839876
6152089
20001625
8374978
20697840
11392159
8465271
9573508
3879235
1098613
3266712
15665959
12654715
8305201
16479958
19301774
18085392
9861620
416772
3414098
8199717
350470
18187096
3625988
21857616
3767182
15848718
6240562
15921149
18766793
2166956
20822954
12001204
1939405
16752350
15776745
1872706
16062177
2193839
16025101
10703573
21794390
3402465
16868717
20329375
11509926
8068829
3122684
2053302
17041747
14719995
16163425
2043309
20715118
11889789
9643639
1612800
7141853
7625151
1293266
3056159
9833160
2444299
7712526
3044243
2754161
17761277
9864608
9568347
15966612
1292207
9257672
3153251
15353323
2880414
2069883
1761899
20682128
17564563
9524434
16479968
2147107
8041965
1176751
5479347
15742307
10691993
1636760
12635390
19472705
7919603
8796214
11754960
1300951
2962283
15114685
20527612
16429273
11901890
19484390
1530420
7404000
3956523
3243217
6584680
6471350
19674502
12528166
9676723
1851618
9655650
3105480
1840448
1725046
20733383
9235462
6103844
15329423
19838476
12698014
10219521
12555515
6435571
20455045
1191445
145665
6862460
15366722
9097354
1714630
17642803
3411770
2799333
18155232
505340
15284191
1960898
18854681
9715325
6209486
19499732
1568053
12751779
20838992
20721717
12771490
11369981
1405768
10546473
71799
17171928
20078999
19340803
9382096
14586646
12119323
8207289
12398828
20911101
1493574
17190991
10677863
6421221
2958609
1833893
1394951
2125411
12910108
8215766
6424611
20644414
472595
6871627
8110005
19814674
13987866
20336698
7997079
6370540
11828920
2048917
550438
7631842
1956031
6660823
8012848
16139379
7242822
6212564
21731373
2985318
15620939
8164243
2080560
12831421
6782990
21634139
8786618
1877658
17693707
10966298
9647070
12164409
18447109
19579987
4247116
20920167
11194583
1583363
409170
14663289
21502715
847605
1221662
6990212
9864613
9503852
1628780
3938219
962371
19857353
7830325
16510115
1886311
19621620
15090899
14551172
6858982
2407493
6745577
10773239
6480684
20502092
17122610
17371636
21744696
19225256
7103037
3085617
1793330
10458221
7596494
6435568
9093039
7070210
9143853
15071869
19870991
6222298
7408403
7644400
2971538
550420
20007138
11033378
18467358
11520725
10858855
1417406
432170
7455818
16575661
16352237
8949318
16253350
7440230
14700421
10483169
17330542
3938640
2607526
12358401
10598897
18414451
22145390
2151336
6623039
6661733
16548802
19267154
8957544
6117134
18854380
20095917
2796086
16012558
18364726
16649727
10479918
11045157
15637824
7378215
20559542
9461269
2765398
21148438
21743244
7057801
12055771
11922267
18657472
9475205
10207258
15968900
19827910
10786210
1534605
300964
10934691
2048849
19037985
14974211
1647928
15776850
3350455
6818920
12534739
20619444
18465598
10475467
16305652
11588444
9775153
8215793
18827445
42844
6407452
16832837
21235880
1576058
9470075
2138208
1386959
15189509
2290061
10454761
19128227
9028067
21730802
15609804
2390365
16248380
12827830
9219403
21687580
1996210
9175572
96535
16177000
9590566
96756
3688811
192257
1449335
416775
21717303
10592928
21181613
8326892
1006272
8490950
2664984
7117376
6473959
9137730
8677352
11843318
1812268
2621076
7940421
18800450
9650340
3191774
19819469
12506127
11516228
7719949
19446997
17826629
9616411
8940846
20602863
11421643
1115070
3049097
19879467
8339585
3537532
2106856
8561592
2654584
8967603
9546917
707244
20813091
2335408
7793743
804875
11101737
8498375
9245065
7769351
1466190
17670458
1342296
3607808
2347239
8966781
2667683
10591571
1442617
8451484
2605058
8313409
7722828
2577016
18410425
10521060
8271336
6851283
6896245
10518395
8373123
6533601
21930795
17142708
14569885
8315463
7760313
370387
20448074
667920
6870004
8329800
15907244
17126554
16514812
10915191
12961109
7693740
1998436
12966659
2410706
8040678
1662033
7503595
3157964
1152671
7759210
21486631
3779213
2768952
8553598
7428270
18840578
9316045
2756850
11889794
15154231
10994322
18325140
7254125
11723786
9749427
8940985
15714861
12589189
14562972
6227757
20369778
10668685
27156
3565284
6729654
21729516
2397130
16798207
3516188
11252708
19709451
18407290
959969
703366
1300957
1828658
7377170
7462823
18221599
15532375
14571237
8289748
21843254
18812356
2573214
17434240
15708870
11502414
9381098
16383203
11252906
16845234
21109725
3034025
18798981
2104171
7800582
19683369
8764251
18006356
2078107
8456404
7185038
756812
20062684
9839163
17805198
10967865
2007928
1986893
20584848
19557993
87556
16299199
8525189
3983599
8419755
403891
17159609
10191929
9845835
496140
3066033
21899123
6664354
17721544
535404
7933427
3854163
20137480
19112819
15540964
3552142
948547
2813995
2226219
12362417
8905218
11304494
8760651
13129804
9756091
17596732
1326935
17724990
2375037
2246844
3090865
2981983
3282662
158231
3407458
2232402
18720255
2468976
11019526
18757064
17296882
927445
18480571
22030207
15176651
15725159
17606403
8561601
688580
19796040
20494894
1398424
2407198
12674179
7584927
7646288
8292863
6521203
15485678
6294821
1389745
5662549
3376841
22080231
8028742
8083706
6228949
2690740
12068344
19362895
20116635
12742277
19240049
16197546
3447111
20433789
16741575
9072465
20402073
10084045
8191473
159180
12928203
18222626
14732839
1513158
7248827
11350442
17593521
10923320
16875736
602328
11811376
10197661
10550719
21878047
3429139
16159810
2014917
17347827
3221316
2598428
15032410
20501527
9864599
8758570
1736619
18752714
8600443
8209464
15836689
15055821
14996483
7715541
6825576
7185041
8164042
2621505
7008215
3985926
21289849
1602607
5077909
18797201
12918574
2684235
10614127
9814799
19763608
7027746
11043420
1116467
539690
684664
9280726
1751178
18072418
8417713
19318758
2528560
19057376
9749280
1190851
22075677
8642801
10589966
11554074
737823
7002435
12397029
12664499
11890220
7295371
699246
15749353
8086804
20140461
16827257
22078343
1629145
19804148
11988626
15298425
2146721
976100
3658618
19579726
16647004
1763917
1886532
11023217
363333
16629448
3966407
15919439
16282727
10975040
17568157
21672143
19174114
8619722
2211804
1085391
20569748
22145386
11817063
5781481
11756207
7113476
1745869
20620723
16351011
152177
3311100
9774374
7803877
8297706
265228
2451315
1982916
17652818
8735183
7771891
304410
3902205
2950393
21873731
3439147
2147825
19237385
3447430
15075060
15287423
2069887
3804358
1425142
8850371
9864607
15772705
823884
15637889
127598
10550596
8252601
19127319
11128765
1524154
133000
16614146
941831
2174309
9084076
942827
10355423
12949891
10373779
22084770
21900319
7724135
11741095
7058449
10037839
14566449
20403346
2137382
11759408
9026180
17716688
2445624
15785830
12014249
11967714
15179245
500942
3103573
15332637
17054240
10198722
12768253
3632164
2083809
4243829
9611022
9397301
9704402
2109901
11198785
15947893
1290387
1142635
8760660
8458353
3014927
14756064
16134825
9833170
11849221
8729556
15112194
10370730
21140118
20021474
17312743
16158030
1138733
9444637
1634837
7469456
15724925
15360117
2800999
8045524
16140322
7455852
12109305
9137731
1753565
8260435
824980
3799365
17377358
17107670
3685478
9254532
19410477
9093094
16948701
659499
16305651
3685246
15519844
9372375
1725049
2027505
20388086
17303760
12921132
2564565
19674496
12382403
7971764
9281018
17610342
12887728
9597925
10992878
15362779
2111677
8917742
14571638
19904717
10646020
18299864
7518735
19829094
11800516
6834188
3896092
16910044
7337059
10879075
17936158
3118834
17183827
11982977
3592557
21749888
2759326
18512853
10207251
1924410
2970174
8404947
8498803
2534270
21183071
3136708
16940688
8212630
14673398
2844088
18786070
1855172
8882080
1433433
17180945
10830083
3090971
2293353
17424001
7717646
6805591
628142
19184513
2724738
17323776
1535428
14672027
11476730
1770747
17117042
1792454
2520358
2200254
1575391
9435373
1416279
9509544
6333851
2341483
4028376
11586003
1527289
20661340
6532411
14658403
18316483
10756879
9633789
1409222
7976668
7073422
16893709
10504876
7614140
415679
17488327
10068526
8076035
8365279
18788168
8949315
2751545
17167706
16179783
2945041
12504647
7404059
2968882
6695081
1267920
7114966
6650420
12555512
7960489
3311532
138491
21609444
6839869
6465992
16480355
12555586
8010844
7697060
19238502
6838736
19914130
7289237
12649575
7084485
17068729
9339255
12193525
1493357
8682016
16835053
12318891
10935404
16732352
10476823
6421258
12215733
12434591
8943172
3658868
3368992
1615936
6589945
8484059
2801186
2564294
17704901
15296030
10894033
1733000
15672776
12748810
136184
21765887
17177067
12365281
9014974
3705148
18316787
3196547
3765769
16140837
9054736
2097998
2048908
9064967
8763126
2085096
19752518
19814679
15713943
2251609
19537582
599819
11443763
2940528
12432197
2074182
15217926
8203269
124100
2900659
8814673
12414058
15450569
19926494
15260856
8336039
8122258
1530426
8961071
1185353
2535633
11216822
4083073
20004849
6441366
18261553
15237695
8517953
12868347
10047659
1822756
7760353
918253
15182077
6687992
17466701
1929708
15963355
12584212
11313688
11092099
6523006
708288
11424848
7555161
147648
2874690
19816208
17428730
11230979
10341752
129874
20650957
11265550
910810
4014797
12797042
17412640
21208156
11192351
21423443
9322907
7756070
18389490
2534268
3940467
19566865
21511402
6891885
8944589
6151821
677436
19966682
11142390
3189997
19000594
9789727
15911694
893679
10073090
19838964
12071523
10598222
8983769
41057
15227493
3827438
20062792
8193433
6362340
1837051
7662386
1297288
21492210
3788559
7840699
12153163
3743886
11337687
20429697
20727669
1833894
10945487
9546411
2566835
8338396
3914879
2141545
1610749
3495476
10878743
19669380
18335264
15666485
7290962
9315795
17606841
18022260
1236431
825061
9081361
19859633
7185037
823893
21961328
1724645
2816207
7649622
9105806
3096134
7211002
2140240
2565233
8091349
15095695
7888264
15321090
9007485
1192692
2493869
3376179
21664376
7848037
1107489
3833369
19028066
19220534
12001858
2892917
12345784
6867690
3993879
15017565
19467826
10992097
1484590
1597235
21562344
12974184
17560295
15669363
1159936
12707425
769906
21034543
17607962
8395761
938155
12489903
2793260
14586479
4215534
21330601
15070161
6278343
17949624
10612148
16241943
14508145
5173738
9626514
6428361
21700587
10410811
2391213
6265126
15690380
9657653
17988258
16821416
8205571
7267492
19799198
10621902
6151150
8478581
6532895
17846466
6469931
8120465
6211297
7971585
16618024
15686788
8928424
1085598
9223943
8867781
8312000
8205460
2580158
20501379
12001871
9329304
10478886
8231214
18040025
2150470
12398303
18624622
3168523
9504734
435696
15136901
9555958
8053534
986995
9766381
2044397
2439830
20613637
18039404
683072
2951050
16039197
496545
21808288
3497567
1080299
9990218
17344772
21249287
10912316
7944761
21482340
7981549
10746819
8774327
2656957
11436041
2108635
1821750
2385312
11826709
21490845
7702442
1813707
4002766
15603847
7267352
6220899
7075755
12440615
9428621
9360081
11589261
959866
9515111
1532302
17001915
15217567
10666355
416797
11993197
12407789
1265248
3246774
15029150
21976890
12753281
7724389
2666012
18326224
10544184
3044060
3618518
2852768
15986481
19548874
3130020
890107
3038831
21094500
6626055
19232873
19561605
15719441
12486904
1285629
6816183
2653400
10686708
9211237
7612114
1416516
2685411
18814078
19369104
2332544
12915530
1356326
2007379
3904373
2012485
3242
20631626
15680048
1489287
15124923
20427983
17493446
9366286
6399989
529238
18628221
7609968
1809482
6386507
3426824
7214944
6405004
6666898
6772131
21760805
11477627
21140119
19819421
15032411
15680022
19169014
12208410
708538
3725288
9472646
12741308
6409036
2541991
15847029
15463142
9915733
18432366
11291764
17252692
15156165
12010908
11229148
19715830
17652806
877821
1285628
2125410
2500843
1598463
15649468
2383216
17327431
7523575
16008177
2327425
475415
18436482
843101
16686354
20513975
1923916
9696175
9549399
19534435
8010788
6651998
2073183
20709045
19213580
15923156
19896862
16943591
2658183
3525088
3610392
1769026
2877103
16797793
15971487
19120675
10091166
2064514
20488188
18520726
17537653
16340747
463685
12650302
6467783
810098
8580625
8130032
10355422
9155122
3232133
12077814
11558954
1071874
18230747
3552298
2874511
9325478
14669615
2092
669503
21464194
15529516
7608438
11216565
12440642
1869326
14714185
3961
6786238
8994990
2393890
11286229
6418103
16366176
19837189
1926176
1964677
6778424
6136960
10739776
16858174
10869933
7997429
3935024
1122862
10493641
1960557
2584681
11370443
15852232
7864555
6629456
8942249
5828939
2125421
11460997
9892766
18646110
10086965
8362749
18226030
11728422
19258665
6996161
16297259
11200653
12942719
4067470
8720327
8215788
1579867
18251218
8522394
11094220
14027905
15314699
17403606
1299941
3010925
3036496
11903316
18243574
2911986
9877042
592454
10531148
11553016
9296066
6151550
2441845
19825505
11271954
8327750
6777751
7792428
6845062
7175647
12793133
19449150
9493155
2699745
10385764
19070261
16215308
22066080
2025999
11687862
8364205
15628829
9614488
37368
6854927
8498751
15707810
15899051
8273759
15248439
1244203
8274056
8322374
17937046
17715600
16479961
9301947
7650340
14871060
3626472
2290708
65000
1849988
3056060
10638669
951895
474435
6435573
17405560
11052190
16227489
11798617
11420427
2959256
17345586
11109948
8360529
12613438
2612509
10770969
16245513
6696343
9431757
925048
9255233
21591592
11999140
8823611
8529242
366781
8468762
9363520
106797
2279253
12388270
2233961
9626443
16861720
21958779
3941651
17509870
9436936
8290411
8713038
8279451
19880769
9251486
20303141
11565686
19081729
2434782
9004815
17125042
381957
8208704
16567812
1676248
1525134
1298188
402043
8323824
10973864
18438965
11426798
10543517
8281653
17000300
2147842
20684946
4415908
2102720
8731110
8516340
11306600
7655573
2653168
16740726
9139342
20565929
1001339
9733387
15740960
19876655
11190736
15986088
1523914
2123060
8721473
15521481
6368144
7626870
8949316
12508909
177176
16580942
15201164
6085236
21322775
6845059
2612812
2427807
7094411
19462255
12107994
18803891
3886750
9785428
716169
6710996
17294038
18036904
6359914
21926999
2222499
7299529
20427996
7178766
21289906
9608805
3945447
1910555
9092430
9428616
9820457
10487332
10026833
19592417
12025902
10212663
18315495
8134783
15255461
15977964
6658403
1015659
2151059
7646261
9366943
320893
12639215
3679609
505078
6820675
1449000
12558710
19480302
12890450
9248663
20444813
17546768
9183451
6831777
20482943
7453232
21234200
9080023
2351781
9864610
6207379
8013504
17599607
20519058
9166288
8693610
7495218
11865351
15374038
3332223
16217659
17669983
12742696
8257344
9245072
20737457
7848159
12227728
1263408
7206763
8913070
17638590
2125420
10609906
20830289
17592491
9462518
6749351
8732810
16946645
11434026
21180313
10579747
19857708
3107506
9011703
6529672
7646106
12089790
12873775
1389451
18313882
2810055
1218241
804357
12935451
1683221
19862530
6814785
22120856
15788708
18597673
14603021
6486145
8203366
10551791
20807976
20218951
6519081
3494182
1794115
821424
7567809
2106308
16435502
9391855
8557784
17111287
2975926
8993842
11888716
8363424
813121
21087573
9092423
2847991
3310566
2928878
8038032
17346820
11733627
4014301
18700531
6143544
20832531
2608074
4087336
8420358
16479887
7230242
1345150
14607992
9092427
15912304
8797267
16717446
9027108
8478575
19319772
7702421
4064271
2834936
6969371
21273967
2037089
1643376
17380003
2060468
1640573
1165960
2772140
21071477
10190537
842881
10461563
12522939
594299
2712500
20637388
19008306
17127729
1165639
14699256
15023100
8024391
3735565
9539826
20721281
12795564
2148503
10365208
12043252
465280
8685528
21081020
15724418
8966131
15814164
18041227
7469600
1898204
8333725
3062267
9851965
19608030
3766418
11527120
12336031
11215265
2104431
17371849
1683778
6152169
8184576
7639597
1178008
19659763
17053536
2846101
2168125
1433086
12402586
7104801
7848032
11910696
3433215
19868021
8736248
9503806
4073996
8299642
9380199
2480492
1719922
12494058
17402355
16423716
16062032
1924906
7692148
2925008
21949529
11704690
943354
2201130
21291114
7106739
8272812
8869246
15874906
15229355
18081719
14577302
2306144
8677108
4001425
11511945
608165
9181129
1132337
741298
15894782
11998332
211743
4091578
15806424
10830093
21130980
12110615
9833086
8682035
7646294
14697983
6448134
9439907
12386255
2916858
8769046
2629679
8849601
12704230
7946626
6239801
17381434
2480485
2102793
8465564
15065195
1597875
8194265
9443728
20307338
10681863
15362543
6226193
18819904
16115156
1561488
3137399
8303600
10971252
3927808
2241489
2961046
16607899
10037830
4078915
16567166
2007719
8558030
11016267
19788759
1331961
8648388
20700961
20700970
19807427
17401143
791442
6600417
3876044
10818190
2969247
19383179
19227907
9301962
12016630
9872606
21138987
19375522
2572483
2200865
1921406
6540811
12037510
15796435
679437
15110619
15881841
7593138
17005306
10919418
16826561
2035425
18299478
3466501
9797754
21597755
1967896
1497574
1785115
19858549
8651087
2199622
8953639
14692298
398568
3118574
3896564
9091542
19849873
8308682
15724639
2957125
15660507
2147839
9242232
11558326
8010502
16320682
10063955
20338774
9177981
7113625
2596993
9891815
18215322
2491794
1304144
8649659
11227721
8215773
18454246
8050455
6254360
7516008
7955571
12399341
2515824
15905348
2378473
3280493
11474565
1439645
3961306
20723270
10701400
15973723
2254106
9329962
10439638
16414679
20453750
14695499
7702429
9211012
11338259
2627875
571200
776377
3402334
7503614
8306862
8376156
12381685
1827017
16878721
16399525
340419
1995775
3630847
10402774
20128153
7614812
9058112
12185436
6145436
2980017
1985799
15792174
12505991
6804111
8590193
1527154
2796097
1747295
6376001
1607970
1424699
7880992
12497230
9631869
17224937
520114
1983490
147537
21310777
6836247
19645652
19101322
18995995
11558001
19725100
9212046
10896973
9347809
19540178
17145017
19085899
9091256
1896665
1580680
8983364
2258198
21667820
2423047
11003962
16078127
21638988
7008217
19951567
12217278
10925631
812441
7487332
15635849
3470593
7419834
3216403
9693236
12174652
7362351
1475493
11344965
7892548
12673953
3975344
15951978
484252
16200472
3936441
2420300
3158906
8624891
10594132
2300859
7786139
20703403
1531622
1391252
8172473
8012163
15226827
12076989
3793937
15492314
11804182
9237604
152441
8838767
495514
3463238
10610740
2435085
842552
769626
6610100
1709470
7487290
8943677
15059772
10858864
1263407
7167134
2676222
10547093
162523
982215
16945209
3401270
715406
409368
2338699
12215734
3935079
6369087
1926344
11443768
7081064
6483702
2809972
2313498
2903827
15801001
7933562
9749180
19764664
12139292
6121566
11924595
8136164
2674441
10953666
269460
17768650
7550604
17940665
6535123
1898198
7554123
3881107
21656238
2070402
10709830
12552157
2744311
18541779
6112531
18381002
20587428
16407236
724584
15951344
11082929
12212215
10943536
17874156
16573454
3883737
22112260
18534171
10874251
17145429
8140216
9704680
3758094
1512519
18665159
6666211
9733361
2523398
1747976
8951579
17144988
12414351
21183452
10334422
3222219
10641507
8162748
10650322
19846467
2953981
18648197
12451679
7369096
299332
10368742
14716771
11641931
10674513
12174777
6419648
7831164
9407414
20123890
1428253
496634
7545554
16936010
16500500
11523223
9652450
18982358
16503757
15802214
21964014
19855983
8191103
9149590
970206
16293611
2658603
1204662
11261905
6436572
6624453
15679431
8997867
1562099
1808850
15610214
7756067
6294397
11258616
2862824
14655544
9182258
2264035
9746108
9816988
2963269
10065280
6816172
9450840
21974814
20636545
1852063
9222465
8805176
8730127
16445986
11978216
1861550
10756767
15518364
2800357
16462718
14582439
790772
779391
9109801
17307490
3666993
12723513
10543501
11981688
17111738
804886
6949545
20973295
8041169
1117628
3363132
8624884
19370509
9500551
21161685
11393508
19827644
502166
14733695
14649224
2238404
21063251
16585391
12833200
1494878
10470746
1482333
21121401
19042165
1257583
10326147
2442698
1702247
3497033
2374891
7716890
3669120
124302
9840318
20821946
11742421
2694791
8139185
9813976
10371694
9563421
12419640
8485826
2468971
8963697
3714755
8873737
1403230
15135372
1609265
325013
3161445
7606998
11771866
73065
12434093
6709691
10868513
8489558
10519333
17134069
15745126
3256413
1534855
19926876
17568020
19304734
15362560
11032353
16268336
2482937
10873017
7974405
11461752
8584084
7149795
10522139
672339
9877363
3169098
11464531
11994864
10613939
10151004
11450162
2156780
15521474
2920577
18297576
11851350
3528537
10422139
12373350
3291831
7483049
2130211
20682095
20663353
15897635
8462203
10221142
8574603
11799429
11505140
9036504
15114771
2278406
9763554
8938577
8184905
19783329
12065957
16545568
9857934
2858454
7995265
1807494
19739412
16868716
7622117
3390538
21749676
12728577
7826243
7582146
11113007
2791373
9102744
9509451
16801160
10191586
21526473
3495723
2961250
9336066
10472869
18705899
17277659
1494866
16914429
7840310
7555503
15321213
6418100
9578892
409362
9092228
12662207
7776953
7465093
159502
333621
11735199
1886191
19701552
9642838
2118026
17611541
14996479
3096238
16458149
10872673
10588219
17332431
3952659
16945271
15472553
3886293
12407793
3891789
2114074
1835683
8689772
4063758
8960141
21306475
17573551
106796
3449507
10830085
2444775
8983845
19183405
952294
21240872
9835904
10513164
15701980
1554971
3813460
8215786
17356583
7558213
12412686
9488770
17993754
16878716
16711201
1195661
10146669
7396769
3982906
9011683
9431758
1842961
6416204
1555292
2733032
7914479
702567
18402821
1339904
14726477
12462904
7570124
15271126
7776675
2036822
1602673
12090102
21667616
11028127
3113352
12236080
7064806
9167101
19778884
6421222
9766593
20413026
18311667
12895237
21686673
15250916
12208401
9856378
10955934
10410812
21346698
8197070
694401
12555505
6627267
7506240
10678563
20668357
7079898
2026911
12955164
11098559
6125097
1507288
9368795
20409882
17285479
1712267
18027057
6540256
9753960
2732542
9083761
1285608
2528725
16534232
16304847
2510670
9891817
20113825
10213638
1505575
125322
7769497
6404580
8834926
12447669
17967925
436918
3055809
15777385
16338294
3831029
11381517
7196205
8302439
3652480
2576635
2327719
19018934
8759242
17043983
15609913
3498392
8752774
2478812
6752434
535124
1644090
10773756
20141776
2195502
8840872
15818356
11551423
21495364
19632806
16526826
11368286
9442136
15724658
17110812
8112207
9831236
3332224
12768162
9288374
20304666
20971261
751440
11525959
871633
11132456
16102629
6858847
2970172
11138242
6140870
1736083
15487266
19352296
8635210
1763305
15609920
1311723
21302665
2485026
8407260
10431864
11228786
17681461
19244244
11190456
374088
3145652
1770660
7185040
1191415
2973292
15724920
2979959
12055770
10423347
4091355
2577283
21751588
2273547
8212605
14564110
2956978
1537353
1736915
12833002
715984
15534084
12418120
2003301
2277787
7447585
9751465
17972823
19249186
16597377
16533703
1837198
2975339
1849731
1640302
2138855
9469351
6647170
1866333
16248395
6234742
2377803
18271465
4246231
3883767
1958117
10886296
6705806
7436490
415680
957755
8480960
21188002
2266605
7573191
791649
1306410
21699023
6263214
16001775
908559
15374021
1680083
435224
9876752
16479888
8013686
21502443
1800220
9749268
6439158
6846163
15066288
16547
19940096
7523058
18004181
1891897
17943137
1725050
9239428
6302796
2692312
8388701
2410690
1828812
568378
2668004
18633693
3069219
20642895
521302
12069534
14579044
6734117
155988
10073915
3495151
9238464
6395443
8024379
16138697
18414343
8677107
3671971
12075400
2778960
10661699
2607705
17625286
3411061
12479239
10052468
19037984
20955600
6278584
7362716
20627182
20465426
15350555
8264029
6113810
19595106
10469404
12365169
11695729
6499697
2176284
8480504
9646070
7989078
8729293
8762912
9582212
18259611
3968299
1581406
15978800
3743361
889407
18592937
12707240
2345788
8855070
11910047
7487331
16304219
12800377
16476108
2796005
3716363
826012
6711908
11845872
2257090
6681349
8122611
12160221
2615083
1729933
17992267
3625234
7969712
7353514
1139258
21569592
11435077
2243460
3715898
2125418
11579407
10456405
20120437
15669370
745957
2961423
1894967
16716018
11834613
7120705
2663135
12919655
16505206
16884795
1165517
10065336
16980518
6241888
1006490
15227243
1924028
15816901
11573832
15588442
19205572
2282669
17171888
9337633
21860197
19829840
10713638
15290304
21029493
7491692
10772950
7646231
16038339
19809991
10320246
7459143
8140757
19278308
4003994
3421879
10091168
21932012
1669023
11100438
18221644
6179846
10379503
17165353
19052510
1358044
8685969
3280489
15646094
20346971
21959877
12094168
2480296
17906101
6712198
11973631
18214674
8507141
8012076
1947904
16382321
6616794
8015676
11084787
21865544
16435603
11013039
11260834
4043154
7318877
21794244
3066501
22020118
7083533
3671266
15459012
7213285
4049028
10701320
17324135
19227183
16797351
2764841
7779018
16959785
16113558
19160649
6454108
19516200
9042788
11260842
128374
593982
12498134
1361840
21677910
15992949
16179421
4026575
11505691
19632390
14602502
6931627
9525293
15609914
8590192
3280225
2188844
10503954
9834976
10551436
1530425
7375847
9323280
2623835
8983681
15311028
12061209
3550463
1644074
17646775
1169831
8772694
16196154
3113370
15818357
16088392
10721445
16553976
9572064
645754
3833012
7068068
493093
6845258
11921022
6252620
2735804
10750068
19491618
12521884
9529740
11557238
6823650
1533690
8129551
7857187
9123707
12626311
10820915
19084422
19039758
14695924
17827807
1172158
17106377
20199711
19327628
10390778
16769911
8065957
2966876
1244234
3796222
1071683
3677740
21354370
7578912
9471233
2275891
1342264
7461340
9750752
15714860
11204450
3442954
1284559
15554746
7981564
8341192
8734186
9099187
21626772
11091841
6107779
3159371
4026112
3804849
131209
1665327
19508948
2662848
15167181
8752516
7183451
11208245
12803586
12559543
864902
8485830
8375461
6207793
7449484
12739825
1457922
6750251
2220013
11573623
20027800
14571637
2184944
1640946
16864947
9232078
839827
17152784
8483818
21696668
21056945
2916215
19224668
17845155
2122833
6235766
11399710
15807300
3465907
8443895
7848543
9864609
2720892
21180302
8130022
14608525
16274613
9430936
12967894
11603071
7223115
1348727
7487328
19085460
17922908
9265905
20803176
17208320
2295230
15881851
7038922
6882000
1716033
2125189
11206716
17713747
16697005
9455095
1907385
8124873
555066
8893572
14063936
3966275
11716328
10202317
815576
17200148
3324528
16206599
1766576
1929721
9086786
20519056
20534426
3473900
16880251
6539732
9391866
495501
8140375
20229061
572891
9447758
12215266
3920990
15609915
19318666
7988185
15250917
20407346
870738
1389770
699396
2799573
18964254
10648486
824206
9852918
19577711
19807289
17957267
2291239
20952901
21477148
20337214
19334394
9869617
9052363
1640669
17451918
6405707
6431933
17692712
2917256
2148669
8316324
363585
8267504
2690909
8367851
16382292
2140004
6748476
8342122
15519262
4217804
9891814
2390009
8115306
8648390
21983953
16915115
14557388
21486516
17897016
9834631
8418226
17363394
11097339
1592128
7702428
2667304
10830086
12031002
21972486
15086216
484946
12001845
9078838
3214381
8328646
15321212
21729507
7395223
7008147
406282
5798638
18479923
21789928
21510576
804891
1139781
1215978
14640168
2585894
21846713
3105275
2906228
2956099
10855069
20368797
11735198
12887879
15227349
21030920
8257070
8857680
11893318
1595198
2148780
9755002
11260838
2970269
11293748
645361
20043335
7861611
9382470
2271216
11389357
6180693
8818102
21703806
15731979
11020035
8247514
17183923
3310671
15133794
3886562
2399600
11717697
3196884
16555700
17166356
953916
18368901
8244049
6895199
15171534
16928389
1823746
21429598
21760969
2145871
21115570
2945350
2240917
3105491
8215767
7544326
16932779
398565
7770139
18937757
1669958
7260965
6832690
8444039
2927479
12174971
1761762
1308838
18980750
434955
18038147
16146467
1780733
18078014
7453226
10371693
18754413
7421656
1937937
14584751
10760108
1680972
2297363
15030694
12389492
2147832
8833500
8476652
15055912
17167240
9149549
10682740
1336940
1533350
8220896
6440501
7062992
8604938
18340626
16304858
20698971
7210651
577978
7586324
14666447
7945172
8771658
21558298
1300920
117779
10523361
7811153
2660920
3938236
20416887
7810146
20733949
2953827
20518804
17557549
14691425
10829095
10905136
8013028
12180742
10358948
15001123
7425710
2956862
6100098
7863689
17572928
10444118
10817302
622284
1222886
1844522
15191616
20605285
18236107
7315422
8155445
1352080
3983733
18516320
11676042
9397422
7266427
17703084
3447561
9117146
18712767
553306
3918737
4062390
7239094
10647836
2784375
15943164
8054840
3311509
8521558
21526047
1396809
18048002
571670
16288131
1850586
21234189
7702071
11197907
18048471
6240237
21049412
975623
7558258
15075691
8311586
1969785
2867848
8353773
7802529
1565105
9865455
15478018
10455100
18200824
15757541
12970329
7770066
19203310
336963
9040798
19182752
22011926
14595743
9805568
12833999
18220029
18694608
17310670
9749229
9505919
18158137
2076837
9301935
3197048
1872752
2945526
18460192
10647280
1376000
8804467
11794981
10411250
21271305
18407276
1756022
11813511
12904575
7331898
12087890
6299741
7248982
11215229
3335726
17716444
160852
6182078
1921687
12407790
1561779
10951409
19129307
12691286
2284761
21822171
18458996
12494129
6451536
7864721
2395252
15675898
686533
6392157
9100082
9185108
1980187
3171845
2039215
8153461
19132804
11483917
9295939
6617289
10362375
2218087
17190240
19918448
7786119
9510731
16305859
2687140
2126713
19136604
17380307
15678707
21340225
1895511
11288383
9559621
20802228
11381789
11012909
16819579
9734612
20572406
7059245
1575608
10553631
8650476
4080
317394
8453707
2125417
8726876
20942243
14974906
13910534
15033848
6179252
16704572
3207551
8669169
7474584
8091826
7653065
8219434
21092272
10878752
6371643
1772680
17851382
12243880
4048693
1370991
8045142
1517783
8587326
8857555
7096577
15485509
9238465
19178701
16857376
9817267
4059693
21416137
3257669
16545987
1330241
9596236
6382990
1523030
17704291
4037102
11713377
6980547
16294544
12555153
1470756
11016395
1827247
16014136
15995358
1146671
11421111
8888948
1619812
19172338
17540987
6832201
6216701
1783355
2475411
1882897
1183323
18930252
11277185
3063224
18416321
16007818
11585103
8783910
15068225
12349904
6816181
12891282
12131613
11775799
8302393
9411006
14973800
8697923
12056507
9139197
2581110
11789387
8576785
1703609
18604112
12607937
3107496
9092435
15386563
11298090
1838764
16563647
8763003
10363606
21189950
17601538
7137031
2376057
15171474
3042019
2638484
11933539
9462220
7554216
8904893
20459998
9084747
11246326
2986052
10819393
12416216
2379908
18984747
15256824
8665819
14566245
4071167
14668610
21902085
9592893
6303239
10825793
5693910
3807395
1770579
17480180
1914539
8520506
12838847
1523839
3055270
8886507
7563946
2069890
14712398
6492059
739946
569583
10756775
2663000
4047178
9844439
3676025
1006163
8974066
2351445
1259499
19382069
10789823
17639095
8211981
3297125
11021271
1959781
19319794
15329261
3730267
11982987
19139388
18342532
19679610
926573
21549344
2773771
2441665
7226440
10496433
15448666
11407296
2827453
17824328
9594497
967072
6435580
10490214
8212623
10967571
2509638
3062963
2939810
16352089
6687739
1937606
17346128
6768215
2070291
2151711
16322188
2306152
405979
19127022
21884439
19829152
1011487
10492770
7495389
6212704
19838955
886653
15871797
12204749
3881919
11019596
7977434
12296919
10027376
11053059
6237548
8701451
669113
1070165
17319979
15162142
19101271
6453024
9707614
835940
3211245
14602504
2191965
3397030
3083439
18751691
17914527
3249288
7481656
16970729
14963498
10621875
6220900
724325
8373107
9578350
17467405
6816170
21225386
15106507
11832616
14626737
19408074
21121730
2597624
135536
17886427
8343325
17966554
1505392
9503218
11826284
11147726
21732168
17060125
16548838
1793309
19384175
7998866
8465565
8372611
8298386
4333802
10629908
2812895
21806468
15876812
21057355
3607806
3920987
2148670
10638124
7664219
82781
7967664
15227008
20216208
4076126
20139198
15119268
9770740
12200727
1542779
12946493
6445724
12136490
4066741
6326987
31118
16997443
12838842
2260935
3278422
14733067
9501603
2218074
7778999
6859074
2969318
2144239
2638057
15660118
3441782
15912796
12055769
8374553
1119701
15533034
2149391
7412979
11388023
12038033
2633861
7933510
10368454
12900719
2896012
235375
17202668
7269734
2774997
7966873
3223746
7564432
11576364
14662229
21915287
6126167
21675260
7318191
1250632
21350079
11816132
2513464
4199246
11584459
7489803
9793162
2698715
22015026
9749214
12756023
7366277
1905620
2812765
20298950
6843152
15220182
3943230
323300
7487297
17541822
20209594
8631414
1104469
7982308
10753533
10885309
6238000
12440346
15624561
751087
10632741
9383878
10076722
7107076
8949314
20455198
2478313
8240053
15016935
7967400
3578013
1505274
10207463
12142202
20627532
1485507
10230484
2528635
2525094
11603143
15669366
1559359
15274404
11800089
18681392
15966609
11562284
9918206
9364864
16376589
12790072
11806101
799548
21586145
10464536
14647725
6931567
8476110
11980153
12715906
1957628
17759225
6811176
12308740
2144483
272983
12132028
6668098
831390
11937465
15364243
1495293
3923980
15867784
3096241
19602494
17644900
20416140
6637819
16366170
2109150
6418102
19558744
1967337
11260837
19056066
8929296
21421820
6946758
9811393
9575666
1420757
10389569
3099488
12365176
9441158
2738902
2994361
8031558
2278375
7075414
16400336
12957616
11523345
21625839
2922995
16913463
9124166
17199219
12425211
3706001
1854570
2122849
3287252
20298351
1078654
17003302
21421209
10900713
2867837
9880942
3465315
17343037
11510363
2106301
19664401
17168704
8215790
19986704
11423700
11412147
7267963
7612099
11129967
8142189
1811907
3701904
11293943
15972025
1449635
836730
20533737
8593748
10904010
1353525
101172
7648598
15879390
9400642
12852281
6810798
2214646
11472468
3511216
8847842
20143549
7368988
1464003
21382250
2149811
2709614
8734813
9170873
2641771
10368449
16163434
8786479
3521111
120716
16969671
8911877
3200243
1828105
17033600
2422488
10894027
8283973
17333054
6351212
11338850
3147949
6369290
8744390
17089909
1691110
10620664
15658620
19682362
7025848
17021440
13561122
2021279
20529396
6862728
9706823
11487021
8888295
16689386
11975962
10881802
9706827
12472394
6698065
8946870
22145384
16842696
1261381
9134617
17278782
8801267
18719057
16884429
10951854
6403745
14997834
9308124
19390122
1142120
7311199
18716658
7100
9506948
1807508
7733601
3407348
9583210
7694354
21181238
20965766
17184574
8334025
3475204
6997924
14565711
6428346
11606476
8466333
2500909
11428506
15714866
6607358
11072475
6949463
21884944
19703336
12784741
9586150
11423275
12165948
2875003
2936230
7239107
2916031
17673353
8513921
1493009
16638541
2459547
9295945
18713954
106789
8354810
6854487
3813151
12187893
2944369
159743
8371544
7310963
6179207
6388612
11149084
8774258
12867741
6519080
19997048
19080646
8896989
7554409
9578800
9575454
3279581
8698054
6737120
8043344
21638254
20233068
7292018
19656583
6816164
21332644
18220721
3543742
20224644
1268491
21353253
8721134
20825910
1271628
407858
7303939
8512404
9110254
15605002
6214223
2084836
8155387
17701116
3304772
9741743
15776825
10349169
3762203
9301240
8010847
19200942
18044459
4044234
18959678
9933732
2146936
7709040
8417691
3327639
14621025
1341183
9820468
9616505
14529912
1933132
12536423
6440500
1814905
8461508
8738385
18312831
6765488
21865779
2975895
16339811
8668820
19056068
15848342
9301959
1223870
12700497
14729541
9736267
8447239
17707095
10856727
6492295
1533918
7686666
2896877
4013587
457003
16001786
7196984
1386503
3814447
18154241
16752434
1877624
21235446
1590238
1282062
12051717
7702341
9749248
1803972
11305772
17785964
3682138
404976
1306620
11387930
7826554
9192932
19261400
15535329
3613613
11113915
9539390
2508945
125181
1999788
16689991
18557266
11298465
9579160
18309486
16868096
10720418
1405243
8101234
10331975
17228560
8062331
9049131
21899781
14740081
14686570
2111686
11885884
6809331
607491
12548384
20500438
15586655
9039093
19776710
7933398
11958312
7361140
1087954
7227382
12784769
10942501
12639992
11527673
2960298
9173707
11470083
2501019
12486654
21199210
3732073
9102280
5925317
8331798
8554296
14982603
10460604
19330398
1097758
8682102
9527403
15561030
9405772
2960626
17541289
11109196
10509993
12455771
2440002
8062772
8214539
16043643
2508451
3034317
14626735
1145372
10782007
2385953
626424
8881910
7423303
15791102
10916802
6366034
2719225
714243
17363093
12935668
3676657
9764201
8117056
3813271
9375942
9146089
16601559
8875182
18361006
16757289
2660075
1067079
581312
16544763
15966597
12591762
21277234
12390449
875790
1413411
19592475
20554294
15773435
2929039
15985618
687484
10639717
10731449
21841106
8472716
20613694
16802747
8256055
2464548
7947360
550945
6734641
2108632
8387806
1412428
16807265
8076047
11698940
415676
9505897
9752513
2106861
9504738
8800603
18282801
11997415
429457
9195567
968793
6795920
1838765
7793800
7194768
14998089
6177495
9577037
5781488
7406130
9690501
990712
10066046
2147841
8796216
4016815
6111848
206216
14727383
11153200
10824913
2523239
2129571
10723150
8215784
10098346
6458936
7771870
11857619
8246731
11214829
17963871
6932849
18630823
10795929
10563071
8003466
6501397
19240290
12188075
7396325
1668538
12905668
7030554
9446195
1800822
16607787
2780102
1009417
11079192
6642777
20113547
8891237
21475381
12926135
11344633
3424180
16483846
5844215
8738808
8386070
17041708
17657132
15457282
12292172
2343495
10687113
1830866
9542437
6409047
17223350
10939118
17498056
17178594
3604751
18063394
12012225
1421919
6206597
21645022
18789874
17012353
7346316
3085611
21673587
6419694
21989691
15790454
8388867
12087913
15467316
11337917
2574949
1330997
8288941
20508772
9432570
17043977
15135460
11190454
4015931
20680315
8372467
14201262
7646246
19772645
7018425
9246838
15741296
9354315
7395233
9629756
117819
10776418
15910289
6517989
17063457
2008853
14618661
6431922
8580730
7397994
8525208
9126129
8438044
10391359
21537784
16715501
3383949
6110589
1434729
16013353
10607374
11481219
3060894
2865181
18992690
2444172
18592933
3215040
3767653
1864649
9222458
10816177
2316277
7426504
14176061
2104396
2693751
814863
8287798
16949468
3891305
16369922
1530393
9254950
3105482
7363644
6115465
1455762
20085543
18489621
11218759
1519300
3376590
6713738
8030656
10447021
12641874
8340855
7569689
18236396
14764968
921613
18680591
448773
7478045
2918109
9427460
6727102
10562903
18036935
10846385
637600
9158169
7944984
21681670
1597118
1164877
3105712
2776521
11906686
21551268
985298
6690066
21195180
19461495
11521803
17728089
8707005
18604089
822785
2577429
19010198
2441894
11576916
1601012
16080360
1988396
10925233
10893896
10232722
9463628
10543456
2593199
8722947
407860
8894997
7534949
18947007
9891816
16002175
19785366
17666156
2530756
3219682
1292772
8205310
14988778
9853161
21546854
17031730
2198219
2090538
18174638
17382224
10444963
17203467
6412655
20881842
7621317
21191304
16479059
10797974
14708734
980711
20666072
11076421
15227026
2777878
9568449
11546893
6522878
3098199
12695446
12224147
11452654
2474095
9458451
15568601
2584062
8798099
15584567
2033888
10695358
19141496
18338176
15678054
16216864
16669842
1589374
16365519
15700430
3701719
3249307
10064969
16749508
9686817
433737
6499690
20395675
14552069
12698843
15173687
6867803
9749204
21084725
8417882
9365421
11515306
1294876
1866765
8207560
10962905
16280281
12227701
8880826
3062069
3952031
14988883
6283349
7869391
9239915
11593045
3422260
3087315
3665316
9589491
1841793
3311190
1681628
2650012
6707364
2943245
10514129
8683856
7702430
15293169
21467999
19260118
7188961
8280783
9454993
9471912
10388306
17868499
15160956
17675271
7646259
6200979
7985720
2264766
12366515
3310640
6424607
3347880
7089752
10754088
2036623
16199898
1915430
6350311
19437364
10457341
3340968
8729298
10665941
17001182
3501298
2961425
1989114
1611452
1658988
17942273
10602318
2167796
8712222
9721568
11044309
19111432
107899
1117871
3143160
12628711
1557683
7655693
8552532
3222890
2553407
18547815
7729325
1960785
10640205
20832821
382659
7925515
19670817
495738
2485019
3338278
9649063
18728040
6884672
7837315
1669510
16002531
6694416
9173470
18396794
10859975
11144085
10758963
1166297
17487334
3092775
1486170
15469600
11178681
17638057
20697490
21319050
123972
11336849
2515825
11896955
9033230
12232949
1337727
2608882
7176314
3183898
1983260
15937097
11997477
10721444
18082483
15938535
6164119
16018239
96754
20227813
1551055
9491680
11845874
9539878
2750790
406107
2716177
7840695
8678759
10720277
6882622
3715667
2188438
3203040
1152335
7731145
3777543
10339939
20884067
1084732
10065188
1285476
7786137
1610270
8198935
11477281
9189844
3953353
8004740
11412743
3952675
10709412
8944996
10652909
8888471
14691350
10230
6658948
18713779
923060
1357822
11125934
159354
19292083
17017293
1624068
12425371
4043106
7431360
4062721
21339501
16003279
7137917
16626004
12613358
7966846
19596344
18635852
1547381
2630016
11744024
18761311
8010853
21420874
2590140
2567543
9448179
17670280
11238296
16551808
1626938
10347971
4025157
17315620
8205668
699938
8767634
629621
8108597
15899622
2252789
18648322
11945071
21550015
16052602
3975860
8424467
21626774
3192838
2956876
11471312
17922806
14666800
9680281
18442371
9922372
17021723
10409528
8796111
9087346
