10672407
388398
16215308
10868513
3780328
304410
3902205
16318930
9797492
3921000
18540687
2069887
3196884
1244203
12453941
22145384
12143275
2290708
127598
133000
15171534
1142120
7646271
6316803
17939603
6731481
2959256
9660911
3038414
15897635
15290948
7058449
19030706
9431757
21604256
6512073
626135
366781
9085520
2500909
12188065
17669854
3490927
6949463
15332637
16861720
6733734
3941651
5440520
15486400
18798581
8290411
7453226
1493009
3050265
16638541
2109901
20303141
15947893
19081729
1830320
2434782
8760660
10191586
15055912
8371544
2359895
15321213
6448608
381957
9283780
12179283
1336940
18513344
8774258
10370730
12437509
17312743
426964
20418160
1634837
7469456
9578800
16304858
8698054
6737120
577978
19701552
17377358
2147842
117779
2277353
9254532
8074919
19410477
15605002
659499
20565929
9733387
2801682
10588219
19876655
7991396
17303760
8305201
2564565
19674496
20733949
1515687
7541125
8689772
3027822
21857616
7626870
17572928
12149050
11772298
6240562
6845059
3983733
9404261
7558213
12107994
12412686
3370184
7337059
1856290
241676
4062390
7686666
1724879
10146669
2193839
10703573
3982906
21526047
6431936
16940688
17938769
16611105
2844088
21234189
19592417
702567
18402821
6658403
7717646
15129462
9539390
2508945
3679609
16689991
12970329
10980885
11298465
11476730
20413026
20482943
19182752
15353323
22011926
10756854
9435373
3108002
20682128
17683587
17228560
2516808
6532411
8252797
19835654
7271005
19560695
7422534
10691993
17317543
607491
3023100
10411250
8796214
7206763
21271305
10504876
20527612
1712267
18407276
17638590
1673862
71508
20830289
19693309
2751545
11222829
2292560
3956523
2501019
16304847
14982603
12528166
7404059
2968882
20640201
6695081
1840448
6103844
1000926
6650420
2960626
12873775
19129307
20455045
8062772
6814785
2440002
12092041
11381517
1344110
3034317
686533
3652480
20575164
1145372
2327719
9085214
20807976
7811151
11037610
505340
3494182
3537064
6838736
6366034
2478812
8557784
8840872
16305859
11551423
19632806
2126713
3536949
8875182
8038032
2928878
17976761
18361006
1067079
11525959
1345150
1413411
7230242
9092427
7803212
2564294
317394
687484
2834936
1643376
8110005
3168204
7631842
3207551
18316787
21302665
16140837
3451140
8407260
21731373
20824737
10431864
9064967
19008306
6119405
12243880
4048693
19814679
15023100
9504738
8800603
15485509
8164243
138398
21859469
2251609
8786618
19178701
18447109
7194768
4247116
11194583
18622335
2594948
14998089
4091355
15450569
11713377
1470756
10555460
7830325
8395488
16014136
3766418
8796216
2277787
2104431
1683778
6111848
11421111
6687992
1516601
20502092
6832201
11293228
10098346
12186993
7555161
1882897
1183323
910810
6229998
3083516
8783910
10795929
9580509
10563071
4077303
7408403
12905668
4246231
6705806
1417406
6891885
6753903
8944589
7455818
21291114
7436490
18604112
15874906
11079192
12926135
9789727
9816037
908559
741298
20428601
16431168
20459998
15806424
21415740
17657132
12056733
10819393
9749268
3788559
11337687
8769046
707292
9592893
2906633
1791094
17449798
5693910
2102793
15790454
568378
7506889
18633693
11337917
12534739
11273146
10878743
10073915
155988
19857356
3601022
2262221
1576058
2961046
16607899
4078915
16124358
19037984
11016267
7362716
20627182
1006163
2351445
6600417
2237883
7888264
9590566
11695729
20670514
1192692
7989078
16013353
21675268
7593138
10919418
18725036
2035425
20662991
2345788
8855070
2621076
1864649
9222458
16304219
10752324
1967896
2316277
16352089
1937606
9254950
826012
7363644
17598329
2151711
19729698
6713738
3983756
769906
2957125
1011487
1115070
8395761
9242232
17550996
11435077
2793260
2596993
2491794
637600
12204749
8076961
1360969
2335408
6254360
2776521
2391213
11101737
3311096
1006490
9657653
1924028
7854090
19922476
17728089
6237548
7267492
19205572
10621902
3935239
1070165
1361771
10772950
2943654
1442617
10893896
2605058
835940
20668600
3085610
2627875
2593199
8271336
14602504
8685969
8116225
8894997
17914527
20346971
10621875
435696
7909236
20589150
683072
15792174
17886427
16382321
6616794
8343325
21808288
7426355
11084787
1662033
1424699
18174638
2532063
19934228
10912316
2768952
10638124
17851148
147537
18325140
8774327
8940985
9749427
20216208
9568449
18091535
2258198
128374
4066741
12930275
6729654
21638988
7008217
21677910
16798207
2627466
959866
17001915
7377170
416797
9525293
15532375
2090960
6859074
16699807
15584567
19141496
16216864
9323280
21976890
20816130
1813302
2149391
8379912
9686817
18093363
16553976
8172473
21863586
17372478
10750068
1285629
9529740
17553688
3223746
11576364
8207560
2435085
403891
8880826
17106377
14989512
4199246
797045
20925612
1489287
7366277
19919868
6843152
323300
8065957
10547093
1071683
21354370
1104469
6666898
6772131
21760805
9756091
2338699
20643370
1326935
6139797
2375037
3442954
11204450
1284559
9471912
6621087
15554746
2991871
7981564
1505274
19764664
2317435
6121566
16870069
15847029
11924595
9915733
19508948
17940665
7183451
1898198
3347880
11603143
11229148
12552157
21222413
2036623
1285628
9232078
9918206
3340968
10665941
2961425
1989114
7662455
8140216
10464536
12674179
8268903
5662549
2283189
2720892
9539845
21180302
8130022
9549399
6668098
2043394
12742277
11603071
159676
19949688
7729325
20803176
18588728
3525088
9407414
7038922
1513158
18728040
16500500
21964014
10355422
3092775
1071874
1760518
21625839
123972
6624453
8997867
11336849
1854570
12232949
18752714
9267095
15529516
17003302
11216565
15938535
16018239
96754
6389378
9491680
10648486
1852063
7008215
5077909
1383992
20952901
3715667
15518364
17451918
10065188
8198935
8004740
18072418
10543501
10652909
876924
4217804
7404015
15879390
1190851
1960557
21983953
6949545
15283793
11370443
17850577
3511216
9892766
699246
502166
8362749
2630016
18274979
2238404
1629145
15912907
21382250
15992121
18761311
21063251
6540179
15321212
19579726
4067470
8786479
21121401
406282
3142925
1953135
120716
21846713
124302
2422488
10855069
1085391
12887879
8257070
11553016
3147949
3975860
17089909
1169958
3750247
2970269
12254808
2021279
19449150
6623237
9493155
