141090
9764671
18089293
10553535
6706798
1940527
871110
9158252
8477069
18237240
6228676
19803406
12508480
12507258
6170199
16324622
1647913
20930439
16536776
762591
3956334
19782130
17295347
4052292
1527287
1870179
10526879
3374978
2173254
3760620
21348188
8650480
339267
18379819
12519727
6374900
147757
21366469
16773800
1862565
18417974
3919669
8340320
1138552
2974798
8364603
2220705
14595047
12626870
8411551
2934115
9445776
4012613
19834329
15585696
2403737
6532880
6448334
1626568
11935497
9658418
19428129
14570281
7676911
6778097
8317869
988498
17507360
4009956
2942590
16034838
7065022
11822810
4022672
6808947
12025458
6503354
7446364
17696263
8703230
11186925
18005874
3760616
20420741
6826952
16410921
9885021
3961185
19401238
3946864
15459471
11021439
10434753
6444658
15503278
3679609
17721033
21463231
9341291
2809319
21267195
1589651
17907901
15107747
11675823
9034568
7271005
7316591
451782
15847820
10402114
2657049
3918928
7294465
14669442
2266577
16859214
17679502
21811201
12466858
11775629
2358606
3181369
15525886
8777289
3448176
145329
11999092
21625124
10087874
15940086
1601007
2012845
10624925
4077230
2943908
15180030
12235477
11599866
14598684
512800
2792130
3378514
6833641
861100
20863775
12555588
16228142
10785889
3585065
3155480
21881353
8352109
2818457
3822929
1191034
136157
2769929
15124887
18493766
1830564
3075405
12566774
2319940
15669676
11127560
6386486
18261549
17252527
7288723
16717446
16219658
18521777
16388731
8327745
8455105
8615390
1467052
1532541
2945574
15608661
3929718
7565851
19259355
7278332
138398
11112222
9079603
6881018
10649755
3160119
9666408
7834942
7120501
842611
6283671
96755
16166585
11227837
8425327
4057740
18841024
6481531
2305055
16807810
1178008
17990935
3837056
219674
3632267
10711653
18054357
9403813
20101554
21620091
9327709
8284548
729440
19859897
9267877
17472014
14978553
12137442
2569959
4224681
11455277
11709821
3359816
160216
21213128
1952346
6222847
9279181
8621810
18539474
15591462
12169813
20638881
19434961
20046188
20634906
19813208
1894975
1968575
1233418
8617900
16802057
16440128
6230012
17643640
12866774
8830573
1462993
134631
696636
15714084
7882487
2848889
18479239
11233948
7366284
7212468
149522
20521238
15966606
4274187
14565640
19664035
18577113
901882
3665601
2973620
2940080
18546864
2499927
15981667
14641707
2943199
140029
8049586
10962042
3993444
9796587
8047493
198185
8404977
2019543
3722317
19950763
12071591
2821565
673528
16707656
6233229
3384615
18073480
9742868
6207616
2938555
632109
6510506
6235729
21470226
15828295
2023541
6454105
2286911
17867476
2779055
12181216
1755100
3227331
17988469
3125810
20209766
8789183
21468314
126015
7122261
10893356
9699935
16856535
9185447
2479347
21696373
15673966
8728806
11920351
6239471
3716369
9373273
15262043
18939420
18691395
18991669
1978641
312048
7317220
143129
19934228
20438917
14663295
1344088
3158290
11949113
17356580
2530377
4465471
1163444
12692426
8331850
9157300
1896665
1424336
2869672
16170686
6229975
15533972
12822748
8023833
9621847
2098033
705311
18620671
8726877
16273410
2402651
10674846
9507225
8804259
2810050
3107330
2959141
6610004
445730
3155900
8778475
2262214
3446254
1274903
11719154
10402047
7850981
7124944
17435671
2709803
18362444
9026616
20849679
17634717
2025436
15547652
8666880
1709470
21106011
3245726
10800006
2572251
3156393
10844861
17895547
1389755
8948689
21105556
9263558
130916
6287856
7456191
6992178
162523
8217451
8204092
15672093
21607174
4018463
16002949
15973020
12776645
8336033
19303226
15784633
6416207
6223549
12229218
11295858
3158390
17460881
140789
11717021
8138835
1495157
3389476
3396163
15772209
6507300
11321184
1607622
15756659
155310
19075519
8111977
3810704
17059204
1747327
9794986
11215242
6217792
2596998
10417995
20146355
2246546
3219008
8703699
15776608
9647106
159676
12601969
8901837
2934574
15983140
12219700
17977004
11266202
17683988
17564069
17227733
15766215
16840892
2788278
3016747
4010322
17138658
2962220
14974123
2734514
15827533
8551083
16359496
682666
17853454
7939823
8515174
6185040
9041762
6673726
8839804
6460953
6444979
3875986
6779738
3512478
8170726
2465448
19471230
7195689
21362206
6701705
96759
2951044
115429
14532927
3439903
6974995
21513665
17802699
19617176
1159510
6848220
338648
11282180
7095905
17537607
14756023
12202037
1823506
11393100
1602620
2519419
17350912
2048370
19746177
10522377
15227288
9480659
8927446
14663833
745181
886492
11586045
11035689
3620228
9711088
124302
133373
8756205
11194009
21730092
6685667
19729707
3766417
2815892
6967274
12018719
15622469
2406523
9068140
10885307
20953090
10368457
9148453
897167
7504407
12034955
6610394
2526834
18377556
8047867
434993
2086468
18297576
16996889
8544384
3693256
9842404
14674229
16121087
15192290
12365182
7927602
21677334
7311274
8187110
1835287
6948503
19185938
19404038
9597897
15446684
6239601
1113352
10903697
20887907
3022695
115407
2743685
14752923
132537
9509451
3713511
3395301
12186133
10730511
2059463
16737029
8046680
1734655
3459901
3609697
16234501
1877458
16686623
2943198
6454370
12389001
131484
3156760
2947055
2523982
17143242
9934924
9187611
1877416
10403440
11308163
2972767
6780400
3161465
2582690
20666278
3263026
19211152
1692423
10904015
15226943
10844846
19081323
7453241
3627531
2287824
8286834
9502134
17929473
141548
6610435
15138090
8124844
12061300
2480059
438049
17303305
2994075
2705378
18853048
20071824
2143031
1149205
694401
6733871
7259969
15624356
3276090
407857
2812819
20578404
6317876
142234
1823768
1534113
17332654
3969807
1871443
11936431
12546310
3604855
1619832
2046183
7463728
6210559
7776535
11982989
8728857
994541
6507299
2794595
6644108
20232713
3563165
11602543
21521519
7424260
508457
6892153
2147021
145911
17728261
21273561
7375888
6456087
9929999
12052596
20364561
8851271
7155951
12379478
8008691
20393342
15892281
15708326
3087378
18453784
1235317
3679202
8174586
11901891
6667811
2287546
7030109
15229839
19452429
15576276
6211892
1825901
2136978
14531302
8491891
1533833
1835279
1182981
115427
17347603
157725
1307087
8990006
9827101
20084124
18069700
14669399
7389223
7304435
20522575
622950
8599486
6148005
22147311
19875811
2616922
14564110
17004010
15768610
6405709
1627327
8164129
6240232
11297077
9267156
17279402
389559
20231136
6826531
1991908
3788179
7872365
15164373
1694275
3158046
14635392
3991500
20411808
1215926
3657253
8454386
9430285
9059549
6824096
12716370
3800610
21790593
15006584
3129998
16548007
2263779
11435030
1439277
984598
8315822
3774577
11456034
2278231
21490499
1341871
138960
3573304
20107952
11485134
11536269
1492805
6473016
567705
11113719
6854911
18435643
17140943
16567434
2934116
16370282
16702878
9178322
21240182
8469839
12195285
7558087
906520
12908756
6211115
8288929
20956908
7416870
6697886
6829478
9252427
3946173
11949112
19459028
160450
8761317
788807
15237672
9715116
7211676
7949633
8843478
9132502
835539
6455074
835323
6831346
3197247
2690198
9444023
15768384
17000733
16723806
17444341
9793374
11579407
431122
3751969
137666
15012919
10881844
11258114
1888463
16716018
3990558
9419819
6264177
21200105
8927331
352701
1471763
19755147
14587663
17519866
3889102
8970406
2055925
7087483
18300520
11111210
7724452
6778095
459521
17343132
8228408
11392089
16483050
7897643
8976088
1324800
8291290
1829619
12797034
2900364
8551952
16160908
8094573
3058385
7218492
12325461
21615321
6742939
503268
11665655
7922833
8111775
10517569
1109251
21686846
12868130
7836835
17239934
16629452
8678701
131371
6454108
131566
2641788
1439315
20470210
2400205
9026839
15266400
11146685
138330
11493495
2866154
6507292
6218747
18336107
3725438
2762903
20062616
11523170
7420729
193388
2939964
8469636
10617746
3973289
136008
18282460
6489660
3043209
7861437
8285184
15779499
2959410
2196014
7646276
16089310
10817305
9391862
3969874
1725079
2946286
363007
6617276
12456345
12189651
8004842
20885873
2439862
15198880
16880252
7728808
3619544
7981564
6291371
3108654
2333905
2114073
15965412
7438579
2970270
8316671
3923986
1832277
2966664
8733092
3639056
19959526
1920252
6693642
8341005
10526584
6493187
16912534
17879614
866638
10806729
7477198
11561223
7967248
2658928
11271374
1708012
1348727
8185846
3320707
161163
16128133
2091071
143354
7244710
15881851
19439379
16928995
1185894
2003285
15033162
17065143
10396707
4026345
2787182
7827250
3920990
2967953
1289637
3673914
13638836
3994695
11402936
8741461
8170885
1621000
2080025
9429454
8598629
12763553
7478047
17342521
8267504
210840
3144170
129329
10798637
9176582
15127711
875226
2704173
12708194
1533279
12006696
11016186
15338035
1093375
6211079
3120403
17691632
46224
20406482
1991904
9125489
8946540
6213128
2625812
2532191
21206138
1340740
9425858
17634875
11523171
6376221
3605857
6600217
9436076
11875390
20078716
2024080
2439559
847416
19695893
17595855
6536690
1823746
18717182
3021307
8321008
22065900
14501365
456805
8473797
2287822
21781938
2966436
140674
12955994
18570128
21560832
17912479
144316
9211108
3156821
7546997
19134247
15329490
932098
7137165
2278225
6334527
21970246
7424280
7065112
724314
1518975
7212509
688146
7089628
2258204
8345715
9891823
2970413
17244382
19876522
6088830
2343288
3414520
2966662
20689091
3799662
21102440
19268071
694385
3263020
2220715
21783315
16789418
19436834
2969807
17195895
15062601
14743307
8116544
975476
16095036
4095252
9824991
16548485
7840049
16781201
19637806
9603144
8497965
16078503
6240562
15151973
4235740
2600485
19005398
1872706
3105563
2969171
2373096
11316137
18254146
8276583
4018776
96757
6240237
20715118
14565641
8913067
6450733
15227237
8091442
15620924
4067345
17003552
10368461
3554839
9071137
15386602
11179091
896354
11131350
1249964
1246955
20626579
12746334
2945526
18269527
2641622
6930208
16805892
11271916
1751134
2057440
2956238
11064781
19166118
16756043
2162615
12777681
12102213
20660943
6706750
2940685
8019713
8156479
16674982
18630053
8138685
11563441
6103844
603907
8164797
6435571
1871444
134743
1388323
3773176
19579732
3903073
1987222
16777050
1406218
9271726
7246582
10396667
22024911
3585571
19857412
12788824
615614
21889385
736336
1295715
7993923
9144011
7155618
20191022
12074285
9259929
136183
2935758
10752187
319812
6421221
3497613
1533447
12078770
8215766
15226817
2229771
10519675
470104
2595796
3998323
7269994
9733248
17938994
22036752
11099679
10887364
12899203
9528343
3791851
2055626
704855
18447109
16795129
15799900
19586584
8890808
3217090
20224760
9819875
2689532
2916432
2292913
8468224
7101881
12395378
539870
3888463
16231309
3995803
617970
19588131
122840
12816375
16617001
2352402
15449031
6224500
6444341
19610566
3872968
2302904
1953975
11974869
152705
2144989
1875837
15869155
8281200
449947
3707239
6156359
7801597
8456028
3944009
19366339
3892658
1836511
138763
20000007
21432825
11523911
22117253
21952353
2845755
10072233
1223976
8177698
10640204
10517567
6451234
2228909
10868512
20534137
19214409
9485264
21876089
7087606
21397230
6465996
18690553
7075136
12047785
3776939
16832837
10932986
7460238
3947162
1758106
7740151
9766526
2343836
18442941
6826977
2597609
931228
8065581
17607572
1294769
3581532
15323383
6314794
8683331
20973384
11982987
6717168
6445182
886716
2055055
8328184
10689252
2621076
17612663
2809567
3938221
2149615
153276
2939810
11455521
7056105
17349778
10371227
10037845
18522708
2947769
9124900
8237358
3241334
2945626
1570237
21272257
8425320
16272646
7226956
16235001
2722898
7302476
21164312
10618900
9989287
14528445
2530940
3709555
7474872
1849671
131601
20408888
2142413
18001157
8313409
1341228
16461478
1476121
16181690
10460076
9048252
6447995
2020153
6221980
16267066
16930280
12638274
156139
8300485
11193516
2672749
17456823
171938
9852382
2592328
146398
18639994
9209939
2956825
9749427
3782884
3661580
1138659
10730534
18578441
2971789
1892020
106793
19525660
6727432
18592921
2689066
6644120
6447412
14984814
7095907
11109414
1828658
8793672
9556290
10224210
16825145
2801561
6447213
4102089
18044826
7603071
11857975
157667
18988802
6191628
1491923
6236251
8184397
11578132
10080731
6828955
3445751
2971710
1441378
9185225
3946153
6823608
19486996
1548908
16212982
507575
8426012
15510934
9594528
12089960
21273086
7449294
1888522
6241914
3531007
10475425
3545598
8446924
1104469
7296798
751087
8397561
6451007
1535053
132078
10952161
158231
6979796
16689199
21229687
9296818
15832975
829729
5909694
1800099
8228880
12759629
6692682
1223884
3355308
12538326
17342631
15736551
2407198
3438719
7646288
10226646
10519185
18766551
102274
9656674
11411728
126055
3096241
143367
19966354
10763084
6460314
1334795
1827989
18980498
2977798
9611858
15101079
8443982
146437
8996997
12373583
18484265
1405700
3609040
11053716
19219501
12382421
21421209
8252669
6226132
11452531
1833957
22039859
12379412
15904652
157695
9301238
7249313
6234065
7249304
8413206
325489
7494559
21383153
17426876
3677499
14749494
2886412
1898236
187309
16626506
1589652
837757
3831016
1474694
14496
8230917
16696397
2405619
11477210
2963077
2530438
598996
17544844
3606229
7374727
17915415
18822138
21306376
6876546
19577294
11708026
21656517
7979692
8721341
8415173
15353885
3440264
10391270
15746688
2563789
13561122
17243512
21519494
18039185
11579531
15255036
6423716
15937979
127598
2018002
19943435
6834448
3946468
8837578
6461025
7992415
1981224
16317769
15921962
7631612
2964387
6658995
2500909
7321198
7406932
21970224
1138652
6428351
957848
2916031
12201067
944043
156607
7510637
126889
19394287
2388997
16396690
3659352
3072935
10085512
10363532
21140118
10921524
9935024
2190030
144592
19245069
1341777
17703373
3837064
6636936
3228460
16061744
2727409
7474571
9254532
15483341
7875067
21463443
7246418
15199756
7194009
8047724
10865304
1513281
7388361
1814905
21126380
22041438
6207069
3654735
9358580
3615228
6883741
8448797
1823893
2812817
9136536
2941590
10831527
16752434
6182311
12000071
20090295
6165961
11865642
11807219
17909956
7947624
230367
8054729
3782892
7713107
8904674
18388099
12776954
12214923
852321
8500245
943082
17335942
7351889
9875769
6702632
3158191
9057370
7219789
14607052
18984984
9185222
9308666
8446401
9102280
2727356
6687293
8002859
2689533
11194028
12935618
12555512
12380794
17646370
11388600
8437361
1983101
8225674
6238211
827996
2338507
6226195
18035082
734757
9131310
7564022
17679259
17726310
18439688
994536
18788850
1454642
6492375
2148167
6092735
8990887
96758
6218485
18206828
708129
6444342
3110216
7752970
17558489
7138135
879938
12797021
2545320
8057567
30510
12027234
7800214
1412428
16737883
2391275
7320570
131248
2297858
429457
12183387
20140368
8561570
21175533
7857189
10404462
9493216
17015788
7279462
10829950
21918273
2729103
8478580
6142641
1608075
11934600
6440970
3983592
2532806
10684141
2466284
3578394
1295610
6458936
134829
20387502
16236620
8411399
6778440
11585425
1835967
10780148
3363788
10390801
3514479
12632374
2570481
6876738
2631026
6660824
19581830
1535381
991428
17160280
1529180
10484764
15733762
9863609
2530503
9732042
10544684
9362410
1475543
8710922
10969632
2606544
7446409
10339599
1864823
20469042
9559433
6501388
8131755
10485376
15735283
6457576
7429926
20300761
9827073
12139896
20369585
20051001
1924053
16728496
3268347
10669714
7626354
15011423
1654473
16875332
2714910
4236906
15877206
16431187
19657992
11410702
15457397
9884567
10979284
4036985
9379820
17643612
19713670
1915460
9793028
2320797
7666342
7061121
14584424
8648897
9138996
2012090
2727411
14717876
21450026
9354885
346620
8561540
11499737
6495330
3408201
21034602
10365239
1010177
11771554
7639607
12806984
16640005
8553597
7136629
17238345
8986990
10219546
3377685
1522690
3134864
19152016
18522796
8049092
9220311
9167710
127594
221700
11503913
6211423
1579752
6233241
20434111
18087634
6885287
1439254
18720917
2900487
407860
10084379
16157343
9694454
8153726
1153691
2962548
7464028
7053899
7336188
8682059
3161111
11380030
9619698
15864004
2506299
16835932
3501442
3958039
2148782
19198237
17460882
8090879
122784
19705022
21253486
10584424
16969859
6542598
15732599
19114170
12118277
15568601
9324789
17601544
7659689
3489405
3276110
7188708
9111094
12635839
17339568
128283
2306978
8783772
11140938
12364862
20831976
12028817
20152250
9203207
11376817
11802530
9565504
150086
9169900
10069709
156811
6405004
18262280
6231854
7149626
21140119
3221315
12434592
14236028
9284423
3689917
10864059
7188961
8390717
2154115
18253925
2530359
1405293
18732527
20599173
10778413
17133024
8164403
21727153
12864722
17128310
2810754
9174633
8404554
6229223
160218
8950246
11195676
126121
17515300
2345323
3160160
19147317
6473014
3275703
10347275
3564987
17467450
10760631
1246141
10677746
21846694
6890794
8721105
9251511
20047196
3841907
2409370
20066456
15971487
19083320
10225665
18192090
6600538
9476532
7942555
18725466
1879320
2068409
15724641
11061089
2526803
11178681
2045465
123972
15277740
15518417
14317452
15761637
1402168
7945616
8648896
7169938
6164119
6461310
7495047
3694923
829042
6231707
2365509
710762
15380799
9035654
1139756
8109232
18661169
3872021
6418103
2377832
1162555
17564654
10980140
17493902
7138711
7448854
12025463
2140506
7146316
2637609
21556446
159354
8991413
9692401
2910141
3527472
3923974
11857981
7616299
8945695
16225717
10449229
2573321
18389779
7832126
18341159
8508067
8336439
7053897
7833083
12649400
16052602
6874510
16796626
18372584
2441845
2960942
8869244
18313008
4012239
11201563
1584326
21056136
