22090538
15984906
19307737
16314288
21929348
21050974
15087020
19464806
14613026
19656681
21371685
15977964
21616287
17488140
15177418
15717742
17400308
16258083
17686164
19490562
21147693
11694789
21163767
21146409
11248153
20860069
16918262
18358614
12017895
15031597
17614302
14680438
16710024
12170449
18607846
14672400
12576933
19885836
20832415
11706392
18791821
12860162
18827789
17591827
17652805
12744756
18514938
21372222
12820782
18272009
19379636
18533085
21126826
16802515
17589560
20138541
11098307
10378962
12942200
20142587
19382598
20943603
21062350
18043124
19887355
16862153
17719768
19165856
17685010
14667278
20842180
18241629
18664550
19502192
16951389
18696011
14722042
21705993
11681238
12506169
19156515
11236034
18241007
17392727
18483301
17457301
19046106
18976826
16808550
20210773
12885806
20177030
18622914
12422054
21999911
11790161
19171712
20572357
18495246
10899087
17638068
18376852
20414516
11774200
19147689
11872048
19683138
20210725
14710203
21301318
17652804
15143970
16806901
19712608
19169607
11006699
21227599
20709813
18156309
12057079
18594499
21127749
21665463
11727972
20595038
10482200
19079999
11301370
12237930
12855614
15770536
18660728
20071309
20026806
19669637
12806947
20185313
20375725
20576644
20351072
20176546
17512450
19202960
21918836
21218604
20632949
19074216
20735304
15875778
22090532
11049054
18990083
19174506
18484781
18317582
11970740
11977556
19056137
19936641
12422055
15952915
20707718
21421717
21288302
20495188
12849616
19418823
17080896
16410363
19248973
18062750
19789626
18364726
16781285
17480180
10211534
21633805
21231780
16033049
21868556
21884439
21559015
19663728
20226661
11989525
11301373
12881383
11521724
20386457
15023436
10676565
17687157
18203425
17693647
16682726
21310845
18620462
21385075
18060025
19220462
21691560
15899624
21991949
21172893
15550854
20098570
11346681
16236737
18430438
20679614
15139046
20529245
18375208
19269133
21160270
19656583
16473642
21174537
21177772
21030079
11489487
18795950
16925482
18480068
11464447
19107109
18676329
18172247
11989523
19002271
15182077
15717740
18060038
20728698
20175700
11694788
16267615
22125051
15093573
16720915
14679114
18409020
21353471
16258084
20603435
19192581
16597375
19418111
20345830
15685824
19606213
17178019
16522889
19874849
17652806
20064605
18644518
15959941
20435571
15328825
21794114
