8821910
9799013
1470976
9102489
1080969
9327647
3777592
10727760
8591451
12511728
8325676
12462906
3973626
6602646
417622
10501524
21406131
12175827
9824089
8555733
1986097
12235901
12700903
16615691
18072642
16126140
11149093
2742664
21871317
3954172
19559193
16300117
9604139
17340787
2403130
2108533
19285623
11825624
11423275
3390032
3723306
9764899
18383974
2402043
21686558
1480575
11677275
18212658
2134741
17701886
7626384
11852453
8832356
8016887
4057016
21232992
8564661
20642055
8417842
21750593
20629341
17014066
10470402
2371107
2933045
6806003
17489512
15738776
15970728
19752744
10653155
6879408
74496
15095566
15592005
3594922
21224976
10830085
6850959
16336157
9616505
15527148
11907363
704532
1920557
16202747
21196800
9294335
17209934
7245188
9006418
19467440
2569755
10750639
6315898
19775544
11299444
21338228
6870700
8426339
20337003
18282376
2657582
19771689
16871300
9435047
17420084
7824419
8222690
7418428
9650325
1921939
7484066
8214458
1494290
7635533
17982528
1622677
1403111
21359486
6421394
9432308
19088537
2796416
18788168
10470774
1635968
8302068
2325177
10210610
8019713
15016193
11327512
577964
9045001
11514826
10068417
17461712
10416318
7205856
9715771
20066172
3102163
15816223
17663947
17116356
11766282
9692410
17402185
21509215
11045413
473794
19699021
10215715
20177830
19946592
17764559
11785044
11738774
11570600
9329359
21854821
3794058
1952314
9339115
7572861
9932584
7465939
11529588
3614648
2363756
8520822
14568897
2235222
15904647
12507910
2719360
1151549
6994521
17184604
924751
8914097
9759296
12471789
20016359
19401934
16944053
8966421
9920484
15215728
16969741
2535633
7613330
20647510
2374409
6766064
2375138
3974044
21287952
7463284
1991065
19517906
19376355
4064709
19041535
10578472
16950520
17340788
2546235
714232
18433524
2477828
12507053
8486872
2817561
17402183
19014095
3706861
17224415
12950547
16053943
2287890
17958016
18956178
16022370
7659861
848798
7127750
10797782
11323734
6625279
18456296
14571228
8917970
17508093
8906435
16651909
8158218
20169266
6529461
9307746
11395182
21654134
17298862
18477278
18783609
2218872
11376995
3818705
21528733
2407401
3836109
1952705
8546504
17560823
3171843
16989936
21795457
21125214
16752888
21355384
15213548
18853443
8296376
7921117
15623132
20502985
11602874
10655686
11045678
11165830
15064267
17153762
19332519
8222695
12688652
7459813
1120248
20461471
8667464
9740563
19534280
19560665
10334155
16864012
7817083
17183890
20560966
2147241
7782019
1503290
6754873
8429697
3115679
1565823
16736447
12851150
2505001
16467356
9952119
1543570
17889108
21642079
12042150
3732845
19558933
9489546
6675208
6348518
19897392
2273432
10727908
16197811
12862160
9087980
14632603
2630476
19450304
17099853
15298493
21596197
17935243
6383137
12012220
6381958
6846428
7120213
1914919
12975787
16602117
16227005
19330852
1755880
19299230
9315924
9228339
8194567
10410419
20227318
20673604
21822089
11801352
1443821
9119592
6835753
2381697
9165318
10192136
21738248
1520180
7781363
1295626
7453224
15701305
1811591
9564985
8388521
3766131
9547954
18491373
8190026
20305977
18333164
18788430
11556686
21278317
8200191
19661801
18157425
2836
6192741
11919093
1932491
12134917
20811590
7124679
11077466
21056950
6609705
21691246
16454780
17852169
9235846
10590770
12312053
21410896
20688937
8380946
20693931
2546233
11471258
15582767
19462144
8163760
14691782
9545758
15230755
328969
9631355
21275574
15176724
11384732
1364061
7886655
16950946
12826137
21754951
11336126
17444178
20875538
9508477
15359207
10488939
17518175
19242708
2137601
10547485
12766683
6850434
9304083
16340755
2129358
20565768
21510774
8082371
12533359
1559363
2101636
7759001
53340
1994018
9819735
6869336
9626461
17636505
3167879
6136433
21208689
1151534
15171515
10963371
9039234
9808280
20825811
20190256
8280528
12835372
2231841
10498175
16475034
12356375
14571023
16938193
16203039
17910113
18207193
8672214
8087218
2921594
18771227
6372757
7357831
16129537
17097990
9339709
11338226
15135426
7306282
16807397
1793187
19350563
12584883
12009078
1868989
9135262
3012732
19696628
9951267
16299213
9007742
12888161
19390703
3196124
20019456
7446096
6507391
15337471
15926085
9448179
1946268
14569898
2460172
20177477
11974445
18022753
21051109
2702230
17014067
3838645
18162200
20797451
1437928
11508798
16998513
20153555
3937301
11444670
8522312
7262678
17129539
3047546
12683554
