12072561
17652805
20061323
16802515
16808550
12351610
17556544
20523889
11735647
18644518
22980061
20842180
21999911
19082707
18271465
19017630
20414516
11970740
20495188
21251592
18480068
15717740
11984589
21353471
15984906
22219501
21616287
16406018
22030001
11721173
12806947
20352594
17652806
11870163
12186373
10482200
19715885
15717742
22249492
18514938
11236034
17449798
19786253
17317835
18594201
11706392
21924129
21079139
17709650
21516267
19683138
18273495
15023436
11352965
17308081
20064605
19057042
21736014
17322509
17652804
12237930
20632949
17043217
17010809
14749494
18343993
15977964
18272009
12586444
18660728
21884439
21128555
10850281
12020170
11870153
18074578
12138394
