17959395
17900837
15223786
15320756
11725724
15645837
7624581
11030020
7807512
14550280
11514747
10340842
16375664
17584093
20440579
19761154
17479647
6345884
22144219
15970038
12520172
21622696
16401071
15607432
3976606
19456210
9715336
17488661
1245864
8728291
12812377
20713121
18827581
15213368
20220349
11186691
18948548
21370204
20950265
16624499
17992341
2644040
2410714
16871764
12106798
20424402
9245942
12914610
19169283
8217178
19939595
15652234
15073889
17551996
10664899
10670987
16338258
10636285
19149546
19367449
2645484
17931839
11391846
12504072
18468932
18276881
127564
9281229
7742289
7892446
21314637
17433393
17320988
1714024
8131198
2829328
1533083
17010398
16330702
16146060
19559778
18193394
17408114
16091779
17267167
11823583
16416046
9369370
15584656
15507351
6235198
21036582
14622538
3994291
2540911
806229
17234292
12523173
3232045
19604050
21710709
20655486
2051658
21076299
17496434
1384615
9750951
1796649
2292823
20736239
19075942
1842647
9442365
9441131
22034450
21526050
10467153
8479298
15067910
12926854
10197292
9371012
21514320
8302140
2717890
17317097
12710907
12531927
10833835
2975932
16737103
12555432
11993019
9589098
19202606
9700393
16358230
2939213
12688316
3300319
19647120
11728410
11032352
20061622
19787300
18772491
15055239
11499956
16989727
2941538
9758717
3276115
11992245
12082247
8140567
20013533
6958189
16643380
11417368
9785549
9130129
19358089
16185378
20676926
15363821
12710864
15927308
16599074
14759093
11772261
10024919
19116888
18780830
17570156
12627673
9633549
18249408
17001114
18814497
18095747
11498654
6610296
9724887
9375943
11255421
19478200
16394642
10052303
21624361
12173461
19539748
21264077
19632515
20629643
11838293
17575804
11891503
1668604
20010493
17022107
1522889
3704392
10934088
9789116
897653
20093252
20212268
10434405
20038921
9283721
17558597
6954329
11861769
22020997
19627257
15478018
18047620
16198703
3310019
20429563
19936193
18548003
8820383
16334888
19380416
15318058
13679250
19485264
4039203
1474269
15560268
9921106
18787675
19462342
19275543
2098785
2792931
15579605
10483967
19365169
3312044
6376303
4054489
17597518
3252889
3458316
17020763
19088492
15288772
21535159
18442999
15866707
20422736
3690904
11568044
2864939
12939515
18301937
1488435
12455302
17010957
18500359
11037308
9641484
19734501
19534369
11341553
16526347
10933290
16502366
2148378
20451027
8994731
17919258
3992382
18240421
17184539
16529551
12357105
18475272
16881892
21603783
8077879
17478121
17413763
2750085
14501606
12793055
6708729
17460833
15638782
1401674
17144202
8222388
7847602
16194275
3784769
16458868
10981070
16534442
12708629
9471335
10372296
19015048
9717050
7739033
21246336
11811273
16506274
8454111
8915112
14749496
12869205
12825569
10386268
11897453
8012763
17947343
7892345
15314629
17470698
17089408
16600160
2581862
21714361
11924037
8652916
18553129
16648782
15882764
21248840
18799333
22001292
21491271
10493976
1646895
11597943
9207818
20644414
21898598
8877296
19559087
19799889
19363847
18436476
16091252
9482164
12790792
6680529
19782553
18814923
1859336
12096254
17364209
11474886
19620509
610410
21864702
18698215
16297344
20841450
7523057
10590813
18001252
19505359
10996472
19402864
1872223
18685945
6641615
20850798
18382207
16470271
17062978
16722595
16178455
10759003
7617615
20172613
11193193
15861038
20130732
1916554
17957367
15273827
19042978
21239340
18052684
19930376
16374742
21204913
7960372
15221717
8538089
8527270
20604707
20544514
3240332
16764958
18313773
12720488
20448639
16833027
20738248
16721823
20742237
11063482
19081195
15090200
19149615
11817979
11076319
18484788
12034344
15385687
16507804
2178377
20457594
17158262
11416073
19580226
2468842
18729465
8565752
6542363
14521714
8965291
9190759
17395533
18539343
18410764
17786858
15078588
12161076
20541851
20169716
11591607
9247504
12055140
2335943
18803955
7568906
18019126
16859390
20937740
11763300
3818134
17351764
8119052
1244126
18053324
20427574
15082670
2331738
19469252
11221072
16115460
21210751
1830518
7334147
19936191
3903957
17622393
7983230
22005188
9830554
21960212
21092104
12174658
2435630
868744
21550212
21779114
17085853
21144973
19570538
7672055
16740128
21308783
11705448
7507038
9377355
21572862
17966892
9920344
10766108
12563964
21735693
20014425
21145117
12837457
10789823
9590566
16989288
7135390
16325269
17722970
15572574
6235134
20809390
18393656
7093099
15379713
6715762
10867734
7788908
21856292
17295515
12802390
10812161
9730011
19918300
6246589
7276845
2045750
1625214
19207402
12051750
9847036
21329665
18045141
14727940
7484429
6337131
8659036
21696934
11695320
89220
20065150
12950524
19630828
18343241
17162994
8738044
20558890
19863909
8558389
20041426
15576639
15670620
17306702
18672200
17339485
8842138
18305312
16026303
2004390
8457399
9647474
19227308
19158976
16521439
8837582
21968503
3661295
17634168
20126511
3746765
11821822
10095797
7619031
21195683
18221213
21184248
7270625
15759489
2164898
10986591
17411273
2126807
17081572
1787765
17504209
15073983
21284357
6253773
19855995
21208186
3949596
16601459
19532101
9125297
15338851
21232306
19322890
10784376
11860296
15861331
21453030
20378995
8299250
20303693
11166526
15465805
18037134
20078230
15559245
21362196
16521002
21296646
20184889
15115542
20939257
7847420
19833104
1451139
8958877
20584522
11887407
8485836
16217175
8557969
20511708
8051368
19113954
12237154
20833630
19673943
4006341
3317392
15022603
10423663
15763008
16579749
10471420
10579242
10555597
21714514
19089615
3170498
19944371
14577651
22016589
10134586
15450275
2860046
17199104
15980039
19636208
16321159
20570418
16320179
15974890
17281391
3210181
9950295
11889586
2814295
11678738
21593723
17021908
8723524
19199346
19032739
16837917
3723454
15126804
19187128
3244034
1455914
21451408
16113474
7930208
12877374
12555347
1928982
21623211
11289288
21774633
11556503
17615379
2534926
21179304
15561920
3155900
14735459
15985953
10841070
1862053
17392816
18314435
10208787
1786521
7309412
10102658
15180566
1196733
16989030
1464346
17928781
18062139
17218834
16959683
19150881
21348273
10657983
8632340
18245559
8207872
21568053
7474617
15787304
17090987
17324008
3242832
21947555
15148337
19826583
15509890
2602350
17312667
10808742
21233640
1505701
21132135
20012470
7664416
10366929
10607860
12699354
19048836
20359259
16724932
21740882
6203164
15974885
16542120
148116
8201607
2539836
19062531
14745441
19278599
10514955
15756213
18520720
16764097
2677086
17335850
14502757
10334078
10374352
18717232
18551924
19804086
8951577
14504361
11727307
19595600
16376997
2248426
18682851
20149787
16785037
17005499
22005192
12173315
9581321
10190526
2189308
17081514
17071990
7739470
16364833
17701779
21090826
14517174
11238800
14562767
19308890
16375773
16002056
12431897
19187002
18648594
17991675
1636618
10975135
21976054
9118263
20029624
1477146
18302091
16845898
8411761
22000647
15344303
17562519
10147803
20459393
18389878
10844403
1735147
8117275
21861839
7256166
16239631
18729130
17138658
7715498
9185975
3240016
9009531
3278794
17320999
9758328
9643405
9806454
10204141
9822143
16407415
2630510
7450649
10516985
17715567
11418971
12743008
15751803
9200336
15138623
20157765
8786869
17608140
19505734
21177668
19839997
21494433
19924349
16482104
21323907
9243086
16806540
12342582
19357846
19245172
21860594
20083185
16924268
16107552
15730407
15040759
16507748
16493878
9093521
9572061
11905814
10745736
17363263
10678285
11785300
21312199
18458168
12236017
11714999
12007078
11567649
16597416
10584399
7765945
20075410
11985060
2882567
17229979
11257323
12428497
1815880
15337698
3028117
20930347
17624937
14498755
20434525
2653067
16286780
12096656
19293532
10902407
7938370
20143549
10760544
21543546
22005190
20868725
12630560
20713154
18474180
3389834
7520222
6732849
20350152
20391296
7005717
3606885
20034060
12748896
11179058
2022025
18766167
8498965
21876789
20397829
19016696
19255346
20101899
18051929
21549672
18078444
17725189
6122653
16326340
19930079
7767665
10392805
16971981
12174645
16644874
19932515
21678274
2624599
17824813
14659768
19943828
18827608
12638039
9403289
7713116
15096956
16387575
12180248
2664738
21516734
15615289
15008365
12562012
403888
1879982
9878988
2418971
19197810
14962637
7870868
15581680
21500566
16543958
2245861
6307735
2425960
9545654
11143179
18836068
1337114
8357779
21808500
15271177
20135877
6763199
8737713
9190870
19477704
10086027
2677785
1502662
20354738
19267123
16769799
16928598
8213473
18203421
2557175
9031712
11434262
15861162
18656197
11280026
20574807
8420344
19475874
11816405
3279577
2679775
16002246
390260
1760382
16937029
21119732
15754839
17017918
2110276
15794509
17362673
16689972
11325212
21614412
16019370
6222505
872305
1642181
18287791
9591497
11702622
19437336
19202919
2246101
7737224
11696692
8165960
18821725
12227720
15889976
18288619
14615494
1568365
20628501
1281075
8097925
15759048
21265175
16012192
1455271
16817784
12512688
20875159
9573898
10672612
18237679
15543324
10385920
17377904
8800605
15475816
21318292
19132221
19121333
6137200
20645037
20921333
18942663
1887295
12187750
17096059
18242815
17498336
17134889
16244376
9637644
1630731
12622933
12649848
21646852
19923096
18491055
21857681
21815745
2072837
21111990
21949117
11751705
20559778
18228597
19844898
3800148
11078276
9432260
21251132
21214215
3750310
14720131
22026280
21296735
12763597
1835931
19540326
11914578
15364339
21235925
18785947
15942176
19839826
3616941
11391053
12429110
15521587
11677356
19737731
14963666
17881609
10598133
19911011
17086128
2042531
10665334
8303036
17852163
17224687
7810144
16912050
8511600
19121292
11535765
16448393
10149263
11412779
12180143
20130286
19403330
17921462
11041102
20109174
2273923
7729782
12958850
8172223
18486013
12123625
12937187
21892874
16280341
11753515
19488485
15344881
1450506
1946792
17659326
17555133
10859988
2740935
1557478
15610699
18787732
18486082
16603431
9605230
20560019
10665830
12174326
2940286
15121156
12704493
20946932
18195475
18184171
7742616
18222728
3961681
17133714
20029627
10363610
14529548
14645133
21268039
21097661
2367379
21172740
10781381
14635981
16404706
17053777
10406527
10823952
21991715
17653989
16144510
9070145
8078345
12710906
20688790
14567091
16213663
12034659
9054028
2731210
16926056
8788503
9886872
9892762
20558266
21305800
18565324
20686605
18651327
11505694
12082451
20824535
1306023
9348632
9161931
12211507
21467929
17184576
12229282
18810714
14649642
20369609
17706853
9001291
8102844
4374645
8017774
7084485
6729331
22069579
2697624
17532693
1547641
285983
18546754
3785295
16845887
8781640
20545623
10981117
21342123
19698605
17767214
11587167
1914512
19348878
11227854
15350525
19928664
2687599
2507202
581312
19851527
18286801
16544281
2016477
10409552
8992105
16959684
9419927
9535482
15775269
14580234
21278396
11391517
17986566
21774785
3624194
7982017
10661651
12885755
14764283
10628889
4404413
19149714
8337369
16457818
9759412
7906091
16423904
8348763
7739005
9855696
2408447
7846116
22041331
19909683
20730702
19481143
7893962
11796446
15138531
15964306
15686766
1746130
8722501
19464925
8087028
16005201
10338320
12169761
12530493
3006457
12028914
7736482
22005189
8303907
3208494
19949402
16234898
6787425
19076346
1305532
2272132
10885253
19075635
20970873
10204341
19827286
8432514
17854599
10503813
10698728
6362951
21270942
7564542
22019835
21267964
18540886
2721265
1655263
9462601
16118923
2202752
7537723
20450247
1825950
8008076
12673564
17293486
17342365
15325598
20002079
18241620
16596815
2474111
7177211
2675376
11958813
18225478
15949675
19750886
8271329
3440523
19355873
17470499
20345735
19195788
19256251
20645283
18070216
15503651
20601092
18423403
18317590
8252680
15768047
2653256
10609689
17294230
19807596
20695980
10230326
21772643
10753676
12809528
21033626
20833239
19540498
17009066
2269533
12862247
304288
17897004
10654379
11563816
12116817
18765876
2878237
19940096
11324134
20209980
10912163
6826948
9367939
17041399
11936423
22065937
20086073
16018863
12265939
11953098
18344233
17614939
11174477
20693953
16685483
12940531
10907371
11337917
239806
21379568
9235309
16252017
10303100
17694680
16884060
2052116
17722207
17008589
19382181
9163195
2526791
11986905
14670272
10363517
9708665
3565082
18506123
434574
20683923
16119641
20447523
19723777
17932471
7180097
15464031
19333886
17109626
15880405
18774922
8453871
11762983
20359614
11540744
8173643
1321525
15023549
17874343
2187842
1421679
17431227
12141181
2872768
12766733
15671617
21235346
20972517
12436151
11282300
15644462
15320793
8461525
18980753
8992407
8794977
20001983
20012454
11592595
12032463
9484994
15561181
6400430
125036
10944917
17948065
2333487
11935372
10780969
15058250
19752547
11097125
19065311
8725088
21495335
18703084
2897902
9769914
19995408
125037
2132170
15464535
1309719
14727980
20436743
9149324
10433386
16154495
20668456
20410203
11997954
15530643
17331249
8409104
15911062
17276892
7474822
422911
16441223
21441015
19102067
16124394
16127354
9093047
21147421
19909255
11934717
15749162
10197050
7847751
16332506
21551268
16036547
2883815
19138635
16107622
9808240
15499511
21051681
18375715
8327625
9552091
11391955
16440326
2956108
12476261
18319447
19589119
19075967
2424267
17069430
12163944
18286265
12793053
16192629
10549417
11988837
20031589
19772170
17803588
12624604
10568422
18040025
6865423
16244568
10488647
21622117
16421460
15282631
19916365
18203343
21052718
20044439
16553223
16244925
10097506
20137881
9428619
21631938
17879019
7889444
1774916
18942374
16960921
20435155
9536923
22005191
16614731
12602574
19748369
11914443
16427386
15758867
21636032
18648982
16678332
9600727
11018802
21444557
20029618
18503778
12193062
9408229
22106312
21915991
19693782
1839919
21096754
17213677
15242558
15320840
12001880
20363838
16629641
20599788
6393087
14584975
14662266
18370767
21956533
18383564
21970457
18651864
17311567
17533652
12197927
10531160
21407167
9758329
998515
7625191
15029273
8817875
9858396
16129337
6140691
15727980
16225861
209667
20591986
1319523
16224398
11676353
12407498
12668891
21455862
18227915
12705329
15356047
16445723
7497178
17662305
9159598
8365502
15376334
22030961
17628763
19561283
9304007
11310377
16614464
9381781
11547363
19804328
18221088
18851691
19664173
12676738
20808053
7516858
3280222
18509276
15518431
17663816
7702199
6999625
1841793
15136051
11541472
8045661
17244940
22043622
8217448
1482705
7176319
8582100
11554103
16905685
15647782
11847185
20626152
10969681
1414888
2162633
11903326
3662862
19258678
16860994
8957547
1591145
11059071
1509354
19176408
21210177
11728807
3344535
19192829
6148012
21333921
20461632
17236698
9590514
19922962
9638393
19674795
11057423
17244121
2559838
9314914
21934056
2106910
15992009
11476021
12140907
12611294
19655402
19996976
7527326
2799319
1653963
10408502
11060819
20021340
15862674
21356073
8708070
7860172
16785272
10456033
11208330
12176859
3866485
10497304
20383568
15963652
17581520
21071715
6454377
19857908
21266719
15660535
16707327
20193732
17276184
12223322
7985247
3078910
15546947
1317401
16485600
18238971
20645713
11921585
17601399
16715191
6408730
20451570
1537095
2090404
10222711
15241540
8169379
18177214
18048949
17965506
8000051
16179391
17712035
6940421
17467210
17172268
11053497
1315825
10403105
11975815
16872757
14682181
9915509
12943734
17556669
20092708
7826069
11822640
7713122
12102366
15553103
8623733
2601578
18192841
11982737
17293684
21622144
3268113
3318664
11584080
19609862
7290940
2029724
10024333
12393808
17294831
15949056
2149313
19290794
2891207
16382172
19317293
11738311
10487483
14728028
20716670
20198540
10713904
19106438
9512865
21316863
16282846
12871119
20236286
15639107
2084284
21346766
7734562
8909986
18260327
22139701
9607374
7550144
21491265
16255672
20620688
19725420
10867998
12562011
12220482
12174646
20964105
10788856
10725266
10949163
19132133
9646163
3290590
20477223
21675199
2510915
7607711
10429876
16837049
3533196
18201922
9483292
10914601
17707359
16484628
8800495
15082025
20561554
20217138
12032379
12466043
18827767
4024778
10846280
18197892
10547419
2886036
21796373
20699036
12480737
15627955
20713149
1503004
10665101
11422397
15692153
15304625
20919563
2347902
12661138
19575690
20848560
17172691
12937625
15475499
21383245
18940267
6152107
14561229
16370328
9343953
2678546
2275016
7255633
15692257
20029625
18393143
8448971
15543333
22072364
3904969
10654618
15712782
