22090538
9498708
3712487
17661173
8556569
17063376
11369469
2504890
7497603
21221562
1899489
7202703
16013437
21380857
8094467
12197403
8369326
12230412
9732380
8290971
12518339
1707336
8335309
3867854
8698856
15984906
14588153
15837358
10213502
10208759
2706192
14677796
16555089
12937852
16906597
10367544
19307737
8368225
19693503
7999416
19766524
20930262
16314288
8978328
2205312
7053862
21796404
1437308
1540237
19442138
11762995
21929348
9004189
2601024
21070851
17612051
7750038
20854883
21050974
12213969
7226173
12358147
3008758
3467794
15136635
9788755
21590179
18850478
10885288
7981772
8059340
11276827
2423238
6254923
21486680
1571065
6850663
21068223
21731168
20574784
15705743
15087020
2670509
17009904
15477723
2328669
7440528
12169148
8285144
21982470
15122649
17982011
11811225
20470772
17131338
15197192
4096006
3858013
19364012
8193429
2029456
3579067
19286953
17242696
3591613
19464806
16990994
9691860
3751931
21156202
3870488
21931979
19711013
15099093
15218742
20104463
19767888
19742448
18540835
11376317
11758760
10477008
20230404
1413973
11601639
6584207
8390256
7469381
8098059
3168370
21234705
12973943
12616950
21284945
19139834
19502683
9388036
11787331
10608919
9273360
18666852
4040985
4396129
3770038
9215819
6990214
11834623
14736498
6469769
11566550
21921208
11413675
1963273
3947112
17323034
14613026
1830096
6376128
11945112
15337585
15967562
8096956
19016577
15803079
1284322
3462740
2713963
21833176
2046143
673774
19656681
17347527
18855640
2082229
1547872
20231546
6613807
12074978
8829311
7865240
9486101
21250697
1211314
3365649
21371685
9108894
3368804
6696455
9317185
14575384
21079733
21747121
1711934
3469170
9608805
7589001
3321129
16123986
16092435
8633257
6408998
11005696
3162456
6573121
17652809
12120952
2836942
3322590
8249630
2823684
18198920
17691910
2408771
15977964
6129161
15510239
7847848
11408708
19796650
16151678
9045334
12792789
21616287
17136293
20604842
15113550
21461578
7995660
3739010
8853464
6637763
21879736
9808675
3524254
19611406
17652817
16990629
21969824
21865539
11059884
16497825
7597704
17488140
18615393
9928632
17478614
16231966
9626462
15380674
16781283
18333314
15177418
10774569
8445930
16418954
10485594
19705546
9639412
16732801
16325366
1403033
15075674
19469546
17074742
7226457
7838127
15717742
14634965
10487608
17400308
19172757
488751
21693436
7277158
16258083
10334509
16770985
11795600
9369412
17686164
3893740
362734
9374088
3815302
17020459
16304570
1433347
10866891
2166963
19490562
20038740
2006501
3737473
21147693
21455418
3938225
20668052
16632328
8215791
10732743
12113705
1757397
20126672
1990238
18705750
17652822
11694789
15371630
12856371
11884214
10441396
10965514
21163767
21146409
20161935
10825312
18622063
16750786
1101837
20570638
7683577
21691803
11367509
3663962
20335321
18019828
8038032
3224403
21656050
18386138
1428250
2738491
11766987
6202243
19416087
15725158
3775785
21330149
6875860
20466619
1749003
16136166
9700580
16314622
690999
16804295
18516499
18952886
17293096
17679550
3836873
9610711
20455793
15755696
1873773
3550611
9865707
12714334
11734065
20949333
2206948
16407206
543748
17693586
15209412
8827886
526920
12458447
2160920
16272794
1479421
11248153
15610051
3263912
6158257
20860069
12055764
12470196
20199131
8950332
8020262
3163157
16652186
3468792
20539906
16113096
1958848
3074127
3062267
16918262
12905011
6100465
18358614
7967004
11410417
21763302
3826798
20637791
20556922
9073596
11448139
6114851
8402643
3121563
6742867
10318655
1925726
10052718
17135640
8636745
15811867
3378606
18674790
745591
11410484
16877260
20847516
1467338
20619024
1668827
6546298
12074691
20599629
9181603
9861240
6931238
19933047
15816327
10885315
13679592
21463615
14966836
12589964
18249481
17052832
3280362
17466907
12235254
3319758
16805825
21106724
21372293
1234766
16387280
2044046
8705327
657162
2909292
12017895
11327226
20503473
15031597
9740078
2766301
15305399
12505058
12034146
1332624
2482282
7971744
16785833
7779537
17614302
17285358
15764716
3768148
18815214
1563852
16019523
10850370
22125956
3916087
20795769
12628506
18795667
6321689
2091237
1138734
835599
17643405
9783322
8437982
1369547
14680438
7223748
16731534
20464735
16649351
8083698
2232153
17689165
12962027
2051505
19199832
6191712
11892362
2499225
7655778
3137399
15883202
20505295
6687838
7505268
7059060
17827358
16710024
12170449
2045862
21353980
10696080
1704826
18475789
16958197
11016267
18805781
19848025
2387544
10075079
7646569
2157959
9928567
17572694
15740178
19003596
12684637
12052251
9076552
11834605
15173858
18717145
10426454
19341815
11432892
9364541
8429578
11970768
9862576
12270055
11829715
15884624
19323623
17556594
2737789
21938980
18607846
12592360
9126304
7818624
3830217
15302097
11048523
3760244
8693243
21069159
8456025
2230913
3229005
20146931
16405922
2897433
359311
13679591
8401360
19898559
15055893
10211937
8669796
20973179
15962840
11916590
16682141
19065438
7018873
14672400
12576933
19725081
19169920
17562616
2131836
19885836
11564654
8390255
2168533
19371524
21554979
20529041
18097813
12878989
2910506
19066339
15984521
14749623
21858697
1451268
16283381
7688836
3459718
8529523
8924548
8893895
6342209
3427552
17974986
8443760
6353197
2292204
7131586
19228382
7501474
18694542
6761595
3894677
20832415
11706392
18807757
18803556
18566582
3533179
3081268
20519734
219963
11267962
19833600
9220321
11001837
14690094
1775977
7997766
8424911
18791821
797446
16451059
18590705
9116363
16493928
12065868
14709949
9074848
10975042
11363700
1970467
11535997
1875415
16098067
12860162
6696044
21333410
8292809
1432253
18779973
18827789
18690759
16670396
2188614
19549929
2617699
2590548
15911925
2491731
17023784
15795884
10629652
20728697
8737460
2068836
1980902
118548
11498753
9060219
12556678
361229
10235688
8826864
13618559
21492985
12771913
9490093
11154793
15641294
11579345
19233493
19388669
12629938
12123328
20394569
7181462
1659841
1761350
2031512
3420140
18533580
21775726
8383583
18837186
14996428
1794873
12165900
8985473
10582660
18523992
17591827
15286870
3130805
17683387
21147217
18484471
14998859
7865434
6700211
2429841
15845878
11466716
21537157
12587719
9168442
9077103
17652805
16316634
17223814
2306792
1832341
12222661
7914453
19524606
12173332
6588924
21245867
12369221
12744756
7834053
2839280
4067835
2231779
16100967
18321777
2998397
15371608
11843209
8711761
20156518
3594714
3143311
17947597
18514938
3729101
21557558
11521372
3895096
21372222
16157314
2920759
18468349
12820782
12426639
10216166
11732531
10065282
15692604
9274943
19795206
17313469
3564026
741
16790658
18272009
12408365
11378344
14678744
8431520
15643098
19379636
3465960
21833028
1973028
2985319
19478935
18815146
8458020
21103033
15921882
2210154
10403474
16242796
15290094
8356947
8506959
6743806
1609438
19439856
2154995
16556068
20211217
12901793
8053028
7013856
11999096
10591146
11433816
10526815
16423826
1825010
1793151
7758003
2170016
18533085
4001904
8035725
9326871
18344111
15927910
20146728
19752336
1849836
14737889
9225957
16127512
9776993
19955744
8112704
11393585
18418975
2165738
21126826
1590739
2714344
19572114
21550810
16802515
17652814
17589560
17011186
7939762
3168142
14716771
8230719
19818164
16046796
16020663
3863717
1651908
20138541
7815039
16372251
1723374
17719738
9669654
9491764
1786427
19856650
9575524
8475130
18299100
21298750
19101794
7860226
19337441
10557567
1654065
7414712
20472287
19686084
286623
21298773
11295089
17288499
7946145
11098307
17652816
8763151
8612723
10378962
7998676
9463787
14998846
12631054
11208348
7152396
7646825
21225918
19782276
15997091
11990104
1687924
21516011
10884128
21075161
3162416
3124953
16880787
12942200
1577771
4019118
19916248
7756067
20142587
8098192
20876213
11396360
21557144
19463023
9002746
19382598
17400210
2664841
21097988
20943603
19747854
16290101
6342772
15245890
11713889
16972144
12204537
19165199
21062350
9068339
2576327
12791304
21182360
15033676
10776827
6486242
273467
8517915
20182926
7699715
7102225
6631522
3317170
21079148
1857447
21346663
1831340
10698671
10600046
8629030
11235817
8122265
17904602
3191237
6740670
21320520
18043124
6208987
6279110
19129423
7930959
2916233
11419562
18664656
12963485
12796019
8356102
3550618
19887355
6138190
19594908
18078444
19560616
15589478
20025547
7813387
16862153
11480551
9147715
6131412
19914318
17719768
3829012
19165856
12638039
17685010
1617512
1652244
498417
2403368
3182504
17054261
19497364
15054088
14667278
21150336
8453690
11245845
6590531
3046534
15761947
12226917
16750460
1963274
12013370
18346979
9180391
1023813
2254609
15122648
16755989
8515557
8340944
7357493
16697705
21901716
21610170
11165098
3894481
14726301
12269857
11731422
1494605
6198807
16418875
9789704
17678884
12440223
7049377
3767387
3169098
9865686
9821016
1950578
21942373
20417802
18456509
16351632
12373350
17591583
10606281
19801490
11045980
8389887
18988755
20884632
10418792
20842180
20021419
12449715
3177997
3861022
16883451
21907790
11049891
16642728
3428124
21690066
17520333
18486936
6800632
10347787
8743984
2213571
19160293
8428855
9858916
11346679
17924251
2543512
17875725
2155062
15272225
3789887
10695226
3349416
14745153
10092570
12189281
10195510
8870958
20468087
21815133
21600235
18241629
16214844
7545224
14678264
2030807
6895456
18664550
18193371
15744366
15010064
16443725
11870533
6411017
1554799
19502192
973286
2580486
16966808
17504005
9396414
3660474
21075804
21784858
12452732
10960060
8697976
21756913
21378374
20924974
7695974
9617634
8629034
18572266
6307186
16531630
17557749
15871628
10415544
3153244
8112650
2782905
11762996
15653753
19143757
16951389
15919819
7780886
2065423
14687792
8976818
8960141
4024103
21040984
8772706
18927527
1831987
19841470
667869
6883331
12644586
10618415
18696011
15936473
9768825
14722042
9835904
16353663
6929358
15531396
16085348
9706735
8732439
3859251
14555410
2829210
12647015
21705993
9206561
17956279
17582056
11252101
7719376
2929129
20093950
2793274
15307436
11681238
15635515
7743430
7954023
7803884
18707023
10193684
2237926
9696395
16892366
20221588
15366976
8398571
19123475
7871966
17764469
18823299
3279218
9738590
8748259
17395683
16185584
19895749
10986012
19153118
17321141
19239137
1997944
9103502
6148340
20820959
9865708
10855855
20650082
9141252
15855175
3826299
20373066
1538346
3177741
10972478
19507171
18504415
6374055
19352146
1658593
12506169
7488412
19156515
9207407
20933094
17047882
21530568
10632715
20421282
18094661
21266594
7222116
15261558
19103993
21358119
8758800
21249679
21037199
19433078
8153780
3605309
12599205
11142695
11236034
9184818
20965783
17003229
7594808
1467601
9420730
7068546
3924381
18790837
20100968
19342997
18241007
11117394
7470770
3403095
12870529
19915070
9918576
11485049
17094405
4039626
20532835
8955657
16919450
2791194
18006777
20099983
6580906
3339439
17295735
1346509
18463197
16220797
21283106
16814280
2509606
9687887
11249577
19535490
17031515
17329180
20032385
3719895
4006046
17392727
16933070
18483301
17457301
12898725
9528843
18671217
16942005
4812832
11240331
19046106
18976826
16808550
12021470
9087292
8890972
3831380
3915878
19135122
6790165
3667996
15222403
15476868
19915982
3886588
8298564
20427751
8708749
17044806
2612775
17366799
1389483
7257455
12464943
18608282
20210773
6850545
19502676
8442016
12885806
12244568
6620440
17599610
21584714
3821462
12189279
4074108
22065986
16294909
9708950
16261525
20863929
19878217
11272331
21184556
8031432
7093484
17030546
16426782
17512461
2741800
16324756
10416002
9579517
2346128
12018995
8124212
2973029
12271153
17079870
10675279
8996125
20177030
12361838
19538020
10601122
6704950
19890356
15182761
9361958
12825572
7103641
7672737
17250809
10899380
7905802
2322993
18622914
19800183
11236941
12422054
17060100
21999911
14576518
8576951
18543606
18622372
16449935
10093625
6197031
17034819
11790161
1553753
8711499
18798483
11896869
14666649
8414852
15637892
21921961
20501642
441512
19171712
2149998
1727379
20885011
7967019
20572357
21678342
12412170
11896119
18068547
6934026
2975221
9658769
17652808
9719150
7847820
15224644
18467042
20809120
3947104
10923100
16490692
12850490
10422790
12613518
3049953
18495246
12643010
2248843
15991898
15853634
12678198
18608462
10899087
22077251
16337787
7590138
3794095
19087568
20339906
6940313
4062315
21614889
9888268
7828126
8829310
1482409
3567977
1640928
19770349
12039931
17455114
6751085
8650848
7441509
6744318
2705401
18260050
17638068
21697274
10613044
21734913
16603413
6861661
7175574
19858391
12879278
8875677
11916551
3481363
16044276
12902208
11345653
18376852
15757504
21831011
17609620
9003984
20582416
19702035
8205083
21841477
6848178
8968695
21233252
9923546
16820956
19338265
10545684
9689591
17919490
3690411
16317508
3525076
16148021
12597151
11552229
10765008
1302442
21276779
21796808
11665867
21516037
20414516
15515283
18774922
7090842
6942908
7743508
21185270
8857439
17543795
17220557
20216034
7445660
20678785
20586902
11774200
1418693
15528985
4024128
17963128
17383867
19147689
14513093
12297576
20045709
2171795
11872048
9063536
14634026
11172688
6597002
12192109
21514819
18566583
2029805
22082134
19683138
2184913
9726805
21043392
20210725
15226229
19368493
3941392
3168147
12717489
6868630
17404560
11294760
3521804
8147274
2892924
16409162
7858930
3383127
8553081
19407338
16151589
20014238
11762986
9796378
14710203
21526973
11293644
21034734
2192943
14664278
3188600
16158943
11435077
1678781
21301318
6484578
10547089
18376123
18436521
17652804
17577680
17009100
11865666
2321077
7523780
22048223
3579988
15143970
10803920
17254532
2636823
17167721
7578376
7898084
2930128
21749883
19144686
2408086
20626222
11249051
3963932
1924275
7915431
16770644
2747139
17906437
16806901
11327225
21964417
21263412
9516602
16698793
9532520
3463940
17762397
19712608
2862721
20668600
8320489
2738485
1669023
17223128
21075434
11327539
9526560
17594094
18652870
19026179
10920949
19169607
19853592
9804441
6696048
21906609
9071334
3677089
11772829
9438897
3952818
6240263
19846972
19800909
11006699
20580087
19700656
9923821
8287299
12062698
11172695
10739958
21920729
15079764
16738435
8339390
2877699
2890636
21227599
20047143
19308947
3766598
20709813
8893894
18156309
7987976
21362439
16400219
8054920
16175393
21704644
17254324
12057079
10507317
8135440
21358106
1834467
20299794
10553165
1462572
17391467
16856922
9398487
18487002
21338723
17213969
18201893
17350066
3749544
202411
7899776
15614810
6118523
16651244
12904125
6595969
7372505
3581099
18250482
4053027
14768404
17447729
9250550
16565833
9314056
7579436
9201288
8873674
579346
3240002
18434588
12934369
12087452
11916591
7083217
10778960
16205946
10774566
8864638
2737845
16636524
16945393
12678909
2166722
16235298
16372368
6868096
12527808
3042244
6278551
19300240
17054232
21864640
9164225
17021497
18483861
7904374
16050797
20845809
21194538
18807436
6548066
241837
2477963
19660469
18594499
17525906
11862501
2296772
19508921
19514874
6227889
21938406
16863672
2182448
21127749
8533553
1970836
21665463
15176224
20225211
3622965
12678302
3607745
17335184
4019117
7906658
15909940
19770542
8807123
18338487
6109716
11727972
8370381
19628585
6230422
10600267
17300604
3753025
20595038
17465463
12085249
18405130
8564920
20003315
10482200
8272575
6256069
21314464
8002636
21057569
16518995
96765
3332169
3545144
19079999
15273722
17557149
3345198
9621483
1997473
16575475
9361957
3297374
20376335
2157677
3836127
6955070
3382077
12827118
8727293
1630701
21277039
16309273
12751545
6695379
3926054
12528804
8626361
2783116
16736890
2229255
20599921
11370828
10721772
6386273
16629369
16034614
10381186
11083079
6696406
20682507
2097477
22077409
12507256
9390208
9289380
3907825
21613231
11802093
18091640
1371047
11301370
12897809
12665659
6838527
7689093
7811559
2346125
15322827
12237930
11679186
12855614
20369464
15139788
19615915
9734697
18311782
18043997
8303977
4085626
16193858
16244371
455331
7038922
7000389
2151849
3715895
17630707
16337743
15467178
11559997
856704
6585590
6230898
17557571
12884804
10078156
6805412
15143768
2204444
8935192
15770536
19664617
15591714
18660728
10908518
20435358
9402745
21331374
3367905
20071309
3895171
1977935
8367440
11332679
6588671
2029724
15040655
17056977
21050310
15989586
18926569
12433815
20026806
21960094
6318789
15389727
10183380
9242181
2234455
7356190
12228205
15312149
1440945
759880
3556676
623701
19669637
7704446
21167272
15289836
10372605
14534702
8916314
2957973
9659815
14731836
10065112
15233142
1928877
7701103
522925
455326
12806947
3045107
20691599
2472913
20406046
9755384
14521631
9351516
16614166
12175705
9435154
8644988
20528840
2044726
16781286
2553235
10426663
9213324
10984004
16565313
20185313
20375725
6540179
10854564
10444232
6591857
21826469
9398034
16967608
9530372
9237041
11205916
20669633
3661619
15615176
10408701
3048848
17452686
12807313
20576644
8511125
7812833
20826257
19127237
15261566
16807455
2670822
2224932
1934436
18433662
20351072
188540
11523171
17135345
1785672
14621038
9390210
77180
10215696
2039705
9580216
7620831
17224658
1378369
21078249
20874720
7370094
12362930
3513506
7959522
8479091
8221579
16188962
1586980
11213359
6291157
19679144
16769044
21455099
15639699
1288827
15701377
7881162
20176546
1362568
8298821
16567310
8608064
455333
8317911
8839912
21878084
9647462
19699179
3021307
1325145
11895141
21038838
17512450
3275485
10724045
19202960
6335882
8353104
11393349
15715182
8431974
2550922
8623976
19779118
11034048
11778097
11972515
6240996
21787818
21695425
3321130
896123
12204545
6678882
9071331
2091229
16923564
11147586
11553267
14556672
1841040
15953566
15655806
2468745
1743445
21295102
7112605
3741144
8955656
9865705
17359955
16304572
21918836
17767395
11934811
17661712
17636692
11174075
10784627
19133708
12362515
18582543
15012975
10930064
10815287
18754413
16936371
15485691
20379802
505448
8391326
19220183
14522926
16282248
21218604
12841941
3435207
1776850
7376744
2258204
8857336
7495837
500398
20632949
21699469
15337071
2592733
3043926
12044557
17327689
22011695
1378371
1914080
21273601
19074216
15135374
12227700
2023703
15090738
9372590
17525155
15773420
17101852
14673397
10334464
20735304
17888722
6408991
8504910
11229215
10660695
10065091
19309247
9768828
9664114
16188441
9813641
16844662
17506033
19368719
9707007
7686469
20173383
18194278
17275678
6476807
15375752
6449983
1392155
7121656
17351982
3528963
2717124
2262891
14608115
6623469
17343330
15875778
2983734
22090532
2453196
1889343
8031156
21490912
11049054
7060037
18990083
7165492
3931910
2116226
16015020
9413345
16489925
9361955
15932966
12445862
8436521
1934797
8554453
20026095
17459556
17023274
15981672
14555538
8945928
6392148
9456190
3525075
2300381
20056943
1290400
11038042
11975787
9289377
477572
62047
20547085
19540072
19174506
12014656
7784798
6719481
3838387
8315423
17041747
10690289
3537621
6612319
15746880
630214
8028217
9973309
15945507
3456785
18230055
16764098
12722876
7602342
20659328
10582438
16641894
18821491
19866340
6109718
20732805
19851170
6931236
17649788
9427786
15763944
10093610
16737150
1409255
12042225
1460591
9193323
8134076
15892593
6421394
18484781
21072273
12075751
10066891
10679801
14659354
7260239
12679799
19428221
2467809
20616376
19046898
9316619
18317582
8217363
11970740
11977556
6452802
189279
21322096
14752858
12153443
3168075
7318761
1611784
11702853
19943707
12457622
19056137
15733024
15501479
2914579
19936641
7248982
18072538
1671639
15100413
12422055
3164312
7940559
15952915
3753891
8108872
1615614
11841431
15239261
1473659
21185505
8462124
2546503
15878560
18051560
18951807
18229606
6939325
3308079
11861791
3917371
17988779
11034047
7071608
8230751
18521432
16739356
12151933
20707718
8987970
17892140
20030244
18508390
272207
8529811
21421717
22049271
3472675
21521688
408898
11438630
21829519
2142900
20428269
18614963
15613977
12788824
10406456
19682512
11180767
17702127
6349786
9698092
17901561
6502730
11060734
11699405
14648210
8047504
11894149
8829197
21964300
21288302
3593774
2682710
21729815
580345
14647150
11089274
20495188
18390421
18362007
19541568
20096298
6851871
8504127
386594
7694331
14722250
11485048
3005521
10886124
7555374
3767334
12405579
6255542
17524543
16218488
10385214
20195813
12595956
22065936
8564386
21391840
17115008
8713574
7665224
3552542
16392884
2671436
19467331
20833957
8305357
12849616
8827945
20109480
7151873
10991922
1974197
20872550
1780970
9951426
8275031
19378539
9817267
1276538
3954224
9920484
18415035
21664081
21184253
9189185
8512458
9812712
2772255
15183112
2310202
18604442
16040722
19882368
15520498
3397990
7512899
19727010
12562656
9539608
20443920
2714339
2475411
21566977
19418823
16317509
19466611
14977391
12185293
19596060
19690476
6380596
17080896
12219968
3664935
1920349
11825334
2661240
22000485
16410363
2064038
8960558
21125143
20515395
18806608
12176129
7941437
6574717
15708169
20735397
19248973
14513895
12894526
6312631
11237056
11488259
21317907
11159257
2879739
10745628
15386563
8730759
18062750
10444225
15607758
7083216
2053773
10783832
707541
16879835
3860490
11451379
21056614
16036363
1586424
12139490
11710630
11443603
19789626
15548236
9860192
20423344
14679790
21562775
20333778
9865687
18364726
22022172
19812893
20007921
3700041
1175165
21485124
19370424
1523478
16597265
2232896
16708994
21046361
2947159
19169606
16331857
8783674
6122680
10561296
11251000
8884987
19728169
19520246
16803541
19415535
17826394
2681611
19203898
16781285
7957332
10459733
3137359
17480180
15937726
3371455
17965508
15619012
10211534
6484579
1586981
21633805
10525046
9735010
18056469
7028794
8824557
11423288
6699662
9281920
3481364
7904060
6160328
14978418
21244771
10551577
11309296
15089110
8070217
20683966
17935690
3652000
3699339
10789823
21231780
9422067
16033049
7527602
16247790
20842465
3029448
15161947
21618589
21868556
20385980
11420769
20967964
19849674
17121932
17676524
15623666
10824631
6605814
15120636
8606535
3353577
7302382
8600333
10638487
10967571
19482900
19287123
9335513
11081388
6697633
21067575
19308358
11270939
21441227
16966272
10220483
11970750
21749884
12067254
6400009
10434831
17054231
3276986
21884439
1580638
1888879
16529545
3760382
8306420
3652058
21885320
21559015
20802012
17545624
2422935
3516054
21634011
19663728
8457713
19954191
1760851
15493352
7639375
16617380
9768821
2842038
11101737
10368688
2085263
16102732
1257616
21571947
19317350
20702320
18197426
14577315
20226661
16450324
3409458
21465251
12559512
18372577
11989525
17622973
889420
16973691
16140517
3061409
6468577
8822043
10521060
11301373
21517751
3478322
2173392
19426248
17971065
6981452
2468968
7987999
14666248
20808678
269688
2168703
12881383
16357009
19155567
6434282
9111706
20122949
15667600
12869213
1566279
11489228
11521724
18408619
11336600
12699376
18548196
15311853
12423680
15261567
11033728
20950441
20386457
11280756
1428262
11800590
3478154
8131154
9193351
6681934
2222502
16414696
11579094
16684662
20507243
1860214
1551297
9920487
17198456
1630667
3954372
15543194
3863718
2164666
2118824
10899161
10582134
20066713
2216299
1647271
7693418
12439867
2979836
11090811
2672149
7643716
11334364
3520383
2869907
15764680
3345021
15023436
3535741
216483
10676565
11230997
17687157
7422497
2219141
7596036
2535794
17645292
3882678
11118462
21382960
12514153
2075095
2413861
18651029
19251394
17587482
1326734
21724527
10561281
21054405
21421032
1346985
7597724
11528551
6618744
14515381
8808986
11250803
15014205
3554368
9459571
17140765
17159609
8615628
21437146
20071776
8910858
16981070
2404456
10627013
3131288
10766158
18203425
17693647
3418509
9307197
1645666
1104469
18172887
17562433
16682726
9680052
8529051
17928571
10224655
17455086
8436213
3164269
11530832
6928034
7389061
8471327
9808063
10421076
21310845
19837467
3460700
588806
20956616
2897125
1451235
10608483
22068815
16101196
2291454
7805186
18208791
7043496
18451498
15367414
6142511
4051516
19017314
16361558
2719642
7812352
3652044
15274404
455325
11038035
18620462
20729274
2222513
9118462
8669842
10416003
15544470
3860480
3187073
8383739
11562284
11428657
15332432
12503835
1403060
10335901
21317166
15329902
11074059
2029191
2772843
19577608
15899623
8014019
20624997
4390195
19018683
1920253
2702996
8363643
10717527
21385075
18060025
12650490
17134470
2721650
7501698
10985155
17657372
3245824
18611398
2903085
19828353
20363887
16310335
19220462
8453703
16492523
3474080
9269613
21691560
1346573
12866720
14739295
11347200
3915280
667860
6964037
10412948
21196327
15899624
21991949
1311158
9782074
21751382
18346055
16004198
9576481
17473824
16702817
9144688
21558468
16945832
8677169
19700659
6354414
8604592
19789694
7867969
18722067
22075746
3907840
1455430
2551224
14687418
10235466
3286024
7879941
8720304
2944917
5440516
1600594
3618544
3358634
14555788
16436331
15596735
21422262
20138954
14611826
17652812
16534356
1553900
21172893
17703723
4055607
10887039
19758112
7344912
20728699
9371986
6113811
19406244
21232037
21378479
16255661
8965117
21672425
7715541
17704659
2248820
7903448
19774206
15550854
19561527
15606133
20098570
922749
1764113
1579408
12067140
7253365
9684642
539690
19147586
15602715
4078725
2452008
9597198
3474215
17885705
18803248
18004253
12467908
7815460
8792843
10561249
8004574
8085212
21783747
11346681
19919971
9387044
15999363
6251196
19358873
16427179
17514772
14640900
12688675
10565158
16236737
3410805
12659846
19664170
19270142
18430438
17572073
14984495
21328588
10788488
3178154
8739080
8452100
455330
10577856
15661572
2839147
6969529
21150847
15997908
3898143
18775851
14585260
6546740
20679614
16944066
6463367
17652818
3862582
11815957
19513629
19688118
11970749
16153529
8603459
1702908
15139046
21266185
15642537
20522709
18461975
20520607
2230869
9029165
9357896
10454220
8512588
10448132
3660150
3804323
6997053
10492065
20056096
16369751
2665186
619133
2003146
3891276
9531517
21860722
20529245
20053435
17220403
12678747
7715910
3377951
10472346
21742585
20084320
19401983
9636793
9830621
22027652
17156594
11141677
6233441
18375208
18490248
9123633
17382734
19269133
16219352
19408574
17531194
16532963
7172411
17652803
212796
8748211
9840728
19664243
14682385
11704647
14977278
19341970
21553131
19328509
15878759
8863057
19484391
6160341
9920479
10825385
19937012
7674557
9660038
19531814
3005279
10777249
9516596
8751554
9010492
9248771
16382174
16866187
16455267
3816929
8371139
21993569
21656368
21160270
8045995
18693162
14659079
9087491
17662302
9345411
15514384
28234
17870553
19209607
277097
17223339
10369326
11294989
1723369
2291457
9372006
19442205
3298559
18528854
21092416
16767066
19656583
19686702
17109937
2922986
11895138
11809923
18613971
17903394
9020947
10817348
16473642
2142588
8117534
16489111
19221604
2500077
3552546
9623719
15897593
6108363
10203266
9667686
9893704
20035047
8418245
22087448
7031350
20534381
17343325
20238335
6622826
9618942
19307704
7803534
21872924
12221060
14569882
455332
7438092
18536744
9469339
16154943
21174537
2698692
15153089
17418239
2850270
1622641
16865808
10532108
21177772
10666308
19549017
18347931
9778619
10683082
19441896
8374883
7823290
15752906
12430103
11562902
17367510
3802385
10444941
20097081
1533918
1849442
8340583
19821337
8820798
9440727
6897859
11232751
21749888
21067281
667863
16305992
19127569
9270390
9560053
19623174
15150548
7080031
7264908
8402634
16458323
7998824
7670409
19586358
21963490
21030079
9816034
18992299
9768829
10694239
18705272
14583452
6196562
21318007
11489487
8596132
14564513
22073823
10674014
1497823
8934635
1425814
18564616
2520358
18849542
17325706
3550612
10478629
18669466
18570170
20060872
10334528
17067854
2139234
6411900
19540300
18795950
18775738
12739982
3624632
17045724
16335056
19501592
1544204
15588748
11127250
18091581
2519238
795537
20598741
3531188
11338878
2460959
12613282
10942501
19778250
17052256
15717743
8397060
12792745
14563523
7729333
3624802
15701858
10424207
16925482
15747335
18343950
7497597
20854858
18480068
6572190
9045331
2694138
11464447
12767102
17078595
11109196
10966172
2843124
11827572
3476219
7825964
12659168
2432914
667873
12865930
2297656
21062409
18035333
11229942
16104623
169341
20692955
9732214
21596234
6422440
9374096
1879034
9949273
1768056
2495862
9764201
283424
16858245
15774486
6661158
19275512
1357108
20049807
2062794
11163428
12678671
11912071
21775699
6188885
19941924
18614413
17499013
3675432
1005920
11561769
9095329
12387771
3783609
9750682
7623727
21749894
2398300
10091793
12591762
19804028
17652819
11552226
8425187
6938301
15367419
7509854
16549566
20210776
6734434
19951587
16995648
16781284
18982411
12838451
3593690
15102937
19845549
17287966
1417012
6352336
16617129
19107109
21499120
18838713
18676329
17177067
12948167
20682807
2492250
6404339
8695252
16326207
12908776
7325994
3859587
16155738
8490589
7890113
18172247
9768830
2579213
9374087
11989523
17184149
12152522
17516874
3057787
20659618
15199678
21425262
19696664
8714749
19178029
19196438
18583230
8607134
811392
20659000
7777242
12805055
20112819
19901028
8446552
19050087
14598002
16239023
12213972
12954920
1831809
20218745
360245
7590129
19002271
7471316
17364181
19172580
20382616
18025185
20926619
16098293
8893896
17183582
15182077
3020699
20957680
3168073
15833803
19236609
11989596
17511800
1957047
12597018
3472676
18234414
7805181
6097242
11279304
8233284
19602725
15717740
7805179
12604360
18060038
3932789
18332854
8762052
14507411
12926135
3891797
2559263
18995930
15155139
543510
7049645
9241493
1913227
1472260
16478237
20728698
6575865
21873959
20175700
2447481
7272487
3806165
6697304
21443895
19406227
3090662
6510473
16948792
16625422
7841947
3289943
7908178
21753905
15157852
17039658
11776408
11140743
18276838
8612668
387279
20799918
20727669
20074638
12469640
2318138
20171590
14745846
3670797
6574995
18021000
2471601
11694788
11709193
21049517
6422002
10406926
20074878
15834643
15346637
18346858
17704413
12551728
9135492
2045070
10874764
8073908
19883675
2678231
1488864
16267615
19596945
15003035
11535996
12733844
7449470
2626399
3544289
1875232
1813369
1652698
10473047
12613519
11768330
20856801
18801493
9876113
3456345
9281617
3315698
3383949
1722902
7946368
22125051
11350909
20693970
17051423
1897769
17044729
21188110
6678878
11926284
17636329
3679793
2170140
2982919
17610809
7582554
12070449
9815559
20815778
16546863
16244378
11016643
19103732
16651611
18029550
15093573
3189508
3855289
2779360
2735093
7803193
21075807
14734829
12543058
11888018
6128715
16720915
20158370
16871759
2429080
8905026
18425895
2772428
3902267
8212065
17717190
2718219
11744013
18627770
16160061
16055083
12197409
16424780
15095572
6690066
19920767
14679114
10580358
11521803
21187925
21386709
21590193
2128759
3662165
14999606
12769332
9427798
17727798
17274456
3315282
19854236
9255595
11205292
1020054
11417246
9929812
22068619
21304156
9616283
3861002
18055856
10100273
8122865
15724139
8260231
18409020
14720085
2017063
16374818
15812751
11276828
15899625
21373894
9714291
21353471
14510123
20622140
2752500
20305665
16416682
16258084
20603435
3224354
21695928
21816360
7407765
13679590
12395475
16444049
3623419
12422546
19192581
17948087
6471423
21203448
12904138
10444963
8155298
1485169
18388425
3850768
1674271
16597375
21060233
14719091
16618758
18264205
1306157
15641640
12756076
15067213
3307336
6945142
17577311
6386485
2632811
16423847
2575817
8085846
9099451
8351886
15102561
19299810
16489295
12173492
6931237
9247609
21218605
15144219
17678736
2154994
1678962
19418111
2755147
7955774
20345830
17122535
2160191
9361959
1462166
16035077
3707149
8355070
1403071
8841759
12811715
21275498
3525022
8073224
18288070
21060932
9066598
9147610
20179805
7361854
1850817
15581046
3768871
10383856
2296767
20632955
1844210
19702518
17169121
6215240
15685824
9768819
11230490
2910514
17591837
17652820
705032
6582997
18274999
10397536
2158133
9848575
8632499
7406287
2557881
6541135
20587042
9374086
3464231
10643663
12506268
2165441
20625998
19606213
1486391
8471659
15992136
2624510
15934853
9347327
12381898
1963544
11444927
20404753
12063298
17178019
1712416
1715447
18698011
17009097
21699467
20452391
17378771
12774887
16522889
11123976
9990337
361226
18248515
17436411
11097869
19874849
15674919
1705095
6200979
667859
2189012
2684383
21867621
2064346
3581414
10199998
16243910
321205
21712863
17652806
2605548
1797830
3069881
1130511
21278051
12604232
8622079
16133796
22117972
19157322
9459149
11854431
19397277
17516870
9797829
10731983
2140280
2538577
20064605
16136309
20923818
7037076
10623482
16103586
7426380
19844132
2589652
18692276
7878072
21556546
20728701
12769340
7936836
11450357
11583187
3581102
21345150
7028245
10912242
19534435
12398578
21906582
12075737
9286287
17920375
16220569
8462156
21727065
10474762
16044032
9726799
18090878
11401411
12200674
1460734
7692125
9328157
21607046
6832631
18096147
2413973
10945507
17275999
20943611
18094345
2982070
21940527
461990
3512971
21378372
20543097
8242546
20394210
16651473
6579052
21239254
18644518
11686505
21584666
18617014
14597133
11843253
6120778
10408812
15959941
17638057
11855807
16352079
3513562
20595448
15145604
2687558
2084070
2786553
3408034
12377300
21755708
20435571
20734790
18199989
16403978
2064323
15328825
18176361
21624372
17159809
18366282
8665391
3959537
17940501
20662394
6141818
2384961
8229152
9890539
21571803
1956735
8625563
2897122
6624430
1926176
128408
3019215
17527000
17193179
1964677
10772060
9333325
17651020
20363603
15902424
21794114
20187665
7760889
7452508
3945948
12580984
16241090
8678739
7076716
21541793
18855825
2256192
2251664
16393930
6103072
2327660
10423672
3705195
19914529
11677442
14620711
8905032
12148572
8957955
9432209
11908712
16272405
6199603
9858900
3062255
2220134
6838522
19382398
17227439
12884648
15899622
7597421
11811903
8280652
4012308
9299365
10769710
10884501
2213284
2450583
12645973
2763305
21819992
1412501
16858688
8682225
9505340
21434836
8260895
1425364
1600601
8005524
20952451
19244550
1458553
3040287
10630364
