19891792
1724139
20530280
12226807
19926876
20081616
2717153
17679067
18217650
15024585
8678396
2152459
15613920
12826772
12577847
1609544
6755389
11668638
10461303
8375165
22096869
11130192
19359151
19867741
9436440
19789872
16086176
15467901
9225833
7925517
4049993
16698558
10198740
14515931
12679828
8127449
7125930
15630497
8365290
485749
3756779
17551996
10411489
2317181
21243285
9402175
10591031
17551164
16243921
7247111
11255018
18998324
7977125
8485644
20634298
9569318
16421051
1470289
10981859
19149627
8017805
1931118
10832409
4024940
10810773
9373449
9582133
10583918
1280190
7183096
10370637
7151351
16508206
1734240
11530714
20569451
20947884
18713323
12033360
16432047
18618613
3962412
9737648
16594987
1487645
9021422
9104434
16371426
15475816
7857738
17908470
8390847
8236505
9726723
1534550
11201014
18710575
10368121
1864767
12321328
12423459
7878409
15087110
6448334
16573514
9628446
16244376
11230891
1387479
1755116
21323602
15062520
15226703
10756933
17184512
2381017
6303103
6673338
2426681
6991109
19919901
8430015
15829506
19882644
16643374
16423934
2671966
10575816
18639369
15028966
11233958
9232997
687489
16210548
18312831
15193929
15942176
21240260
12314689
19899723
2248634
15833839
19207181
9822101
3383873
8353876
2736886
19329823
21093591
1602174
21150141
9724887
3532368
21136879
16951271
16949707
9436415
9739781
12421246
18694538
15692407
14620600
20149121
156499
18850225
16002748
21947134
17359453
18447395
15892764
11888025
9823391
8927755
1215914
11466569
17304542
18300519
9436425
21382894
19602156
21670391
16643815
3623723
21033332
10901183
18076901
16633749
16335284
2092392
2671277
17203797
686879
8559856
15343193
10321107
9776265
3188984
7710752
105684
22096870
18532955
20819328
404653
2220776
3066274
15464027
12237749
49741
10400017
18207586
11421169
10386401
18549912
8377744
12882339
18548221
9556090
1847008
16370875
9192328
11876010
11799476
2082612
20713506
19536040
17356846
11604978
7895339
403894
8672303
10469529
16989913
18361743
19322121
18403995
12590266
9160219
3918779
1845665
7967444
6225841
21400392
3873524
3765912
1779523
572500
10885305
8015330
8318483
14621105
7071608
21520613
19825322
16129108
9739780
3572898
16391542
6613886
12556534
8614915
10372296
16291839
11922206
3904331
19344726
11273579
4043642
15061029
11817292
459217
3673166
15718490
7546787
7644203
20098575
3785295
7243224
18275264
16352163
10548439
15928740
21541837
9243089
4008787
12617537
6753556
20524211
20185266
12866674
8537149
21030212
9138399
12036225
9510617
18640521
14606990
22102473
11847499
7999528
16275487
15531452
19426663
15978853
8337369
19469251
6114406
20584036
3392336
15611597
10481212
11109520
20693104
10956604
968466
67054
6415737
8469895
2604572
3685508
18243951
19615493
10930223
2040319
15815453
19046611
15858260
3782756
19918711
10395405
3843237
20827035
20427991
3811838
21339797
18029870
7394336
497632
19554920
8793170
1661987
19894198
3841904
14587874
19594463
8933064
6881026
10592921
12586134
19278523
17786387
10331347
20211871
7927129
20650957
17293486
15589027
2461071
22143278
9659503
17498328
677777
12062710
3653355
10934830
19300278
9327709
8114783
17623570
14625108
12589964
17568483
11753097
21503000
9111790
21877555
12372945
2717866
19636553
6772682
16168810
11595375
15816789
8190467
21069412
17127281
22081957
1682112
20024643
17106732
19276988
19033818
9852064
12241983
17575483
16485746
10150431
19169027
16311356
7872190
14586510
20486729
14530470
7769454
9445169
22044706
20934610
11871682
17518754
477164
10435653
16821425
21985170
8425293
21557113
8343323
19128401
572867
1467039
11291284
20025093
11022966
6681823
18297617
3576608
11533819
10651149
4081292
7489611
6837329
9265279
9556999
20703898
17006557
6709793
21998299
18003665
8106798
21239446
7027407
17583354
9678290
469155
11194920
15725065
1577367
20653717
12522659
1868867
14683626
12757871
21345214
2180624
935899
7658910
21446386
131564
2045761
8672322
19496907
8195441
11182713
19632498
11497438
18981746
1964851
10464664
21367680
19729663
17622023
9639900
2885251
10944220
1813364
16909697
15258686
17444505
16320060
21842587
20091401
18928334
615702
15147465
11913805
20535606
6410618
2262918
17584684
18329
1856728
11505868
7484429
20599914
16274418
12616401
1300476
19729698
18542897
12397632
21555155
21989696
10114326
9191501
9930712
15228937
6610770
20116218
2160033
19585722
17944000
15494821
21925997
1960969
10313541
6851056
9794468
17405372
19188649
2913541
12668689
9592745
15815132
3556931
9914957
19328828
16170678
10885312
1006787
12860852
10024069
10711379
11829057
21844197
9325868
9835781
7270625
375682
3840300
20980134
15108096
9064955
155986
2089818
19342764
9420835
20557321
7450974
2951559
8228408
12972382
1841923
15094379
11298185
20869994
21212099
1732097
9216316
21366051
10874271
1135747
12375192
10220146
21190957
2254143
7585743
59833
9229967
21436596
6349803
1116403
1460476
21847731
18288046
11357011
17721679
25055
1648302
20719735
17635079
12111616
14695470
15519913
21079946
16766543
3871203
15289772
143129
1109251
19327581
10208957
3742302
9292940
10999685
16823242
16114280
4058362
10150835
7570212
19844076
9555164
3553287
3985058
15058018
7386235
3717029
2791757
12643345
2806286
9581742
18855638
8725704
1586914
15843980
3734315
9322594
10700444
19642136
8894257
15385762
4014019
2893494
17313549
6453023
19953250
10935733
21954512
16239986
18761664
11244208
19770060
12855149
16696095
153372
17999687
8336412
10213794
1622672
10887347
17103224
402492
899522
18706711
19488774
18358547
11665660
20338023
3788763
20591986
1947945
15005215
1693053
18651029
8704491
8542543
8328616
1381007
2959410
8625628
18174490
21208236
18305915
3270082
1445081
17714616
19557984
14515671
21789563
3058366
20874719
19561514
19443476
14714121
19700911
15044750
20931389
8226601
21280083
8468800
9859713
11164854
1834940
7588197
8520771
15246640
11988908
11011353
14751481
17349155
12681452
8129637
12524953
2205065
20952020
9929763
3136715
3219882
10744792
7884122
15549521
15249187
9041476
19565823
19941090
2662950
11347409
9072385
18776102
3786177
14769829
10650850
10995410
6562111
15074400
8393268
8971293
1440465
1811291
8845066
10510688
16286732
8248969
7812352
12567078
15947323
8017269
21299168
2254567
20958326
6489663
11648235
18403385
16947095
12173315
17377071
2038836
17045014
2189308
3374172
1182965
270258
10202949
20025697
11349616
3827193
19199934
16565197
8194834
9130943
3548487
19059571
6356039
8079011
7713108
10638103
17297427
11593205
2963360
15853547
19642381
15860973
9861576
10202512
20006502
10588221
20857618
7517498
20223398
16943591
16943988
19333734
19912307
21138810
15193810
3389167
1337624
15676167
9282451
20179174
7891394
11286954
8810800
17258206
357773
7570681
3215747
21239254
12080570
2672768
6411511
19184573
18323524
837187
7586767
2368104
21706415
15774523
15928598
9412625
8158183
12237169
21308627
12558571
9082275
12102451
21841869
1762379
3425392
11541708
19122352
3333138
3612964
7842264
7647929
8416765
21239335
20016119
8281542
17003569
9643269
2743511
11205715
19317293
17511584
9835779
9825043
8422317
10650303
16574775
14971610
737619
9224437
11402936
11057111
21090963
7585402
16267791
10344148
3230198
3391327
15789180
16378162
18638415
1089402
16138355
9555182
21448832
1990387
19382639
18377636
16006943
19419835
15019873
21513133
12130491
10352527
1840985
3604931
6146201
3616947
20075336
8385374
11200654
17646669
16341997
2214135
18004127
67035
21648406
21180369
3366685
16545074
12337597
9662237
20638121
1928457
560114
3366313
21284353
3556544
10452435
12242534
7854957
11778148
7357710
7597421
18492070
15302740
4015927
311942
18766314
2029440
2096087
6769628
659771
8374928
20463298
8982705
3138954
6496918
14561229
1765343
7713116
11478359
2537929
11186144
21963557
7193556
4012785
2815914
8607390
