18032774
17520581
20160029
15805554
22327884
21833472
16945167
21851273
21802334
16217753
22472064
19682368
21903485
14723561
14965154
21310549
20616891
18202412
16166289
20016807
18689931
16555433
21345916
21881918
22169039
21304935
18027154
20399639
21207017
12795534
18518788
17224925
21540865
19527509
19509244
21372717
18976827
21684835
20147576
20557834
17010747
19565364
19822516
21346551
22139134
19707238
22200885
10425310
20689366
22993353
19534585
15679256
19203841
18317068
17414636
16778425
19453287
16857823
21629245
18784104
21825041
21555682
20495306
18978564
19671328
21601372
21079141
19917537
18283460
15158434
18208787
19238679
20359660
17729381
16453093
19642458
18089875
16246975
20606094
21192561
19701110
19466878
19258191
20836682
20622897
19575727
17075324
12696252
17450113
17635880
19318912
19368524
18259703
18640895
21744880
15057134
21943394
21536327
9865906
20926546
22147731
20037353
16428506
21225012
22927525
21386629
21122407
11877763
17638733
22137799
21224627
16688779
19299903
20171980
17785763
11995705
22474207
21537180
20215504
17373902
20619738
21873969
20943606
21725209
21552097
20647706
18366301
18423627
16619542
18191993
19247309
17588349
21738965
15617598
18021487
21694822
17564329
19101138
17630057
17945034
22722830
20036027
18053062
14720353
22505231
17438669
17208931
16024112
19890352
15536688
20148858
18321437
16482681
20428833
19737224
19542725
19238551
16945165
21915281
19057042
19773760
20709888
16223155
21531084
21036887
17428161
17890890
17466890
18412149
20100964
17429874
16817335
18691415
20417368
15142630
17671265
20836671
15946581
17289894
21224566
15450723
17851837
15908664
18560952
17370595
21745384
18473701
18347147
21159400
17940504
20346177
15495753
21756819
14688462
14967457
21653686
15861718
20399520
22552927
20680105
22213307
22112971
19815486
19538880
18263773
17136234
21771709
21180382
19221763
18473010
18650190
19775645
16616282
17491584
19064407
22127113
20401611
20002849
22477201
18688179
21810686
16763280
21224550
19203897
16354869
15681544
21053102
12899508
14640938
21152424
16299795
18483797
15823708
19797415
22043322
21789152
18838438
17237005
21174225
21554739
21813336
19047118
21131821
15785877
21353162
16541195
12850190
10213503
21894049
21632860
21185664
14967455
19033703
18650196
17391070
20580896
15473023
17522249
17726778
20464886
18390419
15886311
21827413
19075865
14763141
19906103
15847707
18157590
12057092
20130433
16117976
20044479
18225864
20189446
18391915
17442661
20668478
19381027
17115926
20046507
17722954
15809453
21340604
20460490
21483009
20413299
20082181
16286741
19128507
19349493
18503402
21508389
22194030
18544460
20921461
18678399
17163168
16683416
20156700
20605932
18431049
17923763
18391622
17520586
17139241
14967462
15025791
18418211
21712828
15821245
16258596
22020564
15624667
21861540
12559183
19199273
22316245
15945340
20087963
18229684
18794061
18061885
18342710
20190183
20959822
11156247
22679178
19352463
21151408
16059652
17332301
18393776
20531274
21750205
20732960
15756277
18349389
19738166
19736659
20603437
22167999
20397915
19702696
19467880
20864569
16556086
22354538
19131170
16301597
17520578
19596191
18957968
18723476
17981431
18537749
19275641
19713753
21493327
18604226
11875472
18006799
19491283
19010269
17134359
20100685
19795581
15195891
19212633
22244801
21197742
19588228
17030643
16774493
19086328
12587379
21044226
20042310
19438534
19799077
18366281
15177487
21084825
19666851
20388063
22083195
20696752
18093454
21616603
20332699
16622275
18585454
18048820
21176587
21196393
21155011
19528458
16320055
21255939
19229368
18077926
16061873
10826315
20415598
17671646
22311160
22706026
20631611
18950980
21105123
18279577
19165196
20881477
16167038
19540068
20651322
17466895
21273511
19001320
18086972
16796793
20616015
19680654
18554223
16728921
20383197
15987992
20963388
19795595
20130423
17208435
16709245
15219169
19701965
21136888
19601750
21742054
21099371
21665310
17263556
21446046
19436599
21999123
20630698
18586928
15630570
16641252
18980991
18030605
21856208
22893052
20881268
22101934
21635994
21678640
12488469
21047402
18422755
17987340
22440861
21768656
22342570
21709201
22100694
18218786
22842573
16004591
22424313
22491422
16336752
21835823
20451273
21845013
22446022
19010858
22001862
21464866
18153976
22168666
19288004
12500432
10995796
18045070
22081118
20066159
18433598
18501070
19783064
18160810
22182673
17050875
19468688
12610866
20598418
21782507
22562413
18487581
19417559
18980548
18361802
19381443
17034953
15919198
19620819
19938904
21071270
22192550
21249412
21147868
16357174
14763145
17518612
18826647
16009950
15218840
19373942
18679646
18779744
18445856
20019588
21196353
19010265
16163242
21355777
21611090
19707832
21273607
20798193
22927532
15031593
18543329
21741959
17878958
22090361
16894408
20718704
17635517
23089070
18612151
16939385
16179960
17039634
20431309
19540538
21885317
16756022
21196389
22988651
21585689
21109940
20804901
21831617
22231391
21303749
22437252
19401697
17707800
15871764
12422310
21393609
21286919
17096332
19232697
18206084
15518378
19293803
22902446
16170346
18361803
19036692
21850381
16730237
16763273
18537534
17098420
16479107
19086837
18826263
16166973
17904355
17146641
18425360
20616366
20392785
21115601
19724908
18084955
12751641
17881150
20361188
20980824
21474968
20333385
12174340
18927293
20358427
18251285
19357016
21472315
20167650
19254943
19454812
19695723
17093455
19095777
10037173
20810233
20200482
20100683
19680453
15688605
15370619
21206494
19539429
18816622
17977504
21729677
21086056
12421735
20042346
22098470
17118853
20567101
12810453
12544258
19505829
20535960
20541833
19519286
18644194
17704420
21248303
20173639
19729997
15205458
18081540
15587777
20841924
15585932
18245552
15905968
19936839
21029218
20088793
19080129
20930102
20047592
14981582
19131187
20630828
17928207
16051966
19542251
15855893
18787354
22581265
19431095
20108990
17671655
16240452
20032844
18157579
17964994
19571295
18314613
15184808
21779535
20452168
19889608
21421338
22878126
15677698
22252676
22668015
16984744
15637959
22170230
9041461
22820100
17026786
22508389
16438862
18514789
21238822
22777379
16234565
14993229
18808311
19793151
21224632
16555987
21347194
10991700
12063824
19521032
22202343
11894011
20552345
16532444
18288997
22471719
16922611
21304078
18340663
22088429
21602020
17127957
22515341
19878607
17082181
18003960
12053861
22975728
16717293
15832711
18799330
19398573
15212701
10213224
16549330
21922203
22034736
20514015
20138539
20383783
19785057
21960311
20565817
22842160
12801743
21188107
22281975
17036725
21208840
16551136
18377832
20130436
20645028
20073127
21329967
18248834
11821837
17990352
18633249
20855834
19780706
21633667
16926635
19439077
22948846
18825142
21282108
19534437
21224628
19663637
16618381
11905034
17466903
16981668
22512627
16097575
22439666
21324799
16777630
21521711
19470057
19144681
19119291
20101558
21320355
20926413
19369859
20378504
19397465
21363880
19622902
17375050
22351687
20504227
22327124
18669866
18979096
15806152
17878104
18337601
17913857
21586626
16800173
19661311
21667030
12843857
22017232
20219759
21678641
10850332
19165235
19102716
20679244
22440875
18182978
21368222
20015761
19996272
18181051
21468131
17607921
16810345
17540437
18712184
18985183
14673056
16818711
22701615
20845811
19780246
15745358
17198582
23071293
16163230
14993230
20569773
20026889
20154619
17428169
19802936
19822515
19629485
17935270
21245865
20100958
20332175
17918133
10673534
19092159
22147978
16034631
17145586
12422309
17848286
20199973
22699811
17956707
19167213
18632536
21706149
22948721
15075904
18544172
20177018
20848439
22677037
20448462
22281684
21420313
20019086
20444542
19793691
16467105
21917986
18305055
22014569
21529301
16015534
17713990
12850530
15767802
20968146
16368542
17938482
14512124
22193422
21464141
11790188
21200037
21391890
18303482
18158788
18350301
21747084
12479268
20198317
15238978
18024868
18057297
16076690
17366800
19064408
14701780
20859122
18632490
21217396
17891135
17593391
19182243
16632978
21606421
20570832
18757343
17007545
21558395
20637356
21837660
20215534
20013086
12044241
14682120
21118963
18577988
20704815
19643807
12375797
15696026
20616911
18176767
22126621
21571801
21398618
20805361
17330837
19120397
18361805
16351494
17003851
21672696
17514810
22930585
21178280
19744802
18521794
19616334
18972607
18064761
16890793
17127335
20562132
20529262
17962911
19733301
19028268
21497124
12419447
19697122
16760297
20967514
15933476
20086166
17212981
16235569
16333039
22310681
21760560
21380628
21129611
20427347
16512986
17896910
17624800
19759520
17547530
16942645
19484487
21485758
21928052
21167654
16269605
19162309
21913035
19028347
21881470
21196359
18490241
19271650
18394559
22785204
20498386
17664471
23153506
19925598
12684421
21161326
17625289
19480794
18679182
19133368
17980508
21345141
22873739
12814826
17935283
21665306
19839932
21193546
18488301
22110221
17636117
15258046
21791633
22214007
19159079
17482300
22340631
21976532
21114924
18424917
21115915
19164213
16736978
22011788
17909865
16979839
20425075
18177814
17660872
22100458
18690849
19418267
20510073
17363584
18607870
22517696
21343382
20589377
16552236
20616896
19513520
19783717
19276250
19828033
15677699
22055112
16904111
17992053
18836658
19738126
17562448
18097777
17020453
18803379
16234549
18228526
12962900
10690556
17443738
18684058
16518479
17026793
14574915
17488734
18339879
20335368
18927285
19954294
20535969
21671463
18988655
19546596
15665299
19883074
19380191
19293809
21986964
8738826
21104178
16249350
21908069
12453333
19056253
21955928
19506820
21498638
20714355
14743888
16467552
21167447
20556695
20870918
18515238
20156162
22076388
16399434
19271026
22586650
17075466
18166882
22584346
16172328
18202792
16360005
17367921
18794062
19258241
20580219
11522647
18718806
18997665
16750422
22016507
16111469
16951222
16777680
21491145
18636661
21148749
18319715
18200333
16485893
22034841
20803287
12652739
19862647
19737114
14760365
12867056
11459459
22789781
20220515
11585869
17203769
19581859
15269308
18483308
16051981
21283802
20978259
21273581
18063876
16769595
17867589
18520811
15494003
19380367
22622641
18854570
20401975
19630571
18852126
18621632
18413752
19186682
20651333
20101065
16015545
15821783
19082474
19436303
21942981
22367511
19942480
19309232
21302625
19445031
12609803
19701148
16436330
21953502
16428503
17610336
19712476
21055627
15821248
22065749
20084161
20581576
16796788
20118032
16801985
17848285
18286491
20591134
17714814
21071308
17085262
16399439
21975333
17855191
19276677
19446977
21163071
21088398
16425523
21134823
20615171
20921207
15890525
20383189
17704414
18999934
18321823
21559018
16878853
20072801
16818947
20028750
18989724
22228631
16710909
19028346
21097395
16038643
11706398
20415599
16387668
19884556
19842797
14988742
10855786
17538161
18384472
22321154
21110844
20431308
19684613
20073607
17007015
18501094
19169687
18759698
20180130
17161680
16736981
21507168
19124237
18154212
22145213
19208430
16622465
21857165
17141974
21829061
21889392
22083196
20525277
19571293
21084826
15069317
22510259
20921467
20006487
21215330
18006800
22684500
19760217
22549179
22118887
21959047
21197741
21188126
17379490
21168861
15987991
19016767
20054017
20047861
11880468
16906777
15726504
15962524
17544000
22104358
20177422
20725548
16306877
15572089
22993351
20035684
19319529
18592276
12375030
20164655
21443115
21356164
22192651
19077495
18390971
21854597
21918358
18303784
21690478
19846029
18534960
17520580
17964993
21467916
12415818
22414284
14610920
20498638
17112000
21149660
21074658
12620146
15546221
21299161
16689454
17641540
18508573
16181478
17890884
22526166
15726506
20635913
18226196
18340662
19232434
21169059
19894219
19704352
17981429
20215799
12708089
21704410
17974556
20667610
15032719
16710908
18472617
18794099
16909423
16636723
16960205
21245850
18468824
20584693
22727262
19642460
18824847
15124127
16950201
16262567
20160361
22039088
21504318
17520577
20616903
22481064
15272498
19934290
14967461
16010954
20145211
17644522
20010090
19370807
17990353
20416484
17487368
17115102
20564640
22805329
18258571
15717942
16336755
22771099
17298193
18487911
16194454
17965001
19155549
20206020
20418097
18481809
20870975
22818410
21677499
16343364
18824445
17171190
21912620
17179005
22325215
21209911
19273701
15863375
19897418
16399430
18006328
21795973
22900267
19969252
17237696
20011305
16289975
15789304
20624167
20388852
15226328
14733599
18423125
22358385
19482958
20578086
17593628
20078321
17531336
18297114
22413826
17581306
19952953
16982759
19366444
12422311
15871763
20526097
18666464
20304778
20513938
18342113
15834466
17145520
20420360
17030642
14763144
21196277
21883215
20085858
17723945
17074970
22519406
20372787
16873077
22875052
19762335
22498112
21788356
19568408
20701442
21789113
16176972
19333227
17367263
22133387
19452131
17262214
21439954
19959278
19018005
20016372
18351186
18381447
22745668
16806963
19780243
11129168
11727507
19033696
20686406
18448562
17804738
15269313
22085575
18283197
20926644
18829495
20368185
19917840
16438880
18813952
21180533
18505070
18536557
21067912
17164226
20445348
19524312
11422037
17498200
20054019
18025804
20947269
19546597
12834777
11156209
16721123
18176106
16766261
21474966
19257852
18033688
22527313
18935927
22231447
12202782
17178291
16265095
12796401
16163239
21859568
22583603
16024114
16356309
21878428
11927283
16387666
22089117
22281370
17531339
17256054
16533873
16494624
18043567
19305491
20439197
16788380
22344385
19033701
20446909
21489913
16288119
11432891
17168674
21228335
18672015
21098338
20423677
21768658
19356858
14760102
16205868
22323435
19580206
20921457
19828002
19283845
15923432
21641637
21792863
18757423
22024284
22208484
15613446
17663967
21164064
17713469
21126684
23101194
14763143
22305465
21084828
18946069
19946122
16651634
17262903
20217608
21254978
22844475
17226962
18045190
15168452
22427198
19020749
16120047
20697514
19955802
11173137
20658720
17178286
22740226
17573671
16904056
17666985
19127259
18789131
18559618
17159497
11236033
19755624
20943624
21411223
19953623
21169060
20884623
16555994
21138869
15655572
21653320
15823732
22110188
21575616
19033699
18390417
12006511
21899955
19046116
18757187
22219013
22145268
21205757
20810547
21161370
21368503
19957085
20848399
15606339
17520584
19822509
19452823
20663904
18096489
15212612
15837620
21479993
20100773
17374728
18366287
21239504
19603018
20034874
20172202
18063871
15892618
17663798
18751401
20425511
21498735
21862388
21422434
21843103
20817364
19830388
20693797
20954331
19445033
16675911
20400360
19828124
21641672
16616284
22083182
17089034
17609492
18296420
20732757
16489842
18493921
19713983
17569205
18202731
19936641
20095962
15265961
19145684
16531709
21865609
21505590
20421770
21968808
20495308
17242694
15309512
11597400
18349392
17189395
22068033
19747140
21443275
19727962
22473163
18782080
18361806
18257846
17520766
22399593
19793687
21048039
18573734
18833056
19923868
20034870
19622903
16796791
22103058
18767573
19875336
20957635
20208322
20932136
20133969
10897003
19408743
18070698
21277276
16400742
21448626
22715836
19375379
19707356
19786997
19508512
21042725
20332457
17927513
15471833
19156911
19940007
20026448
22526230
22031707
16524974
19728918
22960522
21636539
21537178
17762902
18632807
21129859
12643740
17671674
18346444
20034868
14716146
21810511
16399432
19227011
19390304
20655821
16303861
22270724
17967636
21275455
21618510
16846514
22035459
22014573
17938576
18245011
21763224
22162316
17017951
22594891
15253162
22199312
19289369
22102971
18326927
21743808
20589849
18618607
18794482
21207425
18201769
17673891
20848094
17947225
16847885
15298722
20402539
21129296
17497323
21962894
16131043
11677653
21352258
18957038
20843984
16635281
11257658
19202711
18593896
18509187
22264223
21729675
20386525
19336010
20449589
21606605
19360148
19461169
17239286
17428157
18059397
18400508
19915942
21104905
21140283
17034418
16009949
18071949
22318523
19514925
19064956
22682019
19378369
19104506
16432162
22752145
15710074
22753904
22543237
19826350
22549044
15214593
17478086
20425076
20431307
10815919
17354513
18084609
21885319
19780245
20191181
18685900
16945172
17035733
21863510
21898389
19903175
19366826
20172848
12577231
19408129
21468552
22689222
22426455
19190590
14662002
16736979
18262213
17615536
19299048
19028276
16909488
18784101
21524816
18759201
16805714
19507510
15837615
18765536
12234411
15655420
17982120
21603990
18381602
20309588
18195551
22474202
20086114
20856931
18692389
19439750
22580788
15726513
15851788
22753919
19352138
16197625
18094427
12422312
22473155
22643048
19724846
21196162
16905422
20939111
17931419
19890692
16505426
18418011
19262714
17761976
21737635
19744737
19284374
18804410
21243368
16722544
14695221
22704525
21922338
18043264
12036420
16106015
21728912
21966417
16219105
19362943
20231078
20148071
16562649
19276389
19465422
21253675
18515254
19935791
18794063
19708856
19636327
19033564
21656377
17687200
21742594
18006266
19192669
20407241
18997663
21918971
23052154
19739274
18708729
15523683
19579280
16135503
17998284
17827463
22548923
18039422
20406174
21428886
18487907
21630045
21048493
21900593
14870834
19887875
16336749
19216848
21792802
19632927
20140759
19707410
21737577
20616912
15701870
16292207
21903449
20100961
18520806
18383530
16129111
18340661
19433978
18681486
18389098
18275813
19295245
15738867
20935157
15638964
18699762
16432168
16808060
22576456
17023793
15717736
19602593
18655055
18279058
21631644
15780905
19150740
12422313
21572364
16595122
16618717
18619122
19036689
21247406
18977050
21568673
20146801
15175668
16929166
15871762
12422051
18204257
21709185
15887238
19732064
18210112
17250462
19379120
19786848
9672257
18245483
20545975
22699716
17341899
20222160
14679146
19738388
17473213
19755679
17925554
19454271
20797408
16710907
20883055
21652203
19704058
15991047
19091906
17927839
20680106
16299568
21632449
15958463
21437572
20593498
16685431
15638959
19783899
18946061
21557708
14732836
17137327
22016477
20939812
19124802
16002847
21150278
16465172
20071308
18778701
19367287
19907722
17555368
21815704
18454570
22436374
21840871
21308409
21300933
17591813
20634405
16387665
21099348
21852185
16151408
18703609
20972475
21424607
20657583
18708365
20507797
21748051
17511934
20564106
21358960
11961885
20037354
16106023
15269321
16160407
18606595
12186273
20229816
19101405
19126225
20031962
17964992
12482329
20032635
20180626
18554700
23100515
20437875
15957968
20432670
19153564
22586653
20660959
21208847
21382780
17827454
20685033
22569004
20199974
19262719
21736358
21820450
20478052
21763373
18473962
19750570
15733948
14569846
21730978
20535951
19410716
20606093
16264850
20810384
18650191
22331006
18983242
16014894
19102011
20167564
19433375
21523374
18836202
20826046
22396447
18751435
18380901
21772113
16002005
19133603
21743971
22241897
17538164
19525473
16226226
17427093
16954995
11920518
17064225
21127437
21653688
15972283
20126478
22614881
20385517
21931998
21841750
17317838
18499885
19797039
19414151
18996026
19695370
19632939
21611102
15685832
17876013
15929020
15832190
22056021
16033478
20709812
18487910
20541785
14666659
19917871
16265878
22315057
16255132
22734028
20585086
20856723
16503239
21514211
16925155
19380175
17356239
20217448
17168718
22662361
17594933
19921572
17520845
21629990
21163770
21890455
17344795
16076691
19419924
19033700
16378905
16464800
15142629
21033767
12006546
21439039
19821033
21184075
19581175
17723181
22210091
16336750
20331636
22020886
20417092
19204679
15379811
15475436
19073517
18799899
19646778
20166887
16507564
19357226
22316364
22409863
17103198
17362871
16012181
21979953
21278223
20936340
18337611
19010268
12094335
19396633
11567823
19117687
16343367
19534378
17970081
16791768
16813587
20010514
16761936
17126894
22665533
18390464
20586711
15840884
20726623
15473024
18034592
20519757
18339877
17449349
15833824
19579279
20015177
20667608
14751838
20198342
17252287
21264838
19339720
12209672
15073842
15205192
22687945
15142631
15799239
22154502
15536357
21498394
17152334
16681848
20087056
16641256
20713879
18769609
16476273
16908348
19269105
17760931
20631636
19584289
19004567
18810446
22481235
21537303
19411318
20181021
20582584
18316572
20652697
19471640
19707318
17491585
20068568
21653642
18202732
16403849
12053862
19692761
21388067
19271376
19439919
14632841
21212430
21673069
21176894
20864916
16387663
22801891
18394550
19537835
17531109
19223544
18194407
21286718
20465313
20697127
21806477
20133081
20067946
21829065
16352922
21520037
22412142
18095077
21417852
18672206
21795432
16648969
19666852
21738572
18360658
17265746
21378351
22356895
20044378
16320130
17189393
21358328
21217058
22070017
17553204
19169046
16051481
21402620
21224537
21641636
18077217
10213228
22281474
17431103
20685042
16362261
17634559
19461170
21704406
18448553
21302618
19190133
14988743
21234529
17671149
20530716
21273060
16616283
20587899
20049837
20189053
19105712
17350323
11129169
15984516
22927534
20590888
17118852
17127231
19806185
19564563
21189379
22215062
19225787
15289342
16508634
19997960
15487459
15846113
19262720
20561781
15148527
21124044
17449351
19567214
19033698
20704969
20143444
22057493
18501069
20619739
12480194
12235219
19561631
21738357
19640759
21208842
19730278
17961460
17520583
21677487
21308323
18467734
19954416
21248446
18713589
19138272
18073221
15870431
21119032
20582392
22257778
18971836
21760527
16845450
20920877
20687181
16707760
16476378
18190244
17990350
18535834
16050785
21472513
19922468
16467544
18808417
21641867
21108850
19549707
20495310
20601799
19072376
21129609
11430207
22322320
15796181
21914790
18281264
17324578
20603436
21447947
16764752
20877448
20148348
19172844
18391623
15377399
20234366
17354514
22246397
22287728
19415280
20375894
21679088
21373764
21990319
18830627
16901391
20888703
19785863
20830768
18366286
21879255
22744325
20305131
21982046
18813198
21482691
15961783
17665322
20009541
17689285
21815483
20129123
17637562
17072624
19894351
19179548
17910311
20837454
21654207
11426640
19518076
19861577
22135077
12422306
21409520
18423824
17332300
16336753
23120802
19188670
15818163
19626652
18329706
19549774
15059649
16621676
21293176
22257237
20732917
16228155
22486600
22294722
17715697
18609706
20100966
12113039
22117530
22895627
20585089
10873065
21807639
18676156
17447062
20399983
16397041
16399433
17607918
11236022
21937377
21220133
21940303
22059994
12616707
17591832
17236972
19467222
19958628
21160806
17026455
20799041
15947929
18442098
21751717
12924275
19332731
19852961
20551469
20603086
12187077
17530020
21690469
21332695
22120470
19235785
20034869
20110784
20864811
18230579
15267225
21165996
15585383
16206208
21854190
21849406
18782074
20427690
14975808
17114658
19654571
17283159
18329974
20088790
20615764
20947270
20647773
20557270
18355979
15767552
17079693
19642320
18715812
21154125
12901223
22385512
18070705
17667606
17178284
15234052
22033894
20676553
20149474
20731754
17686441
15187895
16144944
20551942
15060535
17593621
16706233
17671203
17250464
16424038
15276177
19603024
19700342
22431920
17563265
22489288
19892771
17202828
19231039
21272665
16615728
19056857
18691458
20700044
20975380
21918361
19036688
20550522
21528063
15523082
17346499
19923311
21627774
22818908
18980550
18520515
15871761
21224641
18604330
21502544
18928862
22085444
22245799
18473980
19508832
20842127
19046131
19036056
17553202
19785059
21496446
22592956
18342708
16956561
20974572
15611621
20398370
15490614
11401587
18698029
19063696
17530019
21109448
17674963
18807709
19179904
19661027
21496941
17682304
22180495
17520579
12422314
21277474
19159467
19942166
18701764
19704061
22252884
16609035
11502465
21115922
21239398
21174626
17583545
21208843
17566832
15270903
11673692
22863361
15598929
19224142
17786445
19663767
19792050
21865152
21948811
21750558
20798191
19276367
20709651
18501075
19649211
16206497
18752082
20051754
19441269
22641659
18570745
21980258
19688981
22555244
18052628
16106027
19004722
15751497
21122374
22024438
18565869
18334158
16472704
12653668
20034866
20571907
19717258
12271317
20159332
18700047
21950209
21909753
16273137
21852385
17538157
19546608
18481381
15214591
17160665
15120666
21595970
16183478
12886747
19318419
15634648
19022494
16739745
19502076
19922304
15500243
17436590
17962339
17065274
18021214
18698032
19616446
18497956
21472715
18781300
21684583
16234556
20651393
15689586
16170891
15341677
20573930
20505368
18616207
21606209
20591136
22498572
21036743
17978301
18454685
17591840
12820779
15217966
18232715
19916742
16009959
16403122
18533808
17311700
21768657
11842484
19433372
20567625
22201852
17888735
17873319
18473990
20666740
17440095
16314626
21999128
17921724
17581308
22236606
21751504
15764920
19343364
19447510
20406901
19775831
18665167
19196673
18172732
16759170
22690082
20099280
22496619
21784756
15340373
20064507
19780248
22266098
17883287
17607967
10891943
22739312
16733844
19006019
15283154
19823031
18386224
18023113
21880790
19106040
16305462
21772090
18021486
22285706
15534118
22487682
17049015
22441566
17141360
21848897
18349029
15208356
11904986
17622245
12813169
18415895
16171088
18494248
22202647
19365574
22271594
19038731
19839930
18441330
20495305
17094429
19014786
20210249
19942479
20169314
19770383
22415634
17216005
22770960
19796971
19238676
20652976
15734198
21304080
20956938
19445032
20607679
16896568
15598988
19072220
20577878
19953097
17429839
20680104
19188136
18499888
18953842
20619672
20029417
11595683
18272912
12850474
17718306
20155263
22348829
15134356
20232784
21892718
11350885
19114683
18378539
19880627
16501908
20607586
21814852
19101406
15308165
21077036
17438112
21197743
20924143
18665180
21936952
19149612
19495753
21665304
18795291
17555981
16243788
12512382
19825952
19378324
19410696
22363067
17975007
21464917
22882856
18594003
20499311
15973844
22841590
19579281
22152101
22199315
21368472
16282170
20526101
17376521
20164661
18621639
17945039
20404609
20359659
19293797
17520582
19713906
16952747
