17136978
21247593
21560050
19819837
12010082
8912762
8982174
10996568
18534954
17646474
11530385
655492
18722084
9580574
9927098
1968716
11200377
14982645
21241338
12765428
8515616
19940047
18413556
10313451
10653057
21132143
18383952
12117044
15665324
20438281
19073395
11998991
17615386
12619535
2802893
3337395
20594977
19192965
17268751
474874
18348887
20528509
21810706
20663141
20357426
14695719
20538846
11096003
19929608
15985645
15289630
12078781
6534764
12796054
18378782
12570114
19797476
16267355
9288046
15646699
10928502
9676933
8082959
1844203
8087137
18685348
16267366
9785808
19272785
16458207
1554266
17537541
16144861
22112998
12068989
19631864
16376093
10821512
16279269
15332399
1434020
18954602
10726180
18162601
18002939
12608452
12490643
21635787
20045536
9163659
8458779
1835289
8420434
16902836
8370429
7835768
21338329
22116372
21607562
18537871
16371599
21143440
20146902
11146956
16330791
19767376
9620899
17496261
15808135
18625750
21700233
14696515
21373820
21458203
3762247
20549778
10321636
9632900
15180129
21388308
16553257
8328715
17579045
17326734
16050659
16311458
20604960
18425863
18209669
15947126
17609877
20851926
18350511
18044064
18720706
21838948
20505684
8111554
19419232
2766759
6499550
10215207
3952335
10588623
21278638
17120747
11905727
12388927
12201861
12130987
17693107
12467498
18649615
12460045
17715163
10853552
19538560
18552698
15946833
19109248
12665740
17729066
19807337
9972899
7841973
14742790
16464449
17959636
19939262
14584005
3783018
3993831
20815661
14728830
17715170
12106550
19807234
12076884
10673210
21881144
15358756
17523387
9854358
11162981
21078149
18046296
21356324
21577090
12168747
10654217
2035821
20604763
21406514
2502806
16775118
16514112
9216189
12627000
15804222
11187494
9550506
11454120
9042644
6342028
9489315
21389585
3144218
19561164
12357998
19840969
9657577
9623145
17149460
7665421
17693488
16858364
18029368
17252614
7527787
17719511
19781095
19841705
18990676
20563463
10541885
10378049
8283876
10726179
8902458
22005142
19850209
15098574
20223919
18795589
10601534
8273839
10570733
12584394
11936513
15254612
21073534
17425473
21606442
11385256
19443086
21440286
21372643
19181289
21483306
4070799
21863888
19129289
8409111
6603164
21107529
18023334
21287359
22028353
1953148
9731017
17273586
20167850
19506972
18048806
3937491
20620011
18400725
10804262
15630949
14530202
15797162
10853854
15573508
12599448
16281655
16438015
9620138
21671696
18665427
7926530
10252510
20083921
12764257
16964364
19592548
15879414
16849998
7489800
7716049
20026142
19772586
17374498
12720610
19460789
12471087
17431493
14507565
2256017
17135427
18303416
8289031
8983892
20377049
7181228
19845991
9700436
14702858
6486557
11693842
17444426
15241094
12730758
9832486
18028564
20090075
21632072
20464412
17649799
3415354
19102079
20035220
18807856
17889580
17707616
8614133
18187064
2113329
21396667
17495374
17174948
16138941
7904230
21489009
18385175
2407465
19173753
11266235
21631367
15464118
2026031
21418734
19149091
8991557
17516010
9586154
8202967
16169323
6536490
15693473
10429323
21128904
18533072
10315480
16701649
14665779
9683314
21116339
17331969
8955249
19875687
18454622
9431390
20937916
18549139
8993290
12971239
17142400
16989156
10948999
6651352
21842370
16966403
12231490
334025
7631942
17991203
21048498
9470465
16896426
16200941
17574101
10543295
433967
8762483
20008877
20846450
17567676
16460562
21176633
20420730
17273596
18978482
8777534
19243624
16439751
1546841
10501824
18589291
18719075
16036285
19548361
15650403
18591839
18544191
11828811
11243655
3631108
15765293
6153257
9622402
9816128
15709918
17966095
18229570
19923313
16181944
15100942
1835293
17211295
17080232
16339779
19770354
18363196
7942478
16509173
16703714
16308007
16737524
19236210
18218994
8129049
15802338
18936534
16958076
9926140
21471102
19942273
11071113
11694805
21180303
15139941
17935623
21962452
3349836
7886642
6371778
10051266
12882456
11852892
8860273
1635636
21985082
9151530
15082991
20976078
8941496
16318810
18755926
8153921
21325944
17724535
22011237
9039853
17714090
11775859
3966706
18245145
2789192
8261713
15467658
9673832
22003155
19747197
15337002
19571249
20427578
20525802
20466805
7208395
18356344
9612668
22009083
3971765
2656888
16204604
3690025
16967174
21037472
19352305
18426600
20801054
15481303
11106998
18467621
11210073
20847067
12449164
10718857
18833381
18448495
18424325
16953872
22028802
3970454
1351411
4001034
12153380
21944345
10918893
9101387
16758516
2048825
7017302
11197587
8039003
17295061
10958374
6337786
20008881
11589344
11468908
17273579
9083237
11589254
20460001
16950283
11094492
15217173
17590907
21166630
17497941
16033754
11276102
3051934
16603004
2307147
21253576
10716472
18614551
11731756
19074596
20608563
12874786
9750249
19480579
14757711
21571904
8671564
18208957
1623739
10119659
16735669
7982769
17716382
11794452
14969576
19583857
21169811
20524910
19139809
17324283
16979379
19955699
20977873
20096552
19806798
7970992
3069214
17271130
15802350
18757456
12619374
11562517
9409118
20170017
20081541
15853087
12370996
3175863
2214399
16307682
20608553
18612760
8338524
2879458
18310481
15735054
16002800
18716686
9789932
21617627
19451803
14589783
1619416
12060557
12559343
10228115
17386191
15282388
14596629
7655973
11469511
20525710
16569981
8726947
16732722
2659385
17603547
20663213
16880367
19393838
8804950
12235
20164318
19270795
22135491
19190237
8575588
17273600
10083665
17435144
11778793
1527158
8980973
3966742
3344648
19009945
21427825
17548937
12099771
16452579
15292003
16751413
3485650
20561844
8905951
21502100
2699287
16267351
8112442
19995635
21735379
16707399
3778047
15580474
10414412
18578377
11223326
10479232
3383659
10543499
19341202
16308313
20865563
18310400
8801433
18653401
16810695
11405508
20887343
15140543
15994268
18179358
16475053
2112905
17009668
12042681
1738552
12496683
12392031
16420607
11902424
11574208
16390560
15733502
19487595
10826465
9744685
15544500
21785614
19288373
16467404
7386978
20144084
8065201
20298367
20939467
18573745
17760795
15516682
8834341
15701838
19057264
12615560
11869646
18670693
9674214
15134960
1557484
20536282
18539767
9674615
1733684
1565829
1501507
19512916
18802121
21936830
8463664
21944364
4014855
15990366
22099412
18353856
15459136
11712875
7500035
17400948
7449464
7491722
2357132
19328957
12608619
9374556
15087075
15243666
19035811
19335322
17760287
891287
18437360
17261144
1580272
12568078
16387936
10903491
1746828
18706796
18251239
2044729
15802333
8756822
21127828
3521511
9272911
18843011
17950641
19996190
19809209
9071157
7642433
10556166
12747143
1427021
18044066
21336887
20150002
19733167
19470284
17903647
17952028
8264047
17670510
8648009
16267346
16295289
9493673
17153087
18653649
14646808
12502139
8610719
7864705
18387641
10190832
21941510
10948665
20842440
18700461
12728157
9138550
3802927
18163808
17237952
10199684
11977322
17072804
11957788
11199097
15255788
11044233
20937137
19502490
19862996
16216338
11751191
20979471
15095826
20348272
16550267
1289888
7974984
20700436
10743825
9287965
2214377
20586646
9208627
1843713
15025211
16574942
12674340
7952549
21439344
9468976
20726448
20627925
18202163
11020591
16531604
18083019
12020593
21572382
18338472
18578207
6391530
16799089
12473470
17967288
18666883
10419585
21243568
8179740
21799083
16122443
2498658
10948664
2117142
12294648
18815479
18275259
9187228
10588619
11281087
11194920
15681570
20565482
20463565
17044926
16729789
1434925
21242193
7485206
1603138
19673961
18547944
15128695
20132189
11148177
10052279
8850776
9988131
15098576
16033499
12229304
8045145
16389077
19129278
19146364
17936792
12769213
14996039
21865721
20590749
15010423
17146066
7559271
18282736
3742915
16830504
19344528
18793622
20715399
15641953
9192985
20884687
20359906
18177232
11106884
2023438
17061610
20237732
15699782
17690120
12952691
10086112
21577004
1426222
12236275
15786602
1805343
16507853
19204381
21435832
15942568
7602839
14500434
15598486
3240385
16245155
2024843
15911926
18447606
21702661
7952612
20709816
15750082
9537641
18569321
3578320
19335916
16122400
17643257
16286585
20335292
17320912
11936515
19648193
7115041
17301099
15293593
21143751
2024812
12114203
20232646
21868197
10029398
21760722
21627881
21526681
18303415
20477634
11219471
1959390
17175418
21093020
20598580
12701851
2066016
20525758
21447136
16501946
20214465
18177479
16295718
19670990
16574438
1853123
16741640
9151524
21378062
19021981
12151916
8564110
12181400
19999958
19516915
16020805
16556696
11332321
16083159
3881947
7638799
10658362
18018382
19159032
7151703
11999003
16446315
18663087
19240056
15838409
14635510
11302285
10846010
21853828
17097986
19233902
16018157
11585150
16112852
16193330
7930036
9230728
16357581
15860516
19341875
15994461
6357601
19765672
19409098
20632800
15637547
18236742
11193266
12952260
14680466
17087186
21636963
21333921
8128194
19772517
12693281
19577884
9847020
16675433
12543832
21124233
18822871
16872821
19937481
12709111
17105778
17989119
10414409
19211222
19851039
15293441
8843979
10853852
3622024
16912873
12212964
11695089
17097918
21532146
19483047
14630616
10323643
6215214
16319341
8172170
15673623
19889863
16707512
8947083
17884829
7040825
20488323
10596716
17804442
1867236
2110604
15317669
10065683
8150647
11976844
2606871
21700916
12418583
12833521
11972255
15999254
19026365
11665464
6092123
21498341
16914337
15898436
11929187
18197489
18018756
7968728
17321340
17182653
3489749
15347563
8836743
18309131
18637263
15956124
3743148
12243319
18193813
15293621
18503925
3678183
21301666
16954784
15162628
12448271
7638804
19669630
15983239
17462370
17148529
20662063
10443078
9801488
8969387
18390484
19370950
11596511
21772668
17644366
15845113
19027336
18674894
1790485
20920633
11171927
15366663
17471443
16650194
19656444
10392484
16641623
18516852
11392627
20188821
10232114
19670100
12816034
12881891
12826772
11059962
14987492
11562325
18757157
20040881
11721485
19216633
17666557
10596683
9519219
3202462
12727767
20073399
11471385
18830192
2417775
19673039
17998080
20854053
11699705
21372793
20970655
19075206
15308043
17019954
11563176
16883237
12204863
8170034
12818318
2009788
14606285
17238983
11239337
17582782
14627565
6849598
16267348
8256204
17597556
19201490
14583107
17986894
21255523
18430306
12765700
18328721
17127012
20462424
15640497
15679135
12324727
3672275
2589398
8468109
18678567
6723271
17688864
17297069
17158015
12669945
9864022
19251797
9494879
18758858
10741094
8384955
12574688
15176681
20450627
10933086
17458650
9257360
20686604
15763450
20069176
17307443
3058071
1578541
12235927
12217138
7824480
18671149
19621261
19009209
15314736
20477237
15495939
17096045
10931584
11863206
8882073
19055335
15196568
12071359
17337778
15516531
21621384
9915932
15021178
16079066
3258445
18346323
7969322
18838748
6142449
19213793
10851888
20229051
19261775
9692112
9257672
20298370
17392321
20078573
17372637
22071851
18958255
19190486
21077973
20847087
20050814
15309017
15967026
16491049
20808667
10212100
9239882
21375893
19643833
20868369
21576822
20160142
19881464
9782690
14680079
20880196
19071895
8564106
16777998
17467287
2768162
16595015
6091204
17081057
19648472
15919294
15293901
3976691
9082526
18086941
15986072
9701438
7722546
19557215
7680566
10706491
8833991
21214399
21552116
15826528
2077262
15714066
9817151
15879152
3006560
15792262
12358325
3158636
12560787
20430302
19922576
10559510
18361812
14531240
18582615
9839566
19699103
20830784
16569980
8039994
14572559
12243797
12806247
21597577
16607046
18688039
14767593
19926869
17264324
11406056
12762353
11109056
12643389
18712646
14653935
12190216
8890808
19524803
11213305
3249838
9986866
15338800
17307651
15030455
7428454
8758223
16361360
15566026
11799265
21902445
10700481
12490274
17278382
19950125
15239918
20538489
12409529
9335688
15012921
20190332
15576506
21211434
19956440
20110559
14969652
19230017
11249575
16169550
15341543
9447398
21597112
20333471
12681129
4037543
8059778
19376733
21829517
8015569
18544208
2292169
11299274
16238512
12170683
6479184
19890777
18684847
10508815
1741556
10726182
9363136
9077151
12648251
19520872
18024850
16264045
18082139
19126854
9093349
19538797
14596327
2339454
1443382
17138679
10028339
14989387
3443160
10441974
20037613
16836536
11236403
16288129
10320257
17458428
21944092
14621102
19120575
10445627
18568843
11556939
11273942
18187984
18272095
9519228
16340003
16299701
17729068
15365924
9436593
15194182
1761502
20461145
18360627
15482026
12846274
17513456
11343949
10815359
15510908
17878462
12503712
17168693
11734472
19906521
17512279
2025061
11130369
21239529
11943590
15148012
20417768
11292946
18773337
20417661
7597269
19703165
16284109
19245728
15662951
20479103
10956615
10334666
14696786
18707564
12085406
3814549
421531
15824535
9493665
7676659
16830239
20109122
7920093
12481964
18669788
1426658
18580733
15960697
20888787
21116091
19461397
19741264
17493425
21306694
17095176
16816350
2651551
3556053
8857425
19100635
8438138
8339579
10758383
16378779
20091137
20956138
21264137
12572632
16948204
14582923
22021761
19644045
15480107
21439843
2971789
3576055
8197034
8691659
16527040
16456380
19228173
16002570
18798500
21391902
15003828
18988659
20605597
15164605
17313033
16737992
10484558
19193244
21500452
12070058
2293972
22059178
20399102
19845979
15132288
17264809
12400765
17063659
15634386
16960666
20648098
20008542
8416153
17911976
8822006
12750607
18788426
11764774
17988594
18996074
15994430
8622301
20942747
16135719
10598731
8912764
18991341
10660178
16293056
10577492
15332385
12641187
20393884
19166956
17011826
20141693
16106722
19107016
16551304
11109667
19969471
17889189
11491153
10583340
21951023
19552093
12645725
15755388
9340964
8239167
19646890
10504179
14516135
11601748
12117042
15927457
21607893
22000003
1402344
17941910
15613947
21994168
16272793
22008107
21840153
8561548
15564624
3683459
11448146
15736498
19853596
14621115
16541603
8924566
19614607
21712930
18031952
21416409
7735630
7994073
1524961
15708178
15123564
8686153
10394832
15044566
11064303
16945022
19337515
19875685
12889500
11421471
21630523
314251
8305711
8379728
8116517
20462082
1866405
19629920
7720439
9805455
20841643
18038580
19778165
19329187
8803300
21398248
16489647
21096301
12417866
6701821
20499226
12075849
17972336
18847506
12946000
21899753
21130215
12808658
12667888
9032189
3365073
18300052
15553660
12546259
16722562
12375033
21722334
17325982
16293705
11595559
9039240
10780767
10430727
20949772
21646299
1758832
9340058
15562041
18312445
18339582
16510458
18192277
20513910
9789867
20373858
8252475
3089044
18805101
20395261
19295291
16055878
19793800
17257938
17870013
12944497
10744146
10453428
16004610
8777949
17167358
11605815
3946847
1985589
12388335
17015043
9842371
18760576
11511328
18457652
11061348
17534745
16914301
9755105
18760298
11833016
17589590
9012300
19198195
11844600
3962495
9465723
7959425
10394154
18855308
12424482
10921703
18820581
19668096
16767705
17597218
10147675
17577145
15898014
9268249
19158588
18236218
20528981
20382334
20406117
12231496
9426078
17969000
4051324
11812271
16762537
20880427
8092172
21573156
19746888
11759550
18043014
17980277
15356167
19762250
11082365
923304
19886126
10700671
11510807
17258444
9387952
10567623
3400931
16279745
10730021
19467987
8637274
21154670
7665694
12695270
16458152
10330798
21364216
20531399
19698116
16926645
10081274
10796514
21071473
11522597
16082154
18247277
19829094
16003455
15704710
8143714
16675249
20558625
3692985
15972116
17625157
14500064
21450080
9277077
17619040
20802905
18006881
18073401
19185148
12416945
2889678
9778173
21097150
19068705
17067405
19774957
22029986
21737661
17968623
17035819
1340606
17394540
19116546
11080326
17932995
17504536
11710776
7113767
9037640
21279246
20803606
16772388
6478895
16799087
15143396
16987485
19007569
16083624
21753084
2993222
18829675
2703972
18805337
21273965
19456278
8330782
19196573
20487355
17026755
16141445
17661176
16424446
15481429
8717290
16540362
17935949
16423890
15760279
17266580
15253259
21509418
19449146
19378425
3321270
7767526
15374843
10394839
3335169
6373170
10913403
6553245
20599229
12403875
18703790
17347789
21878874
16108509
21466458
10723946
20435872
20237300
18948123
16700921
3140615
17632677
17458356
16033266
1824652
8959119
12120977
2656772
20427583
12814035
12243317
8096690
11937898
21092218
1417248
9517597
12689846
15460688
15517280
7613554
17972426
20738455
19039282
14582090
15180449
16088694
9852878
10211540
16540505
21477424
11725347
18467897
18032881
9436550
10596682
18413159
21501268
17498318
16075419
17343151
20535429
8062566
21205611
6479858
11324120
15522738
20045628
12030736
17088128
20394511
17535048
17504798
21247830
12496681
20705587
15151701
20952555
14718327
9923028
20031238
17627102
17854758
8247819
9812255
17898020
8885060
20515494
9727788
21184850
17481707
19006659
18848771
11512420
11066024
6121929
8342902
21666442
21044229
15794284
18303420
18034520
7613185
18453354
1631688
18374999
20112297
18666664
20884321
1742149
17539723
19186295
21494536
19296848
11054194
3957822
20947455
17023270
19632127
15195555
16449782
21718598
18344808
17658907
21492276
10457737
15658904
8779129
15112743
15314962
15221909
14661821
11193226
19562289
18321938
11781164
14746218
10358856
18825346
18811992
19644132
17195873
16301446
20528427
6851082
15117620
1757548
21364225
10364736
3491593
18693779
17254480
15563701
11178292
11246487
17665014
16241943
12847385
20048126
14594343
10939202
3821178
20709182
15230635
18220088
18257599
17667021
11940616
22040496
18566336
3830282
2666829
16355005
15975378
21423599
16617741
19128633
18394012
12212985
16113456
18616784
8257252
8958675
17416147
20627923
19307611
15363496
10464838
20048511
11281822
12488374
18723308
1579727
19938965
15482146
15298854
18512114
8650894
17692547
7587255
20068421
9575870
6861626
21085107
18216074
18488432
11930766
10836332
21906390
16356246
8634789
6266000
8804944
21407167
21142288
12062918
6506135
19802350
10821977
19809351
21375664
20699612
8147550
17627407
19561925
19684861
12570112
8569598
14742768
20442827
19591095
11097106
14621090
12470846
2662770
21942257
15233956
21878076
15939250
18438201
11226761
16308576
18467959
19333196
21316554
10197671
22072872
15276505
19483114
9290280
3545736
17710034
15703530
16522832
12046998
7733094
11256858
15927078
11500335
20807226
19718292
18058834
16133651
17766634
9812403
3954247
16320668
20191867
18268168
20833255
11929727
16084231
18579546
17045046
19525388
20205619
21933537
19208460
16399990
15801325
6969364
17356981
17327260
10948662
19608717
21325429
8173147
20673985
18204158
6403862
17416152
21627570
16436275
9349935
20870201
17037392
11990923
9550799
22039714
21085670
11265603
17255798
21166626
17137941
10377199
18035229
18542005
8591624
17578780
20427865
9456934
10539821
22111533
12325491
20019341
16451303
7224346
1469765
12409588
1334523
3440385
11421505
16781921
20467518
21665075
21287429
20638622
18978302
17532422
7181222
18219138
12527706
11312406
17395887
8915117
11099681
21383438
17292023
12768284
15572538
12679762
20444768
11303154
10704078
9366670
20146240
12560901
12705623
2573028
21933549
19717810
19258627
16611655
18466618
15376221
7788087
12242197
14563926
12615582
19756931
17714033
19667938
16118071
11147984
19624996
16322646
1564151
15155777
10892385
19273777
18239191
21301211
21460287
3298675
15678041
11114997
7406373
389103
10861149
7178638
18279769
18350407
8610716
9428546
9556465
12889684
21491730
11093485
21530401
17459899
16458289
1546635
12587042
8472057
18270063
7678080
1824614
8685521
16636089
8937081
18280093
17729069
16568011
19738647
2006839
12556624
2617248
9084578
19845685
19103538
9722709
19416298
16611654
20172114
16318645
9475448
9869696
19893137
19114903
18535254
6467954
14644923
19485925
19039283
12777360
8866580
14720062
9151523
20044197
10092557
10457250
15510250
20003336
15218456
19114193
9441192
18438576
937832
11599625
15635906
20298316
19730035
17531548
12011694
15532029
15963198
11591355
14621106
18506545
21128749
19047319
18371259
21485669
9927269
350512
20668818
19199185
18448774
15375480
12900100
18786668
21646808
15636649
11156077
18374782
302198
22032429
20338499
15992320
12709638
10231629
9761252
12021926
11565661
2677981
11693846
18387613
8513660
15310491
20640212
21422952
7204161
10885422
18289055
9556087
1497402
19670258
19514299
15090938
16327507
21320471
16418147
7863047
12218772
12882457
17136967
20143171
19669233
6863759
18799464
7130588
8507011
18270782
12091241
18680280
17050558
12467641
19349209
15065828
19592019
18550610
16627674
2089623
17923809
7995705
10839848
14620491
14998249
16113442
1167742
20381629
16022768
20469620
21136943
12934304
20551828
11829945
16827231
2150545
20714372
7221192
19296247
18358083
1880230
20017434
12809558
188591
9192931
434595
9553741
21663701
21108901
16534565
3516365
8924545
9043156
11359958
12814147
12588581
19093231
17468707
19586423
15736501
16267358
9493669
7617615
21263916
9658696
14979497
17530507
8187735
10782265
20113765
18316747
20477170
16626949
15738286
862443
11011343
21110197
18346578
21705297
17372799
16504115
15880433
11565720
10327804
9840512
18264679
17948957
12525584
20639579
20519655
18037283
16466650
19789046
18713494
18218997
10543270
20803234
14580922
19426146
18422598
17062257
17979955
17717495
19695747
18462341
10678630
18673054
7606989
19726814
20658908
8733496
8862385
15218995
9105067
21669160
9746238
9703299
8445747
10405566
21119546
10948670
21182364
19017694
16456183
11730631
21147678
19175228
10419852
10856412
18793237
17938290
15929966
657855
21266229
18494753
10926340
19377383
17592691
10588992
8370431
15358697
16433598
3292128
1309554
18079494
10556163
12374905
20205777
16201713
15563698
12764264
19739424
14514938
19098209
16377008
19897798
6359393
15143398
21090166
18654661
17065371
2614878
19554194
15780580
20351031
21528530
21611626
17992057
15111134
9581228
11045277
19783010
12953829
15102559
19896728
14583994
16636093
10707911
19272542
12098520
21976223
16244768
11521144
18521201
14522486
8462230
12531777
1244807
8813172
1523110
22114739
21683252
16164475
11254233
16506437
8840983
17017364
7613555
20298298
21135173
9702610
17428210
3713112
7631934
9245662
15823189
19757868
1663263
15181853
18704488
20347678
1519845
19163304
14624654
2689032
16452598
12522748
15293608
19296167
19106439
8472822
19263797
19450337
9701432
20827165
18234375
18689254
16113481
15659949
19231633
9467830
16719765
19023952
18452725
20195409
10793994
15797066
20334070
11337047
16368351
18579541
10780754
14870864
15194933
11068159
15877245
16200123
20518797
3951025
2186232
18974174
12797703
21151978
10703676
19491753
17883855
2037854
21134067
21127285
11573038
7480977
22045476
2973269
18550609
15894479
8313676
12910959
2383103
12875515
18574013
8697013
15674925
15979152
21323617
20979816
16997740
9575876
6789729
21819564
10542986
10439990
20622027
18006327
12237014
3224692
15075921
10449112
21893294
18381002
15572537
21891820
18832259
20627749
11152308
9811440
21730072
19883543
7735624
20685743
21778694
16872231
2328512
16122389
19355880
17881206
15912039
18294490
15972087
15983140
7701833
20229735
8707439
1424863
12222547
11778178
12171061
11162421
20072000
6713748
9926163
19717475
10362050
17961085
19491286
16620596
16317269
21593709
10807072
19572377
11136265
10860077
17017350
2803415
14738245
18171279
10869633
21420429
12712034
11680068
12829957
1728933
20356758
11174815
1443150
18029036
17452702
18160572
16119172
19806253
18520316
18376109
15901590
11980288
17943798
17241477
16892144
16078956
21490512
17439674
18459519
8143526
7599814
10471615
21679348
20103205
12929151
17198496
17165520
3430195
14751321
2828020
19454410
10931784
19056934
16731270
2825516
2122253
19236151
17291856
20443250
2721127
12792302
17983079
16569398
14516136
19410688
21781599
21300024
8871979
16704029
12844021
3873512
18430214
12477582
17372635
8638179
11488315
11259147
12634289
20629142
10764298
21426723
1809456
6690950
15061259
16567604
18394872
19926732
12856737
17039328
11085697
18829364
8880102
15994913
11124647
7697272
9160539
16424444
17307437
15494380
21509861
2759221
7595166
959548
9093341
10833911
21413983
17850213
16521976
12042690
11083888
20200772
21958781
7487830
17928213
2943994
1595603
12226949
16007813
16753011
1561178
20971882
18295100
10556172
16517577
9630133
17682667
17462546
17489650
19106742
12142777
16617683
11002833
19663712
11722062
8680376
11224731
19463574
16785105
14639176
10919539
10092690
12535393
7754113
20424448
538338
18308962
3534059
17112137
17764555
6703470
15650648
6522840
17208590
16239642
20214466
21799356
17765525
16166743
17720380
17407502
10663450
17497693
16136613
21145475
10813285
19010994
18544646
16585077
21458217
12832682
14768469
18665345
19660350
7892558
17729075
12677973
18204156
20381482
18980837
16300464
15852738
16036058
14516134
16091574
20500603
20613936
12482158
19375151
15139444
12163220
16325287
19670112
17594733
9111193
20966777
19022642
14665817
8480382
19005923
2306677
8618485
16267352
1325314
19842785
2681505
20423711
20118141
18303418
19763475
18689614
17973440
17040146
17229254
19922730
20371286
2297185
19616402
18457635
3873156
8873487
17394438
17194748
8457758
16959933
10423049
17716384
15125256
9691851
11464085
18216007
12103263
11721479
12605808
2919340
11292295
862441
21644843
16858012
15893465
12550000
11254539
7604374
11772317
17525962
10535057
19643827
10639705
1750015
16840745
18785129
21717077
11693980
19824100
3880532
9158284
2333864
16674331
8062319
6837040
16188043
11073832
18706408
18222683
17021257
17096077
9121409
9306066
19417670
17006959
11510809
3407816
8151405
8980974
14635980
12795327
21484551
17054132
15043513
17881927
10553790
19477323
16153252
7940179
12654234
15504576
19624788
21695650
872604
16608529
16265801
11850859
15085249
3232411
19734535
3178373
11212011
7058263
11917258
1554198
19231381
21714883
19118228
19399831
15472587
10968501
21764557
8873558
19938967
8553275
15287822
16172745
18414165
19759224
19098338
18268931
17253206
20397977
9623690
18220954
16228922
21733161
17414495
16297530
21596832
20219127
16612763
3378990
16982135
17938951
17627081
16130087
18223484
9290547
19830208
16517877
19080360
19060343
21616171
16477336
11256200
17309772
21487887
2489418
10678628
20640383
9230244
18091025
9289815
17359658
16487964
21646559
20346135
20476940
15096214
10934892
19022627
3536106
9434330
12448269
1196705
17656675
17059944
10679539
8994528
18038921
12919655
15147543
21726121
7711709
11405507
9660266
9754688
2178526
17686149
18528469
19084228
20650827
8651743
18426612
17594729
21484050
17345160
3127265
15786604
19074923
8935374
11192958
18206596
3536165
22140621
21350021
20535764
1469159
21885180
19710174
19845893
11106213
20647692
11343941
18006298
2313871
16108926
1301865
6524719
18774166
12789060
15669211
12854632
8252955
15236140
11734400
1536690
12568499
18086309
21325185
21271143
16731123
16324597
11028665
16971405
13968
12053601
17925630
9510660
20477218
8503555
18385174
16153989
17670182
11722097
21282810
15572541
20720158
15082699
16310352
20956903
16493153
10711091
21375414
16288858
14660498
7487407
3297524
19906765
7732345
8567383
8252826
9824391
18029789
18267190
20707291
16594230
15823180
8862329
19640010
17071196
15784797
12078759
11799366
16204591
9142517
8793232
11389116
18068344
9295826
21430539
18353716
17136996
3041515
8836670
14666295
20813311
10150627
20674821
8752787
15591628
6791884
21367592
18575051
19614613
7663486
20156741
12420632
11450792
10852763
3213035
19190063
16024300
16456383
12797491
76016
19736175
19735791
11902425
12892956
9363192
17882727
10672435
1562590
6959573
16792134
20478682
19305239
21103337
19745768
973722
12580226
2547145
7995393
18076340
2119977
10664641
1835290
2402173
12028244
19628363
10117740
10780774
7811476
15098568
14682281
21697791
18183837
19010986
16600428
20819250
9289320
21704281
9834795
12392035
17621580
20439194
12447049
12606659
20808897
9132839
6610506
10706498
2333647
20698892
15875066
9857339
11431670
19826138
19687002
3895171
18990978
21150470
12188932
16517485
20557406
9883764
18581381
10795775
17786807
6346665
668432
8937138
21096773
21915880
17670703
15762903
7849141
19762563
20620709
12842451
17764476
9264210
10525118
19056718
18413008
7574943
8305244
9150336
3732808
16565730
16490548
21687512
3619219
16113416
11755440
20534027
16039838
15814031
11259554
10749552
20509294
9655728
9864900
20551827
3159060
9554605
15227048
18932028
15661124
17099077
16449270
17064662
2310254
19628290
4076553
16701660
3777694
9565052
15056389
18176665
20865568
19031768
21963123
9135855
10075059
16708005
11932474
12048739
21883907
19293357
16426532
10421823
2209145
12920494
9363969
18194099
18573443
16945264
18693208
8915471
18345449
17329490
16464447
18592989
20537177
2026229
1455269
20069918
21430262
15891259
8497146
9493664
3182585
11845002
11980588
9180181
11867832
17922883
17235258
16010478
19651244
18334878
10193394
21097386
21944172
16157339
16132939
9817156
12477455
3677815
15999163
20011716
19699192
12108872
20370368
16928722
11489063
12449167
8074038
18853745
19723382
10394348
15058493
16184725
10802257
20306153
10868706
21838201
18342749
10433582
15918435
10446504
11475557
19640868
18508824
21741503
14505600
8758220
20714374
15579725
17101735
21955240
17110648
16387937
17095948
15576897
18024169
20156738
9464591
1449288
20143283
19622089
21550817
21039775
12608442
11852894
16902068
11155447
9234628
19574534
18486006
9151528
11991883
15516473
17048523
11776670
18154791
18662210
21336514
21320300
11121724
12174197
19688232
17890789
17670525
20519841
8484361
19440278
12971683
21383981
21669379
17848173
20035022
10622093
19807345
20727613
14606622
11223731
21498627
18359331
15084177
1545579
18836149
18251761
19852560
19066468
3338295
10411250
21586802
12773833
12358358
19919970
11829097
20602747
19048098
20144061
20438701
16097608
16040463
1482824
10343253
16611656
20599919
20299503
12730251
18799508
20150622
16636087
11057087
16469308
11111516
8341859
3275209
21757331
14509399
17006809
20457270
20819623
6802573
17365741
14714010
15139782
1636958
17113064
522424
21480491
12917774
19793042
8743665
1914615
18250983
11520728
11195160
20008871
15236490
11106217
11889302
17641898
15864893
2074970
10741768
21821662
10873136
12212291
15571640
19321592
7935047
21684174
8214885
14977875
17584420
19331836
8888546
9638791
16109818
11891606
468643
8016789
19508401
17977704
18280761
19486792
20205758
17943917
14691421
20090282
4014567
15939724
19233420
7603703
18331572
16835052
8211699
17094419
16608061
14651765
16845132
20615077
16455222
20977420
8885001
2677984
3710623
18256171
21312117
10451607
11527485
1997015
8291702
8672946
11491152
16774821
9230820
11491157
14621108
21207637
16403614
3449560
439296
19737040
21543797
11792074
12412667
18823686
19996573
19170781
18505611
10394836
17636244
10385767
20477349
7906158
18515558
15799925
19926824
14742808
8031425
10759443
21349915
18360690
16926687
2724594
20531082
19643944
16455829
16507854
11972164
18203812
9596120
4048084
18276149
8650385
21724041
8014285
8379771
19514297
2090481
19732197
20861611
15383149
20861749
11950117
7601393
11262556
17906084
527287
20677076
9881205
11254516
16092161
7635732
1630668
1695461
21535273
12166837
7725778
17883922
20008582
11181114
19655107
16824986
12481813
20681331
1290317
16552449
9201526
15202724
3073804
12043548
1949287
17332856
10418838
17684689
7569089
7908608
7204187
15580896
21159582
17106155
19687213
1884615
21915999
19010980
938220
11374209
6467997
17127640
21378550
12818019
2247657
6991170
20723857
7789048
16450176
18019961
7855413
18830725
19515231
21552138
16575042
3211245
20220330
11352291
20453650
15878655
10202613
18578781
18618633
19124345
8004661
11340685
3227180
18502670
7865841
16870658
2969553
18057064
17108597
20197679
19199317
18946851
15912960
12685529
19146745
8406854
15999957
15491779
20089353
9817148
20981135
6767794
19196694
7732248
21840694
18853089
18611245
11282782
12395022
9530384
14635503
21623147
20716316
11028649
8970307
20185273
17631613
18978137
9772813
16401817
14979510
9230730
10905642
7767563
10508795
17130599
17331973
18772629
17132349
6824419
21503115
20513290
22028093
18256446
15350154
16039926
19215814
16113444
16899483
8173519
18654673
19035052
8489671
17218808
21226542
8610718
21556789
15777977
11685304
19306158
18717916
1063977
12762568
11182017
16327940
17267233
1529591
21393338
22019110
15640319
9364812
10923155
17459894
19436041
8629750
16962853
8053512
3383904
15108002
20463177
1416329
10600876
22014211
9843525
9217672
15139778
20500886
15585697
19134524
2152444
18055703
16275444
2289552
12386552
16810045
16361159
16911347
19029264
1586868
15293616
12556276
14578971
17509958
17214060
20595151
11836466
15838467
15176707
21037995
18156618
1290320
12118807
19773146
19573625
16510452
16470281
19619975
21686887
15302046
19797466
17703425
19865546
11897523
15779071
12512162
18047457
21550152
19520914
15802337
10362820
20959284
17941984
22131241
8564092
14998595
19929034
8839679
21040997
19438780
21942253
9476855
8870057
8362695
10836336
10959769
19164344
20150208
19782552
12447511
17331710
21590002
15597578
19787468
20624611
17510973
10227218
8770282
19878194
15684290
138371
8083098
20941657
11858079
21734160
16034853
10637911
7755693
8268432
18271650
21178638
18007984
19390631
1951402
10409862
19296412
8622272
11069833
17488142
12958109
15907908
11097677
20105345
20682893
3311648
14695067
14724472
10362051
19243601
11522810
1360778
16438476
20035864
2649309
20496301
18227159
21704878
17349910
8696644
10958231
373940
11874605
15198881
22116352
18628981
17223565
16510092
16512981
15098573
18446354
1888245
9310169
12426443
1554811
15922687
20508209
11444146
20687075
19916862
21139718
19874607
17251233
9563717
21216970
9412402
6878894
16003057
20923339
14666352
17230434
17108741
8672828
9192928
16420964
22016161
20335298
20308229
18928233
19660390
19281095
22015081
9205145
16098155
9643066
17255805
9713451
11449857
21975759
19280718
21722388
16860179
18768228
8273852
15473474
21846943
20482759
8887348
19662606
16153755
10832173
15036404
21336915
9009625
1854108
14594347
9340550
15817014
8966447
16024554
12411086
10026993
12174698
2180383
2716374
20815658
12587040
11034684
20435273
18167203
19818366
20586518
20850020
9801180
10355432
12765422
17932382
19151193
19929882
3178102
16948993
22075287
19278587
19281091
7815786
16319330
16281659
9135784
8947081
8804932
21450475
21160788
18820272
8327808
18827424
12855133
12393118
12007879
21403135
19996336
6371291
10934055
18480105
17628762
8958888
1892291
20378733
12735677
3625798
11371396
8034519
20459844
16807023
8610714
10739489
16890750
10759445
15460547
19357153
9644862
7732684
7376861
17264008
8474933
7536594
21750846
19184123
14620081
19219779
12932069
17765532
17146995
11238578
21383483
17119254
7802890
7078337
10827390
10588615
20593201
9614398
15505701
1885734
20132629
8829097
19565454
12432939
16722456
11386382
19807455
9648957
2348550
1780455
11041086
1447005
11907180
21711085
12132518
19114916
10497392
15955798
18025492
21621024
9762801
20502870
18955204
20450476
6789677
18785348
20536537
20887208
19191997
17022805
19213787
309708
1936230
16324647
1144934
15750711
21872213
19577261
14711464
15526056
16597657
11587097
15156444
19085580
9543271
7423067
18407535
3948546
21841106
20614465
15994390
12952258
11156110
8432789
8444206
16526249
15140410
18978134
16607491
16413330
21606476
19558935
7707567
1585223
16901064
18272779
12095549
1976046
11207021
16928505
20363832
9704695
2543230
16682576
15863647
19724669
12840911
12530765
16235327
8132856
17584432
21177838
4015368
19457732
10864615
15987518
11805584
15140415
17016624
21883882
16474398
16434912
9162325
10369852
11928031
17147010
6268270
16731116
15949737
10453431
21892932
16243899
19807260
21222644
8315903
12496686
2148379
4534922
16399994
10932697
16085747
15821964
19567142
18635682
16003051
21048604
16585078
20379644
20516362
16166620
21340373
18271837
9368979
15083751
15106150
14526506
9262597
19239338
1839816
22118311
21092895
18786894
12358326
12957845
18522522
16453109
20378064
18454614
21621489
12358329
21357889
11667971
21335450
22044439
18032444
2442229
14667586
9543268
11029323
14651763
1924053
9579246
12054077
17095227
10065679
22096369
18385168
14738227
19221963
14699868
10969524
21445106
12038866
11742771
15900238
12734193
15976382
20861145
21478735
16670173
10797152
9305562
21895444
18646509
8898475
17446033
20921019
22086575
20962728
19176539
17670644
8737134
16652305
947968
7355891
19341546
12466048
21586476
17718046
12034567
17626912
21292840
19021965
17107990
16254259
17509552
1438124
15235292
9558016
19409730
8555989
20655644
12454294
16084431
8460072
16869814
21724794
17692036
1485706
21672999
9150318
12202581
18764830
8565940
12663819
9596404
15253953
10529755
20800190
21562134
19261824
21513438
18926339
18050721
15209732
7623502
21839900
1892447
15068717
15803546
20858242
19933534
12135824
17098519
15834212
7318306
18721121
21787387
2301107
15964911
21191304
20704548
17654136
19326503
8834343
19654006
18215611
16635406
11076421
1373339
19752389
7726704
18695797
8970361
4086259
19932227
17532393
16135722
11078098
8143838
22103823
6513934
10218754
16043890
3792060
11320846
21756011
12596500
15922015
12000251
11730615
21320709
16307329
17949853
10832141
19124372
21702655
1581840
3829743
12166578
18847478
10096974
6473920
2639663
18220903
18273564
12855114
11144049
11405510
19198699
15519575
21366474
14739382
21314865
19910382
17198782
16498799
14706592
12133012
8201141
1735312
12661999
12065709
20507593
18062794
3366684
20522844
9085518
10230257
17448626
9337827
12503697
12795330
14506344
20068358
20436689
17458772
19322746
19450069
12398948
17397584
10904927
15065840
21333109
19574603
20170808
20964199
19467164
11862964
11433630
20884777
12718708
15901612
14724718
17956207
11245742
19602213
21635929
15271696
18043273
10997676
21512444
20080200
17690125
21559362
21443792
21205923
12412669
17882580
20162516
15871618
12796758
3052344
10471598
14514932
10230744
21406648
15821382
3942414
21881540
12486648
19237723
16950415
9280643
18091540
18057223
10780752
16451161
12854634
21395200
20598582
9364183
20925855
16701736
7661448
9059055
14964021
18975256
15707854
2962550
9559039
17988550
1485006
11363170
22050863
9046496
3297522
16120117
3925477
9377883
9271768
15640431
11357897
1741472
14621109
16113475
8620958
21391728
19171401
16706706
15640339
16916007
8694592
20135085
21859273
19488605
6640415
21176182
9424823
19596527
6097122
18394541
21888670
10203094
8004301
20718866
11106225
11918500
14985995
12918905
18064801
17714340
19502460
15030740
12822627
15891322
8968973
19341486
10536708
17217381
1741532
7944074
10414411
9142060
12117121
1480958
12357107
10665556
16088635
15969452
20440579
589625
2930729
7806013
21748860
3576272
18092643
20164501
19033322
10200814
2764404
11149196
11770693
17504799
14762348
17255565
16526269
19649542
1958582
12206858
12544078
12076486
18519835
20598978
9564486
20639691
10993281
9468395
10325901
17669854
21318260
19765464
19445658
10685757
16205050
20705688
15479959
22073709
17435421
21251148
17218819
14511159
2818109
9135853
16791861
15065482
15083766
17497089
20813919
20559165
8814822
21529983
10706489
20802907
17075270
11519182
21272228
15968763
16080593
11871367
21944891
19229454
7685452
16146595
16846397
2977109
8458780
7105635
12795329
17311654
11699248
10674842
20156758
7712318
18799512
16484683
19216305
172478
1545875
9363073
9387951
17883735
19855200
7094271
1965241
19722139
11227689
12814161
1499709
12570110
7727667
10622804
11491150
18956992
18071293
10764312
15875760
16932737
19827529
6547379
17067517
19371558
8124980
17690609
7013469
20688021
20674799
15129462
7377419
8901725
9652670
11964752
9425498
12608439
17701432
19263310
20385737
10024118
17050565
20525711
19641274
20182000
1804668
11757627
17532698
18546837
19940424
18460951
12084002
1957147
3021037
15163102
19221778
2806508
9756187
16507852
17627899
1555329
12795326
18067566
19478133
15878485
9670147
16163091
17107991
95731
9404794
1523141
22121972
8677073
9619454
9802957
19941227
18365170
15591470
365429
11793454
12728158
12831344
16101851
9151515
10596681
11405509
16023844
19234403
20500135
20890253
11259703
9805974
21293705
9886154
11131173
9551746
15627917
17350815
8892486
12794061
19965810
8425589
17073660
10146114
17699544
17556723
21570762
20096533
19059283
12356691
6812420
18827152
21095278
20690384
1586070
18566440
9059470
19803014
11790574
20353849
12869295
3721684
21861588
18321930
16572748
17077415
18829678
10968502
11907659
11223497
2358623
14667625
15086274
17303691
21365795
10764302
19173757
8636518
11251749
2024849
12195840
10513888
9517620
18303417
16774152
12628944
12464935
21658018
16920197
6972557
2393207
7828698
9192947
9861814
21545068
12425432
20329496
8834342
16554918
16159999
18427247
2889431
8804943
20172117
16684050
16843634
7956282
1628725
20873285
8635922
19321981
17136992
18439326
7583923
9447774
7200154
11052856
17974095
16442483
21846412
10581914
20173108
8497880
10312221
18221803
11421504
19035231
12866774
19932034
3875237
21105144
3769349
20493361
22035511
19961631
11138820
17878156
16508225
10556171
14650585
15962117
18216056
15350958
17515774
18457631
44908
15376214
12109931
846390
21897916
19635926
8176978
12791450
19010346
21317845
12064677
17255799
9842135
8832518
9579497
18595202
9115793
20472703
12762574
20033905
16792586
9036251
10822098
17255800
9240946
12062270
6748780
12564607
14712898
11770417
17806042
10193341
10658547
8014286
12405889
19195711
11765812
16551315
18310397
10065341
12678418
11419918
14561016
19378533
21941027
16210440
16917074
17270109
9508733
20630126
12490347
20196884
19401490
18547853
7118036
17202320
17525132
21038757
17507547
9102820
10478988
12891117
21813900
9768990
16858620
21278176
2933436
10452568
18517105
19815121
17045979
19499183
10065684
17454270
20827109
9576407
20011934
11964759
12563574
12800646
21096054
4360854
18830520
12521620
15173269
16093937
17976507
15503686
14610230
10619823
12142585
18435426
19621622
20428910
19744387
18622146
20599927
10711044
21482557
18559365
17133656
10903604
12850907
17579079
8836744
18805157
16430351
18542004
10965684
17511586
18495038
10696386
20141958
1887739
9482374
18609046
12467523
21711959
18378501
22074248
18832735
22093888
16685629
10901829
18308024
19690221
20063199
17364803
19934357
17543339
9924712
16275371
19736536
21760723
6291746
20206529
1928109
20528439
12093194
20634364
20454493
9282425
16434263
19441905
12372202
17957939
20363851
20227751
9788800
17940409
18335510
20214687
16140979
8486593
20214459
16798314
19699894
9042643
21375574
1839720
7651472
3777690
10506839
15855862
12582766
21219838
16538291
2816771
15499947
18522783
12519593
18300659
10546481
8950446
21352833
14742950
21084548
15557410
21106031
19959324
12806167
10752816
16618956
1870423
11578068
16545248
9493663
15390150
20406309
20546366
2026239
16735670
9823542
19534274
11353548
18568841
17215712
17294336
8754443
11789789
7924492
21627849
18455038
17804352
2475424
20585255
17613406
10956342
18465754
3282813
1728932
15737136
21955733
21585120
6600900
15308997
21205924
9417704
17288170
17568861
19591524
17721346
19616722
21948403
21703473
7741366
10163609
2008995
12952261
17825856
17574828
19496364
18592635
8475934
10543269
19854743
18069033
18453368
16703120
18825340
7682053
18264892
20075056
12204818
309951
17254499
8628045
16088537
18516892
19387833
12622605
16204782
17507348
16763382
11381633
7056050
10945513
9878988
9105842
18722089
12718823
1986689
16935100
21865237
18691069
14563909
21115237
307352
3826880
21690325
18798607
7249529
19954918
20051493
17324304
19299889
11861211
15176680
17105526
20943876
3090664
1935285
21767146
10968320
14752537
19621836
16264046
20406090
21091374
18928771
21765972
3534060
14979498
8031176
2719362
15252845
18760164
21387597
20886634
14739376
18852577
18555715
16324961
16181830
15658055
9163648
21318557
9098667
19519592
1915222
11444413
17215313
14516128
11642007
21946404
10355376
18845465
21596228
655491
20970654
20397800
19060231
11453321
12169581
12762576
16729780
16946993
21789879
21377650
241676
10903490
16446316
16128224
17263958
7767560
12750030
19318002
19687216
10728444
19164432
20352167
21550376
11106216
16369714
20304581
2497664
16921126
16108946
21503966
10986028
10335003
11998992
1580723
18367496
12810186
7944899
20303804
1441854
1626569
17764883
15659901
12045411
15854087
17715164
8532923
8549081
16749321
3931506
15996182
10037302
12570115
11998990
16787175
20424499
6886228
16983861
19325478
14971248
7831622
16916005
9747666
14513268
19811370
21848778
14738232
12947263
989369
12866764
19660926
7519567
11265950
16113434
21137019
9587084
19796420
17724415
9246132
4071170
7866322
21096168
11469474
15100621
984004
8457095
3457357
12701032
20450539
8904286
9847278
16142501
15098575
20354966
20833730
12195845
12771888
19841248
1640635
15117739
20599017
20353842
11045096
19571571
16893354
3287642
17495268
14651760
20889908
6889140
20443940
2766817
12749513
21426372
12173820
15963172
21592362
3709245
1403155
18388206
16887061
9053961
11491176
18425927
20022519
14705719
12055141
6423506
10464835
11477053
21243282
12522028
15061653
18710375
18756845
21475377
21727732
16152879
17950810
11053322
7210046
18427338
8053516
17136986
20939259
10997548
16263947
10618372
21531775
7759435
16140230
1426206
18772468
19814793
14635392
11845008
12110056
15891446
18492741
20948471
14625335
14872110
7717119
19879447
9213786
1335403
16759489
11118860
18373613
15571026
12022909
17922979
10722766
13678970
17333434
16135720
536067
1405096
16828679
15813152
20554789
7803419
16895843
21875856
16796505
19818128
20338316
10860294
15232372
18353497
8266977
21645472
15597580
12162799
20941663
21652289
15210254
17410024
21412920
20073556
2376248
2372158
18714626
20420652
21131394
21514398
16357580
20382606
21878622
16802518
9151367
11326346
9329874
17273614
21270401
12391117
14645773
20085462
16389409
15057634
3259273
12052807
19210360
7923316
11963289
18774381
20347551
19738090
11260164
17511885
15619972
12811947
20198857
8434203
5067964
17307652
9072983
20042877
15792185
18256071
21711969
7789490
17147009
16297790
22078162
12692019
17040211
11788208
16847936
18757316
19934355
19016930
16488675
12360148
19070674
3306268
10750614
18585484
11488336
11246587
20078243
11466747
15283003
16443803
18677160
8872673
12570023
17249846
19179485
20713693
2202245
18723436
20123668
6235103
9413111
8717287
10444036
19275599
7721307
15316108
11288841
16135718
21233341
9301233
16957825
20712568
15282467
9077104
12080877
11347788
10885432
18367376
18721608
605912
17325980
12816037
21117500
14621110
15561026
16766627
10868713
12168752
17127817
16830028
15693991
17729060
20360903
16583483
7334883
3952374
12243798
17870457
19294692
16334973
16611653
16934242
16673680
19017732
16751815
1613283
8477584
2251021
9685547
10573245
8966367
16160134
17168793
17409880
11031732
17136973
20038570
21458198
11877719
1504295
8443946
19740372
19665617
19875688
22082166
11086486
20864512
2543924
7352693
17983617
12193492
16227332
674857
11266661
20534281
12744766
19106307
15227503
19532027
1568996
15338983
16679679
17443619
6486560
18678844
11310377
17493523
2407466
10419426
18589216
16574495
18054798
17144415
8398959
3327089
9271771
18508815
11757222
9262078
18433290
18635891
18316939
19707194
16923183
18261501
10778526
10489845
18927348
630961
12821441
7593895
15878492
12925267
7406312
20420976
10796536
11048909
12562551
19047315
7863246
11068568
9796188
21980669
16210095
18685402
12076387
3177399
16329578
9081097
2729254
8836664
13678478
12407284
16805761
3513268
16533419
10460926
15191772
16288392
18593488
22009082
16060696
20359267
16257373
17540553
16312908
10944139
15063409
16961709
20027273
8049705
18544192
11665496
14976458
15364872
17720044
10437367
12795181
18071174
16689847
1082163
19535236
645599
14979114
15884287
16873340
17988595
19907133
14621101
21216563
21501522
15006890
19132996
21940613
7911842
20396850
11934805
11282756
16339917
8723191
7746909
14609355
14739811
6545785
10940788
11209105
18550614
9280561
11491156
15083747
12358330
15336799
20188319
18094009
10735674
1518497
17273571
20162461
10712324
18023610
18242485
11839992
20298614
18761816
14656230
1759030
11688350
11845001
17977486
9692454
19619480
11772145
16283863
11848724
19819863
17954870
19439918
19878584
17098674
6710279
10051285
17412366
19505342
21903582
21493737
8218765
7672894
20037680
9537935
19955573
7828681
21859698
21531881
16055869
19011503
8539201
14710439
21402297
21751589
20385478
9081102
8958889
7977604
16525534
11297029
12954467
7633711
18293146
21905596
8250061
17656203
19628294
15358217
19944359
10489856
11020678
2258339
21584948
9073010
3353456
20528597
11438700
2862309
10394080
12395609
15757265
16273839
12716786
18954623
21473664
19259552
22048220
18073402
11990914
20134350
10377200
20477222
20573846
15189393
7767523
9426525
16563903
16531605
15988169
1835292
12583614
21350888
18980089
20939685
20386174
6833055
18772476
18809288
11719318
11431900
16689757
20153554
9812402
18043057
11734134
21436223
2595634
7944898
9390866
21047646
21377695
16863772
12136469
15691692
8766189
15289164
9559447
20584505
19670721
11066187
11460948
10466443
18500050
1859053
21990172
7939004
12440627
17646029
11084068
21131068
9539009
17227289
9536583
10892914
9679834
10069405
16456381
1489115
3789515
8185427
19298212
7484720
19332199
16305295
8697294
10501310
19027100
3975493
18508819
18795662
1749205
18293684
18409274
20733280
20819328
19515235
19840507
10461433
2281008
17177033
17419882
10859822
21525164
20175849
17023728
9647065
15684732
19735576
4068607
15962112
20037180
8862189
17596275
21501483
19411612
6426063
11790214
9142155
19620403
17201722
18833822
2742247
15637552
18924313
4076092
12594058
19370631
15919004
19380941
19594891
21402304
12392034
1576834
10266727
17583645
17977553
8442591
19508169
18808304
10222933
17038476
18303421
1874210
16945590
17156420
7609545
20467503
15228134
8984704
12204877
17565849
10883202
693858
9671422
16596021
14570968
12096254
1855946
17875567
6402930
15201582
16203274
21163766
21901729
18574378
879600
6544146
7733432
2001059
15699785
19910179
7711707
1155574
7465168
17419390
17623561
14967601
11751215
12368735
15234959
12542980
15618586
20004507
12968194
19117207
20216953
15272599
20426834
14610429
21029268
2047027
16536724
22116359
8583802
16873947
10524556
3951029
20528539
17589749
10637905
19093932
20564069
16497996
18031251
19372247
3527012
2068622
11070452
20305917
19260379
9287261
17389286
9411284
18492003
3584714
15764730
17057132
12212961
15161334
19672050
10660795
15192444
19505916
1583927
10498492
19833825
9176530
7802176
11489405
15616045
18194405
9456091
18723123
10705753
12843810
9230251
18579225
16800909
19620024
2262686
7224335
8887607
20514390
10959691
15319041
17342644
12570111
20536364
21075704
1590625
20464267
16759556
19002085
12615634
17970814
15647734
17989120
1089374
16707515
20665447
17166351
19164350
8364279
9272738
21967892
8279926
7867993
19549262
10535370
19520906
21457550
21068164
17383777
4014304
11757622
9727787
18276724
19028045
10796474
9157913
20133926
1519635
20144890
17463395
20378914
1335387
16088753
9032501
9038267
9158571
11562828
18535126
17984471
9645623
19808918
6198750
20800491
18216058
16426517
17283925
14524565
19131450
9013919
11051535
10580775
11833706
20697605
12908729
17409322
8162980
16309418
17970974
17257973
7966841
21988759
18031487
11488304
7491562
10606112
16101172
21437927
16507378
2961514
16390735
11866683
19850707
17494732
11887540
9187592
19934350
17203720
2389916
16883227
20230660
12729537
9519508
11372501
17669673
20714378
3925512
1379940
15911455
19213928
7853068
1444691
2185290
17103345
20195403
20825511
3732235
17273580
19932713
15366641
16829745
3296893
19807496
21474655
2704252
19794972
9611641
19532089
19581277
21917873
20060751
18049995
18946779
19664521
12920055
15660139
2416227
19353353
20595148
20173347
9131740
12136314
17885321
9610691
15741158
10414141
9555704
14991090
21815522
11515251
18720618
16837506
12762572
12119233
19595031
10825027
2339611
7857474
18718040
1794358
9455125
7775307
12662000
19491341
1928213
11208645
15351938
18074673
15994389
19752469
2730252
868912
21943302
15242847
20956127
20543752
16935869
21804327
16254789
12173819
21915578
21569324
1995743
3895390
15218992
11127467
18850367
2744314
16815566
7974297
12167783
20852161
21288520
9445758
7924494
17255802
8233732
9032177
20303029
10224372
12553382
16479737
19026683
8097170
15087598
10556174
9250235
17592214
17655535
10654204
19450064
21596958
16921136
16804290
7633120
17072694
9038592
18587034
11511641
16740235
19409032
20056643
21657804
11229837
11023217
14968216
21627579
17692792
2181967
3059899
3846320
19590974
20714686
21214293
10786430
3114573
2014356
9872827
21489079
1078749
6648050
16962758
21695648
18950657
19193001
17428811
12465693
10521088
18070293
2608963
16724946
9843538
7495999
2484663
11176839
3534054
19035977
20625235
9785809
20481211
10445603
7842781
15648777
20654140
15085923
9372662
15699418
21454061
21273386
10600663
17474645
2517134
10202271
21791542
18050362
10362053
20214203
14512267
21683553
21340210
7552423
21944508
19387029
16053645
18823257
11734437
19182833
15914307
20138111
10470776
17952235
17785711
21414845
319119
8917336
15881981
21225588
20648438
3099142
420437
16441213
16267349
7589408
2679608
20615815
21438296
12447517
9692113
20434579
16985092
20846229
1341973
14621103
10556125
9456490
16579254
22018043
12202864
16267368
6728749
18094007
12058803
14621089
18504650
21850198
20477298
19453653
20843166
15518912
6486714
18585831
21340376
9072018
10944101
3233900
11013470
12627279
16399954
12085003
8287941
19328021
9822393
16910803
21820282
2806492
15592637
16148468
1814986
11862004
4053715
9072982
12615879
7834998
14673398
12955615
17974450
20488786
1544880
18992415
10625173
2118328
8202902
12084007
6503400
7240620
21689398
21504569
20065636
21601720
1391668
21511367
8678044
21248306
12640616
10478262
164143
15808138
15143402
16764225
1702761
18375249
12537219
16918328
8636522
3065390
17646415
21029443
7918204
16264044
17691873
16318447
19661157
9864023
7952
17921108
19039098
11813158
16439772
15738287
21440655
19650806
21504560
12898923
6411667
16127581
15785065
16390346
17509264
9727680
16870665
2205443
19837222
19111111
1969347
14691785
10431137
17020529
16641122
19648222
12952262
8080376
15031397
14716071
16454220
21858747
15987390
15900846
17026726
18954850
2275174
15765990
17301096
20162662
17059649
11120901
11855922
11390417
15782501
11494340
17593865
19382463
19735165
11679555
3581935
15202049
15283638
2011406
12947307
1992896
11082090
17727333
18474704
17974644
18775254
17013304
22113451
15624197
14985945
16474029
18825385
10653045
18855125
16722997
16779465
17825547
11073020
12030735
19966682
14602855
15195238
11501729
3220772
15564623
20160144
16315269
18584996
16620167
7814468
9269608
17028212
19347743
17130686
20879212
1612760
17136977
19218657
19075204
12865577
19228110
20801416
9620923
16438811
17688865
16363886
18462210
22136054
19213780
16796537
16510470
1236431
21080183
18843878
18622658
21883118
17720042
17072794
16527798
8789212
19640597
21436358
9104978
36261
20498269
19129288
8901324
10954247
16324066
8731629
7824844
16971410
19772504
9159700
19620348
17364672
19932577
21271541
21785303
12633692
19450091
3947439
1296468
18676300
18948423
9857891
11491154
17034639
19944863
2626991
20426173
19052045
3985039
15987323
18287127
18057056
8824965
17150392
19118647
9475471
11889311
16028158
10489847
19046463
19349912
17893630
21622733
11154875
16540501
21110006
14524302
1587016
9451056
6102862
21245013
10270476
20463486
10962703
16226953
12122529
9134921
21653927
2782765
20423366
10394833
7602830
19907335
6967391
19996299
9059545
11931405
19964322
16858085
11181239
16617918
19120574
2166333
19407254
14728630
15266502
19286297
21512269
15481286
10868703
12456411
20814224
8508749
9493666
12531140
11315571
21426753
10867726
10904063
11242756
10726181
14556034
12734889
15374846
10440642
20920636
7785011
14710442
15111148
20171749
10763094
17341525
20877304
1973729
12755319
19320322
21703398
12040818
14646303
20406080
2782760
9061146
12739310
16452600
18238769
16238783
1293499
18053186
21417951
866151
11589354
20068422
11330620
15028793
16376873
15655911
10712326
14575204
9858958
12199919
11307112
18834704
9009943
16370922
8338497
11451713
11551414
9566369
12449163
16477775
20842995
15603205
7663485
10556167
16174783
17402792
20234292
17061912
21343871
20972273
8384954
21858744
7300042
15684291
11865419
16437333
8171212
12865175
16640631
12034069
19711031
10233235
8143057
12848850
15379590
16055618
9426093
21050912
18925310
2240820
1609168
20637037
14596485
11589345
7164002
1306709
21430224
12602414
21208193
18507183
19194624
20922635
7887362
1730397
21881404
10315483
21086454
11890183
17987853
17720384
16520095
15366727
17136968
20134339
9850365
9037641
11405984
18559223
18686729
18535255
10373750
16506711
9570719
18385178
8656726
15021050
16272799
10381014
21675258
158301
8976812
2253155
3793439
22000191
9517581
3963626
15723762
18173869
9088999
20461339
11897985
16871726
18662391
10499691
12109934
2254610
17569771
12894005
15753624
19563696
16403617
18757984
16172219
20022986
16175311
19017734
17978157
21740676
17548647
10150154
18091294
19008696
2507119
8560127
15843573
20040166
8513541
18957283
2648732
19916997
17867616
17851463
20011864
15559443
19386585
17729062
15006132
1998177
15878494
15467324
16286234
20100935
18448016
18059279
12757040
17614756
8711646
11926947
19664523
21178627
17448274
18986693
14635975
17641295
20139573
21888026
17085795
6874207
18094379
19715607
21697182
14565944
21979190
20836340
15127973
6219444
15083750
14621116
18593747
16716019
21271137
19111110
20188021
12480022
984584
15643344
17057409
18584204
15112152
8404023
12232449
435343
21824523
17042803
21430204
21798958
1595987
14732786
15113104
10076289
15738302
19806401
15234907
20216326
90612
17406741
7783302
20619258
12735676
16630941
12886363
14516133
15358010
15997207
12356927
3307521
12771612
19926005
9223354
9709041
2093750
9358987
21103136
11326339
6467996
16507479
17598392
15483407
5251
21831019
10684921
12661998
17505694
20813891
7707624
11085255
21509733
15332144
16585091
20196880
16426344
12107994
21718836
17017376
7736702
17470410
16085674
19324952
20362731
12380718
1437495
14680080
9595743
16617745
2048813
18690353
19920163
9926444
16198155
9032207
19243521
20549669
11245741
305219
19262397
16055868
11359230
8643722
19282347
21808830
11723018
17300907
18597857
15824557
15191036
20619706
20053721
16232342
1853126
21886377
14570342
3331100
17282863
7766428
14582891
21913882
20192108
11721488
16970642
12204505
18443144
8256357
21033494
18077203
16337423
10477440
3917632
16465044
16084229
17576179
14656045
2021656
16411359
18000416
17884749
16005622
20082513
15002310
7567809
20410829
9730847
21949713
11888716
11174782
18464051
3127230
12797486
17143325
19360204
9580721
16921119
20805178
12851418
11087164
17888807
12550805
15558333
15877824
18283074
19374690
17435910
16354124
17906086
18582551
16707516
20637388
11665944
11281312
16879488
10235019
20418083
16541849
21620440
108070
21158853
12358327
18453364
17399715
15814164
18544745
19538225
16148485
17196907
16088567
15189366
21030189
16684046
16077417
9174496
19591575
10806138
10332121
8537805
22088351
2211153
16160960
17959168
6516737
20012607
12749552
1563503
1635112
19886000
18227360
19082216
12697950
18729040
18684718
19410558
12553174
16772700
11520722
19386689
18216063
18827153
15069024
19830704
17152041
2578248
15578365
16088545
11300235
14697159
18572345
9230249
1428804
17590091
11801835
8642823
16581546
16963546
3141212
21367886
15936538
11778795
16319327
21120723
18337593
17700965
19776034
19114797
10377835
21357963
19852017
20699611
3823671
14721807
18096425
22036722
8179130
21232051
21623970
15311858
20425506
15072985
20477219
11015135
21087225
11469360
1858831
15667377
19999957
10487086
20166097
15001918
11259555
8616573
8252956
15461593
10996579
20021703
1414450
17260076
10832172
10526586
9614821
21073286
9012999
15714113
2736919
12797490
10667624
19816000
11099582
9917078
17889108
19891327
18640478
17922304
434594
883758
17251232
20011956
18268941
18539952
1545576
7743058
3202457
19631865
16339501
19046087
9673966
17526197
10435362
17483977
9715764
16724713
15801995
19284806
21079905
8396086
15786603
21687334
20560777
17996760
18346936
22012711
17479133
2482795
11292102
21591598
16960124
15937294
20037864
17569221
11957738
10783938
9693434
9100716
20070599
6238382
19570713
18295615
10678629
19204211
7711712
7877321
18464224
14512781
14959955
20558077
7942491
20519498
21142926
8756811
8567082
19091190
17969207
11700783
16332487
7207196
16514824
18618493
1083700
10807619
19811924
16127607
17356317
1640767
21548270
15358709
15480309
14676857
18684852
19878590
10509069
8689013
11117036
2494394
2959183
8680695
937373
21458877
9651558
16962946
10147241
8887584
12392036
12693803
14765046
18566111
20084910
21989453
19670779
19836192
2787376
3671638
12765423
7027416
6608877
20429929
7953857
16492292
11111310
12350190
12776645
21980961
16204592
6413091
8014283
11544163
9734788
1741558
10849024
14580925
1602145
11905405
21502974
19276979
9351718
21476117
11339077
9151520
9203804
16425862
16706329
19816753
22147610
16950412
19477044
11915156
20549969
15374838
15718170
14696151
21838523
18042000
18317981
8912748
17914487
21249463
11371402
14743094
14531162
3596851
20010105
15892424
21843836
3497594
9585742
20887095
22096348
10886467
18386120
10541616
18465583
16682517
15553659
19094448
21266491
7735395
16301978
21077581
1895470
14528191
8195661
21576012
8887591
17894900
12934724
15609696
21323613
17039354
12357115
19279409
19138969
11413350
11028648
9829544
10421834
7859728
11375228
18279472
2908830
16870278
20169073
11276492
16442480
16926688
20380337
1736734
16926083
18073398
21416049
11412620
8659237
3792081
9400036
11385811
10690701
18261870
16456384
12877725
18990972
15074455
6662764
11243049
17604261
19413028
19951962
16107932
1977787
14986242
17331963
17689248
9167458
21372121
8961060
11510806
4025383
20565229
16105367
21198556
12556252
19196811
12947268
17459893
16832978
18279466
20819757
21388878
14534704
12119245
2111088
16000094
21170491
19411718
10410208
21437448
11698044
20559181
20733116
19737412
6440609
20026745
9216187
21993806
3789516
14647714
1512936
20400399
16055881
8612115
15624195
20134147
14560211
12166558
18513638
3170435
18221550
15031568
17263998
21904101
7516172
11565660
22093311
8565937
16505609
8005721
12626991
16427796
19705749
21421749
10645907
20929651
15065827
18340169
21200154
14621114
18686737
15370730
1526072
490596
15884487
12877646
18565952
8937137
9412574
8711641
3521524
1590605
17675371
6306086
19935412
15293600
20663967
10701704
2676733
11279770
7501224
17504795
14666356
21992156
19014570
18300050
19026684
12838019
21956202
18639310
13680109
18682019
11599183
11269476
19460803
20971247
10348443
12747812
15114845
15936301
2341263
20151248
16787166
12400745
9206859
9117026
9162622
12406662
10706492
8040153
19961637
2245673
11866001
20298358
12762337
10543479
11822611
11356782
17321692
12768575
21474912
22076704
19324411
14558264
18001266
20570467
18442210
21495838
11845005
21719760
3346142
18847643
3723709
19807464
15386209
16195519
19327422
19833730
17961070
15293609
18417512
16675610
12841556
11483693
12108859
20449769
2318659
19530997
9769611
8880243
17514994
21075776
16765218
15329047
3619169
11242618
17976465
21329791
11448145
1712267
22021880
19614602
20059599
16923307
17992327
20306819
9289309
8756820
3122301
12066970
10784241
21703476
21542873
20177752
18453373
9554899
20501620
8792479
18006883
18274423
15232503
12722324
15287376
4073098
21170663
15746183
21746822
15628293
14665660
15165265
9100681
8807325
1744751
21128899
21128746
14578133
9363125
642113
16217231
7481316
9817126
17378500
1687075
19946500
12537196
20175317
17465639
16498794
18515997
19336952
21651498
20718613
17684333
21198547
9915311
20728302
19458466
11802137
20685505
15132794
16452590
21639706
11468904
11268710
9115506
20060181
10072830
15885996
12110814
12765440
10755806
9841940
19789190
8239104
21186835
18689136
15597682
1779258
11862989
3677743
7719547
16010199
12714123
19602054
21354817
21140633
12020461
8354811
20435544
19594212
17803161
18662991
10867724
11777676
16452106
19075498
9283164
18714046
10673184
20070633
9059471
8252995
16607486
16174953
18856197
19770095
20541349
20547086
9097484
15863993
16289557
20926789
14730534
19011781
1426209
15628568
21978930
15816505
9754687
19099097
20978508
16079428
21097816
9064082
18047889
21377806
9192930
6426844
15613258
11873024
6138458
16474262
19563950
20381398
20403540
22140545
17020532
3996064
6822099
12800647
21236687
19202956
10213466
21788113
1815881
19851812
17441446
8361723
9069031
21224049
8693441
20046123
16303296
17178074
18485724
8739808
20486818
21030661
19807350
2548299
7553694
20816180
18455591
20402751
16257997
14964405
18573428
1729933
17337942
11213380
8412618
11863210
8622300
12972516
9768948
8322240
20922063
7919552
19807538
20122822
10780755
18370990
21543792
12710515
16880370
21810710
12078939
11816853
7377660
9762797
18992667
3971209
18407359
18396028
3414091
21148231
19863191
19538179
18376347
15065832
19617824
14720051
20008879
20825913
9817150
11300146
2862980
21116677
16921129
2867678
16212514
10914490
15687746
16870668
14583984
9730795
6346270
630930
2039651
17608872
21971900
10614098
3556128
10878135
7974316
7014957
20471791
7267224
15516472
14594731
8574365
18637897
14621107
15006274
15374148
19664904
19189614
11914945
3827535
15827384
12153373
9671421
17667013
2646821
2393293
11032736
15929958
6123689
2196014
11408984
20851930
16089241
16551819
21935326
19216952
20595157
12370004
12901253
11450794
17469349
3369770
19111105
1507677
11488305
17709999
18453581
12601267
8409114
16113462
7923655
19134383
20394521
21656291
9207705
3371103
9368973
16585076
19179869
6624778
12402717
1008343
15636487
11060554
19625469
21930459
3655636
15116013
16500642
12212283
20687892
21806417
20138778
7546760
1126186
19881162
17190122
20309678
20513277
11102299
2582830
12565117
11220008
10402984
19465609
9199375
17567226
11890695
19957870
9817147
21862405
15266038
18762351
12396747
11512282
14987884
2186238
19214521
12174706
9451040
21392445
3927461
12412670
17695196
8004302
12166577
10930356
1829435
12052219
17650791
20227753
9520825
9555832
18216052
17643055
18388161
8916701
15802336
21094147
2852495
19295941
20186780
16061713
17655171
18069926
19056712
21760867
14975466
19650946
21308548
19436210
12212962
15347235
9657576
16828033
15047951
17135861
12734445
10191891
21219100
7663810
21761679
16213700
20116756
19164701
16267362
17392570
8711680
20683101
15300966
10455086
16055870
12833205
10661824
2211152
15135596
16287212
21846713
19436697
17917792
16820605
8636520
18548585
11829094
14581307
16430346
2407346
21525809
9476854
532845
19940770
21264468
8274967
20427588
15788803
9415744
16107915
17179270
19686277
16234900
7711715
779547
8779460
772642
8565939
17826618
12506924
10836335
18991918
18327875
12453690
10461650
12782798
12645837
9170820
11129126
15877640
11998989
15698812
11072738
11471571
18614560
16981966
17352685
16636215
8486028
15125622
18447576
10759446
12153964
17907958
17724534
17989117
8741529
20588000
12072944
1451122
12066972
18784543
16802763
2791127
19306972
14581251
6978149
18040654
931864
1627030
16298736
19647334
19293392
12917525
8593486
19220555
19590216
3342669
20384558
2388876
10901088
11245065
17264013
19246147
10266300
2978306
8943131
16772389
17720252
20369106
18076603
18955625
16113426
20651191
16296643
8289521
11549534
17417170
21668
9543300
10290840
16774877
19224221
8618584
10966245
11269553
8426385
8143819
16267357
12583501
11245757
17043978
20176210
2405554
14725487
19620868
1306724
10320241
16464450
12358328
9762773
15957171
21442866
10892906
20670324
2195934
12634987
18303419
19124369
21103403
9713450
19348292
19864578
18498808
19860241
21756232
16608557
11380747
16378047
3105052
17975186
17631993
15671633
17499753
20860505
12184862
11744414
10556173
11411243
19068758
16701747
21994473
20865576
9786375
18936348
16171796
21900155
21037996
17234180
10421832
5645859
20975350
11510808
14663381
20875099
14508559
7784712
7944569
11272628
10466171
15936539
7973164
18579550
21139837
2327655
11028666
19036576
19919523
21720698
19942173
18341675
20477521
17942803
19623110
20440917
15811278
16254820
16456141
12854940
10622384
8554932
14504121
12108857
11509545
21041107
11412526
10508810
20104438
19160043
19635204
21840157
20727210
16467069
18686742
19041729
16329623
11780341
8035633
16022567
11143325
1484424
18645716
18809352
16276193
15083752
12016097
8013271
20211068
9412309
16796177
12618917
7211485
11491160
7774219
19656145
443616
19558013
4007845
8779531
19296415
18680446
19196644
1411392
16446313
19242722
20206827
17976008
14525628
15617662
22088511
15572531
17655538
8059470
16133857
10220692
19044027
17251227
12816716
11698041
9605272
1734527
16951461
11712745
12928125
17903933
9610583
17915147
20080799
11984209
20500291
3521538
19129279
8875828
20353844
18685379
20616292
18019794
16861834
17953247
689002
16088750
8882554
21597111
4071167
20508069
15562882
21037481
19327308
10741778
11739140
2071425
16960726
15000031
17522358
15573863
18302099
20861785
21177839
2951473
16129118
16945870
12952259
21511062
7381562
17564298
16313695
11216737
3204250
11176868
7191291
16030078
17462946
19645113
12392119
12212963
2141590
17823009
18565957
18685350
6744571
16319329
18038248
12750205
19565101
15899177
18761599
21785288
21239691
7903023
18655947
12391056
17601796
10471636
7046541
9615302
15162922
1497003
10223162
18751463
2812690
15657218
12665716
19180520
20598483
18847631
17331291
10508831
16497942
3409734
9037853
15215002
9244913
8777962
20035347
14721993
15824553
1471125
21393027
17931094
19843061
11577791
10391340
2596778
18801874
16116877
314139
11257556
10862319
20388003
20887415
19714577
15771153
15924510
18668605
3397030
12676014
18704619
11512629
21123639
17467405
17273609
15334044
9046231
17050556
14594626
17718049
15301806
17456025
20939257
10788032
15620076
21532221
326497
11407209
9372658
16950190
21709562
16032618
9950968
16490171
16737987
19166678
10556162
2205784
18048618
15636485
11937477
9493670
15266839
18073405
12037045
10834677
17897468
20071992
14735237
2147002
8201144
2221580
21219620
12109515
16122463
18820584
18073386
1704720
15863648
21153833
12522029
8615712
11488329
14611702
16898374
20948183
16429308
14671814
984061
14512478
17568867
20797314
21377699
10659876
19723738
21066878
11138444
19201936
21221958
17329278
12639654
17959643
19445796
17440793
19180751
10885433
2737558
1968113
15684843
15752942
2401031
18822868
15769719
17725196
10231643
19742261
15735055
1297056
16113417
16645482
1589308
12088807
3292132
20690399
16388190
16478039
21334032
20205714
21092932
18620103
21248322
18466676
9465867
8933575
21176258
15210265
19811388
9543270
18825350
19588054
8211354
1952197
18026663
18056754
3297523
426400
18431352
19627696
20091630
18354757
7285981
17498296
19407054
17996064
20049123
20816547
1731595
8354044
20888033
12544077
15683545
19572028
20064088
17408072
12947446
15117729
11027348
2793729
17353497
18317600
21073776
15817713
21637569
1855578
21635703
12510706
20433006
16907786
19528563
17689969
20402547
11508185
17491211
15319725
11033685
12099519
10527032
15826483
11802466
7853592
12511714
19176708
20080201
9878643
11254818
7677299
12515127
17551456
11468587
7490035
19667304
20133923
16893655
17293172
10150490
20578267
15222912
17901025
21422041
12406823
9030804
9472754
16482948
20373911
11587214
20434109
16438005
2282876
19299261
11462072
9660537
18043272
17369708
10678627
19303678
18612907
9689796
21365264
15858184
16971404
14661825
3324759
1741513
18587056
9864897
18021917
20075988
21694510
10763155
11725331
11280671
16886149
8082229
1908532
17629758
320673
20673032
18775258
436515
20543018
10524591
20156737
16127650
20538182
16275191
17065377
10628671
12117036
19321962
15706175
10810561
20499022
8584539
20175359
21616997
15006831
15778649
8364268
18515793
6380974
6738781
15544858
3665604
18188101
12877598
3626158
18954836
16385922
12608441
18463921
2752871
16780574
8537527
17221354
18503795
19687219
21099424
19008791
9493661
16117833
16456379
7968075
19450958
12795732
1459110
19506472
2912927
16679076
15976375
20176119
10515406
17012911
8087355
18847482
14613583
7716491
17585112
1872672
17092676
10234345
19958982
6681599
11683518
16623353
16867026
12110069
11957162
2498449
10955753
16396955
16216109
16423106
19643945
1569306
19164354
7940170
11207017
19740873
2198244
2298674
15968212
17646966
9563739
1341183
18514619
16502343
20464157
15350627
16913260
8658072
16441960
16507855
18488259
534737
18046240
19359619
1877586
14716689
9551747
18182908
19857279
15944847
17388814
19319113
11468903
18931817
7567172
9032512
10413721
16574519
11693839
10377933
20024009
11489062
2747076
7554081
6106443
12070790
17727400
21557016
9510672
6808691
9115544
16166613
19239560
16983991
6370619
8270407
21618863
12030740
12016104
1906563
1513937
11802783
758758
18057052
17176783
15942351
9042647
11106212
11360699
19755002
21030516
21532348
1913645
18721923
15262550
10890671
2241441
17696633
2374176
19593231
1845603
17213581
21760667
21540564
20845683
21649915
11019457
20714380
12190796
10534469
12775865
12074776
12037230
3829491
21389943
17205530
21958147
8501860
17845132
21461091
9540364
19037555
21478896
16539981
12746365
7235817
20494193
1513973
18797480
20858245
11181680
16107913
16138944
21838642
17472420
2595077
21541671
11867630
20593352
1617764
11882481
2916892
16533416
15202033
17468716
17311844
10194609
7846340
12459129
19131449
19352183
21419683
12819336
21705140
6690848
21669385
6859657
17643414
15065829
21752289
21677920
17435590
7573463
17952224
16921564
19515464
10750616
2535191
19147657
21861985
11510393
9543266
9236569
17985495
22126950
21059585
20008872
9340635
16365078
22121383
20119517
18958555
20011725
20122555
19709516
22046626
19145106
19450767
16109977
17005057
10618746
21646606
18229572
16452584
18990323
19907414
21333108
22017933
16222881
17180570
18772830
21683458
20861654
10684954
7969664
16413994
17382450
21914365
15114847
10063352
19150590
11039244
17943918
8948867
20570102
11757623
1144738
16290105
21355151
7651072
9817145
16175059
18056480
1252344
3928579
18467512
7570432
20144137
20487618
7938794
8540567
17626109
12403694
9413721
18556168
15169640
7663812
17553383
9701433
18847462
19715878
12635056
20644343
19941429
21544514
18500580
7550007
10927778
3079693
20091441
20804428
21262877
19628521
22075296
15167969
21413080
15875623
14720047
11303332
14509498
11392174
21159140
12572699
21305131
19468225
20819265
16828417
12383155
9530294
21420777
14534036
20510575
20704100
9928965
17691939
18234319
21678787
2645322
17729065
19730250
21172763
21540441
15377092
18073391
19254374
21411550
12762567
15643348
16790039
17278091
20226475
20098764
14758150
7957838
20507654
15763446
19638367
21908147
15756804
15994391
12174704
6220370
18995163
17620231
7702231
21278304
10730486
14652800
14733623
16267360
1546832
16737805
19728063
18800883
10535369
20399325
19905926
9481151
12130961
9595232
8477180
1453125
301942
19729360
21751363
18023995
21375767
18214036
18978133
9657578
19549975
21192880
21597098
21549904
19411946
10225579
1747984
12365230
20477285
11779516
18636026
11868045
17346957
12666379
11871363
10214010
10851099
12006146
11360748
8880104
8911241
14636078
6226497
17903972
8640667
20820852
16566653
21940530
19650164
17569875
12568485
9188375
21676119
21396683
20337648
15027502
21477881
15500528
19013537
19429775
2181209
12185965
19123077
20805184
17537778
9077154
14521645
12680886
21374717
7701453
19411438
10313514
21855851
3652753
9829080
11467653
10679537
18178857
1447004
17311841
10362052
10934109
20826963
21668320
15670947
16807258
20178969
21977263
12238822
16674831
19058239
16018807
19016443
15301123
18610692
21191078
15476258
17577401
18004252
10150494
9727786
2006765
2093971
18261919
19729264
17518308
17543941
14692557
14998596
18831922
7112459
1597976
18800256
17210068
8331845
10556164
7790606
11735662
21323635
8384377
8202878
18779079
20104458
6614643
9792338
18687134
19865574
20564721
11120905
20588002
11686426
16327524
20199856
8795673
12833187
9465748
16299700
16195660
10225580
17156225
1079422
12407820
17933960
20335290
15293615
21459360
7701834
17760976
8601212
16636092
20889292
21330680
11087870
1835324
15850494
21039442
19574328
18684844
17312844
7785007
415544
17993932
21689381
