11208392
10778524
3561500
2025579
1067861
21969893
6433113
19259670
18158981
3312307
9749122
3170776
15234243
8599820
3862074
94687
3814487
9807160
8588769
7947088
1065792
10886211
11905735
11229147
3220793
12814399
3865760
168086
2249336
6776770
16029452
977212
8137377
16634808
1061712
8601040
1636247
15738656
18000499
7920306
268605
19290526
12780786
2436989
9701425
4005182
9280039
19214491
18072640
12358912
8703817
8639431
15128421
10398310
3478353
20117965
3179226
20023629
7875516
8132828
2763484
18457727
15155136
11848518
9379766
18059481
17998599
10362136
3260764
1054537
6386890
19386355
21043901
14710199
22075805
10791539
19140362
11167809
9065254
264857
3460627
10334640
17428238
11035269
9204971
12661602
8684005
6577580
8768291
7544526
15524135
7518713
3321414
8379044
7769832
9324284
15258392
9221366
18469801
1064523
2344818
21881536
12801741
10812705
11680792
15251165
18992904
11937320
10778525
10964059
1057343
2142847
2186837
16180543
6957071
2565420
15870711
12828739
20877118
20189974
10966170
3471699
8683978
7711679
1375798
2130741
19768693
10886212
1818544
17031409
1813360
8523640
16181674
2667169
20570445
17105490
19156415
10228584
21030079
8790152
12669727
1531937
21722956
7865691
7882380
1630982
19494389
19569255
19494391
6697429
9512525
7866286
16848793
11422234
8733718
17073600
11521193
7829166
15100575
11478351
19785662
15122589
3903369
20970679
8019399
11972521
11167806
17448964
8858112
326818
18722011
65789
11986783
1145123
14606355
18420270
10188883
8547134
8518029
16185155
6593144
73061
19305027
1958882
69568
7909685
17341266
10492067
86153
20942869
14738574
18422767
716891
16405662
10493309
8477199
7577621
10640221
2530164
3457024
9753055
3291990
12783977
19761684
21496199
271350
1791207
2272538
2079855
2209769
20544351
17446109
2030148
15793561
15379953
8524630
16919768
9722305
14529390
12218235
9136952
20523168
19950162
17505509
16461568
11305214
16988930
12323132
3207625
19274616
11260061
16839214
8656670
20702476
11298103
19608725
2058083
10438069
22123464
9669675
12358901
17180671
50963
16050798
8058294
19702712
1850943
11924922
2898053
18005865
18371110
18020549
20860069
7716945
12670340
6162194
6146037
9722301
15060419
8629448
19016012
10583222
7515268
18555682
15794712
14612892
6955939
1520620
9339758
2057439
9614517
16185153
21333826
9858228
19763334
9229806
3179224
8289491
8028707
85582
10634651
19801694
8019445
16444286
15264682
17033447
15725094
11167835
3580297
3140482
1055612
16091753
9414643
2911461
9305594
19508387
10071134
9766750
8616035
18429659
11669302
6295935
2247754
16978237
17111774
8554973
15327515
1295250
10997977
17102890
19415889
2667622
16643447
15540985
2056174
8982044
11380415
11167748
2673330
7833278
18494931
62584
8904205
3007953
18929381
8641402
6936974
9136938
7693104
17368821
12952035
19477132
3476235
11913109
12868237
3332856
523986
7022292
21142275
7940051
9460567
8790141
7646927
7213577
7873374
11133255
10492088
8015823
10691873
2056768
18672441
6573905
11803351
1823971
11036680
1179164
6391886
20052806
3842319
8547859
9467145
20358148
15128420
9421618
3855647
12600228
7014159
287438
17213848
11901483
19691647
9341866
16961463
16451399
1823968
14606348
2894836
1452127
11303079
7003128
8960112
12028031
8495595
14739385
19046318
17852739
14671639
1958881
20514855
19125911
18230575
20107730
10929020
6954884
11265181
16115126
19259097
14502346
14617003
3894280
10835851
8965951
3178144
11054064
7812513
20414921
16758687
2459854
8472499
8297273
15721470
8254090
3884014
14616969
16205964
16146726
11091217
10968050
2223646
9074426
9373200
11273186
2606043
9029029
8212641
10460616
9640062
1059536
11073166
11782036
1649356
12848594
3162378
2040341
8061593
8528180
17250600
2790914
19651006
6936774
12493025
19704981
19494390
19036099
318011
1695200
12630493
6595958
7833108
2054496
15287943
6956585
7935171
9599642
1082757
19307018
1065956
12399967
17916051
9486493
9579876
9232606
19959080
11545420
2131717
17007106
18043265
3142631
21927472
19764591
9155776
6964010
10468860
15182331
21544199
7496152
6949436
18396036
19344392
3458930
15055306
8485054
16505282
8611465
9704486
17245498
8562416
11547528
8562408
2265112
11122143
18587017
10714213
6324937
12196296
10952780
11122094
18028486
280827
21275954
7346193
18976444
1067655
8548952
3464085
8736655
8321800
8390831
11472341
15120666
14687026
1493435
8927370
9632272
9744498
17317891
12716375
15724380
7577639
16509932
2079860
11171837
3332186
11919386
1057444
10792282
11715777
3473088
6582345
16122278
16112646
11886385
16299568
9886308
8689662
17305499
7981137
8947512
15779811
12757405
18985309
16750282
18940118
12546201
14986692
9702206
3896727
21138560
6085879
9578307
2346721
2770937
10584877
16767900
15158086
2690217
18717827
6573016
8862013
8724545
824083
17609876
9049963
14640942
18496563
11905737
12067277
19771136
3332094
20041451
1949608
17688365
15498074
18224491
10583248
8435662
1625494
1998598
8398821
2975500
21447229
10780530
10997328
15901004
6580588
12202756
9831389
9777268
10971342
2480278
2605123
2713271
3105570
1703118
11705489
18236911
1288883
17391495
16144500
8289486
4080297
12168413
9285548
2310690
8839397
1614699
11552989
19886867
17907501
18823558
2321442
17156408
21980926
6935244
224448
1067672
1452563
10520007
17714993
6304866
19114024
18220909
12368958
21073206
17129370
10822760
16289975
7646987
12385577
17914408
11380477
19091543
17391494
20842500
9636829
12214147
8478209
12437659
9633903
21323860
11640868
20072835
16842382
15161429
9892961
9370045
2307156
16054690
3478595
7669665
2128807
2616408
16371020
6963132
12974726
6959254
12270056
19903482
18384443
8857931
285455
3471368
3464810
11736939
11529849
19174038
8650040
18712133
16275419
8093498
9674747
15876254
1401221
1890195
11856174
10037010
15951264
16556088
6581956
19037256
7616362
11360118
2650786
8691040
12688234
1472444
6946878
3837238
19383237
15901999
17607594
273888
19479253
6114477
10720125
7668775
12545166
3036098
10776839
1803180
11169164
8776936
8975464
