15234243
16634808
15738656
19214491
18457727
18059481
14710199
17428238
12801741
11680792
18992904
16180543
15870711
20189974
19768693
17031409
19156415
21030079
12669727
19569255
19785662
17448964
18722011
11986783
14606355
18420270
16185155
20942869
18422767
19761684
12218235
20523168
19950162
16988930
20702476
16050798
20860069
18555682
15794712
14612892
16185153
21333826
19801694
16444286
17033447
19508387
18429659
19415889
15540985
21142275
18672441
20358148
12600228
16961463
14606348
12028031
18230575
20107730
15721470
16205964
16146726
19704981
19036099
19307018
17916051
19959080
18043265
17245498
18587017
18028486
15120666
14687026
17317891
16122278
16299568
17305499
15779811
18985309
14986692
16767900
18717827
17609876
17688365
11705489
12168413
19886867
18823558
12368958
21073206
16289975
20072835
16842382
18384443
19174038
15951264
16556088
12688234
19383237
17607594
