19857438
12964663
7725871
21038130
17319500
19065126
3321979
7249262
16464219
6574666
16302998
17592202
7223295
18251785
8640344
9466028
1819340
918586
7931421
658781
2058832
3825740
1945797
20398
11356794
6349964
3845892
9489868
3813151
14905292
7081040
21879662
10929783
8675515
15359205
2229155
10981574
10036899
2768039
3338273
6172028
20492689
11153816
2651763
7320005
2911526
8741477
15615384
1333988
944372
9728083
3540146
9124973
21607228
13651572
8826024
12674684
344043
7055867
18256382
15231291
10087351
2844109
4028979
15298251
516311
19661722
11129415
16634720
3371840
12754025
21838901
19229529
16244331
7666620
9791593
16856556
2317411
12108068
15462341
235749
3536587
6687572
7736749
3021942
14691775
3339692
1996225
9037653
1567722
16474069
1260336
8183171
2586020
11684998
21775044
478655
2278650
8847317
9512917
11273144
507304
6613463
7884222
10360634
3821711
7112293
16012438
19966355
18363624
2243478
19500810
7927785
10759160
11075559
11843768
1515356
2232133
1564621
16155429
18702021
17000446
2565650
11078367
20932769
2693726
7434835
17217646
12969611
10811600
1360222
7433327
6878251
9251514
2802004
15511458
9889603
2680494
19906058
3393567
18477933
1286234
9308107
14615276
7247558
17175465
9248918
1465231
15679281
11802180
19838596
2521442
20943199
10949184
8821672
8607323
10638670
14714046
11774102
7770759
18400825
15579060
20358013
10533827
11902734
15497395
20633343
17904458
6862467
8828884
11020895
9138551
15906214
6837974
2067439
3283524
4065305
12101865
3921438
2918983
6998429
8076500
8799956
10198144
1515391
18475459
15041545
11770263
18035205
15130441
10214474
3358176
15705338
6744092
9016966
2916986
2292913
14577301
3167267
19280425
15311565
12226654
2555874
75253
10099047
10855244
2064038
2339734
12879680
1260551
8458667
3502518
1689832
17167002
6404602
21385078
11025962
15734545
2811881
1907060
16350481
10464538
3252212
18598668
10438368
8958882
15732558
9350909
17192529
2164897
9377961
3930590
8365540
21520607
9594526
1960330
7717737
11531708
20592576
8152181
434998
20003529
15200773
21359030
8552263
17215136
12612546
12055569
7549419
8828330
15333394
11471413
19930243
1819728
2499225
15796434
8468793
11244776
3428373
15640419
10546149
10909896
15155406
6905819
2548021
19364015
3391672
12920689
8677932
1728505
6383652
9185440
9041770
9840245
11791984
432166
7251147
11761893
21092032
1518203
19210916
962241
3764692
7590549
20691086
7136768
3327494
10901937
384135
17472827
8273874
21090089
1203728
15828629
21229694
19864942
2810720
116300
21474456
11129828
1898144
3559871
1549924
8842138
15653052
17901564
9772325
16424725
21058937
11310889
18434896
15558512
18468822
20141075
6326281
16418240
7219245
1479669
9914461
2598106
15099878
9027950
10560081
11149089
9781978
6810684
19763061
20017894
21234194
28672
16972963
8481215
3234619
1939945
19264039
3176846
21606727
14632603
16553641
1581045
19069686
8031810
18039404
8245693
3387961
16440689
18598795
20939876
3994875
20482764
3774841
8785146
1894993
17305984
7247058
17675280
18499744
14685841
16212524
9785339
15553023
2500680
19089752
7332865
1138566
19619419
15075019
7977488
20734191
10881764
7577290
12632613
3748935
2104974
20688972
10443496
404202
10485598
11770241
3079847
9767922
21720474
3497179
2834477
9852698
2672655
21103680
3773546
17458660
10886059
18432001
2656149
8301835
8783412
10619926
30420
1268549
18608279
12268410
17192120
20486577
20662405
12789075
11318755
11131217
8163702
3291593
1402491
7924907
6762028
4366123
3446495
6476537
18005235
18277576
20487163
22050804
6193381
11770041
19102392
12455080
3221319
1627241
12584387
9627164
10959521
821421
16638656
1787339
9711068
20458554
8434448
16806713
1772942
21186343
15306705
15364852
21434813
2641850
3632138
3368903
19690243
16780084
266900
10654145
2810703
18523330
21730242
9217555
21370950
2258971
7468469
15058759
8470446
9535633
16597483
15207441
19272221
9097376
1311158
16059760
2631532
10628168
18842383
16721271
7488841
12962931
12411801
5963732
4025863
1509568
1666244
6783907
7879941
17987759
1597109
2219027
20447854
16212455
20827301
11279328
7982432
19050999
456862
19208999
1237759
17378256
16391979
8839216
6804192
10365206
18394622
18528463
20045241
11555511
20444676
2831596
717847
1121662
3899358
740119
20096021
17624511
9777005
8539739
1740964
6601208
6149244
6441297
9357420
20575670
16952871
10720189
3327333
9513338
19171926
16104574
3801769
7858334
2712635
11974445
2179749
14672025
20159418
21862493
9926200
5150195
9757631
3801822
1742856
6814629
4080637
4061917
9791596
10155229
1509569
11257787
