559630
6457616
6792952
7938710
6839499
973893
2615143
7387016
6685149
16892559
6705298
137103
3525076
20978469
3719597
2974705
3233803
15968604
1799888
6459676
7020981
7863706
271071
16084433
18789322
3402466
6228216
1154195
2176284
3965793
7262812
1261275
3304373
17138058
3862584
7320534
10147590
17422276
1964851
7338416
97946
1660347
6360836
7017765
456805
6452971
8881867
2852595
8718661
17395617
803232
6658929
6138940
6457687
3013787
7140005
6282089
943130
3162035
7346301
6428346
6267334
704516
1301243
1879012
1985355
3680595
6393729
6107769
1321914
6459467
2434752
12937148
1828861
7191711
2868660
6488501
6438896
6500217
6652532
610636
4030145
412175
1275988
7345128
1172035
139039
8774633
2006287
995769
6738522
1790164
2478788
3913180
2033908
6264177
6551370
7441866
6499148
7346302
120146
918587
7192931
704517
7273502
6745290
533975
3469615
6733886
7030042
2895155
7423601
2432020
360197
7938655
161072
1301244
2793379
7338417
1981682
155986
6342031
2299486
2664646
6605447
7118957
3843595
6588729
6727881
831409
21128555
11957798
8021337
2777541
3271194
6490668
128793
6127892
3055917
2932898
6545059
7215414
6539193
3159508
87834
3843610
6614814
435794
2097062
6127295
7128984
6230525
6444388
3996245
6523977
6107090
6870004
7194009
7199594
6127895
733591
7211695
4089581
629070
6458839
2310645
3793571
4072879
19095135
6240562
872207
7704344
1324705
704532
2569001
6491071
6824229
3359699
3881912
6824246
3239064
6510623
151155
6431016
7435873
2810717
7481220
2523413
15058018
2902891
7719376
2560702
2954574
819802
7226932
2080109
2970174
1942199
6729654
7155940
7008217
7461349
7195268
3711540
2369050
3791597
3229424
7420729
6861067
230367
7459926
3090971
3159039
8783029
7234048
131657
433775
7437412
9686810
2941733
7199403
6810685
223612
3163814
3435400
124713
1191416
2981905
3494365
3547749
2943248
4252244
7129691
441363
451782
4065476
1097257
6093491
6107091
707538
648577
16863672
3985268
4032740
7138709
9282356
1991370
531556
446174
570054
2554871
6970044
819799
363007
7003386
6218702
3085329
9381720
6678290
6689918
3687694
378349
6226198
6492577
6093284
162523
8086332
1520500
6347112
2614867
3002014
10534059
2993633
6232993
2557300
128794
6151750
7081064
20690516
10804877
8994740
6212701
9207648
2472521
2950141
7067461
2522005
7438579
8529286
3884232
4073117
7202014
2798074
4064275
6486005
7282518
6479183
3824192
2973484
7064844
6719997
3302155
3836874
2424202
7189159
11371043
565263
3075405
465222
3707649
902392
2870493
3511659
1090134
399108
6829442
730103
300962
420070
7183460
7372031
6870005
1673586
2444779
508453
6938301
2283191
8970341
8087940
2428318
138185
7106151
3812286
3698228
1738746
6210461
7184977
7097691
3838661
6745022
3337102
6870420
2068657
6993166
19801746
2442540
6689651
9260243
7692125
6778442
3035864
131248
3909904
6460314
6178783
2297858
3383867
827993
8487269
6187525
3263035
2940528
4012625
6450529
17422196
6345451
6650409
6542361
3099680
7195241
6354229
7625925
8236194
6601460
564201
842611
7726189
7805069
3777820
96755
7200540
21664081
1774823
141333
44491
6478564
7274938
647772
139105
6425526
6682992
971376
3552466
1696672
2952077
7190317
9198852
3780767
6840120
2121813
6455215
3083516
162002
6226132
6365563
7169167
12074691
2581297
6089560
3118837
3776289
6212162
3426857
7644400
3829689
7055882
8017265
6454968
830197
2604515
3558991
7317231
831427
338648
12963180
1139763
3348137
2011808
7089761
3965536
9798414
1764827
6120057
6496191
2296166
7165494
2693881
141782
6259384
7338455
7131463
6848224
10957784
138469
3594919
3740549
6400465
2661758
1555218
12829078
11814732
6517641
6870023
2312370
7439046
7081068
3757193
6212333
2532997
6199603
2150680
7290302
7200405
6455542
3035466
3972674
2058725
4025118
125540
1278213
4006143
159619
3731910
12640079
4063000
7015814
572867
3087571
6445779
10146649
6178228
16218475
4052636
7320563
11225793
4472994
8331803
7724947
6723995
6719996
19026129
3567710
12481538
2659177
6361101
