19959093
20001244
20020494
21575924
18367669
16981802
22263567
20447687
22645182
20817824
18556438
19276246
21419931
20591500
18203007
21450785
16507911
21873591
21423210
21881918
18331365
19318551
21156787
20463821
21917607
20858093
22133777
20043832
20485374
22306341
22065971
16772610
21299457
20807497
16469872
22936666
21509757
16434621
22169110
20573397
20052711
21448598
19236722
22271898
15450235
21663515
19546604
18183660
21449679
17431950
22451584
20875554
20423956
16046538
20616901
21672900
20615173
19861409
22184410
22035738
20585448
18401881
20585556
22609829
22844664
19662183
20947248
19995744
18519516
21768775
18221045
21842698
20072840
19567878
21600381
17342766
20375493
17355221
20662899
21225012
18784740
21972208
19880502
18191450
20808823
17351742
20010623
15256643
20597967
20429627
16775249
18056928
20528247
21854086
21088155
18397678
18047674
20953816
20529808
18829496
17382019
21867560
22403059
20008620
19047160
16203784
20226597
18524994
21523734
19343297
18978822
20652453
20500819
17964980
18242697
21134983
18833922
22028489
21470540
21357651
19744184
19205108
16775234
22842168
19707323
22203239
22846973
18956997
21937681
19381453
18938156
20861918
18326784
17626839
20828158
19785662
17717597
22669492
21883956
20028401
20565769
19841739
22168217
22784709
21297103
20634194
18056932
17496201
18212257
19190119
16988578
18828913
21264348
22461032
21184269
18577740
20942869
20616897
20877419
19951880
19623650
17684099
21266529
20399520
21818112
18986703
17136234
19474800
19838047
19793710
17419150
16715962
17236546
20074620
18978571
20300113
17218385
21890201
20120030
19318569
21594763
19289629
19149608
22591714
18395492
18619726
19181650
18452422
19758122
19602594
22038978
21406471
20040619
21161687
20515943
19047139
20392492
22564553
23133971
21677481
15858616
21789152
21539969
16721371
19318574
17077147
22338305
19296866
19010823
22014215
23032801
21633166
19757705
17183644
18067026
18829412
22538170
19920925
17213809
21990394
17001803
19056158
20017605
19737976
20225261
19131559
20087228
21860001
20811401
17145844
22554713
18796631
22451582
19357815
22068151
19749489
22147077
22425926
20855820
22422549
17853901
17852464
19801694
17983706
18818391
19714578
21197073
21717440
19322212
19965645
22314255
17372901
19491323
20303350
19617296
21153679
20047099
20367532
19149483
17652286
21878501
19924787
22889761
22767140
17382023
18596746
20408871
17114651
18284618
22956142
22710075
18761212
22428569
22160483
22521882
22687981
20685771
18252160
18436994
22881393
20103658
20061946
18784745
20017607
16497876
20113198
23144157
22689211
21193419
20071983
18305564
22242683
20008223
17332353
19211505
20647701
21632985
17634461
18314612
20952511
20656928
17899481
20629079
22209376
18784126
21082998
21148814
17076652
18451159
21751967
16740687
19920114
20844972
20455215
22128299
18565291
19657995
19101781
19282395
17890849
22168276
17541990
20036005
19708572
20108303
17720881
19860192
22442356
17510013
21524239
20485368
21546539
19671734
19861960
20068106
16900596
20629520
20736294
19289370
20888043
21670084
21357709
21155759
20959018
21357665
21204748
18398725
20930084
22272968
19194361
20833982
19838099
17357254
18491988
20406949
21556318
17013368
20215510
21705080
18205699
16468234
20564086
17916757
15705718
20425399
18628453
21253680
20869423
19455391
16960978
21813412
20832415
18067005
22822001
19812504
18401416
22217877
21545110
21266530
19671763
18020922
20005967
22023462
18541900
21091149
20968202
18559609
22174159
21234296
22182854
21362052
18448557
19942922
17917973
21108851
17429625
19494352
21108601
20331405
20371117
19447875
19822300
20375898
17929114
22036717
21225238
17915288
20473616
19039322
21672337
19505856
20689754
21971238
19536317
19436954
17851552
20628031
21030554
19066329
18852120
18190961
20466853
18615627
20609354
19434004
18559612
18434310
22578880
21636705
20425345
17220814
16172030
19798095
17609744
19263190
21738539
19567681
22074657
19804422
20940402
19608684
23090888
19672773
20947165
21646774
17699867
17721511
19336654
22152174
19959090
19763178
19959091
22927532
21549035
18485048
22149092
18301894
19855158
16894408
19793709
20471447
21105121
19481800
18067004
21455605
22437252
20860375
18215092
17681669
18717827
18500518
17373424
19904720
21867983
22142855
21252655
21748051
18492112
21647156
19369231
22065216
19402171
17824574
21454871
20139893
18554156
22502918
20351071
21352196
20922786
21489624
20674019
21781226
17487757
21327563
20973146
17382017
19280591
22127285
16840219
21438838
19561650
20473900
22857863
17382021
15864854
21664897
17454640
20197479
21855335
18794084
19736811
21531328
17962511
19408071
20682399
16436588
19580997
20875552
19421228
19740393
19062342
21073206
19531657
20827202
17537753
20062096
19092851
21792346
19428316
21212648
18472616
20557276
22234699
20007107
18321570
21298759
18245668
18463676
19383348
21955398
21632458
19689244
18550857
18619723
17114238
22121783
17154512
22874537
20570632
17474470
19915358
21605451
18787054
17710227
22551803
19098899
19920908
19093165
19812573
21381013
19367499
19116712
21816704
21874302
21782241
22521768
20520639
20156689
21050162
20111071
15615512
19638722
16230377
18227141
17363602
19789325
21041536
18840695
20221270
20525995
19602874
20699436
22285209
20130598
19779040
17135636
18593977
17982022
21821988
19236716
21942976
17315048
22130962
18156735
20864900
20973144
20369050
17179059
20673586
22307953
17020995
20553275
21307148
22507785
19370179
18095887
18754032
19451690
23084528
17167796
20962097
19212337
20738760
19462975
19621547
21446845
17284712
17329198
19959089
16931294
18797457
16203792
21454413
19561414
18464124
18346528
22649091
19641527
21360071
21903773
21913740
20664932
22344285
20511160
22449366
18759691
17496200
21299849
21774804
19707322
22529380
20103657
17245319
19811659
20143399
21490307
22548338
21220945
17268817
20388735
18035968
20419513
21479663
21547985
18664550
18056929
19502192
18985183
21463117
16948123
17441403
20659155
19890374
19996579
19651622
21226671
21423276
20582584
17138817
22915637
18420785
20413659
17761974
21902298
19443672
19306355
22570868
19229589
19554682
21694468
20350280
18315935
18753186
16291594
17723165
21350557
17701954
18992904
22080802
20640942
21908430
21510831
20471518
22036594
17633095
21297225
19768693
18428043
20423990
22545784
21184822
19758698
22469781
21098337
22698401
22233113
21534873
21823119
20038231
17431118
20682659
21297102
20405252
21700550
16434489
21523723
17595328
21962337
16151465
23133972
19275507
19553600
22738777
16998957
19254887
21157145
22183070
18929568
19733976
19093166
17106016
20723974
21737505
21794916
18462793
19603032
21668392
16492761
17301549
19861436
23008321
19308813
17620427
20525994
18986702
21538960
18827790
17956348
22797901
18931825
21442637
20190765
21876122
18673174
19708570
18518762
20529804
20425355
21623279
21719499
21286377
20228840
20329739
18202781
18398720
19786067
21718141
20222756
21062136
21135112
20583816
19663771
16845450
21505103
18024392
19373652
21106725
21299458
21888027
18034600
20961253
21551058
16957155
17718712
15709925
20387067
18397679
21069865
17264298
21177802
18979199
17848297
21062247
19212674
21982905
17124064
21082997
20930519
16304378
20579391
20684746
21990409
18158072
18398719
21419537
15930265
17339191
19706883
20224653
19100678
22164306
17317857
20685895
19828194
21642769
19260121
20068223
19707409
21333826
19337199
19363292
19502190
17694781
20945321
21862872
21521831
20619375
22403810
20863376
16343892
19844167
20824399
19734429
21689725
19295545
22548456
19075651
22119977
20929406
22087818
22374526
21598297
19878083
18073350
22555087
17692027
21747082
21552992
20147973
18477770
17914733
19075254
17461740
18984583
19254881
19223541
19061839
21668394
19513066
19152174
21042889
21442641
22076388
19271026
21353701
22252576
19296883
21106170
21225019
18718806
22210874
20922699
15256671
17785585
18398058
19589924
19087793
19282457
20630825
21595858
21320292
21271862
19337981
19909234
19363859
20145167
17185463
20938169
17691909
21299461
21523765
23138519
20015594
21282564
18362889
20131307
19468276
20131302
22160642
18366061
20383201
19883308
20955590
21252264
19286256
21685471
21263154
19021706
19013641
19679008
16740718
21651486
20302388
18596745
22262776
21970091
19652654
20811002
19388927
16728945
19804904
19074121
20634492
22411867
16699494
18216868
19606034
19525190
18650450
18024653
17431887
22506320
20685492
21385851
21863287
19621546
16926302
19276677
21720745
20137810
16670262
22539950
16542059
21263099
21252289
22089930
20810928
23153538
19885746
22516066
21335443
20191333
19704981
19398150
22421368
19483705
19909541
20934998
19842797
20471511
19744571
16775240
21828123
21880693
19833633
21106726
19729517
19684613
22116466
16424036
20072833
21472706
21660654
21810917
19466973
18833925
21723805
21785464
20139391
19204794
19517473
22842045
18690842
17559140
17426060
20875551
21264552
19855440
19092801
22431574
21641642
21618517
19540337
19690143
17964981
22407177
19811824
21266354
16800962
19621456
19154462
21188137
20515951
17970610
20345830
22104358
19195046
18669873
20386534
18465678
21220330
21654685
22493660
20973145
16990591
19854117
18223208
19391130
22587422
16717133
22652566
20379112
20142592
22821153
19402798
20689270
18401417
22211798
17956080
19536906
16757427
19151779
17292738
16213151
18056927
21463110
21973091
17665323
19487385
21262832
20537386
18779376
20499401
17889935
18540942
21598241
19395585
22530642
22490227
19621543
17208297
21208651
17412419
21910796
22152175
19104491
17148760
18483389
21806844
17155893
17313076
15751154
22362357
20111070
20667610
22133278
21464405
19202569
20720403
21791426
20460883
20165690
21931113
20806817
22328973
19447874
18413841
19734999
20676039
21751813
18608866
22313359
21827214
18577747
22173446
23197581
22627592
17338066
21084830
21680801
21664307
22385514
22174695
18420784
22787428
18492956
20824400
19505729
19219075
17591830
19794096
21217777
20113282
19337197
21082971
17091608
21518727
22094354
17727673
19886867
18823558
21901399
19861442
18180381
21700206
20406945
20304669
21156461
21402714
17554376
22730528
20001232
18987655
17600277
16397263
21220747
21528941
18397680
21821976
19288822
20956938
21477076
19248584
21410427
22035739
21596652
19383925
19254885
17317816
19016717
22673542
17634553
17064224
18835038
19383922
21237296
20805664
17360676
21976132
19778852
18528425
16990603
21235620
19254884
19484755
19414863
20693279
17683977
17550857
16235580
20423993
17373201
18156496
19884523
22371878
20033056
22035758
22586301
20981590
20722490
20855863
19588138
20310049
19038446
21345336
