17308267
21937741
16624552
16741250
14645012
18211286
21278514
12435293
18728023
21535160
22576456
18274611
15989528
20177030
20354828
15032666
19924144
15199413
18769124
12173041
16515434
21132731
19934315
22770910
15323579
11753385
17486070
19062738
11606405
20044583
17109025
17652815
14641143
21883244
18180382
19082596
16908934
17664460
21695277
18636037
21474966
19190119
16087693
21854190
18988655
18368071
21133589
16862153
18003960
17704745
19762156
19537835
15625278
18158788
17349636
19567681
19259085
20009293
16997913
19688062
21929800
11870241
11234890
20371728
19883308
17993229
16835487
19897535
21363880
15739029
15890525
18361426
15289888
20495188
19822515
15830342
15870086
18440456
19773760
19043528
19381078
14606347
22487682
21856226
21900106
19304882
18288997
18245668
21186272
21826527
20736298
19567207
17003111
16144943
16468473
21354370
21207425
15161714
20332468
15679256
21115915
16406868
16249384
18571721
16596277
20068106
20541785
16641256
21659924
20616896
16219536
19102424
20026060
22658485
11970740
16782438
21540865
20214599
21115288
19728918
20195801
21642769
18691415
20044479
19704058
20664932
22126548
12796358
18469855
14715427
19770581
20099280
18941456
11521726
16170346
17673608
20009104
16505426
17592827
10864214
10103100
19447606
21105121
21041536
16001994
19351841
19749798
16236738
21861540
14654084
18025804
17216002
18784101
20007927
11707430
18929568
17164226
12970767
15048068
18483293
12209684
12174951
17547474
18728660
19345476
17764850
17443738
18607881
10855789
20371474
12527798
19932944
16258083
16042686
21421717
15883410
20167564
18333115
21853100
17805334
19017630
12563352
17520581
22090538
18412149
15328518
18347147
18852120
18307763
15060748
21510902
18079735
19032680
17020808
19086328
12917031
15687682
18042805
12879018
21157293
16498393
10425310
20855960
21163071
19232434
18250349
16142328
16495393
20307198
21556317
15245690
16291594
15126353
20571063
19153832
15361828
19881535
11248153
11567987
17308073
17504122
18823378
20378504
17457301
16279786
20175700
19509244
15648083
20718683
18828924
20028860
19222892
18156496
20833559
18334512
20864811
20660757
20077418
21909357
16736568
10022809
12727828
17992189
19839930
16885745
21434524
9858222
11753601
15382958
19924252
21030571
19916733
21167654
19723894
16126330
15677719
18385754
18657349
20222756
15094158
20564078
17169414
11986783
21474579
15816643
21937681
15155467
19240719
19380191
18480060
14605627
19307738
16740687
21437572
21850579
16969080
12824179
16023722
12384528
12506034
21422402
21498394
21530604
21677471
14973504
16325031
19706883
20122160
20179085
19934277
16614227
17095209
17896565
15544997
15177491
19797415
21768458
18830255
15546221
16761936
20581169
17652060
21992075
21115411
14638869
16454729
19020749
17311837
21208843
17374151
21876697
19299236
11264165
19901522
19933921
20876800
21501463
12479366
21653830
21788566
17923870
20149792
10213228
21395523
18948750
18782571
20673243
21538470
21962576
20671105
21949869
14724581
11790161
15815728
20529262
14666655
15226421
15618474
20571878
21857502
17878958
16155796
18157579
20374036
15894097
17982645
17877953
17595328
16601247
15780499
18977528
12528773
17912367
11255078
15642702
12543790
21277730
17538166
21524816
15183120
21421462
17384279
21833718
17896910
20217215
19958628
17208639
19823038
19704981
17151370
10426457
15499612
17218636
19912986
19325470
17115926
17556544
16827161
16236737
17233818
19307737
12188919
21990394
12587104
17594055
22101270
17339829
18793333
15492236
21622141
20087228
18757259
21302618
18537534
17021249
18156309
16820883
21482773
20459769
17516068
17420275
17203222
21273957
16344315
15474370
16783343
12442344
18484781
18799330
18078328
18628130
15642163
21166958
16983347
18161937
20210725
19671269
18070705
14979476
19131187
19860203
21596652
18645000
18569639
17049513
19100678
21810686
20111071
21386629
15315963
21847410
18223253
22219388
19410716
16503541
20975737
20704959
19224142
19783996
20137117
19282833
16467544
20845797
17090651
16707466
20944676
15786421
20589936
15950899
21540050
16918262
18561551
15962764
21418740
17581306
12609962
21036585
19602047
17284533
21424607
16254145
21747194
21458915
18323546
18425360
12796401
17688365
20631636
21472513
19068454
22880002
18520293
19150257
16321825
19338769
17519960
21415234
21566669
21816464
20103647
18083403
16001089
21105123
19381443
19487383
15235125
17488140
15266327
15963852
18559370
21271901
17786307
16615728
15812476
18594201
21227505
20042310
12600228
16015534
21450900
19117341
17645829
17888735
12941838
17538161
19700342
21499301
22634393
21536647
21764391
21611089
11587211
12170449
19934303
20564392
16230407
17697368
21184822
19643477
15818402
14521721
21822826
21205757
19442059
22203610
17683651
19766113
11259767
21188093
19200260
21406473
19094209
17904836
22119977
21479390
15201856
17106192
19203346
19047099
18202009
21651812
15755509
17495516
14534537
20480225
21880790
12384536
20231287
15223779
16227678
17512905
18533085
19318579
17634558
18751401
17689285
18765523
19886867
20042346
11526490
12186272
15074734
17723955
17907802
17263225
16249386
18609706
21992561
19289619
20564633
12688840
21047493
20823226
11685722
17566845
20006487
21081926
20379816
21789194
20570832
21509760
23071298
16705644
19108785
19363292
21915281
20178580
17330837
12237930
16005610
18946061
21763684
15751020
17667606
20385106
19048625
18990444
21503882
22261932
11756187
17577017
20629079
21293953
12525520
21676217
21598241
14763141
21756808
17785760
18202855
20442314
18300243
11831647
21443462
21930637
17135364
21368884
11524557
17218853
20199974
18360710
17303574
19490562
21252285
12745647
12764361
19036692
16174751
18544666
15670895
18593896
17990147
20143399
18245170
19220809
17429839
11877763
22059152
21115860
12829606
22039840
14715110
21097395
16971734
16620963
15879768
19884552
17043955
19287304
16800975
17495975
20639548
21479663
21747082
21271222
