3543380
9859709
2786585
15772212
3979142
20497990
2960225
6228242
18457956
10479086
20306888
18074962
8351942
17067550
12531876
2122867
19081356
17138078
12732604
8251341
6460434
19801560
8013296
15485513
10476524
2510672
114142
19461041
8893557
19885798
17180575
3118839
1442622
12494265
2940537
17982305
1837197
9315565
11799429
10037839
1888457
9411591
15881530
8840872
9033694
2405547
4073701
14994848
8548509
1567067
2019543
20501421
18804461
21516761
20352436
19175718
6528264
18706706
8095150
1566021
22128616
18522782
11449587
11220123
8059703
16636493
1599332
3506607
18206828
8179285
20127650
21763199
18954643
20303141
1407616
18032122
17132778
2532998
10951873
16901501
12833230
11292086
2179390
10618900
12902071
12143268
2741779
9749217
2508596
16485184
20461658
15145721
10217653
7601695
1467052
15630037
8880027
20155465
15077093
616219
16253730
6239110
20485194
9240287
20980750
8269102
10225665
10078281
16867174
9012126
9152670
8643173
17277026
8306733
15328484
12732275
9919747
7846937
17434005
3666377
10149255
17512951
16122435
9101223
17569679
7786120
2963780
16103549
15985143
842611
21446383
11877362
10368584
2330865
14998623
3159508
2528046
9891820
11285613
12062329
18391871
11270955
2942727
19100271
20657367
19738493
12868342
7357724
2301224
15256374
1826126
10352498
11678337
18402830
3630777
21126380
18403999
12565061
15623545
16050835
16223888
6651737
3120666
1345453
17875610
9456109
20466979
8712483
12386569
3090970
2080025
21044210
19570119
6499287
19085803
6805275
11858110
9429286
10192851
15529602
15882002
1889048
10981053
18706834
18488914
7850044
12732274
12494167
20662987
19621176
20495015
2214534
21848966
16342529
21167101
2531537
3101643
18612782
819810
15207219
12732276
12078771
20361126
16164199
17385555
15562125
16568131
16533256
15881846
17181041
15819773
8483288
19135613
10326150
18651385
3505631
11509283
17318996
17284263
12555462
14760317
8088024
17143167
15031120
21524436
1751132
15309693
3792357
7995664
7594863
16631626
12144840
16107128
21135595
2968073
12494111
1300952
2618742
2146121
18402824
6315985
2955142
17181035
9185226
12573276
2620315
9725159
21977279
8500506
11040002
