11027359
6724995
12447528
8795351
8751252
2961761
12173827
15845889
3600942
8046845
18421606
18577182
18441491
7576410
9330735
16564697
1696691
11129921
15289268
1149206
9209943
7518643
1449355
11413089
9134875
4041302
6638044
11400940
21123277
10672579
9692459
15223714
11724781
6444387
19933421
3070483
2143275
19429817
7596455
10426843
3180131
3391184
6394409
18230927
10065029
19950042
9546848
3716637
9833169
8922912
18991327
318148
11776673
7431073
10677415
20303141
3396167
3158891
18032122
2434782
20350477
12053811
11809492
10489031
2148434
18788381
12091289
3397248
7959536
17280860
6736360
10867558
9355905
3870488
3296887
17855202
15302000
8682057
16256799
20832082
3159508
18093434
7381930
21443777
2372895
7603942
3262487
8556186
4025014
17322368
15736570
12479280
15540999
3782882
3107494
8499038
4009956
6267923
9046963
1820661
6726408
20528617
16472265
12654141
7678472
10193553
8621283
1677830
8728690
16971413
8372708
17118392
701523
1913384
3885811
11827997
6574715
7617959
1396913
8127122
7895752
21404565
8983728
557377
7621483
8199379
2657968
12555145
991665
15033254
9040385
18045706
20819170
1594315
14753504
15870116
11884358
1672967
18820011
2225689
17430589
21119193
1726878
16439599
1300952
10935771
19374256
12006180
8167057
1890980
16823239
11398943
19764864
1183257
21625124
9697070
17943743
9565503
10685274
11990166
1389764
10598298
2364632
8256739
7459165
9254126
16580533
10063965
7150452
16828340
9656081
8747765
18854975
3932270
18651091
9926328
16207547
7894551
7332337
871006
3976358
21615485
6867924
11419083
1085024
8592892
14582370
6778219
21769674
16087085
10642551
7666345
1451124
20649875
9731689
3194166
6220983
18286822
21156347
18852583
3724975
14759350
16700152
12658067
3904636
6734058
2620009
11749014
12354736
21161462
3225067
3795865
15787161
2975465
842611
17164489
10835759
9263860
2081680
855649
9594839
21656074
8074156
10509967
16302578
9688437
4015925
7796426
2857268
6732197
16937034
2091228
16036021
2197912
1742095
1910327
3888350
6973327
8015331
20464337
10525422
15313205
10577439
2114835
6583793
3734881
17947952
3760958
12114104
11709821
618389
8139366
17172928
8164134
10754598
3724764
2935108
19644944
7295427
20360256
2012421
21149830
12235580
18956268
22111345
18083897
2261230
8194265
8306354
17125714
11279724
4914678
2990823
11549895
14684366
15231495
2967917
21735736
12575014
7184976
15943161
8078594
317869
21039438
2524291
306999
3136709
3064598
8522409
3160894
12538997
6621836
8493859
20516643
9300299
15724672
19543706
12064677
18262623
7997556
8178848
8449063
1870915
17122889
16253552
10066021
9118516
1873041
3829032
15098871
7723191
7844953
20394588
2364493
17088718
16361324
1141962
11997423
2798056
8023355
7933476
11590256
3728577
1844752
19757029
18159120
18092954
12908173
9803504
7075282
2408250
6707059
2718794
18346170
3817312
2401072
3539886
19660354
3401404
1299942
557283
10219420
15618076
571200
17071734
10918740
1799502
8364002
2956117
19233868
11205966
8584091
3248195
21677800
10073907
10487479
8620825
18087938
7585687
3484843
8336810
1334683
14988622
12728970
1308383
154992
12788386
20601385
14710043
2968221
16267067
923063
3303122
21900622
15533972
10944991
16474232
10517385
106322
12001870
9367474
11462074
21164132
14602285
17630134
12078771
12732279
12555347
16696955
3768190
21983772
14643809
17334414
11044873
10952426
8194060
17185111
9924172
15235744
11279695
3505631
6872610
8750949
17313543
6709823
2435593
8729301
14646478
6216298
8214330
632882
11014085
11485970
9674293
10484802
2113457
11171788
18640319
9516015
15547652
9922848
10978996
22066351
16697210
15516817
12830039
1078895
18311492
17208988
12665503
3789789
10769844
8427135
11294018
9458425
9286499
19997654
8119519
17188376
19337422
2481282
17987315
14658812
12439669
2333776
3614529
22027657
15618537
3810442
18936603
7226982
7744373
8461219
2935111
12381647
9641182
7891427
529873
19829127
18551990
20719330
11559683
1955290
6508923
3219008
12390988
18158359
11374597
7605692
3205363
146424
4010322
15290582
19715883
9106586
18334617
19542053
3841888
16924402
17179019
7099379
15638268
973889
12207963
18461428
1086181
12381639
9513206
284200
1591120
8118947
19650969
1080573
2265019
19032915
8869173
1825173
7195689
19633546
15035455
20158314
7728995
9844418
8725412
3429922
1305634
8922847
7534953
11099165
3012633
1963256
1491914
1638996
19501711
18075051
8853067
8795481
2594151
6609497
3748036
16485730
11758778
133373
20821946
7260979
3423045
6461239
959561
16412835
9595223
18555090
8265130
20682114
4055149
11032353
10796443
18364706
10588116
2327837
15739114
19057052
11934599
12744024
14676683
7507062
20227314
9877363
18824743
3944631
15081312
16625693
9666099
11834685
8894788
1306417
8370360
19176971
17921335
2404769
17572874
11799429
20339298
8072629
7927602
6258109
7497184
18079970
21385657
8476656
19758951
15276470
6213525
115407
3000281
3522238
7930374
18697752
3249261
15085306
18374394
17643625
21982656
15158142
7630691
12811708
12478864
8817834
3785670
9763007
2132302
12662207
10502983
6225448
20304850
6388513
2969422
10194988
7062070
123281
1678964
8869134
3188528
14996479
11914556
2947055
2523982
9323014
2952079
19667039
19196881
11935237
17607502
21928022
11179271
7586398
15329814
9671909
10850163
18808406
17954057
16245992
7826977
18308017
9353243
17450150
6731380
19185172
17254482
18046528
6883827
2529339
123608
15528230
286515
15186544
14769740
20634944
17885521
495420
6796343
14735597
11279684
18179918
1901601
1895148
19144474
6821609
10796330
6696499
10616579
3545095
7286025
11847154
3975808
21147489
17340057
17505582
20392378
7101435
12607712
3282259
9420628
6424612
3843622
10487771
18524723
8778261
7112388
3342478
3053385
9490900
9117074
2582651
15729882
6627267
12639866
1677262
19723686
883454
18775637
2145108
9779227
7893538
7881984
15123578
3962747
21090559
17661125
2265508
2733700
19237213
11466491
7484782
11040018
1285661
15967614
8011563
19666842
9222959
15086272
10476524
20730497
19602750
1567649
20936603
16928520
7491190
19018934
7621314
1410876
3875358
3659374
8026082
894343
7872188
16933070
10914642
7461373
7343845
1097131
1079694
10553923
8534276
8687211
16933032
8174586
11154234
6982961
3264854
3917661
11988637
11083744
10465569
17437193
17846324
9037324
2466720
8110048
17172276
21955540
2447257
15877210
1990750
2485026
18281230
8834930
1615793
3042399
2458205
10878869
7578915
8263572
18469011
8221768
3621701
8854344
4004490
3652088
19535999
1923635
21446383
15732031
2287531
15160833
15082279
8631517
21191566
11309726
2662980
1392386
1289338
21095299
8076657
8562235
9591766
3540709
17945252
2354989
20022645
8185978
11565599
7609891
2409373
8775226
10803484
21321305
17253607
15914117
18202886
2265938
1820293
7521484
21409914
10448179
9699938
3722379
21352722
12867600
2340527
6639321
7261691
21187864
6685465
1697658
12902102
15814326
11905184
10349344
7062185
20495227
12003823
6210808
19067344
8357328
1738424
6731721
6473016
17847039
6670586
11960593
2431860
19579028
8133309
8036593
9378456
7065715
16715654
2936060
12088178
7506639
11353669
11262533
703034
8669933
1258703
9205438
17933566
1377882
12723263
137103
6717733
10479086
20353588
11559908
20035743
7241216
4247118
21701218
10344167
10763513
3357565
2653080
2156452
16423666
6641205
2952370
15166880
8146176
6840901
1957653
10078086
8535867
15935933
20216458
7949633
3621546
11506092
3909833
1735296
18792985
16100975
11568081
21894802
21541088
2955355
3197247
3496557
16612065
12858931
8968800
2972417
21155976
8181158
3664917
2950822
10933230
15878555
11787805
6873077
2642226
11356808
2063687
12793095
6294866
1833195
1788262
6531825
681972
1858678
1865593
1841800
8517189
20118048
10554690
3168577
943711
17651096
8445923
22026314
18795297
10367776
2133728
9297278
18361896
2366314
17447196
1782538
6226361
9802487
6691872
20639834
10084378
8141091
17644576
16435603
7887728
9766724
2756871
19039991
16223888
20634795
18631342
1576603
8427168
19222143
1852257
7206879
6676371
15337970
10205231
17885325
9539820
10489760
16385337
2953289
15992949
8362892
12783070
1467050
16645349
9055878
21572014
8273629
11117370
7796842
15871662
1304139
12091594
9859039
20404742
15309693
1992413
19647407
21292844
2472134
12217255
8860385
19930986
7634264
11104868
7761173
12764656
7899358
19406276
1034470
6525320
3016936
9068909
16369727
6107779
16970269
1452370
19342365
12446612
14967727
129854
11562856
18929569
7815072
15284677
2935069
8341005
15146239
16828072
12373820
21829898
7442988
2365530
17825499
14710983
8333306
6235766
7226959
6836123
7546927
2789860
7781338
8455464
9865460
3257520
1386181
19451815
6609504
7572651
809111
7485289
19795760
16825578
10486326
7689065
3904903
9793163
7712932
8741409
2138851
15732371
7390028
2969427
3514201
1878102
1755677
12541080
12007733
19464872
3156010
6829592
17990917
16019576
17570605
7634442
9103895
8489845
12973705
1183263
6092552
14718401
11100488
1386193
9634467
20979648
15524319
2508592
17465807
2314595
2655372
12355038
20177000
441389
8858508
2690909
8353890
1387506
7684601
10338410
12029545
476739
2984724
6239586
8983768
14972423
404712
2949092
14641375
8677861
9173374
8215663
15176962
8238398
10891726
21225512
19717962
15544047
3708684
3446057
9545473
1676162
8511125
18452492
9564549
20981689
19480619
9102812
9527003
6315985
17600767
18639559
19777872
15188140
15610245
18022590
17174151
16391707
6842266
2076406
8013296
7491334
6663600
10928337
7136480
19471217
10773914
3620249
9454447
3948441
10650326
6457687
6970583
152265
8443896
8656596
21058470
8301670
9802492
16981164
1630611
12872172
11113715
2146122
1296733
3326185
9679721
20690095
3261089
7131708
294851
438830
2289987
9105740
6462365
1889061
7702441
11270531
2284936
6240456
3066482
8894263
19856141
7138063
11322123
8046897
19268071
18773698
12132289
15464434
2220715
8353920
11391488
7728295
10368126
11343950
21514153
2411495
3751219
18541397
5032525
16376324
558535
21173351
12449189
20300758
9553407
9301270
6824229
615198
18178727
8668893
15224559
2202344
9513035
15747834
553448
3485887
2003552
17995586
21442661
571670
15008065
2139539
7926325
660246
19577075
19010331
9825204
16978466
17965290
1307197
21245355
6651022
21572015
8368965
3876872
18279758
589850
6228212
19562575
9378198
2647041
11343145
10171130
2956238
9804477
20103225
16533696
12411922
3213246
6584680
16709388
6299741
1997853
2147840
2417570
17062238
2364585
4052276
162478
15864600
18056158
18788437
3896746
12766738
1938161
11280406
14739766
16777050
1979608
6744696
1841802
8278325
15827403
522953
8238565
17943755
1827983
16644440
6616113
7698959
7728801
4021530
2179002
7805220
16338837
2125417
8154429
21689390
18279767
6191001
6810994
1084493
3872015
3162041
4062715
19154928
9377829
2609178
20484195
12015247
16125499
291772
4037102
2944971
9118791
18922390
1872008
12091812
1553030
8192953
10086556
1888461
18639349
8313849
20811608
3261521
16671456
20393697
18564500
2164165
3513108
18416321
18780270
6723429
21977080
6225587
3177035
8556180
11158966
11997287
2877411
4083386
14762352
20830248
12657756
1689619
9880140
12555479
9429846
9398121
6525323
15008380
3720270
16433238
15867170
17760484
522968
8554868
11422962
3057910
7354915
10337449
15194460
11098546
2494887
8348584
2516970
8007048
12423571
1389324
8774073
2806288
3705928
18928185
12666664
19587530
150554
16026097
2060331
3903283
9115954
16361364
2255935
21963080
18491673
1844451
21446386
18240649
14722750
6611511
11146599
17950153
2483234
559956
20955367
1433824
17727981
1746460
3329958
20227264
20388542
8829962
156493
17101546
12208592
10499556
9657313
12713768
425969
1894121
11673349
1700670
19562916
17226031
2427856
2145456
10222454
21252067
10704974
3651669
11260892
9202861
9433058
12555134
14608654
1393648
1414941
3399002
12693727
3981225
9416283
10948772
1949498
518775
7791385
1979528
9879447
10323316
9236425
16006546
6539193
6451332
851913
1833090
12409584
10467072
14739413
3675728
6870004
19337361
2978474
16440558
3911938
8187620
10220542
2812895
8747764
15958312
17430678
3687391
11040076
666919
9209939
11406041
3506615
6124263
3688921
4076126
17114857
9564924
8214334
6644120
6447412
8994425
9127286
17853733
10224210
752040
21387329
2869907
8671968
758578
9535449
1491923
11938361
14571224
12735576
14534004
3513478
2735092
7406756
1550436
8217413
3169387
17962956
12797051
3884221
9776491
16446309
8187610
7853884
6468336
9175524
1780049
8351437
18216676
8304819
8080490
10740140
3055035
1782113
3555932
15566069
18651467
9857333
2137433
2368612
2803810
1283685
1415778
1826992
10363531
18242093
17898875
11731738
19232757
8934020
6389620
17716389
9118142
12798429
3348242
7694993
7671985
8146770
12490792
9142123
16932768
15226635
21868695
1433821
3337102
20956397
9363504
8298871
15196103
7363287
1828021
16386954
12622444
17543634
433754
665146
20122701
8729064
3968560
21350212
3760617
7302320
3330195
2947562
7671979
7160970
17524026
20350421
19933517
17059873
19765842
17785212
3408383
6695779
21742239
156992
21656036
6695868
18215482
7377122
11106718
2106301
7745297
4061774
7516144
15322218
18402071
9236339
20150878
2209022
9202853
7121810
16706144
16797584
20960931
19573462
1717279
15541979
11338255
21209815
138469
8097970
2782989
15243761
6980687
1406818
15497078
3666326
7707077
8352855
14970992
9733367
14760317
3250679
2630934
10435030
12943899
16194724
10450477
9458967
1616862
7947374
9522639
17669861
1745869
15473982
11076432
17886748
19934554
16082720
1780730
19440339
20070491
1810242
6241166
12062364
15767710
9811174
21320982
9790739
14591422
14713731
14666030
151407
9211013
20138687
19846038
474207
3103561
6728115
8334025
3207232
6400252
7631612
1136888
11751656
15001431
21434544
8267078
6428351
2598546
12016634
20172120
21358229
2093764
16837548
1003243
17890459
19517679
8724568
10908083
10567302
7460644
3317332
10541220
9835203
16382294
8339430
8310807
19041201
9555779
7738552
11416899
8067620
12091807
2792193
819854
8916157
2500077
411449
15862193
436859
17347036
3743519
21093870
1264550
1266563
8469836
15001908
20035047
2326588
7656290
18237267
7587419
1266570
2194813
9469339
6870074
21993357
11605214
21126380
12075125
2982519
3881912
6402901
14657994
8880770
10591032
8613412
11785086
9834552
8831240
17106148
15949932
731237
19644627
15321108
6737056
8077068
20824507
8465654
9749248
10047632
7459926
3090971
22031710
9405000
10961531
2198216
6887671
8960445
16628044
3055687
10859988
19969085
124713
17179956
21392784
11545483
6453492
19882961
6220893
1477174
3923985
6332158
3657251
7401432
11431655
2195883
18256515
7926384
2703827
6253611
936974
7614140
16113078
9951032
15446462
9807610
18947414
3003306
16489503
1843700
2960907
11922643
16706689
2922442
1836094
3152445
9403621
11292929
18071759
6233904
8225674
3070419
10208578
20137536
6603749
6435569
3342267
10493565
12192711
6444461
9196411
1610613
21496170
1449447
19619782
3242799
14637265
8340796
14662734
2888158
10888091
8480573
2290477
12027234
16564696
11712290
12968195
19171630
2040102
6475189
11912112
11774772
2121004
20606478
20036555
18964
2297858
12797229
17571162
1888456
12574891
18468198
8153288
19482759
10720582
17266053
1530426
14575309
17257999
8467196
2486900
14663566
8414030
445720
11082373
3614534
3855309
3814452
16711014
8777833
6778440
6816037
3989971
6189411
1185946
6814394
495234
3546665
3444207
3837059
8964121
19283332
3736804
6660824
20542434
6606870
3064600
8325121
11013126
16153905
18669912
9593557
6227301
15997171
21887167
15685398
2234300
9781116
21674545
15127310
17000305
12063449
2528278
8873958
16363756
7487725
18629372
2967067
8681017
18541744
15540633
1451151
3740815
8945927
20684837
11134466
8717434
16485564
8540401
16449733
8959849
11118155
19194044
15307899
9684523
3506616
21458167
8732379
10413335
15767924
17513078
11373204
6167685
9602885
6411037
8574024
8353917
12227695
12466780
20849400
8328177
15450570
1424338
9972809
7994836
2787846
20699250
19135814
8682086
15507958
18162132
10636531
8529848
10636530
20155465
3925913
8101772
21396923
7857732
20571889
2481938
7217419
1238920
19860813
8847542
21641020
2620982
11423708
2940852
10195085
8331801
3760618
6466148
8321398
2142081
1701853
14526698
1570048
2064509
1022424
8899024
2114849
430152
9377304
10989466
19684189
9816683
10735676
7737223
3785596
11210825
17985263
7137027
16404641
7611148
2108635
9813567
17643409
17524235
8044819
11085197
21160754
3893330
9798520
2326837
123074
16167627
21828333
17534124
2806789
3899993
10198649
8252595
3588894
22111339
6510874
19444132
9282374
2754753
9488989
1386652
10899058
7832711
1795447
19745740
19953326
10651162
11200129
9083868
7631617
20879245
11174741
15591005
6473763
12444161
16027452
4252244
12220690
4027083
3341630
12042922
1471398
6488234
11958431
10690261
2361034
6410764
6678290
1613278
21391229
11105820
16170685
1325821
12174618
19406126
404902
3221315
1760203
313979
2234318
411893
17718776
7531296
8572788
1476813
2051544
8192079
9509214
17628746
18798357
10554342
17088712
162477
18752918
8393079
7242826
18098098
7069010
9296030
2383759
9368896
15841621
6857481
1570073
2701368
18480422
2151456
11219899
1838246
20008274
8392696
8712222
2816276
7873220
7207704
57211
17989079
16493382
11832194
16214511
10507720
18222274
21906356
9288559
3586307
16160728
10614140
12834157
9593497
8698831
14634480
17574380
7904503
9251511
11694738
11417415
9699374
311613
7547161
15459577
681970
3517371
7568830
2647895
17903795
6689916
12692800
8400020
5060581
11922268
8088031
15850571
9402544
2142080
18927124
7283398
1802667
6738095
12074272
846646
9564939
9441528
20124570
10496194
16418252
7731145
2552869
4080085
21253994
1563851
422960
9842452
17571912
10796211
2999346
7760889
2383938
7099378
16342529
140548
9118141
9549394
8196562
8362749
1438759
8662066
8252521
311793
21607028
348414
17140950
12221626
2616359
1443400
1899761
19426843
20072027
9494506
18751510
6450528
3769953
18519944
10721254
10362349
17416608
15065181
18928167
2299251
3842094
7526246
2181851
11995354
