18664558
14723561
23014737
21299457
20470368
18434631
18784104
18679424
17602061
16116908
19968734
12867062
18548219
16198056
22043322
21539969
19172706
11248153
16211233
16683416
20818898
15850831
15893416
16301597
21699723
21123820
16401709
16338660
19737952
19068454
18679646
16636799
12783380
16617318
17301971
16161043
19774742
19382598
17922091
16717293
18474303
12682644
15154627
21558395
20013086
12783372
18515258
20197733
15473910
14635208
20358148
20444849
21400009
20417871
16265655
11167087
21460180
11902499
19179558
19723647
20465813
20576644
21599631
17679724
19701624
22257781
15073101
18706197
11694787
20599448
20658720
11160771
18230576
16303861
15215876
20525993
17497323
15264245
15512830
18652678
17926465
19562617
20549373
21689502
20480738
14510940
19652577
22418700
22489663
16904348
21676217
15177491
17292737
17824574
21955199
19432022
17656263
16498395
20087056
20012354
15150304
21098337
19461170
20374028
17136543
20530716
19308813
18501069
11877262
18520293
18365200
17213828
16477019
19052040
12651263
19525190
21654685
21598241
20622000
15160966
18037292
22363143
16321825
19946763
12446442
21566432
19579281
18824712
16143163
20809971
20389135
21777350
19875757
16988578
15201427
15020607
18650190
22371319
21894049
17391070
20408881
21483009
20367532
17192546
20010473
12401903
18541900
20331405
17929114
16897431
21249412
17127978
17805334
20042346
20031210
16196499
14746856
12587104
17369574
19381048
18633229
15816643
20378504
16539726
22738819
14701780
20878498
20015884
16796694
19162309
20498386
11987244
18777948
19164213
12217811
12796373
18434632
17785760
15141598
12680177
21810917
21975443
19370807
19698927
21220747
20026806
19366444
17875748
21569995
21163869
18025804
21768658
20442314
18768996
18349392
19943786
19480932
18512309
19900123
20535017
16493260
15074734
19461169
17656262
19534433
18784101
18757400
12957454
21728912
18401416
21086937
12032333
21469980
19367287
15046685
16168515
19064982
17344795
16755112
20187095
19262991
12538464
16632440
19339720
16683005
18852148
20131994
17264298
15946504
17386236
20976730
15117984
20131307
20131302
18942073
21387093
15737014
15182585
19735005
20026421
21948811
20016816
20725786
20683054
18506689
17652060
14760109
18594003
15805265
20957481
20864406
16168125
18978564
15800309
16246975
19701110
18555254
20007927
21768129
18412149
15044465
22192245
12204529
16565971
21992075
17402790
11694791
20332700
16965955
20718683
21690468
18791821
21847523
18759727
15911866
17609876
18188694
20682399
17433551
19571295
11487711
16007188
16185167
17875769
11252888
21454413
17713990
20968146
16098458
22431575
16381626
17470686
15355650
18636661
19630571
11106669
16831025
22340716
18360643
19208430
17824573
15685647
20806825
19653139
22020213
21795973
18031170
21450786
15073130
15134984
20185313
12410573
21080742
11821453
20459566
17101067
20739651
18577740
12509383
17473204
15309512
19728918
20087228
19885560
19350352
21390209
15979804
19461176
12842984
18567837
19663728
15109543
20407241
16651519
19579280
17957805
20156908
18537751
22016477
18606595
12656747
16998931
16378113
18661530
17332278
19917871
11960991
18645191
16087693
21609937
16518826
18073221
20589434
18575832
21641867
15582895
17577021
17385949
12351617
19255335
11899388
15271399
21320292
18602599
19289619
21208843
17559140
20425416
18289826
20166214
18467719
21684583
20038234
17311700
20567625
15784216
17936554
14555307
15973844
20425353
11693898
16649394
17545799
15867198
14515284
20886213
18650196
20124443
17114651
21324142
21750205
21357665
16018942
19915299
17470866
12745647
22020290
20922524
22893052
18650152
9704716
16009950
17983482
18235121
20110041
11098307
15025407
19307738
18450443
22551803
22703877
19042123
17375050
17350469
21200037
19636292
20512492
12454317
12528777
16942645
17459051
19690954
18593226
20138507
12750153
17185463
18854570
15967839
20921207
15838006
11706398
19840887
19875750
16204063
17970610
19479611
19715885
17974556
22442907
22495700
16649393
20685131
15342366
15643516
16494624
10482197
20503416
19127259
17503411
20836684
21641672
21527065
18587555
21157143
20601802
18514495
16131043
14695851
12771520
20973534
16781285
22364419
19708572
20231078
18067005
16728981
23052154
18520806
14768403
19959087
21208847
18781299
19410716
19102011
21163770
16387663
18095077
17189393
20179708
19997960
17390742
12454748
19625707
18979199
19889170
19125382
20389136
20838376
17346499
15140285
17053404
12637609
21133589
15224366
19947807
16009959
17883287
11904986
18570858
12673701
18240346
15052442
20232784
15618470
16638875
18202228
19682063
11743051
16507911
15305194
18452091
18317068
18551246
21519258
16163160
22722830
21971958
20100964
20925044
21174225
20668478
15605777
21071117
18525303
19086328
15994946
18980991
15749638
21069551
21522147
19904537
19401697
21115425
19036692
12973420
18816622
16790518
20716898
18003960
21364004
21342791
16334774
21324799
21156255
20927104
16417653
16739334
19182243
16739343
16482991
15987448
18521794
17263127
19294538
15490375
12885806
17456720
17623954
16549824
21938530
16728580
19732715
12864940
20978259
21953502
15946498
21559018
12057079
14713907
22043048
19620483
16462496
18594499
18082353
18344535
16277882
20922406
19155549
18481809
15269313
16788380
20630823
20705561
19830388
19727962
17218393
15812822
18034598
22199312
22204455
19874801
16009949
11521723
15833985
19774740
19369884
17485899
21709185
22203182
21757767
15314059
19844234
20718969
18554700
17846020
16264850
16446320
20932686
21127437
19496720
17876013
22009535
22035971
19282833
15681532
19289613
21498394
18728664
22915637
17559139
15023243
19052038
11702961
21208842
19887601
16405837
15921308
16467544
16739306
14744784
19626652
21508120
10399623
17114658
21665134
17079693
20551942
18078058
16728945
20975380
21627774
14735248
17786445
18256835
20845797
12938263
18631394
21479926
16316611
19707345
12783379
16317759
21874109
20739212
20981590
20164661
21239056
14507946
11521730
19238679
20943606
19569255
17698976
19203897
18358614
17403535
17761719
19671734
20028327
17970609
16709245
12907212
17987340
17875661
15650267
19596643
15923434
15271393
14676110
15510603
21304078
18224396
16959170
15512807
21523723
21223695
20679607
16501974
19759520
17256558
22996777
20179930
12442344
11694782
18166882
20586989
21450900
19581859
16900530
15014012
21181476
20087739
18668570
17470865
16482210
16845442
12941812
18468824
19837125
19937425
17593628
15534856
21335337
19780243
21317203
12202782
16265095
18401881
15998838
19295257
16627756
19336648
17876770
17060407
21985855
18062723
16450163
20208322
19786997
15477214
16496358
17547474
16861316
15991047
12955577
21188108
19641300
16249644
19117341
20138227
15786421
19579279
16546866
17645829
12944062
15338554
21157145
16203282
21528063
21523338
21648223
14716340
18448549
17888735
19404916
12057040
19006019
19364051
18728660
16971738
12204532
15194824
19534585
15655345
21339742
16170379
11920466
18668536
17566666
22564553
18451237
22154153
15821245
20178580
16710024
22186934
18830121
15902326
18473987
16418188
21279555
20043176
19047110
15223635
17661208
16597163
15198956
18952558
16116920
15212701
11694786
16981668
18346528
21874111
17435540
20845811
17587883
21760961
17330837
18690849
12422054
11167088
19479615
21258186
17673608
18955458
19652654
21761431
17538161
14500583
15685825
19648168
18056927
15726506
22490227
20047097
18974147
18940745
20418097
21556795
15226328
18936973
16266916
19917840
20176546
19185833
14669291
22039084
21084828
19687323
17805064
16710031
19274615
21334201
22041972
16467199
18784745
22682019
20124187
15270663
17761976
11989525
18708729
11768602
12533052
18946061
21424607
18423008
17192538
16601278
21663510
18974643
20204747
20525995
21104107
19670913
15073842
19786658
20189232
20068568
20864916
20124182
20682659
11129169
21577028
21311224
18827790
10482199
19172844
22117530
14585372
18849320
21536864
18437079
18604330
18510377
21335443
15781610
20237866
20192579
20530436
19114683
12480706
21829197
22446502
18443532
20585874
17932248
20836671
20671105
17289894
16157201
21209200
19664181
19965645
20303350
15624648
17614302
16556086
16614227
17095209
19596645
16458110
19369233
19399906
16900856
16634693
16721136
19481800
18990444
12200353
15245619
19011333
21594665
18955668
17179059
15951053
19139124
21210471
20511160
22449366
20838998
10673534
17938482
20864404
11790161
17443738
20855957
21282564
21263154
19021706
14710203
11694783
17849425
18803447
14534335
20877352
20973145
16619408
18713947
11301370
19794992
20071309
12623848
11989522
21997685
21183347
22559145
21569996
18607881
14715107
21688472
21621171
17151364
22393084
21354617
16850124
19920114
20628810
19675448
18780693
10676565
20072827
16170366
19880777
19188713
15665100
16150805
16137435
23084528
22665533
17972317
18607391
21479663
22495699
18315935
18077217
17936563
11919237
16110036
21129609
18715642
18234488
19628568
20015594
18418219
21558407
16001994
16361636
19179904
15490373
18052628
17557672
16414236
22058262
15639704
17922620
21074348
21314483
19188136
17099615
22124364
12916883
21629637
17563075
