11871304
9065636
12241108
12635350
2168126
2106253
9454252
1841737
10093594
14664280
6832464
6259915
18450960
11579241
16638369
12960536
12746667
3518384
7341550
12728288
17081230
8202336
3312672
10190520
8656507
17053773
1991209
19229528
9530544
8228366
2512573
20079322
12907346
12410324
7519538
15807715
12503925
436602
12010287
10875066
1982210
8545989
10802000
16691068
9765315
2149476
19650847
18095162
17264426
6145028
12525267
2248031
15789920
6623275
6649745
3433729
12837574
20209352
2457878
11039841
21449626
7973003
10907954
7755948
10710206
8980862
17221835
12362582
1924244
11365644
2486551
3136631
11030376
11364721
8395916
4028627
2532871
10648940
16758738
1172464
19222503
8446138
6429021
16878389
21051300
20685492
19556259
11952769
15712511
8724042
19646245
4056314
21059275
7774515
8795596
15824513
2890242
10516703
7915824
370675
2659103
9518239
14555583
12068744
14578686
21240685
11223313
21308557
10397562
7483722
17657183
11472354
8022538
6083611
8338006
7733785
20214591
11590517
16455348
6399954
18364718
6138597
20174498
19202621
17241570
11721223
21342052
3941767
17627507
8515098
11041104
12370999
11716241
18777505
1669570
6422821
9162458
19857095
3971519
17684720
15117306
4046618
11967034
6587517
19340901
21144220
12861852
19807977
10941545
11800293
1318367
11036492
3688677
1799467
14616168
6168599
7746947
3455244
3144163
20509981
3317736
15589352
10576130
8043734
2666339
2375237
16900856
15732735
21471106
18695796
966917
371597
6446446
16262741
8273729
19289852
1755171
21982419
17590885
15761382
12175273
9553430
19580197
15918295
8545745
15658884
15796091
3147809
16241090
8974160
16448552
9019774
20851682
19033818
18350627
8302690
9121988
11715876
3279089
3535594
10427511
21767296
11122759
19886175
6878733
11707042
17883288
12791099
14763246
9107431
20128343
2111106
10616910
20948824
11018854
305111
9642842
9171706
22051621
15464923
6193576
12714
9380266
8202335
16787439
6475774
7089467
2077735
20934625
20214590
2175662
