1796197
15691241
18490316
10344052
7814159
10441974
10684241
19168239
20013700
21302600
10193391
5551241
1389764
3768215
21446386
1494761
21600062
11560081
20156979
17157396
3416570
9097354
21395476
17986125
16243877
861100
6240029
16584369
17188376
15850270
2562442
19421665
18176395
19591690
8831086
8370433
18604738
7555629
1570752
7444824
17715170
7372047
990160
1446875
8795478
1389249
10319059
8076503
12170919
18255171
12380731
17428337
11573554
11316105
21685198
15218994
18163145
2789966
20809053
16276019
10362063
11835109
483214
8306901
6695354
19389745
10546481
18711612
20538670
18076548
21478380
17023079
12812133
10957838
414773
19402839
18355355
17675317
7767575
7956789
19740262
1685662
2590591
19126132
6813017
15182282
12149531
18460866
20058507
15894751
6790260
7841977
10926343
6515001
14617262
18296395
21593063
9623705
15316206
18657065
20956132
21195036
6641757
11832616
1428278
10878194
10230245
19014715
9159540
17203567
1800499
11844125
7742820
18176391
16225941
21161428
15906110
11410579
20700565
2281912
11129920
8927553
20407378
1492217
17587419
20545962
20024478
19157590
10695535
19644622
9727799
20956117
16374737
21482091
1396128
8280518
2065417
1836035
11464077
20688021
12473952
18250181
7444838
9401366
11056785
920265
21693079
19377418
5100497
7333234
1820999
20495201
14623788
7470406
15597252
3933130
17588818
8010165
303135
12421240
16215530
16055884
17475117
2803414
18080991
11242618
16820749
18511641
7071791
19581009
19349852
17483538
16287739
7669007
3880931
