19213492
10998226
10492914
9213800
19485924
17184984
8253042
20797987
12010082
8041994
20087453
15643462
4072313
1755560
8100289
16763481
16135733
12872150
10201029
1924978
12076113
12723658
3113825
10200814
6151472
21395476
17728121
18307851
9158252
8677360
14735178
19069350
2562442
19649542
19591690
17711963
20871021
17033609
15827372
7756068
2133612
9926299
17444830
3732080
16084254
989673
16151886
20407787
21042802
18600615
8018554
17926841
17635472
12135822
21324979
21302602
15362084
410619
11412296
17336054
16197851
10436192
10086126
15832957
14997305
9340638
1335332
9235705
12647586
11334122
17701886
9651571
20663141
20855439
16949265
16428090
11271083
7820384
10488326
18363899
7824467
9717012
6498109
17644718
9009566
17336558
1123883
8491524
12570114
16376611
9775568
15651130
9156074
12058634
8592247
1924047
21622587
8250206
20845505
7489576
18685348
2365507
15603400
3832200
21329543
15737560
17007645
15727053
10878194
16573357
19761538
18276620
9097239
1800499
11307741
10877029
8554278
1979241
20503832
15266858
11395346
3948710
836051
20187489
9447388
20569877
20799555
10906025
21943532
8905936
18386030
2223124
2632169
22081925
9776120
3513808
2617047
12862109
2634677
8398871
19297049
20688021
8216082
1972634
2344863
21388992
7857708
7927122
19037891
18204752
3671277
17298470
1410955
15013037
6458628
7767100
20156407
9499814
16942867
15597252
19811180
2624504
19785872
8568070
21868477
21365251
9543272
21119193
19138396
9655006
3556202
11972521
3149103
2575367
3952122
12084002
16870664
8077885
9926152
19172697
8022724
15628041
19987027
16031524
9640377
8489469
17715163
9417705
10731173
20056733
12516234
6352621
20450235
12243888
19946242
11461069
3551784
17959636
10637776
20553572
11835116
17620069
10653044
16629951
8899079
15832991
18486741
9151515
15608765
6213492
21650069
21067906
19953046
12137716
17715170
17363238
10908271
7833202
8165893
2817941
10594565
9551746
1389249
7941660
19233672
9350705
19286423
8031691
17578573
21783595
9135489
2259940
17600878
6229263
16955361
16722155
15625582
19074931
18363188
16172773
14756205
12554899
11197398
15901361
2809502
17915416
10464847
18339501
18949167
18203818
17442449
1572447
1081766
17172184
19203989
15018131
16696530
6515001
15842802
12660009
8081072
2256016
5314264
18296395
10081313
20447158
19134192
20132578
17962891
18811884
1645584
12714028
15049881
2251580
9817146
9563163
18947462
8162997
16595563
19251802
6861922
15994398
8834342
2181755
18669792
12137617
3280362
17484630
19175596
9534336
16219955
18355309
16916400
1308013
9749216
21728159
17312651
21426745
18619884
18975241
19863363
8664961
19137503
21302693
21992853
8052587
6628527
7235207
8016768
11830421
10935679
1028635
17530486
3801331
19725006
11735654
9082502
7259918
10341918
2691278
21737548
16032124
11056787
15737337
14636085
9691413
17670620
17262249
15929512
12945946
19758423
11207002
1801675
15489559
20053620
21719481
15740178
8308755
20804518
11866004
1936008
287460
21600062
15383775
8586086
4060539
7758572
3544209
19103342
18788206
18642511
17594187
2349433
8511124
7444824
6526579
3987777
17952148
7610558
20163987
17598329
16042810
8108777
3907738
16204588
21498082
6672230
9194272
12142200
8839727
11853012
3478430
21515213
16730967
19052916
16108532
9145005
452322
16820321
20497674
10648502
10976085
2101634
15264983
17681463
2193840
6393415
17331969
19304806
3370744
15618076
15106003
16172772
2298132
19930859
8081705
16901066
16696522
21448550
12728159
2062407
2872153
15495104
8519074
11986906
10377201
19423699
8303806
799979
14503383
19915998
16042790
17918290
17654415
2595631
8763009
20946274
18977645
11360813
2456177
19344515
12822846
19644622
16599263
2168195
21482091
1887130
2008973
7451914
18713510
12092229
15691221
7985282
11209104
19699653
354845
6541894
88897
19377418
10701230
1866394
5639925
15287277
19032765
7289936
15254300
14660814
8460968
11188057
19524805
15357378
9770050
19643948
19581009
18774314
15090669
20680680
2806716
9885513
10923770
7798364
16423214
19274446
17587276
12844017
8777960
11804681
1869002
17881082
3321537
15533254
18198755
16221271
21526617
3169213
9157451
2096451
22071819
511221
7529103
7988374
15994253
10433039
12161705
16242192
11303413
19401697
21658327
16243877
9863992
7123564
15701216
8977966
21892102
17188376
9387958
1299395
17007064
18262454
21843846
18604738
7555629
21559017
21092722
16131526
7372047
20809126
17070614
10573244
12170919
2367407
6364093
7324772
15083748
21685198
1179317
19604399
18685349
21345841
9713447
12572718
21153667
8925761
10546481
6217432
21507742
18595636
414773
19747558
10492428
12908343
3659585
8800988
2962220
19697100
10444953
1361134
1354616
20683714
2767847
7835023
21404123
17021133
8677359
8185448
16118067
2727456
8336927
2827542
9580805
11980291
9241539
7971804
17900244
2514676
11750842
15618036
2515273
14755973
11268889
11129920
15520035
9543287
11574196
16035565
7555660
18465754
16869459
10788976
2074451
20545962
11561873
20442164
15219265
12511713
17147086
16416386
21946406
19859637
9042655
8893386
12677950
8210297
4072312
10624762
15621470
21232047
11589344
2792116
21488179
17288170
12868189
8287779
21447210
18446266
20694763
21686949
7470406
10543269
19076771
15276129
1320553
12696705
3620228
21074989
18080991
12735671
10945376
15933815
14621091
16820749
11809609
11493227
16022149
16172832
20961274
8386917
707790
15942841
12596669
3880931
7545431
19484955
19100331
10506841
11930021
7569336
1953630
2034607
15905081
10907949
7970426
19673982
17910850
15802350
8729998
21679098
3768215
17157396
20522841
11887619
152276
18685403
15332388
16942455
7543838
15966613
19666366
10212116
8638326
3214447
9136216
17380925
12365182
6224147
21357924
11491155
21791539
7558108
11774774
1327569
9663548
20558463
6239601
2737690
2272189
10808738
3433235
16264046
12662004
9011909
20062703
6241013
7985256
15684306
17222255
19992357
2487729
9886706
122335
17023079
9763919
17603916
8466237
19547903
16839814
19272084
6988173
8398331
11825741
7426367
2196555
12232456
17081915
12779172
11258488
18176623
7156927
8737129
21195036
2474072
1877914
1509234
19774475
20151346
9646401
7740742
21215949
15996776
16245992
20073377
2070388
6352635
2174497
17402654
2311723
17034542
2268224
16825878
15562564
11125891
18262453
7785003
17929534
16446316
18484798
12757552
2807609
18569648
18310400
15186544
12096205
19336595
878912
10843321
20858092
16374737
16714758
8606218
20525986
12061300
8199661
3049146
15994268
20409194
19051479
17604265
15968762
16113182
12812135
8447606
21810145
17174062
16809414
20627608
472671
6859496
14663401
12417865
19443519
15941658
10684752
3667038
2238205
16175067
872746
2066212
382162
2638664
17299662
19462352
17188853
9651570
9701445
19558832
20578404
21353517
15630846
17992567
18573745
16916005
17261579
20861294
11261132
14738232
18490316
21611588
2574049
18796376
17139788
19091536
8568667
12488515
11595602
19776222
9835712
8836674
14612606
20156249
18399862
508457
21219266
6347233
1211215
22123152
18310399
12094395
95090
7905953
10070884
21145659
20975796
22099412
17116356
7003796
16204595
7491722
10382239
1057912
17533598
8212042
7111677
11421503
9857566
3890926
12234652
8991474
8016767
11853898
16457715
20210773
18760583
11867831
19717851
7244920
20236849
12607421
16962242
18253680
19709820
19402839
8370426
18437526
8903838
10378323
7649422
10431556
11531318
1131628
11817554
16018795
14577748
3187172
15587739
19538754
16482467
11001077
2376444
402257
17343231
21938352
3714756
15911948
18801028
2835850
16423212
21881143
18670314
14979503
8122016
17312436
10561993
17587419
17304441
14559136
21970081
17441571
12880395
15353901
1145536
7816967
8280518
11968583
20131946
20379051
20227564
18250181
9455823
10711271
1443813
15853435
8893636
21253452
17131261
3589340
22082049
21953431
16308544
17900919
17925676
16540499
9842397
15691250
343487
16866655
19565456
9285032
15636311
15490712
3707789
3242379
8259364
14607210
6612651
9684963
19858350
2367451
17877133
11814324
7603375
14573713
20122250
19477090
2508599
17222544
14532959
8037448
21624101
20191816
6460220
20496335
16117392
2318227
1325174
18589294
10783937
10516705
16146977
12052807
10678648
19024067
15128695
17670073
7880091
8237151
21672469
17939864
1412112
20003691
17416550
16617635
7921521
16825755
2004391
8447020
7991886
21398433
18811890
17040211
1280099
10092558
7496000
7795264
12083991
21167442
20232765
17366010
8565001
17506903
16092168
15081326
9987483
15641953
11488336
20116231
3391333
14713977
19636518
4043883
5077475
15316626
15771030
8909028
1195054
9036508
20001486
19543172
19926742
17900886
9202563
8758244
18713090
16083021
1675606
20224656
19685355
20061208
19125996
8107624
8151270
22072165
17163246
9516763
9196617
6463349
8451024
17639442
7736958
7443501
22055005
10926343
8762230
18218137
16038761
17954952
15059020
17062658
12668795
2638659
8704860
2112518
17403000
20298386
19996334
17144398
21161428
12105683
12113387
11810372
8488769
5303664
21627881
16499728
8927553
10210953
21722451
20024478
19817998
21199121
20529781
19099560
8996059
20406766
11407214
19445448
7781511
15714933
7809892
16771916
21771378
16204587
12867568
3883838
3378011
1857688
21629203
16555702
20610072
17588818
11505713
20843469
18074730
8318604
11412752
11302285
8491301
12174115
19786716
8223815
12587969
20393960
17349773
11585150
7660336
1259839
10548865
8280850
17074775
15691241
20584051
10901862
12487008
21145353
17456227
3166932
12648074
6178701
10457739
16463228
20949733
16618022
11488328
7670622
16509172
18674877
18627626
15081187
19047315
7993818
11379437
1935645
21980669
9860817
1827588
17314112
2894883
19210653
17519810
8009657
1604147
11358403
1360558
2513594
20069929
19015642
18854058
2111688
17595658
2572978
14533463
9792350
10769726
16466609
15572529
15950147
9151531
9695519
3563337
21853003
18084726
21196119
9864526
9258419
17184783
21879778
16629856
11584114
11022988
18985559
17239575
19566974
8809522
17454939
542828
12358330
20931519
18946417
1756543
21972718
17235513
12243319
15291898
12845623
4764291
18804360
8182784
11770202
7555661
16312205
7444838
10637950
3600457
19659651
2442560
21231792
8153946
16123821
14623788
20674068
9752026
11772145
18057095
1563509
1462582
16215530
8925539
8866626
17298457
7917912
19481041
20181575
16432102
18266615
3420560
6149531
16279260
1183326
9368665
21808460
17174151
10344052
21331640
19378233
9596135
14582907
21913432
16971408
18027068
12898969
3676030
20482901
18996048
16954459
15850270
3607563
2669222
21684204
2812114
1709308
7531359
9426087
17665767
16686949
16477288
10092560
16135172
1499539
20952174
8558864
7156928
18624008
16512847
12212960
17963527
2246205
8386025
3260798
2031047
16650744
5440520
14606285
17288687
19238738
695788
10808210
2970413
18821501
11871364
15978535
11472608
10701714
18678567
9272939
19597892
18778120
16816587
1002100
16169290
266763
7445939
10086124
12804447
18710575
7619569
20206060
8313489
20058507
17902530
3886403
20559475
15323273
9586157
11075252
19533088
1374929
8497965
9697453
7198166
7824480
8223241
8766189
20558853
11535970
11672457
8269464
9391292
12427789
11856156
19804963
19421095
20951018
1958905
2876233
2006029
2193839
9727799
10232448
1346268
20869809
12067684
16275101
18164888
21954405
1661702
16634345
93377
17824295
583589
8693617
9568347
18656849
3272246
8261943
18508819
17875061
17931382
17268367
7802979
21055382
2340894
15923248
12421240
8131716
2803414
15640333
16723244
7581118
1515356
14713181
2284442
8451493
9458416
2282893
10832657
2785973
21549906
11268904
18711613
8616414
17470482
15460201
15358843
11863212
1717067
7589409
1975851
8882379
20207125
8725993
10336812
6860510
9097354
20075045
15192539
17470930
21421534
1841740
21330029
8370433
22027164
2467645
18843713
10209082
2166983
19702680
19386694
16195996
12358325
18513842
17112715
7170582
21119511
17268371
1136850
21122509
16365687
1306635
8235359
19389719
10739733
1395447
8768293
10562879
12737878
20570190
20538670
19293199
21908497
18684792
1699254
880406
10533673
12955252
15523547
15459139
8786618
10048477
21207735
8874117
16623972
8434357
1936224
19330853
15070453
17822253
20298292
11426017
15764270
8866608
17609060
19864155
3620253
15319247
15268649
17244379
17884721
18439335
15771339
3786924
21185591
17017386
16600075
17512766
8401344
7526480
444166
20700565
9875117
8055996
6340700
10829962
7846985
9387976
20190332
16696526
2246984
6444341
2821643
17244078
12473953
17697768
18955432
12890257
19210652
17116422
8665982
16463249
21393197
12693802
9885184
2281961
1783080
20561480
17553387
15955148
19529991
21106137
16297142
7119652
9412986
21523316
15333859
20059875
21319592
2130244
2282921
18656093
18525091
19648223
8300176
2965595
3328191
2281960
17138679
10028339
9545735
7168132
10441974
3055147
15803537
18963600
8682022
19282342
8693284
17694317
21351671
17686092
2900127
3538995
8959532
1280178
20648405
9397040
17058462
18268490
6115999
16227935
20350989
12974096
16455301
1711962
21474024
15012920
9230251
18713091
12872580
19009665
22015084
20217166
15533118
16688981
11597664
3158563
20514390
14961444
16740173
17694462
6239159
18018751
11867836
851041
19878801
10829148
17309176
21478380
18760965
11758683
15859524
19642434
16897630
20505024
19178710
7925905
14872116
1006227
1783076
2590591
15182274
11923552
8519165
20878457
14558733
11555387
15722248
6790260
11059036
11919015
682952
9817168
9727787
21352270
6874243
18227889
12492462
15212597
9198832
18276724
9375750
11717014
9748743
10065671
7074972
3490060
1783081
17708460
12054148
9424403
20956138
16495510
7871703
6149530
1840360
8718424
7440043
21301959
21818391
9327637
10709901
8894003
18619828
9038798
19483053
18549071
18216058
3230472
2065417
18599137
12862111
21803755
2703043
7514490
21382130
19543171
21693079
10916273
18338547
10920851
15013587
18940751
6665751
18210768
1390371
21271542
15741445
9062020
18192814
12715285
21063640
2481893
10816063
20113757
10191929
1888522
19383190
18458712
19539455
15032086
14634185
17786138
3041498
2068695
15373334
22135755
21034456
20735508
14712894
17297756
16776681
21277481
12489741
7533334
20013700
16481381
15941513
19843421
19915229
19212290
17103345
9488772
17087838
20184699
21853004
6609516
18693003
19785823
12403887
18946779
17881207
11316105
3020641
7899380
8757511
18766772
15911951
15297895
10519185
15992321
21482331
12923030
307283
6228949
15641243
21626767
16728756
7041324
18338543
11696027
9137299
21519300
20413545
16868020
21416409
20712240
2719444
12728579
18337077
11246061
19126132
15640320
21251058
20562453
16622582
22059287
20509928
3045952
8571174
16541166
12012961
19946550
6749330
17459045
92669
12729778
21325469
19540602
18541605
18242069
7281087
1411318
7185041
22039859
12495106
424966
18799061
20170532
12971882
1201272
19364753
17298468
1349992
12534101
12473952
15807968
8182404
16786796
6495242
2111249
20949772
11432232
11529283
12148602
15072175
234837
10782941
12587045
10934938
11878268
9701985
11516072
8401454
10948673
21549672
14677475
18182991
10743033
16805337
21214293
16351703
19349852
18297168
2741623
16962758
14575220
1169870
7491553
9452775
1582515
574624
8117550
3823635
9155683
3207074
9206903
16762542
2759109
16946097
16236492
12390053
15973515
1243243
8080230
19464876
8869092
19127319
19521117
19720608
16696525
7515631
10197224
117868
14996110
7772247
20199994
6789704
21299688
7277370
17410011
3841057
10600663
2285383
18684149
11517143
1908384
16585080
14978892
16493991
10362053
15083625
19174029
15835337
2095165
18307766
20227733
19543098
15255469
21890469
21129213
2309225
18294832
9298506
11155156
7510637
21545069
21854690
2633886
15588040
11778796
15570267
16176860
16980747
19675518
8472706
15717809
20139439
18817601
10409475
10418720
10713468
16225652
16987114
9387952
9657572
18019651
15053275
54581
20061773
1914474
15828588
9796564
21738874
15036731
20882300
12623360
19785875
11863352
3415614
21789355
3318971
8053295
21756338
16225941
11212465
19375051
21802921
3590054
21569472
1759917
17447211
21856998
19074784
20050815
18343993
8365760
19169082
8711660
1332176
18838310
17320207
20466530
2754681
3665952
7506176
18775081
7610383
2145235
21435203
6526041
19946549
3230204
12213666
8664035
1211033
1585282
18546953
8202902
9490825
9751934
16898303
7197406
1791260
21253287
18074722
1755582
2247378
20415993
12421247
1615189
7659130
10949874
16055884
7839476
19368417
15990328
3686503
8676721
11027120
10439098
20178304
19995653
16772388
15999161
11512283
11130121
19329178
2002472
818704
16287739
8044240
9538454
15123230
18829675
21742235
2864989
21132317
15915169
19077251
2183868
1211960
14569717
2703142
17212976
18310669
16055900
10629667
17049635
15904882
20156979
10926342
7238667
1882160
651464
8010844
21472192
2166885
2777873
1549826
8756777
9021108
7746914
10394839
20551155
3384246
2021988
18719948
480916
7521612
990160
18685401
16856012
12403875
19210599
2257859
8927608
9752067
9154675
19896353
3891710
2882288
3147048
8306901
9230250
8067911
9374387
17453108
8736654
6868345
18408787
9422155
6695354
17444325
12148398
11916056
8875378
935142
19892540
15151949
20842324
15801623
10786982
1547416
11233189
7701382
19879199
21295457
20051660
1468862
11083892
18991240
14514944
9623093
12627080
7873483
15243848
20956163
14534067
20128887
1013940
7735872
3259778
9673756
21501268
16249807
18181055
4076131
18417846
1609380
3653355
17691447
17343136
10921400
17095570
12720509
12030735
20144930
15803536
16162404
8958897
20471837
18031137
9701447
11933559
15192166
21715595
21605441
607090
17217314
2251432
3473580
2553335
19854285
1695082
15264484
2580545
9812255
6449915
16250712
8695266
8888163
15999936
11417254
1890637
21866242
2859255
21295205
21388968
9151522
9819767
21128560
9618641
9738390
15323175
12481879
10763175
10377208
2951816
21508066
16563104
7814159
11919016
8076115
4054492
19632127
19801594
15006126
9186989
12464134
18626635
17127912
8670541
21886661
18418804
3718884
17144916
20364615
17652315
16621389
12755935
11407203
1296259
11488154
7210447
19403391
20640150
6238298
8488629
8684867
8442919
20100142
12433768
8052594
4077277
17987256
16701766
15737223
12901808
2781634
10903655
16934420
16935035
15949201
19546508
8429295
3078423
20091577
2932704
8594963
14655290
19393498
7767575
16540501
1217427
21482338
11422480
11829729
8928424
15741446
12722405
16617741
19048769
15170026
19341555
18394012
15298493
1492524
15855180
20423366
17138678
6722054
18840221
7894990
17416147
8796237
11251623
19476601
18843927
20492718
11931405
16164080
1577131
7487763
1492217
17181984
20564907
1782066
8056218
8650894
15674875
19042926
6571582
9857924
8488134
19741023
21552646
19207122
20693243
9747545
21565913
11393350
18694498
20495201
15054949
9805764
10748981
20728811
10464889
8787110
18176394
3130817
20411057
17286723
20144244
17962885
11133230
969699
19727634
12555464
16769715
12807847
8600651
10858826
11097106
21884667
12449163
8665829
4035616
20546191
16041506
12572899
15985820
8346375
19896896
8671102
8705765
21760805
20335435
10900620
14631260
16136816
9400684
21736094
1926031
9043845
21686645
19897554
19056312
6571523
21482345
559878
16893638
18715967
12436370
607112
7282111
7656836
9748878
19798518
15260049
15554601
16844417
18359215
3769881
9466030
9677636
8587322
11255856
19879036
2008746
18053022
17378130
9072488
9589845
17631047
16871636
16730448
10091512
16273861
7886915
8131763
12061354
1452796
2735573
10515429
17523705
1821324
11190418
19800698
17557772
15182282
12163218
9338055
14617262
19854525
15920936
11321172
15623168
1527156
6641757
67649
8797966
9159540
11264764
18088040
2635926
19659492
8976812
12130734
17274522
16181287
21844176
2870549
1210466
11258255
17550673
9764935
20104700
17203127
11911295
21111281
6435578
1902974
12243371
20547034
21277480
18814089
20565496
1122862
17978157
19515547
16482641
3604840
8708495
18646110
10654806
12948505
18257817
21646673
16802735
15047994
866684
2514675
15223867
1297050
10703727
2573028
21422034
19719034
11845561
1935652
19220225
6426072
21228079
18202853
18603969
2396230
21496436
19192230
778563
8296146
18685364
2262744
16921070
21438951
1411051
14582919
11402656
21145720
7789496
15257728
11715594
18287801
1693070
10684241
14601945
1509194
21302600
1798038
8717171
15946614
11905226
21497725
3964498
8996058
9608986
9476073
15920937
16911254
15250751
9677638
12108855
19963436
21591592
17534659
21244668
1936035
18572079
3092774
9371166
9827252
15338791
10319059
6647749
20476588
3176055
20582892
8080222
6844471
16803648
1862565
2320783
4072441
19846308
16232146
19081729
17125042
6892173
11720430
21302508
10845434
10957838
7356091
8681315
17675317
1322873
22008155
20595485
16377009
18338545
3170104
9151523
19507808
19423205
18197922
12153691
15894751
4079624
3131733
17924237
19722133
18579544
15226698
2739779
12869229
16928706
19014715
12558465
16594223
16681886
9551723
8947090
8828017
3107080
3780469
11529973
18716777
7099692
11555375
17313629
21691403
17439935
21111273
10404493
18408968
15245813
17233651
14528157
10408668
12417857
8665817
16246607
19243521
1756694
16284676
19210650
20228854
6754413
8266626
5100497
8762406
9616354
1419097
7493573
2015167
19783544
14569530
20136641
9864610
10078088
8010165
8099320
21838199
3311120
20053721
8793457
20525717
1908604
7483975
21630225
1412121
12882457
9924457
20490437
10900677
19087222
11850976
1344053
10509156
15250458
17633322
6108265
7610738
1942748
21900299
15176691
1389764
15175777
12854271
2951708
20857337
3416570
16025753
6374678
17670307
18059655
2007378
18490280
861100
9767618
15002310
14987580
1665245
1606030
17663947
9730847
20509551
18689576
21302668
19369188
2365041
20201181
18609201
3795322
3582192
19526938
15068130
2727371
1345150
11843327
19069680
11804694
10613058
16334151
17929531
19926603
21361105
8838117
7530984
1829669
722660
19052046
1997106
10204655
18076548
642944
16707516
1884718
18355355
21722544
12417864
20188301
20051154
15109890
19525245
11072542
1086471
15736501
3137009
9150327
862524
9009997
9493669
8553268
11972944
21680304
10858825
15250222
6824595
9196626
8682023
11064783
15932469
17184981
8836661
9863999
21214044
16404361
786682
17188486
20563545
21329547
17508948
20163749
7782142
10639526
18831711
7847756
16982808
19713006
8710821
8266158
18951036
9046136
16610649
18343197
20053271
20522847
17958016
17603777
10746055
17052303
18248574
12433764
15754637
12951730
20378599
5353432
15884488
21447873
16092170
19485946
20565728
18306904
1154981
10724873
7970026
21046530
12755239
15149520
7456683
2737768
8500421
7836090
12608440
10763554
15218995
11706146
21338424
14710982
3954907
11219820
16336289
10922150
16882127
12037229
21856999
10207593
7484482
16555641
21740140
11505751
14671471
20920127
14528169
16432996
2851161
21717052
19377383
1677483
10856312
11560081
18685406
2316433
15915170
15208080
12715908
18024264
2156688
8124905
16761230
18385173
17919211
7957390
15078500
15131745
15313363
16904089
15636842
11194663
6311605
10965736
12431473
16328758
3660309
17500020
19515720
20806820
11038033
2520343
19228428
14713317
441698
21928074
3546148
10639764
883758
9810761
9503186
19330749
21526712
11265555
16164475
19117742
21686529
18803556
11048343
1685662
2293135
8327008
10431856
841294
11899690
21482339
17515278
18288046
16417608
9858950
10230245
17352089
9595239
11192955
19953018
20524714
15955146
16946601
6127891
8620825
18563686
17543003
20815858
2245052
16452598
16446322
7744195
136813
19125825
6433533
1694593
15015232
20849314
1034015
7570411
8223738
10560126
16978561
8324204
16604026
17304381
21558137
17301625
9805213
19755307
19785818
18579541
7414062
10780754
19740260
2687898
8947805
17484634
20560288
7017483
7646275
11449611
2714912
11084880
9183604
16264043
21672085
9507774
20669821
18781236
9877477
20439486
2572251
17458565
12326933
19128520
18264648
1796197
9519188
6248953
8620959
8903127
7480977
21693045
16732865
19721482
21489315
2911457
8670523
18557952
12148175
20146957
11421508
17099078
10483278
9373577
9487295
1521621
19561280
2845198
16915788
8795478
11305386
2939913
9273449
18255171
11392582
10971390
17850987
10957785
16140232
2145236
21127763
9857947
20597959
8401925
19345604
21843836
11424808
16613295
19040062
21534893
15504763
17967821
16697084
11446318
19165447
17874035
18082438
16605068
9496609
11208446
19142557
1924973
19052054
2152022
20470372
6836427
9676355
7841977
21742242
370171
10746398
3313649
17291222
1801059
12442235
1577027
9410301
2622877
21074632
8909022
20859020
6776586
17973227
8056015
21984463
18799505
15906110
7952369
16480333
2663487
9526491
17062444
9287263
16701658
9494933
7908763
10325829
11845933
21569434
16467067
19443533
21808956
20886200
8568532
15460205
20458868
9182380
10856315
11464077
19237088
9713487
14498755
8373320
15298058
20956141
11905549
6179435
11218563
2377376
20346431
1820999
1936229
15985306
17126890
7661815
20151344
9072981
16298519
19261085
17582051
6113803
12166328
6132832
20302639
7719257
18650200
9670458
13677325
17459893
3497107
11785598
12161698
8339803
16507153
2857224
9703637
20919824
20965709
20838715
461330
10515404
21672375
1155901
16055626
18210297
19725904
19029052
10193391
2096416
15481567
17161316
2617633
6719076
15521474
10214366
12911828
10074848
12939707
18398787
9886696
12958667
10603630
16091760
7751668
6654958
15992323
882944
16701659
18723866
2367381
8871002
15622345
11167110
7595166
8565937
8076503
8836660
12380731
2044549
16359307
19505878
16978923
860382
9445936
15370730
799406
20191299
1883297
147824
17523776
11496720
2256012
16120522
2399356
16329349
17040934
9259077
10464862
12730727
10746020
3726417
21177836
2734913
19900802
9919835
10893890
16270199
7695681
7825165
21621650
7433774
3630455
2763260
1492204
1428278
11061954
10786415
18448508
7875178
18711614
6821608
12916695
21378105
7268679
12910107
10849147
195168
11866001
8977603
9861808
1228092
16279153
20880870
19010994
16274468
14978386
3616491
19560330
9228693
2370908
11771497
14969682
19896258
15358689
15315030
21795306
11200010
12728160
21942078
7664853
6497804
17667032
8305123
22021874
7396174
920265
7333234
10414229
17929716
17763812
12449166
19570053
15293609
7333004
6755319
12195835
11314826
19386067
16503742
1394374
1726512
11242618
11810376
3908132
18077210
7607059
3830707
1527465
11675905
3139446
21778793
15276133
18991674
18986387
10976154
7864548
17438708
2291338
12709857
18766519
18784144
9554899
7731407
2065416
9616516
2550641
17704125
21159417
21733341
6784683
17377689
6240029
10809867
8584533
8882120
3563788
8825540
17095299
11936528
9623064
12888815
9488892
15521208
14574769
9259253
10457125
12645908
6719472
11917513
21511742
2350379
19928664
3449121
10189003
7818745
8765936
9658997
7647738
15977613
18181397
15901885
16916008
19143270
9778494
22054335
11468904
18356349
1858086
15471185
18222683
15002246
19540142
20217379
15167189
20193993
7957828
11535971
18581147
11510809
15751810
16919926
1035113
19812054
8562235
17587412
3264431
18176391
15847105
20414927
8080679
17109675
3622660
6792694
16755421
11589347
18565211
8069995
9243139
1557759
10386144
20925450
673808
10404488
10721644
19383068
19537837
7426359
8440161
20551254
3403137
570727
15767953
21292609
8938579
8612661
11234985
19892088
2924519
17475117
16816588
7412101
2728033
19716690
7646269
7071791
21440503
21838196
1788545
15993397
6395443
3092901
2626635
15572536
7286021
20055724
19953015
18265898
3778371
2209023
11292103
3775179
17428513
2376451
5551241
17990150
12844024
17133786
2055669
16913173
14587421
9459413
12585598
20230403
11338788
8831086
21067700
6653692
19664240
10378330
20346135
1532440
15353049
7170272
8745958
11857004
10421984
21866491
11398911
17537776
19469095
19623684
8120523
15166466
21943540
8773869
11573554
188100
8983896
16439148
21398686
8556556
16506
8296259
9855090
6407136
20723142
316655
16032341
581992
3533591
16227326
20732868
8334948
21623919
1459667
10846841
16700470
8803886
8162979
10732749
1615190
11738355
6127890
15850267
19712608
1743743
1565836
19576155
9465850
7703925
9054128
10074661
10856311
18646082
3538932
18657065
6463913
19845947
16170537
11412141
19052706
4377278
7267968
6808328
8652243
18308694
7789488
11713359
15563699
1759017
11999006
18651365
3096242
12819912
16055627
9122509
12568499
19076792
6880562
16907658
2803954
15537367
9374070
8398878
18516750
21806798
11028665
11218835
14552088
19652750
11778797
138330
6954395
7752841
10414422
15075019
20497878
21271536
19443528
3130012
9810030
16904010
18467000
22146323
17269983
18424030
11601750
21853008
19741406
6451978
20693249
17640738
20205805
11954893
17169958
2203147
19217765
19199225
10097619
20345076
518437
8739493
18204756
17058457
1957549
120623
10912555
2767853
594246
15002268
9231097
16708213
2934594
12769037
12601267
21943547
1877037
21700071
15757263
10930971
17986125
2251435
16402014
16584369
8763805
2951810
11001074
817143
1382495
12148369
16803936
3189721
449253
20306906
8295579
15992348
2471235
8223737
8162981
9163650
10329097
17047644
17391105
15554073
1694636
15098571
12468750
8642238
2789966
10796594
8882072
7394366
6504390
7217700
20385684
15953135
15838174
1537266
533485
1638959
8980988
16635092
17694663
551082
2815893
15085364
21858970
17937022
17050559
6373444
18004531
7956789
6468544
17539850
18035454
4075798
10188894
1291426
3222762
3663426
8183138
21638174
21985888
1945454
7742820
20937168
3255983
3836876
6678130
7854997
7676414
17323617
21915880
20146956
1903632
11410579
16739523
20335299
7822595
8919163
9150336
21047868
21819737
7638421
18795394
19785848
12027512
17947362
10216381
3499319
2763256
20561484
7875179
19849741
10867604
18214575
19561338
20359621
21686475
18245143
21808939
21737553
7330796
21672933
11016186
17363394
18496887
21397482
1823519
19158125
16358616
16737812
21544981
8193613
19756329
20937612
15786902
17174082
9152951
11487904
3260872
19556815
11829094
3378660
9460572
9785551
832583
8130294
16571616
8979649
7194723
11514084
3671275
9394855
7669007
21686431
17118824
10231396
15007653
17959269
21866602
10953664
10750285
8693210
15523261
11794853
12487622
21798736
1395388
2318223
3956105
7015798
3796366
2402828
6142471
11214369
8209010
18176395
1277753
1570752
2141157
18254317
16962316
17966533
10624768
9643792
15761050
8415245
11407208
1355901
1308838
1761762
18706986
15485473
12425797
2096124
11561874
12449167
385401
8804931
1397337
11835109
17101737
6477784
9297038
17244382
11806515
16114165
18260258
19464841
18622993
805040
18340626
19317307
7320005
21154306
9352608
616223
18161435
17728334
15330024
1539480
19212215
8984413
15482248
18163015
3790418
15124836
16503025
18505457
11130146
15249814
17203567
1789625
3000063
8565938
1303580
21039775
17538741
17605412
7744182
11676042
11400488
16189646
8346366
19129282
7951083
2529643
2266337
11316108
21912825
19536996
8595068
15246641
9578352
20228003
9623229
16967176
10976150
2187700
20515905
1836035
16279397
14658085
11056785
14726978
18005378
7802529
17163283
9360249
17347171
3814535
19659830
22011926
17666319
11405996
12833999
21678708
8289011
1793697
14725138
18721912
8236071
14738249
15575793
8793260
15927333
17483538
21477298
11510808
10759463
20875099
18521351
20656637
11303856
11394342
10899655
6366946
21378638
20441698
7126440
11579884
17258820
10845436
9562704
10355429
8880091
14561015
19588356
1554974
11825738
9032521
20569882
6393971
19421665
17392398
8767759
8179168
15940436
1223866
12838299
15909012
9404315
16539180
8869866
6817776
11852585
15058133
21042697
12145673
19462358
634205
3609189
19815674
2631891
18163145
16995416
9068815
1409196
10362063
20630031
21526697
3133211
16255499
1837744
2415203
9577526
6642068
11321752
19026756
19344044
18711612
6373344
7868878
2047238
4018951
21273391
10639538
8912243
7778075
3668915
19716962
21888181
11985002
16037901
21367594
16899175
18044098
20522845
12202326
15960135
10063433
6813017
18245142
8479385
21309488
18460866
19586584
11462065
17785133
20726209
2632560
17251227
19424670
2667607
11317643
21227672
20411820
10370384
14647137
17488144
21686993
20306409
15540668
2760529
15765754
19528166
8628568
1005261
11887972
21357888
10086092
2322974
19447015
1252298
18061472
18956220
11826555
10808385
2679605
11475016
3706962
18047456
10773908
2298454
18346096
9592755
9401366
8290741
9926165
12916087
10771561
2594395
21349915
2818968
14736964
2547571
16455829
2789911
6479040
17600295
866574
2238169
16493989
11705084
15343272
19172836
8545437
19890584
10417942
6363154
15301561
14720242
21793716
9116251
20695362
16862462
1466120
16022144
2413499
19592415
10228355
15373183
20407376
19307390
11207014
7221695
16319329
21527054
12206475
16816349
21446386
17954027
11428383
9476338
8809524
14552569
17446053
3387953
3073804
19942605
2666632
21333262
11034733
11719858
12653705
15083759
18757704
16512849
18303096
17963872
1433862
19481042
17428337
11585301
9551748
20161880
8599011
19946557
6606929
12466013
16243872
8548092
8740789
19738341
19473377
18252002
21678356
18666660
10956300
19725971
2345818
17670066
8133842
18460628
12845841
10209848
1458799
14626770
3823639
16700477
8109702
15949380
16940982
19740262
1301670
7569579
17018264
21175625
7297547
7971244
6732697
7574430
8149709
12638274
21943539
8511727
2251433
8952835
21804104
11832616
17658249
10489827
2860076
3962764
14533345
11798197
7149636
15820281
12934128
1709730
8834950
11407209
18081799
7477533
9129895
8814682
19034400
2298619
6612280
14965190
2806286
18518974
19157590
3936436
20630736
20956117
18978137
21894819
21262115
1396157
17221159
8567089
2969318
11493717
15492879
16204606
19301212
17383757
19411566
7533304
1629117
15300505
19322988
12910111
2081360
14675409
9055008
9637108
3480901
9099117
18511641
3707787
9437404
14738234
19631518
19019461
19412121
16268920
17329278
20428420
21939573
10622442
18673546
7281159
19154650
12645825
18822868
19273566
3128208
11111125
19418389
9132745
8050342
7737255
15108002
15674947
626817
20869791
20532466
19003763
19769667
2027397
1697705
3782282
3922535
18464226
15929961
20561366
14682209
17052311
8730000
19050375
9543270
16545221
17315093
20458833
2376246
19996194
15571462
1392547
17001545
15580901
20091630
7809460
16701724
18575160
1058671
21686887
12519559
12765414
18501562
2239279
18064461
12018566
17370151
17275426
9496606
11518004
11928379
22135601
10836336
16829194
16907786
20120280
21287371
14631261
18207482
9623705
2394036
20363035
3899770
18570007
2760280
19648023
19520562
12201491
11926702
12683707
21336653
8541820
2634480
18296749
10833111
16715237
20083623
17555995
1893900
15625613
11708765
16713225
2805590
15649860
9505183
10392481
1396128
14613739
11242740
16971190
7664869
17407591
21105916
17353701
15317516
15686770
16237918
11379297
3805116
12958109
743057
14746053
3787545
17877117
14708555
12192547
10855832
10899680
19749395
1841771
1385060
6333299
9064976
3206382
16598862
20486820
6800681
15204025
16650970
7669682
15730335
19932274
17383170
20518273
20529396
3813671
9441120
20972606
2147833
12770807
18408049
2884188
7417767
18846852
12400646
1615201
2607550
19168239
8519078
15082848
21277483
16555559
10888714
8169505
4085736
9211087
16621023
7473324
18939711
16218471
7460260
12194635
9192928
15287278
7825485
10974977
1777177
11511025
10494330
20733499
21556454
8544088
20388752
18478489
9458430
20065975
7968075
9889660
15218994
19160195
21975759
20877350
16739524
3426900
10646919
19843422
10665752
6663196
12910121
17030529
8741234
6137121
8508751
17225013
10420025
8795666
16396690
21792577
6388612
19114130
9629881
18366521
20658109
12119134
20353598
7924930
21170254
20501982
18612030
3122693
12488299
6091946
17531455
8868535
12149531
9803868
17852907
12917971
9463983
10795429
19164354
16919007
12137420
16585109
11878666
18695431
16044800
11260236
8984702
12471953
16319330
8804932
3137042
1736330
11533553
12415089
17048411
20570165
18633859
461359
7161449
21199163
16473813
10695535
19996336
6149538
20228387
7674743
12735677
19088482
7603056
21461016
15732839
21299490
6686527
16807023
1250622
9667676
9631693
15310394
19261400
12137662
16684045
21931581
1889444
15786615
2717487
20816546
18288053
7536594
9147083
14569531
20809052
17157517
15266477
19588394
19999960
7491557
303135
2612203
9551760
6123807
2844548
3954939
8081791
1209200
7018898
18057052
11863203
18018754
436634
7910889
11040017
3825838
2360711
6436934
8541817
10736936
1494761
1503298
19016733
11600739
21611578
12919072
9790128
5023916
19569976
15135118
17655953
21729772
9413959
1758831
12775865
18063355
17301925
15072034
15955798
8790652
1751864
18089542
18848457
1575611
8704363
2473709
16144067
18785348
11930540
19578101
22083429
8779125
309708
19213787
19829931
17147007
7616912
483214
18853206
707242
20726206
12921726
11303237
10468175
3620323
9000828
7771896
21138499
20859840
2576365
12434961
15824533
19834761
15767731
2890242
16802738
6768918
19711730
19703824
22017950
15798549
3360090
21593063
21177838
16256325
8031285
15583730
1782947
17526393
18610693
11085699
9021427
10829352
20824713
18473269
11844125
20067053
8227120
7025847
1470791
18449094
21422000
2108480
15894769
2148379
10390801
3951165
15542419
16085747
22126950
10100569
2258337
14707242
9540375
1009417
16585078
20335355
3371084
11998986
3147632
19819832
20597705
18706688
2163442
7310426
6426996
21611089
18758701
20844095
14621112
16266459
12212971
15002717
15260051
3905207
15315032
3933130
9639013
1793065
17064460
18036161
19689842
8715471
21198560
10706501
7969664
12401119
7467082
9471222
7636941
15264997
1013938
7846659
15135355
20515587
7857350
9493648
8415265
7454567
9360429
11192551
17968197
15474628
16175059
9083917
8855424
15245533
18385168
10714423
19273213
10930797
15790209
9155522
12120732
2152751
1431276
3428695
20025758
21050789
21275362
7323403
17054186
18621780
17132354
20230656
2812085
10414413
6431935
1847281
16720686
18020592
17342294
15282386
11090871
12814045
9333799
8769006
1503291
19286991
572730
10748835
7826598
21907863
17098643
19389745
20082060
19679600
8011409
18320087
12812133
10554530
12420192
19394894
6729348
18615902
11273114
7449634
2745171
7937627
555316
18607245
11810378
15018129
12950324
10494163
9326995
10596714
11887977
17359604
21609566
6401519
20956132
10974837
15592953
8024367
12736107
8979522
9151512
19652943
2857088
6852927
15763446
18721121
18811886
15816180
2589802
16571614
20798484
9308067
3307336
20666072
16987115
10750387
18064864
20308260
6461975
12460785
14571646
12243314
20975645
16135722
17036857
22103823
9373578
7789047
20675780
11320846
9239634
19785837
17698215
15032498
18785077
19953043
9884011
17288347
14528885
6152511
10431854
20397971
7375722
9244670
12054145
18840007
7691304
8282464
18683782
21459856
16140231
11871363
7483007
9817095
16184381
8650419
9828807
3737870
9154679
19758492
17921828
15915176
10590770
8658381
17023206
20146948
8243795
9426089
2889460
12557859
9244611
8682008
21244782
20685686
17918293
1393393
15552030
17983257
7702433
15831643
11333052
1501951
15500528
19146559
996466
1446875
17458348
9435874
15083764
10856310
20403268
7701453
8298346
19929027
19333124
3618443
2084019
1827728
21104822
20831780
20809053
12089808
15236500
16276019
16029647
9253578
10193342
3371083
20955824
3663490
7698975
3355723
12205808
12509919
16412624
2062395
7745373
6746330
8777981
19906690
15514888
9727786
7336798
1572890
22015086
16498157
21240850
21929794
17393306
15316206
17216503
19614968
20388753
21282809
1783082
17485423
11555686
20046527
133669
9245953
2244193
1983260
15823704
19814834
638094
69390
997195
2978461
17508969
845237
11501515
2281912
15698477
18076437
2613303
14676506
16980516
21443696
1551162
1463674
20407378
17943778
18651447
2449742
20718925
11120621
10608976
920263
11192557
8947071
11571844
11936518
1432862
20135085
8316376
12244294
8122020
1191455
7925901
15046418
15344302
2054243
15955145
8254100
24563
9462255
9237595
18592270
7701448
8005256
9744068
17853348
1516529
21484285
14618198
16152788
16856046
11787475
7829154
12637072
19383112
2803416
12042402
9404401
15681097
9741369
19112994
19875219
