16755112
16460969
3471329
15173063
17322414
3969881
3876758
2872244
2313493
12560213
1905914
4019914
2318227
8793172
19203549
2876017
6478561
11119398
19789419
18452866
12195095
1294769
1833887
7888264
8328871
16708239
10199866
3825903
19470501
16330255
7793259
12809404
6661772
10439888
6707356
12063452
1149206
17485403
9209943
1451127
7522991
7472595
7856285
6869176
9123633
20093873
2093548
8005115
19159904
17573463
18383045
11574225
1282615
1813167
19670708
19427442
8427138
6130658
19015406
1720822
15101030
8600333
2737781
3402485
733592
2939810
20473009
2926056
20930439
16931162
9570423
6349388
6858905
21403798
2012090
8035535
7460245
6863758
12171827
4003240
8184809
21229694
6668658
15837093
6872199
19300450
10768082
1505166
15010652
3042830
7345128
21088843
10197322
8328177
1313691
2082069
16741172
15077091
8127103
16684851
16816544
6972827
3341528
7259080
8893895
7796512
21062130
14758512
19532103
18062936
3403793
17974986
20599006
18926443
10067036
16813061
17624995
3722881
7979733
6861535
2028626
7776953
18097133
9388095
8523830
8440271
15227492
11376317
11197817
1495286
2291455
12717493
10328183
1652196
18773698
17234051
1479624
20655922
3403821
9294785
19700469
7460480
9036758
2698244
6277565
6539193
8184164
8221788
6778443
19463359
8803620
7210778
7930287
21092039
15690974
9339254
18601747
8230681
6713757
7674273
7211695
6970016
11302295
1202276
15387365
2330861
18221848
21173351
16679085
9825330
20348027
1772676
401644
1732376
19858734
3591684
4054136
1636571
15511454
10496198
8995087
8890830
10735676
18416298
16923443
15746731
1991886
18995995
3875003
2351493
17397949
3782884
1934797
21432759
9545623
2521504
3712157
11684982
18156886
1223819
21602297
17416605
3953368
15261948
1550431
19856409
12087452
3555182
21484485
8378123
11512693
19514618
1442496
3249282
9558691
15793046
10730612
20382855
3876482
1248088
8225671
460363
313253
3973289
6401908
7449807
3963620
6492840
3264106
2919555
8538117
2131361
3973271
20609657
12381646
3453856
10721445
3191590
21931004
18984988
16524800
313188
21890325
2287821
20331808
10466087
8039437
19383227
19465551
15693775
10822672
21086902
9281011
8607411
7156957
3962894
12238835
9200965
8853584
19026295
8359085
3171352
21441882
19668047
11864928
19430344
11975842
3566980
18226777
10760328
6776403
12683558
1673282
8734182
3966331
8890816
7375971
8464763
7850937
19099859
17764900
17616744
11153289
1124717
16295023
20855659
20085935
18838560
17564292
16208297
17264185
10886492
2512896
9374092
17913382
7118659
7816382
12384454
18242258
19826179
17017676
6298297
3367008
3571760
8837569
9420779
8484505
19939647
18752918
6865442
6229223
18838626
21447858
6830666
21887691
9040632
2581082
18686011
9399980
12042006
6641756
17049390
6613876
2801523
1139762
21718837
16522132
1561999
6874144
665721
3103565
12598083
10190525
19323935
15620927
2727407
20505797
18206521
15494447
11156671
2372797
8629591
21454923
2847521
17667205
14670812
3443132
2522722
8752805
4082880
2707660
14737782
12683868
2853003
6478562
8800131
4038719
10899044
2042565
3830708
2664516
7457400
468681
6690559
15793658
12968195
3911622
18786134
16377289
161946
1119401
1569765
11959053
21276443
20152225
7317883
1522556
6223062
2679030
8141347
20971767
20011721
21622683
17556497
6475176
1743203
8031809
7036706
15578802
2921860
12853052
10410808
1299436
3876759
2534657
7105854
12743537
12145890
19154906
19715985
14574345
15626279
11968716
10700061
7074794
1847155
20811608
1611637
10073959
18676687
15797934
306578
2352349
8311606
8459130
136830
21730971
9198852
20087168
20667749
15845157
7471344
2197912
15797971
7900656
426959
162002
15615258
9724477
8352187
15821714
11006711
8069427
15619410
6338687
7250889
2909996
19324145
16128379
6837455
18924516
1856411
1990762
15109441
10996099
8417069
2653015
8609338
9513038
7864211
7102533
2397736
19487927
17485581
11725263
7522134
9374100
1960307
7457406
8693461
8945695
6231254
8837557
6304176
10918649
3769968
17384134
16801847
15541236
15342286
7151154
15053783
10201615
9124461
1894854
11265740
10376614
2705841
4052291
1576144
21846754
15039130
18450844
18638597
2526909
7230501
7702437
19303480
309763
9869495
3594957
3876673
8902723
2548768
7814165
20443908
17201875
3923970
433784
17378780
15455598
4036837
3842094
19482844
