22043322
18421051
16421705
17288838
19720924
19012911
20507881
10482198
19723647
15355900
17154172
20658720
21689502
18520293
21828142
15332547
17211292
18048823
19904263
21569998
17208931
21781226
20378504
17428238
20498386
16876399
21975443
20042973
19894779
22543826
12528778
21523374
18490651
21415234
14986692
15277270
20718683
20421541
10604742
20087228
15310776
21172893
17046465
21208843
19318484
17374151
17908974
18565892
18281264
12605564
20603435
16235580
20452134
20142587
14981103
12473581
20630823
20705561
15812822
22871884
19299236
21709185
17516068
14623919
17559139
21826527
20012337
17079693
15803362
18795291
20941986
14993230
20570832
21319009
12118024
19174506
11698916
17623836
19108785
11822753
21409520
18235115
21719393
11932905
21329967
20713864
17562448
14669291
17805064
20189232
16508634
19088049
21240986
20530436
11396203
17614302
20570050
17761983
20858619
14763144
19825948
21088439
11919237
18418219
21539969
19706807
19466875
19179558
17579194
19074216
17382019
21107682
20012354
20148348
18753186
18272024
21750313
21769849
12957454
18401416
15733948
18823221
21534871
20607586
21540865
15800309
16246975
19887543
15659505
19789325
19229589
16098458
15297404
22951951
21205757
19508512
20855820
16087693
19193781
16271384
20967296
21523734
21527065
12181401
20215545
21208847
15231574
12872150
20456972
19401697
12736572
19830388
16009949
21730275
18347007
18728664
19626652
20975380
16106027
20142592
18612591
12941682
14507946
21629245
21248303
19690858
16770100
20439197
20830316
21115860
15777512
17126894
15765301
19621545
21769850
18282461
19193436
19720923
20615171
17671135
20124187
21231780
21034456
20126478
19670913
20864916
19730791
18618737
17095209
18803986
14768402
20838998
12503938
20200041
19037839
21406471
19333228
21618900
18628463
21772113
20631636
20888703
19047120
21558407
17557672
