8851093
8106038
18311729
1830872
9439052
21092252
581662
1483774
2127829
19426418
18790363
15758597
9328358
8571752
2255868
1898799
7095887
20878387
15626267
16940866
16461705
16898855
3301221
2347056
3909747
17080115
16524533
11735664
10207767
16061743
19272222
20042260
3971092
15236286
18299685
7885743
4601983
7865185
2022915
571222
21370438
20691563
2721212
15168339
12851603
11987685
15132313
21533569
15517417
9477217
15705179
8856209
19885681
20730271
16722027
16223395
3411656
7686706
10798065
7073517
10776394
18728831
16377549
15490987
7940712
6976713
12382223
2830219
20653712
19432692
15467677
2929681
3700841
16014066
9308129
3917571
2364713
775878
20921295
11228724
495407
20661209
10693629
22145064
8413475
15167950
12394602
16548664
10475465
2069242
9638412
18957009
9403744
3300289
17603970
12480801
2246528
6344525
7250690
9801502
3084513
21643786
1903218
1678085
19170372
14689084
18587717
15947979
10452704
19183942
7552120
10327274
16468521
17497464
19494606
11432315
8589315
7493714
17123119
19379353
10069191
16998093
9038450
3367672
12487916
474670
8895709
7660768
7701577
6926660
17329067
6617709
9783643
19410404
11095003
2798187
2195260
20948196
3767182
20525705
2596657
8087568
19967650
20540025
6234433
19909614
19911857
10418376
15673313
14578723
7342844
2225808
14702541
10925188
11476407
11153167
8339580
2031894
7244947
11389882
17699489
3046345
19253503
2665151
20639791
11757206
11805383
10386285
4835993
15663765
20329375
7773217
20564156
20442667
2129447
1671471
17597091
1758759
6545610
7888007
2299535
869628
2422342
14551362
21388992
19024572
17126096
9013911
320893
9623561
8750805
3606753
18251948
16607006
12879659
11198596
19195319
16235284
12075643
21242683
3657036
20167702
7351889
20930000
10720972
2063979
17986547
17704444
20061835
18433579
10452706
10201013
16563195
1008967
12706134
7554616
21357934
2197858
6696357
21191296
20378844
15252415
20329439
14991391
7016068
6368951
6511085
7923967
2014849
7475338
11302882
21737855
21121953
8405884
2642351
11172120
8317065
9533067
2026931
17080695
7798164
18770483
11227359
19816607
15649855
12753429
17642765
16861246
11028112
10274575
16164491
1835764
1621270
15844380
8108493
22120856
15517921
11568065
21823061
12431131
9166205
2526100
10835710
3801300
12407030
11176145
9260537
10746811
12827832
9765644
6754875
10361490
7872360
12151831
8272221
9533116
12910856
19412363
10628626
2816629
10869925
20186457
12425402
21343897
2991475
20658627
11732457
15002683
20379389
9050688
4068600
1752498
2935758
11377153
894757
17077624
8917259
8469637
3746955
388763
18312937
19224067
6157465
20427992
11389248
7065530
20662690
16720999
16191182
9050734
505198
15297785
12534856
12722025
10502118
8087573
19375391
12454538
20308753
1130875
8219434
12566665
11902628
1731301
21785588
9004974
2642092
14563216
14607702
11157374
20447327
3987829
8290712
129791
2663226
15986308
12717321
14601202
17229659
3160119
2165225
2600817
14740330
8553091
3046669
18809369
21127868
16429642
15125386
12126225
2948753
439084
17925046
16055609
9598954
11255594
11342724
1593356
6981173
20428007
20427995
16103685
15185496
242280
3578394
2423558
3216299
2785605
3740931
16998584
3050666
9456479
16557164
1576138
870792
17906598
7574950
7661335
20199991
12508197
8909017
7943063
15842423
1813728
11273899
7999847
14759446
10731056
20427972
3153297
20521167
2722181
2572256
15483282
11982728
21199887
16080865
10568061
687173
16939479
8899929
17644261
8315822
11416880
19527970
16024828
21541246
16045655
17684352
21057358
8926357
15266522
18689805
19610583
12575619
6997814
19406963
14700166
15224033
10654321
9738603
18311730
18089624
21251518
15747572
3881219
6681063
6104317
21896142
11973168
576326
2032745
16822469
16464784
17149675
1320949
20938123
16795115
12831696
8944972
7700741
21808144
11078688
19648737
10584592
14607374
19833977
7917861
20558982
11959039
11737871
466941
22011601
21096059
18815156
8866094
18228045
18332261
18384352
19825341
7634865
20559136
19879462
19557708
9336643
17428103
12806816
12187316
9686630
9702312
11832865
7050217
19182280
9365486
6797362
2442835
2054833
2136915
4037556
9774132
21308517
7896366
19844893
6706384
17563646
12874467
7527592
9725690
11805387
18484474
1289277
1879188
20653717
21390320
1294769
15599889
7947273
10857125
17146668
15083959
20006168
6425523
17468489
16915107
7992971
21625109
18407773
8391608
1660065
1835500
12618596
10155186
11359018
16048282
9811024
19078115
16551025
7573025
10592925
16523430
20413995
19907163
16797350
3048471
9262884
1255827
7537005
16775448
12658254
8587258
18536895
15062459
15321631
3822310
15861355
2195264
9050714
16234332
9050527
17607962
15104838
2253107
10920101
16436891
9225336
19573006
10914171
16569538
1762318
7322664
19049481
21595098
17368250
10378907
19821278
10320385
21660539
1966850
20134279
8377124
14871426
3049095
21809310
8417662
15273633
3901637
2973012
10118328
10845167
17532833
9522385
15338685
18463343
18274244
19809991
6790160
20160395
15916044
12899236
16135832
8506581
7676759
15447884
382241
7125734
20553586
12477675
11727334
14739801
8374093
16366867
9973048
17715638
2955254
2786299
18790366
17378147
9615701
3140094
11396437
8043557
19452209
9681156
1590712
19760574
12240852
20395900
14763033
15166490
1107708
17761118
19355875
20006261
6878229
2972348
1474776
15273209
7920316
3887127
2948067
2362636
18053103
17726655
12544708
11255592
19169022
6828807
3513097
17556293
16850777
17660670
10365992
17158246
16519807
17447635
16192538
3364664
19011788
403275
18671831
12111191
9078692
18090000
21301959
16750454
2195263
21508842
2853219
7002527
19885790
16180947
21807931
16339164
9251452
19793930
6869201
7073482
3565284
19653436
3402018
21029871
7273024
16370343
21625112
2279466
11249547
18239388
9286777
18371490
20167687
8780372
10465223
8725758
7648065
17303954
8320913
870140
6985449
11082970
11379339
17417761
155807
1280535
21508838
9090671
10554759
20430944
17990006
3735570
20173320
16220067
20652210
14529931
22116366
10549440
10748750
16797424
15876857
11336364
9524327
17175340
7750314
11503924
19829108
6291118
8228688
16538882
3300978
12837119
2253139
7835361
18553152
17524842
6119903
3664393
12042103
11805388
12013354
11176152
20692479
19199225
6366373
9892367
20924171
19395781
16449836
10492074
2580408
11852938
16898480
2010390
1835074
9742339
16307345
4022480
19084892
11172324
21959720
8044167
9166570
7214944
17472838
3752041
20428003
12834182
17638930
2588995
1145402
11109714
9590190
21841561
20148770
16042919
6615092
19327959
15189529
8003753
9094024
17942779
17221285
22043755
16887387
8497344
15599887
19097967
21342081
20955269
9360677
16955365
8922218
7850657
6691737
3317289
9438397
9161781
2837300
15624438
12739825
3676036
7817179
11547645
1929173
8055094
9050492
674885
21228573
18596852
1747327
16647477
18279771
17342631
16607917
2055085
8676831
21716713
21253973
7092306
21479872
7853885
1373480
8235116
7794852
20056984
16547136
17461980
9269069
12792212
3400631
33639
6878248
11561223
16298156
11358403
15826425
11887868
17173261
8770708
17572869
14584000
9424873
1735830
21058266
20503285
15043625
600952
2970176
19222477
18439881
16943591
9358665
18475171
16969164
10094274
21051494
6462399
18193662
3563895
6657654
7327959
7922220
22043783
1952173
12064654
2507974
2278423
8286815
21571595
21416846
16428711
12893712
10052490
1630548
7564429
9528958
20408474
1884612
11229614
17308147
681580
9086786
15551894
19112221
16306919
14871247
10459037
18603751
2123382
2943551
10365272
19331941
3706632
11050792
18375295
15346825
8480568
8285327
10089996
3394736
21273234
21096879
19727069
19226044
20598971
19808949
7942547
3252963
18298592
8524530
10526809
17198842
12929619
403303
17344308
16602051
446051
18402892
14698495
12076413
10315386
18976194
21040006
19375065
19661000
15086487
21272138
18790365
18339157
12491542
10667512
16542049
16686319
16183427
10839425
17522475
1885920
19471798
15086271
15490704
901686
11528329
19471786
10716578
12853687
12723513
11725738
11867879
8047863
6913879
38664
3789292
16007559
21517981
19801916
16611682
16466079
17192219
466940
7884200
15892028
12636955
1484169
11328916
3899470
21672933
20214703
17050991
15321098
19679559
2488085
12402599
20732475
20199180
9185103
10780775
19436332
97643
3416511
16623415
14621755
9050496
6821490
19556380
15991177
18095049
12845849
22043574
20543683
7064430
8148190
627171
9050549
16088106
17556335
20403215
20447800
21364213
3404380
3740914
17890871
15286557
19002722
1536745
1800100
4087110
12038654
15460833
469138
8448971
17093883
