17461301
17458662
11070468
18311729
20353442
2309916
8256457
15604993
1445632
14566253
21612468
12706937
8037103
3927208
16782313
6115578
15468971
15956187
15501740
18256322
18333890
11161965
8067431
10661058
373085
7053221
15832493
8806902
3259209
8372830
12437502
7175756
21339628
3946427
3775238
7740326
21098005
2877220
14694549
14565707
6482360
5653213
6590608
8649051
3571564
665309
11505690
8823611
20444953
7912652
8807460
9350944
10746925
15706554
19173770
17584848
3496958
9865705
1434802
776581
21238883
11412475
1764375
15501929
2585830
2917099
18217418
20799757
20021289
18177922
18803990
11550999
8435431
6341414
2455125
7670133
7608257
1757902
21248162
2471275
18843231
16903955
2048915
7093873
10442193
11432347
1462863
1894754
19906796
12825962
12709080
21669353
11751653
10028521
6238589
3066482
15479756
7206001
6807391
9699572
11225479
16770264
1344147
6388059
16424295
411867
9458917
22018177
17512418
10421685
16890572
8614849
7507009
1796634
1501623
2522135
21347330
2021116
8330860
16225162
3173816
3790418
14532954
10715290
2200691
2766066
3548307
2220259
8465228
1699685
7302117
16231504
7840049
7915537
11049017
750251
10444118
10649705
11886007
7572019
21082942
10347789
19911857
3713746
21246206
3304372
3956753
877641
17147863
9612377
1535778
17313629
11476407
520398
11811377
19121774
17180651
16361498
17382019
20883052
8657637
12425209
3531959
3513808
20974124
19148858
7869432
7046518
18512511
1401084
3514729
9213325
19732227
9850032
2964316
7438013
12229573
10435045
12555615
9588425
3884988
11993618
8529015
3331141
12669727
16586083
9663530
14521545
6450733
505078
20427993
11777188
15880332
15282444
21991146
14727954
6341222
21329483
19669317
2906700
22129914
7237448
17585212
22036141
17159596
826368
9294479
7577100
15194183
10093693
7425772
12340976
18090036
17192324
6881225
10442579
22056828
2213099
21274337
7857735
7147170
1741990
961935
18090676
2647913
18623899
1981695
16256895
16207164
6609598
15374828
8124209
10516243
11097630
311641
6653652
2035466
7254111
7979169
18781598
9570434
8604448
17192489
17139582
3625539
2952859
21921371
14678876
15695526
17224852
2468957
16882276
21961376
7025191
12049868
11591882
2216686
16450812
9059541
8065883
18700531
7577098
9303999
9660265
2441899
12163344
20016520
9880116
20335077
2910211
3262030
2876898
7459177
7551925
9239437
9865707
19479632
18346728
3820349
21398416
7230042
20021181
17370037
1956031
8336433
7092400
16110691
15135778
18501674
8683249
8536646
19769610
10347850
8217833
11221963
11821277
3501624
7722147
8933657
6403264
8523051
12634876
8447463
11259752
6350579
20065504
16375626
16595033
17613808
7509462
1838310
10565663
15920320
9432562
2671221
21690065
10776972
18316944
3260620
3889229
12544649
10663639
15916676
19403889
9933751
7721614
3934546
2134612
8776092
3925173
9656693
9517271
8840765
1514017
2573964
7640115
12627329
21043838
15142638
11122321
2201888
1173832
7433340
8911126
15200661
11289415
2210812
21116092
12374669
3011329
20159229
2216685
11246600
20185430
16563944
8964630
1279290
12393994
11211908
16243749
2354384
20150504
10933515
12774751
18223498
7859472
9863631
21216831
8255091
7113898
7713317
6156359
6747788
14709977
9140676
2953248
8482941
1424639
1960956
12390095
10365602
8621810
10910377
7727811
17361126
16822823
19496385
15222246
3558728
12096354
6629459
61951
10933362
17614302
2425926
2329116
16236895
11008971
6124423
10528130
21979992
11085348
10360607
8136948
3331151
9185111
3351341
3032418
2948066
12497671
2698142
2869735
8880028
10561296
8430881
11737871
11326485
12094541
15807876
6858403
19764891
21833452
7669702
12012879
9335512
7334945
2845776
20147612
1146883
4557308
1092015
3890288
10996423
8603449
17389771
9586914
17721754
8261487
7577102
19595686
9275004
9364537
15657718
13009482
9370190
8558936
20110046
2106139
8905481
9470802
20558664
15163921
20009672
9674864
12022600
20671947
9264292
9213322
1197254
15605460
9151012
10923307
7323495
16098822
12037510
10453728
20499046
7911160
6840121
266649
1469158
8668603
1471694
20346558
9972189
21281333
10779813
8853517
7910118
6510012
17657988
2500395
2003557
21864180
9335513
9010860
16774592
18303527
20091555
15266513
8998365
8706366
8683518
6323221
6599716
2656266
961741
11421643
19201649
18434905
3964880
9435425
3729871
17962713
21892100
8233996
20921430
20072798
101311
8217445
2543895
21358699
8761385
8903109
19133159
3263237
15161691
95728
21850194
7844592
17956453
10666877
14577487
16239767
16061867
11109896
467930
17556370
7005738
21670674
21366501
9891552
8964073
17448371
9743028
7285500
11967822
8889982
8213334
4054706
14593089
7749131
9865709
2972566
18020922
12396745
7026256
19298680
7036166
3168559
9516377
11382689
55525
3526102
1377118
7433438
1183461
1398505
17394563
6458020
18680527
9193450
10458205
8061766
1740679
15617881
15688598
15475592
12525757
8719132
6890409
14971717
8348502
16689377
2379294
15542422
18693171
12618923
1485586
12193098
9603007
20051851
16248829
8967881
2853219
20433374
19885790
7514746
18032161
9824146
2513020
6184562
6469433
7959638
8035395
14703956
3907322
493199
19471887
20973297
14571237
15251737
8546905
17499239
8932574
7428567
3861973
16007095
1053566
19748665
2466172
8938682
9059186
8241009
21325870
9497974
12966370
17158825
10325267
9101417
3325889
10774177
12831352
3746960
2358991
20524712
10565350
17524842
20298286
7492819
919420
16374164
15946557
7137653
2881788
2212011
6843916
4002785
10962124
10720889
3899419
3263294
323300
21530295
3042360
7703829
19077768
7214909
17612049
16207104
15741225
14994780
2405233
10798796
22041700
11764535
10756559
9186877
324257
1320823
10403474
16129968
15121635
1314230
5107182
12382214
12698179
10953666
2043986
11828281
1464158
9922585
20121556
21892191
6358461
7099325
17716295
10630826
8682065
7403764
2386896
4034515
3207560
2605999
10416003
6419809
21931078
1812944
18192880
18050028
12043447
1953094
10822908
2969346
16503761
7716896
8110112
7254397
8720428
18525301
6143765
19135568
3229321
9535405
17854463
21612106
12960073
8270374
577583
12177660
441088
2405468
4348858
18585776
20588135
17953468
11086754
7011023
21074543
6809328
3058062
16513906
17468147
7808093
11465231
8062500
17204411
7001422
19381083
19870387
20210732
15123564
11536373
9263355
8648517
2676248
8882508
12394270
3279745
9863395
1277769
80525
50466
7946001
8693314
2337167
20408474
1159921
8310972
6618923
15921780
7700761
21529330
7868079
9781605
3924285
3546999
17666597
1830909
18436727
10833780
10444029
7608649
8299607
16297298
11926702
19247992
16843089
8862707
20882198
17636328
10634425
15366973
12173692
10076732
21072278
10859016
18247043
8853401
19158355
11235030
9517613
1962585
9396403
7868285
2371185
11684879
12853687
13319585
7386234
10653871
2072602
17481947
3325393
902045
17026653
11033837
18758127
9310015
20430212
6151422
9290114
1680684
10437745
15772501
836652
18625673
16162281
8290127
11997200
10416005
16618618
10203265
384510
15623588
20845618
15857532
12897732
7053487
20840193
20802129
14618478
1735584
7918126
7555038
9797691
2468846
8529234
7377572
3397174
8137382
2935644
7633198
3367811
9335511
2628313
19850785
11336599
7967240
18340683
2946829
10792238
2404119
21717162
17303976
17086096
20197197
2991095
8749265
17317877
1433928
1960766
8393954
21252688
15574077
6368076
9588454
19277723
15257231
21353108
18754032
18479516
17984428
9403331
16025252
3621967
12570912
19270203
10606281
10717611
12606911
10980823
18306318
16850694
323442
19444964
1449445
20046651
1963184
9923825
8750720
15012742
2703762
9075584
16188826
8619366
21175386
3539615
87551
21330961
8831999
6629460
16534605
9857444
10673974
9060547
19931071
6549554
8640699
12689909
11735231
7081470
7740329
11335767
3905414
3281007
10465064
16150457
10350345
7000629
17377918
2906371
11240336
17223037
19403648
9428450
1260780
2527085
21704664
6388612
15251532
11566943
6869374
20160371
25173
15648025
19502192
2405946
7870644
750158
3495213
1835745
21163119
12661797
10848697
18784848
7460480
8952254
1132803
7093106
2576252
8604674
20537739
8491076
7539667
21902298
9861593
19752200
54581
10728934
10913986
16281471
2025014
11093726
8460581
9485178
17353642
12062361
20451695
18753186
17594929
2012799
17464154
8772586
16036485
12208583
15270804
3728821
7824770
8190770
12365019
964885
9861304
17237865
7911159
10811462
17987805
16548915
9288296
7280609
18184668
17136943
9715823
2313157
6238076
7752272
18618137
7265976
15335453
6323227
7725160
10980766
10634919
16639923
19453054
18346880
7826554
4392957
3493172
9748740
16203653
6781960
12396230
773142
1708458
19126658
9164195
10852652
3903508
16829432
2856709
7595719
15106812
9865708
6256154
9132351
15593047
12259010
14768478
14977736
2787201
18374379
10756879
8501935
12637278
7046434
3414536
8291957
1530035
7577099
16078938
19337960
17924777
12339673
8839911
9435929
7559888
686023
10722036
16758473
3124451
8205446
8056816
10235225
7842787
7864103
15667881
19776046
19193781
20335314
8427000
16505510
2993418
18305070
19521076
8624737
2310274
12685336
20661904
16401854
9252259
17722967
8556719
11234973
15517921
11919237
6640967
21030345
9451057
19910655
9205828
12671389
2661733
19436655
2471459
21143292
8523052
17233862
17765403
9364538
16417849
6380889
7670559
12080538
7884425
2603919
8408450
2404708
9469503
2203240
2074598
15117522
8003872
8299475
6357686
12217888
6416064
15919719
1182631
346
2969791
139671
9666498
16162110
18580862
16444656
11693465
8896739
3932509
11710644
10623703
10322876
17152498
14767617
7740327
19199979
2603705
16985913
18422634
16399090
8847275
6851260
837474
843112
8777173
16024829
21509439
7372357
2220623
17317857
2589496
10484572
7609534
17936403
8280404
11185888
20092365
18664851
9639350
8746128
6240447
10036983
7006220
19553828
9065251
11085347
790242
20105179
18759508
17063950
1084525
20610904
6400110
7706195
17083264
9823976
11347406
11448485
17428730
18997160
378508
12115326
7386494
6580982
12471298
2837845
21845193
17440809
1164818
6141750
16154425
11521794
9815984
18004211
19340431
9440742
12149047
7692145
16503095
141327
19415889
16475152
9780476
16170524
837488
16483846
2391442
19409870
3780584
20414637
19171851
12795025
7044827
22032708
21328517
16388897
3524104
9116928
8315822
19074534
3161565
15145508
2609918
19436665
8523050
10948306
2646266
21896142
17357187
9414399
11549778
11485524
12831410
9608992
1233241
2669825
14402
21224139
6302796
21895447
6385698
8472068
1515426
16709595
12389058
21985170
12353126
11174477
12899218
12924618
9839796
1434803
10890665
12281576
11095440
9779718
18996102
12904114
7890906
21921625
20875186
11950485
16414332
6819490
11538732
9404448
117819
15030968
9211024
3594947
20872958
7496166
20299355
3040578
3514085
12580652
9079252
19922430
16881342
11104165
21892905
5032785
16305060
1582358
19024525
10516201
18238748
8319195
8104696
15798140
10741298
7272690
18552396
9297747
19384087
17093169
21271541
1835674
18288280
8612238
10334155
3317287
21457785
20740360
18836766
6123532
2394237
3278977
21778696
9597049
18199383
798626
8458048
8745351
19940093
20174850
8557909
11852470
15717259
18020592
15781739
6778276
2958051
8210695
12073798
11078410
20417871
6337527
15991295
2501096
1191604
15466784
9124977
14618479
11537416
21271537
16632570
8558221
12923212
8604933
2778397
15648783
2952461
1190606
3717374
1960163
18588660
7468609
6991044
21368750
21253508
9760324
21826080
7332915
9115955
19909541
15959407
3886998
14535227
2313218
17525895
3325694
15684639
20373593
15827107
18382675
190882
20368206
15511633
3525403
16911907
16819572
8558935
15656337
2531916
19556454
8238605
7977848
8932849
19122288
1340663
7155939
11208821
17706368
3066501
20122446
6464945
19836846
10812306
10216887
12187730
2764841
8452025
3529068
8427168
2554709
17696799
14678875
12313657
9816238
14565071
2394551
7900944
3341860
18949718
17321991
18959094
18445302
2869771
9748735
11960341
15817723
12586797
9286777
11022902
20730063
12566909
10643536
15851886
7880604
19426120
21420315
12725674
8106152
2200931
3044869
15959400
8732696
1451153
3916837
12340955
15988243
2454370
11249536
11458026
3897519
20345830
16971665
6402051
4681830
15324356
10957786
19114874
12756387
1293499
433737
16985939
299993
374429
18223208
11800024
21042239
1804183
402033
3476146
18676172
1874269
21132134
19143974
8422000
6519130
9290527
15868554
105414
3128501
6413220
21989652
2010390
1825779
15684225
15170967
10699893
3526604
10315021
10210563
16490374
16215360
1421390
10500538
19338380
2662835
9672516
3428669
1071683
7151003
1534248
21194580
9590190
6107215
18425944
1483400
16610400
8279919
16513013
17994121
12318083
21703427
18230905
9886325
9176179
6103968
16501243
2118441
15962609
6399313
8482663
6829427
8915446
3300147
19158446
9869190
19657787
1299494
18308884
17587386
15936987
6596830
17255211
8246674
18420368
14635084
6691311
2376844
18397245
16078662
16413432
1575248
2006733
8578696
16053338
1759916
8303141
5080418
19421967
16488346
17093067
8680649
9579546
6141128
17825758
18547133
17089616
17931588
8709629
17170615
15809817
16645561
18035863
7362072
3183683
2488086
11208483
16628020
790007
17487823
8823107
9013471
10023695
10037391
10507770
11848526
9286739
10778950
11373473
3258631
4359970
10319084
3297616
18761337
17767130
7002454
17600277
14871247
12622757
18979113
2688413
8098306
21894002
8768860
11919725
2786553
12659403
17689809
18715826
10409600
415630
21896152
2066053
20613963
355067
8005723
17393628
21566442
21377484
3097481
2112055
21769850
3875045
4050670
20069049
19578099
2188438
20447949
6989293
18468818
8420299
135739
2679456
3975650
20720523
13680032
11959711
11403419
11528329
11834674
20427988
18718696
2809685
15588360
12704002
9107439
11854877
19282825
2784163
21377158
9013474
15784718
1604957
12007084
139829
7918124
10210339
2429076
7427599
2025534
2681500
6376951
16354389
20739195
6291695
19555861
18773751
7964944
12393493
9363868
615219
20606379
18406683
1756260
947570
8151314
9258576
17763235
17307062
799567
10561260
3975860
21392597
1473517
11059732
961872
8989501
11134832
11386263
12014386
2072431
9414081
17885644
8417880
21523660
7565483
9479798
