8048338
10171162
1184942
21562061
18474131
18671091
20819095
7248217
2396169
4401379
6184280
8568654
6887338
1473294
20383302
21050784
10233450
19703835
1164256
9655192
8496895
10462268
8869418
10665385
16806526
16706935
16725990
8734235
8951504
16485521
8801804
754484
7466853
21253973
4048646
128968
7249403
11422409
17363303
21144107
11486849
2798219
6611621
9216745
14626731
2703559
4050460
8607215
16788308
21686737
2372710
2122322
17614021
7543845
9885971
1950242
1862889
3693620
17651308
21627579
2720865
9719164
8599293
7709057
9430872
1476284
6657694
9646508
18413007
8885469
10445830
