2224463
7511945
3607405
17948824
12119528
7434080
3937292
10492762
19317279
3194882
1918415
2603271
1998213
12018723
7588153
16441469
19061845
16295381
21321664
1737157
2099037
22054334
11374213
300834
15456558
2124098
5312525
1174801
17572172
11229183
12432836
7333678
11868869
7618202
19938884
6931568
3987637
11695080
7082955
17386110
9491101
17991087
10876694
8707127
281638
6393814
9182025
1570250
16956043
15844605
15832638
14768755
7995837
17633876
1957374
3710595
2694333
75439
6345167
16473816
16322018
8853260
17697371
16700704
11589383
10748835
1677288
7489937
2780451
1459667
1366134
10024929
7801336
10457035
20605861
17132174
3933131
7110990
21443105
9835325
3673672
21500459
7478067
9329304
17622333
2371574
20686408
6447635
3587095
21611587
15298493
8471398
2929041
19803017
1931529
16352229
16304890
3774208
16085733
7867539
9351122
8859161
7824865
3537613
8676317
6627973
8658437
2107235
2324442
8533182
696309
15787263
10624369
6609683
16467773
278441
19077286
9248206
8148481
11764140
15512067
21125513
1925779
1902969
17988066
9388396
7548809
15279215
10943108
18398560
21462895
6839797
6755651
8102892
19694245
4074599
20187556
702625
1414399
12793883
2515823
1394776
7986594
4542663
3617177
1959488
2409610
7170646
18689178
2152259
12745133
8540869
19224062
1764626
3180664
8309388
10493556
19409093
7302721
19220939
7782694
322267
3485068
16362580
15303474
9849330
10389601
1694646
2387502
11797448
1520559
11221164
1657506
16847470
11872760
3583692
9378064
20000868
20524472
17977402
8063559
625632
6590024
21522110
16927884
1319901
9888112
12171267
15925431
11057463
12801944
19020791
2442979
8891620
12970913
8320336
6990881
11470932
1958998
2129837
21509239
5365337
1480541
22120478
12974183
14017143
6673727
13708569
18020082
7964148
948283
16830391
9401880
15075069
6381185
2395130
15657864
20575886
3521138
19775308
493954
10474529
11446029
8020797
310528
304059
11122397
12020885
197778
21359665
10621906
18254083
10876695
2260195
11273345
10488702
18389760
6487972
7748610
7547159
22140409
18991524
7521828
17538740
8554369
15793914
2489024
3493190
18163151
18333214
19830015
8681774
3553135
21453588
8795499
9119288
20456763
4249614
9391251
1988788
8107910
16196379
280316
2979285
2617165
9764384
12806722
19739410
10563532
8877348
12018833
21447204
9034929
16164003
8038346
16025570
11851856
8522123
8974875
22041732
21932501
9648312
15075993
20836328
865715
11985560
3378502
1261429
10750658
22106696
8090295
16339212
1998870
2385161
538223
22096712
16028446
8437148
1303423
9670153
21894821
526031
652703
12489742
8793527
12655269
2475067
14739682
2368554
20184059
17991080
16536777
19623157
7347604
9446923
6695566
7761889
16961820
8937281
16320807
499641
2997459
19484949
15181898
5312780
18054016
11075647
6111919
1170811
19062503
6607087
18699997
7418346
12269962
15535338
21326857
16214475
3151415
7719368
15948937
8977727
6974421
19669261
18416354
953375
1667775
5423905
18455554
7926446
1082711
7614660
8290786
16944621
316630
20946677
2219422
6605216
8599989
10703479
1548651
19647502
15636311
1478171
20166862
308623
18549940
18019662
6604353
16237470
1566594
3266591
1353981
305708
