19847731
19018876
2272560
2235062
20001997
1899833
605756
17948283
15951552
3191034
9135357
18034948
11144008
18478729
9155974
15660962
7756796
826084
10070874
1828740
19422526
11563470
10695909
20470296
13677627
1451149
15573890
21207640
14637267
3009383
8690312
7262478
19775299
2184063
21112546
686330
18927230
21082192
21683094
16373299
19260570
10943971
9638094
6619741
19283522
15316334
16690352
17975754
11319718
16167938
19134197
8983913
21605202
6679019
8056003
20045106
20176613
993401
19454534
1179163
9368810
9264920
3693620
12147142
19046191
21534893
19562497
9669008
20653753
15111999
923697
1392662
15739097
16235423
1700672
11214673
16647872
21070572
11592762
10831646
1245003
