9580393
10579136
18538192
16196153
15639580
8541871
4067352
22068070
18428327
1606404
10453406
18217650
10358794
566107
11279705
8831401
12270949
10805329
1607537
8553998
15824261
12197596
17870653
8933537
21916176
18982141
2218208
10732859
21272223
7047130
11149077
16394645
16396403
11573538
4041302
18499102
12749924
20714453
7933547
6391770
21297463
3509833
3013787
20095964
12938797
18411228
16496930
21070164
8480645
7192150
2636627
16762758
7488868
6459467
7191711
14652615
9152354
1914092
21569246
2636639
6686523
572881
19134270
10810773
1172035
6684709
19318934
8953552
18301158
6892016
1571171
11320462
14601653
11260839
6450004
15660680
7192931
12086388
9243087
14645200
10722240
20976307
18646564
12479519
20145352
18503222
17726614
2148434
7547013
17628417
16844244
11731286
572203
2623667
3756046
22020859
9742444
1915458
4039187
2140601
21941059
9683591
8922919
20335238
11446509
7784245
17642461
11306600
10987581
7769092
8340735
17288951
9891820
16880093
11827995
21686873
19689975
21397911
14564316
18445062
6540463
16446687
1729351
157146
12688560
12530110
6408499
21185470
6685744
3335690
7195967
20036022
11908614
19927625
11399370
14656256
16594584
18495271
21548414
9476540
8350593
14567970
10386275
9735066
11027508
20653703
10548769
20331697
10405326
19494415
2521792
1307559
2848407
20107943
8782501
3330451
19653409
6541051
11893320
10409535
2527105
9789697
10603653
9763923
6128085
10983679
2522461
8187113
2750649
11084010
9686810
7193354
17143708
3524254
7193039
17019812
12434596
11475927
19573250
8013504
1751640
11942539
8965313
2127489
15843272
7988602
18363956
12545186
14587659
12711739
15328713
6686099
10334429
21323993
11280227
8411901
8790053
6295628
18695427
737099
12044157
18312775
7193439
2150449
7196768
19892887
16360077
16133894
1999624
2790578
10885281
4039343
6970044
12845183
11045582
19467449
19205577
10085122
21493095
2632829
11434019
20616664
11869526
8681018
8567049
156629
18721604
16330699
8290156
12668451
12162158
11348054
8077547
17491354
12919770
8926351
20345436
9505862
21739592
12099396
1619306
8309177
7771880
9327710
9254126
12403243
9541760
18036370
8807151
1767111
9719089
7831149
8891809
17199842
2821097
7586349
2081144
20656727
10747195
2943532
4043642
8062332
10337893
17320463
3433862
7778994
7200367
15635864
2942124
20609313
11214269
2335841
3728286
20663787
12386147
1417858
18408622
16324665
17538763
21858983
16210822
8723595
8390721
4093618
17761310
2963057
16712748
2737777
17132771
21675267
16479887
8685759
21339484
15682436
2022018
11501940
1367210
7175221
21364113
19269329
9339419
2042926
17401755
15812744
20086993
15266362
18665121
15524172
1330940
20463612
17726868
11102452
10500975
19879173
9256850
9812077
14711353
12611354
16944989
3432109
16271079
6201123
2938953
7196685
9293409
18269819
11794883
148886
10957789
21297165
10987612
3234418
3774691
19291480
3137009
9874050
10149255
1832513
7653790
842611
21096188
18382207
15858244
3159327
10212154
6217739
8026015
18223516
16891234
2181989
10666426
11422821
17204904
21211671
9581609
9211111
21310275
7669317
21547632
9463057
9486942
14501363
12491770
10731383
1614009
7603519
6827773
19584897
10163618
9568455
7481037
1294877
565583
21127202
18238349
9580509
9416953
20694023
2724637
1533352
16116056
12532721
11468644
9861588
9068404
3409517
21033333
1884475
2835936
21111758
11641284
2396783
19356534
8335820
3027794
9822084
9709714
7165494
10894901
12831715
19158054
19263466
18660946
21256114
21059443
10503066
2222003
17068279
12148335
9420700
11806092
17285443
2600997
2529060
12102569
11748102
9884344
12870673
18267919
1409216
1538006
16352240
11002448
3405780
2937256
19616675
20052757
1597356
17033963
18716706
10581085
6539500
15246916
2263018
20176208
6723995
21163864
9259266
6239933
20826969
2191407
19574547
19036942
18795295
1597233
2016452
19576333
12970634
12074282
429233
10511649
3509682
21784453
16566405
11956238
2273548
19787389
10609387
9324873
10329096
149522
8484575
12572839
15093975
7701923
21845194
16093482
16558574
12948063
131564
15028076
3275092
9470454
3774694
17365241
12875766
2963451
6686548
7576764
20031620
12085972
6541809
2414054
4067353
15130304
10885316
10335857
20722267
8067608
17413275
16053962
25706
16796072
2783595
7739779
1632085
17584684
9067824
370596
15010107
4039291
21303989
11716250
15145866
14719702
11704206
11269509
136322
17765612
14706660
1301260
6541373
2017599
19288554
8747854
20663266
20091516
8921668
995769
12651046
10098248
8079988
2646539
19617224
19843903
16337494
10722539
10551703
2144052
12127374
2709859
7901192
12821218
405948
16717149
12113700
2615172
17630518
8919184
8455337
8554020
16003271
20209766
3941220
2432020
1854516
2282734
2150040
155986
8542046
7861645
9420835
15054661
9742053
18394447
570899
16155110
10484868
18653582
6721947
10190407
4040499
20430206
3152442
3453857
8885258
137698
10544609
2147830
14982294
10220146
6779742
8339417
21752393
15227239
22002928
8092186
1450882
3276974
1985799
14690422
6233381
9405171
17271748
9363823
1534180
2959263
4072172
9596329
1302453
3437504
3805517
19096110
18687251
10885298
3066484
20585010
10806205
16143023
1520505
15909065
10423663
20083621
1294751
3622558
7565930
1523653
10334428
19103153
18995995
12928484
8042671
8291928
2636085
3820536
17571558
15502930
8101239
1896665
1841763
6540593
9640338
12767664
21638988
19168242
7195268
19390744
16196183
18761664
17482693
4039882
17322626
3341173
3673160
20128375
16914373
7647417
6541894
18377551
17222357
12566118
17612750
15773956
6225816
19214301
16298585
11599863
8929183
15314809
11976781
18486443
17286570
21808063
12860864
10467159
18307630
3152461
18270737
3155900
14584423
9738640
12325025
3048829
1376894
20975235
8729301
11707242
6216500
21801200
6543446
7646275
3843410
21482415
8683430
19581009
8105312
1585604
12045437
11040002
19210213
17452128
8090971
22133850
11171481
417626
21486912
16274778
18216862
3192852
19514599
17612745
17203440
21763135
12531876
21954874
8522404
2398616
6686533
15867176
9440712
21705997
3673167
7198673
3585069
6859413
18197700
6686058
18841259
11174073
10981852
9179083
3786177
21999873
21211974
2190723
19715413
2531862
10668013
9494334
2609619
17760964
10885302
15227023
2949575
14688508
12641690
11224026
10929265
2934463
9880221
21826022
3732729
21332562
20459070
10532952
8889279
17587730
18977803
10868917
19858137
2918163
300962
17313334
11523606
21428141
2241332
18810562
21323101
8280529
20578946
18711970
6541867
20493276
2372402
3448166
7197047
3560758
1677408
4038719
12969887
7713108
8312343
18675073
2741779
12950129
20378375
1715932
16966870
7190771
20594303
15258625
9914956
9048664
20818890
16422064
10968390
10457893
6195361
17364112
6542695
2437537
12187019
15451154
11712823
6424604
16700182
8975500
11291312
20615758
11095433
21609527
16015427
14602442
16101831
15018073
7199148
20505683
15737656
564201
499279
11453453
8927902
21967835
21832052
1942760
3158692
9834600
16275737
8515150
1811088
7023517
10215301
7848036
7994801
20596014
1711968
16035579
9717897
1614914
17085533
9780786
2373813
15481588
12395447
10453404
15220483
12687851
11343969
9002746
2304877
16409527
3462161
19026858
10065280
9835779
1942744
2254703
12147880
3831026
10900182
17165166
21090963
3168476
7674867
3298376
3955644
18500049
9333604
8084326
4038370
1885160
18573260
1306418
19791467
18423659
11830748
2047546
3429922
21769783
20655066
10710359
11262409
14623814
9738731
2977157
11908253
1284368
8890820
10508519
20946285
16329667
10948063
9825350
16956445
16538283
9652326
21161685
8585270
20370590
10814629
15835520
1553888
20854967
7732989
7724139
18181922
15776621
16394946
19269870
465221
16684489
8074011
16505082
8328386
17373219
886492
1552912
17937428
3158127
6683070
19150014
1854495
2212370
9215518
6684510
124302
17786241
9326994
8496536
1602595
12404959
8721650
6445779
8848368
12540642
3555804
7193042
21127375
19825248
1765343
2767373
2500880
9068138
21269411
12966640
18076673
9595223
12018719
17925909
7662452
8944587
1279528
6161533
17389654
17288950
567421
15583223
10553536
6793014
21211672
12394125
154845
19812010
21344638
2565984
6461311
7674149
7487317
21962729
21285074
10506390
7890275
3367006
9825352
18505544
10969744
7752668
2510685
22132027
9080025
15365294
19176971
9916510
15936968
7669953
6448611
9448568
8311972
11223420
2366318
1470013
20505944
15366815
1922823
8427174
20679303
19589435
12643889
2331361
10329202
9816915
8200497
12117842
2278798
15792868
1824720
20430203
139039
11137837
9049522
8281650
3049285
2723268
15234423
8315814
7977076
16801160
15734613
9691597
11869178
9487471
19184181
11701936
2632828
16734369
21879649
21147908
9763919
6543036
3150447
18193809
1484373
18564408
16043485
16487706
9608799
9039128
8533830
3529074
14749499
10794163
9447323
2163780
8047317
11599630
7960017
919664
12638336
12075240
6217360
1856409
17239717
12629077
15568820
21262074
19246500
17683990
16244376
1623663
12514635
7198942
1920945
7642041
17343104
3899648
12165871
10734798
12572836
9792264
21858245
7487306
3549499
6215710
21885263
20215891
9290498
11583900
2093554
1328341
11216824
20307337
11096095
17483124
8215786
1307560
20045868
2932135
11381574
8276380
20428444
11499718
12535400
11286301
7201672
11934602
12507404
6307545
17893685
3510233
11405340
11153705
7192683
11093415
12906032
17646583
8684780
3789054
12716108
10677401
3449500
8261235
15815798
6541866
12362029
18443249
2811044
8776279
1620998
11716785
3249282
12322706
9435047
19317068
7557938
19170030
12533836
20630643
17174192
9011974
6946759
11707246
10979510
9084709
2296891
7313632
15298690
4039293
15798182
19537671
19069157
1921126
18763005
19492031
16475469
2073659
1967573
1621403
3604345
20728387
12210337
3398239
17584718
19656099
11305053
11901893
16115295
1836234
6540256
17339407
7642872
3679601
19319796
12045384
565586
9608821
4039188
21206225
553849
6145217
10424815
8723605
1648780
9891822
8322664
7864548
6507299
10885318
12379228
10335093
16020901
9609010
10897388
6541978
21660922
21283319
16124859
2955139
19632136
12114854
8983685
11975900
8844304
19804282
8568746
1529316
145911
1999483
7500268
9233031
7199347
1562118
12765625
20461466
17509612
20560390
6537813
21911328
20932463
2938168
2147358
17659792
20727015
12002263
9540323
1634681
12878148
19628972
19463358
16080792
12221426
9060904
18206573
2800368
19015585
19594814
1634614
21841191
19629498
1090134
9091515
18252826
16302130
19390699
15914951
1744720
3136707
15358028
3655412
14519438
16829191
15532299
11395543
12036528
18990578
10834446
18221959
9568454
6681978
7481038
1541047
11411510
19009178
11773635
3942653
1775744
18273731
8435237
11593472
16565504
1307087
2936014
7646516
19317295
7864549
20843659
16802731
1742669
8478042
630963
8049584
10090480
2727424
2956239
1872007
21415759
11068713
9382097
22129834
20833588
7739112
20047131
8434171
17071997
9468073
8989109
12711738
17233198
2026381
1598879
16573425
9068395
21083921
3890678
21803945
20515817
20530761
2371102
9276769
8562235
21526175
20031601
2943531
21216834
17711718
8112714
16403170
15115610
3710044
12673564
17015543
2345239
21229884
18957431
8994431
11174912
8043339
18929500
402219
1925107
15499950
8667565
15320572
3453844
8172476
10908160
14595408
11986532
2863386
10700065
16306922
12889664
6543589
8894266
2931319
3621496
16001775
6259384
2789909
14575301
10694592
1510015
18388083
2634154
12846507
9825363
6756241
16444635
3573304
1555218
19716112
9484605
8180512
3943162
1530392
6211078
10494298
16705536
11505870
20017903
16134764
10069688
1533567
20201256
11318603
8685525
2179087
9130123
3774690
15646888
1300955
21069531
3160375
21674835
21396583
17895567
15573212
12224783
10885294
10362699
15749187
19666645
19582499
8585669
14746558
6542928
14577578
11600691
21415726
19648128
15016346
10615904
21496630
14564332
6686529
7200000
17343133
8188902
152169
14728033
6221476
3608609
9140839
17885214
20186549
10874613
21272776
20959879
12555494
10554420
8231066
12723263
12793636
2561922
7807679
2254542
10904984
8331781
3916478
4038604
21459359
20632954
2318227
17934906
17196685
18543797
1586913
3202704
2705508
16563859
18337725
15852071
7934006
20487360
17383184
8034891
3433878
20667846
19645038
15998675
9105042
153829
7540289
15764794
4047060
21822014
20179607
9076715
1237793
19419401
16507236
6234909
12020273
9608800
1562208
21550666
11563546
17476457
8665119
17400128
7569264
11376443
8834242
9740349
1401613
19891768
19699347
8992869
8582183
2100060
19804281
17394878
19385553
8862308
2339587
17013486
10405155
987790
18837795
1790164
7441866
8020058
9869999
21469214
20869644
16645962
20390064
19781716
21842595
19017410
10089247
2375075
18772524
10952162
8890821
6890438
1892084
11351269
2148028
11412718
18617770
19240104
8681004
3571749
17162266
15282451
10545522
2636282
2602064
17190533
9562436
7193978
7546786
17690063
19307481
21215226
17343132
10100291
4040272
2963452
15353880
19347027
16918501
15745287
9854522
9203495
9888000
4038691
21570694
22028592
7036703
14706661
20560001
2897627
8953402
19629299
8935683
8660453
1884495
1598867
1728506
8685558
17192269
15929624
2862980
12030893
20029238
14596793
8541961
6540865
12632925
2942774
11260834
12411913
21604920
8212971
3429906
19576360
1334992
6686549
12689619
3020133
17296855
19375058
10885285
17337597
15455099
20089483
15217598
8397569
8354817
14759397
12416269
9562578
11236621
9096921
3409519
21168529
21048653
9601485
19295170
10662815
10092577
18929571
2347236
2188844
6500216
9752027
10638227
15506649
10609157
17532812
15849452
15826262
11051732
4072306
8457391
16255113
8435822
19054921
21781160
8028353
9244711
7199403
17976109
16523510
1304452
20179635
7787263
9503187
21860706
7201843
3195486
15861263
12613094
10490480
9272529
19026526
17853713
7594081
16945537
18222636
9744305
3319161
10433339
2909578
21242478
15085376
10218076
10023585
6540151
10453405
1401604
11194704
19039552
2529761
2629875
8474379
12953063
9183622
20675977
11413932
10937920
7729014
16354870
3355485
2010097
21605294
16119171
9781652
624161
2631478
7646313
11457751
11073359
8222116
3265306
7586256
7784760
4039883
9857927
15163936
8901045
10756245
9556871
2809615
2619580
6529128
6682124
1583804
15690239
10798028
3158691
19959526
7825952
6686528
15058760
15875537
11323420
11061071
18755699
19155574
18308019
12025373
6241445
10737988
8865227
8273757
6829442
21636934
10218070
6508193
16950194
1410351
16479967
18177389
3653127
20549684
20044516
12576501
2914341
9672407
15889278
10371699
8333984
6892224
9498103
1320661
15031138
8381257
2074625
7586358
3433863
2693049
2388497
2815893
20875630
15009854
19258174
12711217
3179142
17218564
15786908
1478397
6650409
10750581
9339511
3588449
1732366
8231790
9255687
7594106
12715841
8751512
2756900
8679244
17352280
8962560
1387798
12479243
17947364
16386658
11992261
11891837
3675461
2960727
1409209
19651039
15561336
9875091
1605115
9753915
3333138
3681006
12010954
18818916
12750397
17878423
11471351
6542420
7930262
2146933
15227096
1943242
10149875
17522079
10723894
14635376
11579424
19714456
11579735
8305244
3203039
14598681
15646884
7559464
125353
15773449
8020188
15170094
9630108
4039770
11937669
3843577
1409213
12845840
7642013
17659936
16633993
6217440
3626016
1764827
18030583
17288765
1287564
122786
2918177
2455129
3070965
2087998
20087448
9172070
15008060
3623403
12154326
10548782
9444881
1591832
15213084
14577573
10354207
7573393
8429656
3120403
1467053
2943785
10337887
16498243
7797212
6285490
14654368
20137538
11433815
10796416
12740038
11798525
1534962
17879024
20610019
16736096
21205420
779595
19480619
1487458
20433692
16930014
10603099
11478359
6315985
3179790
9293711
2399894
21091965
20339815
8435238
6683731
21798877
17142342
7612980
3825854
1434084
18706033
2529887
18929575
18393115
21426743
18033010
15992642
9617660
1795500
2312980
2608176
10334051
18054343
16290130
15166115
4039700
16182184
8277603
3433865
8739775
22000583
14515931
618612
11916606
15317754
3799425
20646679
19436787
6539620
16010679
6225688
1527308
15897189
9464252
1389762
10897562
19273718
21339643
17981828
12713689
3779737
17181038
2989576
12659978
2633134
21747628
8454383
8141164
12484613
2066786
3571751
8155342
10694591
19239414
3267713
2212364
8655135
8313404
8651904
16818204
6738522
1540436
8624872
11977769
8315821
16731703
12469210
9505925
16416046
11960592
14975481
9225201
11433814
20883596
17061702
15637729
10149890
9097827
12901180
8891804
15882679
6687234
8309175
9283227
18460722
21576649
2615140
21716109
12546431
10218071
17706803
7459163
7717285
3663427
1478395
8310974
8917293
2050829
15776691
3879761
19878003
16235005
11665799
10821150
3271194
2050914
8834693
16445713
2641940
1615727
16423247
6174133
2422996
7898523
7571485
8733028
7113941
10810779
16305629
6783290
3653130
9935031
8176100
10064386
20458838
12769642
3793571
17603482
8881503
9001809
15306636
7835549
19061534
8626964
14739733
9556872
21566213
8213549
10029128
16220227
6125160
9264495
9922586
10453733
20159828
15090713
1872706
10885317
6131085
2960750
8712479
22012903
16273479
7495258
11273725
3105563
11499819
6685150
1451263
8899546
8337536
3370179
2934251
3263174
11329547
2633475
18812404
571670
9776528
15732658
18591440
20347786
14969643
6240237
8927755
9119541
3509905
6687124
9090781
2191578
19147353
10724526
1735158
1598880
2229787
6730749
1396872
3433876
15919171
16020591
11515006
11476749
2277453
3960794
18499549
7040581
16260052
9406174
10957791
21439502
14989152
18753132
11815426
1625355
9432308
3424909
3429929
10453402
18325444
15909831
10591029
17181035
12875764
12467750
2482379
16825433
7028058
6685014
7911041
21626805
3801246
9244224
11469422
8236826
21555854
16711313
573621
8012080
8682601
9672414
1279614
2278803
10389354
10806987
2364585
9352976
21169191
16521632
21252143
1473659
8727713
20648432
18164940
21400392
15904638
17655857
6686525
6686893
8756201
12114093
2496694
15139989
1947708
8153461
7202014
18281919
19669818
21890327
20560167
20150040
10569205
8356302
141534
18082525
16232363
19320660
12590187
9559256
15316448
15714316
12957435
18497553
567104
20048491
3398258
12224720
15673802
10203006
8339400
8398237
21029830
19429821
14655460
21652007
8814730
12120892
20700091
20492395
2609588
6681534
6685592
11847164
69831
1339814
2729058
10653677
12632228
16132243
12810613
10443050
10731693
21174185
462168
19356516
2239701
18722159
18021935
11758106
2969734
20738943
17368585
7653090
17401092
9177985
15589007
16198885
6542926
21985136
3692082
1860213
12042624
18579498
19942368
3503801
19682572
1426771
8957984
18555141
10887451
1807296
15056831
22134470
19468337
15605838
21939945
10798428
19523780
19114882
17239612
11287897
18619899
1991674
2940799
3665949
9587982
16500501
12365869
7200540
19102887
1872008
7500631
21865958
14676746
8409553
10770582
10996847
3598004
1456257
10731450
15637489
7651935
18853091
3564613
3384248
7192756
11857753
6446987
21834037
8256050
18445996
19734498
11712350
8269315
15353039
7736477
3752883
3653604
9856603
17047136
7194134
9764062
1944483
1869967
19221830
15495441
15205937
6778422
1439289
10348961
7426188
21880606
8904675
20425820
12744021
19412936
1530969
8198888
12552558
14634768
12518181
11938539
11790265
9593345
16138947
6380352
11954944
7044398
9626910
8729055
10167695
9792265
149494
2979980
2793267
15976793
10803446
19809210
3411762
8957410
1870921
19771749
3760614
1607539
19335851
21245263
7473662
17599454
3211358
16821425
11344190
16832996
21482599
15861004
9227302
21499742
572867
19734503
12114099
8301427
8023645
6215502
14702165
15959967
18182350
20977454
16723792
7603520
19033660
10197214
6131086
569583
8673110
16932087
8682078
18424640
19535269
17872964
16329660
19188198
12499627
10766992
16456237
19623315
7876048
3622547
14608747
22000298
12242271
20853713
17637070
8514894
8809524
21549344
8508868
6452971
18928334
15990760
12143925
2621076
15364742
6658929
17636184
15098664
143554
7611149
19207402
17081637
131483
15889279
8883756
16037498
3704879
20814501
10885282
11343316
16433243
12754214
6540479
11755374
21418320
9152770
19588822
1423936
19846039
18684141
6687227
19761987
14694955
15080536
8447336
18660945
11043079
11150980
7960250
9739515
17884073
4039115
564246
7644808
1601721
8235408
14500336
12917730
1856410
15815132
14613868
6543166
20813091
14763430
2595128
19017799
9875087
19100034
18406204
15907287
12848666
3276988
7495208
10596417
15220895
8952826
10820029
12192282
11916607
12047795
6415946
15965784
2942592
7200406
12535402
8803684
15711886
2090527
4040347
6231891
8186885
7861612
18254468
8409057
10024132
18940898
9541509
11853553
15992717
3136714
20456196
18184960
17712363
19095136
9203493
9485139
15356973
2139705
18261006
7500266
6890950
11975901
3963729
154832
7998866
9386163
8347375
11320853
3271191
7666571
20079744
4068761
1341172
8512718
141933
21673841
6609043
7840991
10555597
19795160
3506615
12532802
9724616
20654101
1843519
17051347
12643345
17506720
10626436
2998652
11904418
145553
16239989
10810803
11121596
21083940
12474143
21189481
12420671
10709380
6540150
9707013
1758152
9313593
1879988
10224210
19094815
15882685
10475783
18020371
11055985
6683690
11701629
21148171
20049137
17005265
12001828
21285668
10830241
15505378
3386970
21430528
20716846
15050490
12439642
6681520
19341953
21821610
3782878
3163814
18649599
14716597
19095812
19808288
12465455
7933510
15909747
12365172
8383086
9114056
20559996
16990350
19181403
988769
8383310
8025994
6402848
11505865
3963945
3707787
7860914
20171599
7608453
19234246
2424266
10888207
12646440
18422502
8512413
9845835
19875907
7919972
21440157
21296323
21257752
18663296
9258957
15144333
1826118
10525522
18157941
17990387
12712021
21440552
21457908
12572837
18000913
14609187
18297328
2846943
2536598
2137433
10853000
19140572
8563095
3597995
14602217
3774692
12555387
18459471
7539015
9326946
15832975
8207632
9420702
4067355
821417
18757064
2969412
19502551
11343953
20087449
12454339
18924171
20332420
11673586
8710134
17221043
12787675
11603924
3078543
8012885
944584
730103
17729309
9849802
2952700
9667169
19027388
18775057
17551924
9471507
8117456
3591713
567895
16902264
18175793
18374358
18479334
17599605
1416772
7576766
1433821
20413025
2545076
3711482
21144833
17502765
9462423
18448260
17547615
2077151
8677022
17126659
9266787
6450529
19317303
18498321
10210207
3880854
15227510
7901842
12844200
8227834
9233036
10682077
2947778
16274223
11571449
2144951
10692525
6539120
20582486
16545649
10548770
20086567
3766425
15074012
8532945
15063400
21603417
10099924
3280318
11106718
2408001
7247331
20592870
2976267
1924007
8441598
3503812
3378358
6540514
8343320
20113990
18565313
1896663
11433822
12146140
8596854
19221222
9853064
6858929
15113016
9280726
9857875
21487031
9189189
14572168
2619583
21355829
9387064
2529757
9503188
12086390
16685985
3563779
18379775
141782
18071624
20454654
16569542
11072281
11813927
7488201
14558303
18379140
19573382
15241541
15724674
16631007
14608758
18653579
17162267
20141097
560691
2356642
21453614
3954519
16103042
15272516
7188823
8945043
10709686
21533915
2138847
11223490
18388033
7196300
18005871
8729374
3318304
10979008
19490906
10750582
20148331
10900303
21229815
14520662
2268859
1833086
11225599
19719782
2749014
1602637
4039653
143208
6995039
7803049
16521396
20921440
2537929
8345698
3565084
1825009
14761742
7004293
6948118
2021279
1169870
15123994
2188895
8020027
8032182
16134315
20213437
574066
3829760
6683147
2695385
6685149
2637603
3724242
18436121
15636083
6449208
1833577
8215792
11698010
1554567
6543445
1409212
9323562
12017801
8754324
16088418
19891249
15210538
8225903
12360390
1554156
20075948
3140859
16723782
3030086
3803514
7189958
20089517
16362731
12874464
18377541
8322662
6542003
10659661
19590045
7891469
20535210
21344270
16217705
8667563
8226248
8631348
10453403
19049357
14661957
9279182
3942651
6235296
8491014
8541736
9734214
9825351
8321727
12422569
17556586
16340229
2093764
7193406
21059442
3837078
416805
565582
15558058
20298698
3433875
19233567
10749987
6684388
21718329
12533876
15466086
2962556
20694748
18506004
10685328
12867741
11857621
19962484
2236965
20086501
8554625
14519273
2530334
6541170
21345853
3298928
21642078
9476946
21154256
12743006
3426460
4093626
6543380
9046497
7955572
9017855
16434003
20359594
8375420
20193175
17159756
11577455
11796547
19216453
11786737
9428702
10758028
17394955
18535739
20559778
7194009
19283344
629070
9636339
19439414
6412651
3722878
11349745
18676044
19778676
9340035
2926037
18243370
4040273
7821933
12767549
12392833
10590508
17667862
19931342
16961286
1817183
8320827
7612981
12807849
11028493
11895574
6572589
12952925
21514417
8434174
15918318
17703256
11433813
8664529
9493046
17330410
14717721
7856533
16542879
16914482
9340700
21104101
3655141
2971588
8158529
6450032
19779629
12705874
3735656
156499
20804087
6854913
8950066
1803972
1949249
11888025
18175163
6686527
3220604
565264
16360967
15088105
15450220
15166900
8783769
2932264
3583457
20201901
11593633
9152779
12893974
8471737
1575391
21553441
19126203
943082
19858111
11014375
2287821
2536513
83426
7612972
557834
9580168
18684368
11028488
8231010
21802391
18375581
12899434
2789845
8437341
1584251
12754703
12718490
2959708
10499702
17315619
1300465
3433866
8624871
18585501
8624883
10969627
11150624
8751722
12639992
21131475
819799
12574982
8554495
11329541
16648175
3250140
16924941
8993276
2809005
9238458
15367880
19136482
12949406
10983031
3078540
6890100
1836510
6433835
11855665
11673058
3743930
6686530
7909436
17523090
8734163
8993987
9568229
10980884
19073533
19079368
18522550
16288990
38761
15201162
2624363
2959479
18430738
15084367
15605950
9626909
20028645
10736283
8177236
7546787
9380978
3733270
18817784
8261076
2188716
16630019
14974853
1734293
15902928
9727680
21757110
1662576
10654248
10586172
19706581
3829686
12640515
7189139
19028670
11479478
3655413
8970733
9723098
6889473
7700546
7493026
11022654
3621280
11078559
11549344
7575834
10525521
9333977
16958502
15029113
11872361
2091829
16900725
18226496
3838661
20693545
9666389
1796555
17382120
1765747
2917389
10845092
1933634
3609045
15038665
15556819
3716885
15179961
3624661
15105787
15316453
4040984
7194768
15640279
8960495
20169111
9230325
17431747
2534657
2971360
9368664
18504678
15610259
3565964
17567882
11359941
19651018
19597062
12428185
9218526
3154329
139105
16465475
7695401
15689345
6682992
9535554
20151718
18386622
4040821
3626011
12397190
21885653
2277454
572794
15030251
6407444
12231086
12194373
3382298
18203203
21227947
3957625
21291890
9235114
18408621
11316124
10668297
9228257
15929462
10672287
2655076
7758182
1590733
3880822
8164133
16018289
10565167
21071750
10547982
16553961
1743793
3588450
2672766
20970640
16364468
22081957
2815897
7787321
15966565
10980083
10321120
2140576
2407763
10885287
12028602
11034944
19099557
18773229
7909507
21362292
154981
2963448
9863609
2344320
136532
1951130
9238384
10365592
8043336
9687825
8665349
11886323
10487363
17465632
17404510
10904847
17443650
9989081
3223643
19020799
15156219
15030138
141924
15641276
8051488
8925735
19128401
20039151
19768645
16267621
2480710
6682018
9034636
15519267
21567923
16546150
16045673
16911115
11181629
6681823
6889622
20446840
19784900
7713099
9139983
2816733
2834530
17947214
2703610
3679611
3698447
16765132
2137778
2304878
7787270
16828917
1405273
2959802
2533529
9082492
21164170
10595405
7994816
9290308
9326691
12964519
10721640
16880098
15061120
21697606
12037942
3555802
15824202
19083141
1831183
21548921
17326062
20117437
19167104
17996525
4038383
17274902
10616252
10499251
9610222
19041432
18922638
3267363
8874782
9472994
18344061
12630653
2022023
4040486
1895649
16274418
8407725
8213586
3341224
8752814
21445281
1832510
9290407
16825005
8288414
2894653
11724573
2649530
9821060
10701329
10758382
20086534
16824994
2614315
21660924
3669272
9243004
12957437
6238732
12015478
17928598
6539421
9527212
20122559
2800366
9864605
570052
7198380
20471659
15213074
572730
11711469
8655465
20807280
14728715
16352075
8086333
8530329
15638265
12968086
1470741
16334953
7192486
6152631
21907603
8354814
10827394
15923195
16018775
8383789
8049092
1930894
18405525
17336924
15582318
8673131
4040139
12101796
11907009
2307791
15961398
2932704
12472914
6541865
7856915
2892986
7200794
9632959
9154300
14578619
9744451
20083991
19074594
9060892
1871402
1711971
8207870
15920463
15493594
19147047
9326995
20333876
16359068
1388330
3760618
3233804
6681545
20169264
14648003
1625368
20089485
7897130
21540441
11498078
11214008
12025384
10618355
1776247
8066253
18498962
19905082
12222827
1430197
9731645
21729505
7511234
10874841
14970747
2277267
6101296
3759268
6493012
21939669
6339198
17456097
1810702
18773675
6210710
19160190
11109290
6892223
2655512
9988345
2198392
11748752
9614571
9631872
1543375
20623194
21036671
16801819
9869954
19479837
16969859
14571646
17899313
9780340
15331289
149179
10898230
17472322
154915
2151236
16326803
9890686
18639352
11756201
2754753
3276110
19067231
21355676
17052906
9239634
1908255
10904835
15881843
12442545
8898297
15918626
9858396
3905046
9477718
2863385
18028454
7487307
3120669
20038417
16818200
8724552
20442001
7196686
7848420
20396395
6291255
22137068
16051073
8283604
18993161
18039946
12642359
3324526
11133230
4252244
19198201
9637280
9789859
9891824
6210957
17606095
17249200
14748671
6859085
19449412
17973781
15563671
6682137
21910226
3718796
10817648
16628037
10149277
1977849
11811224
1930895
17532066
17242726
15876807
6678290
21822977
15517514
3242535
19765841
17506107
15331282
1351887
8923931
22043622
156993
3745699
17349063
6683131
12538779
7199006
10756124
20412494
8044957
19166699
7742219
16702883
15923280
2533275
18926831
10148403
16194874
128794
20308473
9291551
10885280
9714088
2706577
3233817
20854285
3453845
3959484
2534925
3448167
8772766
15518629
15113017
14998404
2784808
19769703
18246667
11465965
16352166
11899520
15877279
21235926
2290213
7605148
2632827
9456495
11786155
6458422
15706574
3160067
9236436
16343166
14598234
7136140
17162268
2870493
8444000
9619616
12903871
8644029
8803443
9198888
8320824
8160835
16963066
20159436
17116277
15042843
11150235
16938236
17290930
8557915
8194834
11179057
12369835
3267715
9032164
16352453
16502323
1341819
20805560
19864201
12086238
16208280
21059734
6214230
3079780
12194374
2312981
8102625
1428268
15711191
16757544
21353236
1864672
11579838
17970016
21234187
12871691
9988947
19293462
17449414
15338021
12360133
19055572
8934365
19734507
21911172
12040353
9778542
14578598
7857740
17603483
9589860
2811944
12849889
4093623
3241340
9506700
12707239
8756204
6127950
12297897
7199252
18534273
2515825
21464194
18842161
11433818
19375677
8000586
9792582
18478037
9448897
7190317
19037593
11849863
15136674
8948724
15160490
6543588
18981328
8104836
3998328
18661169
10084376
8435239
14621181
3246319
6543444
15721518
12572838
7744002
4040978
21886060
18510487
2810034
18262841
10358456
2669647
12676538
2650869
2963450
20597953
20187665
6685970
9252790
18941922
18809794
8821423
14752114
4038850
9339420
19292083
9779021
16996883
9564764
9711886
21056571
20038476
10494800
19056193
1772691
21029098
8335819
9973863
1442494
8964866
21948173
10150630
8835864
9691102
17273968
16297259
15240615
17383032
17513216
8842784
18494837
11770082
8881505
20043329
9498985
18031308
7633156
11094220
10093771
15584569
17344178
1836282
8269185
12940378
16320929
12709440
9296066
11875657
8890799
17427614
16199347
10979025
6686547
11781559
4218728
3774688
