6648735
17597057
15073160
11187970
9856168
2053311
3536983
12665262
9311181
20575801
18499832
17627926
324405
17456302
9819494
12390921
1445172
20935343
996442
21152465
3306868
8205468
2885202
11999238
6100872
21684485
684152
6942646
12641485
3003730
267280
12592602
3143334
2591394
12555366
8077689
2570476
6109493
2196873
9322182
2174854
2527546
22077248
9014799
9639145
15316781
2870758
6403276
280362
2400647
3757436
15106311
3525091
6137559
21223509
17643277
1070988
8772623
8311359
16368240
17976865
1126304
17622512
10221086
16029131
21894247
7457804
3830767
3756410
1290242
911704
6694599
12693084
17610529
3658850
842820
6270940
19940203
8471190
11156578
17351228
3537613
21273078
10716610
9791667
2189027
10730071
2437391
22070007
2900312
298441
990034
21567112
12425209
8210309
6856155
6147211
12714866
3537621
3552583
1089446
21895857
15388818
3062604
2600288
17883674
1346963
11087
5722316
16119971
8036815
6111438
14579980
3711657
7184347
21678708
7140579
20183701
4012481
79917
7006620
1124670
6139123
18298894
7510621
3645705
20925009
20408315
1092541
6822054
90216
15846615
10218547
4701797
6937940
8324912
21611596
1071631
20066057
21753071
19830061
6266669
12044376
11641803
3699050
8378624
21569071
10853872
11369570
17594792
9516720
8952812
16676690
21509215
1337504
11271382
8751018
16824287
11903321
820274
18065827
1005653
277167
19448214
20514100
17848395
7249541
1345150
6433560
2246422
705237
9883710
3402518
11332259
19097847
16354964
2834936
11563713
8012727
2670512
12647912
6342909
3559637
3910352
9366100
11940055
343703
860824
881278
780088
15745200
719960
1310847
10353044
16911733
4067062
9796569
11642520
2830066
15717579
7113766
3312528
19274113
17536614
3905333
16435060
15616901
6599673
59244
6428359
15265803
17143190
3863050
9072320
12929904
3707033
2611814
8967604
4990551
18325191
9090045
7090459
18310560
3564836
21896412
9189837
16630226
1659727
6091388
14976274
2711019
21482568
1613172
8072387
21474458
18363988
9822196
3296668
19103738
10716032
16597265
10465191
18047475
3169048
7213519
7231698
2601619
222657
20487583
8236182
7105800
2385736
15286197
3987783
19149525
2651131
19734479
16156680
2371581
6487484
11219485
18651443
12886817
17444063
6625410
2060561
21649448
8522430
18370510
12214259
17503243
2805056
11103442
8477209
21872791
504045
11704625
10789823
9744153
1486398
1708971
15532137
3659246
8538347
1221939
6437838
10191442
12324643
2070426
15681114
18297977
1308017
1554972
2771275
3963358
3763539
694607
1752063
718120
10448237
18069189
19508680
8464988
3905165
16203672
238344
19151074
7123953
2254725
8958
6812785
6509787
1886511
3935239
2668840
10497629
7473536
2467681
3316094
16159947
3306266
2264803
7841832
3991397
19537129
3911735
6767908
2241648
6487456
16669823
12389057
3408637
21107496
18680527
15711973
16292348
7067631
7506652
15260387
9538374
8582097
18628541
17086425
15869038
8866625
9153994
2982247
15257162
12197195
338256
10376398
16241928
3378807
2481165
3103518
18218007
7002527
7020348
8852525
3306269
15022871
7021331
16721592
2580331
15034158
9767369
16390355
9777076
20882176
1703740
20558857
18568054
8828013
12226766
62899
1613195
19391315
11465878
19930736
10870297
6125818
3665763
811177
3300978
20527651
7619328
17303035
6647200
17430620
21545574
19909806
2409747
568526
486933
4041299
21885259
19912155
16902307
1327632
20826870
948547
8549260
8624584
3042360
17492946
10590787
6303639
3330186
7438478
1431677
9836402
2182052
19296015
2942387
3732095
10709892
10420445
17523715
10715756
7620239
2971935
7997910
209063
122325
18006462
1865172
21172222
20042425
15554367
3154709
3913428
15787309
9506858
8450525
3885979
493954
7320892
1362543
20513219
7344572
21686739
8805897
7510615
6494089
8977748
8116061
2680677
1778895
7018361
10726708
3075402
12074040
9704251
7813526
1071694
3714599
1967337
19272167
8733526
6821616
8747122
7247444
8133819
423833
6487502
14688811
11849243
11217540
2799370
7748276
8701528
6443682
19415885
21314872
2902493
3053555
7010528
2361438
20210367
11800522
1361206
8706647
21644414
18052619
994952
15779848
9391260
1359869
12962518
7128669
7632536
2844497
1353501
17950537
11981051
16226024
1614456
21426288
19490200
18653901
15633008
10914461
3153319
11318774
1851785
12916547
9007778
18523931
20170948
8378650
12189007
7857739
6499696
16645683
18712229
1514346
19656123
2924510
2692177
15985978
17504277
8919893
3732099
2591459
12219971
21208974
16289167
15012710
17598898
17672863
10659291
954692
1381892
7564673
6099737
20822897
8762225
12588281
265228
8388847
20868413
7954550
9152674
6598066
3860318
7125166
7784279
837172
7974459
4817188
21686511
285569
3732096
12511728
1536528
16709332
8378619
2879627
11811378
232017
12122615
18085124
5784614
2437392
10396249
1449445
7016529
8232712
8369199
7302742
2686998
21179289
274940
10192086
6256118
20846832
19551302
1448414
6287777
1623896
8966774
8982536
19646241
119300
10895150
3499247
8744073
6349207
3157950
19641011
7441565
16421724
11780206
1177236
3658872
49796
796642
8760660
6196073
6391889
20144973
16019657
9120678
6732146
2600289
11806389
20565455
6185050
2391332
11827559
9332329
843974
1132803
7388366
8247522
10580298
5443380
21686792
20378407
6867699
19175991
20184709
15187194
2994984
18045821
2551090
6325055
10487108
417199
1259829
1739388
16600469
6409208
21686346
19562574
16235487
6745288
15055156
2553838
6615664
10618671
6939429
1626357
8142230
6745293
18987258
37873
10473021
1943930
1280569
9787291
16573402
4076001
9557099
12748167
883995
3311570
2024929
21523638
2878177
225048
10353300
18724532
6619031
2851039
7820893
16339606
3047887
11851179
945655
10830083
3947504
3922910
18386633
3912314
6120859
2866057
21098893
2017085
7859787
18931399
19623566
15760922
9212315
19589901
18783141
6433943
12151569
15545156
14734400
2012787
367712
21251147
6134137
10490433
19813682
1465363
10211330
10878775
17366436
2575521
7826681
7112655
15678291
3003306
1655884
11696523
11942167
1541086
19836323
7646822
12463139
3440634
1954079
2864374
1337462
20392754
11896504
7283541
15249739
19712894
3022271
8403806
2712984
11996195
16430647
15605674
17971393
3312527
9867313
6434386
8144144
12209290
6542549
2283639
11922156
9885868
2996444
12897223
7393077
12880547
6128051
15537370
12854385
20095916
21705784
6617241
9828910
396093
16710131
10070489
10656225
18325192
1791090
6301838
21212932
85937
1204283
3935459
7670248
21044117
12798753
17207609
16809930
16279002
11004975
7957362
666926
11453962
8223224
1494407
47018
8960430
17697226
6316802
21686875
1085001
6383226
6373442
12951726
8751019
7487308
8600610
11430709
19671390
2650023
9431844
17179992
7999636
16450155
3025540
10597870
342359
2702932
1595222
11994029
8179975
5354811
9662481
1486914
21345572
2829953
2915738
9809194
1681278
18539224
11989578
2261240
6149923
3901934
1323077
7058461
10787395
2160342
6698408
1981879
6197982
7497894
4855253
6937941
2044564
17965038
10605499
7049587
9506239
18587013
4007027
21985170
8155488
6237811
12457304
2624794
21393359
8914570
6805839
291506
8098220
20216072
17897330
8099222
6119685
6258369
1462021
3087320
8538920
21125214
1660744
1381893
15985518
9829158
6487508
11317201
7008182
11302289
19303829
15551045
1818534
8834992
4004122
12556014
19413659
10824333
11961979
696414
2668246
3891305
194762
17724894
9561346
15334131
1167821
17524034
12215069
11141378
10560690
15134813
20154363
1758803
1344932
17883675
6779745
2251604
2806289
7867231
8911881
12092066
3804580
12954712
21606114
3714603
104134
17245522
1619503
19101728
2602549
5123909
14534467
7954543
11930683
9529585
6651995
10951870
10572531
2031079
18069212
20348977
9879809
5768459
817112
9208117
1486913
3732091
12082695
14986887
12588925
6726756
20091762
2391553
18997162
21769248
9370341
17970773
8240727
11733624
8372469
21303532
15687517
20358137
3122108
7046777
11259688
7128662
22010428
18822027
6822053
8762738
7443613
1673494
8196823
2694763
21398641
3024870
11642522
12482786
7685286
14597859
2878464
2266347
3421146
1103273
2607042
2065471
18005217
21544185
1234492
8682070
6496243
15354848
19104092
7049881
469441
694798
8625382
21668051
15869044
6513729
21482566
7104176
6861446
19144110
999330
8595691
17280555
2596248
1938816
1320346
2735571
19712606
20568489
12955514
595699
6741144
20352294
20539332
1058211
11723313
2551550
19702521
21145353
2878954
20213599
8429712
15554746
8950843
15956092
3525090
7029938
2317435
6499695
6681039
20170344
7999525
1865169
10613001
15663288
3719609
17437126
2338688
17444349
15730437
3229422
3908325
11797462
21597596
2534412
8544895
9683979
3732094
3064953
12880012
3582518
16357627
11777887
16720505
3521182
21909644
3197055
537960
16441475
376054
10597864
11004715
3096237
7786143
20166083
9627074
7828395
3525088
9512916
17720988
336453
3527496
6401257
8099912
3144955
16830000
1328906
4022878
3006534
7126418
11732152
6652539
7721506
17042915
6280131
2803933
4076205
9628312
3828194
42507
3608055
17334417
6349983
2806353
15983101
7047719
17704939
22142744
12972899
7988366
6137369
10205594
11735662
14556925
7242415
1285468
15160270
6860532
7237214
7029004
611393
15778079
11124690
9690973
1326051
6386023
10723124
8129865
18584586
11801579
6143631
902598
19398203
11271021
3311097
9543787
10341751
8258028
16603013
11134141
10516735
4568356
3274928
21426598
19382398
10431323
17452686
18308632
16556107
18705533
1663200
2718795
1635911
9391791
8257070
11553016
7712311
10962948
533676
3280173
19818295
4043516
6753893
9599640
2569521
