15014525
15120945
21121868
16531041
17068083
15125619
12942553
12872150
21450785
22378641
15763976
23014737
15094364
22344297
21225261
21156064
19041155
21040530
11787232
21938724
11569495
21299457
20470368
16469872
18452091
20557306
21693728
20510109
21448598
21782534
18543309
21996970
14505676
16918576
18434631
15858618
22233112
18551246
18679424
19182535
18457727
19208803
19435483
15048068
19847285
17602061
17963518
17432976
18240216
15254412
21519258
18362061
11989477
18221045
17342766
22286512
16547768
19225039
20529782
20574046
17565683
15657578
16842963
16116908
17804707
18191450
19968734
19201023
17696988
22325915
12802811
11722980
16506288
17325667
17568811
16885745
16759613
17545801
19765927
21863513
15374841
18687474
12712475
19544423
18751412
17607922
16919303
16631280
20500819
14615464
9923844
19744184
19325470
21971958
20682391
15161340
15796061
22669492
12921956
22718859
18826622
17448964
15800674
17761812
12185586
22225474
17146202
12867062
18219926
15331406
16373964
17717205
21856226
16449804
20925044
20451394
11434814
16175138
20346015
16842150
17447369
20110034
17321998
20140688
18651143
12595304
21281241
22767892
18644105
18041915
18607592
16572205
20399520
11526600
19158834
22675576
21220230
21292323
12419759
20967517
21849485
12439048
18548219
21140451
16715962
15786422
21816374
17450496
21606571
14551501
12049868
15070710
15350151
21677481
19156392
15939198
18974832
22500535
21240485
17175231
21853672
11895760
21830406
19404318
11718431
17465516
21414552
16395422
12171166
16211233
22541073
20860069
18796631
11769961
15555283
12386018
21698178
18483293
21834475
19401560
14641143
15795119
12091333
20845478
16840209
19384689
20015886
21362375
19714578
21517714
22900848
20096165
20103779
14504105
12663457
15840387
18664621
20811403
12938259
16418324
16258596
12202652
21418741
21071117
21322567
12783207
16966028
20818898
17512905
17554385
16476837
15455301
21850579
20944735
15850831
20299093
16699280
18952707
22337716
21631962
15713800
10995000
17646785
21278395
17705578
17435538
17603257
18305564
21576640
17875901
15893416
15042680
18314612
15517872
17428693
17062131
17384487
17072721
22202277
15728023
20233971
21123820
18338744
12858155
14557495
19101781
20388063
17720881
15876454
17308109
18622894
16900596
19644796
17431132
19696986
17926190
19635185
22677017
19194361
15911092
17718241
19433723
15994946
12592349
17311065
17347407
18165615
20922448
12869491
20733125
19570961
17353625
17193821
19100369
18728706
14523462
18752846
16468234
20079194
16401709
16222266
15359646
17983688
16200212
12682626
12538164
18931562
12537980
11567109
17607681
17256123
19688297
21252092
17170522
16001431
15510830
15812427
18020922
19230972
17929119
21454902
16338660
21091149
20968202
18094422
19580999
15995325
22693568
15289338
15865871
20025487
19509176
15167915
21362052
21905615
16038739
18971787
17029152
17883045
21699458
21158719
15822404
14979476
19783996
15810964
21913865
11572056
16089297
19039205
15749638
21971238
12973833
17021249
20658954
19508953
18190961
12935931
17203980
15256422
23232855
16969080
20491997
18559612
12633529
21069551
21145590
20147328
19800016
16640697
18602021
19068454
18679646
17993409
19401451
21801127
21983176
20668855
14513377
21148486
21737509
17359908
14717479
15988505
16608506
19283923
22149092
16636799
15325033
17822760
14976243
16838024
18215092
14646349
17448279
16936779
15618956
16890580
17276938
14657591
16901395
19654305
21079613
19536989
14977353
10523635
19484334
15865878
19402171
12970766
21727212
12648069
19728396
17076649
16638194
12783380
15547773
12796039
15054816
20061323
10619854
15036944
16640548
16816921
14734229
22522984
18061581
21438838
21883244
19253137
16617318
17301971
12490207
19131110
19075620
19584824
16790518
16042686
23330292
19401345
16598311
19139121
18981115
16908206
22348015
16927371
19774742
15271395
12076575
21073206
16754879
15240773
12884857
19276395
21465636
18632600
20032453
22422898
18234315
20109225
20703259
15377577
11864995
15932372
21387287
15702527
16098062
20425347
19492163
14961027
17611687
15251464
11495818
19303138
15943486
19690215
19260806
21479127
15308009
16418817
19093165
10200527
16441434
20805747
12439339
20023710
16421705
15950376
17922091
18539964
18288997
14555323
17308316
22262141
17288838
23077812
16862153
12558064
21310760
16862147
16910417
18180382
20699436
15917650
20339585
12456669
16865529
17240048
21942976
16864049
20043189
19337284
19696983
18971393
18648736
18194138
20673586
22952296
15365079
19362466
12917031
12824179
11567987
17541396
12764388
18701889
12941424
21342791
16307013
16334774
12858193
17255582
17631559
16082427
12634004
12591277
15347310
14529151
15308010
17272981
16931294
18360981
18178357
18177485
21521711
15958631
19204223
17283145
16019496
14988091
15094158
16274936
15778488
12124177
18474303
17566667
20024108
21156255
21098708
17992582
15921303
18173550
12964961
18193718
18524863
20927104
11785454
16631755
12901975
18575724
17804066
20489620
20564078
16810345
16266927
11431711
20414949
20386143
16806061
20684429
18525320
14625174
18155952
20473908
15830571
20482842
16444746
12490842
18478940
18312355
19801450
19270722
16023722
22420986
12154025
19242505
17574967
17211520
17230224
20407854
18486448
18398751
18462010
15315971
19739234
12722877
21937741
12682644
19260254
17704745
17095087
17708241
16800953
15285873
20181277
17359292
17330260
15921372
18984963
12040447
16917210
20076908
19503028
17062727
20410182
14692031
20589679
19924144
16482207
23133972
20616902
16999279
16482991
22738777
12783372
16998957
16286457
20425400
16111540
11853786
19093166
21645124
16855631
12865235
19959094
12429650
21668392
22125447
19006078
22000961
16741576
18854657
19108890
17768119
21930739
21876122
22017446
15509806
14577318
14737079
11986248
20071982
18518762
17980129
17048202
18795086
12894500
20632368
15109544
12851843
16502579
20532990
15517875
18515258
18300363
15124676
19294538
19860818
16630657
15820927
16321820
17915318
20211560
22453014
17566845
20961253
19048492
16826359
20197733
14559829
15709925
16424660
19617878
16151468
12094371
20017606
21094867
17456720
16227099
17441215
21712707
17687201
20017608
12435730
15557593
22370312
17623954
16174751
22024073
20187067
12507224
21544895
12743148
21060741
19337199
16242052
17084373
12898363
11841411
20132655
21622134
20417730
17053739
20601032
12592347
20032375
15056053
15473910
20551067
16013955
16728580
21938530
15837592
17907508
12188890
21689725
18064489
12716370
14754606
11597734
21862339
17706543
15235550
20425356
15199413
15929122
11960334
14635208
22374526
18704638
19348245
22157807
14692090
17495964
17455313
17961724
14760091
19951536
21970335
12397549
14737178
14998487
18607366
19254881
21041277
20735390
12859861
19732715
22076388
19271026
17405300
17509258
17449798
16260764
19839938
12124170
14666655
22210874
20692037
22678007
17785585
16282723
19087793
23099008
19055668
14656881
11798498
21666577
11818480
16870551
20861143
17245623
20358148
17169414
14559987
19720924
18414381
14745859
17570524
19468276
21483516
16760643
17513571
17590361
18729281
19476200
19860203
19012911
21252264
18085368
21400009
19878642
21511335
14726674
11012350
11060736
18391625
21651486
17912440
21188449
19351841
14506171
12357372
18692053
17504124
19074121
18452076
22314612
21641899
19825452
16624552
18024796
22054733
21490839
18726593
18650450
20417871
18665178
16265655
21495925
12857554
20507881
18843283
18039140
16825513
14738154
21934321
12492288
12357373
15946498
20610572
21263099
19430004
15634018
16953222
22488677
18620939
15283152
23088644
11489902
15933063
19446877
21434524
15638956
16683885
17933034
19174494
21669561
21828123
19225231
22116466
15672123
20072833
17327598
20090395
12748309
17321991
11986238
14657531
12057124
16627251
17530366
19540337
19778850
14713907
17108134
17014709
21316103
17682471
17192396
15710324
21489623
19183853
22922489
19110671
18711420
11471471
15544997
20509775
17555444
17355219
19807918
18931563
19620483
19145825
18922118
17382014
14685159
20451848
16415863
22157511
16462496
18028988
19925053
18814181
16923575
22643537
20422880
12702540
21566430
18303987
15177508
18082353
17764812
12010816
21091142
15756019
15170967
21156844
16858728
15613856
20590148
17292738
18344535
15705916
16598305
22960170
16689454
15963852
20499401
17294720
12563616
17206121
20595038
12829585
18502845
21721847
18715859
21910796
16767900
18473979
18429956
15056660
21990039
12752112
15927675
20439635
19210352
17586757
12373142
16097584
20922406
18083304
21926041
18533259
9858222
18355919
12783377
19749982
11460142
19262596
22385514
15036939
21417343
18387753
15523227
22684027
15327887
18559370
16982758
21498698
15659957
15081939
11526598
19505729
12512837
16757970
16135486
21576001
18166785
16607487
21460180
15087031
21967261
22094354
12783369
12796358
16571433
16885384
20457867
15108021
18397680
16357454
12044239
20372153
22241698
18663536
21596652
18774958
14555991
22289991
17452251
22395361
18407462
14871965
17579194
16842382
17172863
15169981
22439647
19619754
18671330
22650230
12679488
12589154
21986839
19343301
17690695
21892101
21533122
19723647
20473312
22510939
11901302
17571738
19037999
20465813
12808916
22371878
15355900
18670317
14712831
22120582
16289747
12469118
19272232
20855863
15375771
11998599
19490758
21198861
15475075
19111841
20442644
14603339
15621767
15610538
17308073
17625429
19406471
21575924
18042805
21599631
16105974
17154172
18297534
20596030
21419931
16903020
12654249
15120940
19701624
15141010
15642682
16841795
22329351
19905880
17458563
16530830
18594750
15073101
19318579
18706197
21271901
20425387
16706939
18001470
22169110
21830404
12429620
19557645
17634558
15515425
22213870
20063547
18398615
19338042
20690803
15674500
16757425
22369329
21083005
20599448
20423956
22269418
22035738
19069485
21178640
22623162
20585556
19846571
22844664
16102726
20663647
19944196
18006774
20630823
16298518
18584778
21150863
15982322
15271391
16377569
17624250
17873616
15251987
20013807
22642273
19956885
16082245
19880502
17905431
16827161
15813673
19621385
12801741
21443467
16775249
15245516
16638934
21295327
16320345
21739181
11111454
21854086
16942767
16546254
19773269
17382019
19047160
22142793
21502378
19151753
19458059
21982419
19343297
19542718
20075835
18383153
18978822
12692601
17964980
16906325
12673130
19156415
19304540
21475882
16820883
17597335
17301095
16281064
11969021
21235428
16219536
19381453
18938156
21903413
11198409
19064740
12469273
20529047
12354362
19793678
16865518
14748660
16539879
17408403
14551133
20629032
11986783
17441290
18442999
20305692
14682111
15718346
16513534
12648085
14605865
18296418
15226421
20944627
20875548
20154204
16129375
22334513
17296565
15042992
14747424
21737227
16372768
17604596
20657522
20380018
21239821
17234016
18789526
18848355
18230576
22739667
14610781
17236546
11831065
17218393
20120030
11773186
20180446
15176000
18032975
15223690
20124181
18048643
16524560
22058259
17094576
20150913
16463391
18619726
17013457
19650675
19047139
16280112
18367490
12756164
16475128
19318574
15812822
18034598
16204927
21671474
22502910
22871884
20477604
19812577
17143248
19266256
17213809
21851498
16772838
16780770
15618474
19075528
21599589
19417143
21339748
15215876
22806436
18555682
17217104
19717644
21474579
21293142
22211996
22141136
12154026
15561681
21277378
12271813
15033506
16877696
20525993
19403889
12783383
15549304
19509233
19182537
17318191
19462170
21903771
12821941
18792672
19509155
18045121
18981009
17206119
18525190
20376083
18058572
22169779
21562040
21975944
22204455
15239393
17299882
20685771
18436994
11593427
19874801
21633340
18180311
12661001
15493041
20061946
15512830
20028869
16497876
21577109
20008223
17214353
18190445
14615462
16879016
14698262
15814335
16321842
19213398
19757309
16614241
21171248
16304368
11071360
18262053
11752538
20811458
14609118
12781070
19561114
19860192
17926465
19037835
16266912
12625215
12006504
18089786
16918066
15271403
14621708
21693757
20152788
16596010
22272968
21157035
17544504
18485676
12506034
12611255
19562617
21556318
17550858
15627886
16634810
16741250
12970768
18478917
15569670
12390311
17318411
15833985
12446421
17122866
20079191
17364993
16136348
19774740
22898871
19762293
19010506
15059881
21516268
17396139
17080234
21293953
20009435
15583853
18413817
10446987
21689502
15507431
16190746
20005967
12759750
20352382
19748901
17363515
19013640
16648572
18559609
14510940
17102607
19942922
17980712
20167269
19579872
22397755
19468233
19703239
15271397
16966290
21368508
19652577
20095048
22203437
19369884
18495326
12043198
17828212
12859990
19536317
15268851
17054054
16394445
15471556
17963925
17216825
19817644
22339450
14534339
20466853
22489663
17473195
21157293
19283924
20425345
19707193
17107924
19144598
16904348
11870247
15899391
12086882
12146011
17376172
22306903
21651491
21180244
15870208
21768379
20883053
21488859
15661264
19353558
19859815
11932714
22152174
16498393
20001861
12517254
11925533
17305499
19652056
15779811
17762392
19793709
22203182
21757767
22408257
21347195
17085910
11264165
14725908
18502343
15918651
11584615
17021308
21422402
20075725
17723182
18056843
21078547
22414727
19886798
19698017
18838477
20718969
15790787
17849316
15177491
12681250
20067864
17292737
17040457
22002244
17824574
20137117
20137125
15010998
15883410
15747786
12231544
20471842
11795950
21163058
17222200
16482516
15085159
18239753
22052850
17145809
12817876
12699065
15703781
15603208
15726597
21459336
22879938
21665081
16957966
20962471
21128251
16446320
20658363
20379816
21792346
19342894
16266931
21226637
18245668
20658618
12114418
19922893
17259998
18496498
22691216
21955199
14628081
14689232
19496720
15293570
18384443
20124232
16223141
22880002
21041018
19391311
20569296
19933079
22009535
19116712
12504677
21874302
22450581
15564735
22338181
18409663
15882927
17656263
22035971
19525008
14645012
17483434
20806351
19015530
15719031
11741655
15161577
20811709
14568908
19708828
22787122
12047970
12195027
20107158
19296250
18053813
20486169
21191613
15217222
15749665
21464883
15946589
12409651
18095887
21716259
17633870
19584848
18056006
19212337
12918521
19890907
19282833
17312299
21235817
22300707
19086840
20147838
12882622
15945512
22209988
17924401
16498395
17680243
19102424
17967235
10955819
11964322
16303243
21321929
21462593
18759691
17263867
12476293
17044945
15681532
21299849
18235112
19214491
18232728
11290430
15529444
20143399
12783382
20807813
22034611
15758023
18671247
17102120
15799239
17420286
17420275
19899132
18728664
22033940
17284091
16421422
18088462
17138817
21735750
22915637
15539083
17045162
19732723
15034867
11927282
14512312
16306788
17559139
14633705
20299524
17233818
19825526
21817899
18245170
15735062
17385801
17292918
17203222
12094373
20596710
12528774
18358458
16213363
12933588
22202387
19062090
17513418
21177772
20016370
12604417
20012337
21297225
20044640
15087071
22101339
14581336
21347248
17363733
17253164
12767088
17893873
17289809
12049891
16029566
22692507
21220597
21273957
17400722
12783367
12690708
17136543
14671684
19553600
16140951
19254887
15039284
15126530
12644539
17064984
21445973
21440936
17106016
21429397
22301675
20180084
17474437
19754668
19277658
22285130
21249316
20586990
18973210
19308813
11905596
16375715
17343077
21442637
18931825
19708570
15607376
20970188
17885950
19117346
14551510
19900270
19547920
17046443
23175996
15900603
21718141
19142161
15850007
16405837
22475343
21374699
15921308
17386117
20720558
19248972
12130532
20180814
12243110
15695519
17198548
18708414
19729974
19737651
19703484
21732333
22327338
15446552
18060460
20717479
11877262
19302920
16848363
15255805
20041122
15498115
21602604
16087402
16823818
12631595
19286368
12485943
12866435
16845659
16604830
15505216
15166033
11847029
22331945
20684746
18158072
15930265
20080832
20685895
16820205
16782190
19036439
18313694
18520293
16949736
16161057
15626746
14744784
22935232
21403650
22644824
20876800
19943565
12893773
20693777
18988937
16342925
15100335
21138592
16236620
15946127
16343892
19171749
17213828
16373716
16477019
20407438
14505550
12393654
21647162
22093988
19377081
16682291
20376798
19052040
16529146
21328429
22047550
22234754
12412295
18486526
18595147
19589593
21859733
22519018
14976062
20728698
21508120
15360005
15753388
19219078
16341042
12613538
21668394
15735135
22612794
15338756
19509502
16570351
21042889
11512149
18385749
21530604
11773197
22372463
16619531
18050299
18765523
20087176
12682642
12953816
21595858
15615266
14676625
21802141
19960274
17163160
17659092
17003111
20470194
21986636
21501463
17217313
22228624
15250677
15001674
21302643
19214978
20206141
15743042
17575668
12173041
15870021
21087500
18159983
18190601
15083608
18570897
19150257
16258483
21828142
19522447
16049512
18078058
18591341
11888075
17715395
11917072
16728945
17900262
17632543
12651263
16344315
15589603
14606351
15036937
16803422
21906872
19606034
19525190
21721207
15987015
15946591
18024653
20685492
21195056
15172974
18342708
15350030
20400933
15930891
16843101
14735248
15332547
15963833
9389713
15549490
16572634
16167056
17124063
20888557
15358805
12796356
12654250
22040950
14661754
16610938
23177515
19663727
22387217
21040362
20471511
16908071
14703696
16829481
19624537
16632419
12882820
17212133
15914360
18521425
19620409
20843134
22150077
18488160
16846476
16570152
22018447
20008233
19061660
11122831
20875551
21264552
17382020
12363470
12351420
20950732
17433911
18696183
11681237
21893610
19802531
17211292
14511021
18711344
20067558
14760675
18980976
23031556
20345830
20633291
15820950
12401703
19391130
20118061
12684394
18280240
21354517
19402798
16198662
11986206
17384279
16537804
16757427
11287975
16077968
14650319
20739063
16393970
19487385
21455220
21598241
18346844
20085582
17474455
20948849
19755855
18762711
20018374
12538831
19621543
21466892
19289778
20493628
21356308
15622586
21634019
17560008
19056677
12782662
12941682
15731964
20054670
16336789
18949995
14712293
11836673
19220809
18320923
20622000
19641858
17147244
19225164
16316611
18663490
22517720
18333115
16785069
21789194
21982457
19449194
15160966
17268524
14632777
18338179
21079195
18222396
15796172
20113282
19337197
22363143
19233089
12411298
16321825
19886867
16550873
21841337
20812901
21156461
18452074
17001705
15676207
20361266
21893472
12823349
15803362
16104885
12783379
17285451
20724445
12199921
11691826
21635257
21528941
18629782
22415035
19946763
18413808
12901295
17430686
16230407
16317759
21477076
19115309
21398330
18612408
19949796
21975872
22646775
17552016
21874109
16704666
12094245
15606531
18398726
20636223
16927019
21854543
16585609
12731460
17064224
17299092
19904263
19778852
20562316
17504122
12483110
12592326
20875546
22474082
16986125
16847299
12446442
18665180
17683977
22472152
15382266
21566432
15951264
20453443
16556088
15756436
19884523
21857502
20515511
16447722
17680975
15710326
17326047
20042273
19427998
15277706
16615875
19028071
21239056
19379908
16610057
16543472
15750190
20830748
14565666
18024285
22753368
20952061
21875491
18824712
16981802
15980865
17927489
20533007
19620796
12609964
16352805
19660459
15036947
11599196
20462961
22447953
16468238
15878840
11175841
15671523
20798787
15522557
17078470
17228548
16531543
16143141
17307328
15251980
20809971
15625278
19132059
12188919
21566433
20007109
16052979
16154360
16291174
21663515
21831744
17431950
15834452
21693657
20407930
18252146
18060194
17897021
14513038
15383930
12764394
17591808
20512610
16334201
16076008
20105089
19771231
22988661
21962649
16019519
20389135
11905088
16783341
20941986
15654902
17361003
17085669
21777350
21464731
15032571
15716362
17876712
20375493
16461299
17377606
17355221
11642306
21637917
16817200
21833718
16921058
19891708
11896121
16342165
15123459
12887890
20528247
22610512
16835260
16973134
17442231
12706873
15895440
21159146
18397678
20476706
18829496
16398645
12560158
14651144
12920036
18426838
12049982
19329185
19875757
17680223
20652453
19660726
20184741
20670950
18246046
15474370
15175997
15247213
20459996
18604711
19569255
19608673
18300760
16292461
21245758
20332334
20299508
20695129
15632213
21082296
12901155
17698976
17702135
17496201
16988578
21311410
21108567
15201427
15239391
17523053
15070699
21762210
16155014
20535948
15036940
17483313
17105448
19468465
22722648
22642917
11681425
17908148
21750117
20388540
17363589
20009472
15123710
22531634
19091239
22096574
12842979
12528770
12490756
17914739
12730117
16188624
12218235
20007699
21188243
12004080
18452422
22097958
15073132
16319507
16758085
17267662
21345139
20501402
20026060
12512386
19301902
12734421
17626163
22371319
15971197
19019709
12916879
15271398
12430924
21990394
16382404
19737976
17697368
11186275
17764563
15165506
22987312
12422774
14720443
21715261
15963092
20408881
21176848
21132731
20691028
17853901
12176876
21197073
12835733
19506874
16015044
21480391
11379577
17200369
19646278
12494890
16015388
12120256
22211240
22936742
17292735
22929880
12881321
15503291
16812971
15607374
18635661
19293394
12692630
14968089
20598160
22160483
15667033
18004179
19090005
12183872
17222585
17049587
12783584
17077157
17657220
15820940
17300237
15791812
22354538
21532801
19536994
14522890
11342454
18824923
17634461
20010473
18566539
19244158
20656928
21505592
17178281
20714935
18951468
21787763
17076652
17545544
17403535
17761719
17715389
15326474
14667509
21413002
12414617
20518424
21062245
12600228
22207052
21576023
22286129
16545630
18075302
12933582
21168502
12642693
20019577
18811058
18032972
11509034
14990650
18297531
16891454
19572414
12200666
14523461
19885836
20337484
17172705
16019565
17013368
16111748
14769706
16081693
18322257
21319518
12851663
17267032
12955579
17970609
15705718
20425399
12924084
15059141
16908070
17410337
16932346
15085156
14654084
18820368
22658485
16986393
12134042
19694892
14973502
18541900
19275574
19276351
16869383
21924129
12783375
17454792
19479613
21108851
20965784
14671613
20331405
17875661
17929114
12430941
12888176
18227573
18781906
16340061
18288566
16840725
19955903
16781490
20452982
18079618
15014529
21672337
11753601
19540211
17576558
12101718
14687030
17906206
17483298
15783087
18685617
17933121
12392638
21030554
15650267
18987522
17708275
18626307
17666373
18372169
16316612
22213549
18034597
14630086
16304377
18347159
18480061
21102429
20347325
21072049
18665834
17222247
16757426
20028751
12582389
14605878
17721511
12833459
15215166
15370216
19763178
21549035
19204709
19390946
19568828
16138485
17090651
17626041
20607973
18401414
17127978
20471447
23023615
17427641
15255169
19909299
22453568
15843279
15897563
19164531
17826684
17350491
15160343
17139320
17408402
22882953
12441317
18525189
19434705
17253163
11417489
17277393
15489588
12209733
19567163
21081495
20139893
21945732
17885356
16707466
20079431
20131998
15657178
16923567
21676437
11831067
18823378
19273490
17805334
18569639
17382017
16166919
15864854
16761962
20031210
18486988
17296563
18287851
19291793
15486067
19159435
12394270
14671816
22403813
12522270
22743095
16935785
16196499
12908555
15668652
18827185
20944676
12655446
19621542
20305142
15625075
20622642
21113055
19428316
21055169
21212648
20007107
21677471
12660384
18235045
14571082
15721455
21447695
17509396
19689244
19934315
15932570
16332440
16732964
17114238
10810358
12587104
16151467
16107623
17064855
18977531
17049513
17132624
15271393
16919395
14599084
19367499
20835477
14676110
21816704
12637335
20520639
12476306
17369574
18668305
19548306
21789226
15510603
17307123
12358910
22662219
16885742
16159693
12580969
17634837
18751744
11717816
21725688
21833478
15257404
22775238
18565874
15039489
17323539
17965002
18593977
18950453
21821988
20463547
19197727
16304379
18156735
17268837
21176552
23001881
16957967
17062730
11900253
17397920
14669284
21307148
20075836
19096755
15477218
15136244
15030167
18155764
21756808
19621547
12872372
19074120
17223257
21772112
19641527
17561719
20523867
17953711
16224485
16835977
16800946
20439456
18367481
11237055
18704194
20949032
22798115
18525339
21968620
16298826
12410099
20509859
18827427
16731761
21994682
15609281
12688310
19249226
17356543
18799804
10652433
14710199
18559972
12886230
12172985
17428238
12707370
17520174
22739664
22153896
17011977
17582306
15765299
22584344
19306355
17483068
15500716
12389876
22508887
20374036
12907457
18990370
19797221
18753186
19545285
17824795
21488587
16266981
18932293
11526490
21500175
12881486
20542169
15946506
11680792
18281615
18068536
11423668
20955401
15833859
20640942
17926177
15307112
21508393
19629393
11853794
21195008
16461746
17633095
19451433
19446973
18083230
20849385
22681908
17452978
21534873
19643477
14648032
17498050
19020890
15512807
16434489
16019503
16107888
16151465
20878498
16549611
22395816
12975485
17377585
21514865
16388976
20548094
15870488
22641468
20875553
20210252
19748671
14760137
20931790
17530620
14534349
22240609
22350473
16501974
14967958
15850018
15539559
11766345
20015884
16796694
19737946
12656746
17956348
15693434
12974719
20529804
17962911
12939459
12592388
15145718
17944726
18503829
18483301
22033461
17256558
17346158
21844874
16234522
16785130
22162580
15632957
19627534
15688600
21888027
18627622
19011349
12604685
17523753
15459011
17718712
17119111
18679182
20164181
15339852
21069865
12569603
21337345
19206011
11987244
20153920
22231235
18272024
15455299
14970932
20220063
20179930
22054737
21082997
17124064
14661689
22833213
21990409
20579391
20224653
11532349
18775061
15794712
16682077
15739029
19088949
19241984
11782377
14560780
12908349
18235122
12783373
18420966
20508612
16673282
20809224
19077095
17408661
20452974
15777182
16973963
12962900
18940662
16803953
11504279
22944561
19920910
18094612
12217811
15356641
19781208
22119977
19959084
21710556
19818327
16169003
16789903
19083009
21612380
21467546
18067024
21091189
12745646
15190295
18036706
18495246
15672489
21598231
19075254
22614104
19965667
12869662
15709888
17467951
20425427
12796373
15566522
12239065
19056916
15953881
16627807
17509253
20149792
19058199
20971815
15572730
15377484
11526594
16607775
12817431
18200333
12704441
17047316
18434632
16247434
17515120
14760098
21523765
21450900
18398723
17189230
14981588
17349636
20021987
15141598
18728705
15271400
17350876
19219016
20588273
12124173
16900530
18613031
11368438
16961463
21947519
14671612
18421200
19338769
16227963
12916465
16873673
15089772
15017638
17982645
15781911
16142196
11426656
18830255
20007137
15101732
12902432
16645167
21181476
17147242
22525709
15451219
12808148
20974687
18268096
15496979
15605126
18550829
12189919
21863287
12668652
21750313
12476305
15501042
16550520
15861176
18026747
19690858
12894349
14734662
21863074
16777622
15058636
11402258
15618280
15921306
14658008
12115389
22093639
11826673
18359865
15318140
16876399
15548358
19744571
16952195
19307018
12181399
20651401
20826440
12506022
17597804
17916051
19910029
12910520
17702093
17381803
17825407
16254134
17215855
20693771
22270078
22469511
18378537
18797870
20558931
15526280
17890939
19517473
17579186
12495909
18829561
18471874
18193246
18668570
14633782
21975443
20605208
17496442
14763151
21474977
20534953
17470865
21156236
18785644
18548107
16869786
22293257
10988075
16770100
22493660
19804453
15498142
22949154
19854117
18223208
16482210
19749465
15573099
15277274
18463658
15881519
18303784
16845442
17584806
16884145
17546049
15354415
14726714
16136169
15686514
18202855
21867645
17889935
22357255
18540942
15045935
15385541
14562118
18452989
17483365
20124512
21441964
21273596
14686698
12941812
15913431
16757202
19006610
15142121
15918555
18677408
15329466
19763238
16550259
20959405
15996481
20165690
21387285
18243733
22661203
19734999
18984156
18465140
11914627
19527930
15611623
18591368
12745287
17013383
11266838
15659698
18790751
19469547
19837125
22129479
17591830
11704799
15677564
16380835
21630503
15217221
19060842
21781426
15468123
18377344
19937425
18854004
15537917
19359241
16507320
15686056
17079230
20048335
19698927
20545220
21737974
21220747
15753059
17285599
12164557
12528772
11831070
19505817
22035739
19383925
19254885
15534856
17214349
22227529
12856363
12360044
16144928
18342113
15540902
15621768
21358619
21421113
15810079
17998678
16187940
17419949
14507401
15579919
16703880
16179913
18836918
17663975
19208831
18239681
15382958
17214097
12367580
15607959
17724918
22230800
17875748
16033955
21646773
19198935
19383237
22035758
17684580
15106018
16334147
21127752
16104925
21163869
21384115
18307562
17101065
21536512
18623195
21825009
11741179
22077498
22172720
15469479
12823338
18094660
20034323
18367669
11740805
19494380
11560965
15294859
18378854
22928038
20817824
15175998
18256322
15121759
17391756
17487504
16896012
19843886
11751085
19240172
18449950
21099240
16132930
20858719
15179008
12529295
12616857
21586885
11433254
17701174
17382388
20807497
16288027
15800910
16733396
21509757
17213285
19545770
15565985
12469275
22251158
20830316
16785353
15711537
17390197
19188180
19924252
15450235
21821701
15289888
22451584
17728783
20615173
9676840
14523244
17255791
18401881
16372188
15059073
17096432
20213318
20008622
15995322
17947479
17147087
20694077
17594055
19662183
19806784
20442314
18519516
15781583
15168452
15998838
15883916
15818402
22705991
15260086
16768284
19295257
16705644
15385107
15343347
17686996
21389325
12200668
16627756
16320588
17367763
20304808
20477206
21478825
20597967
16264901
12798163
21647446
18056928
22342866
12763928
19817029
21482077
22726733
21224473
21435173
21088155
18086564
18515176
21131771
21133719
16281074
19336648
12270064
16305489
17569822
16391854
19837975
21134983
18833922
16225995
11784561
19707323
17072676
15273685
19381023
17876770
16498388
18603549
20861918
12827926
15160940
16822295
20089016
21327932
19841739
17287945
19882916
17487749
15190305
21829064
11706876
18615551
19744707
19083226
15379136
20606363
17283111
22461032
11559942
20167399
21732400
20054325
20616897
16450163
11553417
20483705
17952738
21386653
11549802
16469308
16729911
20564079
17383001
19943786
15921374
19396599
19720488
19894779
15750270
20425349
16415276
12520979
21912334
21175313
20577839
17727559
15747396
18949171
17218385
18783828
20609486
17573694
19480932
21594763
20303627
13679030
17488684
21212528
20237206
17110460
15574996
21368597
16465584
19343480
21911423
12576334
17360569
20164854
20047122
21115932
19757705
18512309
15828850
17488653
21769849
22017257
18512310
13677268
15706444
17284536
19900123
18603297
17218487
19701750
20547479
12859989
12576428
19762228
18635311
21919038
12915870
21881824
16479070
12924504
20668669
15538403
22543826
21645609
20535017
21962730
11454136
22506625
21091117
19508387
10991971
19432135
17614824
11732550
17294703
17055254
21143150
22139684
15085152
20006997
22956142
21566447
18304951
20054526
18762338
15389905
15970668
15477214
18216472
18223280
18829489
21154127
17656262
17564324
9488616
11286930
18326532
16410689
22231281
18300759
21472487
23144157
21804606
20142590
16809614
11740801
16805961
12356018
19778851
16923586
20952511
16496358
17382158
18716134
16363646
11821474
20519627
18615679
16970656
16989583
21154157
17761829
11576833
16493605
20558942
21810089
15193255
21175497
15869052
11383208
19998620
19299048
16425211
17184272
17541990
18794453
15070659
20233421
20535956
12399961
12614767
18757400
12957454
12084474
18190691
16013994
11291071
18398725
20833982
18322295
16153117
15339701
17245318
19770581
15992698
11085460
15721642
19234506
12743326
15036942
18205699
15165112
12972533
11989613
18308388
21299455
21302443
20589620
15972446
18183595
18814279
21033223
17382015
21540021
12671692
18826633
21986252
17908982
15201856
18401416
14521721
19335275
19167064
19442606
15859653
12563607
21102425
19039816
19242496
15005255
18054881
21058037
12528778
18546049
15487700
17721040
19082496
16461289
16211085
15381060
12358949
19721343
16843266
23212995
15883819
15689327
12613514
20726426
16861316
18592792
12879428
21529279
22217204
19505856
21086937
15655368
17414958
17707761
17701051
14504092
17667604
22101270
12601923
11831069
23152028
15314746
12032333
19930974
21682675
11698916
21469980
16307547
21790885
16109460
21888081
19396513
19849764
21935931
12684391
19608684
21463107
20007105
19455466
15180531
15507407
14666657
11438558
19336654
16882205
18817972
19802003
19959091
18687785
22108821
16756486
22331939
17900686
15342818
18066563
17669336
17554495
21091633
21421145
16618383
18214408
20860375
19248977
16498290
17681669
15523233
20644099
12750713
21252655
10910906
12783378
15898525
15749655
17151376
16706941
12688309
20499309
12462028
20575039
20520542
22286586
17047150
17623836
20477618
19961019
15345592
21829770
21327563
12657715
18298026
20973146
19280591
16779792
21624109
18987447
18928591
16978696
19194468
18515579
22743760
12075749
11574762
17218776
11306264
14513056
19641300
12524904
15804320
19968818
15069768
20228816
20332752
14563126
15625554
22660978
21074222
17130299
15538546
15733948
21233313
18809244
16485879
19580997
12511422
20847527
20438801
19740393
17663639
15503866
20624165
20149665
18203417
21225929
22083669
17356951
15148104
16168515
18177570
12075401
15592836
15454486
19118898
12952023
20644548
20876428
21443462
15896102
21728004
15336730
19064982
18259950
21632458
20043988
15863215
19466505
16184589
15558793
21872909
18619723
12130526
15933471
17562067
20613486
11526596
22761178
16493196
17109101
18239881
21764785
21514211
15633227
21948652
19394692
12654251
16740780
16709930
20137141
17549412
16801339
17914187
19540747
18042065
15044924
16403907
17106192
15777512
19236716
20943625
20138227
17315048
16688113
16478708
16440780
21350820
20864900
22507133
16337868
21258876
21382639
17917659
12430926
20813688
17020995
18376233
20187095
15360020
15786421
22388075
17681599
18754032
15987369
20072834
21706500
17130834
20522965
19203346
17024117
17927282
22304416
22057509
21090521
12538464
16634808
19108785
15789065
12484066
19097649
20739774
21504445
14564636
17088264
15965492
16494625
17931527
19028701
20679528
21281966
22202330
21818111
15990860
19047099
16270042
18033324
19212641
20084799
19656583
20078976
21702117
18505916
18030576
12111794
14976048
19955950
17645829
20413659
22207690
16707477
12827297
18793333
10658679
19737658
15765301
18445657
15826245
17723165
21221851
16210056
20460641
22733220
12944062
15338554
17701954
22080802
17309464
20471518
19060840
19234487
20978751
14752888
16548915
15268875
20957137
15893029
22160023
12942435
20634379
20980997
21544849
21378262
21900920
16205638
21527515
17431118
14504073
15797301
18835981
19816172
15950899
11879324
21962337
17595328
18758897
19593621
16505440
21157145
15239791
22248740
16924763
20723974
12963124
17921955
19373669
17976614
16337012
12764362
17211436
18245661
22805325
16785120
19542491
18524988
12537587
17674545
12694262
19479144
19060245
17845754
21030345
17435644
17490925
19289603
15854550
19383335
22271904
17490518
18485902
20583816
15671560
21569802
17519960
20687181
22565463
21659722
18721758
17694440
19710400
17249259
15087667
11477209
18687796
20518073
15169982
19509180
17264298
19492322
17363687
15486893
16279786
16954519
20930519
17581316
19401306
18398719
18798533
19880181
20360719
21224658
17934801
17317857
17390033
18373227
18505786
22207735
12752093
17453242
19119486
19915363
22572726
19363292
16298828
20882527
20945321
15946504
16157305
18668587
15708062
15914554
17390013
19151780
20964992
22033489
21693729
12867128
15704192
14973504
19075651
21443205
15061768
21419933
15120938
17548227
22087818
19415889
18235115
16258420
18936177
12181402
12429808
21461967
16782438
19621545
20147973
15467443
15032675
15087067
21454294
17386236
20976730
19737953
17315159
21901078
12850478
21442641
21934349
21353701
21125679
19296883
20608939
12171506
17907802
19430002
21225019
15735728
15869901
15100500
20922699
16015505
17379100
20435623
19538165
18311459
19017824
16029561
19589924
14506255
18025176
21534871
12944467
16240136
22578778
16487996
20194843
19833389
17691909
12837840
12563611
18362889
20131307
20131302
22357253
21054565
16755209
12613534
20676553
16980996
18326555
21120481
21904381
19188143
16793737
19789313
15101081
21923654
15583854
11989608
15309514
22611017
19679008
18942073
21387093
17396105
22262776
12676775
16850123
17016042
16203282
22076958
12857553
21098700
21091104
21419431
21954688
17139461
14632593
19801102
18216868
19285759
15721470
17712052
21523338
16146726
21540861
20581169
19732238
15737014
20385747
19127107
11401587
20137810
16614006
21252289
15872385
21890264
12181416
22755139
17550456
15876261
10918610
15182585
18672547
12921528
19735005
17044046
14520855
19552835
22210880
20026421
21611927
15492236
19014913
18628470
11784560
21717788
11203205
21660654
21648223
18954749
16754777
11742041
19658186
16988542
17717825
16030188
12454740
12651257
16809884
17118762
18632627
19636238
17659683
16684124
22708678
16818290
20583894
15710577
17161911
20870634
11431023
14716340
14676628
16437934
18704417
16873671
18768781
15457300
18766322
18669873
12944919
21865346
19959088
17389295
16033874
19486036
15946318
22652566
15087377
14677065
19377851
20725786
20500152
20332468
21110775
19560455
21540050
22069174
16236162
22542374
15479675
18502340
19060352
15512829
19606213
20537386
20408872
21384125
18096225
17492935
14986692
19246139
22103975
15158764
18506689
12094370
16596278
17992029
21600007
11870257
15921304
21124747
11179439
20561402
18004569
17542982
22213863
12359756
22215488
15764042
20460883
14603651
19795574
20014066
20425368
19039626
12571542
15894928
16270044
20064605
15197170
20614720
22287505
15712639
18816866
18078752
20207846
20582615
18030002
11869961
16613680
20965936
21220745
20080487
17549478
12935973
22420895
20670732
19383029
17135364
14724651
19568608
17703986
15003886
12614232
12783592
17546507
19378338
18941456
21422404
20033343
16397263
12941844
19009241
16632420
16855633
20004471
11801458
15824241
16146747
17075323
16406016
17007200
21228037
18519520
21769850
18202009
20042679
12960256
15155467
16142328
21285671
17682286
20305139
11287972
17182377
18626154
18066989
20805664
17618624
16237304
16843775
19254884
19174038
15618926
15044919
17695408
17462730
18931565
19776759
19541476
11872078
15345872
12569358
14715630
12204532
16000593
21316382
22770910
22202260
15927253
16483568
17599363
21887305
19451502
15389797
11368361
12167692
17357599
15805265
19052981
20957481
12509385
20864406
14534331
21719393
20012403
19890786
20853134
22037271
21651812
15377482
21290229
16168125
16721128
20110785
15547201
15738656
22202388
11792120
15078137
20551892
18080447
15921309
12393636
22271898
15679256
17164530
18794444
21393960
14585225
17254529
22020400
20616901
17954092
22523564
15176002
11781252
15655345
15375769
20543544
20177019
22299775
21228332
20356624
15003901
17576939
22800481
20228846
21277547
21842698
12120282
17560988
20944093
15683824
19096980
21659463
17988989
12915610
19696984
19259085
19967494
20377918
17410437
12481435
20726440
15256643
16170379
16597591
21779452
20956624
15659505
12386312
18572972
14501388
19860177
15075103
17517053
18626147
20007927
22842456
15321889
15648083
15126780
11574931
17031409
21368884
15763642
16601247
18188833
20201747
12897659
20112054
17962203
21523440
17196360
16000598
12660081
12430568
18346714
17139602
19226363
21776882
17717597
18245647
18668536
16155822
17566666
22168217
15921302
15492989
20621681
18212257
17596748
18420270
23252253
18448166
16627254
17214339
18623899
14976047
19951880
21943129
19243795
20844563
15565413
11296132
14688462
17123082
11740803
21319869
16361144
17008552
22192245
19793710
21182511
11765724
19722748
21095002
15496975
12204529
12506764
20367437
12213705
18395492
19836827
21933497
15304388
22564553
16565971
17303698
16298829
15014531
12783371
16203604
19296866
18452216
15995324
19061223
21795709
23001300
16034462
12712187
15101707
14999931
18338755
20017605
21224352
16955508
18451237
18778561
15906751
17252018
22683475
18268406
22972927
17926464
14597677
16185153
16899786
18612313
15692843
17956198
17508004
17852464
11438556
12430925
21682105
21346750
19959082
20406176
17372901
22821389
12476300
16936444
21818092
18235442
15621809
17554062
16387954
15610660
18431049
21447834
16440765
17220607
17656601
20332700
15018397
17013488
17022045
22031512
16965955
15572595
15863197
16406018
22475357
22048790
11751479
18452084
18417686
15467412
21516270
15631540
12563613
22687981
11707430
14672776
15846297
22157697
14996855
12610329
15495258
20967481
20017607
12917635
12208734
20214599
21694845
20072125
20071983
21355183
21475132
16537444
16707599
16044311
14671642
22101898
20585028
12727920
18957968
19735720
22570081
18181199
16782905
17352263
16435011
11993784
21592517
19120352
21320496
20100145
19337651
17382013
19021069
11499689
12673129
17488167
19282395
20469993
21111679
20160360
16481303
15811621
19411681
21822826
17325868
16924245
17189410
15009722
14726395
18316005
12028031
17363509
17008009
20930540
12646955
14576606
20718683
20499235
20107730
19234339
16965435
16002463
21336995
12739051
16642048
18181176
20077253
16155013
18323796
19171555
21690468
21253680
20869423
15990864
17690708
16797704
18042796
19563029
17890218
22030001
14624253
17336514
17575672
12130516
17141949
12884817
16704665
16079118
20807979
17491033
17532173
21378478
18728023
19119081
18830121
15176001
21653319
15803096
17460235
16469036
18448557
17315025
17623672
18396652
16439005
15323579
21108601
21403427
11734109
17536018
19822300
21225238
19362609
16850122
14654928
21861323
20127176
19812602
21847523
18615681
15307114
21119733
22350755
12949711
17219077
14531922
20565230
22780208
17620589
17062082
15596148
23175995
22054730
18473987
15058589
17220814
15475568
19798095
16312129
15610499
17265116
20302768
14695158
20556391
15150562
12094372
15755509
16936068
15712187
16669605
11016641
17229641
12506189
12669406
16418188
14687999
16007105
19713230
21395523
17195235
19850751
18384557
18454182
12447845
18485048
21279555
17682432
18759727
17131346
16266870
19707313
16156411
15160941
20922581
20153728
20043176
18580237
18500518
16061882
17373424
15257957
19944036
15132971
21715304
12410126
17609876
19047110
15972854
15496628
12094244
17461760
19109573
15772698
17522721
18282461
21368456
18554156
19046841
15050748
15223635
14717774
21769846
19693287
18828924
14576058
17428635
15188669
11919387
17396144
15985189
15109541
21181412
21527063
16731599
19819619
15241831
15914361
18830516
18519812
18487909
19829996
20682399
18948750
16034306
12773665
11260393
17661208
21372467
12369893
18794796
14760677
15100154
12370803
17442779
15774738
11753385
15510207
11932905
12921957
15198956
17537753
20053766
19861435
18024412
11050003
12122963
18188725
19735261
19216789
15725484
15070666
17925564
16371644
16116920
21298759
17470729
15723656
16342249
21159206
21991530
16325031
12866442
21403403
18281522
14755375
21607924
15256429
19717189
11986204
14753595
17851554
17187856
22262331
20407778
16715964
21801126
22521768
20425449
16544888
15036938
16007188
20616895
20055659
12903574
15629889
16185167
21844991
19338751
18455151
22285209
21867603
12651262
11847031
11526597
16920319
22089421
15070706
12200667
17875769
18029844
17495881
20428337
17193822
20658364
22507785
22327847
12750693
19370179
22997454
19887262
22180435
13129965
17167796
21804629
18367049
17261495
20936366
20606838
16203792
21454413
18346528
16970408
21302230
12820774
16857107
12829606
18977528
19519355
18763606
12560071
20451549
16956349
17545631
19403302
21705667
16990392
18613965
22703822
15667906
17097375
21362241
17377918
19434833
17435540
22705697
16247424
17851575
20419513
18664550
19838046
18946752
12826646
17100568
17441403
21570118
20021856
19563513
22703859
19996579
11579630
19193436
20875549
18056186
10372232
18314611
20699073
21902298
19229589
12775739
20147452
17116620
16601347
12698177
18418407
11861291
16142999
18958964
17587883
19591692
15266089
15870711
21115411
18428043
11345193
21966298
16369975
12799534
18566683
19657955
20859122
21760961
12430859
18514701
16176419
11793598
22229850
16098458
17229322
15966868
16533527
22431575
18422477
22119758
14645009
12086885
16718773
17562354
19100521
14559912
20517337
20888324
19185009
17926182
18339455
20145273
19521122
15470331
23008321
18782571
16768285
14739914
14650952
19913465
19264234
15010069
12096719
16423961
20425355
15284852
17148668
15306664
15646659
19358301
15278004
19757319
12436445
20381084
16343205
19998064
14565659
12935988
18514829
22448923
17868862
12174137
21299458
17986854
12054102
22545310
17323498
16988930
16446324
12942103
22482506
17533744
18034600
17710683
15621818
20210773
17624289
21462307
20111860
21538468
21622141
17495516
16840200
17929448
11964283
15796158
17339191
19561230
21935477
22857529
19793677
18363516
22249155
15980154
18613398
19237191
19260121
19446878
11879090
21333826
22067393
20002159
20440266
19967882
21781497
17033447
22951951
18564854
22403810
15018431
21535160
17488671
14705495
14678896
18079249
16447712
15107311
22039840
21045136
17662883
15329907
22473898
18598109
21325259
19878083
19479615
15744589
20073618
17470686
18477770
12565007
16214314
12707720
21258186
20614568
19169754
21717109
16953242
16818614
21561667
15036943
21677482
15976351
17322509
17294533
22665524
15685537
15987013
20028860
14571286
16616487
20359744
16566359
12594213
11439348
15256671
18653326
15727489
19322630
20938169
21664691
12867056
12592348
15930355
16052450
12830733
22036634
17486070
20200965
16843129
21687392
15621779
14606348
14650975
12430937
20505646
19894031
18533795
18955458
12750174
16288076
21055965
17684485
20014985
15270901
16282731
16740718
20302388
18989670
16678459
19652654
17608710
19669326
14638869
16436330
18345515
16100234
22190365
15618851
21145591
12630290
17848188
21036753
21971237
12818222
19536093
19221808
17646784
22650180
21344772
18706265
22340716
20169542
16670262
17085664
15657060
20523072
20810928
19052557
17337387
19509096
20954322
15284118
15663275
19483705
15757021
21761431
21333617
15581468
18360643
20505834
16904383
20692548
16622539
19833633
19837272
20219270
18492696
20688395
16609011
16183119
15540243
21665148
19632372
17867582
20139391
17881635
21346253
19696985
17824573
18690842
19571508
18407734
19092801
21166958
15542802
14725895
17964981
12393722
21418740
22587685
17277106
16534250
20857409
16195326
18028486
15319292
20307198
15286804
22360717
20137358
22487918
19648168
19653139
12971334
11756197
17311066
19774741
18421059
15896338
16751810
16122278
19303137
22450750
16461297
17062700
12528773
12514786
12692682
16213151
18056927
12127565
11986250
12879469
15746584
15271394
22375509
22709239
20025481
11495817
21633912
17208297
17168670
22152175
12354363
20425346
21193597
15553717
15894930
17629038
15751154
16931795
18582095
20720403
18955449
21960246
20851205
19091943
16454729
17943726
12950245
12691141
19637785
18577747
12135670
22173446
21664307
19180499
22015344
20053753
19924055
18564225
20047097
11808344
22075327
18974147
11511447
15217944
15451202
11313280
20304669
20483709
16166321
22988030
21744517
17410651
16643439
17554376
18927953
20001232
18566537
17356407
12368958
18369405
15281438
12130926
17133098
21821976
18937976
17417985
21410427
18517263
18953611
15748426
15790786
16136600
15811209
18953513
22398220
22939399
12209598
16355681
17213283
19222892
15834466
17304354
20147980
19690756
21674581
16564572
16343266
20430187
14639002
12970765
18955451
15134984
17075351
17550857
19474126
17373201
20008231
18156496
12454739
16983340
22473087
16983347
15098032
17988984
16266916
14718589
19166098
19178491
11710731
20722490
15305431
17584026
17195905
19710132
16178920
19675092
12799279
17148686
19062091
12410573
19519296
14599548
14617010
19185833
12714939
15297408
20810057
17369142
17786726
15234243
21029071
21873591
16865565
16644203
12903589
19191867
21170201
18519952
19654496
19446330
12901341
20055827
16529013
21390518
12825796
17671155
19858050
16556298
17238172
19430005
21182488
19936342
19236722
11175855
15815732
19439939
15703782
15732155
12715753
19546604
12891946
16046538
21508937
15877727
12197245
16849647
19012999
14669291
20632949
21109965
23101255
17455869
19950608
19391310
21069578
19177288
17845753
17990602
12934870
18521337
15765789
17279309
17628947
20801031
17339194
18201764
16620963
12049890
16620554
14975929
18784740
19424569
12202658
16250914
19234877
17032555
21630307
20429627
16015386
17805064
18232729
17133421
15598080
11870560
18282599
20107580
19394750
15095124
20529808
19062738
21679828
15765084
16908931
11905608
12042704
16740027
20545949
17101067
16960151
16775234
12669727
18366287
19167615
19710700
11983089
12592350
14680290
20103647
17661001
20471509
20028401
16352942
10979973
12584143
18722011
22069175
12052793
20812143
11383095
16250553
16710031
18194660
19243381
19396610
12842705
18577740
15846067
11036109
20877419
22140458
17159925
12509383
20708654
15190256
11976731
15031492
17173703
18706126
17577792
15229152
18273048
12783381
17437861
15515691
12411057
12496355
17036516
18452066
22055970
22537673
22036054
12682643
18978571
20553674
21192792
17013815
18353972
15617027
17654661
18306931
18549348
15161707
21325637
21707583
11739200
20869412
21300696
22640790
19274615
20646761
19181650
12684388
20392492
14735360
16919263
15138710
17404031
17467348
15160936
15537555
20702476
23032801
22184376
19109437
17490557
19920925
21239531
14574325
17588358
21334201
17960378
21528056
12557697
21249321
15656032
19953254
23099009
22191306
12783374
18463659
21195552
21234641
19548308
15450069
19357815
14724652
19706776
22096744
19350352
18655648
15995975
21318986
12898186
17823882
15105658
17804468
19801694
17983706
20478851
20200154
15334052
21761433
19157325
21390209
16005610
15805252
19617296
17106015
19730087
15601563
16467199
19961284
19110398
21419932
17202400
16392897
14534537
19248973
12094246
19963273
15207817
23175997
15540985
21917160
17311837
18083403
19626049
15665766
20735315
14734791
19324082
12672043
19117345
21294709
17705809
14633780
15052803
17647063
19301661
19541823
17593250
15069690
15756285
19568437
16240908
16428437
18653275
20647701
21567836
15508453
11861307
16166298
22407760
12609962
19687437
11526599
19895503
12617875
12028032
16937373
19615745
18513297
15161334
18670778
11892878
16818499
15817679
15339694
18079617
20582941
19925050
20633965
11328274
20566700
21238737
20024549
18265633
20705254
15310776
21946665
15952871
21124949
18195551
15270663
15105813
14745431
20094798
15114834
12842984
12825226
18491988
20008232
21658656
18567837
20048131
21617123
22271914
17498448
20479400
15109543
12127869
11980386
17565257
12735145
18497981
15976348
19118061
21036585
15491304
20701553
22098829
16733451
19671763
12417503
12888812
11512148
19914780
17949810
22365521
20007806
15245690
17574720
12100140
16651519
19036099
17263225
17296564
12621468
17659849
21960328
17204499
12502149
20421566
16127758
19602047
16113662
22890672
9446752
16406868
21523745
21481940
12457438
17957805
12679736
19539273
22739668
16928151
17851552
16838025
16755775
12441322
19843070
12727387
22225737
15036936
21903705
18615627
20145269
19517424
18537751
11606405
19186237
19262595
19903356
17912367
15565565
14599545
18024654
21242185
21729541
15887238
19263190
12533052
17395975
16629079
16249384
12021410
19006823
20633041
21374624
23090888
14519400
20651610
16798251
19037666
19814615
18290694
18471285
17369283
16533604
17572224
20380258
16723621
21931114
22135755
17325889
14552760
14576846
11781820
17571739
12754630
20661913
15725099
12560227
17355866
18561944
15902620
15052823
19723306
22000011
16109618
17550324
15493075
15931535
16403268
14511660
16319529
17284533
12942091
22801957
16866664
16878155
20146241
21763684
17429836
21970485
12516906
21559214
21316760
15549365
20118980
12528769
15712189
19282169
19192229
18246120
18409077
18423008
20145140
18060025
21098399
12656747
20922786
16467863
21116629
17688946
16931646
22712502
18718048
16998931
19903850
15870485
21110092
19395027
18089881
20197479
16236241
11821475
18571768
11977548
16378113
16567968
18794084
16317737
20139758
17942153
21279819
12589034
17682429
12678420
12954390
19621544
17704653
12414661
20845798
19373671
19531657
17852433
19565180
21943109
22425893
15015226
14985355
12181044
12393385
18783070
16997913
17332278
22831567
18032976
16785193
21710245
18417214
15988530
20581458
16450715
17637811
22614970
19915358
16481719
21663510
16143881
18974643
19337198
22371045
15820956
17976612
19080234
17268243
20352594
21901074
20838959
19407320
16503239
14628441
19688062
21504383
20156689
16533530
19085749
19686091
17825907
20204747
18303243
16438897
15319808
15324693
16952848
15611260
12082538
20682400
20525995
19219392
16563000
21084823
14612536
15973458
16612767
17603516
22226141
17982022
23010596
21352704
21104107
17301975
12568307
18971320
17285131
22245431
20305324
11953894
20691800
18818703
12660383
16542054
15723258
22516264
18645191
15631651
12377975
14686005
15161712
21659960
15511212
16087693
16893036
15236194
21446845
17284712
19959089
21532219
12363461
12406906
19561414
16721131
17571737
15319815
18773274
19648757
21541334
16027519
18765637
22076466
12970792
19670913
9923858
12604434
20811406
18936234
12957451
18769896
17301526
12684401
21045382
15160962
15879768
17245319
14643293
21237497
17661356
18035968
12894723
17056915
18165644
18056929
15239392
21463117
16966279
21856227
20032406
17160016
18360710
20149455
19890374
20189232
16720585
18476538
12531453
18362995
22437744
21112467
21892628
20425450
20361796
20875550
16254145
18192104
15608502
21118377
16291594
17009043
15637141
15553045
22460758
15604220
18597844
21910215
16014680
20375651
22036594
21083006
22661587
17642017
17878963
18221994
19363496
20817538
22292651
18190471
18602920
17397592
17161682
16361537
19925597
19144656
16249386
16060192
17353181
21367918
22381410
15996933
18338812
21030079
16437930
18180842
19283671
19013895
21700550
17046465
16263821
16205732
16211050
19275507
17450179
12642718
20179709
19519556
16761482
15586222
18480060
21372196
17350323
20866107
19251803
17459473
16645328
15053476
21364010
16198987
16224487
16773696
19148530
15206509
20201077
21116624
21714206
17201815
22493373
16492761
16518826
20445576
18449471
12401900
20525994
12447850
19193781
18827790
17084730
16403813
21478667
14980538
20717963
18156391
19812566
19797728
17557580
20122731
16430106
19767223
20589434
16247426
18024392
18575832
14576993
16527898
18039122
14709738
16001089
19169242
21171867
15832750
15271402
11692893
15075898
22118565
20564631
22739666
15455302
19190128
21062247
12270291
16689455
19172844
20658362
19624538
16462679
19719333
20659895
17925481
19954617
15849758
22224342
15512833
17178293
15939018
19106530
16129374
18192285
17385949
19088049
20875547
15057146
19955186
17068153
18034599
18060038
12895396
21684350
22216147
20622646
11587372
15902293
19723894
17474438
15661271
21193120
16786723
21823828
18073350
19276970
14585372
12647591
22379899
19098393
21536864
17568400
20049755
18248884
12920827
21106170
18328955
17094575
16878324
17709602
15271399
17549426
17325887
16271384
12946830
16858179
15601623
18354488
19337981
14734234
14645403
16357008
18936902
19381024
18071309
18661773
12528775
12796027
22622191
14705499
12463599
19707508
12637616
16015385
12691137
19270491
12719457
16880519
21471107
16254103
11870241
18564222
15155841
16732863
19584324
18324358
18437079
18230575
20396859
20224640
21534915
21392556
17200360
15523082
19340007
20938627
12825214
22203610
18215707
18457260
20385106
15271396
21653938
16432052
18510377
16292349
16205964
22506320
16405759
18825412
21054898
18405654
11852587
11524965
18286477
20179085
21533110
22873503
21937807
16787876
15283151
12929249
15942830
17264244
21335443
16681635
20191333
17157170
16936177
22238384
16670264
15949566
19909541
19248975
16913316
18969982
23177516
21880693
16731538
21240986
19729517
12781357
22956139
15168243
20497911
12969987
15854545
14504074
15221957
10501919
18043265
15805294
19204794
14519654
16337863
18983302
20960502
22040995
22074410
20425416
21641642
20660757
15674413
11584898
12191616
15022111
15293573
18289826
21703986
19773083
15748442
19875353
12884763
17292736
21188137
16906646
12970767
15036945
14675690
20953927
20386534
18333257
18509354
20739956
18679373
21815933
17638918
12503205
17634525
19537128
18363541
21642812
20166214
18573108
22821153
17540343
18824771
12869489
17187303
18306359
20428195
19671059
16786129
19151779
14653203
19022818
18397676
19761433
16640460
12114417
22523393
21821707
18985309
20962470
15545663
19048625
20216328
21072821
11234890
15781610
20038234
14569078
16962394
16838646
20237866
19451435
11842484
22023530
15293571
21403424
20806817
20370698
15003904
12355934
21827214
16551858
22996768
17615535
21954449
20713033
20192579
17200352
17303574
19061779
16680752
15784216
15493042
20206383
19714331
19730791
17849262
21993629
12949790
17006667
17262795
14568907
17202319
20530436
19480935
19921098
16445822
14555307
21586300
16503137
19690669
19343296
18395047
17597261
12717194
19860193
15160360
21670449
17928609
16221375
19681684
16840500
19283922
21324702
19942826
16896568
18497504
17827398
17338645
17077361
21037371
16573254
20575602
16101197
17729245
20930018
21110146
19690655
22248505
15809187
18528425
16456373
16990603
21516518
20614946
19020005
17206118
12393600
15365794
15604889
17415091
19771279
16572895
17555981
14673623
18045506
19636920
19298600
23100514
18220908
21538470
14508696
20425353
21734341
17920117
12528768
18951628
17090188
12781364
11520804
12094265
21655949
17538248
20339212
12480706
16034302
12938260
21234820
20073450
16426942
16848724
15528314
21811775
21717663
18702869
15844661
18056005
17449802
20607326
21520403
21273305
12094266
19687593
22065971
21442193
22173128
22975581
17620332
15923584
16772610
16547494
21445612
16434621
22315495
11741656
18235116
15283147
18403620
20147976
20609405
16648930
21641409
15603852
12879454
21372464
16330096
18466968
16800347
17462285
19029132
18776928
17301535
17692911
18157514
19067739
18510589
21962576
16278376
19241185
14967957
17545799
21219400
16521182
18234489
18525340
20072840
19730279
15867198
15937503
17904791
18061664
20662899
18785266
21912257
22446502
12012318
19453268
21718138
11766344
14584073
20077418
12755554
18443532
15966213
12938280
17726861
16180543
17040091
17252009
15657179
18294688
17591828
17442690
16189265
18274611
17063078
19934277
20585874
16917119
22339825
16144917
11961207
21627342
22203239
15142112
18956997
17626839
17203680
19785662
17932248
19147081
19707354
15161675
20739727
15025685
17240308
19054853
18223230
15927960
18632799
19731318
15946319
14613030
16394444
14515284
17541400
18706263
11861294
19075636
18422767
16266874
15007386
20872196
17589841
19150426
19393834
15024716
12649674
21818112
20716845
19474800
17419150
15242881
20478526
12393581
16506600
17295594
18180275
19890095
16116902
19149608
16757109
19959083
22069079
19602594
20109338
15045827
21949869
12930735
16267747
17474456
16157201
15674360
17533389
14605627
18161937
17654489
17183644
15024050
18829412
22005789
18548994
21209200
19632720
20811727
19131559
17043962
15838387
15709206
19034614
17412430
20729917
17584149
20124443
17703964
17712313
21747194
16184176
12014009
18369825
22333644
16449525
20137149
22654456
19555375
15380338
17346159
17105654
19965645
12401901
16201575
20684991
17510658
20658361
17409347
15772888
18483300
17611564
22889761
17382023
21252788
22705993
12483533
16525490
20417556
16144796
22991008
14656624
18057867
21324142
18334863
19264678
16462681
18252160
16270035
20972453
18673195
21275952
15785039
10964994
18618737
17116285
21602518
12674675
21394667
19588498
17894554
22739665
18815156
16785987
17160020
22468479
16315926
21472872
17804901
22151181
15124675
20006827
14531350
19640586
21895409
18326818
18780518
15725078
17419951
15111787
12933584
12188891
20303172
15945343
20844972
18565291
20184539
22168276
22264789
18694961
19860186
17008892
20204543
17108987
15370217
21993902
20736294
21969494
12609807
20707293
21357665
18549340
20128654
20832303
18374481
16018942
21438130
22713591
21513625
19838099
19248974
22065192
16880233
15128424
21419934
15502806
15572591
20875545
12970769
19043528
17095209
16083331
17690698
19915299
15065344
17470866
20601339
22849497
15114695
21874433
12745647
16019549
19587702
16670078
16842259
12547154
19450068
18460249
18628453
19455391
14734464
22020290
19232719
16585011
20832415
20922524
19204710
20607721
15289027
17327610
16461309
19639428
20442311
14578928
11888074
17395781
20108646
17236224
19403880
19268365
21911014
22682059
14692542
21456006
19006853
17917973
12384536
19838991
18641042
19360458
17308370
22370904
17024205
18227567
22643209
19892883
19456782
19369233
19801356
19349618
18381383
16900856
16780730
17229632
20947481
17330101
14584964
21224549
17440089
19259308
18852120
17549375
16736141
19938904
16634693
19925926
12543790
18434310
17846772
19520112
17961046
21523337
19812576
17655701
18195680
17381536
23023260
16721136
16461335
21738539
22407703
20607847
11760588
19476525
17461509
17968300
18452072
20584116
18172853
18987650
19795573
22370323
19959090
20977456
22927532
16291579
22728491
20525481
17634544
16596472
19519539
16894408
19883316
22929456
16756022
18235121
21277730
14734089
19481800
19215796
17723177
21730355
15389438
17405907
11826665
15751157
18571721
17189224
21948230
20380722
17610380
17350467
12127866
16236717
15004535
18931581
18510992
21258187
16989994
20025728
18990444
18325754
14695343
15126353
10103100
17943734
20587884
12811692
15928335
21270602
15761716
17206117
12563610
19139130
21323568
18085674
14529657
15223958
15056057
17163842
22857863
12200353
19116940
15306667
20572041
17454640
15613116
17438095
11290609
14533446
19011333
19736811
20199801
15889158
12901289
12528776
22349200
14531349
20875552
16042351
19307738
20827202
20570050
22091419
18480468
19726995
18398722
20960522
21724255
11571715
12441314
9345054
19562456
18472616
17564019
20557276
17555450
14560786
20627383
18321570
19623127
15315963
18544062
17065015
17591671
18668566
21867644
20107936
19347730
19127372
20231287
22266405
12682876
19614767
21605451
18955668
18085610
17710227
19920908
12714574
22551803
20306543
14508830
17691110
15448036
21381013
12734675
20137304
15747376
20665487
20053713
19638722
16721384
15135086
15205603
15456825
19805687
16880809
20231813
20221270
19768386
22285023
12538926
20175840
15777399
19630970
18722880
18516991
12800187
17671641
18245010
21934616
16551136
19006173
20973144
19144405
17179059
16687713
14614449
16740725
19546438
22703877
19031130
15514006
15352651
22745105
15951053
15799618
15948296
20962097
19812578
20619742
19139124
14755542
18397677
16757703
19383325
14687615
12149456
12796797
21210471
21360071
17180388
21913740
12858220
20511160
20949922
12763930
22449366
19404005
20638391
14993882
17496200
16025998
21425122
21067355
11766330
16634209
20838998
17695724
21422703
18600540
15703627
21537749
15860663
11393038
21738503
14656579
21220945
21769316
11010972
18059481
18506179
12576318
18998038
21133728
15009060
22484890
16161267
19205737
15700189
21536234
17701605
21368869
17659670
17142856
20632361
18028432
15036946
17761974
19187542
15460185
21694468
18024662
15359647
22576800
16305488
15547187
14747457
21350557
19350611
22349810
17435997
21908430
21161686
11865537
19506164
14512124
17599053
14660054
17350469
17448953
16550875
14513039
20423990
17145623
19623482
19758698
21807458
19260248
17043955
20478730
22192265
17037339
20697775
18343792
15989528
20864404
21550432
16044905
8616716
19636292
20512492
21346698
21071498
14630792
19733976
17512858
17429432
14614517
21295132
20062598
18184863
21358303
20533592
19119132
14635203
21495997
22665498
18406870
21685944
12528777
17382018
18623623
18642029
14985869
16014887
19761684
20975082
14763125
16182779
15854548
21336495
17459051
17298867
17145172
16607380
15844556
19373652
16650231
16410681
12844407
22798315
21951740
17065430
18819515
15689683
15381372
17601986
15322333
16810068
18616236
17935283
19662540
11693465
11675355
20233975
18568034
21902100
17190842
16050798
19347233
14604282
16258431
12812107
20425803
15221987
20544705
18593226
19517462
21531698
12667099
14612892
12642694
20138507
19350518
18835438
12750153
20421539
15849772
17694781
16170199
16920991
20198329
19580620
20619375
18429659
15175999
14580776
14599646
21152856
22387050
16200204
17541129
16784137
12231066
19401974
17667967
16388897
18718191
19723893
15014528
19695406
16154854
19766556
22282465
15190258
20199658
22252576
17533047
18971950
12640290
17003785
22100163
15487699
19282457
16916543
20010464
18560751
15996937
20571063
17185463
12908554
21299461
16796927
21738540
16096465
16121215
20957633
15551277
21464155
17940488
11575716
18511480
17531080
21105880
17854891
10910924
23012449
15725473
18928585
17958915
17117416
18519950
16883301
19732728
17167971
19766113
22135725
15967839
20037419
21116626
22204395
19391309
20203448
22752549
16801985
21785586
18765229
16857109
20697894
22275031
17405743
20889717
15197801
12743899
21938754
18827562
12783376
19620561
18656692
20551113
15194934
11740802
20309467
12626632
22516066
12846884
17043284
17999742
20409582
12057094
20165865
21310803
16437142
16775240
12503938
14561990
21905773
19258427
17641778
21892537
12503197
15766012
17849425
14607749
21472706
20354828
19309222
11271979
19370794
16204063
15638762
14534335
20200041
23099479
22431574
16192491
19289852
21655642
19694363
16758191
17474451
20425130
21493184
19647224
11480565
17970610
22753725
18465678
21537826
11423669
20973145
16990591
22714264
22331936
12375030
21203982
17922071
16394363
21261505
15759363
17338934
15902298
12657716
17348685
18322153
17117585
22743097
18504184
17109025
16723820
14757533
22211798
20605207
17503437
21996458
15732351
16024645
21463110
21053001
11888061
16247167
18194453
16981009
16015387
18063877
19479611
12796783
17155893
15520863
19157685
11831066
16728632
20111070
20110001
20858619
15314745
15993051
19696980
22388797
22052279
22159894
21781496
20943628
21084830
15023347
18713947
14504104
19371951
19254886
15770664
19097599
17908974
18368071
16392960
15808178
20118001
11376866
17558420
16556328
20007106
18591256
19265602
19152100
19737945
16709931
17493325
11705489
21841248
22462037
12929576
17091608
17727673
20445575
22442907
15507676
19182760
18159130
19109219
15326593
16289975
15239390
19051746
17417711
12623848
17465254
11148678
16622127
17317816
21857475
16596277
16163025
14735233
15988348
18835038
21487044
11986785
15746079
21763682
16294026
19414863
20693279
20685131
15727903
21185600
21997685
11423618
12631253
15342366
19830137
10815921
15830345
12923428
22898679
18349856
16440809
16438880
15742384
18433865
15027317
21345336
12424067
19379292
18795925
12641616
18192107
16182365
16278304
21685374
12889162
12784659
16952044
18521606
18203007
17350322
11790564
20334915
11526595
16258446
21422420
16494624
15815728
17633094
18043567
16937754
22835778
19091403
21061842
11409908
19959085
17369583
11905636
20553795
20126584
10022809
15867244
15645649
20875554
17343607
21672900
21195300
21400515
12877669
16167051
15372471
11259767
16061224
22543830
12867130
21163528
15672765
16381169
19995744
15665113
21431633
12137812
20201032
15274308
19567878
21688472
22339953
21435225
22285507
17984697
16914578
16497976
16263757
19357699
22542728
14669283
21713778
17405756
17503411
21074936
15063337
12353320
17062683
18521081
15746061
15054813
14978933
19487383
17519908
21757001
19850986
15188667
17854058
18242697
21086081
17436575
21737609
17310853
16135502
18724281
21621171
20621496
22842168
12921945
20529767
12359358
15892618
21073351
21702118
20862197
17495975
14706143
12902920
12191602
12542482
20020482
14562006
16097594
18056932
17137406
22285607
17615556
18828913
18757345
20385986
18294126
16564690
15661041
18427551
18550885
19056137
20942869
18629842
15205332
22893108
15739279
15781488
16286244
17540303
18978743
19936007
15532894
19135770
21381292
17151364
15679785
22068968
22224491
15356647
22054731
15060748
20425445
14712290
21713076
15793646
15784722
18288134
19327828
17022716
19950162
20523168
19379907
12492100
19073506
17197751
22723886
15087068
12412577
23133971
18256897
22585600
17403537
16721371
20130650
17077147
16140870
18508797
12181401
21615935
17987222
17572088
16912224
19164557
12176881
15677719
17868036
21288646
14962264
20147974
22634393
15494718
17145844
21157143
11853795
18651015
12041679
22068151
20037420
17802947
20601802
20629201
17287473
21354617
22422549
14504072
18542042
18818391
12440260
16775235
21717440
12512393
19322212
12727828
19333228
20371728
22314255
19736448
18514495
17452255
15815724
12082821
21510902
21277237
18367829
12374669
19149483
18223253
16683882
19099638
16850124
20408871
21285128
12764361
14695851
12822405
19467857
15621812
19563028
18286663
19789626
17721919
12646934
14648019
18926235
16795978
15341874
21932185
17996650
21183698
19033789
21052660
21142275
21663506
19115680
14697287
14645423
21618900
19671739
18776977
11423629
22429770
16015383
19326424
21428883
11741654
22364419
12543778
12688840
18784126
21082998
15475456
12865456
17717824
17380257
22202331
18393778
16470567
20962489
18247132
17890849
19708572
20961615
22442356
18079735
21524239
11298594
18437171
15254401
15655420
19567819
12592325
15834459
12127868
15814334
22114577
17441475
18479530
21295380
12680962
22643838
11529225
19201511
19901109
22069173
15183120
21141090
15187212
15978950
15822120
14592647
18937342
14534900
20564086
21536647
11176790
15537379
12150157
15688014
20387680
15721630
16960978
12358935
19635106
18067005
15558795
19862526
12794534
16728981
12553332
18553235
21742594
17613428
18237247
22340598
15494600
16437933
15349141
17470736
17301812
12611069
22174159
19494352
16648114
16529553
22461388
19959080
18555476
18394167
22248968
19319786
20099379
17387035
11607931
15223779
11889677
18385754
19728398
16397037
16835496
22700719
18808562
16605139
18475296
16227678
21533321
16567904
20609354
15690223
20072827
20456546
21047493
16680756
16172030
20664593
18318563
15025410
18472395
18628477
14687026
16170366
17317891
17633103
22387451
14716061
19344397
14508084
19880777
18403035
19672773
17699867
15939196
12454751
16299568
11524551
21803218
17875506
17043649
19887785
19855080
17106648
18301894
19188713
19248046
16054424
15462221
17087936
21105121
22770911
18256119
21658383
11287980
19810774
12690199
21867983
12866022
21635826
15145934
20490332
12495908
21748051
14623772
18492112
16926141
17375688
16965950
14726401
19369231
19805386
15665100
20639548
14676627
14734443
19366808
17688365
21993766
20633771
21385075
19959087
11287973
17181411
14677715
16945014
19153832
16410081
21475850
20399641
22273319
17382021
18453565
18781299
18577744
17338806
12168413
19108887
16481037
20685255
22453573
20043820
22013071
17992189
16436588
16767899
17099633
17504974
16129373
16264277
20886606
22462553
19421228
15717993
17896565
16609040
19032680
19710702
19804454
15956284
21330162
20823226
20515524
19048005
18612157
22508387
12728257
19966517
14676102
16908864
12135855
16630177
19837126
15139047
18504067
14689066
17391535
18367480
12970770
22241070
15599217
16398673
15929020
19029455
20427086
15094157
17588355
17992028
19812573
21083363
19360154
17547845
19865001
20708799
21041536
19602874
16889926
15124129
12951180
19779040
22198309
17330103
20194851
11495816
15958710
22157734
12681968
19534866
18664259
16479834
18422070
21861543
17633880
16627755
19664491
18656288
19211938
15604885
20564073
20965785
20479423
20555071
19534378
17382016
17329198
12912938
16163203
15542819
18278867
12563614
15678915
18563733
12576416
19337057
16781488
19394693
12824897
18294292
17101064
19707322
19853594
19291285
19811659
19248976
19265627
17018739
20559633
21479663
20307292
20546334
16170192
11264164
18657349
16202688
14986065
20345351
23008323
16970400
21226671
19754423
11781261
12692202
15036941
12218236
18057772
17094091
16699172
14671431
17923802
16572894
20076959
18375907
18315935
15510211
12097546
12932387
18841158
18992904
12582448
21823110
21934605
12716460
21988861
15367564
21803854
15194504
20189974
19217274
21074174
19415748
18337118
19768693
17293590
16038734
22516345
18665830
20108097
22216546
21084242
12372175
18762765
18452195
22677653
14587058
20038231
17070905
15688611
21355840
12824882
15175350
17151370
17614352
21503882
21093052
18615671
15920486
19234516
22183070
17432977
20011313
16263579
16428509
20674368
21140148
18462793
14606355
15043750
12358909
17625442
17301549
17471838
16185155
19494514
18084259
18986386
17390742
17010430
20132660
18673174
12822409
19860613
17173066
19443031
19344757
11840298
15180525
18398720
12454748
15132131
17064569
20222756
16110036
16580068
22014153
20723293
19663771
21591520
18936416
16845450
21505103
17474403
21299456
19248971
19176456
12358937
21899258
20437122
16892027
19625707
19404642
18525114
17195185
18397679
12527798
19417561
20575042
16304378
18715642
17168768
19744017
21419537
18500834
12901973
19125382
17340589
16015355
22610940
17566038
16964380
16954504
19707409
19502190
19306298
18234488
18843975
17661137
19965620
16444286
19663881
22357254
11740804
19881535
20146711
20146031
17486696
22796208
17020808
22252185
16708910
14625255
19734429
15656033
22548456
15781678
16575905
19296251
21805039
20929406
21386652
11705557
20807977
16710305
17951138
15570257
21747082
17308043
21611089
21836657
18000377
17169818
19144139
17461740
19628568
16293972
15363456
19061839
21523339
16638190
15462395
17907898
21426055
17551678
20606084
21941133
19621426
12499247
19707305
18058180
20153526
18972633
20838376
15361874
11126146
17294421
18672441
15546944
18712338
17103252
14606347
21248063
11433951
19087862
16434384
17912002
12595307
16473243
22939577
18418219
18787413
20726677
22572723
19359579
21539479
22202429
20414010
18366061
15722647
19883308
19917964
20063363
15767559
21642685
21685471
15510836
12784654
16625479
22617440
19258052
20021947
19388927
18483382
11873781
21054467
19951530
15705148
11964320
11831068
21968742
11587211
16361636
20141436
20704959
17431887
11756187
19621546
16926302
16226710
19783301
22134106
20806443
17053404
15842636
17287936
18818517
20705771
17957275
16542059
19536894
22089930
11036101
19885746
20846303
21459800
12637609
20849386
19959079
12637317
16441423
17910071
17457302
16139843
21120166
21133589
11385473
19580340
15224366
16424036
12957455
19744127
15598929
22535506
15806480
16872552
19707379
22084785
18283783
15070658
16597375
21566429
17211362
21278787
18833925
16383232
16938578
17020677
14760839
18309036
15499612
17671637
16493606
18385684
12214288
17694264
19200260
17245498
21193423
18587017
16435154
15867366
22444689
21955167
18679003
16828918
16583196
17557672
12594232
15853160
19823023
21813414
16078266
22699418
15120666
20453818
17154129
20379112
16917208
18240454
19389502
17024483
16242053
18172005
18401417
12809533
11960697
19536906
11479215
21732337
12743628
12783370
16514710
21873989
21925495
22130229
15029210
12077114
16006570
16414236
20637704
20360932
15892678
16929539
20466781
17412419
18483389
19342084
17313076
12358898
15015223
19446879
17009037
12211034
12173333
12431246
16286749
21791426
21224560
20691121
20675402
16916138
12523107
14635084
22058262
15639704
12573349
21709191
16689459
15261445
19717385
16733844
17382271
15283154
12781067
17922620
18492956
20963643
18676850
16093432
21996703
17370072
17438106
16778826
11858977
11960387
16618932
17724833
18819894
19861442
15370215
14734453
18223278
18570858
21891950
20507731
14986524
12001985
19959092
17600277
23092598
21244632
21314483
22449628
12217799
19288822
18754023
18240346
19252364
20615823
11532632
15052442
20072835
12069652
17264755
16120179
17099615
12750692
21947613
15618470
22659387
12916883
21629637
14659433
16842246
21235620
19484755
15455305
16638875
15650049
20161982
17296561
17882283
11323429
16235580
21157039
17625066
15231574
20394535
18202228
20237469
22443297
21535294
16098070
12688234
17563075
17607594
19229297
19682063
19584153
17208434
19912986
15158099
20005615
12113126
11306470
20310049
16883460
12053814
