18817972
17848188
17594933
12966906
19506874
17511934
14641143
20590148
21193120
18282366
21805039
14720055
17785763
22075327
16758191
15672765
12864940
21525338
21354370
21189379
20561781
17435644
12430859
21448626
22252884
18067026
21516267
15902326
18321437
16321842
16918066
21569998
12955579
18670778
15582895
18067004
15932372
16929539
20585556
19458059
19232434
22576800
18784104
21316760
21646774
15816643
16187940
21730275
19744184
12296474
18936177
20430187
21149659
12951753
18025176
19749395
20709888
15757271
20054019
21333826
16757425
17001705
22031707
20006827
17218636
17849316
17980095
18156735
21631420
12134042
19336648
12879469
22154502
18701889
17376931
20836682
16548094
19333227
21863074
20034323
18452074
21994682
12170449
19492322
21684583
17160020
20053713
20015177
17408661
17907802
17277106
20646761
17566845
16019519
19099638
21993766
15980865
17429839
21252655
20557834
19965620
12656746
17970609
18600445
22263567
20824399
14689232
20830316
18773210
19293797
17141974
20870975
19886798
11352447
16312129
17704653
17360676
20054325
16317759
17490486
15572730
17284712
18350301
20962097
17053739
20870917
16721123
18343993
19606034
20359659
15553045
10211534
20603086
16182779
16437142
19828033
18490241
16097594
21532219
15223690
16798251
21896085
19252861
16595122
16873671
20379112
21713076
17245498
20466853
19771231
16403122
15052854
19401697
21947519
18950980
22351687
18362995
17300237
17360569
19159079
21729666
19403889
17885950
20624784
19710132
18382856
19744802
16015355
15727489
12538164
19204223
15549304
22272968
15572591
20572041
21665081
18288566
19669326
16529013
21177802
12631595
17208931
15268851
19074216
15733948
19251803
15014528
15331406
18326555
