10962124
19853470
19875388
21265827
21944148
20406799
16915769
16007815
15139786
20576835
19556251
21075773
16640513
15285780
17456483
2597609
11930884
12436332
11440493
1648674
12633545
9864612
8855424
19054788
12806817
17933857
15923138
12957092
2856613
12634874
2318223
11702101
17405571
7713114
20514634
19509002
18654099
15762847
2176527
18056766
14602217
18222726
9870423
1431276
17760848
19736063
10224868
16518702
16970057
160987
1327038
11162139
20060737
17921515
6420352
11930187
15724660
20971745
18303528
18056135
16645370
17344326
17001239
2331086
6508198
10439934
18837795
18065485
12181216
21403878
8960434
21148663
10410811
20390064
2138751
2064513
9043842
8911876
21498423
20837669
17398263
10529326
9339958
11903602
15814593
7498223
6201123
18490195
16621874
10901513
16794091
8800992
8732381
18706862
18728781
21591575
20488815
9505018
16183690
11914136
11579838
2510695
17714089
15084374
12463281
20736292
16627431
21752828
19695888
17021810
7811153
15020525
1687117
9345237
21917670
18942516
6139281
12100010
19564205
10975042
20185482
17947364
2553410
18952828
14966050
20829190
14596664
16503416
19434333
19178769
18349791
20083620
11470470
18847304
7589411
21798878
1320570
8936788
17949428
12029205
17449877
15474696
16434414
19389790
16904046
21685193
16231572
9241099
15791441
8105309
11918913
11913478
20348550
19169971
16681691
1958117
154992
20923856
16969263
21487343
9894384
8252591
15004266
10594477
7646235
21873328
16237506
16185921
12838842
18077483
9749263
17364125
17853318
18441322
16996003
9891814
1532302
19758980
8223749
18055578
16905627
7713110
14502297
15084370
15182762
19131443
8571041
7606652
18495699
17101636
18395673
15710710
21676962
19056743
1025332
17174599
15508792
19849757
10614152
15012918
7655849
21398652
19906659
17982971
15832667
19586959
21678296
19875405
18468197
17453098
12162400
8006975
11197356
18480076
1763917
20491033
18820011
16640184
8571045
16772367
17392992
10336921
18793351
21873339
18827063
21245057
16510308
10924314
3284208
2334560
17317312
17171530
10806016
10918777
18694907
17419096
7523060
20338987
6770786
