20100635
20169279
22843892
19371315
22763448
21188093
14654521
19442060
17612006
18838700
21829197
19561004
22892392
18664652
18390416
19046108
12214266
17308062
20126311
18234962
15857287
20176546
19554571
21436059
17633789
20936340
19887469
20179222
21706359
19780706
14737100
19509167
21385943
19262991
22123186
20027191
21282108
19104222
19593514
17637878
22329194
19037839
21506905
17163175
18955454
20701607
20624784
21929348
17409332
19620495
19815649
19461171
22257523
22627808
20954317
21088439
20371474
20179241
16835411
18334220
19749798
21186272
18980964
18418907
19786658
17386127
22039084
20503416
22709873
18283035
18199554
21499296
20419513
18757423
20382634
22790050
20143778
16682622
18386291
21339742
22015286
21468131
22495699
21187479
20530283
19458057
18719096
22738819
21510863
23152022
21129613
19365520
21598703
18445819
20735304
21254978
20503407
20214497
19860043
18768996
19856307
22427198
18936791
20350896
19060928
21319046
19835621
16843263
19455431
16397255
18336267
21623901
22649126
21622284
21553932
21225012
21965624
21386629
22003071
18462377
19066278
17666985
19671800
22198412
21570843
20740285
19621385
22389470
22100754
16912259
21443467
19850946
18537532
21537180
21685235
22011930
18813848
17635524
21273092
18366956
21725209
20876920
16091755
21119031
18043125
20030876
21510831
19479664
22476856
22541101
17682144
19064955
21252284
21070441
18594201
21860419
21591301
19101138
18303482
19901120
18211286
22257522
22579287
21184822
18669476
21342029
19733440
19459856
18053062
18588872
17867586
22407832
21418674
18829547
21599629
19330168
20685042
22110198
21826647
16051028
17921242
18024885
20179708
19255302
18366287
17203189
22833077
16381621
18349415
18537752
21087480
20713864
15833875
22687976
19052038
14671684
21609937
21884573
21153051
17653858
21500375
17110623
17350323
17060407
18391597
19733976
19946741
16507217
20300520
22216158
21514634
22325452
21527065
22257673
22705569
21577028
19748186
18708732
22043056
17113234
19111461
21046231
22761403
21311224
21847344
20231058
16333273
18690096
18521794
20110044
17964997
18347147
19707428
17803883
20193978
21633602
21248299
18241007
18587555
19859802
21898114
16452222
18347559
22050138
20399520
22864381
19393834
22644656
19094209
20886213
19034632
21872996
18458041
19429512
19499221
18054677
18269773
22238368
20805063
17485900
21146409
17457301
22885469
22127113
20647699
19350468
19115517
18448551
17877954
20131994
22892393
19884552
18597646
23152018
15632957
17440164
22357454
22015288
19318626
20607690
22146132
22240778
21789152
21342044
20709657
20305673
18622912
17679920
21659924
20979677
20724575
19296866
21741829
19828406
17935283
19276287
22014215
16934227
15955900
17704424
21992075
19423769
19620793
16857825
18777948
20384581
12850190
20889729
20072830
19889170
22043050
20606083
19228746
20684746
22238928
19574203
22806144
20495812
19047149
21827413
19075865
22393792
20736298
16954469
18024886
21327450
19522695
19706807
17402790
21138857
19088949
19823038
18953827
19586795
19416505
21604273
20220514
19881954
22152751
19720054
22797389
17848906
19518076
18836658
17513611
19761426
22236672
20354831
16452223
23071298
21526426
18348720
17964978
22689887
21207425
17250463
21169261
22588883
22814315
18762792
20855957
21989330
21080941
19171712
20511180
21705664
18313293
19149483
17510042
22100178
18561551
18823221
19791830
20386531
17344945
21456017
21989832
22415834
16020981
21091041
21307659
20197472
17192546
19309723
19671750
21406472
18224395
20857170
22239685
18849320
20732960
21151204
19461169
20175700
21136201
20406211
20032127
19603143
18472989
18375904
19826350
19482243
21907925
18024883
18334972
18458840
19853943
17520578
17229773
19418615
16777410
20664065
21330148
21225019
21884975
21465472
19581528
22016507
21499301
19622591
21892271
21699723
19483734
21531783
15163842
19786653
17103252
18200333
21710840
19786662
19173821
19348964
21630056
21415234
20124187
17615536
19563669
16113091
21253797
18831948
19287975
18952552
20388063
20480739
22202322
17520585
22160642
19351274
21840482
18565892
20088787
17899385
15834459
19718025
22357666
17092403
19499189
19056914
17439759
18308147
19675448
20198293
17593621
21402055
17250464
19047120
20456972
17250461
15684311
18216274
19254954
17547474
18458039
20855960
19365626
21187973
18212337
19047115
22674190
22431920
21930637
17320695
20820812
20179226
17982397
16436330
20614948
16763282
17883289
21997136
16002463
22511346
20424000
19606034
20549373
21293538
21080629
16998955
21966417
21868551
19914544
22686613
17761983
19525314
18024884
20571878
17208435
20130423
22369976
18413839
18477795
22257652
22293713
18600445
19276373
17673607
19593526
21670454
19707416
20832415
18204897
20068098
20204279
19394894
20501798
21245432
18465221
21252289
18774637
20542421
21080269
17699871
21526002
14633707
18409020
21324925
21653830
18777950
19028346
17954616
22410709
22101934
18644997
19013786
20415599
17349580
20480738
20214527
17892419
19076807
20530274
17341725
21540147
19752719
17660218
19275756
19192581
20103665
18803447
18300641
22037924
21791570
18154212
21673090
19792970
22059152
17545611
21570197
21447712
21677477
20187722
19399906
21377448
18681486
23020162
20124457
20607587
20016816
22222570
20873957
15374980
19737952
17239282
16719802
19505856
19934303
21881039
18473995
20806825
19010901
19825948
21966546
19602593
21129615
19390622
18627387
22006739
19204209
22219388
18621618
17348846
19895239
21084819
18803986
20972709
17591827
20156908
21749885
19418111
20578981
16418322
18463331
19318330
16939387
22037316
17714070
20542996
21786419
18628463
22056878
22013564
19854117
21369716
17407594
18664646
15528979
20059788
22433475
22493419
18799897
17635950
21676217
18594499
18544666
19755679
21778300
21467916
20095796
21127749
17349577
18467719
20406946
20215545
21363997
22178589
16685431
20185938
20145176
20174688
21372222
18413807
19229381
18407475
21586929
20697085
20202610
22305205
19707333
22888567
19947807
21440529
20009104
22352796
20457354
20042973
15726506
19240719
21203797
22495718
17555368
21088503
17660958
20110041
18463974
17826684
20200040
22886303
19938898
22689807
20479410
21529310
21964064
19433372
17470680
20567625
19894350
21509365
21841751
21847123
20658522
21196276
18054680
22043997
21748051
18533085
19863462
19844234
19426700
19734999
20684884
17935269
20104676
18188694
21839635
19188677
12867061
16894399
17339829
17964992
19846022
21945732
19440538
20064507
22614782
22371453
17883287
21135276
19141783
14967461
22477724
21496232
21498698
18410797
16770092
17824554
21091112
21235090
20571069
22043057
22576692
19468291
18751705
20459769
21215704
20138541
22335578
20597350
17827454
21664897
18501066
20581867
18787301
20345334
17846021
19529774
19808124
20798196
20825420
22844108
17955104
19010894
14751502
20004109
21074348
17283152
19640652
20213094
20071309
18439963
19923317
20404981
19901522
19669638
17001557
20624855
19379651
17192538
19153829
21826980
17624764
21464044
19858400
21410427
18421051
20145185
18952558
21713084
18297114
19346299
21816844
19179558
19287304
15865847
18224392
21701940
21690228
22370628
21955398
21945930
15834466
21706452
20229355
22124364
18588508
19652667
16364699
20406840
19856610
21335337
20838021
22592160
20543014
19169683
18936973
15717407
17432437
19925494
19536776
21482676
18490651
18487908
21106881
21235620
22993342
17278710
20222754
20476793
18808311
21359953
20818175
21967344
18692224
19364051
21439954
17671135
21271222
19513552
21514211
21674127
21519841
18728660
22372864
17168718
19701706
18288997
19378324
20739212
22088429
22841590
23024989
18283037
20730488
16940802
21129604
22046346
18490647
19008049
17485898
19117341
17543572
21345336
15755991
15665275
