3543380
842611
2330865
18391871
20497990
11270955
2960225
6228242
18457956
20306888
8351942
2122867
17138078
6460434
12868342
2301224
7357724
15485513
1826126
2510672
3630777
18403999
19461041
19885798
12565061
15623545
16223888
3118839
1442622
3120666
8712483
2940537
17982305
11799429
1888457
19570119
6499287
19085803
11858110
9429286
9033694
2405547
4073701
10981053
1889048
8548509
18488914
12494167
20662987
18804461
21516761
19175718
21848966
1566021
16342529
18522782
11220123
2531537
8059703
16636493
3101643
1599332
18612782
819810
15207219
18954643
17385555
15562125
1407616
18032122
2532998
12833230
11292086
2179390
15881846
17181041
10326150
12143268
2741779
2508596
18651385
11509283
3505631
20461658
17284263
12555462
14760317
8088024
8880027
17143167
616219
16253730
6239110
20485194
7995664
7594863
12144840
20980750
8269102
21135595
2968073
12494111
1300952
9012126
8643173
8306733
15328484
2146121
6315985
3666377
10149255
16122435
2955142
17181035
9185226
17569679
2620315
7786120
9725159
21977279
16103549
8500506
