14759439
1625397
3429923
16431176
15353870
9933201
18270213
17239752
10235436
20511537
7947380
655492
9238460
3665974
10946071
18760759
1987224
10605990
3829344
9875086
1725054
1742033
20305745
12820824
11129921
1149206
15201248
12868341
19379127
10089669
8989670
8631049
19648586
2306840
20713912
17319455
998522
17283277
11524038
14609188
18375318
7730244
2809331
15887476
15090695
2727647
9546848
6398052
8353863
21950224
15966930
18340172
6637850
15197145
15519017
12964517
21145895
11265361
8436738
21411146
8010850
19433761
2005450
18445706
10349204
15521482
12793050
7752506
6708293
7479447
21239336
14691038
9741514
17434632
8281965
17241679
14761702
17923801
17287648
15977777
12740246
2724538
19239582
2957410
8006284
11054623
14504829
9362015
15894967
12949034
9651459
16493348
8794835
2334539
16007062
7797747
3889105
11308170
8950240
3343073
6388899
12918543
7741839
19773617
19301549
8139631
1124715
2070803
2080022
2461620
19436659
17638931
15058148
11386587
16640173
10329067
8781825
7083499
17394904
2202581
16237916
7677539
17363083
4096072
16607051
1094819
9543265
15179339
12957745
8199379
7634258
9386153
17293736
15063438
8160719
7973028
1260553
19745554
16210142
18983291
667861
12879410
9127618
11392477
17602876
17010802
17597518
16858244
15526239
7472597
8445930
3766086
1709233
16170687
10763348
8113542
8339422
8433042
16153280
9506604
16036019
1529177
3261305
18383048
21732226
11346067
9420642
9372999
16529551
15023884
11518111
20141344
1747287
145329
16770985
9412537
937358
11498648
8962567
9092324
6779767
10886492
18320081
21615813
11374223
2894654
671998
11835116
18449427
19641656
12369212
11785997
21434947
7515218
21284583
15185922
21852114
8092908
3891136
2572255
872154
8162243
3203078
17404702
12576354
21043086
7475181
10834453
1428250
8950065
12228786
16474311
6977419
18363191
10614147
8878517
19463113
8059703
7329140
9304770
15160834
15229736
10213281
20145059
3706355
16828898
14759219
17526509
11514477
18590934
6335890
16686683
15282463
1424000
19129742
17593176
8252683
2889204
3873921
7081048
7819934
15170099
6691247
15831607
15084374
3225067
16254422
8790072
6881018
2020136
21144484
14747112
6808684
15716285
7731050
19021712
17150007
16339682
1712579
17635858
11061732
19307475
9829322
8743042
16554388
12403637
8641003
6473128
15811867
11405901
20458834
19014564
19525382
1910327
20186985
20633850
19324135
3947195
18845783
11788210
3568050
9024164
16494811
17669948
19417170
9391285
6821772
18977766
11049098
8411525
18249481
17512359
10859652
16485057
20103209
20830258
8235032
3594765
11854124
11605161
8172960
15174325
8513737
6470330
7094268
9104905
16741591
11320363
10453400
7897143
6968859
3751863
21037250
20691832
18539474
1244272
18222250
3935584
10908262
21952932
15846279
15255468
18690865
16928807
1350521
9294665
9475528
12221402
12225726
20837894
8440113
10069684
17322629
12948841
8909818
7656616
20800242
19712842
20199376
20120531
9358504
2990823
12368586
8707430
17545013
8125420
19660373
19808294
7668312
7857761
6834644
19622504
8695729
20124462
9374759
16616854
8800122
11270126
18293896
15002705
3130005
18754271
12407837
14526694
19372048
10883244
2051182
19808279
11795180
8124979
1423991
21348323
19634498
8586086
9386073
7570323
17190684
15301560
9378191
8067608
9061270
7868281
18597972
16155394
9565507
9926441
8319360
9149317
8798100
17870007
16855518
11994524
8379318
8230622
17252726
18824903
18163020
871108
9408513
11916590
18838566
2655982
10816803
10867341
21286277
9141231
623126
9315556
20934298
18761271
15649238
4004089
12915698
15159037
17126754
14652601
3266870
12452309
9506325
19052916
19121568
2220799
12632909
21087711
2408250
17662497
21082291
16685029
7295433
11015349
6413087
17826386
10443052
19649239
1462907
21742681
18296852
20394039
4009928
3243303
1449446
12794625
12545298
12000040
2049686
21333410
2517425
19233868
7506652
19838457
8017283
16762798
15019859
12816695
10089834
3537575
18991669
12947377
8693718
8273728
20167544
15691672
20482764
2816706
15680024
9771596
1334683
10716309
14653055
1914270
18793534
8879597
11591295
1667716
12445536
9382692
19379853
15038420
12784744
9559425
12204502
9367474
18082095
15353881
16153272
8891468
8376686
2055377
8150411
6605458
17642132
12755006
10854047
1442566
12440604
773319
1703244
11420771
17900714
11466716
2959141
3788263
7915733
9397317
20728700
6968973
21463153
1786521
19909934
11372007
1470740
2220546
15679276
9420747
16816434
10807813
11786150
11754785
7832101
17950147
12658191
20512448
16207104
7894227
7989974
11318755
1728504
19379636
11524838
9207622
16996874
18689317
11460836
18655116
11717021
15380031
19077249
18193370
8279353
17556164
15776849
17332841
12845881
20733101
15609908
15638034
15184734
7658618
10821133
19808530
1394920
16891289
9581582
6727026
19696220
2971543
2942608
9736594
2644797
12848678
3121275
11431802
7586314
15219507
2582657
18291025
6835770
17344142
16801805
15131543
11501962
16273753
8891868
21090826
8491026
20938411
10710340
17127815
14563505
14530003
17617778
9792593
11455396
10325238
7472587
19419256
15520318
12673165
9037855
6732347
10077405
19949632
17169118
19948673
8127098
495400
9796836
11880970
16750426
2020082
19829826
18273574
1915423
17033272
19168238
17005534
9531730
11119457
10928973
6886233
19236830
7752446
1304138
8952817
19377379
8195518
14593366
19762251
6779738
2061961
21557144
17317365
18719833
21715077
9529279
8678741
15734623
18481136
9825043
21059216
14755973
9647607
2358594
10598244
1825623
7934101
18430660
8229231
11137809
8304812
18561599
20455991
1793304
3256424
8874996
2188842
11113714
1514498
8890820
6148885
17257971
15294881
11907286
21215490
14987584
8682222
16103254
14659859
12217252
3696319
8758566
9408715
15769445
15470300
12360593
7818365
6637760
12690918
2899840
18819701
15639022
14992903
16342656
6975047
21048260
12075266
11248711
18288757
2757435
14602219
16443424
10672407
20466340
15965572
14746568
11988193
10669703
20031668
17403112
19965906
17923591
17486923
20620231
19057052
10413749
7586464
9662222
8636541
1261319
11811380
11234463
14636907
8143553
7249529
21036889
8303588
2364529
1182970
17604696
12440596
1080442
15086255
8370360
18312907
15481648
10875036
10721641
18430657
7634259
10951729
16863893
8557903
2721254
2351164
19416767
10080468
14557239
18179523
6736461
18023680
19172698
17013239
9070169
16359285
9231820
9115066
10347923
12822655
3974279
15189516
2906956
11333048
3061290
9023710
12855094
2241443
21926073
11397351
18460288
17056316
12555163
10568668
9420672
9093537
17323596
1889056
9312504
8181019
3558465
18062936
11144470
19296063
1385670
9359569
21665919
19932268
19495870
12022484
2140009
21825219
7796431
2958799
11526413
9711189
8790949
11787416
9416897
19645211
11138304
15871628
10466306
19641461
7048887
21350003
14602853
15212622
14756017
3255913
9502343
12835664
3450208
10087244
10721451
15223715
16236900
16500304
15554015
8469898
15714891
15902373
11422764
8504587
16161494
9665219
21416829
16426803
3596836
21143176
11286301
10215196
2208819
18234554
17113076
15186544
20677575
16864611
20717937
19025427
14721801
20874671
19008764
15851337
15592192
8906982
15711079
630689
21728903
3882814
20388647
8681318
15654150
20800799
11696833
10199881
12499531
10101550
9355895
10443272
20199817
17505582
8151385
21554391
2329238
17884207
20723173
2301244
9534100
17299662
14680742
10392875
9470086
8328366
7713106
19619780
8128740
9092398
9764204
20817016
10862436
14504638
3665018
19012517
7234650
2802418
10426880
17035253
2459860
15046052
8734182
7261278
2890589
8240036
7607763
19346662
6444854
15941687
12055768
884790
20665881
17464477
9568215
2574049
19927010
11752912
3263175
8532939
7118307
2056272
1967562
21401606
11499722
9222948
12542449
11841137
18682408
2121029
16757422
12783727
16164259
10905131
9347263
8545429
17080742
10193735
9285181
8705764
16614603
1733136
11409375
21751118
21398594
7860928
9749178
16449512
2236964
8174586
7082117
8485829
3706819
10913479
14719582
15881847
12101791
154914
12368587
12890919
20210773
18835782
10937950
17388106
7806743
2952608
10946037
18281230
19878217
8462137
10731377
3996243
10878869
3237505
15950580
8795474
7578915
9866892
9644227
3774660
3341606
21691678
9918968
9525542
20730256
7103641
15541973
15619277
10451526
346260
8934376
8803585
3788767
20102945
21184999
8376688
20821942
19744620
18752766
6704257
19231322
8181869
6690931
8088268
6180622
2351404
9184581
2864249
1623652
21453025
9587448
2231034
20560291
18666472
10993009
7747682
9587045
7570754
12055759
8915964
8829963
3768920
17151823
3706356
10979026
18447834
16710214
10525246
14975198
2929628
7598626
20714135
20052479
18093408
16514813
11571241
21765054
17655675
7498880
10365238
15223454
697221
6407315
10193732
19628228
16987571
20574137
3609033
12628950
7514238
16352003
18381180
6651997
1951072
17219341
9474018
20138378
21214090
21731613
18929234
15052213
9366284
18044646
14716600
8325466
17203427
11916551
8970512
1804821
12228049
2788677
16325032
970327
16352051
15818084
9124019
14739717
12200637
8996688
2574761
1546009
727127
18622611
9700263
1951002
20035743
20632954
8921666
1753009
21224368
1423965
21235893
463195
20384473
12975251
8855012
7624759
16007819
11016394
4050555
15947771
2899721
1936029
3589679
11220928
21519518
14652610
2295226
15242077
10614129
10078086
12486418
18334892
15374804
11248713
19036853
10421597
8609341
16528960
9152788
19534672
18309113
9261638
2345230
7796434
15077085
1617823
18039399
8636567
11593219
10874061
1636751
8763649
7087512
12808278
10362215
8532942
9558684
9289365
10779460
2093757
21778540
20089224
18691775
10148861
9082051
18294114
10328183
4018179
15580162
8752187
3136900
6135403
9420692
9324721
17070169
16802744
12181595
15722667
8638025
16283969
14695470
1138731
19643315
20354961
8357335
18160340
20494922
6500481
11256549
8307552
9403624
10330262
16526198
7503616
7558462
8427168
7369231
16116869
9374977
7743694
18372063
16875924
10622647
16494159
7696024
15904732
9151046
17294859
14574060
8435186
20156181
1449346
10155238
10484258
2522788
17178060
19632519
19491574
7827370
19565143
15052112
1622699
18985347
8925311
12742418
10763083
18751512
16718633
6489660
16954685
8411640
1083229
8294312
9092145
17169133
9859039
8789182
12574980
12867703
10869261
6672782
11516029
18427648
10089833
18810718
16426348
7958639
8752183
7572592
12494086
7418162
12501021
15894866
17360232
16161931
16122504
2670330
2257715
2675586
20124311
2262890
18595216
15816364
1728495
18178723
10494316
15514534
7495583
9513526
2306882
18591577
17394434
12950528
107893
3161431
18666845
6622319
8020020
18355412
19710214
16864160
9684061
11855657
20393354
6620499
3170968
18703244
10503035
18076361
19775052
18210951
7930257
14728040
11901903
8436752
14602211
7023308
9196416
8867862
20149298
20472633
11392476
7762497
11804296
20796093
10694174
10155176
9161747
12934308
18822533
8875008
11293986
16749497
9416890
8819738
12386576
1915452
7774515
6579938
21912486
12903060
21041579
17161779
1362167
16305826
12022521
18372484
11811391
16630084
8785469
6221646
9706883
3613617
8901681
9271173
15222127
2262215
10440141
3156010
15244388
7039796
19238646
12668699
17577106
15998994
8221865
15996900
9857922
8277083
2813171
1621835
8279354
6972821
7769445
17965966
518776
17126646
14976847
9035434
3124082
8868981
16938661
11796545
8143221
9495847
8034874
15140530
18650064
10876315
8867295
16198279
8858508
21937020
16076331
16300712
14523304
1992238
8510308
15902931
10622115
16882677
1865695
8941100
17682682
10536955
2648078
12001848
10794328
3511092
18317303
10190394
8677861
11084117
20414522
2943785
870241
10535159
7728794
1447068
20159418
21846754
19246487
12511534
9753205
9247514
8456034
1550433
16900011
7655714
15385655
767016
12633546
10149590
21114580
8279352
9049548
8682600
18248866
1261314
16228140
15985134
2941213
8774385
16095228
1442568
11468206
1998423
21779707
8573977
2942407
16858164
9816887
21751687
15982501
8884795
9476303
20826962
9403555
18018603
14508148
8279367
21401402
9575327
7254643
17268119
15101030
11584900
9101398
1760177
7475164
16412877
6778438
8443896
19737718
16900007
20021509
18423065
3791601
1836097
18360849
11518195
2448899
10735682
11845132
7475204
1739961
15353497
11054617
1405667
12438829
11535185
8237751
8245333
19592517
11967789
17101941
9580167
8773065
2291854
15729209
2510671
16950188
18840046
17128311
6659643
18221804
12380918
2655972
12500419
11720598
1867948
15773420
12783068
7911128
17101852
20635742
6979429
19033622
15364831
3720756
15464434
12417349
18234007
12735555
17976457
12693733
6762808
3271194
7727144
16392279
15944808
8508456
3933319
14635480
1553883
7840049
21700267
9283784
18837810
9462585
9338510
20965888
10091821
11756211
3497603
11206766
10827374
15182777
8995087
20979536
20736470
12925464
3624657
22093209
15953942
1894984
2406477
21572754
19804149
8485828
8902668
16951271
15606723
6604200
1755338
21035578
11951789
17355819
327801
22091308
11868050
3953368
15732658
16485623
9126675
7726108
7464197
1576863
20876600
3190960
14662094
8200388
17665601
3938212
7101124
15773664
9002495
2404626
1533688
10899282
8968273
7068350
17027583
14735647
17640316
17257986
1997982
17375407
15226830
7947870
15546367
15513324
2702841
18312908
10428309
15921789
11207081
12365870
1300951
14658818
7625416
8439825
15945301
12411922
3239142
1530420
21530157
18765082
11247616
10845239
6723006
11978691
10965679
19838476
17351403
8147838
17070146
12687854
10958271
16910349
15709461
8436764
7128630
16364872
12687832
3225891
12611120
16234794
21421717
18846910
12462905
1575192
19925416
15168633
3582388
21272226
16176077
11094565
8529235
17171928
12197218
6641756
8237834
16181869
8039194
16360358
19766838
1563126
12560787
12822623
10871338
8798109
15805718
8147306
20413036
12939555
9207619
15678039
12695272
9198890
3293494
10080460
14594892
9495394
8435241
18319102
20538670
15052245
8888780
11281240
8522397
8835875
3213136
15615845
11114957
16208583
15309700
1859662
15523547
1638712
12914546
7726124
8800106
11499733
16115587
21245474
12643389
11801697
1984883
2372888
11940363
8890808
9254872
15017787
2389700
7892967
9645825
17065185
8755695
21875511
17513204
17038140
10554508
2788532
11402945
10859993
1871446
1447267
3046789
17673876
9191482
16932086
22125562
19911349
7799523
10858855
17943021
3653125
3872968
3798273
18796451
8949318
3155831
21413930
18083403
7438573
1387797
18227608
21059600
18509288
2642629
15842438
22084633
7917346
12555162
8417257
11499600
15765282
18522775
16905555
8402769
15708188
1960330
11739316
1607518
15132402
8415337
8814672
3936432
15710756
17106656
11211755
16645377
18050937
3057910
19037985
858184
7116590
960423
6478563
19940778
16305652
2278400
1935287
11843481
305276
3776939
3271187
9880196
16298255
3580225
8227783
20542817
3833366
18798323
4017203
1860200
11565362
8181886
12589117
10406586
8877676
12709407
18440326
11595594
15389242
17065184
3922732
20937099
8775869
15478621
7586419
16536636
21154257
12683570
8267502
19157601
9054752
11434024
1637732
9626900
20662869
12671338
11004970
1290300
7873473
8891808
21602550
21884874
10814912
3130818
8850108
6605083
8450154
7594045
18221621
10354617
7296794
10371227
14500138
12229255
6640863
8573974
18528499
1921129
19041045
6862035
2272151
11282051
6851693
21933987
16684494
2299078
19573725
10052492
3950230
6726706
1084668
7581081
16269666
7638844
12025386
11343979
18972628
9138463
7897879
22010459
18760965
16598604
2944593
19556260
3104512
17307455
6662782
11827557
10614802
17205766
12074749
3981225
11787816
8454250
15523322
1495286
7501577
9707265
17547713
2641774
21967892
7820949
9535459
12868349
19124420
12515104
12025461
465269
21881524
10518395
2106304
21197617
6979387
8438735
15722248
6879279
2464109
1036416
8581191
16198244
11889965
9265278
2613660
20126339
9594372
17315614
718761
8329800
15945300
7494552
16499294
21915225
15846160
15618068
6454490
8970418
21567882
18296411
4030148
15894568
11343564
17212937
16920764
7484821
2272077
15714861
10353179
9573500
18474287
17541823
7975803
12393095
16212073
12633701
21931083
2140011
15165943
9385505
2199362
8112915
11157594
18361212
9261645
15148273
8800135
1975153
1348192
15061354
20354569
12493158
9550645
15887700
3943884
7977014
21608058
7994809
6379743
7762503
7671177
16886559
16952784
12356349
19934107
17873492
8340998
16209965
9143780
12016626
9636267
19740358
3170975
10539829
9062020
7586350
16054451
8754444
11411132
2099048
1934368
2809324
6715697
8274063
8025996
22075276
21147272
259069
9829568
8940853
760485
17643645
21627346
20418161
17932325
7770363
1421065
9857925
19225014
7662603
7446418
11728284
7799083
17204832
67791
10065024
11911805
6488223
9488772
11738223
12000049
11121800
18819236
20109603
18075518
3124591
15631535
3277364
3530484
9262081
17303991
15278185
10967643
14768801
642565
9516092
8111675
17988644
2745330
12177660
10816805
2953661
21055135
17109761
12032477
8723020
9699933
21149404
2763522
20185285
20002342
9559613
6340452
8238987
17374084
15517513
17329182
7901842
10593778
9326990
7982420
8118469
11092666
3142385
8237284
19698850
1353111
3400598
15936615
15921780
19307693
12765569
16468422
647772
9420811
7487283
16397924
16128161
8653655
16084434
12904089
7104119
20422919
12832317
10989672
18636475
10539815
8678641
10519161
11698934
8475957
7486207
15529617
12514673
18839683
11527620
11392475
9749280
18364179
17184681
12094827
19463505
10580374
6280468
3652080
2693881
8901759
8097970
8868989
18845786
19139382
21474889
16356457
8706063
10404352
17122653
14725033
20716751
10078089
9504867
7547020
3377570
3628075
10499559
18950299
9385890
7631602
1352657
16243400
7586280
11586670
20620723
9605596
7064814
7840262
19342836
19327608
17294189
3276121
16490449
19337174
1396877
11509277
7849911
16820640
15899365
14968147
8151399
9607394
6651021
18417008
1876457
9025734
16957565
15769707
16670101
1870649
2483238
15235057
14872155
1615833
15102591
20399940
19710028
19305878
16291840
15078343
20372761
12407836
12368589
11545104
7471002
11007375
16438458
12015927
7058449
15182070
21557632
15818358
3699049
15772783
8775188
15152713
21179300
16274771
7813269
20031747
1747965
8811212
9712601
10526685
18060931
12235564
9833230
20073396
8465778
12067535
18232127
8365422
20626405
3655906
10493325
18482392
6470338
156607
17640547
17070180
15828300
15182767
10866093
1841812
10548143
14961789
18632835
9834641
10147441
20599001
9626839
12749877
15065334
17698224
11943558
9527084
7355730
2606118
19686702
9433728
19784905
8059723
15860380
14568998
20820912
8267150
12091807
12025466
20868811
8275784
15187570
15641236
7923607
7582068
8338008
21959715
7148515
19829094
22041438
17439655
11030472
3257284
18154949
7628136
21241474
18288473
12138658
2523200
1538578
16571127
3168429
3184972
19227808
16126553
11123136
14999197
9070969
20117795
11391034
7778548
2100062
12101804
1086747
7618618
11584165
7459926
11858106
8879950
8283087
10830083
9343030
8205664
16959750
1850668
3756599
16728880
16395255
11436040
9501607
8483827
15525883
11899573
1535477
7930193
10810804
16415075
2633669
11108328
2225367
10027811
14608740
16078991
19394851
14769525
4061966
2747015
1886471
9456128
21962906
15032416
1579529
8726546
8891867
10650289
2963851
3566980
8917262
8949315
17473301
9857860
2674445
3172472
7034937
16316698
15747335
3579445
18463342
16416064
8294693
11318153
16601940
11578707
3794103
7331982
6823849
10426839
10378559
12898047
17164481
9005528
8010844
12090125
16430106
17017676
9347842
18455584
11722473
7977074
8693710
17575327
7235605
7775715
7058766
9041998
3349826
6979318
11887973
2148167
14617553
1010200
12011762
20833507
9750682
7353423
15783158
9727680
2220603
10443305
17562667
11475986
8653732
10559100
17891620
17704901
9432573
1433818
19102036
8087940
8252937
2022049
16500582
3779720
18838713
17572147
8480573
2623298
10732883
4006348
979316
12140728
2744805
10084058
3604894
6658198
1600333
21276443
15703419
20706875
11443763
7857189
18292598
9539866
7842591
19105254
20185000
17257999
11216822
9827113
2486900
3976695
11835905
1982106
3057846
2385127
8799240
3356073
10636534
12914886
14503683
15286554
11092099
11214745
2874690
1475553
11283428
21718508
2530864
16637254
11265550
19185160
15583228
22103827
21762255
7476074
7037581
17905386
20554593
2042791
3689625
7634266
19144419
8335813
8372797
3266415
17664995
15973675
2631026
16529550
14704871
10414679
11402944
16340398
2246542
21130978
10748312
10448027
9731788
20843341
20728698
19411119
8044955
12121695
9269144
1299940
15485765
1389219
8609320
11511119
12417845
12836716
16274416
8986460
2627967
1638714
19875407
18649051
9005168
16911545
18405517
15085375
7901256
21805556
16858365
9350921
18003765
3657265
3791406
8596199
18023658
17233191
9263090
7545768
16314196
2312973
2579459
19659616
2493212
1687143
2285495
2969020
16085584
16563104
16222900
9495662
2812553
12211201
1328144
12472918
10507627
15378803
14566232
8697165
20373274
2098317
2791825
7798532
8481239
1934420
21812510
15680709
21725136
8610611
20117437
8805742
7266066
14622766
10673678
15026611
21035587
14516338
10808148
1915460
10102676
596951
10647827
7930251
8682221
19808340
21296782
3843584
15669363
1417218
9324718
3491593
15743568
12393094
6627773
15024592
1516393
12450593
12960598
16524534
15691682
11738217
9800493
14728715
8417507
21747049
19652090
18722572
21591573
20128370
16564276
10410811
19781154
9657653
1753016
19656092
9825645
8994996
3552317
2714913
15208798
1533616
3537070
12101796
15609905
7846334
3312368
20950922
19477398
6211297
3946464
16937126
16078761
15134567
1791485
17345095
2232163
15475814
21050545
2142081
639228
20089485
10468900
19279991
7897130
22045080
7272118
11532539
2943533
14717386
8573553
10192976
11392474
11122587
17712361
15364336
15642534
12354431
10841249
1680688
20348027
10979641
20592661
16904774
15841926
11246053
6332474
7947363
11789850
10937927
17566061
11481836
11504157
10900501
10862531
16508340
20393935
8763401
15464332
8590746
11434018
9813567
16211124
2244376
8573548
19204641
16940722
17556163
21087558
11304399
8351861
14521968
7648653
12058432
19114170
8362754
15732025
6510874
10327315
17172798
16213609
16503262
9627142
1678962
3400607
18378336
18498031
1564774
12163117
1588979
10069787
18210020
9203596
1386652
18336640
8992918
7824456
20057899
19915889
7631617
21918666
9689442
10415524
2361022
6668928
4036817
15889538
20144244
18801721
21415076
17041699
9285151
17584550
7594053
14742768
18769977
15879046
21067048
17352133
2949889
7469209
7630745
16138955
446174
3271192
10453432
6399213
3878936
12390815
1823757
12506268
9040267
8965134
9717054
14526329
4050645
9266781
7720285
11431656
4064269
11959043
11508296
16316398
1414891
22035518
8910155
8573852
17306388
10778413
9750465
2869617
11457747
1811291
8837569
16611062
8339663
1595764
2815878
8331794
15855192
7296662
20418789
20237039
21098889
20191867
1359258
10978235
8200499
17338766
10927734
8640969
19804158
19581150
11251126
9436894
2226509
11727669
3673886
17023229
15766454
20728701
14967960
1576097
7856283
17653116
2632559
10716471
1991893
18839682
15860994
2888297
21496294
1670784
15839986
11890215
8922047
11227970
8822971
6799180
12928736
12227710
8791926
6891300
16183690
2064514
11206100
3816825
15328484
21850392
11767995
3964511
19081299
1541169
12693069
12717073
1764831
7273891
10364819
3336270
20946226
1799729
14712192
15340674
3802602
7577315
16205480
12732811
20560003
6738095
3963626
1439068
17324137
8507967
8798103
6754130
19893375
12804726
2145865
394479
11345393
7558464
7138711
21051458
11403419
6812403
6695821
10651204
17939910
22014488
6481530
20416050
3277365
7864555
19729697
19195520
17442430
12007696
6723383
1790538
9151025
2811405
2968023
11567591
8096674
2146865
1244259
15831598
9117919
15529075
9340918
12025460
21946105
8772689
15838369
1266891
19903575
17827842
1395211
19835288
2574631
8697703
19444134
11436911
8568471
8956123
15708698
16769654
17456375
8175411
9515827
8703492
2193498
12124404
10052276
7771972
18830072
1723121
7897123
10802002
6235579
2070152
16521636
19443060
9792564
11042475
19091900
21949538
11981582
10372165
11588409
9416888
8444503
9134875
2029704
12668503
8831378
16966393
1417183
1828171
19570443
15704057
18402903
1463530
12932605
11433821
6914672
10654389
12669948
18573415
7780871
21829510
17410069
1837727
10856728
2061979
9452771
17133184
7646298
11173316
17184569
8922912
9803489
7388853
17313601
17045894
9717022
15821657
18820322
11696827
15699250
11843951
8101532
9458418
15227365
17996552
10382088
12962163
19715884
6414278
20685051
17341779
3683484
9770581
3579067
9737648
14689121
9616340
12778025
9014971
3263041
15956927
2029099
1117738
7563256
9709041
6509790
20512457
1567044
11409072
9988284
16128163
2948221
3055917
2644829
10598241
11686666
1020753
8176098
9139342
11796564
19363636
8221788
17980227
7261282
2646759
11347512
10894449
11784518
836114
18374775
15521481
6889474
8949316
12213747
20118395
16950478
9744150
3873296
20598982
15682055
21524756
8150412
8057245
19227275
17549984
1290293
6309937
21715695
9238456
12407780
7716554
7883958
9004153
9386070
9789703
18453807
20492762
17687068
11271949
14626736
19319187
11270695
11163738
17339544
8438733
20451908
1921506
4031002
493729
15688670
8800023
10933102
15977964
7979737
18558628
3154321
1529924
7637964
12075268
9595215
11948053
7995660
12742417
3901724
9420711
17144976
15222286
18214122
16682305
12053714
14727994
15963478
3536095
8771506
11914098
8962562
7574953
12744017
15193814
4058303
16371203
11576164
9115077
9115958
6305181
1360256
1767105
18804737
3385914
19800193
7826650
9839104
11993190
19406260
16259523
16823239
1999029
21878041
1531006
8826563
10474789
12915939
17634899
19926244
19336951
3036925
6280892
1684544
11451294
2686500
9661924
804357
1389764
20583883
11235849
15618041
15942480
10694616
16228142
10716475
1753012
3304958
2962489
12891192
2081144
3711529
19370327
2291607
7602753
22032282
8363424
21712280
19341514
1598467
15502509
11894153
2483228
2147729
8038032
960873
2955154
15819591
6705283
8708774
2009624
2019165
17244380
3128205
10608969
8517976
8269187
11113718
19150526
15927712
17064795
8096672
15266362
2306979
15827538
9099589
1465658
16580423
15772205
18480203
3103491
9212760
12638346
12170032
3720758
19664404
1725051
7523057
7612971
9137217
19131866
9001696
16355919
16572872
12923406
3604221
3064607
12577424
1766473
19114374
6972824
8577189
12766162
9726735
9263860
18186308
7586352
9813754
879879
18060103
17204904
1874087
16132296
8819711
9358513
6969825
12899396
15583079
21098579
144034
8232372
19406840
18805280
10052718
14765832
15596030
11720610
11055682
21545993
7848032
2427001
6840120
9601861
3495886
16386914
19211266
17521497
1903614
9411203
10368127
7296664
12783635
1735988
8749878
10936815
21949529
11687698
15886379
8002860
20473372
2280581
17659791
1634673
11748117
17556876
7586372
11794987
19124400
7594042
16606399
11197960
14765849
16900009
16434816
2327721
19275650
7590846
10389216
17850562
7253362
6644102
21624548
21249071
7124591
9770579
3365874
18991675
1636589
19734156
9547440
11822979
10210503
18537757
2258202
19664831
4042706
15246916
18379540
1632401
14662268
17061646
1888443
758775
14718439
12419942
8717274
15040157
20042560
2045862
18582807
2191852
10149581
10935670
629622
15693695
3719597
15226874
3367001
1728498
6849267
12021155
12848816
14666004
8523261
22023697
19227907
12522520
15694741
20109599
17167386
6133444
14579051
15717953
1960992
12193963
20959649
19576361
8411500
12555584
10073264
20018134
12840625
19095316
17722041
18783960
16172749
16792027
10843827
1442493
10598228
12468513
8114627
19159993
10615414
21478290
18355549
19757029
2655980
18672200
16673855
10545677
16555704
1304144
10797178
12741306
17329947
20227300
19738142
1116256
1735172
7789381
8361943
12117851
6736464
10874279
11861335
11000589
11156666
15977773
12931252
9246823
11215230
15305784
6723007
6884099
1299942
17631087
18554193
1626491
21076490
20144164
7756064
7503614
15470294
18474286
16686616
11762985
19414544
18544369
15965573
19563275
18641516
8880831
2272060
3816834
11352078
8011562
17633850
7642061
9767949
16188532
18251377
17057381
5433312
1978641
7910541
16442890
12562669
9626206
19307195
17158246
11465172
11509473
10470994
11713162
2530377
10997746
2805327
2358591
15534166
16598902
2631861
10824471
8128195
8323780
9120162
10944991
9380934
16884792
12587339
7771164
18342293
12238311
1742906
7438412
7930192
20696102
20565047
8933245
10939533
16759297
1477852
9114755
9826859
20443655
3757317
21757900
12650423
9513518
3267733
3055907
10994721
16270619
3443125
19564055
20194879
16194409
8638524
18282442
19843916
1971585
7071631
16377932
21487971
12144840
9697067
19576338
17643310
7591313
15680718
17338123
8521880
9504874
17369101
10816271
12020174
22046562
11566457
10707756
7850986
10598968
15067425
2933474
6679220
10442680
7564442
1385008
9385300
3995709
16504577
19101241
10091021
8590529
11002855
15917975
21784745
6121566
2266389
1985383
10078891
10473016
9798290
20229255
7807720
6982239
18349790
1615797
20139224
8398034
16122434
9040632
8996308
16875920
9587442
2935111
11329759
19342841
10086543
8901684
12187629
14508147
18793246
16127512
11573694
1545067
12795663
6695814
10334422
3924551
10884669
9857947
11321850
8181024
10935146
12830072
18693136
2631817
12173023
21111555
11641931
18586325
8848402
1552651
3403823
17437743
8058074
11426762
21474851
7317883
14740078
8636543
6979424
15312872
3883717
18392303
18651454
18706719
2373097
21555709
1082791
7014103
9604959
11723667
6142702
8971502
1999625
20061547
12380777
19409352
9064978
3155758
9225793
3281519
1577027
12437489
16144845
16935289
11496052
9861300
15144931
11214707
7600659
11399338
17235370
16494512
2017972
16948453
10727655
16472276
2147350
20228410
2929434
7634291
9180124
11084007
19041049
9068521
7726118
21982316
3788258
9354409
9577953
12555392
11899589
3621278
2895576
11775416
11282180
14975557
11163559
11591592
16542058
8694612
1871948
7611123
15084370
15494777
9416981
15932661
3905055
1836098
10666195
21633959
6304176
11588721
17660002
3439400
3300243
11772872
21705485
2198218
3054183
17197251
3804508
8795481
12407833
14550507
11827687
2696382
20608989
16474859
9064971
2968910
10665329
10221852
6617208
2975950
10326147
18187300
17646781
10399995
16113002
6965880
16863752
21603379
20545998
9223893
10817851
12360159
16892436
6967274
2288745
11903296
20304186
973893
8557925
15125489
15080581
3669777
17721016
16755989
7091005
10089252
15172264
8141086
17380691
1557005
10522139
15544751
21246782
6085237
506928
9789704
19758900
14631322
15057133
14632698
3942079
21986727
10367091
1707115
9354533
15831143
16604728
10980823
15114771
19700338
420102
20881868
21197536
18986394
18361219
6948503
2111679
8049933
2010241
10544514
19889655
18771890
17852784
10201614
16829187
2205342
7813229
8238585
9821794
7624165
9611856
3905053
11192347
20721274
19038680
9115957
20560897
8508454
18090064
11767991
1013996
8376699
17538166
7923656
12132290
16900346
12662207
11700705
6858875
3779914
10551977
19690474
16245506
12762268
8117174
15218743
20938098
10978962
10795000
6610938
8651788
8677892
15161066
7786840
11715355
8339304
8230681
18549862
15306743
6692507
1772676
18552579
3825947
6489672
9423773
10832125
8215786
8723594
19653115
17211553
17057935
17184686
11440027
11843952
2245673
9822101
16988803
16980717
11922520
2500471
17188019
17885521
1623736
7903245
11815435
12681416
11414601
12912820
994533
20804515
8479673
11153818
20228511
2424347
3071442
11512693
16168812
9492458
8685687
7897121
11711902
8914567
12729848
1935563
18032058
8042078
6696344
7754942
9671897
12679204
3501443
19670112
21217482
12241721
7965277
12771613
8432147
15736252
3530472
9422854
8953445
10639539
2253417
1457433
8579507
9335406
3830707
11847163
10091816
8379719
7857731
3986977
1696248
20145592
9465749
18797405
19114917
12427659
7642014
7654398
8834926
21747667
9391284
15389237
8011563
707971
16969265
2009811
15007003
6616985
17449411
16703231
21538165
1674455
1555274
8759242
12397572
20177121
15193692
17962990
9711936
11227973
19463585
1282864
12397540
16598532
3872967
17402354
7818834
16643362
12495391
21841866
21297462
10809494
16320330
10622092
2662933
11603612
8358881
15777062
1990747
15956818
20566328
11937461
21277563
10187879
10200130
18209768
12963638
723011
11004976
16286589
8034884
3411763
20226127
3103565
15028361
3195436
18453216
9091515
12883318
17511377
21592244
10147835
15172404
2969319
8110048
7594044
8749267
16865305
9093543
12555171
15693785
19411669
3883412
10353135
7762168
15284257
11998947
18036561
16840745
11823079
4065104
20667343
1826690
11500746
476737
11960587
421555
9706821
17174230
1304453
2688986
10868869
2146040
15660043
17128784
16765126
7771881
12174028
18359309
7304435
2237594
8212605
11068713
11079260
17089245
15182061
15736564
8076657
2022050
2198597
6175196
7888266
2964675
12464983
19043394
8176627
12223324
15477418
7967019
14575221
10553183
9709966
17911537
18780759
9243139
1820293
2043391
9588412
12821214
2277934
11986532
8013762
7549355
8785901
9213196
11107673
17919349
2714033
2041294
12140809
16125049
8700813
10666823
17875969
16485575
10028543
11850306
10491376
12933511
6233947
18360184
15592951
8357328
14754423
12238865
15921809
10636284
11692587
10089841
17540992
15117846
19060126
17707132
17721030
6470325
11280452
15144932
15469596
9809922
10652968
11181472
8902723
7897131
19924277
19577058
16781376
12875773
18972627
20626225
17273653
9134223
15185917
17293180
7816380
9275337
12931101
8606280
9276770
2181966
15728042
10929261
1570984
19017339
16599070
11721723
19306515
11823082
19797975
10150122
6802478
19187405
8049583
7872177
18834428
11470390
12897062
17695701
19000494
13680554
9736438
2786642
1539701
16152645
21940295
20640383
19664240
17134622
2338676
8540456
19140906
11899578
9186279
2844873
10551682
3383127
10909314
12556677
7909822
8475867
1306627
10150781
14659857
819021
9882779
20083624
7046257
12053546
20686175
18436521
7424944
7919552
15878555
20932111
8179979
17646193
21167460
1790164
5470052
12106937
6375982
1736611
8225673
21129175
4025935
1825742
943920
12532183
19147626
7352075
15471150
16871761
17917507
9820438
2089625
21955471
21780334
9588580
9929105
21053741
22129502
15975362
8178196
16214537
11757534
12034156
15851184
2206763
6332265
15487278
10908093
12853048
10554853
18340294
8339405
16635617
12506022
3676026
17515734
17394905
10941545
16820584
2191853
8221855
16823242
1296884
10841221
16290980
21478556
9690112
18090000
17563413
17728543
2349143
19140919
12386950
18649053
8013021
12391106
10482177
7471334
8717141
11441193
8829958
18234361
9525293
11871605
15609914
3142384
15216756
8440108
14707020
15717954
19699891
2278712
19198701
2515823
21622823
10609136
2973773
11084112
3161326
9432206
7910865
2297877
20560029
14965863
16553976
11835907
18030067
15660539
19492029
7415995
17826391
16450813
19235242
12826510
20222816
3103494
12691398
17223209
7860927
20404742
12640514
18312902
7964232
19491618
9088057
8143818
6227889
11171791
11790930
8222134
15060200
3819195
3604922
19626401
15451782
16218427
18445057
1244234
20674379
12497755
18353716
19047585
3565246
15336999
991414
11605773
7923655
10081124
12218880
16720429
2401070
15798703
9193427
6968182
8100627
9068909
3142243
10755326
21903907
3118839
18473271
11017815
3951257
1990757
12669106
1451032
12771010
11265868
16504637
3518165
9152673
9436555
8341005
16234766
3980101
2008837
3616140
8119499
21856481
9519352
7847939
2032560
9181889
6965747
2515861
15557732
15793658
16267258
9543263
20875630
11089279
11119454
12208594
10913475
16424847
18603224
7370524
6630759
21352541
19249689
18391093
9101399
12884804
12482794
12098825
16445725
8049587
9811526
10986156
1083668
12049623
6333274
21446385
16564261
1830324
21269649
2572252
9313622
18386829
9618573
17720371
16106138
14732209
16340399
20381667
8087718
21068084
19108498
17870003
15609915
17878423
17768577
8166067
9557373
10751769
12629622
2223305
9800881
15563247
7572598
18989058
7873465
18698224
11402936
7472582
2486636
21342618
7925510
15216742
3297402
6859083
18326415
9541771
8745611
16052048
8376696
8037104
19307243
20176989
19622496
18200422
8222798
8828329
2690909
8762416
8436748
15732251
8354809
476739
8823148
19081353
7484737
21686225
7979728
19136492
19910579
22045477
9152668
18182760
11498645
3032475
16098304
9821852
1428248
9519346
1960332
17514685
1941146
11153017
15556045
3661619
20364557
11262999
10440878
7864550
7635980
9564549
779595
11021272
21345926
10075059
6152691
10432149
10814618
18615370
21641569
1354569
7834190
3123423
19337528
7887379
10661019
1700591
21555310
8996773
16860526
1972861
6705298
7947373
15346638
21591510
12963179
18929575
1678903
12939229
9049543
7898088
21807325
11582722
16442409
8227824
11603438
1729870
2965499
9462597
11206102
8649331
8023539
1516201
7722130
8281646
19234092
8581193
8491440
18271963
8471995
16500579
20732507
8595793
9027102
12757869
17047593
3354443
8065747
2940283
10047628
8910066
20552060
21314470
7923303
10081268
17259565
19725011
16874154
19681469
7212509
17644389
12047777
15664553
19958856
8295825
11807742
3276410
12718735
1598875
7093080
11525111
15007027
2485025
2785878
4004097
18403387
2528901
21666114
10089854
6820456
11279381
3049093
21939957
18773698
7114607
923019
17394451
15517075
16900006
15135370
8530786
10916654
4008786
11348602
16733173
6217013
12091772
8769766
2971701
7930287
2882674
1564218
21205461
2575021
12820731
18037739
16242445
727847
18192808
12684599
3311453
17296625
7978407
12597258
15071255
21074126
1684082
18030047
4054136
17625083
9852872
18175031
11759316
7872171
9647609
17721021
18089343
18807180
17005710
15274150
16810474
18694538
22032060
9049546
16106122
1000621
11417772
15923120
8341827
18610686
11286302
12645708
9736137
20348196
17240575
19101321
1989824
12478867
313253
7994805
8563993
9388096
15007270
15566931
3441720
7304652
18708421
9805568
14768782
7818835
679440
12766496
11087259
8095738
1577029
6708573
6690252
19562575
19009764
7888267
2339827
11463547
15135197
17766276
1756141
17954398
17462760
16752941
11794981
15921793
20031444
16120188
17403953
15590708
12777681
1611784
19056137
2147840
15234429
17851159
23079
20519296
14631474
17564292
4001398
15159722
12066560
19894779
16932412
6871894
9118531
8991882
21111983
9410568
12674996
10396667
1888350
11023934
20335354
16910158
17126763
9382694
7786119
3693585
19110581
18260851
8873583
3594778
9247447
15983951
1434076
1626511
15725139
908987
7965278
8422644
6807242
7805220
3967402
3497967
4082880
2184200
2109763
17704115
21504613
17999560
15071277
11333991
3668112
6690559
19157585
17191594
1119401
10745309
3177915
3501444
2490995
704855
6829435
9279844
7357717
9579812
8634844
19474056
7743697
9004813
9386144
12395363
11529211
16344302
10826004
19329820
2230080
2483233
11851356
20884855
2661630
1530900
11496434
18383770
2146623
2035390
11099162
1595946
17671046
7574950
9594533
17906478
10199877
3377739
12453373
15683492
2636288
8556180
2615029
3881227
9310270
9358809
11068709
15610277
21189950
11843516
11998333
17126110
15229740
9217392
15989909
8653731
10365602
1363903
3354403
2017227
9429846
6095708
12834366
15548236
16687346
7840266
10150092
21890075
2930091
15680033
1834057
10811588
12966645
10806984
19243416
12882875
16113848
11422962
17244916
11458700
10868514
18382260
3221312
11403503
15320851
8261476
12407848
6375866
19156750
19936117
20080987
17375511
11407110
1737665
6641039
15948103
21806080
17639095
16883010
6674773
3146954
12670638
16239980
19486596
2437788
10423671
3494366
9852880
758004
9724310
12502594
21547630
2483234
11426775
20137476
21335190
11146958
6918393
11988636
15182064
18398808
3743931
17368873
19423276
16102466
14578965
12626485
9243084
16386464
14732206
21569543
19476115
16432089
18060935
8889875
1190888
16412151
12657221
16960037
8679234
21673277
18280479
9304071
21351662
10574402
7943402
6823850
2023443
11352291
15568600
14596645
8230644
10067290
21688276
2598198
19622042
19408074
10935739
1434305
10146259
16675229
2040329
18064658
11775414
7524041
15336996
8370362
8610415
9180061
18081799
12749149
1126190
19378531
2961181
7612985
1671192
9173695
1512054
123085
463772
1894853
9356087
17207782
6218745
7749454
1282614
14975469
16372139
9859608
3391183
19356559
15921690
8522686
7798488
21659779
6600659
791537
19439378
8426021
17385555
21573868
10689267
7728781
12839087
7726129
1330437
8305246
913131
6828955
10368454
2000775
12869175
8853317
10581138
3756581
2629681
6778574
8934519
10677406
8543246
9706810
21915287
17675077
6355509
7386491
6723062
6349800
8296706
11449309
21959218
16945820
16717330
21036890
6640856
14658417
17713658
10074566
18678218
15852891
21632881
7900662
3874680
3889110
17589637
2933941
9540249
8949314
2522719
10225473
10843824
19478711
19169732
17611002
17503881
16426343
8425004
3825904
14516285
15310721
19459560
15033850
8425281
19804097
3274211
15497103
11276460
11714886
12116272
14626205
15966609
1738734
3589965
11899196
15245344
6624536
3314442
4025112
6102468
3581542
10196499
12715906
16791112
10021777
1454674
9769013
9462588
19883011
18573864
9023449
9800828
7645541
3936442
8694598
11691513
21060028
7778532
3599402
2039669
17014518
1840330
19652941
2766586
10980857
8922321
9400390
22020348
17703258
6455217
15174780
1827989
17521499
11463546
636518
3393179
20120280
6491081
11491205
8357782
15764613
16153353
19804259
319686
1405700
10593693
12180245
20670189
20403471
439924
12411873
2916587
10516177
2867837
12874672
16227771
17343037
9630096
2963919
2106301
11930186
9236339
16084160
7911570
3493680
2249293
15798702
2476016
7829781
21041970
15449973
16075825
21362533
8174145
10904010
21977246
10402108
16097415
15271642
16996842
12386570
16569542
1946115
8975839
10733777
15282454
19102034
8104239
1227225
2796363
11844292
12605571
2793262
11606149
8824016
8606440
7489617
10513772
11261337
7475171
7942476
18276173
11433807
15875507
14602288
12219051
7808046
12040849
12727575
9044071
19676014
17081364
21167455
11098543
21846372
2857518
15093989
11567670
6496323
14872156
8281697
15538070
2872244
10077520
16320933
20473259
121522
19102917
14691420
19544675
9864612
11357926
8690183
7631608
10775282
20502115
8113565
19293604
21593959
12892964
16458214
15492765
12729852
16919343
1552120
9323067
2269718
12874772
12001879
16038109
19225399
16527181
8313546
7930255
10362366
8707463
12555393
15467302
7782141
12641603
8286841
8834928
16226681
17992329
21358229
11960591
19050622
16261279
3358359
10194657
3169371
16164786
10608209
8475871
16171746
159743
9101388
12670640
16556715
9454530
16333237
18370550
9095445
21185506
685847
15114769
6823869
12822626
10348965
19889228
7818836
8187120
6858912
6979918
10082209
7756099
9259140
17644412
12040356
12436942
15148276
9869764
9004809
11809923
7642022
18201780
3228460
15632876
16938140
10997744
19028635
10502207
10160094
12585952
9207978
14752490
1829707
14699692
15586736
20934732
14966050
18832778
10486417
15309698
2399889
2656020
12792719
20525705
11020393
16728224
7787469
2301207
12010930
7488446
3261652
3748834
12638345
15823636
20877686
9080169
17079036
20001986
7925518
12235963
3661397
21727201
3400571
16642955
14729541
6499287
20445812
7721482
6399998
19066207
19623174
16485514
15584249
9749248
10097224
12047776
16636542
3501254
16228912
8891854
8800452
16540019
21737598
20958833
2940042
9110114
21513134
3278176
2032637
18313322
7866934
16689991
11068711
3595151
21112898
17573507
15998695
3964721
7351889
2359076
16252015
21329862
10832622
20640098
10182194
6426817
12729847
9659196
6093491
1539529
2032263
9294669
21350054
18440338
7728813
7172539
15319174
18245699
11523602
16450745
14626738
12558122
145316
8682102
1827903
8903537
1984898
3819200
12407857
16606817
18461615
17901358
9186064
3485377
656234
6853916
15077078
18638172
14516284
9507545
9458149
20444035
12805390
20384655
8162945
15511197
18928953
20575653
3946205
20810241
10841967
8372796
19710085
7865511
456052
8641004
10869402
17584278
1610613
21608428
17174649
7637350
7235412
10921478
21944256
3435908
19148724
11568824
10952160
11578158
8060665
20494923
19859044
2813229
10856726
8149524
3639819
22083689
8162216
8146767
10496061
11419892
1839090
6792429
7786832
2184938
1869753
17762654
21387623
20185005
7797224
15336811
11498061
8888661
7654273
2470035
16969843
7273043
16516589
8863101
8125423
3698258
8370364
9726615
12819461
9614503
17966897
15773233
20031619
8227798
11893824
12853052
15374142
2665469
9793844
19558778
17961420
9333933
15972864
9918975
7471316
10607873
20676962
10783213
11968716
1951108
18281862
1818787
9292327
21570962
9225669
7259375
3110076
16711014
8751484
19648389
16624609
11868142
15615560
9534280
15074775
17564288
15894769
10725284
11119276
20409312
20965978
10363867
12931489
18308007
21878042
1903580
10952825
16645413
8131534
7484690
17490778
15712513
8274055
9487286
15151773
17479436
6502944
15680815
18485010
943242
10231671
11192349
18722187
19262210
8579025
2340671
1688159
8212752
17876375
8535052
11079304
18706285
6736463
9827467
7926389
19520657
6628009
14618094
19481939
12457312
10334411
7212498
15825736
19934109
16684432
10959459
1944425
8723395
8376700
16553981
17364102
10565777
11724646
15508667
11337917
16143254
11330754
9549398
16546150
8921752
531581
21067597
1395200
7821323
7646246
9197424
11345383
12066566
21180086
7874859
7268352
14970111
8011347
21029827
4018715
9316532
15120054
16868104
9036024
11719135
21558875
1359828
10063278
2340738
17969373
8313571
2962507
9662223
313487
21135366
19393854
21294711
19752486
8581187
7728806
12200640
6431925
7246449
2526076
15670559
7691979
12204015
15831810
20609316
2245898
20559989
18496368
16949468
9630095
9886707
891580
17157110
12446064
2969207
21658562
11265741
1914097
2225958
19323699
11990640
2368628
8952740
11499737
18589341
8893117
17194425
1856418
7307590
12649505
8222122
14564233
16929385
10492367
12411920
9704703
18377766
18377459
7498195
6707367
8212646
22093805
8101772
12186794
11576916
2198641
18084150
21185401
16937031
17606176
9880125
11973166
18565479
7425139
1290039
10966282
7130576
2878742
21912490
21030927
8347011
15301999
19852138
2880716
16258084
19228077
10451882
19963206
7754941
2918162
15309013
12133028
7250887
7745772
18291145
18317635
14652800
8970402
10921690
12691644
11244676
9429845
9259163
7863985
8079230
11766064
12826776
12963197
16817027
11988198
8604622
8597831
10981175
975475
21749885
19432779
2553296
15961090
8113543
1545991
8233997
11799086
16186849
21275498
18823886
2291610
20088991
19644815
8784000
1804830
6770202
1993796
9788039
6880862
10552350
10993006
3275707
19532102
2330891
7691292
19346734
2036223
8768505
11079680
9714106
12779301
15932821
17487293
1613278
16636505
9577167
902500
2916588
19103994
9493469
11110425
8689538
9359547
9894619
21063936
16705327
3032637
2889460
21219801
8910148
10997743
15818082
10150064
16273752
11498085
16417902
15812624
21887691
3678241
6526845
12521946
2938107
16503969
19437364
16931664
12434595
11210098
1681834
16850529
1372862
1688481
21977269
20926937
17670260
10686655
7902784
8933074
15831601
15049386
1828989
8869118
9682956
20031841
10749356
3355723
9164878
300567
15193810
19175926
12869174
7947376
6972140
22091223
16142250
2931214
2956776
16323970
11294693
10221393
18367010
3673029
8685865
7235363
8632625
2784512
11686505
21606348
7713802
19911001
1462921
9822873
10228352
10637086
11176759
9141241
9864601
2788390
15277419
16574680
16378920
9341031
8370358
15227217
7472594
17060962
11913478
10496439
2933709
8020015
7796432
17894569
8672827
8186576
1106166
9269137
7448854
9482143
17521306
18528463
1562222
10442679
630685
15199356
12946510
20332716
17961977
10029645
12324738
1914102
12125669
15067800
19619845
10866337
10884977
8945695
16003279
1727097
14586183
17212027
7966846
15111135
1884499
18468448
10351968
18234553
8682064
7842757
6580372
1967560
20353933
9049684
9420670
19027389
17905377
12001869
19378231
8767634
8960448
16489847
4064276
16547436
9213836
9768728
21082299
7630864
17568286
8151388
7787277
15320779
21288219
2865243
2050523
18441454
