18821143
18850075
19537840
8742911
123691
3805521
6457747
16129814
2676260
9101309
20978469
1715483
8853640
8120474
10575815
1599697
12237166
1730448
131172
19185300
8068579
12757339
2963795
8868021
19574288
16735644
1533256
6651996
154980
9321751
20425249
15190262
15167455
2306830
8965298
2931468
10215283
18513511
16398568
1532809
21444835
22116914
3402485
16737001
10900649
19203518
21845191
15090695
2956457
6235787
21281467
15705962
9800880
8462151
9247513
1071939
8518539
16041165
10452873
8322776
6109683
12871203
10465570
15059935
20412267
15767467
16623947
16426452
8349331
8801371
3813269
9243087
9717855
7848795
10615480
2977796
9485136
21375762
20485194
17495987
9213830
17699292
8504505
8281965
2969669
16827276
12618239
20198856
6228133
10205585
16690042
9626985
6212929
10377301
1530429
21200004
1827807
7428300
3241186
142170
11087234
20411619
7230515
1175408
1626568
19343394
9891820
15061699
2530949
3698232
4019997
18024947
2261940
2151334
17713841
459203
16981055
14744920
2527294
17663777
891209
16138566
2974566
15660120
19922629
3712082
6685744
18018
21614848
18096751
17507360
3655424
3475422
6215829
19322187
8387960
7634299
1555466
8848988
1717820
30324
18282207
11518854
8315516
1585868
7983872
17955265
12776309
8793699
3324911
11316121
2977327
20664771
19363848
10329067
3986056
2183938
21349401
16453041
19791462
11334776
21247247
15969257
17957125
1418655
1398890
4040239
8821846
16508657
16679080
2148154
143949
9760806
15823941
19262581
6084143
17682358
8141089
2950064
3159665
16327943
9543265
21528640
15769773
8199379
2522461
2954905
18360014
11040241
1833430
1831676
9497791
16084165
9256480
1386753
16708559
8984234
19207191
8157948
2145705
21139111
12911529
124106
17875180
20613959
15103312
1679754
2126720
2937938
19505285
8284715
9403625
7988602
2970449
8728157
4054634
6226196
9308602
16164572
16214149
8664002
10618298
19194108
15998704
10829100
8865884
7516540
20409873
17583172
1355414
20586909
11978952
16529551
9539827
7487300
21861398
20017075
11235714
19882042
1385563
9433518
7781009
2972580
12861121
19171343
12819310
17508012
12477156
11723364
2750726
8675258
20850759
10886492
18854757
15737177
20345436
7796450
8937817
128282
19092300
9588654
14724354
2529374
2965228
18463146
16184247
17679807
7496564
1614065
17672069
8927860
16353058
11153722
21694934
16291839
8678395
2522959
11116127
21871995
16617442
1473664
12826507
2150533
20213186
18593803
1957757
15854854
21709209
20364702
12162535
9175047
10614147
19475780
2305687
6234910
21614986
16712748
16206602
15963236
16129800
10808736
17391152
11209145
18841778
3440524
2137479
2455843
6220983
2947867
14631131
21430555
12790792
20876061
10679506
10500975
12957690
17395709
10561812
19131384
12183712
3698448
16860167
11045288
19483506
7805197
9856962
17923586
20041879
18817921
11939608
2712531
11434008
8790072
11041163
16043938
11124720
10329081
10642310
7834942
20590836
1838766
17176915
2975465
12860266
6499693
11944008
8733335
19534021
9851571
10399865
15459474
15125386
10373774
15287294
9281452
6459205
20816123
11040224
9688437
21547632
7596372
11325081
3056779
12744029
9411819
2146008
10905132
9799049
7733348
15631334
9488239
8718658
7572638
19146795
22111327
20113216
10744348
12875445
7205119
21033333
12635371
17014864
11149128
3947269
17330449
7793403
8049590
9462582
10457806
8138697
21160527
9411588
21957976
21069412
11427641
18799821
18775253
9562937
8969382
21389910
9880126
7671870
9799034
8772703
8139366
19570132
1742668
1378117
15080045
11011337
17429446
2946258
2688980
154913
16101565
9205172
18429755
12952551
9163049
3782637
9339252
19197449
7897853
9559432
15010625
12148335
2939952
21848481
6507243
12324735
127599
96760
19434961
2140689
8750534
2530009
8198880
21534449
19423568
11560854
18191470
6213384
18430418
17679652
10928294
11718414
18089974
19132956
8465356
2044545
16946148
10608472
20838719
20166815
14652492
21977279
19614792
2946243
15142663
10409480
19247217
16429641
11912485
16229235
7755448
20528636
16612461
11318898
8086330
16003185
15834618
803174
11790286
18045822
12857061
12577767
2935737
15202695
12572839
9303608
21897916
20353015
17244377
2960623
21930855
7646308
3774694
10526909
14613735
11752035
3725629
1414167
17117755
9261033
7639594
15533726
8141077
12749932
1833026
21634250
12680847
11707239
7696023
8362894
6222658
7670928
140029
19602610
18978188
11000592
6450599
21846346
11817067
9160770
9408513
16274384
1603985
2184650
10205230
9892172
15810987
11006885
11269509
8466741
10809980
9651835
8827631
2127943
19244588
19414634
16513476
8397997
1638703
12118909
6454105
15086091
2805257
2646539
416780
19843903
4002255
19379401
10335726
8482807
15459762
10872616
20429693
11992348
19683638
12186110
9590570
21681718
15119517
11249535
9168353
1289510
10334443
15881101
7595853
10750607
19460479
16719248
8862238
12419170
2528980
15511408
15084541
7562889
7286527
15126515
570983
20605170
19758301
17206462
12417548
6214840
15734615
19413212
16151437
15199350
1450882
19033105
8513311
6449858
10604974
3236384
12227731
7586394
2966551
2935567
17334474
12071287
11986904
19303969
16236933
8772767
15733789
20888928
11515983
9886905
15363815
16426228
17385461
8480623
1732376
7742262
2009439
15216486
14654734
17344424
15912435
7743540
1726010
9839277
20823719
2969037
11788396
12473873
2081994
17984659
10856263
2940877
8010104
11757992
10830624
2147877
2534409
15076191
12105136
20327565
6481018
11416693
9357456
21526566
1477292
9842574
18700559
10334804
10476598
20651885
11803325
2949630
21642499
7083541
15039810
6981470
19671389
9344638
10854047
2176935
1825445
9852194
9507225
11780772
422912
8866097
9291652
9238370
21130969
14700508
15019662
19506446
2619588
2999267
20134097
17451283
21115627
8403291
7538913
17260148
1343272
9118530
2675788
7850981
19593212
9988140
2970841
15101200
20416133
8177269
2528245
19379349
8573991
12045437
6130036
15713906
2532019
11158870
11040002
1451161
10980355
11796546
8745990
3941219
15701749
15133413
131417
8041027
1825164
6226198
1321197
130916
19332158
8572857
19514599
2407489
16484992
2416486
16207104
1829858
15097228
20119883
17221285
11468543
2866843
15532718
10221346
8794820
6223549
11446706
20022065
2942387
2724994
2936789
21703623
140789
15206125
18766459
16198278
7495214
7897844
19715413
17943141
12821601
17950084
16434263
7779013
7747689
19897609
15887470
8021902
11775132
16820588
10904284
1279298
8146766
10929265
7994851
11253327
21592975
12939386
6727026
8238587
19825910
12602460
11498647
21332562
10396215
16168814
11532686
9641182
1283425
2954904
8583471
7554542
15291076
2150474
17344142
12891290
7533225
20144938
7810356
139213
3039076
17136853
9646164
21348922
8948719
8703699
16720057
11856916
16810078
20594303
12811651
15458692
6744548
12806482
11431668
14981636
18088046
20437402
10936811
21141381
16214180
3161926
17446713
9662484
2962220
25973
17483129
12782567
11082141
2150039
19491624
11464441
11601055
7600046
11602083
7562492
21549295
9782186
9531730
7848036
11527137
7994801
2140317
6226187
2045621
21179280
131652
7246596
10781393
8117529
1921119
19463023
16986685
1830911
21136691
15151483
3342419
18581348
9686527
21432982
8155010
10900182
2150475
1825173
8852537
6870384
16298261
2147174
17541299
18309914
8197979
2615138
1349744
19700136
16950368
12920259
11032357
8020045
18924516
17592068
16580447
18494270
17117229
11579840
1552088
2966769
10412884
6235295
3433731
8970426
17364119
10209940
17053470
15368798
8753024
6238612
7720291
2141612
1581014
17827797
15815773
150620
159696
1114974
21353251
9033693
3799703
19081416
17078178
10326150
6214670
11104869
12080644
6456320
1824633
2138412
12548095
11499746
2469899
9711088
3158127
15028365
12359989
7484888
12973466
15744331
17497444
14996471
12736193
8752200
9594370
17652294
10850067
16901040
15787347
7787470
8301106
18806629
11683474
1765343
8901825
16336432
15971553
12844468
8884556
6456674
8783775
9595223
9024909
21402901
21977255
19300167
9746111
8609333
12685621
10856876
19376404
1589679
1416558
17292383
567421
11083956
1981491
21211672
20567248
2970772
2934287
2834885
18541733
2376368
21487028
16547554
9205939
7857756
1355600
12114096
10860189
21702688
7890275
6457259
2962142
16380520
8133016
7752668
7744538
2086468
20649075
15897363
11482503
19262408
21946697
15086255
1748054
6448611
2913737
19282611
19223723
12011950
8960420
21960985
7576398
21677334
20956429
3007796
11834484
10921529
11789268
1535538
20411618
1720480
6215362
15695149
7799109
11083741
12738897
9612254
20368916
9760289
2251537
115407
15817727
8608458
3360518
15215787
14981606
2966353
15331316
2338333
20078837
16209992
12494207
11927799
10642274
9755628
15773169
9698527
16075824
8046680
1992792
10642293
8135033
7433937
14872333
8538932
12890171
40430
14670809
9039128
19462934
16162619
7897852
11767190
20446094
123281
11739314
15328939
17374088
16710260
15181978
6226197
16505212
8908388
8281958
19246500
6193699
15557363
3156760
16356568
12950545
9101306
7960013
2952079
12088924
9389423
12438832
7642041
15977776
6447739
3161465
16567594
8762044
16364821
16371224
3233613
9933271
8811133
8762208
10651388
8900386
17896958
17359540
6450857
7494928
15238570
12865376
9353243
1834556
21465326
19777318
20543711
10855737
2977152
7494933
2151074
7923663
16538073
19067365
18642697
8324776
3510233
9717270
18794011
12909073
20435318
15056267
2138288
2976286
12654714
9431860
1829117
21728903
17296875
1838767
9858114
15790960
11886768
12709263
11257087
19687733
7657921
7582070
1576616
150800
15374186
10589942
10494492
8485835
2074634
2297829
19932787
10899045
7634559
6946759
18300851
12714020
2586016
6223063
17338153
2525430
158445
19494588
9462581
19480779
8129183
2210480
12666068
10454456
10437740
7201233
7184984
17522472
11381288
9719015
15593047
19069157
7719522
19696226
15785010
20606113
12914098
2976594
9845769
8513543
11466135
19145053
18220031
9922059
12778034
1282635
2454086
15876977
16514908
9866343
15046052
8377361
10900288
12539811
20975995
16336573
6145217
2485016
10424815
8675259
19930694
9488238
11212958
10501277
12612953
11307864
11116126
18946455
3563165
12566109
1577031
15517413
11595602
9458456
17729299
17967590
10694832
352699
18452784
9440399
12620695
16955820
17145025
1346509
17211254
12542449
1794221
2138048
18924484
3051999
2121029
19487338
3341389
12390820
2000773
10149229
11576954
16478000
9513036
8705764
7282518
12641877
8409049
2946785
19553743
16080792
9060904
1473335
9539855
10623493
17658726
9539862
1299937
6449727
17566079
15882553
2532463
6232306
10799627
2932260
19851527
21138940
15959599
9038690
1825080
18260947
1396854
12106523
11156286
11082138
11937178
7806743
2136877
21418917
7607766
11285760
1835279
12509555
879613
2533431
8782756
2522356
11369842
12841411
19909683
12147929
15856048
8174875
7578915
16531808
15781669
8010784
3508215
19229972
15555355
11146012
19731113
11999344
9339515
9827101
2961689
8478042
11986887
16155305
15779847
20219618
15894834
3552363
8286131
21224495
15809552
17392555
21775903
7954545
2967860
21699835
9935049
1575172
19090879
11564682
8711397
6457617
12502910
8473655
2150081
20532437
18835697
17476291
16032521
11108272
9095696
14574345
19934091
2468850
12708879
9068395
16341150
15666574
2140815
12352313
8998249
10440650
10750772
15010744
7847483
1839699
12242071
1529902
2977540
22007848
18607333
18327092
21213543
6137949
9885323
154543
1439121
12045789
9186060
2959585
16585389
402219
15128475
10981147
8546245
738906
8567048
16004889
11768726
11475854
21304095
2521417
15730213
8644031
7498879
1671191
140601
19859978
12183857
6240358
11740004
17340147
16835353
16880349
11888760
6685465
2947744
1838612
12597313
2137728
11518194
19289642
7498880
19150871
15662040
15765637
8641732
1535539
7468892
2965227
17317538
8404085
17182135
10993008
2024534
20139112
17353651
12356004
21985788
18954611
11779518
6651997
12022241
7967765
1795441
8653835
2137959
640947
15054490
674685
10463047
18090548
3768800
19843486
9276165
4022047
19887893
20560004
14651370
11786544
8903657
2150640
132112
11095156
16970048
9378456
10567180
6217738
1486903
21235448
3074128
19815385
8586828
158953
495418
2933942
16565252
2077823
7664421
18949725
11834512
21509053
8333202
19442990
20490480
9578349
8147052
3335706
19030001
21095333
2409368
16401767
9014990
17957740
19020422
140030
3837606
17220469
17045178
7731301
3357228
10490869
10680122
2853724
8818932
8780471
2977591
11191364
16538072
1408054
16050410
7798531
1301255
19633100
8129525
2899721
6231851
10361428
21300153
12931488
153829
17563829
20044739
11411756
1237793
9220354
9253316
16808912
12057694
2360519
19155793
16775500
17317951
8281642
17556655
17686377
17604471
11773713
16350826
7756071
8144208
10076919
12517248
20128377
19366080
7841089
2963930
10807814
2150531
571680
3978884
11249553
19687350
8859936
8141150
10852648
7495215
7085431
8948147
21860727
19004667
9223391
8297696
3601951
17134632
11607794
10386229
2529066
15796255
10772129
11837752
2521506
7234646
21842595
17968003
17214085
1833195
21148763
16554325
2564278
1462591
8934380
15215795
1839096
11530726
9823788
9131229
20048439
12604937
12164087
8752187
2140816
150914
9890201
9854522
18409016
9595255
20498236
15365919
19318653
15946611
6214220
137699
16680070
2047177
14706661
14760441
3696349
9496465
8586800
7646309
2961244
2081991
6237223
20589150
8421998
15929624
9034643
16353060
20228165
2053834
12651971
16412184
15691614
1707111
1080437
19357534
3926441
2942774
9249783
2939811
11740140
12627326
1531790
17088459
3289353
562811
1313724
19859831
19649240
10885285
8221169
6450018
12788799
146914
18997984
11230271
2951291
18855252
7729027
16112037
6084985
8397569
21841064
17175322
10885301
3409519
10430973
15710785
9691420
21286421
21448524
12375079
9601485
8854331
12569277
18387434
32678
140598
12214261
15076199
17955788
2939964
19472864
1467050
2139362
2959904
20124284
7923652
11256531
16463759
9889437
1835357
901684
21620105
21902600
1832984
6241903
15813619
8028353
3227330
19195419
11501170
9870430
2680094
18650407
10491731
15097244
2959410
9237597
2943248
20071326
10682193
9737513
1827984
12104064
19379415
8268561
11310377
21723026
2735591
17299526
16415647
4025108
3838241
17642769
18259011
2142895
15341497
10451646
10405776
10801751
8752809
20298558
17314996
1127828
14728071
10466472
2149390
20646096
18838560
2691833
17136686
2856775
11224001
16802568
2575020
16880252
21770825
15786409
11524063
6190259
2942498
19521888
16453055
10755202
17762657
15775796
2526204
10994933
18525379
16859699
1826068
15788353
9220313
11906882
2190414
12675854
9427138
6227324
8433054
12185127
15485419
3639056
6451167
15058760
1535203
14558982
12945221
12708758
2022408
2962004
19143003
18210951
19898875
15517045
12744026
10411252
9541767
7305171
10948085
2534399
16251232
2927998
18849224
2142227
7603072
8191151
18408840
12172314
11565366
20137368
9486935
7965273
20590017
15582308
6772133
1726471
16738451
9870123
16395261
21966153
19884691
7774515
4039296
10910368
7712932
2388497
17991884
20974681
2532462
2138858
20921428
18433618
14666954
10577437
7859895
8812722
143207
19112833
11346214
2137687
17294995
10750581
12918187
11443765
8598066
18955832
7594106
8829953
12131543
16353067
9369250
54737
2652976
6538384
8342633
15253740
15073463
17920373
8281972
17115888
7789286
8831945
21359488
20569708
2146412
21876776
15132883
8874780
7722874
21602522
7967781
150786
7886843
2977934
1828001
18957818
10821423
9292567
10713904
9251450
2144264
9812822
21625084
10543394
3945429
21495404
9406666
21529265
3156175
20087954
13678427
19571827
1591503
21926874
2150473
9631844
15111979
8929593
16451282
9605387
16198279
6240236
21986284
8646983
21978025
12511542
12124222
10468090
11317054
7987028
11955860
21873564
18259029
10604948
8450041
10816799
15554035
8051781
11068217
3591674
8583476
17768592
9736352
9158629
9045280
17513188
16314187
6223786
6675284
19844185
15313958
14598597
8753907
6459022
6242154
9723638
2943785
8761497
19110538
15176962
8006261
6447120
9869015
17281083
12511534
3162049
22067959
17719333
8184288
11575205
10618680
2879479
19333821
21556448
17906684
15641686
16996849
1340740
9458851
2535213
19490065
1839891
2976644
15712782
9301174
10614145
10391391
145215
12513039
12361186
1385763
18410033
1388213
10529078
15610245
8252672
2529887
14513950
151170
20535116
2248787
21426743
12447497
10927986
11972068
3592558
2948862
19204182
16998740
2076406
8320834
19671355
3158452
12211332
12690211
8201847
979344
1471600
1440300
16199904
7591021
8277603
4245410
1013673
8911049
6273136
18665119
1535248
17319472
2140541
21684204
15485748
8376698
14717341
8800599
7010786
18679830
8114238
6891246
3779737
21029012
14567499
8377362
8330807
8323333
15173715
2967752
2533290
8454383
8155342
16505512
2144218
3185633
21857019
20013249
1458211
4552591
2946385
22117096
17195606
8445844
12904148
12420196
14708254
1825450
17288679
2970413
1313479
9002748
6177327
2695470
19730936
12767541
9728491
16158028
9799210
19001198
15716692
14758380
10028948
6220892
10673727
21897759
6482869
6240456
2528360
3321731
11076425
20180942
17984670
16168823
3765731
12769162
19010145
8140747
12494038
7732978
21429492
9797853
7575021
11127472
18273549
15824470
12502909
11213024
10925348
9385295
11392159
7542683
15837945
11711499
15878706
19055985
8246553
7299305
1385964
8960849
7898523
17211256
7481652
14872154
4095252
3653130
8239059
10574058
498602
2970773
2528503
12769642
15167951
2138183
17433471
16839443
2527902
1535204
21791541
11194481
2959264
9259356
3359747
7637970
1660796
9812069
15645839
17367703
11866871
7986477
6241900
21949622
8549736
10687205
11772148
11269780
1828378
12542453
11575222
2934251
3782885
12422296
18070001
156105
18788593
15750972
12735211
12149665
15732658
19429915
19680716
2530333
2139539
15002001
2671194
2043309
1831414
19749478
15276462
125539
18924494
7175230
7606635
20409835
18812830
8091442
1534313
21206199
12455718
2939860
7069330
20696682
8721899
17672826
8361609
8909440
19158371
12843165
11738775
16896276
10645842
2970563
9488237
21546488
15253103
142588
11502503
10652906
8903637
15513324
7512488
1725549
1386180
19528304
8972886
3765768
1842547
4018473
12045381
8104240
1828352
6218741
6222444
8311742
10826404
10089938
336239
2527830
9794746
2969253
11469422
12187315
7634260
19069675
15581338
2785973
1304418
9528285
7261940
1715457
9655650
147697
141984
15877669
9394597
7486025
7954646
9261715
2529338
11677373
11215913
6239541
14593361
12601531
16310435
10404806
9546631
6226173
3579437
12087554
2526624
9386189
2975703
12409981
3661440
18578326
15266034
16142514
10509543
8255076
1728501
17894974
12034409
9714110
2521416
12450268
144440
8103506
21297499
14871031
12172313
7246582
16115370
14717336
1111563
7537194
37879
16205440
8751490
7973014
8258674
10213838
16804152
1646089
1441855
15944519
2137960
10856410
14666005
7584802
20031602
11826348
21909825
7857206
567104
16360358
2522266
16368301
2681602
20091399
12909333
17561724
9922571
2961447
2856881
11268234
14718454
8001035
8154429
8207315
9772951
11828920
7810483
17100144
10887364
1413153
10433528
8762077
17604225
2146426
16512441
2139148
12872039
3157028
18326225
6238509
12648695
18447109
610654
8776278
21267387
9820054
1389717
19732607
16194413
10452122
9118791
16268983
11136687
9205776
19069369
21888276
7830325
2936906
7415930
15881849
9544868
11263606
16543510
15861009
14551172
10731450
3160833
7863458
2145069
18853091
10697300
9394316
3471919
6446987
20670959
16945830
15780103
21897765
15215790
3439674
11177655
137876
2530947
3116963
12720488
7944530
15531072
10454448
16043944
3993152
16216963
6226194
16612235
12599844
19221830
2352402
19398051
12658025
6225587
15575173
16079926
12372945
20860173
20026760
6232164
4029243
18259006
2607526
8102285
21331317
16315390
2204776
17946594
7695548
4048651
18032579
21462845
8484058
18403145
9535151
17630370
21432825
20821055
12081596
18669408
18522775
20658356
17175162
11395021
8934384
1223976
8820049
12458243
18658176
11023238
10419073
8998255
11009487
9324103
12938572
2422493
1336065
11959039
17848839
10422501
462510
15308883
20464667
12918842
12891254
10320631
20549135
8794833
1827956
1297708
21536993
11775125
16305652
1769033
2145097
7750623
3776939
16377293
17053177
16298255
18928185
125185
9488209
16045013
12714322
2146705
8473566
18221691
16651466
6152298
12006913
8586803
7037023
2940288
19625376
16522997
160744
8458668
16536636
9784704
626662
7560595
8059408
2532568
19473676
2193808
8490950
21216334
15316306
17950153
12771530
10952084
17492053
15223723
12823231
8301108
6444559
9821230
8975834
2690610
20860415
16563926
7873473
8718661
8557970
3611776
11721891
8568599
8335596
17727981
10354958
21426316
15682049
18445662
7735287
3450533
147005
2141918
10371227
7837830
10196002
7975617
6098957
12674764
19108911
16433243
9010643
20697985
8238085
6862035
10335774
1115070
15766830
7461362
18684141
18478590
18341823
14757390
21088291
9683053
8800593
7878405
2136981
19893088
7897841
18379546
15854200
16029066
9772620
11727501
564246
1531347
19153271
2964320
2145456
7277957
18057304
11494308
20972511
9519220
8509537
11369841
6220891
11090840
8296697
19081364
3626022
12105134
9683049
16118072
15678704
22102784
9758088
7788914
2856768
16353246
15470302
21881277
17993313
11693765
9707265
6230006
2139976
16276443
9160760
10737558
15203260
10660161
12515104
128793
15836662
2899388
16257877
9721112
17526984
7655447
20837116
2613660
17489762
11847170
21180786
8347311
2130934
8644056
10760329
9675959
14564331
19502969
8329800
2987125
2978474
2975702
130846
21059436
2534401
11882422
6445797
15452468
12530768
1519635
2740676
6449877
15154231
8913902
2972322
10405777
12775563
3782884
3363587
2522417
9805565
7796087
136524
20586538
14967736
12612985
8822988
21383312
15158146
14715040
6444262
20616222
18369087
8111756
720955
16721000
15643129
6644120
9711445
11881101
10803286
18949454
15851268
3804401
15532375
21338724
3042200
17078176
8133657
7603071
1482646
2938486
11926140
2234269
1248487
19021146
8403335
16390919
20127607
17319103
12660670
9559488
7590838
16209965
15614196
1583629
3946153
1595201
19376819
21376930
19808428
15741920
15586647
7820539
2957590
11866233
11724758
8541010
19738487
21216767
10758930
20111906
2600999
11895577
11571239
10496197
21562508
15860963
19491615
3325395
17117749
15955374
21228785
7702807
15136969
20581200
11607796
8421364
11172324
18617186
1826118
12821216
7899300
8193734
15865856
8461627
2864483
3034042
1622053
12154519
15173127
7827367
6224280
15249187
10445867
11114698
20868751
15250920
10853000
10027582
11234140
11359184
3234416
9580230
11307866
9823026
19474180
17653030
6600508
7564025
10440164
2468976
19924274
8986941
133604
10775560
2884033
9100050
2010784
19371520
11565344
18819236
11841154
9140783
2969412
1532542
2963438
16894243
20417449
18373388
11349821
599801
1777585
17147919
12457294
6353914
20730727
2948453
10025187
9023707
20379141
15821701
10493568
21763199
16087648
16003187
11078176
12490792
18050140
2148072
15019874
14658062
17926494
17604013
12599843
11411728
2879961
2528917
15110808
19174769
20635566
17502765
18987608
16467661
12852835
2956371
8960451
9363504
9323753
21233798
15196103
7975358
15895699
16598593
17998475
9577285
15649236
21240870
12238244
2148820
19281913
7899845
7955307
9822143
8996997
15026849
3621337
14201251
19028723
10472074
12913059
8244520
3221316
1839347
1981552
9524043
146759
10565550
16048264
15785181
12419561
2531815
16128161
2632739
19422999
12731463
20091398
3349939
1407250
12077488
12718223
11737220
18085423
6234908
11591357
19332468
11398915
3365073
2047608
8466721
10517383
10618581
7320561
19073656
15131533
17666919
16944211
9869527
6689920
21722914
17910143
2138116
20078898
2531632
21468188
15097229
7917694
559879
6190109
14347982
19965325
3970178
2971474
8931846
8121222
18638617
8097970
19321494
15311110
12760588
11716799
18377499
9796895
16631007
15497078
6446289
17204211
16184618
15808080
15771122
6137951
21166160
14986170
9719148
6344607
2970251
18046432
19398869
12673184
10213346
7899289
14760317
2401062
2530923
2533480
20308615
19834342
1854111
17243612
7171404
1382887
15821452
6228571
1833086
6814629
6219830
19384839
15251762
21749890
6394350
20458826
17309957
12397695
18490319
18481474
7072525
21496983
21272749
8020027
20837256
19357849
12928629
21224025
21059108
17183018
15643142
10331964
3233803
16957565
11461749
1833577
15365277
8897313
17957210
9790739
137730
20515820
19359151
10512901
15780503
14523481
1534832
19622483
15716691
12732812
151407
2527373
2527965
8764811
21529823
6216626
14620933
1720481
18704819
2958926
16182718
18490300
15876346
1451117
12411456
15821447
8291934
15111978
10987683
21105760
11579366
9469796
1289509
143917
18996825
1501862
17173253
15136305
16246213
10368743
10390255
2013166
9543596
7853322
2936314
1639526
15710777
3942651
12694344
17664859
6457613
20172120
16026137
7537443
19205547
6452991
20481209
10500898
9587474
8314743
19026182
12422988
3433875
1283578
16752661
152973
8522413
2940076
1396852
15827312
9799035
19779757
16544850
16158030
12866149
7578183
12511533
10933382
8983669
1872668
9473472
9794745
3489474
8608665
2147377
19901297
11987672
8133021
1941002
16166165
20232547
12694343
145932
12746750
2693499
12641870
9093094
21837275
12579406
7915151
3366480
19262230
19379353
10482971
14583904
17524836
12667641
17883284
15983955
21571266
8622227
2326588
17312822
11197982
7170680
18446711
1791618
7582068
10328520
456800
11420576
21200347
16688661
11568873
18676044
2759120
8480626
16864425
11547272
10694837
2926037
8087939
154395
155393
2137221
17719301
2523620
21859468
11895574
19297367
14567039
9493046
15599775
9037326
9411592
2523200
2369057
2812817
9195116
17014511
12528274
19172446
8465654
17906885
16547556
8033770
3157216
20353484
8342188
16442922
10371849
9751934
1707110
16959750
1850668
12872054
8675257
7528303
7081448
20696779
2975216
12181590
11198596
15944724
7786833
2246035
15525883
19738158
17179956
124713
9435373
1630674
17633892
943082
3088335
1535477
4039126
17380845
16900013
7884377
6220893
16514115
15848540
11081778
8281543
14748752
6211083
21203779
2966793
21113297
20932465
8842564
7926384
9856961
18475129
14678229
10969627
15032416
16177669
12200876
18561504
153101
19288327
15515479
12713678
21127363
3965550
9857860
1283190
19727125
17897567
3062960
15116456
8065227
18290731
15353499
20236713
11194028
16995586
15340336
4538531
12891302
10401851
8409059
9199953
2103809
19480777
17049635
18260840
1179192
1983101
15446682
15295718
15123577
8876477
2351496
1721974
11675941
2530946
2142428
16445736
2149363
6226195
15363049
12000446
20471476
3306213
135488
11821696
7835368
16585666
3159865
819674
11686913
4067347
20854622
6223370
12484514
11504670
9663541
12618362
9773126
9582554
6492375
14608520
1841807
998483
12761466
9931125
10594802
2140712
21094812
9727680
2528359
11220123
96758
3156812
2148732
1839825
14666271
1724064
9428118
8712013
14569244
9375269
20927128
18677576
14962492
9797179
1376828
19617156
9202357
21171985
20047532
15505112
15680824
20978597
17679814
8142790
15717142
8310245
12047037
11887194
18070472
2040102
9088853
1824652
20606478
16923453
21148247
12114094
18326285
20851378
9644959
14700505
1833801
12107207
10878705
8405444
16934350
15971501
12941993
21896150
17867913
21175533
11454102
11443763
15316453
1534169
15815453
159984
7973027
19464448
16084164
10333909
136503
2906697
2145096
20883229
17266053
2149388
9869016
1970906
17257999
16850577
1385806
22118135
16752338
9827113
15864234
12078777
7501226
3154329
139105
918253
8960857
15326083
8707395
3983592
20137696
2629686
1339711
16893402
14534067
1535573
20645680
8204796
9493122
7930281
21326972
15638745
15110903
12038700
19580187
21810826
20798493
18407714
2949471
6232848
16394603
1391792
21285292
1377301
17699272
9229205
20591620
10672287
12195115
12797630
10419074
12673958
10559648
12091820
9253776
8903613
1386326
15167513
1730449
15029145
12181385
6687125
15967870
15627918
1389703
20380951
18551025
2353672
16364468
8000609
21130978
7816703
10980083
14713281
12147568
2140576
12001872
18651485
16968848
12454229
9769915
2155737
21860800
7594428
17557265
10614152
1504966
17668722
2344320
136532
10440502
7797752
17270592
8984128
9514470
8043336
19142814
3545535
17117036
9433519
17443650
16178994
19292037
19154930
19575083
3879090
3158269
18568312
8925735
17558114
14734051
2970393
20624770
19175727
7807511
14520939
11045162
999098
20403475
11535932
9852908
1940517
19242721
2967067
3655594
17580050
17313810
16732434
8170874
19614803
7743621
2304878
12011955
15332767
2575937
14684681
8965157
2794287
19034326
12369028
7988594
9495662
21468565
20403490
19520308
15363823
9684691
151626
22107687
19169026
9040437
7676760
16302681
21756310
19915016
12698517
11602459
14607994
7798532
20798226
11431604
7977122
2947750
21998602
17961080
19442146
18443568
140203
17594058
2024919
19898976
19629290
19645712
18804784
17615679
16901038
2532517
10462276
12802472
2522416
21499494
19643359
15083637
16301446
17325300
16923191
11288806
8503257
6212033
7805329
8110433
15034157
8288414
15761385
125529
8741548
1441070
19705785
11997954
3403828
15701209
2958137
11866232
7897673
7198380
10773230
10999423
18653058
3566379
9004160
9174872
16875904
9746107
7614507
12046340
9300324
12386256
6265126
9323016
20884419
149800
11451781
2906018
1401620
10082492
2939953
1380613
21469514
1381799
7692147
15252162
12101796
10854045
8301843
19437398
7967018
17443659
12402621
1535954
1838026
6211423
19074594
9784943
2188825
2170517
19917336
18388029
15144915
12131544
10785505
8643173
1689327
20715497
19147047
15779859
11812068
17532677
8205460
14514579
7796986
11588311
15477785
11815422
8382245
8953463
20859888
18469835
2953229
1625368
1386640
16636218
12490989
21561043
17461020
20818131
8066253
16941403
9511269
12871205
8783993
11781074
10192976
6227265
11856915
1530996
10459882
15001194
12364730
6240455
11162127
20350256
1403236
12519371
15942467
16886558
21627480
15110601
3958039
7755449
11131275
11589001
16531792
10916096
2108635
14689105
21358233
2307160
21294403
21160754
17172677
11059633
10402293
8032577
1827059
2937889
11689272
20535068
7711358
9377727
149179
11821706
2151236
16708082
9539865
12570955
12753281
7473537
3400607
11599867
3276110
9121203
132089
12163117
9048260
2149633
20685681
1773065
17044370
1420774
21877594
20728461
9262583
12651040
9595497
21527396
9578353
2140134
2529058
20144244
15313943
11133230
1381796
16788294
8104205
15939492
11967247
10334665
9663912
1833729
7867037
6448730
11897756
1825095
6210957
1416516
21114455
15043615
1725025
15183079
3015411
14748671
18537798
6452547
6274563
20109602
8266381
9579923
33557
1385755
12430090
11587150
8310975
6678290
8496537
8551494
1834940
16105064
14736016
2935696
20562120
3675671
20460938
12664833
10367093
15923280
12497780
6461261
2533275
2878954
128794
21042170
19411118
9987050
140663
2468972
9714088
15599887
8529316
2523768
10645921
14624172
1671628
2137956
12131554
17982305
19172243
9724301
1828509
8156650
21216836
7884361
11465965
18492655
15843128
19777072
18596579
9253217
11057435
19262226
9022565
2879938
21545353
19845938
10975597
8377035
8475657
2934328
15090569
2572609
10835699
3987558
1920958
21603159
15936609
7755945
19965919
16963066
9585828
7666806
10476597
7494560
19811757
2280617
15356847
22051430
17130259
17443098
11738057
20931095
15300157
19365001
10885283
2409371
12834157
17170615
1535666
1838769
10760631
3471908
18365157
10654484
15492301
21059734
18979717
147162
15956131
18298953
8498313
19016635
18572264
18342879
11309729
16941044
7498249
20038277
8281966
8642802
2409370
20708995
21099686
12194374
6234010
12664505
1420494
21045728
2384727
2963075
11471658
3157012
19317865
17263690
8785402
20176713
10818061
1381030
9113423
8176105
8934365
9822140
11175572
14649310
2143241
11514485
2867006
558498
15112175
1952278
10539821
1850589
20448797
12846758
2970180
8938288
6481867
8297989
16307805
944520
18534273
2485021
16205480
9152671
7477774
17557924
1828232
21377520
19642535
6217952
16094529
2335033
1832413
20676284
1828226
8427656
9651730
8665977
1486592
21240867
20414534
15628978
10589800
9550628
2423801
8059694
8172207
12770652
9469636
21448316
2963439
10600849
1835355
15250921
21272899
2091830
12962513
9375049
8883707
21066891
18033003
158976
12848795
10897489
6215851
12407373
10703896
11872968
2137278
1535590
18455337
10981053
16018389
16564774
2140506
21881528
1530898
8475875
16194478
17259761
11433216
9711886
1484941
18163912
2977158
8362749
15884724
8021005
9439482
7540847
22053557
21448522
19687165
10516735
10615017
1532616
20966607
19299647
6327039
1826691
21161572
18804478
21607028
9316553
16461187
7769482
17130271
19093713
18503491
12694316
1532955
7919055
21955867
19770756
19589438
16335424
16366125
19995990
15875098
10987351
6686550
8576786
1405248
11992338
17885560
11553016
2973734
21302671
16501302
2143696
19136900
15522937
6686547
18928167
3217889
11887431
20921292
19449150
19376707
11433819
9217615
11759218
8020014
10505491
15864743
7731891
7561011
6234110
4046920
17338151
15691448
11409647
16139123
8225536
21234310
10601118
2140044
8941112
2768827
1533053
10205234
10069189
14688806
7709747
21661360
4220649
1536110
8832558
6825239
16550310
15559871
1547598
16394645
19340539
2959256
4041302
17483125
17960059
11249152
1278068
2935324
8160224
8840535
2144683
16881982
8284246
8951557
12938797
8421820
9531002
21731887
12150714
11999140
19423378
2960468
10821136
8450171
10703895
154676
2059900
15596675
8228210
16755198
8772686
17333097
8077072
7840280
8419028
12906984
8903654
20838726
18469485
17963628
1334756
228550
17351375
6212164
21557735
2931282
17445413
20041152
11872966
9330176
21804575
12392827
14699000
2148434
11153171
15295943
14569181
1767138
15676170
9445325
10100693
19337549
16125529
9412641
20398658
12090329
21747976
8874259
11533527
3004186
17874012
1838575
17701685
8922919
8965049
17617072
3679597
17392984
15824197
21223972
2142898
9186066
15583076
15902830
1834892
17535729
15786401
10334670
8869870
8052751
21688250
15264190
1833603
9579767
18709252
15837553
156096
2923752
15521481
21918321
21278384
16732715
8743039
2963527
10560786
10904856
16948748
11581146
8906522
7661717
15868361
12484510
21794385
11098548
18419778
11591355
8017474
16481874
1639997
11134677
12530935
11294801
9234823
20433432
16860035
8650011
12037694
8366535
16226092
15646165
2528082
1914670
19041842
16822398
9388046
9863896
1913384
7843773
14631576
1000417
16222880
12566378
11840226
15533729
4031002
1396866
20071839
17178978
3829752
8257264
15948377
2950137
1353110
14708457
18760752
21857085
17315382
9040021
10409535
14732822
11851054
2527105
12737786
2952767
18287666
11882437
376175
8884558
1465376
21358415
8874989
2750649
16093912
3157986
10213284
18590636
15911803
15145106
19121471
8604703
17659807
7923639
404653
7547022
17394476
2950750
7617957
7495218
12053061
2202853
11533919
18368786
8931836
10362885
12585150
10334429
21625089
3938244
1827058
16802524
19643310
2955142
17604044
2782272
7512475
8518064
20874683
2180592
10579747
10070137
20457796
17484811
12103380
7721921
20724936
2682437
10205591
6222749
3155498
3293395
2531603
8106793
20656755
6984583
8228190
8670546
11354775
8418549
16639927
14711197
3341223
1503353
18209570
15474692
15296101
6445432
8755013
19085802
10419059
17723086
12071594
8807151
16228142
2942684
17313631
17044451
20586900
12556667
2864150
9139273
17195563
11079261
12060526
3532354
9890312
15065743
9411591
19540403
3753483
21881353
19009770
12632890
10337893
9809895
21740805
20486280
19847054
15635864
8921758
2147729
2935178
11186330
1781768
8150059
16030278
2955154
19590044
8914702
16395601
16612066
18492249
9821850
4093618
11212972
8801101
2856732
2737777
7809527
12676971
14607992
11897755
21719783
132128
2306834
1734639
9339419
1451262
1604881
11059635
21329856
8622246
6457795
12652954
7856282
20660004
8787332
18504323
16115517
8303601
18773696
2938953
15776742
11350259
2137430
9605599
17711872
18253758
130652
19917913
2148503
1176843
7597332
10987612
8265237
7898097
16846437
14513945
19232764
15724418
15483453
154293
21769263
19421783
12923406
7189228
10348094
16128371
11869856
3726312
2148501
2977783
2533391
8685076
9263860
6728806
17315387
21757955
9358513
14662701
10689269
10832119
17053536
16538971
144034
17167121
8234103
20563545
10163618
10222560
11494879
3159248
11728952
9228545
19229814
10221013
10585117
8015331
17702357
2550640
16802514
2137752
1533352
16116056
7701925
16048276
7692148
9120994
11244006
15303080
19615563
8513302
7865186
9861588
18344622
16036494
11982810
2179899
9679207
16531794
20029960
18474535
7955019
8160826
2907213
11817534
20078624
19587062
9060905
19229116
11687743
17556876
15269566
10598894
12382034
18660946
17420167
2964408
10376846
6110331
1825896
9519500
17489075
6148889
17068279
11338853
2973372
2970442
10199856
17766279
11591358
16253604
12386255
2948914
17563571
2931946
22145389
12870673
12695657
1636589
2535021
1610589
10690283
1674822
10472072
1700933
3538836
10980050
11346219
8472634
15752936
18716706
12480957
16274376
12695721
12217257
6226193
17715625
11073474
2263018
18379540
16254219
21163864
12223031
6237164
16060086
21446894
19811239
2644767
19347983
17386341
12785235
18622239
21279339
15773670
1289088
19379336
8281961
11509451
16709861
141209
16259723
1828846
16565230
2147705
8984131
22111999
3064598
8484575
8892773
17076143
7701923
20456428
14973515
9645898
14751847
9088871
9158162
138611
15820183
11812065
8329411
18587016
12875766
9433526
18700545
17470718
17294844
20081264
15097241
21701523
2969187
2190920
11277342
16523430
8076423
860696
11081764
8651087
20582898
16803937
7615959
8862963
9082630
19560221
9559417
8475656
3383412
9241623
10189361
21403010
19051693
12071591
15724639
11986894
12468513
6229568
3728577
19769230
2977792
7490157
8398014
9495627
17345787
19322188
2952840
1771807
1389704
18073478
1388327
20663266
15484710
12398877
12035456
20379690
10098248
8295352
12908173
2779055
16257842
18454246
17126124
12181216
11975778
2974770
17017093
12874614
11597036
2474110
2576672
20208383
3256419
3223720
17852088
17668583
2126712
15553310
9495302
21586902
8494009
18823858
12931252
7162388
17178264
15706999
9892152
2317107
8583480
15492477
18986408
19601700
9211012
15958359
11381279
16362172
10052497
9053944
9590578
6693535
2741853
16771245
15470294
2932898
1836134
8739276
20008032
16686616
18653020
12195130
1660776
20522059
18544369
2232455
2074649
1482241
6235915
1423431
3543906
1975521
20062644
14536017
12609008
19450578
16240899
8129514
12641872
1550024
12228790
17420337
15298543
1486911
15195836
18250559
11057422
20542340
15110909
2934327
11255692
14576915
16942927
2530377
15076184
16248829
19085803
17380849
2948910
19505289
3142423
8794832
15208868
12787423
19060342
15529552
1715485
21809181
16880179
8590149
18761664
16669974
19442326
17322626
18569913
8023826
10459216
10358398
16208150
1694935
6225816
20876051
15314809
2143994
9337217
1884425
2145478
11863321
21477872
10478702
15160846
10994721
15724417
7987034
19325226
16565239
4079742
1636576
9050986
7987033
2950014
3446254
1381785
6709823
3542626
12494183
1632937
21094358
17134308
21899079
15855267
2978153
8490997
8547842
10402047
15579055
12144840
132420
8134808
21146692
19445847
12375575
2141222
1283182
8069029
16607907
8728300
21719041
3267734
16877972
2025436
8843530
19264193
11850771
21376836
17452128
10869530
22096514
16274778
21921283
7855108
8572854
10489229
15218158
21629358
15642535
1828353
2946236
1534442
16197648
11443768
18622249
22001985
20662694
9239917
21236285
147793
2468873
1382018
9711106
14573327
6234799
9146307
15186953
8803986
10069357
10657710
7477146
11340220
3995519
2934463
1533565
11471660
3810704
8977052
1597217
2971709
2141818
11575544
11257080
15718170
2429116
2532381
15910555
8523833
7660814
2620474
16207544
2528654
12539107
1835354
19264749
1360955
18195483
10065025
10650322
19478476
16132238
2939689
17651448
20073225
19020534
21478525
2095384
9231891
16849902
1414892
19347033
3675054
18277083
17667752
16755142
20818890
8431985
138756
1416573
8698434
17062381
12637209
11897766
6453736
1534196
133643
2946879
9489129
18405523
8409149
11558842
2975072
7755997
21508845
18788391
16781369
18215703
16685213
3431727
10327105
21206206
16924402
15458460
8857496
17849947
11509684
10833794
2977308
17536606
7054578
16053991
12692569
9816988
10930448
9835779
2121813
101175
21298287
6218743
2929434
11907421
21090963
2144990
2387213
7649672
19696481
15500378
20001459
8450599
18925518
11985486
9866370
8490953
11441521
577575
2947748
16750694
11256521
22126778
17324743
15202616
17873356
7664503
16109806
9783483
12723513
7804753
7649569
12200906
8728295
9951807
15184348
9194506
21613426
1823506
18724413
15311862
14763659
20483313
3309007
8070421
1833967
12389063
11583637
9708487
19827644
10814629
19047584
8227826
17437574
11827687
9619611
9669263
18608184
8551673
1850674
18451672
8328386
11776136
16783413
12641873
2935603
8092296
20126350
18223542
6838734
3358163
10400911
2931604
7594105
8721650
18208662
8485825
8609345
1426786
17088448
15858084
9746121
11190291
7606624
9227291
14655459
19633453
9748421
18066450
3665963
9261733
19696685
10065467
11104329
16376323
17925909
9553408
16144512
18633172
11805180
3256413
11477211
19304734
1841809
9217895
3159509
21606884
1370216
17761924
10477217
2944487
3367006
7635548
9881899
6452889
11450162
1723211
1555283
1388184
9209937
2143600
15895705
943676
19356005
9228197
1841934
1537102
21642821
14502298
18843778
6796019
8840292
1953278
10404934
21105324
11685585
8181146
7498980
7744099
9886879
17047617
12239593
10679500
16814128
9765606
8185715
12117842
8572855
19804143
15934422
21529747
20661209
2948913
9049522
11137837
162522
19448146
15592572
15734613
11590249
11869178
2148070
15834294
2950157
2965261
20503826
16796605
15914109
9833146
10758809
6746846
1827230
7603076
10366163
8299626
2532715
2525012
9391289
21462840
16873714
15006898
10403616
9475582
1877458
12638336
1856409
8580884
639220
9641349
11316246
2151204
11475223
15881534
11826551
8418631
16087257
11572411
10156938
9792264
11475417
12973413
12907548
20215891
18808406
17606547
1734597
7732710
21151982
20628260
16078601
12243636
3366475
2544133
19148343
2946822
19834334
20030529
17983167
20304732
17687525
10719438
21386934
2932135
8949734
10619577
20585183
21224729
17156176
12466308
10402040
18638087
18344630
2970857
16513288
18501611
19541662
19878370
4067358
1827699
11768721
3307794
3221313
12490992
8419507
8598840
21470280
8323332
7914479
18571535
1835353
1841767
20228511
8261235
11790920
2936229
15283751
1620998
1322327
17882457
1320080
6547171
21425739
15821702
2340210
9730048
17694763
7818838
20484824
6230092
1832601
15486313
2525877
15466442
11427640
9727905
19784899
8726685
16229862
6733871
17414672
8586812
2138424
2624611
21949635
3614303
15458541
17205919
1823768
8546081
11327641
21270075
12690921
7646305
9489606
7881984
17012360
9558960
16004340
7556277
18816251
8565520
18421862
9794726
726857
19423290
20927112
18471673
17470335
8491003
21300307
11341474
20034369
16617189
9644964
15688801
16088296
19633445
16858959
11975900
10626635
18928184
2149336
1550668
19379411
12556650
1836432
10626081
6212168
10802786
8173694
2970803
9482944
9820465
20347806
21418527
20236614
10100102
18343196
12652262
2147358
9931137
15483733
10773756
1387843
18993153
9218186
2147158
17302996
15201557
19485940
12714223
8277071
3159247
1645821
8872976
19969282
3328101
20593414
18362254
19594814
21570517
9588538
2893765
7604374
9864560
16540832
9509449
16228908
17762661
123846
19088083
17060511
12473259
1835363
2940141
19486113
6221743
18247073
15579193
3496038
8733031
10678281
19911003
2140133
12466318
21196769
15291171
3400606
10895544
1541047
21350829
15799176
9300287
8435237
14643276
19295001
17611249
10917032
20038480
15090316
9783491
8031277
2150082
11959053
9747440
2766590
8777208
20398481
8682120
14696951
1825098
3506623
1832414
9406171
11208494
6148005
11068713
20047131
1946790
18230957
16222898
6682136
10488453
6439281
20061327
19995991
19918256
2003301
20514101
16573425
19522442
2889351
140036
135571
3142406
8562235
19622615
16778751
20418117
15568595
7790752
16453089
15824462
15374816
14732811
18653022
10754422
10678551
15112434
12631088
1194331
18802029
12892164
2138855
2148502
7553713
8213868
2534415
10803484
10097229
4246231
17083718
15336803
10952081
10567273
145228
2632931
12694339
11191622
2216687
1840298
9713078
11986532
21746765
11863082
22008442
16179892
2146416
9823028
11059634
20559998
17434981
2963055
12494089
12494050
146423
12759570
12568286
10948850
8717062
10721645
21858634
16923922
9449390
9805563
16510914
18360184
12022239
3968902
9024913
14499855
19142216
15172254
7533226
12379583
6884658
11496055
10918550
11113719
8862221
8044192
12089389
14994253
3160375
9321737
14517559
2531253
17954414
11577028
126821
21786227
20401476
19165567
12676167
10723112
2534418
8469839
11532102
6686529
20038275
20226955
2956375
6215582
158962
20351345
18840912
16049589
10874613
6685743
20959879
10785876
2975461
10739781
10874504
20955964
10052468
2254542
20396466
15261941
6235830
10064973
4247118
10536704
19333886
12751915
8845080
9253388
15716296
7987032
7989078
11806001
1533768
12418948
1353421
6452811
3022582
20179607
19926008
18076208
11463753
8017304
15990681
2526698
7995639
16970062
11974672
1304450
18337481
3007705
18551103
3306698
19155633
8237135
1387842
8953458
3028140
16387055
6814391
11273147
19118252
11522711
1835681
19145938
9882779
11270578
19953889
10490870
945164
10212374
16981926
14640468
11531927
12891301
12623937
7193124
2529120
8645118
10716525
2524610
10571977
9747906
10100688
15734395
11459575
9175300
8020058
19587551
15504934
910717
21516731
12953023
6210911
20390064
8582454
9052887
9364279
3159362
17082245
2961839
9486351
21957582
17190533
16729871
7193978
17651096
16483544
2994985
2392983
3395275
10197662
10838746
19809991
1827968
21262993
8665975
2811037
2148151
18174769
2567789
19427502
8129513
8188726
6189395
2068623
10320236
21885180
15823944
12365865
2258789
12141303
10701721
11004971
15361772
12539136
9717853
17076218
16645399
3159780
8837583
1460476
19828446
18482544
16361843
12325461
8767622
2140494
14702542
11986897
11453120
16327258
15878465
9428619
20587892
12364344
18503218
17241326
7781343
8808169
11041161
2813210
17239934
8386062
8281964
15128888
10880382
12131527
6454108
10855729
20308827
10760546
17360235
6741451
1325503
15819460
11260842
19048571
9766587
1964056
9355899
18055494
6967832
1981038
19942235
17170543
725828
2977793
16272208
10423350
2762903
18627568
12381941
1531486
1825213
11243310
15082699
158670
11118157
8086326
9314093
21767289
16325042
12771860
20020375
15849452
12405568
2533585
10682078
14658807
9396374
11910314
21781160
10972211
2527901
8488330
17210838
1304452
11338851
8794823
1460776
20061360
18037751
19492029
20535719
19069714
10803602
2942591
15861263
18197541
18821144
6233093
18429753
2032389
2608964
21346724
12147937
8900337
2535100
7857207
15374776
9470062
18425420
16828231
7378217
12114097
8222134
12217255
1417407
10872562
19814630
1999037
18522791
19501083
7600926
8349829
21239405
18651846
7988605
16702491
6231335
6211081
1535109
9750752
10526697
10619597
17111648
1310914
1606775
10937920
15598667
16891915
2114073
3168477
3923986
17684963
8483020
12669106
2021456
10531873
16671339
10480138
2530958
6459772
12186792
8779454
10200434
20938214
15918057
14723017
16836667
6101458
15875537
6367450
7498193
17489671
3018268
12025373
20609137
14502160
8865227
8273757
18223523
15037560
3768785
19253715
18177389
1482242
16137484
15101793
18956156
18337759
1396814
9865460
21191547
9768741
17893375
7827369
9247758
16159842
12431450
8333984
20532433
2784619
12781903
8225534
2137299
8144778
1526204
7495211
20350521
11426193
21679951
15969249
8381257
17385463
6230016
7586368
14871025
3144955
17289431
11863307
10815642
10327731
7802521
21977250
17713747
8077091
9012126
9746126
11216858
21327134
9615945
3588449
9695647
17823595
8869131
8623733
10475891
19424088
14600431
14737842
7812812
1283583
2534139
2370259
1313480
11209530
21111929
17401704
8892774
12074352
9216436
15125381
3780077
2938847
16518535
8228212
6215366
11130774
4039997
2145728
10085444
8387090
21346071
9455993
15250917
9194503
3047197
19102921
17374960
2142079
2620468
1405121
8147299
2140302
7618616
19644813
1637519
8021336
17483151
15807182
12511535
8952588
17255132
1715492
8490804
21821781
17440623
12198334
2690909
19894656
19608127
2565100
14587651
150223
7759845
20450269
2144489
2103209
8872298
6458251
22118130
15915275
2531537
18545837
10097934
6240560
1244270
11097339
16717067
21660260
12891286
8347320
6460121
16521051
9844080
2886036
18622248
20167459
15556045
10422461
19194541
12740038
138358
19556815
11882568
6241622
9864536
20438000
147758
9411590
19480619
8498310
6453737
10100101
2008855
8582095
19293357
2734513
16110203
10478816
2139540
19050745
2534020
11009288
10935447
15546374
11403367
2339931
6683731
9504380
21798877
7886844
7644111
18622247
21478328
20185028
2180289
3172480
12053679
15973820
2241399
7475437
18785956
3064694
18033010
9202865
11325074
15922661
17189202
8387089
20409983
1315819
3661387
12360621
10769288
16290130
11704701
2948912
21765698
6219850
10912767
10912752
11811106
10678282
15745145
8271679
15817832
12417289
7494404
8723597
9111153
14987582
10525518
1396859
2151425
8529802
10547647
2528148
21500444
19270454
2531139
6609017
2936751
21397279
21070724
20873258
2681412
3774689
7987029
3465913
15289365
3254831
16204708
12484613
11564972
2585830
21950782
12471181
1835677
6226186
12195132
8313404
7829800
1784852
11853902
20921295
10567271
15806411
11977769
7884359
155985
8355860
9739764
12718735
3306212
7392199
22000627
11041166
17954802
17489670
6088830
7578908
3414520
8698432
2532075
7062992
8989733
17655945
12002266
15699939
1395184
1321640
7747686
12022245
7586324
19791460
17909660
1837564
8665372
11523414
10678546
7856280
10523361
12067735
12793131
2965226
17569679
7594030
8281960
7609308
20378683
1878300
7755455
20477751
2523617
10376848
8151607
21509258
19133513
9033698
12487634
1601808
1834591
1392220
1959191
14601329
6241910
2407490
9556873
16267800
2136812
10905136
17203116
949237
9793015
19420907
11687926
2044015
9159624
2248634
19018737
8305994
2964945
17211255
7872171
10885317
2526693
15744333
15195990
8503510
8526708
12899584
7698128
16574125
6736462
17620960
19486119
3544787
18231876
8583483
15008065
1691415
3394638
7702071
9220271
10758320
20087555
1531991
10983731
2842021
8377033
7750045
16371761
968796
11845898
15478018
2191578
3056446
10490865
7924096
15316452
1687572
2935495
17585473
16020591
14593383
9554794
12228792
11703404
8062298
7646310
9505919
16127209
19749609
19572190
11282891
19562575
17364113
16805892
1809620
12821551
16874722
18325444
7954542
7998853
1533527
10423346
2534047
8439768
8725320
17483538
15039815
11509488
11294066
17560456
11322868
1385640
7829796
10381898
1932646
3113376
1457764
573621
9497522
8275537
12392998
15467506
12425365
12553557
2278803
20012872
2525526
2961495
15761640
162478
8314648
1782647
6213439
8026556
8227790
2572243
3051984
11113006
1283428
15913489
10722242
21246178
17692739
6456213
15139989
1280660
16777050
21102347
18661412
18504128
10746811
1396864
9342429
1331875
10950332
19463118
11006887
19161799
16931783
10455470
11032351
21917782
7786119
852654
11243301
16108852
6225366
20048428
11457756
19320660
12243367
12356380
10775573
21340225
12548084
7496054
10028950
15284304
1989403
11641283
8787456
11997279
1363788
19254206
1328047
3398258
136183
9396877
8767408
21525970
15673802
2527749
7965278
20519808
16531785
10968202
15028670
9096913
20335077
8681317
19390353
16623110
17704115
2844890
14693305
11863251
2729058
1411000
16461185
18416294
8522685
2454353
11245032
12094165
11737969
6457578
17061738
15467507
7653065
2530414
9528343
10415946
12604929
2958173
8409814
17483671
19357309
8273952
16403688
12151871
17967781
2942070
7561013
2969742
7582084
8873957
3249331
8953460
15244385
1387630
4037102
9037227
2631027
1451137
10562950
11334385
11307865
17761114
15894833
9887454
10210704
14671566
20431591
17373960
11230303
22077832
2531903
12756221
8258663
18190661
9796300
10593960
15118340
20304136
19734498
12643886
11045060
6450019
15114770
1676149
11433830
16924853
2042567
8396776
1426782
17168201
16981424
1439289
8621194
16770325
8338002
8576785
19100130
18635973
2961248
8674254
8767633
9416433
17314997
16601558
12453540
564140
12353107
8465321
8986921
8656096
9165059
9504452
10406572
7946173
9607378
12518181
8351938
8342665
19957021
1387545
162432
2140500
1973382
15694707
6347518
12628949
11834877
18034588
20723177
11775415
16711001
15976793
1673955
10574397
2497077
9070576
2527201
19771749
9340698
2528838
14959450
19300113
16388808
12355999
6444469
10616992
19684412
8989242
10100059
20176985
18468210
20410870
7843775
7633909
8640598
4472994
1839370
788979
10878704
12797627
2887721
9386092
16434834
17313818
11710781
9254766
11642074
9115954
19595127
2648781
19245965
18657199
1387172
17442228
3590724
3581532
9877518
11497192
20970624
15323383
12769160
17916064
12176125
1834554
2078361
10902102
20597927
2528311
3696807
1381787
9095090
9308592
10405794
20658090
7727186
11712775
1471604
1535655
16311236
11339977
19096030
12559542
3156176
9433515
16548773
11910301
20451690
8707006
2530000
15786720
2939810
17947798
16469946
8872297
156493
19430042
18219298
10877102
141883
10885304
19013753
2957525
1345051
12903873
20616348
16648193
7759846
8952587
10854085
1604089
8999178
10951827
9276166
20410532
8104697
8931830
17090377
12637643
1350490
15947889
7752165
12797628
18353347
18260839
11992757
2139904
10885312
9222943
1341223
15526244
8541175
21272130
7804509
8006919
20940173
10803861
17605511
8518541
21325345
16741024
15288159
19457891
12114858
1518187
2681606
16903960
11359746
12452317
17460367
1895636
16996868
1532169
9140784
2137511
7514234
19627718
9472909
18971178
1530806
15948896
16970729
14606289
8028375
12921810
2967069
21254341
12638274
18367201
4042704
6226191
9203493
19322202
16942725
2974415
14763033
21145074
17924466
3300233
2931318
21300662
14624166
17852096
14658170
19031039
18320088
2142660
1829189
16283142
15175210
11770079
1653794
12754885
8610415
8281544
9519330
10941550
1655265
9437549
16618821
11596305
21349192
9232072
18095911
19488591
11774730
1671192
9145785
11103733
19808286
2024533
2944768
8282352
1442030
7965280
10440157
14679888
12538985
3244150
2953220
19733406
17885545
9304307
18982737
12952834
9717047
10723144
21245761
8335822
9411585
17853733
6228342
19370974
2094885
8144222
8859076
19638366
4093619
2444173
4102089
9282355
16107107
11857975
6457918
19352335
18664488
16949467
18971548
11409671
12694340
8621195
21755036
4221189
7842271
9267150
17211252
2143633
17199784
9859708
17955826
15050490
12439642
9724381
10459879
2150037
3191590
1401618
7626355
19149795
9791037
16492273
7356370
8521771
12391094
19181403
20816133
9543776
15869008
10642300
1827589
9594528
11186142
3707787
18264933
154616
9160778
1401605
9932823
7843761
1832090
2148074
7504943
7663063
10888207
1841924
8869132
16451099
17603973
9185226
10905130
17424709
10344393
2339773
7858564
20078957
19705790
14700519
19426294
1531837
16191179
12923408
18613897
16717204
10522633
16563248
3128208
10978382
12904282
8421999
15226216
8004497
7725754
2977183
10562924
16715190
16336560
3156703
20118111
19119693
15057253
7789292
12651039
16392883
10779096
11528283
21675272
19033014
9576134
10941547
16940703
15956824
10701811
8576791
14516285
10701411
12868343
8723989
19858141
2977346
19097374
7736483
12516455
19471099
11141453
2147796
6233842
14687775
1965656
15545741
20345449
9835201
8065016
1532357
10726113
12850393
12803735
149491
12601548
21412245
944584
3233616
2952700
2650521
14691195
18058733
11812689
2144483
8590993
17308526
16880345
6448973
8516501
8035779
6224561
10362372
16943880
17469341
16628279
17516621
8189110
7967596
15881642
2584788
7634257
16152997
12875767
8494007
1837566
18825932
17670757
2796253
6447822
9735977
20730452
1973082
18192849
21273374
10545441
20854212
11494089
6719995
10822314
9809652
6216372
2591395
7992212
6450529
16341904
6455136
11840363
2977798
21070734
2532532
15539106
8675268
2968195
10682077
20411600
16889051
17027826
2530358
2947778
11926971
1531785
19095606
17711690
14639093
15523303
9488609
11567589
10918644
21440916
15599892
17921829
150067
128424
21860634
19393500
16898502
2139921
9491950
10575181
2976267
9856370
16010028
10409533
21778597
8343320
12749873
7987031
7646312
9308603
7829781
2353405
21184562
8243864
17496760
6234709
20664743
9503188
9509354
7660786
8612474
16344366
19397008
2163328
2776529
8131759
9118514
11478033
7249663
16569542
11040229
20964715
17583170
11474560
7634267
11245777
17556886
16076275
16046903
15243761
1828458
19249535
14608758
18400557
18094340
7658942
12135251
9831339
8104239
12717102
1387782
9124464
17181041
12135310
2953773
7188823
18389332
17694337
15025846
10881767
6444828
14695644
2975462
11413801
792721
21081276
2966018
21691132
10450477
10337348
6230175
10939537
8964198
15193976
8213553
15746688
15549413
14625162
10087248
6211294
11824863
8345698
1825009
2631825
11889244
1731513
6218873
9263649
8541166
1725038
19080140
15767710
15765888
9788038
22001983
15934256
12010090
11889969
19441678
18663686
9291880
10951854
9039145
12071593
6686526
16280287
11811378
12555620
7001898
7519692
12122615
8234997
19926594
18939907
15301563
11444930
3239099
10660176
16424845
7646102
15018247
2676440
7631612
20134413
2878068
10148636
21372801
8021012
11751720
55477
2057970
2150476
3430688
19478623
1533351
7245051
17674342
6459849
6235296
1396865
21685249
12924171
2535068
8789672
21942556
15185048
11413933
21059442
11863392
16866187
17081041
12948035
2964228
159743
8184033
16750211
15923320
12011655
7783099
9607382
20692862
162572
18435473
10343078
8835869
11557239
2952777
3072935
21446893
21620872
3339383
15168931
20090315
11835919
6458260
125525
19306771
15029149
18356783
15986014
18066749
19416773
20362725
7955572
20797986
1387892
10447783
2151391
2521543
15882670
7299999
6239931
7998863
10730440
19582170
11212064
17889137
11875323
19369877
17673519
16952788
15119199
15775794
6359270
7613522
18475164
3955585
7965272
3829485
10466469
6222130
8891060
2948915
17965983
16004513
428084
7852743
18586888
16915347
1527533
10449889
20520577
19827647
16116047
14737839
12821259
2961897
6499287
15485750
17761785
16287764
3561001
3552312
19177424
16609300
15489843
15468718
19101224
18326504
17418836
2041296
666443
9529625
9605057
19844084
15864653
19368931
7732976
15939807
873090
20737778
2485024
18346408
19217213
10344347
18645048
487420
6686527
9212214
1533875
12127367
3782892
16585413
16021438
18271851
21977825
9453357
18455003
2174912
8843180
20443781
16490627
9542573
20051906
623004
12180062
19858111
20538141
7864552
20004413
16755445
12092214
20091487
10610241
14765032
9084930
12729847
894466
8975180
15707387
2696452
19356808
16616022
17373217
137304
20030566
3398996
20410835
8914701
17092348
12642504
1338083
16416681
18278440
11317644
12324909
17986526
9933831
2972419
9510492
18591458
145316
7894001
19466911
2931579
11848169
7502573
15842426
18458081
7886526
8305163
1311650
3743930
8846416
18071759
8152180
9186064
16623077
14626735
11229109
11374493
6853916
2970503
21453216
7004989
17574691
5023916
14689111
9458149
17726091
16772527
6226178
17239676
12805390
1424302
135102
2959479
18049021
14670269
6461137
10511124
12422299
8505091
9375942
18788850
19521933
1531567
9797199
6220102
3310473
10099033
19462500
12377100
11718072
6235635
15981774
18176672
18437413
21496170
20868439
19108909
9625507
19352318
6222919
19720047
20403400
20859542
17588300
12930259
8666033
20051248
10401026
7901173
19502253
19364998
20200202
2970785
7965270
11927530
9192242
15976794
11103862
19262367
18474176
18036906
11404133
1572037
19244582
8356983
6209083
6459850
11875307
7843774
8075882
1388968
2959234
17162272
2950820
2973772
21756891
6084142
4070505
8023981
20048429
19751418
2149899
20338762
8068073
8503295
9868998
7635936
16189631
9238381
9142000
19393079
8281647
18165772
14692143
18320082
20676962
8091351
8348583
6142641
21940954
2955954
7873470
20414196
11598403
1528502
18625758
18791668
18630128
7977322
148838
3538803
1283427
12848266
2932598
11230273
8681500
21168628
12737787
20304932
17628425
11795188
21227947
17386161
20528641
486884
12042686
15636402
138494
17389264
12905668
12931489
6454962
8653868
20382344
8522684
21572494
2688586
12089368
7563454
19801032
16128379
11192357
8519011
18278761
9113226
17893683
8164346
10491730
20045574
2936016
16922816
16553961
18942373
17130308
2940284
2971616
11130776
9172934
15159724
11744126
1694410
16029384
8152693
7954561
16793700
20628183
3268349
21912722
18398344
17312290
11034944
21839233
9045014
9227691
8485837
17664857
12365080
9285665
10653675
20937445
15253329
18209428
17236464
2963794
19553748
20569724
15716597
8924051
9238384
19767529
10576146
10441224
9540136
1329078
1833977
19005476
1827937
8562278
9651851
12086977
19804516
7507538
6449153
2961449
7502517
10487363
17465632
7496055
12608551
19767889
11496057
11501961
6516906
21096059
15042247
3291896
149521
8873958
20235351
10340011
1556362
1743546
3791621
16030034
19357533
18544849
21418863
16924542
21355135
7286528
8377216
7678943
15574286
2937829
2945243
1619497
16281481
15829561
11901895
8473816
1438089
21045723
11016800
19369149
17345053
11292953
21861831
8166138
17659790
11393676
16290105
3754420
15170929
7779067
10673726
16915749
7717595
11071968
18946852
11992349
18300848
8390512
2528919
20409907
6458271
2879790
8717143
20110410
12964519
11432087
21507890
9349732
11062284
12570942
12744020
2534140
17127099
16623112
17301824
12658773
17969373
11118155
1372301
21525989
15086265
15593041
10735693
1396856
8345037
8524699
14751660
2526076
18222241
15167445
9796196
16949468
16451779
19273740
8089826
12446064
21744652
7922173
21162884
15462109
6488227
8903636
18817928
9290407
16339484
1827811
12412406
8551187
9580383
19656109
9037322
9282354
15311863
16823246
12809965
16542116
12883184
9773576
12047030
20731869
2688979
8282530
2953239
8784123
21185671
15962607
18852535
15292766
3789168
11230862
18050146
20329497
8986990
2387709
3354923
8335823
8530329
18541550
11558679
15989013
17261422
2531046
2977153
7509325
21189426
3229865
21591572
18405525
21896829
2307791
3345014
7934657
11576916
127594
9154300
16376565
20517296
8998298
7494927
8418271
7607058
11877356
21591999
6139979
407860
9709397
11330882
17939579
10938487
1985385
2137510
21812513
204238
2207427
10676724
21215144
2962548
3159468
9794725
9704696
10644472
6457730
1396862
8834168
2532699
12471833
11708849
6642122
143276
11036484
19168423
13679491
19797425
17874628
10921528
16410164
2532100
12360389
2521227
9555164
1921011
8056211
7930559
7745772
8930412
15673377
18459466
17932571
2522362
1834553
20623194
2412430
21552676
2188439
9235605
3500994
19701488
16969859
1328373
8111665
16084161
6221744
6713972
19734365
11827688
10854084
20654270
2137478
21716753
18639352
7720292
18754816
1994665
6213304
20452383
11799086
123409
18765436
8793584
17661070
8483288
128283
7954651
17563545
9441842
21207202
15104028
15621481
134469
11603063
14613742
10691169
17043166
12628714
7634285
16267803
9426033
17803475
8974435
15660737
15616037
1840090
17140949
12928020
1280728
21217185
17628763
15072235
15258622
14620920
12371993
11150629
10779098
6233228
17261462
15803894
11711508
8435934
10385266
8395169
8705762
8891806
11397962
9797180
9488608
15154934
6707364
11078417
8274987
1376834
9717494
16798664
16281963
9306261
10402440
19514323
17102833
1839032
7947357
9177606
17903972
15076185
8957547
20823711
19113795
19253863
12897222
6212701
8142197
9208495
9179393
15103315
1314992
8772766
7954021
15768607
11781911
3429921
18464745
8848993
18300860
17311119
8747303
19226706
18452572
19355995
17244121
8129512
20685828
16352166
3161707
3513513
1448826
3569669
7605148
8656199
9222942
10555459
6458422
1828606
9236436
2151456
11177674
1482239
11194283
16625238
6228423
15655123
1828074
15631277
12618232
16493382
12720497
20861193
15949381
15773141
19543086
1453111
21119993
1632405
10150478
10564706
20937450
15893192
12519920
18445902
7866596
7729325
9839291
1402637
9295954
31845
20832814
3079780
300567
12569275
11565350
2141221
11419037
2485019
7897116
1428268
2714032
12557110
12110785
9218191
15344684
7840732
20488299
12871691
6450488
15572046
6242156
21697896
2529375
9308979
2972179
11809350
14747227
8692173
21934498
21086617
11580882
2524441
9119534
17906818
149966
8268877
11748047
8122607
10810783
12785033
7515854
7842264
2393889
9783486
12397688
8169376
18842161
8615320
2290279
16321664
9792582
7572590
10828897
9137392
7629404
10790593
15125317
9128212
7472594
6743431
9046496
2962527
14644892
7505822
19907342
19278522
7734562
14718258
1828936
1830718
6543444
6637784
7731145
12572838
12236916
1535570
2945637
8136174
8993251
8144786
2550135
11208998
19621176
7723951
15151470
9004827
159354
9465748
19619845
14751657
2140875
9356945
2522626
10981080
9052885
12671327
9396243
17620971
8538820
10475103
21678292
16221094
15123573
1759997
8878294
11257089
2939956
17984372
16080976
8743513
10516743
17131847
9461226
1834509
7548643
19516183
19278843
20532431
15647779
1386105
11803169
1386375
17719336
7594083
4067343
3920520
2306849
7197051
21626774
3769953
8896671
2147953
8341151
16583173
2220703
1530791
10497884
9740066
