19318912
20007927
12884817
21403427
15911866
19131187
19349549
17288838
21364004
19822515
16381626
20615171
22421368
19208430
16372489
15791816
18564225
16635281
16009949
10211534
17688946
18621615
20012337
20830768
12920827
18765523
16936177
17033229
19815486
16267747
12736573
20572041
12796373
12680177
14710203
11704799
19366444
16440809
21566435
17382158
16835496
21728004
20724574
15777512
16755112
20864900
20624784
15550852
15170984
20888703
16978400
18418219
15641483
17682204
