12955887
12014769
6580841
8252488
14983656
2536145
6329504
6997528
9233522
10689875
6839292
20467229
12419747
15990971
1619705
8007469
1463343
13701138
11824960
18606983
14147465
9615823
1310173
9346217
11902490
8094467
1087960
17960012
17460557
1107919
3259209
17553248
15225352
12910523
1830238
8528970
2005692
16083551
8886045
3186156
21410951
10195622
2018856
7872340
21330830
9233663
10620103
11291097
16524321
6427147
21107304
9345336
3039841
3033108
11131677
4074446
3806804
21674869
9300571
11823701
10334517
211453
1680951
19593660
10804945
12168878
9087298
476624
4343409
10445090
1335738
6982097
15933568
6722329
19474774
11325648
6480461
9779709
8625676
17940930
1370915
12003185
2477726
6476844
404877
16117208
15866658
1929253
19758138
15483410
10089023
2839440
17362313
3948299
2492786
17761980
2040364
8967671
1192916
5336835
8445421
8555576
11797112
20473526
17543160
991150
1403081
8625244
7034939
9818471
3667166
20480200
18477581
19318912
17496445
2835442
789266
3293487
454076
11386410
9349312
6603023
14555813
17634494
17038412
3766699
10502418
8471556
3947112
14113108
8819184
19332728
4061373
14664727
10873078
10765119
8440611
3873229
19591579
12081223
3825992
3857219
18641541
1430104
11431996
10936986
2243347
16235302
9093774
2816911
10882330
12798695
3943896
7860393
7800350
2311061
2982332
7866568
20007927
2731312
3521846
11561681
16557710
9467201
8931674
308391
17580224
7847264
17586953
16758774
15361197
1157810
20521355
16121927
7539339
7802447
10587023
2519901
17419173
168338
6272817
21866799
2474445
8697977
6958353
11745295
8827666
15999369
9364226
9045334
8293384
3112047
2556978
6837509
10854141
8938681
7553634
7914470
1342643
8324886
10050344
8610639
12051882
8398330
1647510
1665253
8823470
7113965
20429218
19838025
439178
2092863
20697811
16996113
1348159
8383690
15480167
1919655
12395417
3320014
6146937
1581449
7460190
6191699
21358207
16020999
21852251
7807991
1720018
9038326
8313182
11408798
1831736
15472531
1957837
17656871
21356124
3355763
3948190
1378887
17429630
3456403
8033145
7346908
11273590
10712358
20883542
18300569
10541946
336237
15229116
3034170
10604269
11521795
20177026
15057154
350316
482982
8088357
20960191
2617371
8398704
19545702
1405773
19124816
16633830
8484180
1486844
2477430
21880099
2538107
280416
12005222
8086623
1557639
7055820
18331562
3224403
3535664
15004778
10813283
10477016
170045
1507076
9778780
17214329
15114716
3554564
1106841
17673814
10650793
8859183
6136027
2502586
17914556
1699401
9465614
10953409
798148
9738578
107919
10776984
1601214
167936
3597003
2871945
8201387
18648018
2491952
1851385
8426957
2845600
8250010
12453326
7677801
15553738
8635071
3555057
8678546
16136374
16120623
9667255
19399582
2794381
10521972
19099832
10762112
2221582
7683712
3652283
6939969
3856736
6409009
19652069
17266059
8978577
10938969
3544286
56988
17607585
10693259
17898662
10530713
8622087
17173254
1167345
20859353
11230984
3575008
415644
3578360
100615
12877785
8569803
6702727
8070898
17917090
8607107
2361570
10799941
17479288
8847866
1569394
10860489
8765493
1659178
20400238
1695270
8909320
1782075
1307215
3090301
20619024
15221999
1947478
17940374
21039863
20229232
15992916
2064127
3030862
1810061
19898259
3299683
9950176
8299252
7264807
2551314
6791380
2733066
3145897
16803502
10052247
9439976
17352174
11218186
11532623
9020370
15053049
12796591
19761076
3020707
2966088
12902900
7689661
19627169
3086612
16314632
1396726
2143500
10561371
18204822
6682284
9530215
3774566
1300272
21607409
2415052
7751889
2971817
17925552
3015045
10497851
19290047
16351785
3941781
19349889
11410799
1280537
15828910
105807
8523056
16623675
17255273
16628476
6666025
6475983
19536873
10448870
15647774
21531236
19821270
17653311
1591094
11696616
20192601
16545113
9374976
6932257
12399758
6651989
20963512
10803710
14682389
11111994
2166721
21217012
6223378
6476624
7786355
2699290
7083235
20007525
21839237
12951417
3496573
2553146
6897491
11452936
18475730
3335323
16969018
1892279
14974581
1745617
3586228
8327689
15266482
2012109
17876135
21077997
2365627
3719583
17412298
2153384
12890898
8995500
3476690
3339398
10367539
8767104
19522719
1720656
7847258
11555380
8268642
14758133
2686393
21738302
8792946
1985158
6883626
8354922
2593464
2473695
3295624
414083
7269435
16739353
19122916
17112851
7037180
2201071
3838489
10692045
12960720
7888537
20008535
7699622
9406993
4058075
11008513
8585288
7717714
19682195
2916866
20676642
17876143
16253169
7690331
19223932
17220687
12011135
10976272
10530325
19541719
8673994
7846901
2970554
2085918
7857102
18612471
7858885
16134067
2793379
2969410
13428927
19372257
12383643
9261745
369681
21078711
12884817
14447223
2990352
15624506
8893887
6165466
6327485
798586
8256769
7055816
11330368
17239262
2779944
18455007
16821624
15675590
20679609
9467659
18822677
9132749
9422116
12598349
2537907
8706079
2596854
6166407
6273252
7878399
7004635
16729912
9480465
8104680
21403427
10629652
7844598
10386714
19577707
2176134
2584809
12771621
20596524
18840366
16557431
20812155
6378379
15921772
12748557
4596741
1571903
6985194
21555496
3912041
6351616
17655699
16387103
9491136
20811895
11079044
2083825
18041439
20209355
12450085
9877237
8082093
8423626
14769840
16230159
20021792
3210302
10426128
15492803
3017230
9488375
21724043
717940
6093641
6326063
12238270
7865434
15790416
15761608
17166381
1416431
1788015
1743173
7186437
15553740
979502
18510175
7818926
15661224
12610875
9664160
10851536
18405987
18045943
1654918
9894965
11151878
369694
8719461
1135136
12668825
16356302
6494867
6607976
225028
8625664
3209016
6647995
15477632
10590367
2712579
3752711
4404881
6477203
10955329
12373355
1922489
20484019
16757061
15057472
19545704
17466044
10830223
950630
17529862
12894710
21118849
17229769
9838917
2416163
1364533
6894077
3101018
78991
9368482
22126567
12489568
12938275
7781149
17613399
15811959
19871153
15962228
10217227
9744992
15911866
3555789
1605666
8825113
7536371
12109803
3657878
15923795
7890265
18289285
9384282
10423582
8630678
17893521
1325109
2555320
17465235
1634917
9130684
2613357
12393989
3883504
12455182
8812219
11362195
3584586
945692
18690095
9434260
20308917
1749691
2529759
3952517
3970047
1315101
9773865
2810795
6288237
19957531
8553078
20105084
16328417
12688179
9104989
20593957
17605616
14699694
16836824
15222108
16034770
11419028
10952120
9539560
3725283
9753337
2229378
3631977
7006790
10598562
9053483
11192462
7044529
3396148
223812
18792624
19112941
12623821
20109725
10466355
7414712
12868802
6696459
16861938
9644320
7839628
3776091
15466828
3382239
20207507
10983693
3568308
3458431
12117931
11043435
8756885
11481360
1714507
199093
2967070
19131187
2585778
11887936
17430667
2122810
1317199
15497007
12729357
1159315
10565294
18442216
3006837
20238142
9642944
2332851
6764118
12040675
7914040
12119959
9653491
8646722
6342772
7414616
6614938
3196572
8823479
7662028
1498167
1604324
3940218
6343726
12902847
18949420
7492123
1174689
20036689
7640175
6353849
18041697
9762374
4243036
9524640
6870296
15042312
15855796
8772517
2279544
6194755
1104259
17869446
2173970
9226088
1659851
19898973
11986465
3550673
22052225
21092287
3074627
6594973
3298131
1762591
93030
19349549
9815932
4025077
11408496
431180
14518409
8107652
10532549
1089461
11703391
7717793
7847803
2049998
2205028
12088266
9009437
17288838
8052779
7196800
6632195
3204009
18645332
17439933
8156820
8459265
3344448
4015435
10813454
21892103
19670979
15753742
2793750
7710566
526908
11336320
19108794
17326759
406033
17332113
2048229
1987737
2684382
9638171
7979422
18362364
3361395
9608765
19231014
2327475
21364004
19604357
18454988
6383605
2348571
9009323
7483565
3260553
16860172
12853386
9707855
1158618
21607339
15136412
17607592
15604591
8187436
11701100
1330422
1327081
10401018
21247219
19772430
121957
20521352
1663429
3940622
11512308
21177204
7148886
19280464
10394119
1555730
1083484
19390192
12449715
11280409
1849391
6084234
12177103
3644705
2310237
16595571
2012996
17098627
17667529
3008671
2272769
16107599
12795098
1748396
8797463
9237334
17309808
4920033
3816582
10221490
7060034
17085075
9311701
11074322
9781610
8592810
3195497
7483208
6837508
1404123
17160612
12465405
9488258
7802445
19720897
16122184
10459284
6260326
3162655
11399510
7545224
10458214
10623866
15337564
15256730
14964545
18958394
20535471
2171673
11950116
15218175
16832602
7715225
8824358
2966982
4004284
1736752
3312525
629874
15118546
16341373
8882986
932431
1653487
2070326
3033161
15272592
7625373
19194390
9215830
2739846
941251
19822515
15201093
12361109
10533728
2596784
3989887
7900235
16856005
11816478
1402095
12704877
14679118
2174536
20623200
16142487
14571791
9164083
3162515
17186847
9815298
10561297
6343629
7750430
8895006
287373
7448628
9554588
11158609
19552597
7500654
6964041
11999880
2089834
15170979
12853885
10096526
9890469
8641928
10700892
12415196
12400992
18236006
12908725
18219972
677534
526935
8065017
1557641
3080895
14658487
9869107
7164254
196736
18797868
4040986
17167764
8595527
21655307
8876893
6619031
6229181
19451485
2497198
3896154
17217746
15735921
1294861
1449112
15272583
2563691
18653404
12043054
2970391
18303263
1997944
2111770
6584088
14518407
9406710
2909752
18097170
7574799
15146982
15691216
12113850
9259973
9637343
2316766
20464623
15274405
12368702
11243506
16821632
19010168
8905582
21807743
18569930
16758416
8468478
12115355
21594413
17347973
15929106
9261392
7654050
8810547
10382545
8353037
15161679
12512916
11148572
11261329
10844631
3311445
3955544
365327
7471098
1758048
18621611
8120553
17440727
12688127
3709594
8017576
15331936
1100225
2933492
11153219
9252714
20395129
16838657
3580266
11990304
18670090
1349245
2149017
20593247
17922975
10213211
2965547
8955657
8622086
11057321
11048902
10372610
20973683
1096840
9498394
156580
3699914
8384067
3795221
3631764
9561378
2124246
2414021
19783552
2273963
3118075
16953092
21827519
2763711
16174226
2337684
9678264
8872352
1419291
2635282
1548516
3886905
19260124
8261569
8139117
10580907
175473
575067
1191353
21299448
6268297
14764970
1538418
1688736
3467886
2537605
1698736
3697483
6467499
1455905
1386974
1569447
12697881
18516013
2698058
19451574
15483425
18167112
7743373
1634916
4024627
18038218
19820382
10517490
38177
1997835
6990758
17553200
10920879
14630677
10482146
1827275
17408306
8078197
9354506
8062499
2148743
9676217
14523773
3139843
7137280
20190507
3954379
15221601
3004277
6421243
2317795
20066544
15784903
2363941
21868560
1509358
16271665
20628744
12472788
2201430
19877067
3923603
8067696
4004290
3019252
9973515
8402639
7681699
7338190
18667090
2659371
9381651
16603598
22058372
15116095
19264669
17611068
16381626
7775127
3153288
10708805
10403852
16303017
9600820
21892332
11325490
11865627
10940744
8425567
8711499
2758564
2933177
1328444
1709643
7931479
7507401
1312520
9024982
3783773
18923105
389504
17184242
1434918
2460227
11008225
7717119
7987997
7057337
7740422
1487408
1573851
7590485
9654113
17202756
17179092
10199210
11506300
832277
6577121
6488443
3049953
19217567
330914
9030503
2469999
7314443
6498728
9196816
8043974
15879624
7722331
3048476
8207959
10690400
1542491
4062315
6356948
7053270
14449435
8184188
18470474
11472609
19602005
12852348
8634424
8164052
18520118
16736889
8648924
18372364
6264640
9053493
4092195
15708262
8643966
728910
18265655
15723242
9561712
11327535
1373051
9256139
6640413
11268438
8926622
19956369
12848949
2405658
18675098
2316488
1783470
3004365
15045950
9331116
3731035
2190357
2996442
3299918
3753656
6623146
4057942
10955152
15719277
2879805
9971754
17043190
1966728
9150091
7931470
21888045
17452928
15908670
8397030
6520840
21171667
1569725
22098009
2847290
15569225
7490806
2710481
7184436
12844398
12109062
10998885
1723769
10472585
9075779
8570135
15257524
2537275
3395162
8535401
3050858
11322378
1320910
15169796
21890218
2300087
19423871
12913100
6088709
11310523
14759593
2581885
10857893
22015492
8999720
3871988
2290710
19572911
20075712
16186175
15796262
2545020
1720568
11708025
798626
1379649
16870119
20719173
8741478
1602614
12182988
19424521
12171169
8322810
8316860
14584281
14524527
2378311
6755683
3494306
9190982
8968459
20035269
3791142
20645097
4057633
453682
20888065
8490196
9509259
8383447
3705193
1681005
19770132
12163992
10746734
9387256
4027891
806883
10458220
2258073
6316855
11560750
15561848
14750321
12826307
11095134
930888
1035505
12181253
15390205
9619746
6285778
19884859
20615171
2655667
10619362
2832548
16023181
19211574
7248983
7993116
3108586
10442374
7856070
9789611
11855783
2854709
3135694
12037748
9694507
9255269
22421368
10076719
8996150
15518748
3719852
8843789
15681604
15558071
19906272
2177614
6180095
9386863
202915
9740542
9613708
3352778
10503166
19100486
10681768
6969632
9789293
15233817
16961519
14644120
9195081
1507437
9348579
3752963
17095896
19208430
12105683
14264969
9216850
17516069
15662111
2214179
3696303
6311410
21364002
19477023
19352172
2095900
10437946
10619377
20699693
11531289
6538708
18349289
16007898
9816047
662054
20924376
16913577
3024827
19893613
1423182
68827
2249796
2295902
7139851
11032356
3240002
1693138
3415258
17520176
19804584
17069591
15054447
11981008
8622029
3071196
7267232
9678619
17260486
9807790
7271034
9402378
8221717
3754554
17303911
15797743
12124812
9086441
4430713
16091828
1699496
10686521
8387577
2478560
21188632
17449398
19448901
11958896
1414739
7436328
2314831
2305569
9256899
8575834
9951884
19856651
9128951
8857550
6662244
16372489
11346057
21566439
7695298
3555045
1959222
8478227
6732007
21117954
12026149
766946
12782946
12548129
16613687
8996157
8823478
19525605
18413417
8251892
3907436
9676764
2637655
18708951
21464865
11167997
1332625
2316506
2446758
11210164
1994078
6717222
2162452
11149583
1354701
2601800
12870423
2101498
17583663
2931445
21273612
8582258
10586909
2753532
3251624
1571542
2673572
15446319
9323274
6962825
947510
11312023
19752484
19731828
6395020
10888110
9866979
8287848
16185755
1556843
8859194
3412035
15365766
9279348
62605
15791816
8523061
2514455
1421399
1907015
2539292
11352954
3111381
2598441
4065462
6809312
19954638
10924023
9390208
1461837
11793035
7270545
7410678
8195452
22018019
1397793
17313471
19075286
9704398
6333195
12926096
19357171
18564225
8311000
2346125
20633930
17351402
9847566
1616890
10836267
19804902
10466444
20036516
16012797
9738027
6764108
17336213
18690935
10550152
17033231
16121926
10692491
2833577
8703717
455331
16320337
12931014
8518223
9414267
3158783
18550260
3757158
8617576
748240
3000299
6975630
14650966
3204008
12152482
11190865
19307144
7781139
7083243
20673585
20029225
6764391
6589764
11489793
19535386
10863327
8422186
3947109
12552010
10521066
6520839
1794652
16840889
19233785
8910629
19339985
11042409
1355672
1764369
3098146
7509853
2105482
3702219
10598561
2180794
12557714
6421246
19300178
163676
12410569
8539550
8750159
19913372
12938274
10389307
2517031
20981441
6340601
9124620
2840036
2959359
8210251
823762
2494673
8073956
1516010
2653222
12228205
9626212
8575147
1221326
2795118
2627975
756713
16101189
8221559
18799051
14657592
3707156
9298938
6492386
17398031
10860586
20972652
2258080
1569259
1876284
9266105
8838929
16827643
9677100
16440498
15295239
3698009
7737901
21395405
3142367
8221562
3619463
9815587
9123895
9194479
8083705
1215968
16463061
15287523
227811
20979810
10714632
2330482
6096587
16697432
15629971
12902886
11489800
3667167
17110308
3382238
11292293
9020948
10573207
10533730
2983450
8512679
8221716
12707714
16969025
1468489
20154480
19584825
6739953
14677027
6584235
10072410
16953239
8355348
8022040
6688199
9390210
7860229
4593469
8364872
11821463
3870598
6352004
6696027
2924885
20170547
8562743
7544336
11242652
3653765
20059862
15870661
12583312
5646624
3502341
17650771
16038782
15747120
18589111
17164949
8014066
704501
16875622
15828453
11771354
3258319
2729339
17172064
9276407
2635392
19473054
9239166
21524613
2825603
9625845
19771629
16875611
19628341
10362333
16924496
3995475
20479419
10850611
3979041
6315125
16683076
6514212
20332683
19242666
1335049
15073859
21395126
7979416
6350492
3791203
6732547
15331920
12140145
1298958
9053490
2367254
18931579
6332154
1782110
1726374
11429005
8060204
2328492
18829514
21779183
1333828
2386895
16227739
7630120
9469595
7536163
7277093
790736
19491086
18676056
2551250
8398289
2190885
14677013
11340372
2599682
21279100
7866277
3546611
15457127
9654193
1138538
19549988
11396219
17966498
8514698
17874071
6359817
11723745
3002672
3791561
7184385
20573267
1474614
309571
12915600
857166
3165236
21395036
8381935
7666089
2919611
21335338
21346615
9474926
2982714
3043432
6307185
6396561
12914216
17751369
9502447
1373634
9667253
2109539
6981720
16273483
14684938
3127551
10213505
7684099
9444315
12209246
3309197
7068229
21824495
11810041
21085747
8574750
18581057
10332213
8536792
6488145
18565487
12005245
20141439
1100226
10573104
10096376
9553168
2479337
21750553
18977021
3209457
18683094
7423151
9422072
656182
20567630
19506159
8083713
1751666
8045920
1673837
2988025
2146041
4086247
17699258
10969090
2229599
19719427
10640965
2207756
14650973
3043129
21562017
16819636
3757320
21892091
1590038
18508785
10918162
18470481
9095336
8680052
2148742
3086470
14975056
19349550
12381901
15125391
9427786
21114782
16933153
9376148
99235
8131716
6825566
3334940
3733376
9700085
12789191
12804164
4324228
7979423
6324413
3857971
9443638
14659354
8541537
3056303
11940485
19756424
16804410
6274504
8751561
15553173
15653702
8874817
724340
2153192
7886930
17015958
10402174
11307331
65213
10102224
1463345
1512772
10594210
958275
21393882
3164312
6437670
2997097
21701927
20639648
6808876
2499176
2546503
2477345
682949
6662199
19097498
10755716
302711
8446256
6591860
21661380
8621285
6476838
15939920
2348426
6882665
16117562
12134707
11249048
10228500
19538277
9881082
9025751
20732944
9753482
8838523
10030624
3345594
7130931
18525321
16790450
3778056
21966287
12857918
1851408
18423129
9060529
7429626
20153505
16897978
9848584
7246599
20093240
9516604
3791484
1941482
7597427
2787871
19878806
19755923
8285627
8393096
11697832
7505809
8270979
638962
21528198
15237581
2551229
10030078
3565315
21892302
1394821
10811667
9389697
402894
8079969
2558613
19318372
1066071
7184527
593655
6893646
6211226
1457360
2388408
7053271
10637071
7944488
10070216
6094197
6367720
10488466
2089233
12093678
11182144
20171422
2369134
1605665
2784234
18347396
496695
9207484
7197802
4004282
1819376
9316009
1596674
12160171
1773031
3734849
11718156
2297655
12552949
7526508
16035064
9387050
6849654
2310202
3496205
7720743
8112240
19882368
3978646
3019727
6651720
3123714
12465393
12030110
1462167
15573257
3667164
14624710
11391929
10829574
7543029
8930458
14690570
1312768
6095515
12078944
9289858
19192955
3954373
2968263
39101
3800402
1607913
932493
7655835
2032471
7777248
646562
7216469
3754344
15617351
6768204
17018889
1538420
10022706
2028924
20047698
9602270
523779
3872627
8653998
16635281
6869954
1657333
2836924
15549187
8353077
3572090
11277642
2662086
766731
12839698
3202775
12660513
19229476
12201492
9848578
2069407
12972696
18974999
9388521
6532622
19184059
7747718
6661733
1330970
2563226
8237413
3733419
2501422
16009949
12730011
19017912
15342191
901949
7551002
15869993
16298583
9626800
1244923
2999996
2438777
2591999
21529425
9699391
148344
16387512
11803705
3543239
15517448
2189594
21358208
8553083
2793919
1802019
1647183
91435
8067715
2835818
2801969
20847059
8959278
19092279
18479238
11396129
9834043
11680831
10211534
17175296
11801752
2347048
54212
15133013
942368
11327248
8373237
7160406
6323790
17671132
8213766
7678812
1389518
3732660
8060139
2153226
6771426
20720418
13009482
7878746
19099748
8427454
12442346
2607639
9181937
2981293
3392457
20954113
1556683
1714433
6507370
8779791
8013166
11468536
10436370
2851179
20952473
9617335
7882462
8339429
1287142
835781
14577912
1741548
20673488
3963848
10536174
2942245
11260967
9793792
10477835
19102404
15289017
9758310
15198007
11301404
827626
15545615
1203177
19523421
19287123
16184923
10225700
15845567
6470752
19097393
15465198
2671533
1680977
10518200
7799022
21327683
6165458
20880999
19992128
10210147
16962026
2028245
16639739
3494816
10734022
4092194
9164226
8471174
3652058
19667225
18367634
55504
3127973
11935314
21220618
2171355
6702716
16700704
3885178
9537200
15493352
10454846
2023280
16973955
2305269
2993536
19950798
2344968
16985364
2240027
2120392
4068219
12026148
1203838
20943374
15692625
2056948
21095482
11762813
8712835
3691421
3730166
21327440
16470604
20639725
17511689
2824045
10943156
15254784
2834297
15458513
11724894
16295781
16012323
9621884
8260251
18840986
12109297
8988734
8060146
21330837
19582173
16475204
12468321
9825819
12492734
8070031
15890152
11961853
8239194
7715986
12931491
3885864
11904473
15918573
2314398
2378088
9832294
8194453
2311567
17996390
11042413
6710816
9757197
197612
2101523
11596588
9728581
8931686
21813319
17118019
16613686
16572898
16431304
8262842
7350870
6380285
14759247
11129728
9631674
17558704
9104729
19941667
16608954
14667588
2142804
10613592
1106849
3707176
1960556
11279624
21617574
9708925
8285641
3286547
10561202
12823694
11404825
2736111
2169994
1271489
4024604
2506379
19295265
1783524
8282786
3261279
10326692
9645801
20047125
20836575
3593043
9266259
3396234
14568226
8527281
2535794
6311783
15087034
18931572
18398153
8490836
11915732
4026256
3840326
3326860
10570371
19140207
8485561
2255056
6815089
17351748
2453091
16455630
1687206
22020810
8750150
4045523
6631454
17114720
18758303
2292116
10376437
10563197
11836468
11240239
9427264
8185336
18953490
85249
18755858
19319702
16275653
8726614
12552968
11449622
3525695
16719540
2188930
9840140
7628889
7642073
6870015
2791365
1901478
8585877
1899831
2402015
6385875
18784769
20473539
1872628
14988508
17291232
14506144
1587610
21810740
19145078
3460700
10447578
19936220
7243172
3530139
10999464
455587
11053555
8453695
3303926
18569087
10927944
17582569
2405493
8213865
4051516
21328274
10556750
8126327
7091174
21841341
16764097
7051241
2530684
16910597
1198301
806708
8669842
10343192
8291919
7884434
18497512
2443619
7887660
2719748
3833259
6198064
17624086
20559108
8913915
9345396
1399989
20647736
9404698
8467702
3919574
21843660
9158043
9498956
17220753
11429197
1582002
18419641
2249337
7896546
20564112
5843865
1309623
6616413
3464125
19806787
8083706
8157211
17688946
1688617
339745
1140855
2481758
232239
7895587
3086597
7959996
17205454
11681247
6438851
22054386
11408206
2181629
8086546
21556574
2733068
10071353
12610186
21253458
11773517
8214907
2053774
6376848
2786571
7595731
16755176
8474408
11306370
3368973
20075706
19471668
14647728
1333372
11558540
8020842
7791078
3276062
8909434
10879931
9797816
6117368
19401471
17164697
11319295
18450322
17885280
10854542
10354655
21756809
20924078
14551367
10367176
15764167
11277650
9007113
2235346
8197604
1558775
8638534
872139
11721418
2746739
19774206
12622460
6167041
3943037
11265410
3555013
7226167
14758131
931543
6696457
8755574
6871880
2197582
8604245
7691974
1563190
6265075
3665630
15211874
10744287
15732067
3945861
9194485
8669864
15825493
2774588
1553899
6589335
7602352
4019120
9816275
11037632
18175075
3686684
16613023
7574755
55523
18189294
19568420
3885306
18621615
8186155
9264570
7572765
17762400
11150904
12014211
2045860
9738562
21785235
2463780
16897999
16891862
7844553
1282770
19938137
2543330
19396598
7083223
16457142
8300198
16651868
21994858
2157555
17638122
8677759
1906116
10364707
11817063
6955022
12767092
6285451
4025373
20703479
15566656
10803702
6481187
7882458
2556013
12529994
3862582
2231759
9868065
12465392
18188559
3917678
16240895
2824962
19181826
15303545
22078237
18167091
16758042
14601089
10834506
15580984
16175140
2170668
17636808
8113843
2154167
15116056
2174655
485741
17431451
10472346
2214738
12036456
16538967
8251895
3923592
7748220
8111713
2925483
20722988
8334946
2143841
3902199
11465523
16952036
16567941
9272122
6691363
19958629
6895485
225004
7516641
3122669
8554040
2201433
14666615
6314173
16551859
8305923
1726235
3360596
16044967
18375041
2154859
10477164
1605602
4086246
9879292
11039508
6315229
9660038
11032596
1877819
4066226
1934870
6202744
9725047
4016765
1645622
3943034
3461747
17197760
12187066
9684044
2311176
8609070
12718833
7908013
2550950
373111
10321502
9063441
21700657
15570937
834862
8845865
1157447
7001230
16786136
1021226
3457780
10983528
3351981
11295087
11444445
21448424
12377655
3052302
2849976
2291457
14727458
1280673
9541331
18799904
17978158
12723515
6357517
220536
10708886
10954911
17240177
10817348
15613903
11357554
17765706
17458044
11229845
7831239
7978630
12885803
21916390
9588273
10380552
6687656
63314
12216088
20390616
8418245
7334590
14872429
9713136
2802636
11932356
8673385
11432888
15331921
7838963
16937541
10895216
8898177
7861200
6211333
12552966
20718181
10969446
633424
12610872
6299548
17974286
3596885
11459197
355146
13022854
10532108
1973704
18266236
8734138
3006363
20012337
16044099
2141493
1087457
6683954
3754817
20463149
2419976
19276301
10683068
19175067
9465838
9387643
7676673
12597141
15389479
15475740
17273827
20647930
11125366
9434660
4031045
9817272
414829
20564156
19107085
11135211
1167049
12545002
3020694
10688252
8256764
16796410
9713471
3191449
18538889
12236621
1942452
181896
3900302
20299319
19836154
8770811
8610649
2285247
14628428
872907
12511030
10840930
3501544
9427776
1335773
11551421
9045340
18465538
1570517
20859222
20628385
10342389
7141706
19515190
14966087
12544259
7884222
3012406
373084
8615380
11710776
2057172
2626965
6847403
15553701
3610636
1956550
9103462
2427386
7967106
1581905
3895095
10468299
922750
3597002
18089330
8196911
7184432
6896789
2309659
14625819
11887039
10022987
3731020
10897221
1950849
6511235
476623
6846245
18181739
15167906
7974804
7686216
18700567
15962635
21259022
1289417
11201379
16022921
6378208
11313193
11501833
1535329
6594078
19738452
8273550
8444411
8645020
17443283
3412747
7542154
16547692
803539
16804394
8353078
15968497
582117
11552900
7543781
11328549
9216692
16027306
11084060
11426243
7821968
9374096
7163917
15651472
10868716
6299598
3106584
16650177
8007627
2069402
11935219
8209271
6350014
1313174
6611395
1519856
16020956
20530324
1644928
2627485
19620399
18261583
8394198
1708757
21915609
6859090
9377683
20711099
15282702
16515116
15031594
8329413
6098731
15508452
16136312
2186326
12073495
10227760
6770498
18587230
1267267
15721409
2995934
12749270
6868345
17045635
15305160
16612161
7197123
2549283
17848815
3560647
7625371
18515981
19727730
15908768
15531835
20830768
1252616
7988950
7328565
16565626
2418169
2059238
17613700
8589023
3567975
3134694
14596701
6929728
15585753
6532621
14584065
8931677
7775306
17649459
19555437
21690596
19414316
15807734
11098499
2070321
1525760
11112034
2113571
20143429
12127430
20883536
12630527
8824356
10216452
15955899
18953491
848928
9175051
3881743
2502737
12045461
12576919
1522928
7201459
401769
1122425
17465260
8938151
2654496
1470957
871126
21844206
8212624
9427262
1318209
3903942
10563432
14723259
6562280
12452023
8553082
8226502
2709091
2777371
18029321
7691117
2942156
18361434
1372463
6700601
8609262
8291916
11051371
2919531
21246083
7611769
6201271
16172198
11460942
9861236
10080671
16172484
14985859
8053773
2708260
19556812
17026805
16315912
657081
10586832
8677904
20469619
8677910
8862719
20572579
8677784
3902329
12920827
15794390
10362331
18935997
6497443
3955917
19667267
15715050
11748990
2507474
11154979
18765523
7581268
1605664
10071737
1956490
11338879
11327265
2871137
3918214
10541373
9308610
7685138
1203882
14726222
2954823
15659494
11071551
6581974
16014832
17898885
19740361
18183345
14760114
11906546
3799634
16123815
15577433
3168173
1875232
17548248
11236245
1860384
3089596
7661582
12040679
6577789
1514836
12490738
3901646
1445070
21402619
18181045
1764198
3541169
1948132
15560691
8856793
2855700
17450474
6767826
8380634
7094684
9644316
14801720
8638541
9415549
3654302
16333028
20350945
11838971
7268159
12076451
11346336
10970400
195547
2686918
877537
7537468
7474409
3000248
21414740
20723367
10541383
1757364
6639102
3517321
18187952
10745408
16956043
10213209
12415854
6600593
19059635
18648015
11251955
7286068
141977
6784325
20687799
11915734
6358257
3195622
15940061
12895318
8081037
1419289
2619273
2124934
2139465
16166171
1332558
10212788
1084692
1819623
21482495
21173307
14595052
10811503
9331113
1310708
7827209
8112238
10408405
1835856
18308386
8335365
3920827
21584835
1801881
16398313
2445932
16897994
2285127
4015122
17060980
15912656
18398154
8174205
322854
7289031
16936177
19378883
1710167
1899352
8315428
16341345
8449576
21594502
15279041
880567
7596922
1372661
1797369
3487141
8941924
8617577
6896795
11477816
2239303
6644335
3947107
8597907
3717079
16014114
427770
20605355
1331630
526923
15163758
2259185
10695824
1680550
2539716
8291058
10553163
3652955
10955863
21912118
2366346
15970094
10894358
21678335
9683752
20556747
11533799
1537914
7974029
7042088
1906548
101649
9137533
8452148
6690072
21602589
9144445
9829401
1992982
6176159
19470923
8075028
1914165
2895628
10862645
3698028
7872445
1177472
12040291
8845814
1669591
340032
8171736
20205283
12131783
6828812
12203099
11705885
7857103
15599205
16417778
15631041
7072657
7721642
6180819
1454968
7093966
2871188
18497964
7738621
11012110
1872624
8340000
16822550
15623667
7190612
16478742
6810450
15367603
8527865
21045188
1618894
3259681
2737218
16685172
9009076
7642435
476704
3007684
11128560
8250434
3730167
16182592
11479430
10852601
8622036
9305702
9112222
6831348
10396320
20452140
2536179
1325094
10025377
10561250
9256883
6668481
2703278
18278438
3997369
10796557
8344681
3061082
18538114
20352294
1336318
1421429
2306798
6804297
15816603
3531860
12402440
12711125
4050741
12165539
2214318
6165918
18198376
14529134
1624224
6861263
9810369
8402671
12702978
11391851
2727429
15597296
6476835
7548504
4032732
19735860
2192184
14989782
10471046
3337524
1861346
2230879
18765169
11206012
8135483
8487053
3565435
17447228
1649706
10637257
6322572
2525079
17968950
21607506
11025176
8622079
19016023
14767873
4020410
19578996
11836661
3143114
20819563
10733207
3664942
6166408
7240692
1707228
14608448
2656539
11119421
1650529
6595240
8410110
8478673
16428882
3799754
21737993
12769340
1747706
19100899
15860487
8554043
16832814
7028245
2796346
154363
2369734
9547675
12530510
3002594
7917369
18306487
3754990
3128396
2492036
6309380
3089597
11042402
3887095
10840423
8574758
16830000
15792593
20482840
7618257
2988455
953955
7101322
21627512
1705165
16432490
16324562
18668650
21411799
18268085
2825750
3111677
2552547
14750333
9505215
8308769
1296448
2737039
20091570
11370551
8611076
9615799
16755177
14534883
9640099
1703510
12802917
7499959
19603031
11247709
18646089
7847253
588728
11193622
11419451
7720838
2553364
15387287
1417186
20706154
16755116
7797043
2159268
7083236
8895681
2651325
1844822
9516616
1874602
11807628
3426830
2125023
2871928
8387399
10907957
11172951
2095615
6342490
10606177
18998360
10584567
11752117
4016785
21778771
12434138
9115157
3192387
20680397
8583152
2670581
19018149
9422070
12742468
8609191
9400430
709554
1649135
1964677
11106114
8718426
1930772
17393164
15595999
6480456
15518756
12566907
12025888
16352938
17240002
20068096
9708643
1323815
19478704
6305668
1571465
19545700
20087054
18331359
12665483
16092807
2011097
11891041
12111790
11242980
6789219
14659659
10442365
15859838
8977655
18972408
16681980
16440134
10858387
8604244
10789721
9166551
2329962
11729479
7522068
3793580
10343189
2173440
6206681
8720665
6688764
12909234
6305295
7273016
8996138
18942405
17220752
8517936
2738623
8221714
19443795
13475609
12504039
6893683
2912520
12218269
12513846
16647514
12163049
3680000
2585838
10526668
8638545
12660135
348294
8353076
20880170
6507380
8341022
7943611
2803050
10507311
9769389
6231100
3948189
2198662
15507779
7388789
2816812
6680396
2665836
7572171
16334539
1647895
8749950
20200024
16332720
1247357
17033229
3823045
19953882
7387273
16753849
12111584
15702085
12697116
20467222
7053862
19748694
9769672
108891
6539565
9544168
15630719
1662925
1130330
6093979
18465517
1553903
19281860
12042986
1500266
20136357
16615429
10385251
991076
2297763
1739294
11127307
1403041
7315623
16562119
9339635
800240
6287748
18196322
10532096
7895594
613939
15660189
18455781
833253
8497209
9345331
12884564
1912169
18274721
10295898
15197192
12031382
11319290
3690532
2772430
1457434
8302364
12030838
8931685
7529516
18387752
9004185
9816323
15846660
2208023
1991302
2981981
11034245
16786789
6436677
1502828
2984973
8155389
15876467
10191353
3259154
2265461
11886009
1097381
8605651
21039003
3531947
9438098
17876136
3319676
2312450
18790257
2847293
1506397
8210543
19170110
11718258
11942040
10676025
20839428
7519390
15520340
8794416
9763828
6313313
2408576
3024579
14667097
6625120
3637111
10412682
2012400
11710542
18626304
2213560
1585768
3872595
7069508
8797893
9568916
6315898
21880854
10065761
10845259
6696455
15297847
11014371
495552
19325249
15106201
10638488
8522376
8646807
3562865
8295174
8122645
11372737
9476266
709552
21799462
21770478
788512
3330577
11955734
175453
11421292
6253043
6741861
1709348
10434753
7946896
18720480
15726515
8992228
9455510
498159
9101503
15312433
688286
8453699
10477149
2306905
10644866
9757198
18243012
15181493
1546845
19222930
17992400
21663862
2655961
8061164
18263881
17325365
21611105
10637256
3497646
21764276
21533418
21528224
9239173
3937090
12853351
6434500
12068138
98079
6331163
3909803
9496389
6683182
17639160
3027192
10847464
8191595
2702792
358768
8925754
18651326
21372602
11429021
11329783
12243813
7857105
17338792
3456271
6221789
6661173
79526
3625244
15829494
7793995
8883014
9369412
2145902
9054882
1920835
21594470
11013277
11491495
1279259
7543668
7093967
1448121
9267163
9427781
2462694
7501607
7108273
21569645
12394267
19445730
3459397
2499175
12924654
8376269
19815486
17302533
2740592
1851388
9771953
9272138
19138791
12967135
9823427
17602361
21075702
18430093
3164375
11187906
2162239
6089320
8050312
18447780
3219984
19696793
16504154
11896209
6388515
3653247
3171981
3609124
3461875
2387214
8430938
16380297
986584
12568285
2159055
11766987
9256897
9382524
3295627
9806505
1375008
10358863
7003171
16267747
1663730
2175286
6248718
21197265
19481237
10791887
9155110
11182060
708174
2261732
12860650
8622017
15493358
11965579
2238053
207783
17992530
7083234
18166289
6205245
7961071
10483033
10952573
10396316
9577931
1421032
16132502
6491697
20495311
17315468
1745482
17575375
19688117
19230050
11221963
21175244
3594429
2982962
17427555
13278455
16739307
8529291
17511827
7666868
2576904
7799020
6540763
3885862
1695081
3162625
785028
10707610
1848421
18073159
3661494
1813070
12441936
10758304
20121745
9422119
11528587
1000520
6263091
10812499
20739514
2193355
7258771
17301537
1382227
18649661
7619983
2241183
8646404
429852
6547269
2084318
361222
9823815
204323
6275987
2173969
15133630
18261586
8996149
10506594
8031169
21039062
15332551
1782068
1362111
4040589
19376377
6332607
6261945
7981581
10413206
21674534
1419293
8912567
4256007
7401190
6774574
16117488
7675274
11164716
6655288
9327154
16724686
7517442
21447728
1838261
9049862
6673262
9781598
515542
11173323
10958598
20093701
2334126
15223608
9626788
3039921
7959370
2768594
10832595
12736573
18085595
9950382
2909292
7959907
20615924
19295263
7786825
7539241
9072843
8808719
3769767
15690950
7826079
8713521
9196157
12782939
1517789
7719377
18947166
1500027
6481401
8383914
7831173
9747818
1298123
17496444
9229321
1090297
7031541
19415281
10833476
3264785
3922308
3795043
10702814
6511243
19605508
2961306
11683819
7944499
16273912
171315
8268135
383437
10391079
9765760
10434757
2513286
8718427
17882998
8174206
8948275
2369794
7474408
8277774
1361493
16501993
16166324
10410530
7751891
7572755
9058141
3789694
12601542
21573464
7914411
2405287
14758135
3730154
2966983
1309380
16254367
11830472
8291824
6282108
8799954
12515995
19276771
6340345
2457192
17112849
21594532
7010257
1477306
8612306
9726344
12708610
7347155
11082386
20585851
7781752
1487405
15285301
8067000
2536213
21585619
15005339
1490976
18288627
12355475
3307632
2897433
19186051
2926468
21681734
17152499
8680532
21529989
20090562
9196144
1286050
11244158
10953559
475154
2903924
1923457
6511241
3896157
9552036
11070408
10449868
8865128
2160033
19885925
10700897
3338055
6170472
2017336
14752879
10592849
3731210
68089
3496792
15272591
174968
18498916
6160442
19446147
17852156
1588759
20709665
3570059
8691575
20586532
6331151
7397382
6411956
7827204
8678513
19191800
405321
9322882
2788655
387204
3966806
3802013
7551928
15561226
11694775
760231
9248867
15228673
1846406
1997112
1585736
19149976
9008278
10616048
7080865
16759850
12740282
10707230
2273562
9166477
3948142
2693025
11467603
8312348
7775263
18571695
16565832
15157327
949558
6168319
19904514
6573955
3115955
14675350
16525670
17201457
1875415
8548334
15976069
1320846
20605287
19755197
1865594
10587022
2198889
19040562
2676495
19264604
16327720
8873839
9217040
3779107
9495677
356959
1590270
8439950
14509406
6753534
1900427
10619756
12729356
20357618
3039054
2155063
14587055
11877053
7858544
1919659
361229
3264026
8533664
16132581
19078370
3598611
9031111
7655872
21668998
17217096
10357408
6607323
5328359
3767386
16450737
12403247
8623506
6678877
19010240
1987904
1402119
3174804
2129409
8799566
14675243
3889261
4004281
7039269
20231064
7675666
20860988
10577850
11707832
7715909
19914959
10910592
3393212
429553
10601560
2655653
2752508
15528938
21281217
1745085
60073
3850856
19786667
10234294
417215
16870696
7509576
9572806
7682153
14703896
3851858
8370327
4076288
17894022
10074722
18766611
12222661
8776539
10604267
1712661
19354021
14606636
10518085
12454110
17208356
16406899
3189370
3312040
21428187
3143311
19036566
2272767
7781137
19698349
11478148
7687166
9091865
8240590
2992736
18191726
3257878
1306595
11870165
2395016
17457044
16123718
15860865
12865793
6349302
2741220
19086694
12672213
17422568
16240705
10447754
6715542
1695205
7029684
1464158
11990308
11688361
11579299
1555975
12704533
7781148
18455328
1903822
3104242
12057861
7732216
22114575
20210673
17466053
18591883
7032010
11455163
7950152
18344111
1337467
7504113
7224313
18657949
2112056
2475950
16622265
16133037
10984139
8016903
350587
20821328
12736567
11390565
1309633
1206673
2227154
17275372
12022423
10873079
19404211
11042565
12465408
9730677
14576650
18819876
18799915
2190011
20587692
7994806
20572041
1626939
19715866
3984940
18021976
3802111
7959252
10598879
2160312
16023878
15577267
12773744
6681143
682676
17227904
1660701
7656929
14766258
9400014
13022855
10207978
18036947
16513908
9508192
15240524
15589582
14705842
17179098
15681530
3497344
15494637
17220669
1385353
15984518
10685228
3753024
289441
8379672
3058133
19078332
12519349
18050041
3994152
8725623
21962253
7944493
16566993
11086417
1779303
20421819
20190682
6307177
4066223
6261322
1709556
7710986
17410010
11224832
11772593
1524300
6383146
2158878
2272773
7893989
12914209
1437494
6381377
10216453
9721562
12137835
12170540
9200384
16185453
18582815
18176087
9797815
6451692
19762377
3044277
1897237
19729980
4631913
3700036
7531679
7493686
21563503
19020924
15890594
15153713
6863606
1557644
10941482
12174723
11926738
2985007
2184637
7668181
17063715
3439583
14555932
11729478
6802096
300616
8069608
2607671
12140141
7789059
6786738
6511556
6398126
1346337
3087293
12442028
16980004
12771071
15821120
9457812
1987531
70266
15170989
17606973
19870827
12477999
304760
3857185
14559702
8362504
9299281
9199453
6393769
2785408
8627643
14650969
3729497
16750460
1963274
8003563
2032716
12667300
20358411
16558063
9649234
8268146
7538704
17220683
6681321
21262008
4087322
10434752
6261930
10945013
11788928
2492142
7966396
11785309
13069642
10228496
20041967
16193638
9541093
1692400
7814538
15700433
9266443
1224928
12902881
2210728
2428570
1411620
16572899
14967432
2556971
1829914
16044960
14532700
10200887
15601564
10465133
6476216
1704869
16430460
8815021
9441773
20975641
8386399
2997406
3042186
17097946
4683877
17884787
2098007
19225446
17893412
1334641
19551382
15210740
7524831
3864366
7974798
7741820
12934315
8792511
14768401
7073057
3293305
7572749
11081453
6970750
16699448
12742484
6999653
12351591
9598885
6301122
483166
3296704
9678722
9054883
16001992
17321985
871128
8648379
15668284
10364624
19051500
973286
4018116
15099942
7710640
175455
6225762
7778826
7412598
130137
10561261
1846280
11378549
11086443
7775652
10584569
9586877
12515135
315804
228408
7954260
6329104
12635665
9626213
16726126
9568412
1575212
16099334
6239138
8221713
7786821
12797397
8604243
8358654
17562127
10877169
3866756
8687298
17301390
10440199
10203368
7003662
1323812
16728282
1117188
10945001
9889028
4064394
10375109
9765646
2655264
6986974
3887096
8311015
8643973
17239128
17211998
11856782
18628558
3289632
18671866
19368140
10093688
1309432
11953980
10720451
8453698
8990772
11900229
6481933
6540686
3679530
2552192
6252678
1670629
8116229
19697828
2560453
1994074
19629631
2144740
10380432
10979289
7008331
16119420
1656029
10839217
19917365
2540368
3323908
10894871
11920787
9144687
16421623
768852
3953490
20334885
11321339
8428695
204276
17001853
12858449
9862513
1716064
1030872
3756768
7887645
2321589
1524914
10926808
1548519
21865786
6850662
3755424
2946815
1328701
8622016
12072938
1672261
21846972
201185
10860487
450562
20843912
8674163
6691415
6339747
18398094
21248442
15955904
2382903
18942416
14504059
15935809
11574631
6355797
21921836
21358119
2835433
8826954
3276170
12200365
3263871
7789893
19402172
1621632
7543303
11960266
10619743
9020288
12841390
2085219
8568809
9428917
12714888
9877497
4217572
19191850
2446751
414777
15624374
17008939
18089368
8018904
7826580
16012792
3079661
1781038
18214483
21644366
18251173
2827352
3259402
1697455
20926883
7023714
1333012
6681726
8903194
16132508
12451469
19273714
2395008
8050177
617256
17679513
12592361
7191768
9644314
1825816
4010622
20820988
788307
21637633
19466409
16832132
12888922
19770418
19634926
14976460
2471274
1279236
1962422
17051317
17050252
7273015
2848563
7360489
14565799
9007135
11857314
18160223
17904208
8219097
7693327
8708749
7916183
1362878
18398145
6199441
9279344
11577587
19843072
11780552
3167842
15872190
22064266
21735053
6094440
10094280
11201986
18694649
11297240
9705570
3972706
1633346
11918453
9020949
9568606
1866069
3013401
14523219
2793368
12355953
9603137
589556
17291248
1906497
8328412
1733549
2161295
21566962
16783058
16699270
1908669
7983505
17524872
21177013
9166489
11772589
1667234
8326565
12828112
1580643
6098205
15553685
9508190
6283974
19376423
2285125
2050301
3428161
1601052
12394268
8210254
21258664
18758304
11474256
20028764
6840386
20953372
12509967
3117753
19060586
1500272
17095524
1851142
1651685
19648163
2224783
1283647
18412535
12853352
9499269
1112246
4017163
10571017
7196794
3607722
3416310
11157039
20828862
11669552
6234860
1718218
1393686
1106931
17016041
15820070
14586557
6896490
8107657
18648006
18299612
12957264
10075301
9458023
542998
19861343
16316459
10348282
6891253
2628415
2410186
1557647
11793083
9780476
3966755
7020894
2394301
21838182
3179946
16400741
12210811
7602349
1882516
17644261
14657596
10496358
6586111
7237689
2541531
11523413
10561173
1151165
19289491
12894852
6244904
11550982
7917366
12133491
10676891
8750532
10522402
19087568
11025699
3101607
20127092
6650484
3088974
16002110
21428467
21208101
6326459
7793996
1851387
3717919
9020296
21325960
7184398
8344888
1992653
9151927
2449135
12796373
19863327
3885863
3435920
1664423
2843133
21713349
2484089
1643173
15886471
2257295
17712464
10469868
7579567
12785204
15304393
10645050
17483017
12457027
17846019
1913953
9094188
10478737
455334
18577852
10928138
10561214
8416289
958759
7467307
18523294
1651360
21693248
10532107
12530039
3014926
3587117
17082887
8139273
7677296
1740678
14964454
12937317
2660519
2181941
2252687
2528649
9333514
11510035
15691225
3435921
18650485
1276438
6476837
8560601
12898185
2043492
2244252
10071286
12920569
10602896
8310824
6307176
6548867
4016723
1823834
3050188
3221259
3243178
8210255
20525484
12123339
9374098
12119460
17019740
2519165
11168747
12680177
14710203
2177346
7497595
21079147
11078359
11903884
3458690
17687218
12778434
6408547
19672264
9119455
856346
11071104
1537080
9445190
6286085
15603861
3101608
9530368
2847399
16041313
10969597
1671173
8141110
15205265
677803
18379834
7093886
17762435
14634516
12879464
20304212
355604
1417008
12876872
3025358
1329227
8938277
16757429
15925455
2441836
8750800
3037960
886202
12197215
11729485
6265083
2590542
1713877
16870693
2074067
9701389
10575838
17846778
6425487
2465095
17515069
1558398
7694912
15896747
12657418
12223253
1416863
9211526
10920949
3524189
1712662
10646766
8186164
9220295
117555
1412754
8582574
7826911
1719713
16740764
4005796
2245691
10513213
2934786
1919102
8604172
8960667
12184645
11857289
7237881
3049433
11043831
10964334
10897015
16583471
12876863
4643395
1379115
12601538
9932166
20087033
17264757
2497602
8636743
11256023
6687457
18662197
6421524
7696421
3927523
1651992
7600031
11308122
18756531
10895201
1607252
15727895
3293536
9118654
9152794
11218242
11008974
1524301
21343378
9157744
20665201
7273024
7597439
6846248
4040329
3931994
16757127
20501834
9020279
14682132
12040278
329248
15802895
10583693
8854796
12942107
19427744
2346609
1550078
19667226
16443554
11993790
3192389
7799530
529304
19268242
2029200
2455206
3170134
3053207
8129045
8289957
7263375
9803067
4637604
12734643
3469424
3952753
8463496
3803289
11933909
9863407
1507697
15894360
3307601
11181986
9499253
6424398
6687839
7879698
769972
17031483
11915957
8121965
8172800
8799939
12743982
2507723
15176224
12712259
1823959
3473981
1702352
3541792
7992070
18368408
8546547
7128792
15622442
15249584
10435371
15756519
2790673
2316921
8625147
18195527
12091648
14760099
4016767
1980381
15490848
16091429
9760831
7989950
8625185
15886472
12950234
2013118
15013980
6377283
697228
10560384
9365758
10586489
2444165
10824750
142579
14528074
8002636
9327044
12860964
20706224
20418784
2783385
6600614
15542799
8113840
10717333
2358216
3931325
12904371
11391853
7610399
21561754
11704219
9704756
1997473
12852352
708023
6939880
1941054
6609105
8364255
7704495
15962609
1302799
8385970
7944492
1657845
7650551
20064907
463916
8270977
10755315
6392147
7211836
8721901
10413917
7502310
10781685
1653383
17027112
11165409
20081263
11083079
21880994
93982
12685241
7048180
21381797
174040
3042045
15372224
8101979
19040272
12946298
11535993
3387950
20416971
14696433
12789473
10222654
6372703
21566939
2581875
2404454
1996460
8398364
8908287
9855396
3750739
3029243
12921601
6520828
12006766
11704799
797447
11830607
10985895
19433683
15777978
8753109
11461067
11197584
9514802
3050301
6882000
8518226
1312075
15889322
16982578
10933045
6688382
6793256
1913510
12666064
3338666
8640467
19446911
1142528
1851407
20534685
9626798
7683842
15114709
1394826
12795853
9546929
10975685
1328551
11685794
7578172
2959814
20863163
7544030
8823469
15822566
9715840
8267423
16996579
17112848
6644350
7414679
2734494
6336662
8937492
9304728
2188928
8028199
16739352
3802098
9787332
18671241
18084763
8257777
11509511
11204503
3133620
18272249
19366444
10073149
17932894
3172267
9256135
9808634
9212679
15171311
1390305
3302179
2733062
7633830
9535611
2199621
2730050
12639301
15557776
6404816
9635920
16531712
11336328
3079990
16527337
3334007
20731132
12586799
9594411
9210702
11828947
6352005
14518419
2647798
7370989
1429827
14627912
10550574
15755007
7526312
583290
18829516
3542743
2064344
9183563
8395089
17763580
6286558
15459211
17023787
1862551
11863090
2671287
12684398
3872349
1714949
8128356
17822319
9598746
6775805
10193548
2674333
9210716
16770107
17432102
2237132
15170581
455581
2821397
8712825
2914172
12029161
11142482
20846015
6360252
3759565
3371462
7686232
15628768
16440809
11669594
383291
9322819
16820919
8751808
17312724
11745234
1362949
2830344
2668646
9504579
8587840
7697597
10077172
3579329
11040176
11996612
1270891
7842405
16457149
7540557
3345242
18258172
460652
3611036
16232205
12753540
11103246
879814
21673337
3548626
3002282
11081459
10688490
1362568
21899757
2015778
8256772
8270492
11479894
163675
2351319
9708409
3766605
6640557
8640693
7041345
19760035
17984819
15203631
20810553
1465676
6732541
2832768
15167634
12174643
7687933
3499820
1649134
9336357
218866
8342089
11406739
10640963
8635092
19758966
2838293
17575230
6391308
2994576
896123
11422407
10396314
1891941
10430065
1952847
1052339
19930599
9515759
1834116
20616662
10895060
498011
2468745
17524873
6662215
8491479
8634416
9207311
2830219
4042071
4038444
11725386
19673337
11802935
11389705
3948193
8135489
15774170
12022740
7556280
15597731
2643878
4981054
7973891
2395125
14752935
3182388
10958594
7961073
8004527
11865643
16531117
2233658
2507125
15780373
8210250
15730210
8823477
21486608
8215210
13406172
9069300
2176135
1382255
7569449
19453079
10391858
2727390
7521905
15101722
21892623
4266691
1892518
3457779
6584561
11551422
982004
7682427
2511533
3878572
1389514
2092281
21521866
335968
15151950
11374408
1869845
1933848
17092603
17165439
1194717
16554106
8468554
1820627
1925447
10080592
2580386
2988459
9554537
7632810
2500762
8314691
20570559
3097454
8831742
2637593
15030707
14585726
9644319
3884902
15905797
16097852
1901342
8957229
8780553
2191439
8809657
2369754
9234219
15672388
2300381
8607619
8879371
16897983
301009
19837689
1192348
19854667
7407762
19362501
19170591
11299831
10496165
1793726
9041773
2230878
18299738
3044455
1713806
21835363
19930408
2891442
2016615
21512429
21778768
6366133
9331958
3742953
9412975
15628758
10541368
179497
2127804
3000298
9007132
10087009
8221563
1802016
3282421
7977172
15041053
2115817
7882275
21185139
10634027
16044224
22005471
2914288
8627025
19897974
7655148
19621525
15892593
7908254
8990771
14998853
3127333
6685195
2841905
3044275
2547703
1403070
12152997
10499610
3615066
19005978
18684695
3567849
820224
21326814
12744750
10051183
2813671
20610974
2743343
367196
2054313
11919241
12847592
21955480
17683827
2793954
3105470
9725051
12239
2634452
10418036
3653204
3287395
9885374
8867726
8581377
3700039
1557646
9524533
6974996
4402393
3279962
21566435
20878160
8854818
17011224
6307464
7680373
6983304
1721656
20979704
6190033
135666
17212094
2793023
2824210
21035953
6375344
1987435
18827494
9073313
2506678
6383765
6707697
16598777
16227802
1999004
16798692
16127955
21543493
123490
2256199
15940415
10711524
8996529
6349786
11195261
7683451
18055842
6511242
12680145
12679652
12378544
8261575
20167134
11223553
11013283
16830886
2471462
7809841
8291918
8531309
8569982
3071329
552036
1863449
15162828
10607684
394865
8083066
7595759
9838908
12538855
17212125
1587628
14689024
19022461
17826308
19225926
2674460
8280656
7857117
16969021
3021320
19715869
12607936
18583880
2243038
1646066
3501624
21696308
1709294
2649007
16188317
7551961
3401641
21566904
20464151
9053506
11762531
1627017
20361278
2103216
665909
18837776
7017990
18630482
15114699
2787058
21418317
17695490
15636615
3655101
17029077
1951176
10452203
17947720
3731129
2831819
17279006
8199998
12495285
15817346
15200814
14605542
3106259
2188377
1547798
20104715
9614574
6613921
10729080
10459543
1027718
8905035
11854931
3730163
10434972
7936769
10506693
21597730
8435364
10743064
16166846
3096407
8936985
16803499
17252978
11390593
9738566
12634618
2474206
3753898
20808448
426189
152143
16502436
19409826
12477995
1261271
11315572
2218425
7555425
11996618
9721561
6784914
20214232
12669396
7751874
11432346
10643544
14720399
10875470
9486571
9361505
1957125
2040686
16001177
20626754
14621221
1665493
10216490
10705779
3447017
9063516
11877096
2642024
15830134
1913491
3881060
1462165
9869217
902234
11896096
74352
20939970
7072745
17319838
20823645
16194648
9781611
21789447
10985888
18085034
9889031
6388831
6817709
9109903
11808077
12792740
11051230
17470449
2703169
15233146
16438142
1172772
20037449
216925
2381245
19051503
19505844
16360235
20418786
12201499
17382158
14509127
10080674
6366263
6590530
2658743
10500542
6311914
9626217
7747708
17114955
219723
687017
3312030
1867524
1921019
8978969
17164711
2230893
9086342
10890646
2118336
7826085
17207959
3078574
8315429
7831174
8937493
3621218
1314712
14551299
12195881
2938841
2579257
6279903
11436652
18838885
4369901
1328500
1279140
21063134
3407421
8849291
11042408
10560406
452073
12399133
6542006
7735968
18719349
1295628
2882837
3955784
2973448
14744375
15386306
1370366
15991525
2345071
6605814
16696181
7691114
18927230
16875528
2839633
3826843
773604
15691146
10852192
9250802
16428943
15721404
9090966
10320116
19148115
2974291
2192816
10555210
16203809
15077422
3816952
823272
1542765
752259
8135468
8942739
10561170
11574629
9172813
16191059
343355
288302
12965923
3485431
6321670
6089668
1651802
20491780
16007901
11206009
7603215
7635851
9768821
3965585
2746563
1387438
8823488
17026815
11260883
8673476
16803542
3017551
2486432
8491119
7979421
3501732
1080362
17664477
15475438
11155922
1732423
9564777
21168636
19596975
3972708
1411629
17028244
8229125
2795887
14652535
3891627
2559130
3520621
2578880
7680596
12598342
10202274
2257294
10914964
18978567
20034916
15999262
2328625
20069422
16080473
2814708
8579089
17551313
9439150
9816299
8098316
8311488
8139151
16763788
21510281
3277373
455265
11432350
16638654
11426554
8698630
12750729
9602259
6542243
6488442
6517988
8824352
268397
9816035
7475925
2377941
21794672
400578
20731949
21547572
10897302
9778225
6230419
7684518
16213303
194869
1414243
16765651
9748127
2549205
9114181
3478154
3992427
20916525
9722733
6681934
7522001
8946990
18504161
15086738
11885412
2507118
2544494
9392318
3791258
12115164
3258423
6871884
6322583
321202
7850921
3014083
2255354
19270152
16835496
6895625
10683066
762367
15344691
3265728
18294295
17703309
5024727
1449111
7918123
1091749
17306936
4039625
12669403
9973918
9816135
8237206
1443053
20941526
8456059
2919891
2490636
11237125
11042563
6384691
67231
1906857
1649575
16680015
3889818
9664962
11712223
1735068
6610638
15088421
2524129
20171916
7468548
12938266
2824017
10545792
2393033
18408429
7991289
6764221
19295326
11236070
11359664
10547151
7505722
781465
7296548
7826080
3296099
6600613
7939760
7732496
79991
15025344
2824706
18842670
3342466
6571780
7902426
7686561
15114697
6942907
10560436
7751890
19280263
15667620
10939601
10416162
18788506
12647638
6452544
20194277
7389061
10421076
6406054
10198730
287569
1900124
3050300
3310516
21208880
1446728
7835794
2717724
8393099
3989973
1899549
8380393
3969362
7034934
7939764
1364378
15265365
1880923
9530360
9426646
3064823
17512593
2245488
21497382
16124439
18178958
368436
8123961
19344437
12485959
658176
16755128
3177253
3310605
7653884
7692921
8239142
11932893
15675585
2394201
19821804
10774567
331400
2316487
3233166
11202811
3708609
1499627
9012932
21128060
19569246
2111678
9005349
20461379
15033678
12544262
17364962
3518163
6627287
18192876
18938776
2151552
14685381
2622251
2115191
7718266
10910577
15984530
20572576
1987743
8233295
17545538
7771050
10786194
2578093
16631295
11505410
21783094
350007
19811878
10917028
8882988
19638976
17998786
11112027
10776689
18533918
9177437
14519631
2914289
8558187
11232959
2011633
8934396
14599864
2758335
7693069
8039975
19669096
7750054
1653362
4051312
7792033
10235466
15495248
15254058
16149283
10439806
17577234
15836706
3584216
8067691
2452888
2543060
21575467
7497583
16756147
2334921
537649
10560398
20870923
16989031
10424407
11156391
12021524
7595746
10362341
2820683
15628830
1689988
3419393
12750975
21728004
18415100
17031643
20526888
8898180
15940035
6595241
1598755
6883358
1265061
16638102
1334539
20724574
10917881
9678797
17108728
7993835
20046604
2292049
3039653
9464869
12744550
11778966
16846662
3324284
785801
304801
6439029
10026673
3501642
21381870
19578310
3539296
21729688
15993810
11698762
9552045
678666
3745421
14521022
10189131
7226090
20882342
16080554
6301365
8651844
19083489
17367225
10815780
12925071
1481783
21137026
20598452
9856144
6398121
946705
1327019
21205069
6681775
135484
1316101
11379485
11353918
19868058
2017635
18501082
12372042
7367117
7194729
1992532
8767698
7944484
20037446
15777512
12561900
7674246
2051014
16719542
12773970
6405337
16755112
1875731
1635178
10945026
12378343
20864900
7707113
2422719
7004809
12174106
3278423
6829705
6359020
17921710
16433212
11805731
7397612
11398892
3740858
6210053
2265651
152580
19424032
18203045
12764539
10738969
2434864
8775825
7147357
10516667
15608444
9392531
2845770
1653559
1595190
9681723
5422304
857757
7060036
17464952
7949211
16832665
21781870
15340649
16018767
11214622
7864268
19631285
14519330
7753002
7793258
18295319
3056277
20624784
4048198
1116105
9619758
8996155
16845857
8465712
16440064
12781433
114948
6359885
6307164
16162980
10379237
2555004
655134
20410174
3460530
17033235
3815348
557944
11134194
2891441
1702134
3430969
8265320
20190509
10986889
3124215
6525600
12801257
21047224
20514797
21594492
20949591
6793519
19776535
9631366
2769330
2818186
3129208
9391552
109201
1663603
1355523
8246139
2502076
411754
8349432
9508195
2813670
5829397
7735952
10213464
1532382
1399000
3631383
1391855
14638757
1382234
7977171
8630887
8666559
1968056
89624
8386492
19830387
6369833
10563084
15550852
15170984
12775021
3914058
7184431
20586518
8210934
17402998
1512928
2110606
15545621
11335790
1458787
7458063
2646381
17409864
6580840
7896179
8918497
88550
7351034
3179770
1326308
8336190
7488969
8643964
8002628
20934959
6310986
9498830
10066148
19538168
8740787
10928120
1512944
9081810
10660737
3407621
19054638
7074217
7775231
12151970
7809839
8004930
20217447
2747329
6200077
12831234
15536150
10811504
7332733
6765388
1920832
1280628
3929152
8156836
11781195
7823574
3652054
20579915
16354314
9816300
15581981
3004363
2307895
11037126
1514833
7846692
16086878
2981620
2179624
13406171
2049755
454841
29971
16182763
11697485
10396315
19509559
9769784
9296229
8946652
15224197
16288803
8085845
10923360
3558086
6771423
6678881
2840548
2773077
9146556
9164222
2591030
9099785
1329884
15297178
6345836
15240930
1001330
2143647
8468734
19012041
9567248
10365114
2178196
1947735
18251177
10914707
3695894
2519238
2389965
1698110
16169820
8068220
14735686
6870299
20661736
11977645
16099244
1731021
3259901
16115579
59307
2832635
8831741
17162009
3418986
16877734
21712486
11081452
2835817
6683465
8070033
19591408
3754380
3324057
7537285
19331212
7944491
103826
6353928
8840225
8564701
17430662
3698345
8116791
9469322
6421483
15446569
14997752
11574633
2831818
655197
7743469
7505810
7451693
2031332
2552879
21639934
21397411
8019038
18645657
14501387
8453689
15048791
8424404
21181475
8331611
17585372
11441411
19389794
9499270
475875
15539911
7591928
11036121
19644189
18454992
9669822
19696761
15619631
3894277
8432613
15661234
19197992
1112743
1883108
7842406
6678865
20594195
6290685
3769768
19106522
2783939
3407636
15738861
1698526
3024829
11305196
6178576
20423465
11142460
2152956
7804963
314780
17108736
21211276
9646435
6800654
6175406
6547748
18477229
2571942
1740682
7054124
7728632
19661038
21453970
20939193
15199672
7667222
16967412
16245909
1862548
9645495
7037174
20571355
11202196
8452575
1457875
20888703
12365016
878121
19174301
20884804
9617461
19390908
20351352
16504757
3614480
6096517
8076501
14989436
3352772
8614960
15143923
1790147
6432353
16498230
12649103
11106119
1952964
1988123
7762189
16502350
3438782
7597901
2632261
2179783
15114714
12192200
2492942
8918501
6224809
1380256
6408008
6099740
2795897
1627816
8501502
14734902
2428760
15143969
9829841
9007590
10730952
1442758
10231137
93508
6832123
16563558
19940827
17111082
1247083
1729201
11669306
1323810
12660125
2786380
1534728
3168505
16625947
414759
2156375
8490908
12835523
1804811
3266914
17702723
7230613
15753430
7887643
188332
1097099
282448
3732399
4037809
6974611
6609269
17541943
8836787
1913227
2155586
1849393
10798780
2663818
4019121
9167761
20821342
879582
840277
15319184
9106022
2212002
8185349
15350493
3882028
6897092
16440770
10632329
4020408
11016006
3618171
11762613
8145906
12599244
19687421
12475002
11807685
17637511
6178335
6825121
719601
6870016
16978400
11408935
17092201
10708106
10442369
15975641
2684297
7865241
9799383
20053476
1348380
19458053
18589119
17642550
15165093
6290094
7970497
7849389
8944430
6640551
17470451
3382309
17454858
8697666
1820786
9475666
199956
12531288
10221486
2953414
6683998
7768072
9797814
19789875
2573359
2580129
8956462
18669151
15122074
6453646
7511543
15715100
7912523
2985006
6207307
1485585
18418219
16926223
8645046
382927
17764011
12549951
1553906
2260513
1877831
2767528
7532056
9758347
11591541
16277092
921238
6882006
1566014
16325239
11335789
3411624
3341271
8922195
9121166
15772462
2599803
7912524
12494869
551098
16052573
2989611
6206785
20445720
2104665
7481860
524357
14518408
16620891
7582448
20378262
16378069
10428193
2214880
11579641
17990800
12698184
12515634
946294
1149369
2206854
2751718
3505918
8721033
16317268
15660397
11831013
10636981
15598340
1321891
3521842
1488650
20127950
19765435
19258941
16163539
8869906
7576751
7732483
2916653
1468741
19757625
2205743
8614070
12513774
1832587
18417502
11933115
2824707
12856864
14966393
8083711
3725639
3534729
9006795
18669868
1415600
8186423
9607576
17665457
3344450
17013840
1411633
20828803
10638975
21195578
19808951
1692757
10921587
8141104
3958426
1647275
2112053
14621724
11138459
3146729
15877230
18521282
12518707
8263843
2230447
14666628
16320348
2291775
15641483
8563225
9830824
3129524
331687
12001121
9408695
16875614
3791249
17712511
1884246
12586797
3888388
2522290
4238566
18979547
17312783
16295778
7379051
8958285
10873073
2080835
7671099
1660354
22095818
7389203
6956441
1711303
2985416
2284698
8494731
17711887
6198968
12473574
2167994
180844
16010171
46143
17682204
15282662
2689060
3030201
8078187
9147610
2163520
3002624
2022593
7797904
15199598
3599102
583292
6796717
18404784
19296199
8975687
7499110
16284058
8443756
15632411
2949065
20576343
2569287
2345161
16076697
9842100
1591067
19877264
19727203
10385550
9876448
6489632
2910431
3311190
7826082
11925142
9399599
8284390
1851031
8732127
20393862
10647287
7762005
7602366
3543246
860144
2087691
8016902
6615092
7647335
6497400
2557300
3456074
7502498
12721249
3821084
1735075
3182309
490218
356973
6983865
8398333
21706168
6092314
8311177
8900357
9389936
3995511
1727665
645439
2089011
20032789
10435156
16724985
15238990
2384433
2503255
8137464
7097818
3332176
219410
9164206
2575932
3096408
3104544
7531660
15853213
19124160
2239573
10326746
9708641
16177392
2782222
14578684
12355476
3261363
9311597
21597805
3764446
15225172
9692842
3677571
17599308
16969036
4038820
18756458
10946620
6975453
1377928
9923823
8141698
9552042
6419319
1626940
8069607
9521199
3581102
2441592
1392448
10972487
1665659
20160058
2978891
6780190
6478412
19451430
1703118
6512028
8239686
19578850
18241020
21812508
2171793
20107528
10862489
10436355
2291750
1846255
1785388
498150
2635343
11953765
3583698
10693640
7735948
8709630
6777303
2821466
9642510
2428457
1111378
1992531
3543683
1902506
11500398
10404076
10770762
3177254
10855660
15293090
9921970
6211231
7549159
6373046
21378349
10960521
2909757
10506618
885710
10755319
2054792
6579883
15309940
12717205
1311776
12419745
12433286
1510189
8790767
9099648
10847474
19479398
2720696
10861426
10416013
15161783
18650153
7865656
1318698
9164223
8021518
14742988
7454854
7567177
1564837
8459677
1471423
8031166
7960607
12873681
2679846
11984085
6348787
9283718
835948
6882007
22012035
1659328
499474
10770413
8195316
12462029
2256192
11025142
7520681
10879029
3425516
3764444
1636237
19909427
19433470
9233524
3052918
3009000
19688114
21058473
20432762
6752447
7127321
6333972
20705564
8838930
19382398
657150
8995557
19605503
10193931
7307233
15970171
2783980
19332726
2939203
8586485
383486
16606763
1068646
19404213
9475354
9548996
10441167
9150476
20191479
1622853
17002639
9399771
15523024
7022295
9030944
