19428326
8270295
10774261
2688456
17179359
9339959
11884694
3358175
1621232
1532926
16159657
8668241
2323705
8999498
3532572
6999970
16871764
21376696
17449133
15524049
18723951
9537430
8066012
2301994
18600080
15073785
15264932
16404135
19189646
19201949
19213742
8659680
2455366
18762144
3988389
6282501
21945824
21615960
6143395
12304949
1918600
495027
6528336
16085912
15088111
9734490
6440971
20347072
7891052
19573457
8547737
15061027
7774874
15621343
3539410
8898446
21680270
19918952
15512630
10391009
22117642
17129399
17060887
18720935
11227375
16553048
1775571
17458044
16428022
18432072
10077022
12362291
11263971
12263973
3621598
10959814
19429356
11472410
2887608
21075189
16875682
19187229
21804402
6478587
21376697
2419193
14724437
18584980
11431768
8617437
3733987
2375285
12306275
17388731
20306753
21351298
19538168
15577213
2875928
16954723
12148114
21353887
18592856
7774971
7181521
12445413
6253858
10664223
209999
18496773
19915525
2655765
17786139
2206094
20338127
20862390
19636259
11938915
10655263
8037612
6142119
9149749
18167066
8129864
8315863
9641015
20849855
17868431
8884741
9049444
390693
16844773
1608854
16023789
15191160
1302034
2380553
20460918
3814794
4043346
16600545
7639333
162316
20977642
11228044
17508992
18302533
10860487
1528816
399369
8598105
17968292
16185209
21041307
17006040
1874915
1967664
7327386
12542595
6365718
4017936
15354284
19928580
20237010
15879618
8697334
1608275
10816896
19669617
3537207
6873274
1461242
17335437
433949
21172740
8814471
17569205
16083334
12947330
8855181
21251969
3799582
2784364
18629611
10658073
20447340
12873565
18607114
12953920
6693065
11018691
10510880
7780861
21843623
15622489
9245936
7523269
2843124
12734913
20219403
15986510
11588549
12334868
16307179
1868598
18838398
9352239
19349902
14671777
8256900
7134882
8038785
934002
17379201
19951907
12579257
1789355
9796005
8847885
21493051
19067402
6883725
921309
1255313
20668801
19837150
20637154
838210
19059328
8335202
12042941
8406374
16575832
8741711
18678117
9099976
2232920
2001547
11678898
10564944
18186554
19533128
1964228
7505309
19884893
15194385
2877546
188994
3031789
16252181
547128
18541949
15954543
8804123
2601071
16500150
8042006
11943072
21309000
9034257
2084889
1710954
3610016
15253860
6869380
20814791
8347441
1895016
12772529
7166205
21402447
19089343
1895585
6350070
8850288
1587406
12780695
17711488
12774430
7286060
9614458
3127985
1734212
866991
1830406
20037318
16533230
10576373
5488046
20138956
2403242
18705448
10386161
21308671
8952661
6197681
7294949
18401838
15920328
14623915
15478314
6143671
21548759
57904
2500561
12373018
19448994
17603886
6045489
6288507
1870819
3948479
209676
10994156
10685461
12016549
3927062
21734381
21504583
11359464
15763370
8076767
8911743
8553682
3400109
10587844
19957539
2791816
12900770
12171175
20849941
12661377
8938634
2878237
21991580
11913109
2272712
8399488
7534321
1701455
10952237
21977043
1186551
2683736
11448234
1959846
12063992
7927218
1811343
20216561
6108805
1277449
19034257
2571374
2091979
10590687
16216546
19271071
6642784
9395754
15137003
21771673
15952415
19830234
7825991
15848048
18007555
3481318
19148473
6330147
12886481
16155476
10547896
11483372
15691592
12174919
12794718
9455358
8627795
12046390
1105671
3009015
10440818
935482
9773423
16602702
21733089
18488414
1489223
73741
15221058
17261137
19422907
19245178
3531457
17204834
10385654
19208039
17965741
14750419
22069473
21596082
18781950
8438849
20658280
7085917
6453414
20215064
9873093
2979781
20919557
21501038
2253995
8615370
20584230
12510856
9764966
19525847
20872961
17236122
6208447
21194594
19824117
19303156
8677084
9348725
2673820
20843164
12574630
6358739
15519536
6775441
96284
21276380
9468033
7780227
17032402
19460291
11399444
3351601
10874271
7970595
7058777
3125965
15450007
8632708
11019611
21225204
16720710
11911340
3596458
16706681
8531597
7752803
20307637
19355865
9515756
18071835
19381505
608978
9075652
3969310
18264991
16865794
20180236
7194515
2103140
2957133
186092
7076074
14640044
19936245
3859140
62098
16452064
21623661
21699779
9732096
10417056
9104052
204039
10971032
19328801
17092430
8884343
17050215
6439822
12678056
19141029
12145877
10805043
19248187
19841684
1345728
8361861
20637853
2587456
19702178
8693546
15495255
17884235
15852491
21778495
21478040
21726099
20818747
3674740
21048845
12200079
3568459
14558177
3481140
7777789
20158286
7158592
18640524
1841823
20945944
18954954
16322307
15094305
10859698
12235859
21625948
20041433
21963560
17097984
6457515
3793956
15758665
17902213
19405932
16841368
1084941
9773427
8282263
2248862
1302750
16294367
9785362
18336657
20460864
19034259
19932590
8723322
7524830
2254635
3021363
1994728
8694742
6226676
20190728
7541542
16504709
7835919
2918187
12916065
7523226
21111999
17611583
401006
8804379
1283975
2773571
15780051
12107644
8713689
3884477
12693340
9494683
4086751
22087157
21894094
8835752
12482944
1800493
8692789
12353383
10946620
11198060
20973886
17558066
8658040
12088526
16010985
6409994
15493123
19429383
12064792
15697176
3021068
19889265
4085152
20645741
3744626
1086310
19362523
11076403
416244
20372002
17174337
973524
2026468
9720454
19689859
6624714
17229241
3340432
1864983
11436572
12676121
20135717
4063230
10340639
11269976
8157784
21127934
210103
12717402
1802216
12233297
11678897
20227033
3998945
8891523
9842443
20424579
16953062
18301268
18271663
7505485
22131720
19793164
699340
7807619
4573005
21211364
18032466
19706994
8676974
20414942
6952838
3062732
11297858
17969053
3170086
6344102
12021244
20010382
15566775
8163691
15125378
19638078
4217804
2862880
9059996
7788735
9594340
1638309
7286896
7719415
21983984
7208890
12057048
14759316
2191234
15701301
18317603
2337063
14604067
16034092
17667055
19072831
3402505
8678521
2533067
6171874
20399157
2081480
11978409
16856963
22014261
17980527
14702553
17073645
19418558
10973928
6261496
8721830
10500955
15926860
11956911
1323353
6240546
12120808
21858981
11776794
8038768
10403743
7014583
20739078
2062949
11138559
10645529
21108596
9709083
11813631
16407792
178472
21428459
8228924
