9187830
7971766
449278
21142608
17621614
7789400
21239605
10481384
10908151
10564937
15650396
8131513
8903597
16635093
15958861
3118653
6857177
10471630
16866862
16083277
15876300
7757880
17369033
11790894
1623805
10530581
8880098
6513429
15743749
20672238
17457265
15999163
16984020
11734067
20081753
84881
1458681
9333729
15113104
12715332
8133349
9656787
868858
1655212
22103854
18654917
19021898
15640338
21880210
12687504
3041500
2959336
6482066
21172186
19039631
20442436
16858010
8969736
8453219
17372189
7256461
7347953
17255566
8676086
2688171
7513612
12796054
12574693
12765431
3038559
8087132
9864022
8192242
10415291
9623679
11076792
21884341
11193780
1975613
22096366
21642246
8697838
15467318
19924618
8138663
16998687
12580916
16386921
16926645
17693486
10147541
2740605
9893038
2450604
19672092
11307741
1873102
20828716
9354455
7375238
17934114
7268679
21808496
931179
12843406
2003311
9337532
20477191
16617093
20540846
19944562
15764076
12722325
12633743
9127507
8507597
8258247
20884725
8748208
18670862
19444550
19211279
11174194
11200078
9629547
15078004
6404586
17620004
15477284
11593363
12457601
10394306
8649176
2182274
19687212
1843920
15373196
15454354
12534123
14511257
2740596
21295074
18075828
15203091
12172449
15233502
7602850
17195135
12660007
19124347
1527408
7491549
15852339
8121364
8564106
20819769
15814490
20509966
18001162
18446484
9223556
17266580
15006833
1895592
9857653
10334145
8847139
16101523
7905953
9378980
8087357
11727267
1758200
6746904
10596318
12797299
15951573
18355765
15499065
9181054
8177967
18626600
9502405
16995416
20356986
15652807
7955966
19960788
7904001
10718843
9351620
19590842
10738702
3509863
20329586
12201493
17496165
828358
11920363
8367859
3811140
19324956
19010214
7166467
2049127
8005259
15699785
6833678
2080686
11509336
11789718
12219674
11757443
17107859
12721718
8342897
9877510
20459696
17392318
9235457
11746542
17259811
2182275
3689716
18209484
20732215
10193374
10477625
17493448
8266158
21245630
16457010
7843079
2311980
19658317
2437628
11810667
9458996
20204179
9661679
12016001
14674203
14720639
1410303
1838865
12675521
8994529
3915551
11192552
791334
9396654
9001320
1428804
19591778
8882087
16003686
2633332
11912197
10898090
15577580
7190361
19262016
19930559
1952435
11814275
990163
8692658
19221964
18574287
3765706
2349219
11176868
15257546
8908848
12800053
1801675
11584173
2117101
17044926
10588992
3445646
2587402
16736215
18941502
19396378
14761596
19147707
1643965
6330175
19079662
19841246
8419438
16457011
1316762
8989163
18291078
3832434
12867315
14969575
18757316
11899243
17074920
3298194
9090028
12690125
8965393
9269329
12494460
17718046
21418734
16518868
17600315
3231907
17979604
18317433
21974901
8260662
7567212
21668038
17532472
9735975
22041877
3237446
3894017
9828853
18990961
10773942
3422189
18087634
2920586
1370293
7886577
22052933
11896467
1989785
2218004
12162437
3890990
2026243
1805614
19844720
20581171
9659525
12450935
19309351
21658546
7563996
8893380
14680096
10028891
17362325
19649547
8141138
8584319
17235312
18216050
9374111
12475802
9579763
8183872
10430329
3099663
16545093
21699935
14646272
12468070
16388713
17575080
7111710
14985557
9357851
3544150
10150487
3081573
17717200
2806510
2296566
1484943
2824112
11424036
11884617
16039926
9312782
12215870
18001532
11589356
15182251
20032634
9227008
15886404
2494394
11451879
20518797
1972576
20456933
1501266
9780295
21752883
2651128
19124361
18707849
10798156
21297154
11419323
6234522
2547562
9176255
8389393
9489873
8821997
8769489
14663932
10524813
17874220
10201943
17203191
6970300
20477275
626817
21659416
9618390
16941014
11887493
12832674
7561472
19429775
8252961
21637367
6860655
6630527
7952603
18974433
4983353
1683194
6496819
20219017
2047830
20415716
8677790
19355880
9137299
7656959
7904005
9834131
18177233
10334720
21534893
16088602
15001115
19331546
8539199
968469
20483693
263489
1861272
3876795
15223866
9311513
14565963
15986983
1392439
18978139
1359782
15665032
17379996
12195834
8384710
2106387
15242847
10949149
7871967
18625343
6545785
10885429
10771023
9927348
12689851
1516218
6913453
9182353
20169073
19075981
1167493
14762683
11510148
7917306
17070777
18007984
16772390
20032019
12796179
11602907
20876013
19962024
10773917
8145011
10960493
20599030
8496037
16740309
15526520
11936540
17333393
18249579
17885266
7127903
3324759
20721780
6363022
1478021
3201979
18041691
11477198
16513595
436115
1513974
1536047
11787665
15352956
8361018
18158760
15219110
