10920923
20609236
20922367
17762349
12756961
9158035
12034925
12742204
16865950
1537635
15777510
14714712
8622067
3287819
7619219
953961
2474369
6975028
6744277
14719106
12463137
11836719
3455733
832246
18637438
9443414
6090621
14665950
3089993
21870705
15816695
19592015
20566745
10721808
6153619
18387990
18516922
21528279
20859131
6212114
18219892
11385250
12040657
17266927
12100573
18577748
20938625
15362792
8286203
3922614
8150697
21471822
9505943
2910415
19956062
20033812
3707154
10408540
14710881
