8150353
1300187
3239582
1301324
429194
17131799
2265504
21362356
20000010
11199448
2801766
11807860
20890815
11558636
8488406
6766571
9684022
15312583
8504924
16717394
8332007
3591458
7446115
18356126
7224911
10752810
12769603
1331974
3761423
11364695
9164144
7536446
12664015
8174318
20733499
18810150
881784
11517505
16529072
817087
14614205
7701204
6154779
15975723
9106347
2598546
22021883
167130
20435380
19497752
7323794
115407
225724
19565446
17582362
3196498
7102257
6241013
11585077
1993719
19236804
7093064
49796
17512648
16902153
267557
11769870
1327797
21982470
11060558
11148244
2738608
6379276
8198769
12845451
11484534
12715034
15056993
14986533
11424841
11407293
1896713
18494296
10885338
9069697
3914413
9850762
1934767
3337959
2060240
21876068
20376789
19462374
8879653
1438610
6417558
3190934
11988907
1330858
2800820
9856563
2488935
2743680
15199756
10209167
8998855
9447612
16585051
21522131
18817317
3977387
12136469
1873056
8782832
9149074
8792368
7711509
20514907
12682857
20878557
18787260
8925786
11973849
7036593
12473946
7237944
10667293
8293490
9503978
3569369
1757938
18282207
11429026
21242491
1936060
21154305
18987258
19863767
1929979
6528207
11851906
17037623
2073029
4323310
8312678
10392752
1499522
14664750
1177986
19690420
8557828
10402066
8280022
11676159
10201284
18050060
15269657
11844988
18538551
10478586
6881662
20352624
6290200
17611631
15935608
21572644
18401192
17337196
1963731
18666051
2879699
1657481
12134278
7642658
6150321
7557046
1984036
19018744
20439595
15721517
17867609
8365057
3139844
16791378
11154096
1333928
159485
9452815
7477059
8196713
2945526
3465179
1889330
21695355
15675995
17486516
16475135
10639205
16488246
11907503
1583521
18450370
16446645
3952122
6678319
10391077
1490316
15997178
8736137
1066700
17537383
18293055
17868392
2864989
14751640
12954882
10526081
2047612
223441
3049497
9106350
12592781
11391251
19283467
9146075
15931037
15086282
4022357
17643989
14570293
6504426
21966016
9858109
742545
1657478
3678709
12013201
19131232
10374013
197596
486261
21420279
12109898
9567356
18379217
19915429
2663969
19115676
14529138
18450204
16608626
7556540
417365
8580729
2752646
1802468
6810653
1681586
15552936
12370650
13679720
6167743
17385558
18545831
112540
2510293
9651950
8815157
2595348
998865
4073802
14513182
10779409
14600995
11999976
2101937
8679044
1667514
20681263
18562007
18651971
1679710
17397352
15490412
3558745
2697626
1420405
1813199
9201340
3393114
2619613
19227892
3115738
8368036
22126791
449537
15307599
12910969
1263994
10801141
8332112
16621916
881189
7843965
11840667
8878749
8303474
6951476
6532379
20615681
14511354
21155054
19635290
2752666
7653797
20800519
92675
3517721
6690616
11004975
2287967
812604
3169170
12886545
8737936
2551555
9591451
1086168
2480768
16025284
10835940
8521643
6497732
7114003
12533088
10211352
13364680
10436972
18383650
15641596
15192173
16541798
12682504
10613155
21734070
16995338
16023755
17260325
16022469
7374233
3527390
19592060
11889613
2289321
17235467
9010714
8413368
7624274
3707033
18033989
1657477
21279257
8600610
17384822
12199951
9816704
2103763
3942375
8065390
11872407
6677978
3059092
10951847
12929856
15531051
6867880
2612492
6688609
10663195
11207644
6498541
6250921
15856365
2926439
853222
7197132
1186969
10441997
1923356
22032472
6648056
7611559
7833192
21448528
8448042
7351727
18400651
20485962
15624493
21479520
3859203
19000546
10942065
7718967
12162219
18490026
11100367
15168159
1521554
13872107
9582706
2285087
8777804
2282884
18594746
7534017
15459538
2760637
20368946
17055766
12014847
10705074
6979999
906885
10201893
20717748
8976307
1683396
11925947
1914322
3768186
1276539
2892741
1753513
2238169
15280521
7826714
12928133
3125627
19746879
9505943
7067758
16971255
10816991
2347511
20922944
1483054
10500951
10090550
1630020
14672515
3348538
8583719
7834953
12746665
8807173
21694643
6464298
6723079
2691166
19110521
9182902
12684997
8888538
9213170
16256299
11103442
8370203
21872791
10208283
17715463
10586225
15098362
17523119
2387263
20385254
830633
1859301
9270663
20870548
15508264
15018746
2437744
1343071
21892408
3508670
3492886
1120735
19829158
19868110
7836951
10924270
3751156
15355663
1113739
6832497
12545423
9105166
15926788
11186910
3594992
14726858
10502832
14971549
17206397
9609076
11248459
3793508
1821925
15714998
1802470
18312085
15909391
6945532
1458727
8137223
6269277
2178086
9879093
3766905
9754878
12705795
1141957
17098308
19127114
21516509
14516402
1261713
17511908
8821490
9205515
6330854
9491337
15568485
3703893
2280088
12823493
1822355
20864066
754253
20001486
19330338
3281538
1182488
11922659
14870575
7916283
19333909
9601442
11332188
3205374
11302321
3824876
1891892
16466458
8351877
20882352
9462968
7836911
19347027
11033500
10323316
12496449
8767564
7350247
12018645
10546742
2103764
14997943
18775632
12735205
20100232
3061913
19855317
804793
1146722
19099754
8253442
11489278
20162870
8578374
268657
21498943
9203710
21048925
16630916
11605927
20733590
17005396
1011021
1974210
7249874
19674621
3970424
8922161
15622674
2677830
9133110
21775755
21267822
8217404
12810984
11554022
10768647
8927968
3135192
4616806
2620241
21743143
1804374
10584263
14726863
6590924
1807226
15069169
11578548
8289701
9840747
906794
15909088
13489495
3742928
16906399
11331614
16750880
10502993
17283432
15560702
8899
7404570
2557182
7725894
8887955
20367414
1786656
18232329
2297172
19569283
9741196
20346067
1469182
2173651
17379360
16841721
6893384
6773450
20514921
8486913
8741141
6998254
21390167
12062259
8392665
3322184
2797428
2783741
6520619
15373379
7436538
2089736
18289440
8390605
16313267
16543540
6609086
7290343
1407391
3325069
219703
11522807
15546587
10824462
11140938
737522
7892958
7719141
3137011
19870127
1140903
11808347
19022636
21035395
21485765
2711605
2279364
8874915
9708610
19364297
9118816
22012042
563651
12920979
9088066
12017751
18767337
12008755
9565231
10214893
20635060
5015293
8124882
17882738
10949062
856366
9476642
3670619
2243032
15122445
3694204
16236378
12355865
10037078
17977409
12235840
3341859
19492423
19604781
19211217
12161705
2612104
8140403
21808505
7075654
1401170
21889906
12015220
14535050
3515745
3866172
1452810
3692883
7079853
705977
10574582
16900928
1893673
9074392
20118524
3800623
21548819
17967277
8521632
952203
12082647
16039022
12682856
3170793
10677931
9019853
21075579
10222457
10338251
1732755
9264620
8124878
12951724
1353861
2364629
2193978
3168273
21687926
16881554
2036894
10957785
8194561
9785988
21851729
8720838
421526
17029109
6240878
19003770
616607
79648
2414108
22032508
2178865
6848309
19934601
21143903
10663900
15848264
8356289
10077905
16753970
6518620
3554879
15841422
2205434
10788839
9932959
11753152
17145565
17422198
6252631
20009114
2233456
7329772
8033970
18548937
6095143
2805519
16848100
12739036
11817004
9608560
14753658
12756141
20142723
1763665
9472914
9107222
15639197
11167293
15467799
7711432
10705936
12419647
11456284
329471
7839074
17621476
13523131
11301701
12438487
1459038
18698612
810712
1320515
6622293
2934518
17564782
1449253
9859159
2969407
11205075
9680026
16775374
19704366
8116368
10091132
11231239
7168482
6860325
12124989
9391889
16917406
3202716
2621589
2036791
9188146
10091130
11809096
12161529
10210916
10935041
175395
2432086
7013854
8158214
15953136
11676157
16415656
2689836
215927
2838897
17063841
1951430
1757939
10969520
16318371
18033046
7685805
10540868
11541209
8679819
6471781
7638454
15050796
20058731
15886126
1181959
2384323
3547006
2268365
21764407
10766988
9705863
11718286
10586229
742352
16088433
3426858
1297548
7189935
19266144
3107495
15080214
10193591
21756318
2913730
3009198
4220398
1668641
13760265
6426921
6768221
6800334
19999395
4063293
10745041
