7797217
2947145
15131588
21418694
12555468
1297849
7438149
11989493
14696953
18664035
10964142
2860773
732745
20384453
2958816
3039935
3101644
4068041
16680205
7860544
2977176
7696022
10960896
14965340
8842417
20550678
18538048
9797521
9772953
7363818
4145234
15320757
6540152
7999416
7140005
12798827
9021113
4061105
6084780
6038025
8230084
1451157
3137073
8401743
1638576
2541258
15644020
3391184
17236465
21808398
12603498
15310692
8869116
7019766
2706038
2071254
1712708
6495102
12741302
9673420
6497047
8882589
8223751
18094634
11256776
3732290
7426162
18630621
20505799
15894765
8260291
6801886
21415725
8737209
7709479
6241348
7895238
17506777
2148434
7437173
6627266
12086208
3261595
715375
1674677
17908470
10629436
9771317
22116924
9493008
3536255
3207540
8212610
6467273
2284717
8587753
16115183
531484
3294190
1837116
2850773
17719165
6883412
1269417
15521481
157146
20586899
6779746
9217896
595602
16599898
1571932
9649905
8304805
14626728
2590914
15228464
7553727
7734251
16710292
6457988
18289939
75442
215989
7299529
11603075
954368
8311349
7613932
18006466
6971648
19725446
1737669
1486590
3394484
347722
11988642
19793765
18483073
10731442
9643687
19336536
123483
11792138
1396820
7646261
15626351
2199347
17201736
15020512
8174163
7105091
11739249
17293884
12708743
11221449
18534677
10556930
11887974
3618253
6130296
7193039
19608479
10949067
12914731
7184347
9176017
10371113
8864791
3606543
9074687
2965562
12107720
9698026
22117971
7782136
16922165
10208312
15817607
12694783
2422466
390737
18067781
2526449
2743080
2953286
12162941
17913610
3159365
12100002
2887944
1215163
1473735
6770778
2237851
19897460
1489030
17446808
8673758
2372656
7639504
18410551
2350969
3875960
837845
9587447
11934343
9747432
2937513
1941881
2481166
11928764
7457270
17353080
19909589
1000981
15476437
9663539
1612791
2975926
9706311
8088391
3311003
15020520
1378782
2575973
19052773
1556228
17071810
2438141
17968979
15125690
19821319
14963667
12871687
7781631
9369372
475938
6223302
11430424
7447897
2590593
1661893
16479887
8133127
7903244
2695219
8582377
21401459
17967825
18378191
8829937
20812386
10350233
10995414
15623494
2696522
12647912
18682407
7222906
8292502
1759896
10075141
3994879
2889204
15003980
2976659
8221762
1631979
18296493
15023100
10824869
17171529
1464345
11744010
1976519
21875855
19471757
9921020
8896849
1865166
17620962
9842410
3929733
15016490
14706107
21600275
17692839
15845170
6871900
1747285
11505892
19918411
20229055
2354102
16081489
6244962
15049881
9649927
10673543
3652098
20415701
16822268
15680000
2879430
6418244
7934540
1597223
17633978
2312199
10094179
20666282
16980720
689492
1934944
8304242
9629828
10457806
8262086
21840883
1363918
7151100
7970441
11998332
16352148
6352268
17439938
12110615
21636627
19582981
7970026
2967085
2298522
15638742
8506663
16311356
8169153
12710645
9853343
8869250
68026
18346166
8387271
1451155
21971020
20188018
6639817
3115779
18493734
1867950
1396825
9891834
10411661
16627850
8281595
18069601
9828917
2218989
14636085
12574972
9764438
11942008
1464126
21265827
14660029
976253
2553194
12554602
9497981
16700825
10443323
7582192
3130005
9158271
6977957
15900893
7725887
8095624
3966959
9949788
9014794
8252593
1893068
10919418
8024921
15671045
9557026
2815606
19949476
21701523
6411342
14508188
18329
3142391
11417211
2702969
16046336
11422577
11461095
4755185
7743578
2262224
3607804
20590618
19581103
10655929
2663413
16259786
8732373
3260177
6723695
14513094
9771322
2879937
8913715
8119754
12444374
6135840
11152249
2432020
19330749
11559675
14530531
9706010
10422641
7796446
16216865
9072883
14508160
3342147
16904836
6085241
810104
19755303
7756064
1655149
15733759
1758830
4070120
7658777
3243303
12604936
6786404
6722621
9772967
8296391
2100061
8011403
2269542
3436358
7741482
3443131
16352177
10213347
18089541
17764671
1486911
1687119
3327694
17204035
6127891
15474696
11576155
2418635
20149727
11939992
17285859
8862961
2559668
10235688
10421995
9717059
11505203
8925807
1417403
12238027
9785071
407870
15585985
8461231
8420785
14725031
10856869
2129231
6499704
16430668
3814056
19656780
2629369
3092762
8576789
3364273
17997341
2668006
1804630
10358398
16815856
6403204
19825372
730123
17371601
6149394
9072323
8174157
8458030
9651558
854036
11736772
10808735
20669821
11117225
19907882
15144992
9617589
12172708
1655353
15337126
1290388
8262080
17375891
2676222
6740447
17533579
12540519
18430565
7629479
8208678
2527526
8571042
17439420
18400051
16869462
15248449
1423428
11491185
10596203
12366385
19022616
22117960
7913371
14560349
8905708
9645288
6125808
10573494
2563910
20156880
9930039
21112897
3015489
16117735
7534216
426960
16923742
10830080
3102696
8106163
9834638
7606750
8035725
16475433
2533414
8321643
1628158
21556451
1676940
1554539
15460551
19266261
2532958
1175186
3976316
2590924
15460545
8871460
1836872
20409074
1782943
3706050
1467828
3665362
12829722
3548475
9648339
1470419
6129934
17016338
7027322
2988289
18390918
1788583
938438
14267741
7641641
10028938
20400340
2886171
9796836
1755553
7032554
18447405
2580684
2410739
12628560
2150039
16644038
1354274
8273890
8288408
1975150
12964887
3653128
19136757
2361172
1590652
6615658
10762450
15535502
8960449
16382246
15615796
20494902
2885168
11524041
3720777
1165834
14609303
14618200
20225395
15854141
1505550
7921626
11334691
18584588
17331484
7923277
8719812
14612163
10972542
6137600
7516861
3567459
823887
15962608
16055495
7495679
9487328
7786146
21216826
518782
12533386
9834834
3814449
19296018
16860832
2833226
15212189
9505863
3403082
17331963
16978304
11601837
19542238
8829964
10422523
10517375
7800255
3498394
9164316
12766717
7913337
11566253
2011842
9488200
16824632
12638039
8963697
6687338
7967836
3272217
3720230
11728230
15004953
8489860
6339199
21856480
2897905
10433502
1806382
21373773
12152839
2995035
2791178
20411463
718241
20233176
11753463
7583454
3128238
17618829
16081305
15310478
9861310
2651060
1635072
20736227
16945967
11124921
8795497
7745110
7514506
1861344
12914545
2943379
6804193
19640931
21986727
8505177
15479316
8111779
9712244
10747211
7888465
8221800
6881905
6437422
1806375
16235330
16709421
11878517
9283116
11581338
10087250
11738785
19949648
2203397
16677435
667538
1798281
10477254
8919894
1426792
8052752
19207715
21897229
20380652
665976
20560897
17629183
3810340
16398668
2810845
10700781
2208208
20699305
16352110
8370373
3012099
18695426
1830552
11227591
8181042
8882250
18088077
8138342
3451885
9585861
16497686
10687344
6839985
19687741
6640558
4052277
8282441
15961409
2353186
19691614
9183425
11060818
2390590
16305450
16720691
3594082
8281968
9183612
15346093
12160959
11683676
9135357
15954986
12149050
3246261
6221435
7104804
1772676
11187167
6518345
10608474
8760653
15030128
3627531
9709399
10522423
3323537
1289219
7544690
1677371
8856168
3026702
11724665
18956158
19167272
15056267
2075641
6610435
8490955
1855244
8519013
20466824
17491241
11181418
894902
2318229
9179391
2695336
11582632
2257758
21864757
18223317
8101254
16755195
7487304
19471924
9891758
728033
8260275
17876191
10493847
1512053
10694192
20588213
9092398
10963824
12208222
2882705
15942415
14584431
16036532
20021144
1718699
7859773
378729
8796115
18800966
21384786
20089074
17284166
10382089
2224926
2699811
20519242
6224501
9413700
1211215
14734370
21632883
10364988
9548195
9291647
8037995
3188981
954016
8556938
8432277
7652964
18343196
8545429
8174578
9402450
2545885
9679164
6487902
6433026
17264774
580489
6971093
15191073
8222533
3920988
2142082
7052041
6671041
1290042
19112786
8840054
9771324
6373285
9288374
4943606
2691949
3246258
16898878
15727092
3652110
10972529
3304367
15648301
6457615
6442888
11890646
11285761
14666384
991166
11756202
11811374
17065171
16914484
6681978
7481038
2268435
7481039
12190963
3996243
11322869
9706821
16292626
3537319
11772326
3246237
3271603
7773535
17407830
16741854
11104363
15177227
16040636
12134975
10536962
6791517
8298820
11432452
1852993
2194809
19296814
6616139
1576355
4724832
19783842
15523262
1694427
14995002
11725708
15102398
3224352
12193085
7934330
1618211
2864249
2481167
14646972
7486276
18447401
10416243
7711435
4280329
7260962
18472943
16352195
7437189
4549502
8829963
1296343
6275992
1973098
1968170
14687091
3246248
9253570
2039671
2471892
10786750
1378783
18187561
817682
8697157
6481813
1218739
7434300
20149728
3110658
21859697
11456034
2968909
9301395
1839440
9578355
2889585
8745289
15592951
3902672
9817793
15610070
2881899
3130015
12627998
20919993
18524840
12739155
20479075
8849592
3756057
975630
1666019
17906472
11773471
10562479
17633312
10917075
10886034
7491176
3389169
1676965
14504145
8349377
1396808
15670093
14648418
10767718
21733912
7904445
9713087
69206
9347267
3283061
2883396
16477178
8913673
882843
10792558
2720297
32987
12868787
15161426
2907102
9495078
1505561
7072927
11094595
6798584
8817111
7473527
8396037
19487408
18490282
11351777
15301895
9559890
8789306
837018
15915280
15685207
1953527
8519164
21039347
8733084
16425797
16375984
3137065
741202
8111793
7887099
7059399
17019814
2184913
16902886
7912763
1106851
2970388
16049253
17496363
8869858
8944584
15683090
9466032
16690706
11032698
12354174
819021
8553591
8536293
9061697
12074632
3390648
8064654
8458031
16934826
10386229
8153143
6889939
9452774
8763649
12793095
21741985
2102026
3358881
19010810
11883378
2106863
8024388
8963696
3372084
2872055
17612746
17591129
3665738
9133182
9463634
497491
7784303
1666430
1279839
2697564
11836733
9194082
1336853
8285826
19022793
10836604
8324792
2346952
9749181
7737215
2108634
1794145
19317291
12555598
9183048
8141716
14724693
9813568
8774164
4042375
2862980
15933286
2515964
11986897
4005899
16339809
20164119
10627877
21211740
6547068
9314203
7503616
21196443
7826780
21148653
12914358
2951291
3621821
19350104
12006919
8228185
21933225
3190657
18084975
16379323
1449346
12790209
20406766
19329418
7952861
7858850
1378786
8156041
7489419
11437762
17646775
19999803
6600393
7588028
19178768
18722678
11255854
20071326
3330525
7590130
11403730
19084422
16954456
10364858
8818753
1957549
17164488
16013692
12437628
7701369
6849810
12487504
2442982
2183696
1894296
15989611
9846446
9524008
3814448
12137644
7842460
8304811
12181303
2876763
1467835
1181190
1919425
9458449
2310651
17905751
3936437
15610215
7999498
10456285
1339113
8415486
15533106
2720309
8341192
16008547
1804638
21228427
10995410
6107176
10499557
11336619
18590591
8404939
10758386
14687101
8432280
9890406
19827860
3891396
3859194
9219599
1182734
16245957
1804631
8508854
9799893
8880045
947338
21454341
7981336
596083
81364
10365287
8856712
1711967
10638103
8889428
2478245
8506189
8660263
6524284
18376003
17486918
10962113
15193832
570337
19606047
11028724
2196368
1515287
12389062
10172026
21095648
6100879
1362226
17608098
19324569
8595628
12049623
15811883
3672422
3792358
11922443
1936757
1219113
12648032
16340399
15320695
8994999
12193089
18392822
1718695
157148
7727184
3256432
8472276
8257777
9118166
17469324
2627465
1942094
203397
1341205
21330313
4301582
17916660
7315177
2106748
8680726
8198882
2690909
1924074
11034624
20590644
21422102
10602341
8800982
15379763
16379100
15595927
8933850
18326408
7671284
12790210
1318204
19280769
3304371
2571423
20093813
10443513
15991502
9170622
2935110
2240534
6208619
10722556
9156367
14645700
11463411
1693311
9155608
8184288
2954572
1742761
18370507
7864550
2194807
16715121
7690320
3679598
7068911
12945213
2647761
15320800
1866402
17827562
3622315
1759890
6743534
11805848
7605832
1071646
7640814
1642934
2076489
3423204
9785067
3814923
19509029
10963724
19584737
16407472
8508865
15648303
1964642
3046882
1593462
10206385
11573520
18827581
7786116
21080980
8090694
3779493
1529795
9832385
1396859
11221279
11703237
20574631
19451833
11116286
3207985
8330807
9039752
12500602
8313423
3539614
21686547
1778201
19239414
18038147
3256431
804887
1600982
9033703
8093807
843059
690319
9489868
8785154
9539859
9158124
10859670
21535085
20308194
19102436
3267481
17594738
6633407
3955284
28135
9403280
3484559
7553993
508472
2253291
10879627
11136859
17906471
17686802
7333104
8665372
1289094
19666461
21169294
8281960
3396464
2690907
6499863
14679672
21309057
10376848
8370238
1201571
8181039
11164441
2697314
16479958
1354276
3442089
9290409
3248108
2777298
9617640
2972543
11756211
2403312
12025711
9152667
15335468
8909816
1472967
1818781
8787108
1772940
6414705
1031664
8896857
21087561
10918553
20489058
1379160
15246733
3673161
9597406
10774292
12691437
18454170
6151892
3159368
12193092
10908257
19251721
17575804
21933824
16706126
10983731
15292771
2716065
16231581
11032693
6333914
7585835
8886498
10648483
9568347
15687510
12596580
17892614
8198884
3151053
8886491
9951056
9881235
2397134
12362177
8273875
12092163
15513324
7110966
2328519
1793697
8874905
2057440
11794981
20413446
19285278
18460073
2905912
11296460
11350272
598210
12140902
17526905
6401366
788730
6286027
8868976
7904444
7467122
3929723
2448489
12620511
2114291
2310720
6191139
134743
12632883
20590616
16878717
315784
7816382
12804926
11101194
3007160
10952837
8799005
2201447
18304413
7606748
3266746
11255859
22090220
2071976
19147652
2906020
8098371
11882441
14618037
11883154
2171534
1892568
16236569
8089850
12667952
8960447
7954621
2055667
9152664
9396877
9785954
17689732
20669820
2234861
2071252
10475726
20534067
2727617
8358559
2559806
1416005
1300954
1464338
8313425
11686668
19270037
9411408
20942243
17999560
7254649
7694690
7625164
15033848
687488
11399252
18843078
2639668
9288523
9861311
17652702
8522397
16264360
14963507
2731478
12468054
6487943
2510695
19474056
2474346
1389717
7840398
9207419
2887418
2445406
8960455
4092370
19703374
1782950
10596907
10486628
21905576
8523905
6682664
3327932
2547486
6613684
8258663
21744696
10728384
8297687
11811372
2188838
18978363
10949060
20228447
19534829
1582859
16125756
2163844
7881734
18222959
3289781
20106842
11270686
7516001
9088890
7578856
9416433
17537155
19815432
1333637
17357474
21556453
16216767
44139
21194825
2875884
18385263
3451884
8198888
19120009
6732989
1515290
7953502
3878152
1286013
9429846
6146570
8704533
1638574
16794097
1850682
12028508
8325312
15382458
15791442
2129022
7432669
20833463
8025909
9458423
17724834
1446318
10563030
14583985
6351043
12744019
9747446
9049519
14980008
16404224
6860512
5115568
11967726
3609050
10878704
2317414
1567532
2806288
16645411
2932132
9014793
2815394
8506671
8508861
8813547
3952442
6883406
7702418
8039268
17469045
8392130
923260
16575111
10420020
12132356
8775098
9776347
19744947
7744101
20038512
3157225
1156468
1600986
11428383
9072390
7388862
6113801
48383
8705756
2025480
7509258
7553750
3073767
1934203
11678388
21320264
3966960
3149935
8258277
6496003
21432791
15733768
12024910
18307747
11508359
8571040
17317313
3208781
1494408
16768283
9764054
7818960
2410737
9015403
12555379
8363027
12917730
7901020
9483293
64647
11410190
12442928
18243722
3929716
15204237
9922816
863146
6968877
7786134
19710071
12538368
10952490
15813421
7371540
2066917
8130019
16288612
20016896
2891199
11181428
11375455
20081676
9415303
21113057
1449451
2111077
9761440
11400155
19175358
11296464
7077932
15339855
2008686
9322722
2931318
14653054
2444803
8221801
1682501
7851469
8032610
4015011
8221810
19012955
2629318
7586108
3143328
18086064
6488233
8451624
18513461
2782163
6767539
11151781
922260
19133985
11902808
10825
8073644
15034158
17005592
8881511
21061122
17670617
9261645
3190957
17125651
15233620
10874699
15771118
8846802
8335415
18400877
16387812
10413640
8287419
15388560
9814790
12193091
20413381
6526046
9879871
6617683
9187505
12799922
3709066
8528554
8886495
16210309
7606626
16842816
7688262
3929741
710279
6860516
7582190
3207981
21365587
2189463
18339609
17353077
19664189
7979484
16269231
9228447
8304819
2188840
21301668
7154506
19380418
20359259
9884850
10529325
10027582
15129710
7093097
6871902
6421078
15618046
16250280
14472482
10386421
10721446
10394423
9375989
3587799
2872003
2251605
8809517
9555180
8785145
9505772
21371449
2958280
1359816
1461869
6744360
7503621
1449347
11801356
2014892
3995521
2328400
1799904
1621124
11233480
20796011
3830708
404
3425383
8510172
9932719
19859048
12411532
16442098
9663538
8960451
17965744
3579598
7378220
9424896
8348578
10598243
16534317
10522412
19719943
21122464
15859539
20001969
12752890
8400930
7728296
22116919
18607561
11299863
11491205
2722386
8182407
16858569
1666559
11488790
11081316
4247117
1740283
7789386
11770004
14611829
1898221
17199219
3119308
11588119
15529022
19299432
3382645
15724422
7547016
1307192
9718720
18499284
2282927
3105506
17629828
6266207
18490296
9093521
10051940
9308603
17700399
2669901
20416135
1277747
10365206
16935924
8958809
19221740
21252014
12494551
20980327
7954631
11215538
2758452
281637
9142734
17556886
6704282
9709411
3652096
8370357
16464635
15547007
11928612
11701592
7614814
8729374
7494539
8570111
10219548
15666481
7729326
1850596
8960452
17318793
17564667
12919775
2627468
8531215
10525527
3488695
12600224
18924024
4067063
17376788
6428367
16431933
1417708
3758097
499235
7588018
7901021
18823334
1680361
6739390
17645051
1465665
9171144
9264162
14871156
11861032
17710247
12932937
8287438
10546303
18022257
2479571
17121329
15030134
20372761
9024372
7698143
8934090
11897848
19586942
1470226
17468492
1006460
6234169
15992012
11028722
16011528
8400797
8432300
7628028
6526038
14555885
10193764
1718690
2446582
2115398
1747286
11910981
19657647
1967428
1313275
1780108
3840397
9681716
17530561
10637390
1267984
6137121
1767899
16842483
3146713
18370550
21093430
15342169
21594358
9480567
20614751
10493268
20122785
19473345
9921038
1489073
7924930
6965585
18396460
17450170
9343902
9559900
12067536
2623851
11603906
6754509
17597524
7858879
9875097
21606045
11206104
8013522
15255462
3814915
17098722
11819034
7582068
539337
19296103
2106858
15246636
7789378
2222356
8593734
11848076
20028694
1829681
7589040
11910982
16549562
3994862
16124386
16555703
9377987
20186051
9875104
20708727
19406868
17890788
16573402
18440936
8960945
12748167
1555615
7517832
1389761
6335343
8593735
3101554
2973834
10672842
17650517
15892764
3122919
17449503
8901466
17490762
1638569
17395668
10323814
1971590
8960445
20505796
20443781
1590642
8490937
17199870
17183025
2550132
8313422
8849594
10838610
1839442
12020170
15070454
14713178
2311145
17437692
12515561
11189937
6684535
2278796
2548548
9807610
11573594
15374115
1652342
3003306
6681711
11081322
2960626
3128237
4538531
19666678
16732689
17541289
4538530
10947891
11751668
12067939
8214539
6130666
1968756
11286306
19921100
16487226
8733086
6437681
11602548
15367503
15084367
8140076
12732278
7569266
354829
6238884
20139441
19727376
6151803
708995
102280
8042763
12435547
1617030
8521883
7941950
10470389
18536753
15778410
2704548
8795313
11350273
11094488
14694943
17562667
2272065
12737621
9289020
9366942
3011166
2807357
8349385
18997988
15882118
2758234
8297690
8287384
2529888
3732289
1907242
2956101
11873770
10545621
21039756
16112964
10651159
11522595
6293709
11237124
14676228
19059354
15120053
17437959
15989539
1389716
140508
12555467
16485741
16753233
9368664
6135506
9183605
16895547
1980079
8487245
1904029
18094633
18842672
1792581
7772433
1655263
10952838
18997177
8311355
9475673
1475553
11494889
2773132
20449597
8497471
19853834
6239599
18156140
16721201
2311614
21533336
2040313
21262112
1934218
2336114
15228400
19215675
8152693
3082237
7887100
7982414
3768213
4177136
17965734
16035322
15821005
18084986
21607202
11929334
882948
7971465
7702188
3248295
17218452
7426228
8571045
19575083
2763475
14535915
11959790
8930561
12611034
8005130
9717036
18491090
7140818
3582387
11916593
17038482
8847372
16793778
16618031
12444313
16458477
19426435
19157172
21861831
7917728
2620687
9771301
10660968
21642242
19350105
18004400
7237217
6150499
19721705
8317691
16373309
7848041
10414439
21785111
21888155
6883498
6152884
10462276
11233880
20087450
4016814
3798292
4933949
11060817
8157762
19950067
9651738
8403120
2280235
3935071
12559940
18511433
16286350
3959489
12666694
20733010
8205753
3246263
8297693
2350971
15779857
9800493
12846623
1623873
12113612
10903655
8474399
21409749
3920764
20833026
6526045
3489478
1804629
8746213
16053947
1828843
19804066
6362477
19122554
12542728
3791340
7744216
7449395
11756208
21744718
8682033
3678252
19566747
8405099
12744039
1293306
9059090
17021485
18691154
10421982
10751957
8923648
12454230
7272118
19838950
15857353
15230149
2207427
7772676
14615273
15159042
6979292
3992523
3622594
21729505
1396862
6871551
19416991
1389720
14975548
16087647
17132281
7498202
16614266
8886494
17305984
11296459
7225713
2435552
8429284
3011165
21561702
21479755
6653129
99106
7479525
1889059
12757407
14571646
954020
20535068
3218911
7621647
9347269
16597267
1751279
19081303
6176800
6723727
2271342
19502287
11725381
11756201
18333149
18656095
16868009
1439558
19081095
12702928
18555663
7739307
3443117
9243152
6769413
7954657
3718793
16236035
3499162
20528842
8737100
18006437
18317804
17696910
11324972
3125811
4777702
4089799
16999232
8143306
15245573
10779098
18775808
9663707
7851476
10564
10440615
8272387
11156582
20442267
7727910
11233554
2758223
2386990
294910
9312920
17445339
8607098
11385190
9717054
18256130
7954613
7818968
8746904
11954711
1981410
18092112
8488992
10541837
8287870
8934608
9458419
11060721
3720775
11853907
3149936
1709578
12916275
3801768
1906781
2763237
19359992
17627881
7260972
859249
15714859
8069985
8706599
9805180
17365975
7407516
16206668
7040777
9043726
8799559
11293225
8304813
9290404
6706058
6439163
7140310
8665335
11494628
7623281
18482046
416800
8262078
3620227
6870702
20352151
8220889
6614975
6407637
6131156
1293314
7627645
16907656
3622317
11259143
22082574
6547067
4083466
1540434
15363995
9580853
21616014
2960950
9777025
2015143
7525061
11353101
1806373
7820982
9152655
10094180
3816825
9637994
11884219
11806299
10958894
11579165
14970136
7842456
9646157
11564655
20811288
12297897
11336849
3408034
3522236
3128239
10918825
8174570
19041875
7883281
16574680
6127094
853602
3407556
8745610
10588923
10434992
3768214
3124832
12667223
1666555
3616541
20175746
8795473
8719980
12832995
10358456
10374029
1322022
1267992
18344556
1878759
19171401
2691418
1751997
11281049
9749176
6369571
12650491
12407791
10436202
8472282
18468448
8538820
4055143
20874820
8140666
15980873
3242835
7680042
1743020
7821311
2146063
20689441
4081676
20434384
5040658
8199393
19837697
1449920
2254717
8043332
7516663
1644093
8678752
19578125
9503481
8981572
7630864
2254679
2855982
18390897
3312524
2758242
