15249631
15320756
7290466
18709686
18500725
8043043
12240717
11228945
2171825
7672674
21235099
7874844
1592841
8531621
6800888
1550303
17224418
9442553
17237591
19543107
20845769
11584444
13680148
9409373
20662288
18018433
8390531
7680352
16008114
9164144
19023607
6338322
20871188
12835329
12833883
1647913
9638397
2486247
8466706
21333089
12092233
10869054
8929232
6653859
15647705
1279599
21044288
11134400
6105762
19263294
1389025
6227300
17407991
8934151
2900614
1247287
12422459
3799644
7620234
7787275
9918342
7669412
7262177
3816527
1375659
2251962
2239260
119636
16608132
20058756
8362305
17689
8960664
2643285
3011258
2615032
6106920
6257467
20158619
15264190
11699608
10601755
2721119
6713322
15041925
12849087
21332244
9872708
16387566
7304644
18361323
21402519
15066944
6396566
2981652
7825766
9334112
20702129
9333978
8409297
17630594
7260990
19552490
9884552
655832
264159
10513851
19021022
16871826
6972166
10078889
718770
17493193
9548197
2469901
1443233
998482
8959472
6667819
3829752
21397913
15948377
8303766
20062757
18098218
21949630
1028138
7869062
21888303
2580135
16092094
7634273
19129703
14705758
6801913
17673498
8458996
3774563
12051123
1355091
9767544
6488683
16173294
12849365
16307360
2341696
2366389
14728703
2748410
17589846
9112133
11904110
15769575
16642934
22080875
3293395
8968706
10916048
12412837
12139557
1683970
21228341
9850751
7099796
8917183
8984127
2327738
3601087
3913501
1893662
7871133
1568490
14597053
11210997
3417623
6381272
11511713
12586992
16893345
18496294
188990
6812406
11269790
11744466
12031536
2467123
15354960
9048269
17263876
942286
17679677
2184381
40202
20610361
1619769
16920207
2900130
7310808
8917291
2572373
7829819
1301325
10750642
7351972
12714328
18474849
11070759
16862395
16149711
17390102
16003676
19886857
7197476
21653205
1320891
7241162
8420021
2295774
10375164
2772350
10200890
10634242
19499177
3036191
14736756
10655761
1677640
12609001
11309462
8840377
11200975
1799902
8403686
7433340
18838645
7767671
21629199
1282868
3976516
18581938
2960431
20801263
6782252
8985622
6406451
3822130
12444538
16180709
8272812
2470041
2569857
17850194
9293927
2180849
2959596
7033283
1823736
1191448
5774
12598949
9613802
6745287
12867232
7746371
12690595
7771953
8617143
12122885
12522688
1974261
21549876
20704166
20127057
10091617
8991395
7916351
19552488
11696263
1466869
1353708
12650684
10391079
17455553
4083271
8801271
6477230
11537153
20205149
7755941
1940113
20194144
42512
21721909
1580323
6824005
11975830
21614256
10435505
11926419
3016405
3758184
7247643
17630819
9629373
10580372
9466167
10614700
9074912
1555810
1850339
8384639
21686672
6126171
1629381
21455414
20093326
12616401
6271827
6370161
3778072
20860753
10879077
11428377
8507922
12108475
15037670
21856921
15554766
6839665
17852156
9467537
15447997
1122861
20586532
10568559
15712622
15161691
11086397
9045028
12480751
7433346
19047577
18220673
10888152
7778530
3343547
10449650
11482743
2605827
15002493
16198704
1289510
8136085
20586740
6826961
12752402
15151060
6638048
15518091
7915714
9467688
1913697
21538779
3909759
6994786
6291825
5097425
17306830
8460965
18551352
9707350
8543976
11307868
1115072
8535049
12269353
2986882
11537606
3998771
8852525
2563274
20696047
20442355
16550508
21781603
6120207
17010806
8243022
6100612
1855522
10791032
1761726
19843880
18795982
2265501
9856598
20193833
8676990
6765485
16809368
12893102
9021651
3544829
10908557
8371002
6875190
3568305
11777296
1115467
7224459
1546640
7433343
18338503
15952441
9817617
18829692
8726538
19371306
20458514
8675262
15864634
9495659
11538833
4058753
8573991
16272210
11811364
6110571
6306793
3968642
20555135
14634368
6965311
12685148
17496466
8707442
2559241
19493640
20409918
1793521
837095
6420517
17941852
20820798
3022912
8023068
11346851
324257
12369019
9416585
7073649
2181269
10647607
7667806
1460785
7550604
532574
440510
19952779
8533518
2232318
11709003
18040905
2700322
18816239
8862222
14514012
2829109
2744311
3480943
9708960
11982738
10699651
9232362
2788334
21762927
1509725
12701389
2008299
2175583
2551916
19882640
6710110
17371906
2804995
2625022
2092964
15018291
15022406
9418747
8444823
3730947
11961396
9892775
3192080
19773080
12053616
3229162
8488998
1757382
15768200
11353572
1619766
6467278
14663400
6799266
11154095
16676655
10599797
14568810
7605692
562730
8212607
10455595
11864925
9449395
11904109
2463565
3066877
7474449
15768201
15466905
12534014
10882160
7925516
9818628
6338850
17062304
2664841
18805037
17028551
7958087
10323655
10037116
1333930
3219143
11205477
8900987
1402772
11194602
7212975
11541049
4013904
15190234
9564205
1417387
897645
11710796
16078956
7588171
8897999
19707571
18063931
10768544
19959536
15986589
21739396
11530027
19163864
18838148
10037111
10235029
2875321
8531059
11772258
6375933
3894971
7884158
7033270
2455108
77191
16621660
21106801
16060718
20922807
17162263
18700440
2636715
3533561
21444367
2104735
1728387
7771951
6372670
3703247
3048762
21574440
8440511
14653849
17612708
15962086
8184962
2908299
21689962
3932470
15813190
17630595
7824779
1958393
7942939
10348474
2031636
8314211
22021174
21939485
9202556
6858782
225737
16096819
15591489
9227701
10749295
3788183
3545042
15497064
1580710
16462821
335094
8976129
1628451
17823535
2854793
10362884
4051460
11689980
12586238
8458995
3321132
17078911
17472422
20590073
2915965
11927799
7224460
6095152
18351521
6628151
2381149
17101845
20886226
14605262
14642204
6312589
12756875
20143571
3964731
2035896
3996842
17965897
7230611
631567
2598533
2865934
6142747
2115755
1376797
232962
9562324
9559486
4063122
9775111
21317150
9370067
2151571
20478907
17212613
11606666
975141
12773883
7140500
2124448
3534866
1915694
823063
7727192
18334909
8897409
8757578
7683808
21135810
1952652
9488770
52131
19624791
12955554
8809373
6131414
3519177
9041100
6794083
21566238
18484242
6114728
17284899
9829163
7677385
19047844
9143472
7389383
9732826
8752420
7870633
21098893
16886700
2160509
21196687
21603184
17617070
1538346
19815265
20467223
21382922
15492721
20204393
7060333
85056
16549383
20014116
10364649
19749680
19358459
360243
20127386
11567969
15876977
7191062
3566845
17768427
12442198
18368304
12036186
6195458
10852172
11897485
11952053
15792138
7971628
8672303
988749
2306747
9244158
9080517
8031210
17163807
9684431
9587084
21154151
191566
3218704
1726151
21093734
11336615
7041335
20830317
166332
1758718
7539272
21343894
225079
11820711
8992437
19353231
17151696
19768815
1119958
10598543
2714468
16483454
18832488
6784632
6303744
7893513
9826316
16499743
19651280
2023776
17372156
7746370
19472960
6168830
21586378
14572735
14582365
6160887
15882664
19227806
15806683
19462821
16808743
2018051
2965079
1795212
17049244
8695026
10805047
19237699
12102461
11568178
11433766
9396365
3808301
8432794
11750253
1000170
1836619
18515947
20207766
15884038
6101302
4066227
18515170
20825929
11761431
20558564
1723190
14727561
3056449
3973068
16316818
18690944
17199559
7025621
15128475
19052242
9662907
11442444
14987204
7477616
6850280
10926954
3379420
18478455
8461551
2264573
10378313
2557996
7804386
1290745
12546638
6726371
17646028
16762970
8089249
9556192
8681493
6484543
1988766
1532534
3027620
21231875
8567995
20859904
21289499
15899953
7848624
1526085
10437819
22001467
17427833
8866490
2746265
6823687
19885241
21122918
15738343
9174900
10423638
9285463
8341335
246413
1546639
8558794
2632756
6633831
8930424
12900801
2093882
3827520
9091692
6822141
1604418
9856709
7667168
17598891
20553892
12427323
232490
9134203
611664
3022582
8402282
20171420
2044311
19436724
3984860
6469434
1389565
2643284
16202853
12577222
9597049
6856035
21529844
15316843
8792103
9255396
18828953
62995
3306268
19765488
12720092
15159482
12865574
3720806
1586423
16324177
20412295
2352254
17469410
19855267
19458431
3149290
2330458
8032077
2582686
19541551
1987257
7627267
7931215
3133573
3902432
1387839
7040724
9833164
1164125
10369619
446829
7018453
21036672
2307091
2400144
10638808
1682905
7070102
12494015
10192881
10693634
1917173
15066072
16327258
2141387
6986949
6818039
9435831
3042352
9244159
3726512
20058051
11273539
12451007
16304564
10910370
3828140
9585718
1867243
2480881
11824858
7152187
16943176
10736822
6338603
12650184
10866698
3740083
15486040
1630067
18268189
7276871
11126524
2241448
8415210
17826894
10323317
15240410
20012145
7922469
22146224
22010451
18542932
8513843
18353058
3310943
21247685
10226292
1974508
3359922
16613528
9674521
7994995
18540148
17577688
3517066
6920392
15314448
11910300
6742940
11290882
20071497
3896279
11585267
7778529
17016160
16696580
9805990
12126034
7917821
6794371
8281726
12180246
7782572
10653831
3987552
3337511
3304729
370766
12397537
6472420
17933288
3964490
15374207
8865698
4025327
2298516
12933939
577290
3719098
15004207
6145274
17106353
7860471
18828653
3280520
7784760
16014401
21905098
20082997
8299318
19766460
6353084
6620499
18987128
12192555
22000316
12525267
7715753
16372923
1301329
15529568
12418952
1792931
11934340
2083901
20837887
14520090
10825844
8528833
3325394
21280520
14745635
18799951
20507854
6753448
8575106
15475818
6642780
19486719
2452997
1395325
11145175
3881951
21509599
16832073
12842651
12076448
20528002
12549988
16049042
18312155
21600386
11471862
11542976
3762580
10371366
2723026
16478812
8503477
9868313
1424224
8252821
8986185
11065167
6781656
6270768
9265918
2454367
6271671
16230850
11280500
1287541
6539879
14625827
3825699
1316710
11971058
15480937
21941684
8872799
3352661
6089560
217289
11114945
2008540
15505160
16195669
8372838
15791686
19272517
2034865
788905
7298877
21461668
20109995
6379347
12412838
4065579
7007749
15199758
18415535
20196429
8477182
21790209
9470140
8204367
19371887
2894920
11724647
9028786
3629649
1344925
8330851
9333975
2782324
10093588
3599310
10907204
1571752
16283971
9430807
6496282
6383299
11033207
16477500
17698219
3711368
18372700
12103267
21374961
1706505
11257787
2756515
8038761
17379748
6441544
2274319
19950566
7219793
16886802
10519868
2894161
17563919
6644959
1414748
2892225
3215159
14629070
21770306
12092783
14732619
6691795
21509598
15857324
2843793
2320249
20581799
20156846
7504234
11247094
1711689
1619762
175464
20359261
12934060
2184002
1706014
8686338
3416311
19436787
19503779
11818677
12006954
6162496
8889285
11823926
3116032
8138067
18716048
10872178
9014777
21059985
10367600
16503309
2564248
11153742
2937292
9014799
12501950
17976425
17904451
6130864
7036196
21812497
8563456
12528078
7327451
8564451
7770613
19258288
6132321
1877452
12180241
3984771
17059997
11458707
7185772
3706366
2028944
3783871
3134513
16362675
16906622
1964123
9408097
1822253
1501114
21711260
221881
3578358
15151485
12650267
19271109
3173816
16672677
7481376
1560612
7127232
2589912
15953802
6162595
36740
2417044
16026985
375649
15651492
2537217
9467544
539681
16783271
17420772
20065266
19768633
20235483
9285201
11126303
20005381
10475722
11570946
8726091
8790259
12665398
9778071
19120145
7295465
11225795
21636563
2882871
1396019
17511284
12210793
17184183
20922810
8927755
15824832
15948372
2800385
9756980
3043991
16198703
18426998
10668765
12581263
19276789
8684801
10573442
9673855
15291169
3745407
2219915
3802006
1573032
2422490
19201696
2554517
12832331
17275744
10846663
7522629
14728084
16313771
19069339
9352343
1549199
7002951
11732267
11973698
17120714
8367748
16864606
12534013
16925266
17679379
20458003
19553162
7879803
8124068
11242912
19669613
509350
12168556
12829677
8019056
8529034
1826872
8418582
18661549
15110620
2621436
9989539
16216982
19349098
20869620
464343
19236118
2316223
15889697
12716821
975144
11081776
15931300
7041104
7892555
2718896
488545
2299113
17261437
7389261
8053756
9578061
7590365
15592807
18447662
770365
8824693
12535396
2837502
1381770
6359974
15068428
19592056
8836696
17901021
12728467
12438171
14649565
9380263
3577837
7999447
16269589
20602633
7687709
15244385
16722595
19935753
8447803
10904077
460538
8311375
21450535
9823747
14736135
17425697
1648656
16330901
8656576
8726089
10519474
9684018
21127209
20800957
9817319
20205144
7877930
9950101
6824289
18845973
7440526
18567861
17017570
1346790
12626313
20567990
8513972
3127432
11125948
6287350
11985626
1154142
17353381
20939897
19597513
449947
1580703
2909911
9010988
10762185
11249519
17708474
22035029
12733087
6139390
3523550
10921262
11714219
18445743
20927118
18992206
1323364
16301478
20817229
14978366
2043756
7983283
20934610
12102448
8177872
16218442
9382167
18973393
16606915
10193149
1600482
6379566
1619749
1830607
1683249
17410828
65223
6752561
10334967
12102449
19948566
12619184
8777834
18325818
19349706
11198484
15088264
19830509
15088256
6311306
1677765
17581519
10766108
963636
16801934
11773340
1980778
19456003
2073159
8693486
20104056
2373000
3611776
16506412
9018773
12691793
978496
7853741
7790985
2220781
20413765
18204338
8721873
10461765
12555959
12563
7702832
8777471
3518937
12419883
16103266
18368302
8370996
9065544
8420171
9815632
1206587
17404192
532923
10211501
7614748
2665997
11697684
11477329
8034883
15095048
1641693
10506389
21805209
21902089
7564350
22089608
2625024
7560707
12487321
9638387
960892
319938
7026197
1865170
15634729
7826819
9337760
11296464
15932354
6187789
12813144
15037667
14670816
18387899
21647209
9771493
12352004
19769597
8896652
1929117
1152671
8328690
8842017
8137835
16765179
19292015
3346060
8701175
2610453
18775692
20516306
2421958
1865228
8124064
19944493
2715560
8214727
17212023
2445091
7846386
7822449
10901343
19144572
1712258
15509881
11314057
15750286
10565698
15500105
11537577
8949386
16037918
6280900
11911503
11542361
2143820
1761730
8924753
2688585
8416324
10894020
12640254
7690383
12492138
17610390
8119549
7030580
8265890
16301238
6087206
10614156
10339629
10792567
10552235
8902319
6805978
2683417
18560281
7961545
21560061
1691407
8334779
10333718
12643202
21156430
3904651
34880
18199894
76934
21358449
19934620
3114333
18580557
20948734
15683506
6679510
8124849
8689849
11530809
645944
321175
8997139
8816872
2207890
8560978
9497972
937427
21635199
8610728
18655875
3705678
11030798
9387797
8568522
19696189
17385265
15183803
11883866
7903950
3308732
3827193
6539869
11015166
3389383
21765848
8263142
10758925
18353132
3061032
11933646
19854544
7045036
2795065
11880924
15327420
9015657
12021943
17551864
10726358
1697914
3376754
15160550
17027826
14742606
11485296
6875195
7974536
11725505
8665547
399933
7820973
21849175
14727996
1320515
12963853
17941458
18192102
20945818
2667419
2188044
10428253
7283570
6180649
16613827
10333347
15540759
19724292
11243305
1355114
19602964
7591793
9773098
8412366
1899294
7166724
3720964
3510803
8444830
6117576
1915687
1349855
8748604
11261505
16038093
19443982
8291371
8116753
12084439
15697324
2932078
12006311
10601404
17214596
15965200
7522239
2044300
9292244
11906466
6090509
7089494
20629342
12618057
8467571
8212801
17492522
21930835
8396518
1132116
12427299
9366173
9511979
3673900
16410736
1971724
1416284
12408270
19739693
20350727
7678684
16279219
21571335
18372703
9109468
9848003
15971087
11355047
12814332
3609422
742851
1872707
1946789
8111625
1638106
17487936
15103543
3178458
9487626
7522240
15241645
2539291
1844553
1558007
3983107
15548493
15012169
1348300
12598954
17177983
9428450
8026012
21777173
2805462
12756678
1927005
10037112
2932486
9795146
17530320
2018053
9531178
12086226
6666230
22844
2089185
7875046
54581
7224458
8191873
6154837
12180243
7521194
11060811
16567833
12421426
15709724
11411737
9304232
3337591
17691343
16391172
1350732
17178816
8395987
10235696
20932066
12006955
10981075
8843497
1619761
11987714
2861975
2670511
8728346
10486651
16883147
7265990
15515713
18616149
7683801
11374094
16716137
7720355
16986051
9369256
21419459
17642146
19711120
16884667
9932532
16831113
7969207
8293609
2283098
15240374
3294067
11175374
15127880
8453432
17200478
1632940
2869075
16284911
2100051
19118454
20231670
2693055
6498036
2805514
18575928
3723183
18480694
1292347
9444525
2444784
3018030
2273624
19475659
10505485
989885
11999466
15562211
12164731
20065130
3988967
18542098
14758617
7963268
10435503
9075777
16914754
788908
3386828
3312527
12124833
19402222
17180654
2148559
354829
3531037
9146074
8951900
6518664
16290952
19556083
9227301
16723897
16982458
1422099
15148764
3469971
12102462
1800069
2096108
20443127
7687093
6089555
17886757
9432573
19740484
1607612
561904
2920499
8690848
9144611
15863420
6108592
11574108
9043295
11151417
3243924
9398120
10065755
7293840
1582841
10737482
16339339
7735337
2521060
8736630
7574055
18002111
16240681
2034248
2006596
2625028
2551555
18408528
19157992
7576
7503082
1231971
10637809
20414196
1159442
20233288
8295064
9339685
8636581
21971761
12937917
375683
8077337
12719701
7039281
12357282
6680512
8680651
1164818
896254
6538257
2393245
10454060
7664518
11971094
16508582
16768638
8553082
12196059
10662747
2510640
7201818
4067602
20136479
17767437
7478738
4064574
7699100
3998049
18607252
7283562
21547951
7416907
15164505
11712561
14669708
10094095
7352575
843255
2915441
19928689
10834537
9448898
8331834
2369532
15379740
16461835
7554044
6680523
14669599
1638111
2418304
6533471
12584993
7917078
12137222
18413171
2511378
10078541
21418863
216101
6021207
9951452
7836945
199956
6399400
17066219
16101470
8324411
20827607
7938260
3747013
3968817
18951069
12416949
16153308
17542047
7959380
21289324
8752390
3581024
539376
15567552
10910366
7807502
7076637
16806993
696414
15265263
12728743
8503257
10422795
12957195
10971267
21114397
8400465
3932074
6328965
7471616
2358820
12605959
21753871
15639685
9609624
7389269
6680129
11577418
18938689
19737450
16569653
6883905
1506810
16603361
9890307
3291529
16209248
18486523
1869496
7732483
1377106
3311440
2209113
7449634
14693580
1200817
9283619
14501235
18925459
8314009
8123921
15467520
11723148
19110544
6480574
18095499
6144814
16735395
2646983
12942463
7924065
14503185
7974581
11743302
19948300
12451473
19748369
8104930
2272152
6130701
2743688
1974367
3581499
34808
11694853
18368303
8821496
7994169
8528491
1792929
15633433
9205935
6406453
10476310
16121988
17284509
18043911
7435522
17267378
15088263
1989735
21752867
14566488
2663164
1509894
12491580
19684612
7955774
6614039
19422734
8313392
2243132
9036573
19051793
2664837
374429
9044341
881903
12853808
6353433
2900798
529862
4092916
11107804
6711426
2554834
15663349
15649576
8439392
6274572
14604069
1800468
10335322
65560
6139192
2894166
8017744
16224375
2155734
2627107
3328632
21060003
7263843
20493594
19240955
17653950
19183359
19330500
2314521
15050092
8925830
15198285
9284423
8048630
2890807
5386267
2691555
9773064
15853577
12818121
22035025
10696890
2011722
8931848
15133002
10097915
3058373
16820340
8503604
12609000
19582466
3770284
6295662
19811020
18082735
3520086
14533438
16815729
12036185
1900980
16962949
9343142
7817354
1221278
19942985
1392225
6442636
10047926
16522272
3035980
10365204
21236483
9253310
9727818
12609007
8438668
7192816
3300519
10071663
21646629
15374397
2442509
790007
19452162
17357624
6422449
10320117
2695128
6994787
1007896
1657501
10952369
10811243
16563063
21353318
20533641
2611881
1972313
3297593
20660924
9640339
18852335
2071370
4061104
11455177
21785221
8520216
2189620
9014436
15527693
11459520
9059055
11284380
34710
17670781
453312
8543951
4017305
12854862
21689379
8408980
8024024
8409317
18421899
16156677
7852753
21194608
8124063
9711461
19541730
9766615
21670671
11009136
18046101
1458734
16650782
20437589
6243167
12500019
11005702
19635985
7667808
6712450
15376704
16828409
20860909
8211349
12879946
11696028
6251761
1392546
17633106
11771436
16541966
19130007
1648489
7560252
8946333
1592445
10954072
18180133
21706831
21717037
19041530
2510587
2911986
18843523
6824002
7175529
10067135
8334778
1592459
6464997
8895280
21857594
19558486
11009440
18648026
19264441
1351801
6540153
15757013
18927265
