15333346
14738576
7448627
9474478
8729199
18795486
2389785
16780045
16316603
12897648
9759275
12614986
8088638
3522019
1094366
9663758
10551743
6981983
16466630
10291354
11859218
11028199
8784713
17170628
3228090
15647436
19513734
2890427
15095953
14663946
1274993
19936427
7615446
3068697
15973812
14702674
19525471
9601968
7644643
10717911
15203224
3988915
7750628
9082569
1852427
2766646
6551450
1041516
2168658
6369575
21544548
7841165
566709
19196112
17576584
17015589
10548176
3542422
20499776
17328255
9195075
17242312
19280853
20429845
20156626
6365865
8851318
7329892
11400249
6456495
3601820
6658281
8556379
8520082
2711557
15523862
19228109
17371148
11856683
11733925
2217591
4031544
11280
17445009
10642520
9717327
8189585
7558492
17904946
8258861
11958474
20871253
17883365
6847538
12644514
9567417
20349757
8088406
2747014
20596812
19138030
17883366
7101684
9131330
1597896
2904141
509836
821687
17179125
14685439
6468370
19517377
8689280
8705106
16031630
15614066
8553285
17985150
1286909
21552012
21478664
447161
11436591
9459409
8458278
11904346
7488991
1872240
8721181
19608582
21108182
7102102
17714489
6294801
12022358
3300011
435207
19690279
15851000
8221299
16456688
11858398
9854057
4074252
425975
1147163
19669090
15688241
7451518
9884897
1764308
20623256
15287410
3166880
9457035
2325558
3061025
17107317
6875290
11930841
17419211
1991013
7056005
6272817
7633800
9574587
16896139
12686938
3928778
19514571
714586
16799390
17206771
7027310
1553569
6313809
10543346
1731019
4019573
8698690
3577731
11199429
10737319
15858282
3515795
6345550
3180554
15636579
2511756
12584497
20713232
15483007
11741059
9567373
7294870
8826600
21296290
16147547
3967435
18613812
8010785
11792781
1543668
4066923
17438855
7183207
2093865
17454200
3303630
22081285
17994005
16954984
11182330
2023178
11054363
8749637
9109329
9327250
3797937
20335785
17266459
19736393
10735229
8728576
19184873
8549418
19104297
18349794
16774556
21459281
1853429
21973177
8461931
8547054
2144081
21150667
19748430
18238768
3760177
22099488
8770452
8233509
19652694
16772958
7725009
3079255
14510170
19398646
8308444
18611152
21354009
14636035
2843960
290920
17639165
543908
21617614
21794311
21614300
21807809
19802661
3133617
3945755
11137919
11214057
18298388
12075756
11022350
2044286
2652335
1535888
3575722
19032811
3159044
20672959
6613391
19669010
3889079
19858750
10575271
11587388
17896901
9627343
10408283
4718965
9219721
10948685
17586434
20459490
11927825
6559025
16179195
3660152
19622461
2546488
9290272
7212838
8370011
7740701
2392366
10348520
18028796
2107517
9818534
2508360
18074694
11571550
6413479
11711704
6349899
1993378
21129507
13742768
6725696
1786131
11083654
2812732
19562546
15986069
15181448
2490722
11234630
12173997
8148076
3860187
15241172
548177
19075548
16056034
3080813
14567172
11684549
11245548
10476665
8692468
8113300
8313207
11773582
3116175
7920909
7457495
17701524
1663383
8159895
8557548
21636263
18971305
7584233
17018235
15996494
18722911
7936625
3154533
21589819
20832501
10836704
9542988
2351598
12235737
1246695
6090466
18286515
8109682
10076115
7011245
15084884
11499783
8119785
16340758
2134608
16715953
15582301
19489391
17697708
9787599
9232500
11818841
10737152
17624529
2691037
4056585
9856683
9555842
3989226
12682820
3217999
18065869
20349198
3139797
15361737
2611056
4048449
3540888
18647155
16003204
2668469
20876626
10659441
19840301
991670
17054876
9869137
16651069
1864288
556197
10542040
3721366
20556205
15211833
359771
20488534
10086677
15117583
12948160
3629845
19882316
6836708
20525255
20369534
11063183
1940161
15025693
8376564
20502542
4028487
34342
2566203
2353210
2355035
3095887
1246637
18754768
17310650
17007488
20825612
11318807
2135659
12751715
21381610
18647553
6463248
17415184
16236686
16375217
7334257
21511366
7803635
8207573
8218679
17127632
7574131
2040874
11675546
1507439
3364917
21282751
1872536
16524422
8168307
19748292
235361
943494
11315785
8110884
1891273
16423487
3408564
3782210
19561717
9348737
8239470
11142932
14977282
9952118
3275479
3453478
1275015
3177762
18833413
8699352
10341918
14648948
18317180
17077738
2814989
2281674
8454893
11392298
20376538
15881127
10717594
2706866
2048921
8139723
3679997
9561544
15863990
18184898
8745016
19471049
719982
3974169
19102183
3231558
16595474
8617000
3524629
14642256
20644316
8113945
16821466
2134744
19588358
18599419
8859405
7164138
7003589
20135846
21500041
8712809
19743510
15318705
17423438
8776115
19434413
10662911
8651526
17300456
9371879
10830657
9167932
20567733
7742111
1353004
3716462
21923028
2355058
695189
6205442
22043262
15686272
2589763
17058763
21334216
1865729
8507851
9930208
18088861
2485504
2718680
3938539
10093396
8268352
11696944
20797471
1199915
15475852
11958405
11980424
1311320
11371896
7586897
21078801
20819915
2845506
3902845
19241814
21541834
12080790
3772253
8579092
6750545
17420352
12056136
9555790
6352616
6270417
17100033
20009460
15335296
7743705
20141491
2796582
20001930
14608171
8783720
19418748
15803271
9049498
21219428
1450470
1792045
8983905
18068658
15658635
10782396
1267679
19890413
21815591
2199119
21920551
8553490
7973446
11011680
7501820
20199135
6652294
19550357
7855245
17496555
9536482
17902292
8233740
7728881
818943
8684683
17214089
19068594
8403672
18193971
19763761
8049744
21783003
11015429
7373411
17637518
8742289
15710125
8496209
10454041
8934424
952225
15475220
3258240
9507766
6408574
20713289
19110371
11103962
3387332
12108340
6416197
16310562
1917192
1369964
12409049
804160
20580458
15007736
10232535
2393318
2629948
11100285
8461930
3145416
3464784
15607635
2075820
19830063
17424970
16618319
1758111
7183596
842030
10164059
16732151
2503582
6371440
11007050
12940321
8403633
9885606
15046445
20598418
10656222
2770139
3621718
17021553
8205181
8200167
17323094
345962
11505210
3328162
15872410
3759619
2737252
14625473
507795
16274955
9762746
8933140
18833183
6467761
12478964
7568491
21332434
17216910
10890083
16887567
6248971
21637719
8508278
2650852
14649694
3184464
9611604
2646054
21918801
11836660
3415618
6495952
17559451
15897844
7453452
16687238
12610107
8861597
9546260
16247726
14733105
3490232
7341655
2097868
8045066
8432576
10917883
10615984
8430197
16904297
7114995
20471296
12741732
10615982
10952849
15146905
12111605
7653507
18494432
11172456
18327774
18561085
16802629
20193081
2338300
7387161
21328157
21434553
15935482
8188516
16089072
12658969
6699754
21614240
11060146
3769280
22099105
20397362
8147679
3166967
2891899
15291091
17038283
20513449
3977524
20178609
18468902
19997538
14604325
225333
1469863
16482785
1529391
2527135
15607607
11476443
6231154
349185
10380592
2632452
10422020
21278605
18629416
16106914
8453142
2521955
19622953
20469735
17073295
10319618
2727289
11023687
2797835
10910253
1673053
12417164
19394801
11440202
7863037
19681725
9269362
15996085
10388461
12807042
846864
20811530
15505761
12032365
10782153
18230703
6472917
18683547
10573334
8086566
7257473
1399805
16483445
4032055
11727385
19051955
21680679
2105285
2791489
9885732
20833019
1451701
1749691
12695827
6917742
17305001
17606358
8920620
2653695
2340694
14652729
3655522
19516101
7566062
1553568
380487
15587845
14998150
7846809
3578332
3982977
3882904
2881957
21461096
16620816
12886812
19563004
17514011
7054193
21030888
9829593
10952846
2965135
12508706
618443
17375010
1339644
18175560
10497860
16359031
8716385
9122844
16865648
1683508
17258480
12092484
19698283
15787646
10088680
9868653
17977596
3293958
21544785
18480504
11100015
1280403
16385937
9812007
2905578
1449091
2283772
15896941
12824734
6850970
22039969
9110526
3769301
4028559
622630
21653295
21242464
9744584
19876636
15132930
6993818
16675020
4001209
2000009
20529294
14509132
7360958
3572168
994260
6946521
10467872
9021694
21246245
17122620
18349375
12541189
7642265
8156667
11811024
11698003
7933525
3966481
8339492
16547572
16872491
12483341
19637274
1482022
8711995
19889215
20579037
1945459
2488005
17097516
21572818
20657257
3125577
2623978
19820424
11345217
9792469
18018726
9639000
15959418
2645076
6720496
21665246
17118291
3066289
592462
18590412
18457099
12713179
362803
743830
7462414
17276948
1940159
21177419
3918420
20844665
19245153
20467199
21926848
11552281
11336144
8637291
3529069
9391802
3774394
21200289
2623681
18171120
11593600
18956147
17127204
11202325
3804906
15449273
18088903
16307400
12137441
18981197
17611964
12732116
8554826
8666601
7114628
7714177
16651063
12531450
2044305
1153767
20347359
17641126
10641686
2630989
2512563
7931791
2341449
2203820
19263322
6232642
7888432
2789247
957459
17140514
9221070
12741593
11498702
9670366
15308282
8956021
2643566
2952045
7235874
7899877
21740392
11930885
2213337
9556259
12493922
3972440
20691374
18525250
3159858
2348057
16651323
3875667
11818840
21304411
12867833
8405327
19593732
15041952
16784387
2459819
1751298
21478665
845842
11973628
9395761
7711134
859232
12931264
2636470
14752567
9849152
20554996
8305019
12420621
16733716
11825754
1613522
8614854
19372079
494865
6729801
11195834
21323285
21480976
9308140
3499033
659478
10897301
9733252
160648
20817480
21491177
9533103
10608627
12064963
2957659
11001414
15845784
17952448
10920825
19343363
18829721
21348027
15702051
15339375
3158077
16305085
11430456
3379512
1855981
3754201
20157420
18572879
7996607
16331380
15456100
2095509
17549028
15759942
1897087
14617286
8034808
9333176
19770078
15621908
2817718
20230854
17448829
1754909
8604892
3226509
17038284
7868492
7416106
20952224
1929606
21380513
12414161
149734
7452536
8341522
11837970
9591596
646888
954278
6176609
9559793
7717232
8150771
19651912
832523
15373178
15179211
3180615
22125716
11217284
3293158
8924027
3794252
2392294
3904406
1746778
11305573
505832
20713224
17309858
11335768
21311386
19857824
17898328
14662987
11412464
8726009
18779959
10090179
3684840
17902011
17306148
7729112
1925280
485755
7020640
16807012
15386255
1918584
3313512
21788901
2648938
3178976
8550655
16604251
3278368
7365861
6822873
16429290
10554846
1432127
2553574
1250652
1057404
21663681
21237655
18647759
10933660
6685344
8303466
310910
17644710
3335622
6705348
15174917
9150027
7607260
3615067
3259303
16328227
16651073
20062722
7602558
17181097
4025994
8230738
21644200
19772941
17329071
7886535
21870559
15636566
16534639
21200186
1611759
21977383
19305968
11808890
2216358
16205146
19524467
7803075
1488227
6492975
7240333
18084716
3148000
9446093
9824105
3704674
11901327
12290550
11139207
10627741
2668546
19944663
15660174
19647169
14505219
8377745
3083024
20692066
9607497
3581945
19514305
2151482
7064922
18561084
6954387
12476364
8228060
2202612
598173
8407514
8724815
3162147
12866242
7029439
8443549
9060767
17885733
6809387
15495729
8846561
6712382
19188269
7689452
20492799
16376263
9113154
6112852
6293713
2118599
6491801
16370306
8354592
20151078
687854
11049780
1290851
14587998
9775567
1601755
9440105
11605572
3955777
1233098
9409126
16551691
16457445
15809589
18567563
11482467
9087341
8274373
11153455
19736030
2924458
352220
2685871
11181121
2130316
6487046
14723022
9691821
7706171
4059548
20610846
18652647
6228955
7356263
14748800
21392461
6598522
16924444
16436821
19145160
18197092
16323532
8886920
14634908
3901208
10987466
10511863
9360337
12683568
7603712
15807971
11097413
9298447
3188529
2000010
11599755
9457356
3573901
7034044
19028629
16449293
15478028
16868532
12125184
11609124
2570009
10422128
3173082
20470600
18361953
8122967
18520626
4025263
21798440
3178595
7525133
21939924
7599621
20455958
7638349
6809967
8070192
2208868
19292368
3230502
2228703
18453661
16027056
11545548
10617158
20377062
10218175
7320599
16124437
3392196
2028298
10462633
11918049
11694663
1843543
16217976
20132747
1486885
11862824
3316674
1030728
1894996
9222623
9005926
935670
12793564
19531407
2646871
12778625
1641697
1813199
2450093
16801844
16648701
7916783
11337700
17989416
15991096
10856494
14765338
6977556
18425805
2661034
9634430
9553251
3931198
7071550
15213123
16972689
1604337
2179852
507008
11051143
3293580
2754489
7806884
12533651
11961088
3693845
6389791
20013630
18381844
6606951
18448983
11043128
17763293
17565463
8331113
1527609
9364643
21669347
12557087
7367624
6723172
1575987
8872749
9291372
11694943
21540732
805014
11086274
3430726
6878620
15739525
1705191
11237131
20682873
1830338
15552139
3526036
20622647
17496004
16595491
8261942
2295176
2667566
11192900
301297
6216792
17230103
8403668
11365605
15034682
11307591
8698721
4001879
1889158
16619674
18687204
14688081
12224700
19264047
11725834
1791011
11822077
20966452
20838993
18515935
17301396
15537700
12625680
1529847
19575071
15088301
2094208
8269390
3440560
264653
8873834
22041767
9737220
1508521
14676352
20491231
7481156
4604822
7085333
8625574
404108
7587561
2489470
10589469
21504280
19371399
9783617
282866
12875343
7445880
6607608
11403182
8791080
16516744
17924094
10573336
8609133
15653049
8560653
7068506
18182140
15165010
1014274
19078178
6897656
14605766
8019540
16397726
7643279
10415193
8515028
3805074
14990668
15750157
18803536
15704081
14749963
2661439
19944230
15371848
3619540
3895911
1188115
20799960
19203035
12112828
17241478
21187635
12416570
12055539
17727363
11466463
15123963
7824365
19219469
11337636
2235145
18239036
17223023
19683846
3495647
21691699
14641200
7586876
8403671
20562237
8134457
2389619
7548509
3897996
9888196
2686421
16552355
8352125
14532204
124024
7631558
7752724
17097778
9609883
19409799
8063910
20800526
14534973
8545696
18206530
11441342
8908390
19820582
20123298
8897264
11399017
9493777
7341649
3592916
17908901
1908030
2087715
8940482
20973999
10219401
7736546
7960065
3572167
21063653
2722668
11127659
7739737
2811135
16618001
15147985
14569768
8685451
7968632
1766320
15714415
15674155
19422411
8790894
3141865
3597495
16333221
2238715
9795813
7568494
2997936
2736841
7432062
9497627
17028362
329196
20015765
1616961
9816975
15383060
6470125
16845344
10101824
17611757
14696161
1994818
2202076
6610642
2138843
11446177
3069279
14552243
20836573
7096419
8680984
14974160
6665544
2663292
15609709
15389154
3462264
19255815
3555059
289414
9799315
6874720
1870929
8662118
19665205
2348998
16243333
723568
9181197
8150758
17909449
12558709
7933047
8779788
1959532
21195650
16156161
16750957
15493949
10954314
19478702
15547385
18037933
21189933
20547786
17009826
16173042
11430492
3438153
3696821
6623046
2373625
19578704
8863581
12073642
14567250
18581011
11895508
16385056
15793132
17513967
14676550
7965304
6609293
16914795
21169044
21220484
7043932
20531056
3714213
18069467
11696635
8179747
16827876
16094222
10093411
20517695
10464555
21859491
2140640
16804484
8423423
2740092
16156373
15936379
12783993
18848111
9294787
7148758
21845995
8086544
17898824
16492317
6802854
11085386
8844664
19369478
19768577
8507369
6700546
20017201
2327480
10749589
19568055
373367
2684907
7146447
17389826
10451157
2727898
7276451
15004670
10940116
8462208
1254230
3794613
16721347
16920537
12647045
15995473
12761597
619056
6498140
19182734
15589939
10396389
8208108
17423643
6655060
15264316
8699616
20934110
11476436
16226995
1578470
1089816
16113815
12072934
3555045
18575900
15995448
12561639
18347124
11574607
2856600
15968565
17878790
6135315
778906
10774863
1006470
15448470
9629943
8883204
3795308
8949841
1061456
6216495
10739279
17454902
10853807
959530
3496650
9329432
3954974
8219121
7379389
9663306
20104169
10742312
2104697
8198150
2003007
148797
9563589
8127617
11792597
17889489
20453772
22135613
8644480
8208484
6726518
9431371
7367840
17369138
2045400
18937840
9753929
9007487
19806651
19726604
2296067
18209613
16118675
19681315
9926382
8579673
741545
1455577
2221254
15977147
10369364
11570139
11733889
10691145
3763871
11700498
10870261
8989807
18086156
8150817
8316663
8483061
12061179
10365551
18718742
17697802
8156666
231493
11129028
17964469
18190312
10333948
9951694
1564685
6622886
12635502
3158671
19582237
3818702
20697475
14588348
12360009
10381108
3515937
7233900
16725333
7433922
798544
21526465
3429660
20827110
20374334
15237132
2295180
19774827
14528856
21706850
21427393
8967139
2017642
21189482
716565
10767192
20844664
1949819
4095475
18615335
8667108
17657554
3521034
12821847
19656015
19034468
3895921
6224391
16584306
7639441
9102447
3822959
21318270
2294554
10376726
3224401
21441771
11070800
9829594
15223762
21303868
6752781
671154
11810341
20134219
16941133
17162131
12766111
11482689
2212605
20566144
1686018
1985303
12782886
10693343
7715134
16452363
9410613
15369145
12605390
7469329
21199453
6392770
21423103
17939347
12844049
17136337
9736990
3490579
2627806
12481484
16567940
8314289
10335707
9818818
19490813
2630594
19083620
15818298
6810301
20567732
720184
3108782
6358177
16037509
12884211
3828675
3293424
7824259
2485491
1054445
16625371
19531991
8440620
21071238
378578
10541385
15680641
3211430
11569033
10364899
9190554
3377964
20846813
9231182
16398085
8469835
10359256
15558341
1801293
4022254
9259097
1941749
9846325
1447648
9879096
17065930
10842963
9473260
8677700
12647039
3364113
19345876
17905324
952215
8539040
12630651
18815610
18261660
2777624
20557182
362544
10064243
9519042
3290180
16985128
6485856
3180565
3972995
7955682
18199481
20479769
20433788
7895573
441302
3353148
21174732
11928093
8264173
20605408
14746231
9059418
7850698
1224581
9050105
12718388
8512286
12621293
826770
15020854
7562462
15519876
8045072
16826013
14624099
16429193
2600522
17296251
8132371
19758848
8193512
20415010
19387146
9294756
2183710
16416624
11569083
1468134
15621910
15493008
9461359
7629586
520338
18038000
9550896
9255172
21586790
11458171
1293046
19886726
19057147
15552144
1892041
15693554
1903071
12087241
20533140
2290664
7997349
10530452
8078653
21623564
21814090
1739043
2623677
18724779
17657204
6304204
6238115
21045992
20392222
16551810
10513905
1572115
1718043
17980776
15091269
3631122
19273557
2260997
8523628
6481232
7497673
3701108
9354359
9138072
9592012
1707973
14076377
6593677
11232476
6584831
16354641
9401116
8632383
16433195
7720034
19935300
19569543
18937727
12817067
7368490
18356680
12452341
16337309
19750842
18677212
10572897
16401816
8518753
6216594
10744289
11981739
8415330
1865064
2056086
14504834
6123229
804184
9892568
8755406
3964936
17522497
12806577
19463065
11508556
3523560
19028615
8740820
10931233
3485436
3392583
8653468
20950996
20578524
1755128
18035817
16056051
19781502
1537152
6259692
3750078
16594217
1412541
12087226
8355850
8235886
14620092
17985276
15084802
7073421
18162679
6711584
15657159
17706536
6671359
6856489
11493868
8724064
2746851
15478027
10853779
6839596
1445974
19523779
1287770
6525537
6431527
9861620
7867978
11699308
2940971
22046943
3489791
2736486
9623233
8998882
10944834
952123
3584430
10565966
1496974
7212938
12708897
15460046
21654459
8113507
15123956
2193039
17852716
2281118
16741645
8189467
18414152
15925939
11283831
2208887
15256627
9739226
2212598
11714049
9356734
18408413
18236808
3370894
19184129
9481493
20602463
11446011
8238019
21479632
3565347
12382095
8328100
15001976
17908583
3709096
14561978
1803106
22010070
20645092
8290228
4055179
12196046
3707316
9639177
3289861
9715311
8122591
12885262
3031761
8500773
1928199
8458958
8410461
810954
18790611
19667290
10575138
6457454
1918111
6474318
19437841
3804046
2839976
16645229
9060518
19119927
17460537
8411281
20207620
16579236
9830570
6725377
19800278
3903398
3124734
18460685
16723876
2667835
7076561
7641111
3549774
20337944
19867649
3306260
20740253
15849640
11905144
12438444
7244003
20565354
10910315
1798994
17982727
397309
16565542
20086694
6883892
18431614
18427310
16207998
3864956
2593802
17907925
17604513
4035023
7140121
6401239
4073402
7124405
6426064
382603
2601534
21195972
12014904
19166124
11117643
645729
2682075
15128137
14513461
9212316
552091
19668028
17428274
19155692
22033970
12221953
19536569
7475201
15243560
3538320
3578327
3130027
21395029
2501309
21934545
9531199
16192871
9446089
15757310
21076711
2705339
515775
2649316
1536479
21795878
12017863
11521575
8310384
6658321
9724903
8779020
8161011
7259144
15562753
12536107
1326040
6358336
18937107
10347265
1663142
9455370
8429661
17451711
1449185
16565834
15805960
12753868
6645730
18641525
17592697
10356826
9451870
3826131
20517099
17152416
16425121
7244025
10028081
17186082
3392088
11237145
9159992
9768882
21909475
18043449
19301719
20810870
11879620
1020193
9577978
12063326
8511450
8872550
9436844
6093426
9649047
6966064
9150023
20492786
1430956
643292
15306989
7181231
21373913
21130908
663742
8865049
16474970
1947066
10792798
1931840
2858964
12219670
1237063
18201992
2124004
6294800
9063414
16482992
7809759
12004298
9619951
1359381
3046524
10323700
9446094
18780031
16327460
2292202
11871009
2146739
19035210
7902753
16360610
19156420
7777949
1601600
12713180
15829690
12379044
8067794
10052784
6101921
18376651
19593292
6463812
16846564
11665447
20596853
17394709
21129225
18685049
17594870
6248340
2727357
10691164
20467083
2425284
20604922
20402693
11787835
20065872
3165548
19087260
6338444
18186130
1520998
2068473
19195753
8486790
9855235
3903365
3022494
11510585
8437500
11046169
19957815
18458246
20526222
17900947
12379381
11218382
9059142
6635439
16829764
15534400
8854439
7647316
15849061
8175348
434334
2213931
20483069
16575661
9508229
7797319
15291295
9476948
1106065
21960092
16211620
12151652
15636576
2817674
6289601
17426073
2734386
20123286
17176793
7877198
15525915
16128033
3622459
663154
7114084
17786444
21560422
6753461
3239178
19543189
8986396
11820448
8902340
3208234
11770599
12457364
12958296
3823629
9378736
17976760
3225391
3201277
9755702
6956686
17472623
3957974
3088553
20109047
10101307
8650112
1016508
21326623
8998214
11876146
11283118
15167673
20622604
6822585
12224322
1196317
7176001
19912716
20567736
8016673
16889995
999257
2182039
15472834
14752569
17382512
17401591
6541453
19753714
14658604
9801778
15898566
10421237
6226468
6689721
19845697
8229416
3107360
1411198
7490440
6185264
18260300
18068791
8430143
3336611
8737028
10631895
17684731
2023787
2740127
3500617
390886
7316021
21044009
16217263
8966244
3576247
15084501
20517730
8047402
17202926
9006762
17855185
11368825
16868368
2295181
17330892
18812715
7975948
7059314
10655367
10750784
21789499
21078798
16407816
18033993
11936937
8551735
3951899
2282711
778516
19297793
3259553
9291890
16510383
9153871
2953075
12212370
11176350
1918220
2749286
12913646
12634072
17150275
17230315
21273384
17034992
16039973
14997162
9365879
3205919
21546630
16714572
19652437
19182733
11485127
20940689
20308478
6649333
17559760
1986115
21067501
18685282
3602386
20957300
12018822
11594270
1995732
18430112
15164258
21642882
14674355
11603524
11205830
1776451
9502458
6619524
19956825
15838529
8121831
6971335
18455464
11046173
1499198
8823856
16926982
1762387
20622242
15924890
16272914
2025822
8168299
16012323
2039652
16079662
1319865
3162326
6643931
21688588
8734798
11820165
6635893
2336295
18821685
21523583
2398149
9010425
10844873
18536296
21731997
1103435
1556886
15541080
12783137
8204402
2166632
21225773
1369967
6293975
17410371
15735803
8458145
16972001
6217486
3373311
2490638
10533373
2475063
17257448
20470616
19038599
8749751
1152671
6976583
6358372
19551304
6380285
4048031
2962159
19844278
1602592
20868802
10599073
11865431
19627935
11433568
9128770
2194406
19025981
2282842
11453051
5318575
8039029
885451
2039205
21461362
2505355
20929544
12494543
3924882
9011205
3238678
17909676
6234734
8222449
7893875
16125398
1866535
3908333
2741630
15352590
15347981
19098186
15971162
11728116
8261073
19764542
15055916
7844353
391058
8403675
10790644
836106
8935563
11232083
7709013
2163074
16906112
15300431
15141665
3786034
17606791
1852825
11605694
655139
7285423
20844667
12034944
8485561
14594660
8808972
2459883
12588329
7083676
15447627
10706184
275346
21455740
11335812
10395336
873419
18176211
21464185
20127430
17676328
6220442
12142596
11291574
2074084
17625031
6114633
1809712
11417755
9563117
15693652
21596511
550954
6214676
7742429
7570179
1487672
15856626
21045739
21846417
9167628
12780449
10498313
7651773
17954112
3706320
3319496
3673193
21697643
1878383
8947096
6280352
19995216
12415524
16220134
10365536
9922597
10543668
14999632
2254353
15810976
1505302
8462209
14974169
1548715
16800421
18525460
12931579
3336654
2364622
9012224
8399924
21819372
20644982
20567731
3459791
12439161
9379886
2229975
21810374
8748339
22004802
20830446
16081017
10332296
9481766
16485836
9678561
3351254
16401945
1649200
14578713
19136804
21633768
8956778
18025514
18972195
15641993
8283394
15475990
10912616
9133066
3945498
3053576
8580955
15731982
1210841
3755255
21682928
19937521
15852519
15910454
19901301
1522090
833490
16988800
11465774
15491696
21809633
3187002
818929
20492763
2067409
1437057
10155678
7204102
11341428
6448020
263374
2526109
2810537
18451393
9225575
7143473
7376375
19825818
17042234
18782956
9931760
8363494
1954700
11396619
9864637
1154210
21457422
9702483
634675
3592511
3062792
3717189
21694898
21537339
16876082
6854678
6467758
3282430
12045434
576157
2407407
21873085
22099106
1300620
15276398
21439892
12650315
12236911
19796893
19320897
6221017
16983493
12462467
11015985
14713064
21704245
17314640
2279382
2359338
17450059
12932691
7205832
2312712
2232351
10312485
8316418
6724964
18827695
12087678
18758365
12151901
1596
2338968
1465357
6349907
20496336
103409
20072016
9675968
4045122
19471948
15544718
412798
10551467
20947664
17274308
8989804
1786654
1776352
20380937
15060273
9730301
3895408
11202512
8518119
12904435
10925747
7087644
9739358
21279363
7614200
2005511
7058730
8369322
8077471
18679957
6279004
2587057
1318668
1193819
2710580
10423911
11193560
10878516
20973189
3815030
22115234
15167232
8041242
6816248
12802004
576177
3523112
17563854
7761870
207946
16613023
16585362
2766079
10097914
18942439
7751222
8403674
8200891
8215137
10678414
16517930
8494507
21615532
9698064
3204051
18224367
233598
11802448
17273898
11257020
9816976
3158729
2386051
17375299
15072885
20532751
20165545
16378221
15017689
8147133
16030849
17060735
8547617
6670661
9394391
7597220
19410179
2087210
21668719
18204011
1754257
7217138
21605456
15151590
3041342
18172531
9430485
2634642
17976692
9661128
7742431
8488034
12847579
9279334
21455473
3395520
19286440
1440682
871219
10882159
2919523
2293919
8952771
21597226
16028145
14593292
6598520
409015
7997904
2726293
17679875
14668494
16264122
3810185
19728016
2068280
6873084
16205169
10961225
9579191
2700276
18708262
21111123
16190593
16709332
8944801
2685991
10421046
20354475
15148785
7858597
11889748
10900964
8506059
9494496
1130436
10822925
8799633
1119030
21743867
6456886
8898841
1444133
17514008
932090
4059533
3962521
16265660
17521035
20228700
1300935
9765133
3116119
3617893
19699936
12810976
3716008
2705843
9654584
20707254
9915933
6806300
3356719
21570322
12837638
16896656
15213650
10771999
2216378
11497360
20462990
11327254
19136424
7899969
9275341
1872168
17908899
10870142
6709217
12056999
1351345
11232074
12087207
3834832
11337543
7619640
9155097
17422318
21213165
17415244
17298410
11897483
9758454
21577263
2130548
1891272
11884010
3068689
11497049
3544285
21354938
12368641
12560696
1869432
7418626
15319794
102808
1783750
21321791
2750627
11284941
9113155
7125385
18656187
11372614
9311035
6436455
17542739
11867499
18720750
1610751
3252119
1548329
15348674
3336680
9486058
7429951
21533878
17230092
18991185
19742088
8079871
2971930
16323092
8113299
2018587
17026858
8537875
6227439
1457476
19460652
9675443
18715760
1393388
15119367
12073523
16864500
16451394
15920371
9561957
21886652
19023942
11405863
16187445
3910385
16753375
10942636
6810275
15860304
8905111
19094819
9327288
355146
17679867
19882018
6629797
17052617
8235771
16102310
14707638
9502089
15731885
7868205
1572114
115949
18458585
17566741
6729500
3277565
18486411
2630592
16301764
3530703
1307155
3770290
12505187
17603241
8976939
17233294
9279413
22001465
8748353
21794702
10710155
8755405
20470618
6385108
16122996
9879920
4064237
12955667
8512394
7613018
17635689
15826616
1390999
6314805
18924069
12494596
7892314
18246347
18364662
19617167
11059545
16185845
17825364
7061808
16651072
21478658
3166878
15792552
15672925
7618566
8008506
16107234
8852548
21612672
17469283
18611638
18719880
17364352
445893
11227125
8167344
15095167
15636573
8767377
17654177
18348718
18201618
2290727
9031026
19716723
19038616
15920418
18982187
17337934
2667110
11549164
7207452
20428024
9640874
15930539
1173212
18439310
12904872
1896806
16108858
9794983
1565513
2057872
8948219
3518021
21729641
1957287
7480765
8204132
9186226
2685227
3307356
21605505
1286957
11062101
2058640
16890866
2202078
19862984
6942903
19378327
1108210
10025779
21393205
10525980
6700882
6461806
16160105
3898167
7226650
16476223
16305073
12420635
17195632
9391687
8225597
17905965
3715624
2325557
12070234
7632178
7919867
3903847
15255429
11243527
7555341
9846466
9580965
306193
9081403
19810150
6286687
20359262
16912625
15930534
6723163
9725184
8902338
15636568
10965268
10831747
7595001
6190775
19110158
3065998
9790144
6463152
16012432
21817950
15941474
19894569
9923928
15840453
10379323
17445142
15602255
1304184
15033112
6699051
21713715
8339474
3544811
17634851
7588943
20015773
8786835
1732405
20413517
19860259
19722160
14970302
7855753
11486690
7699275
15531835
10101306
4091185
6617297
9294500
7711372
8438181
12004185
16751739
3335648
11328776
10997004
8673084
1083719
15574240
11716417
10788866
19320594
2632487
14614753
6478690
3265202
3885385
6718044
9446095
9550815
8657505
16971078
8698454
20628779
2349565
3734072
11128561
3919419
16523133
2761323
19562993
1892042
7382253
21818950
17134025
12771760
18037875
18671021
12439264
11995226
10953718
3562113
14507508
8282301
8199130
12239654
15843291
7740759
18356681
15581765
17655518
17126500
17552110
12017851
9067825
8816089
3055196
2297970
18438468
10516889
8022648
2800640
19654566
19782432
17926281
17526826
11380232
3303925
4019745
10759382
3987201
1864618
3266621
759364
3292580
3415825
20309802
2706867
18597241
10603672
9436843
110730
15209763
19446212
3160524
12539021
18521594
11167323
17335420
1609605
6445375
16205144
12707739
8561566
15988264
6215297
15692626
1813391
19139512
17300911
11572559
2278522
17088602
16271245
1911055
15693605
8640624
6780177
4063641
8191232
9584374
21785604
18515955
1358944
12390172
3235897
3825305
10101305
16982292
1611736
2705149
19154649
7552675
19255783
19803709
15237115
11140352
10451173
2987442
3171378
20560257
17166965
9676945
17313032
17137057
11721564
15466746
9828701
16552000
12792537
9831306
11573077
14649684
10533372
8455912
10764004
17513658
6647082
7664525
16054894
22081283
12398145
16192443
19188128
16950708
6213144
17909339
6635438
17596815
17024800
2275368
15646673
15231767
8649129
938300
7698865
3048833
1881938
3579391
15346361
21397470
18486999
3769262
2002269
12111074
3540345
15817202
7577224
21319041
17338269
15717246
8260127
6941463
15296202
11570544
6326062
19101840
16473102
8026501
18437975
7025262
20369541
9916434
1184211
16640005
7759279
3335649
20574271
22048588
19318985
16421642
21187637
17880868
1772719
18799279
20045210
2798837
3088168
18689649
9435039
8673511
20501017
17607312
10494532
9036415
15973012
9308611
3973335
17164308
10800271
9036580
13130412
21219239
2073454
258659
14595052
11409452
14364292
18250138
15223504
10437113
18216511
8306388
15872373
11940616
9316724
2247385
2305485
434941
18159399
4073090
20467872
16541679
18669314
2019282
19263015
3995830
1386098
3377333
733686
17108072
21768851
10910627
9768159
18679086
8678889
2419252
19642330
1483913
4059864
2483634
12931288
1956281
7200384
10893974
16246339
2288752
15758667
3734336
3281217
12111574
1009256
2687075
15681255
10749509
8162477
16875761
17885058
12035144
2627289
11685437
1803000
10228529
7470782
17197211
3317731
18516452
14551850
10566577
14759102
22142746
6297077
10842147
9047193
10825053
420241
18449029
9502676
18539674
12062848
20067724
11862853
15212404
20222341
12886613
15775209
7645476
15791514
11262799
1770260
18686465
7634667
3921565
20404964
15561650
11181113
2243528
18946646
7761709
18560748
18820724
10809206
18025674
2068116
2380497
21675377
3576354
12417073
16510056
16131832
10382027
21709538
15926634
7497674
21446812
17138732
11216602
15688264
3700750
3715533
3792229
22015750
8893767
6457902
11729707
10220098
20556730
20674237
9446096
19333943
18830526
8575974
11245547
14669628
2781967
15279750
10767924
15864033
9872473
9322319
11400885
15625599
8194221
3295732
1621315
20833120
17179696
7942986
11257667
21502440
10452005
11673178
10761518
15150814
6225630
8930722
15375106
11153994
429545
8606412
4050052
1576187
18291550
14526678
3873195
7269831
1740797
16775440
16271915
3591310
10482957
2009680
8623497
6870699
12477333
4079670
3793602
20664437
15329363
15122554
8188569
223796
9700770
1716963
3398553
10697082
3347722
18941107
17623603
12238881
12665270
2698407
19255393
10641687
17267341
15125092
8519817
2295657
10617161
1111873
17574788
4092155
3876740
21407120
8678204
356486
15593428
475415
10101313
18774017
1068574
9199616
2816072
20539059
11624255
2209430
7048791
20370895
20463992
2495875
10824218
7596530
19857195
19213580
10788918
2029253
423363
7742437
2713774
9008813
8821231
18804871
8209546
21748083
16036148
14736716
15129033
18701528
16903157
21229495
20836867
20567730
4056966
2758922
11024513
21459867
7042753
233599
21764504
8220127
6541672
19350363
6087079
19077636
1914695
20519760
19623518
1644634
825590
17705283
3407663
7669139
4087248
19057925
16131687
6378916
1875459
16174508
21658786
7006232
20532713
19129963
19026194
2842829
18959805
2308123
3868812
3058278
19200678
20954653
10511164
9391965
906703
21344198
8722056
3227332
18394384
12355864
8217231
1854325
11501819
20488146
1934731
3415369
8539056
8027657
3884616
17452838
7417124
19569488
16096526
17589252
1643820
3769296
2643936
7304172
7352875
3763244
7870635
16197379
2066797
7159004
14688718
12640151
14752681
18306466
11887343
11317255
1641254
8471156
7292866
18649613
17064216
16831679
7262680
241038
19046247
2224349
16555513
8234680
20017372
16931023
9523997
6858976
19375016
18273522
17227717
20731576
1907431
6689790
11889653
3410788
8755430
8124280
17188493
8764878
3555043
7008590
4056921
21410123
8403673
12582304
8474937
20351460
16060474
9603351
1582690
7735679
1178165
3365031
21119799
18097265
9183498
2801055
1839185
6473133
2614636
539942
3098777
19639457
10952850
16770301
16442607
15896888
17956819
14973770
3769393
7501824
11573450
20955551
12149603
12820851
6372025
21915796
1026546
451190
7523972
2633738
21152057
3827125
2774780
8403669
3011726
8452177
12025182
20736800
17186080
51078
6813443
6881174
6700352
9239360
11642619
7603719
9430967
8364270
21815577
9405779
11041594
7951951
119602
3303627
10901982
11564305
7221628
21892387
21394038
11919446
15539006
2373557
8357739
11458157
19637027
1468281
2232367
9145738
6659935
14652890
6575551
9191654
21189340
18987535
16838644
7941605
17880870
19398360
6853691
9724569
332697
3714514
1980793
11314386
1420676
16848119
20585930
3129172
8039309
9758730
2686882
19165791
18442184
11096184
9376384
15125130
10917019
2666597
9932591
19112049
3335623
21368599
7951944
1886201
17228517
2831580
20858161
8647531
1919723
9355720
3770798
15241627
2115262
9464697
20508355
19043772
16208026
20579435
6577850
1480973
20945643
18379800
11061707
3279487
8648977
9351574
2082844
1340537
18580375
3481312
19194345
18829932
10883689
19071078
9091272
19593968
3062781
2753802
3769278
15509366
12238681
12187599
17370432
9209876
16609088
15933565
19859046
20086624
18598800
11057501
2798833
3799709
11927819
19043136
11197559
10769419
2017401
9078313
15613882
2723863
11140349
20631366
7882212
15980391
2929139
10768237
21941953
10155345
17223046
16733410
12686933
7457319
10373746
18177573
6891834
3550670
1963246
21474079
16897201
7917203
2191455
8836055
10883112
8132308
8256970
7671482
21116762
18351010
16888553
7451513
8667974
7036354
1489513
15496239
8522432
2803209
1287544
3537946
2643605
10764999
3998107
1388877
7676022
20363107
11726738
2117060
6757159
18086238
9161183
1271108
11394834
1470421
17119683
1967843
1933737
1061041
4019542
7953578
14700492
3629699
17051111
7067355
20571796
11751141
10483502
10076551
8250650
8549277
19632603
16397716
15910450
100031
8898126
9408382
12704330
3524419
7919643
8735537
8002646
6631995
2637527
7799120
15004888
11995227
19371812
14743056
15622244
19438638
2631488
11219301
2870594
7891605
14962254
2668743
7634583
6728726
15809578
2980074
17332609
7121155
19202969
2918576
1881498
4043891
1248490
15635483
6703766
19325344
15620057
18525435
17534088
19380545
19958846
19549061
16238219
1299726
9064114
2268925
10335043
17416139
11132268
1784018
10609286
20736424
19471175
2298899
12371361
12791820
10493342
9726763
15000564
8465519
10750968
4071270
15181910
7586856
6192494
2780103
10812274
7285459
8577533
19746858
21553040
20804676
14557849
11884494
19666887
12414782
21781209
19962079
18618984
11582526
3366598
9269175
3522376
12510066
18202443
8452916
7837040
11405106
8607085
1541616
14987203
11462190
6928066
19082589
16842278
20808590
11465125
18520932
17984813
9483376
845225
375945
8498226
8107997
10897374
6653012
22043778
18472169
18406988
9677844
10650643
3079012
21520681
15741629
6847539
6499317
17978824
475564
3444945
19776439
19105446
8175813
15745454
7443859
9480592
19034045
19116552
2212594
19832720
15476591
6211526
19121757
962682
15481421
11876903
2230178
9846294
17855186
1048860
9182211
6541643
22081282
7972837
16457447
2896692
8599903
3099362
7155156
8677150
8732359
7863725
14628200
10844935
2591115
16104969
733402
737020
6473229
1480503
9066938
21323177
14600740
16155614
11054887
1947293
20099618
6725363
7182534
1231441
7058169
21655900
21525984
6091473
9749688
7839639
19472954
21039785
10097689
21939800
10421192
18404911
16038751
20530506
15466997
3166359
1574200
11606885
442855
8863368
21210615
20722748
21680676
17981175
3975726
17625038
15266177
3712079
3538727
3041356
9685948
7602866
8021073
9167671
6866570
1436176
16151822
17688064
17984915
1985433
18671843
20675754
8358940
19037845
17515372
8862303
6766238
3346956
8265325
16558545
19183732
18799473
11466464
11207136
15768135
10081775
20838289
2373947
10952853
10232551
19575151
19292389
10733265
8752038
20954654
16618906
2069637
18797445
9922427
16685241
2240179
18577204
16254463
15769705
9917715
8237349
15872409
8776159
10340647
11329886
17483730
7303428
10478233
7939356
2928518
9147500
20604921
10833871
17901796
16950146
6663384
20808017
2326654
9158380
21368688
6715667
9490217
1477223
11242625
2313433
15711488
14623682
2033447
9135902
10771709
3182886
17880869
6329238
7695670
14600900
3596862
19136803
1014290
9921003
19468930
3106547
8646205
3042916
19427081
21298723
10704579
15290578
9027155
15032457
10382901
21825859
20456925
10846959
16358199
12525944
11961449
2212601
12176262
3965739
7751698
8894345
17295005
462288
18759996
12874898
2734407
8888755
2031346
7005239
19301776
15506548
12659702
2410525
21460736
9548359
1859685
19085050
17370391
9234809
21372749
1430213
7682906
20395803
9481663
15365265
9402368
176539
2142706
19059765
10566578
9111508
16257676
6937960
718347
3485233
15311482
14872254
425941
8170429
19319055
655140
2659299
10999167
12362830
1948385
10509683
3581308
8339489
12164666
1594496
7663956
21070900
2817109
8078730
16409574
6384811
2695986
12904438
228347
19589285
8727817
21859942
19673595
276085
10385869
20499212
7099569
6338460
2351345
16733470
10604419
15683032
12434613
17011328
2229739
16328095
3551877
8729202
8883798
19287854
3076350
11257153
18959613
15948
9422983
9269165
10444994
8483094
15864595
9821098
6332475
16641778
15246142
10789104
16449155
371338
8869055
18562009
16131902
8337367
16564092
19912720
10979353
1888840
12739082
18461678
795089
16989421
7600213
7634666
19954273
434994
919226
3456020
3946470
9857554
14514590
16473518
16854643
879941
17676966
4055056
11977581
19171632
16038844
1487763
7684218
19448119
6941592
1054467
8242026
14985645
14623993
9182090
6673500
6609793
22117384
11795677
21918309
20888103
17698894
8669365
8874277
1815309
8329512
14650033
8091140
20846745
1496345
8413863
21831932
8928101
3958014
17470270
2281683
8035409
8826742
1787531
18536853
3631693
21310348
15854081
369761
19110716
18520486
21982609
9746867
8712604
3555046
3178591
20351994
1068782
12541190
11280548
16007423
2373563
15900150
18285592
10532559
1412407
8459016
21525618
10080209
1449188
17505863
16097552
1575435
21204878
11458747
6477009
1765992
2664872
452278
17526917
10829492
16236114
16168272
1844923
3780103
17495840
6218576
9431370
1411084
11915074
11481561
17127219
10222535
8956593
20359562
19501197
12501553
632997
17006351
16651226
3944007
21157564
15545877
11778202
10415238
8403662
485788
18007256
11176245
12514521
1852418
12874674
1552016
382837
11055821
2230795
8860773
15502464
15084688
9511347
17331868
425547
20058300
6625713
9880749
21589838
12439803
21966303
21908337
1628969
18280436
19337084
2212599
11505896
3257332
19464639
19516918
2183138
20567734
17039195
15290554
20441047
3872300
15139401
16768269
2677781
18754339
16251174
7401220
9086719
21370653
12365893
19806954
8303956
17323173
1541703
1223126
11255173
3182891
17546878
1997255
19701786
3526570
9114827
12605719
21130641
19484589
8767278
20945284
9230992
5828940
19030247
15552940
15697165
10413276
14658004
7065976
8600229
10836605
14684523
2298971
2304999
11424846
11799815
381254
8304263
16354373
16541223
12198466
10687907
8823714
16924946
20707618
8023169
20150191
3555067
17136411
3570075
2672253
7894402
16612514
8161637
1629805
7932857
15923824
10482065
11310119
1338923
21358881
15080471
11167327
2142032
9417735
19063908
15857944
1934792
8572159
10354883
12219653
3909337
487503
356487
1747843
8480048
18692531
899060
15299068
14723255
8258553
9524854
21992650
15917544
16039508
10382806
22117379
8963713
11500146
8756771
18560822
11177363
8237338
9646366
19025391
2102234
16900732
15538665
3541124
8454235
3156878
3682042
7822405
16259661
9627351
18924099
17313477
730342
2501603
2947322
18212253
7728879
21318568
9694476
10643287
12182840
7220878
6642294
21445821
18846799
6450016
21683027
20663020
21973302
8350317
18663412
15965774
10230278
1405767
17665348
12022423
21911997
10881583
8689178
6568955
9809176
2236677
1334358
11129162
10444998
12118501
10357126
4073077
19014203
3726565
2071621
8685634
9785550
18712385
12115755
2632486
20151084
9446097
14663287
15664569
3504439
1652320
20383991
6862637
18805367
12839165
12202694
11837574
3474273
7634711
9195816
3968107
10091803
20391819
6494477
11756124
19726740
2256735
7293354
2213958
12350403
282994
18949675
1138556
8521103
20392651
7146440
12800906
2630590
6368084
3945738
12750976
16080077
9931834
10983342
8002088
8441038
9220443
12439793
16651070
10968238
3012021
11679828
9501663
3492882
21354001
10940425
3675106
12702935
11249088
19769719
15888366
10402983
6584838
9405777
1118208
21253898
11240996
19078478
7087094
7111995
2445266
3905127
9518096
20207622
7460461
1257831
2490149
7852591
12046729
11892903
18605392
4433175
16108331
20135984
16523124
19359709
3508883
3769299
8200168
9117765
20445409
8689978
2809904
9777975
12394707
6759694
1871288
16420805
7745099
20138093
1637222
2527578
1896805
7090771
12034946
2552949
19334388
15336867
8516461
8379178
21764178
11483689
179356
20171413
6809305
1953319
10547104
11731648
21243358
2116969
21618277
1091946
19572137
10210237
266079
10427805
21199004
3279496
18162494
10900639
16343151
16523343
7087128
12409896
16462342
413397
610420
2235806
11283816
1985432
9880158
6124510
18221183
17592714
16921099
3943241
18385975
14632571
8804290
6311782
8496994
19750282
17613383
20567737
12918823
10530463
3575174
21670915
9764556
15513395
8430341
4087825
2873563
12486552
11845088
7838465
16327603
3357965
7455117
3793238
1925618
9379605
501184
22010093
21512476
2794035
16270593
14530783
21102280
15232458
19739348
4038577
1155119
18846574
18571116
7100822
7919642
20055574
9989846
19997576
7183662
18445965
1419508
15448449
19588757
8048126
7067607
2015806
2508226
7554659
20668970
18260500
9225675
3324038
3055039
1546582
2199869
7124406
18804589
7932895
18376160
8272540
10203101
3375758
7065197
2004986
12829064
3287432
16565763
3273073
3655192
7748221
15374006
11826714
10364624
8837646
18688200
20379858
19776655
10093402
19934571
16862044
6742913
15066338
19051247
8075257
21243172
19243774
8385584
16928677
15897752
6219505
14281088
20512571
1789600
7251698
3511470
9161184
20156216
10835072
1564986
1651019
17977771
3171695
19860093
11316357
8449624
7210265
21887067
17443301
10879590
16204017
9751519
12632792
1681001
20485049
6469595
10079855
9775049
2721068
7634685
8452176
12655385
3177323
21087911
16361330
12507134
2968893
17710069
6367920
12380390
2952062
2396117
20961749
18533269
8713522
8890543
1445443
19455507
17356403
17322447
3760980
3632173
14693499
9082949
18449117
16761268
15605165
2271417
18759682
17591260
3932363
20177682
3875878
11204966
3973345
8229407
411439
16439903
3106916
16434537
15953450
11405865
15996581
7279820
105156
17964168
2493941
15988237
20409330
6853781
2658581
8072932
12966307
10941810
9531414
21099438
11055024
21965640
18242114
19745684
20178567
8767136
14657285
15248008
7273517
1629348
7936583
2680058
19335222
16580074
2836895
11083800
18261671
11147842
16944682
3279022
3259057
18382026
16770303
8163317
15709356
17762617
21471838
11976867
20046592
276786
3690931
1879182
9260464
16876083
16035714
15734444
6478702
20549906
857732
10619757
16152856
21221068
9867159
20470596
19259931
10230689
10808968
4081789
1821907
16850966
2313432
17669926
9036420
2027982
8578294
6334505
915085
424611
18434825
14738615
2941264
16523127
18989686
21548255
1959832
9361353
17140668
8236217
10074738
15229953
10909155
7799366
8064935
11288515
21225843
19852207
19292338
2230434
2547618
15271102
6543823
15129027
2234397
21095314
15893535
2977108
3529581
20182236
1295759
7607275
18084661
10372324
12132863
19541786
21825851
7769215
19169108
2479976
21886051
20464462
8740265
15295218
8565686
8023168
14694855
2153992
21694913
2360823
21254666
8094903
582412
3381393
21193885
14569775
19370676
17330256
1129681
10622386
11679625
1853175
7933672
9503772
17991072
15453123
15329234
8196307
1827529
8233248
9481664
20664425
10482209
3580982
16648679
21674456
3598099
2200083
11868508
3887911
7783998
15622938
17195583
12688361
3941921
10098637
21585123
7604727
19530083
11570448
1107929
20692172
20232760
3131055
1780136
1056107
20110664
18196435
284921
15281409
11213881
9606702
18677911
6467720
15024462
14217764
2684851
11126709
436028
20948407
10705698
19904492
20584047
12533551
753935
9545141
15070983
10326843
1915510
19261160
2594406
8698720
18324599
18515661
16061446
188023
10738434
19054837
2743691
8483038
19884874
16060554
12518117
3897160
15701378
15712462
21126218
15866830
19021840
9322718
7917719
16532874
11756803
6705353
18346593
19150531
1774514
21042894
19060292
9455513
8316864
20381140
3919985
7894398
18818959
11417751
2644689
12540087
15105722
10835806
12360005
2115246
2001343
8210093
16868600
8818466
2313431
3582988
15095205
9566286
3864096
19199552
19806523
11265913
103851
16146148
16679015
11469769
7505556
6105686
7715988
8545641
146719
12832886
2608073
19660913
3771602
18812419
2179915
1605462
15486910
20130329
1903846
16390022
15501462
15486079
8077258
17464847
12704268
20936491
11073134
18925411
16363348
11582525
17324576
15181491
10219931
8332801
17452864
2855834
9768431
18594399
15965701
1292546
2295859
16204913
548181
10598702
16732010
3511677
2025507
2105478
19096638
20428018
18181740
7124407
8958381
1954703
2910675
4014878
9986861
9213351
11470068
6300132
17695677
16369966
2814537
17332082
2799404
12522747
18165110
7995584
19388969
8145410
1792058
20171414
15662320
2476896
18427911
19038598
323837
3053554
20591146
2583607
19094191
12960199
16493510
16325369
8863975
18421539
6456622
3328752
7955757
8710528
3977489
17630900
15039227
10695864
7447668
10804327
10850877
20636779
16961180
12744361
2800867
19880584
1469003
8361732
21441060
12396847
19898254
3812465
10675961
11284529
21833988
14730453
16606464
3456137
1942794
19233354
2492545
15672923
9106320
19701748
17629567
4044814
8022647
20375031
6641200
18595541
18343727
6854137
9036416
9519428
1586258
15060684
7957291
3555029
8472484
19384672
15316605
2499935
2352815
6580674
9752033
9145750
20864323
12385945
21756576
1566681
8905106
4036862
7522699
9714035
18834106
11300193
288156
1885807
21911961
20608626
10334171
20384053
15264704
8548160
14662995
865704
8637829
16051577
6189395
3254877
21911981
9571463
11199420
17413882
2228844
19931058
3349696
8416568
16156409
2070756
11248728
21441192
19704269
11940615
21485897
9280101
8864885
20966998
1595039
9770167
19780417
12828260
7874801
1393233
14974035
11820449
12671501
6809659
3211433
10546361
17103131
9132955
14666792
3320930
10437091
15454387
1895593
2179204
18657836
9770813
18444827
21348763
10508945
7498052
7162313
2368779
18091493
21783447
21816297
12838770
12211439
7071458
8416515
21030857
10715335
19916681
17540756
6749695
15306984
8979330
19198846
12063692
6543824
16858576
1775852
10968188
21473449
2250289
14515976
2281324
16037779
3971736
15156502
1816775
7720035
12935606
7703672
18207510
18777286
7766326
2759783
334056
16449156
10668081
3742698
18062172
16816518
16701039
13907478
3284679
18611509
19917757
8272913
19012561
16334850
21786548
18038133
3958172
9728317
20065877
16235699
8950554
20817646
7760539
20182400
12625855
16782988
8342375
2212595
21285771
19864265
6641263
8854626
397955
16230188
17982855
916103
21772193
10907223
7829188
3843850
6718124
2027983
1579781
8646901
17187613
10650388
18442732
3282634
21916775
7298692
10516953
627735
8425726
15075043
2967801
20636967
19999020
2012449
2665094
3336727
9877453
21677585
21073293
15067299
6546084
7384463
18022234
3885644
11219942
848568
1532700
8086108
16610625
4014282
17438390
9757779
17464875
3275709
17171166
15521995
8247620
15894386
10088678
3804903
7780395
22017793
16167739
7434048
17931221
8040107
608860
1872108
19024549
18975441
7554737
422793
8076117
3136417
1444097
16810353
2005148
8257392
9144052
20871485
3709023
7569191
9020229
19725348
21827630
18657783
15886935
7600229
8666568
20437368
1727365
12845291
21622638
8479176
9646800
20349324
21273749
19935282
3286075
11774806
10749641
16624509
12624022
701335
1423138
2202171
18439515
947850
15678498
15147992
11117015
3183756
14758208
6236087
10630504
22047594
875077
17220756
2734030
21693446
17127197
14723483
6345799
17277217
14685714
16226476
16769343
15828466
10402854
3832035
2568034
9810997
16205138
9467192
3734080
9257081
21644199
18718837
8961455
10894324
20006172
12120971
21189060
20459016
6915584
3789826
3797352
21534183
20177971
12173148
8223011
8354321
22094551
18584149
3054713
16288355
16462221
15704079
14523585
9654989
14631694
11972070
2567749
15664591
9431367
2726292
15757422
2131291
1504949
1494102
16516355
3218995
15681253
12829198
1489772
20093381
2380495
2266808
8585977
8946539
15069571
12668581
17670299
6279904
2475975
15246297
15866823
20808538
20440448
11084740
10230279
2147616
8335771
3894439
3488158
2915880
11871494
3434677
3245710
7638302
21622013
7384479
6828678
20434766
21191771
2377791
3564635
10713020
8539051
19721056
979701
10824955
8601852
15678709
12386595
19891871
9515662
19303175
20851576
3188420
19968171
17351778
7522703
3769283
3051098
2606125
19894399
4036931
18510763
11138337
1985594
8409628
9127215
7424769
20007390
2815553
2594323
2270379
21208278
20107833
3783264
9241910
12604949
11582920
6637141
6767790
7986907
20960107
17461716
336887
8753963
6923919
1986135
8284471
12643203
3549862
3425292
2003447
2171147
17301351
6131601
388885
19660991
11112668
3489736
15779621
7969765
103890
3143349
1747224
10709599
3566245
18759158
17510870
15702839
3936797
9503557
11039458
1545687
12943057
7991827
18316968
17336198
17701188
1665943
9427055
10442074
2242738
16983028
10805297
2910615
7208900
2346379
19917022
20943119
11460462
11961447
3160214
10553713
20595400
1559855
4082750
18177568
1258548
19491765
16007387
9471824
10748862
7761175
7777967
3174059
1270211
16886642
8387106
22081288
3980945
6369943
8449810
9775033
3728413
2588009
11591212
17204697
2926159
10619092
10724791
17011167
14648535
18098075
12766596
10831736
9167780
11921490
1067687
10393463
9880747
12027590
2281098
2778496
20622159
19050533
1854708
10952847
16793592
17966639
16702748
9442978
7805599
7452358
11131961
3931213
1731157
9138133
17933224
9404172
21034586
17588101
11899126
4021551
1776913
18817182
11297492
21489642
10824492
9289043
15789088
6514079
19641354
18227903
17003193
10929391
10369946
9606692
21947163
11475155
21135743
6783810
18443255
2589364
3871518
21091200
18538099
6192694
19880337
8867556
12195909
11562127
12660918
17373180
1505126
18812907
19117631
8071688
2213167
644761
11309368
11258059
182012
8130784
65561
2650773
335968
2228706
7886479
3483337
15113982
11421576
19773621
21672650
9265426
12213364
1810616
9346600
11669234
682778
8490149
12522329
12198416
10149170
20399289
2260218
2637593
21764560
21886930
18984119
2032817
7740128
12931298
7163266
8634234
18591604
12719925
21829419
18955475
9759819
9823385
21818032
2485711
6782504
6449803
8341521
18159347
19897435
3606852
20148329
1079691
1571414
18525477
17499177
16160116
6695159
10808969
3894816
11928921
20656897
11825008
20835519
2968907
12867589
19940746
15451346
18440478
2615278
16395425
2286585
7739375
9379601
14732328
7160999
14688567
18004492
19228365
1395366
21764526
732488
10972053
19479078
19755620
11328775
20808989
7114693
233728
11210958
11072116
6738099
22111828
2004099
18226087
20045802
21938373
19308407
3091461
6844609
17332132
12113372
16705610
6979928
19634847
12479431
16032296
18925551
16211191
12029213
10919388
7966485
18070069
16087039
21164237
8168892
9806372
20434794
19292310
4073081
2527114
21731267
12913776
7791428
19340370
10597682
12771502
17476515
10499387
705750
19447683
3106594
6395277
20148819
9889635
2939117
2950539
1573009
8682825
17956817
8008440
21669158
7983576
12722624
17039084
8962786
3314275
21473455
20839321
16806081
7969840
15242040
7696053
15672262
20717520
2079828
3485635
19192644
7008049
7787360
22015328
12496509
16836817
16714937
15153873
3769683
715465
12803742
1637958
9522113
20532712
20180105
14770261
20881165
18362463
8488507
1545958
1853823
6361977
10372623
608626
1178167
7671684
20171132
17900641
14508661
21109340
12016609
2037657
2728525
16275463
1991913
8537839
15878264
18708713
3789836
6774672
21403823
8373859
6580860
8190957
7863773
9387445
17333859
10669827
19370350
8055525
12679845
12218790
9213797
19384045
1488710
7570151
17530381
10218166
2911770
6958670
2152395
1759036
9627129
16081020
11574794
9639480
9036418
9972500
17404680
8245204
9606387
7853630
3680342
2694371
4001933
17448854
3555062
3503447
908939
1576288
16520007
19461282
2353382
7702507
7427775
18509815
16297694
7680983
21066865
16484704
15914351
7983130
17586446
2520901
11373587
19092608
1475607
8404133
11008753
3765225
8292918
21253516
10966361
7744934
16877614
3326710
3331735
20494808
1512935
21589678
10503171
9637697
15025543
21777471
3808245
19358404
16056187
12461446
721603
17623973
14632568
1923741
17626461
15864679
10604172
2326732
19371455
2220928
17952283
4077965
1601727
8525812
9448994
17540987
8397571
7424107
9167672
6529350
7377159
1785083
9011656
6098708
7712321
18332175
2205345
17196422
15622246
19269053
7932112
12493523
9078449
14969179
3137744
9622690
9662666
9729650
18640877
12930087
2029248
11592758
2218425
860955
749279
8118980
15121599
22032689
18711940
17100039
7446025
21311466
7079592
8682689
14619113
18977700
19506496
11159079
4087826
682005
7768742
11722071
3975746
18830624
17596574
2267700
3363379
12961081
9019936
17184835
2235316
19859045
17898823
17610280
3787090
8084177
12942283
8342372
18468420
18343744
15605195
17013739
15949205
20221989
17332709
9280929
11269818
10549765
16900845
1933996
15490163
9565077
19651914
18392922
6242206
9502088
18715589
1484730
470539
17045593
1294805
18577924
16882481
19998014
21669150
17145293
10213334
7638289
10582185
17925849
17613386
17366041
1558027
11181216
19816744
17642163
11181217
2218559
19332935
7309608
18562154
10728452
15883524
6629657
7979799
8156663
17926993
21799592
2672258
18845462
4028555
8162769
6121192
7342292
2640669
19629901
20021290
21221731
17823688
8104383
12806759
8411843
3195503
17692070
14752357
2663286
15315219
12539068
6488649
18448970
3993417
9706529
8483037
12825249
2374096
9310769
6630490
8166004
2014681
19465633
16374295
8926196
18324598
3884661
9110137
19578216
12801199
6740077
22027450
3706211
16297732
9127214
9687409
18566162
20367376
16826008
18090029
3916460
4042487
10745133
10551932
6456803
20622607
3171853
6641055
394894
20705372
2871091
21358935
19700120
11832012
18603342
12394709
8673587
14729050
9441558
17768214
9298446
14528456
12424589
2515961
6396837
9076787
9661872
16702459
3164753
3965585
6501898
18413346
16569232
16230205
6460496
830982
2027205
16487238
15674827
9670760
2849158
19588149
11332914
8117562
22100290
1620310
12394669
18475906
19211430
9795440
11680190
8420526
3277234
12818019
19078118
393114
16829765
1394400
6619518
3405444
21445024
3980694
1774925
8984077
21189190
20123280
20104149
19932646
9431368
20977540
21304049
20724346
17921638
17519711
3888101
9232573
21792030
2233400
9434246
2738772
9026404
3859212
17062430
7756361
3407003
11092186
7251612
368264
20015763
19415254
7667163
2445268
1262373
7614172
4042566
365414
1387599
21169912
10363546
17256570
1769317
8047320
2921935
15866808
6443763
17133166
12879714
7676275
8034995
11668105
2646622
17539760
1101133
7408380
8490699
20189900
18836367
16892815
19870782
6968540
9554078
899860
1917186
3788306
12948078
1565579
781725
17233287
12574757
624572
17980537
1336342
19491119
11582925
18361950
6668067
6951351
9250739
12496203
3893117
19127031
6365734
6771865
8567143
9832572
17128697
15287411
7792710
17566539
695182
10612916
17532546
1178860
10383779
6238575
3489227
8636931
19681024
17585263
20306636
285451
15716834
18019928
272456
2456717
3340433
3104499
19340681
18522699
10451153
20695387
9786544
2671874
3734330
17391865
11022283
8452956
19250048
269800
19038600
11814259
2775927
10078148
7401019
11908169
4092501
388515
9615352
19918551
7780401
21107772
7226972
8614767
18214044
3714999
20624692
14644584
18723526
20022533
21494997
14519358
2661635
15814050
3989224
18220646
3379540
3241057
9246088
17403802
7314830
9522572
19104029
8724196
9069546
17620464
12424670
21169933
1449581
7179087
20561636
835528
16434717
3405685
3878188
9552117
9185277
20838189
12491595
1743833
14745263
11475033
16799388
15900843
7169853
3942451
1247481
1444612
9105800
7853629
1632757
8480200
17999973
2594322
1571466
9918978
2802892
19852911
7039921
18394055
14508414
19632536
1685176
7555316
7138266
7495317
20838755
8329506
16523136
2186799
7853158
3616710
20069309
19885711
8888033
9545691
7851225
11132989
9005559
3113091
8742290
1852903
8031687
17021123
18780112
17307132
280425
16935773
3555044
7159201
7072309
2608967
15926303
7644941
1834293
8601847
18593737
17445737
17564119
3106545
17495376
11968746
11740481
10912320
8521652
11847931
6956750
19098653
17940735
10524952
17694818
6627287
1274995
19034453
2071276
18704849
19075453
14502060
21051440
8304737
19830527
3951010
2009670
11734751
11129178
20499774
3595235
1854393
10892684
7371344
21412742
1414049
16475418
3859207
3292493
3486178
19894265
16645491
10191607
3441326
3275512
711798
18765718
12212503
10622052
7092289
15577852
11354749
7754401
16894330
12147658
2797760
6471139
15911675
6522109
8180587
18261303
6699157
18548937
8161096
17562427
15940380
8169699
10485518
3716012
7369337
14726840
4038574
3928227
18850035
10418226
20157473
6147976
6474734
19071040
6460576
9623230
10051865
21618076
879110
11143193
10270312
21181410
6518835
15209762
6671069
21194679
21102218
489653
11393953
8475290
21686826
9376741
9025738
19709116
2688507
10756823
19750996
19097865
15995445
7133511
7791575
17905961
18562596
16353409
16227484
17571217
9877298
12794463
2415943
8344739
15007554
19204555
129647
7639487
9026054
6220682
19225376
17937557
18848379
790253
8384277
10159120
14723375
8260133
16106776
11766111
19404690
11162011
8683172
8737997
1061039
1627101
18178335
19480034
18520889
15704085
10823648
18248704
1456809
18300127
1549419
18518704
8062471
7072266
8469555
20728312
20567729
10506909
10597351
2592549
10101311
10795219
21682146
11204864
12376606
10535544
10369987
2393259
2693802
8430195
19496934
15703519
18227009
17198732
6230214
20186734
8267365
1613574
19646197
10881639
6697400
19030638
1455650
17410574
8482127
20119910
288157
1185737
18696404
15347438
421364
8421042
20123279
8710044
7071522
11770318
7416107
2732326
1580937
9530390
6267389
1713383
9932690
10319220
19226023
12560681
20362243
15266860
11498749
3630001
10782401
21675113
12522328
15680102
2068324
8197016
15482240
21473403
15768362
8766665
17087134
455903
522028
9036419
9420433
12227455
310376
19620030
10482030
8372337
19700997
10541950
14652892
9442603
19354132
20238378
6368609
18619936
1528338
6642067
18822249
15927123
113517
9774010
17065959
19500861
10534555
7977001
17905506
9364385
20032254
19578081
8646208
2134739
8591715
8272813
21221701
1603689
7551577
3239712
17905958
12782996
8351116
3527529
7624941
12846031
8683333
12223912
15742185
1553908
19902760
11972419
10376727
12285913
8679820
9392355
9916462
11732719
16340719
2129108
7617877
12457090
18785421
2193200
7457757
1390963
20915607
3128013
11547168
7425811
17878789
1455635
8872221
16575147
1068419
7709286
11465437
11431608
2896435
10879611
1960161
9192385
17009175
18355584
17089232
21169927
15460041
2212602
17762489
17554690
21610363
10869492
19537419
17228851
9243671
9052913
1428348
21221913
16172774
8492853
21795373
11102883
503487
7471551
1925176
19753226
10952854
2602260
3818921
21612595
8162001
17418531
3535048
11262785
7047331
1469871
2715815
17580212
2216386
9474479
3433631
3104871
9279728
8378139
7742446
19213623
17128774
9467190
7298708
1987524
16040603
16867158
16646644
10715344
22081287
2656032
6492025
8194237
10771951
15103479
6635172
11006914
2348128
8054780
4073082
15794930
12584502
11740846
2638255
12676068
19191169
1945515
1816226
3499821
2520062
9488829
3071895
9518209
1879787
9114151
12639620
2080675
7938811
12400529
4058217
17051356
3531449
1797458
7676252
303500
930254
4086146
19035067
8147260
14988665
1363018
10963422
21765226
10553704
10377933
2679877
1226675
7492806
20230432
11312456
7974148
15007551
10555676
1897151
9534680
3054761
8474933
19629222
15472563
17762729
847134
17308908
15741300
2570462
7723110
1586483
8040584
15199773
3581575
7376842
7017577
2785290
7096416
1523630
7136303
9612174
15295234
1523437
14693473
2793544
17909340
16483432
1491916
12969101
17337352
20398502
17972323
8934487
19208893
18166953
10853155
7273578
8268359
4019765
17642354
3301892
562998
427392
12850503
1694184
17415579
6368857
15724119
3058065
7616269
19046235
22138741
12640188
20567735
10879752
9030084
1924583
18435637
6279911
2680817
3589517
3881949
19466617
7703005
21381589
6121485
18410828
19779608
660930
20383509
18606349
12878885
1211411
6215237
18356469
21843723
6443773
2782841
7602668
12534044
20171131
1152860
11269374
2731401
7341654
8810203
21490766
2589379
15086106
20634729
2300517
6874943
2385452
18617880
15659076
11605812
19078430
9418149
16842714
105158
19716493
18776774
16365486
341558
7870328
8229705
11438898
7968467
6772891
10774760
8328777
8829590
15764180
8649743
9781777
18404114
17369321
7776031
7792218
2851771
19513937
15165794
7440267
15118542
17515238
12401861
10903688
11685479
10148212
10295899
19864987
11481297
19890626
19546680
2660741
2726296
3191465
272741
21360424
15759955
10622058
18459500
16454332
18036160
15589309
11052569
8211397
10452045
14515964
10454320
19150003
1358334
8265253
7728875
18299911
19573835
2204996
16806592
6703888
15325600
12563584
1381644
11598573
21193593
16759307
16723070
12073417
986021
6975691
18601821
14679443
8359765
16419973
3763419
9391803
11253498
20055843
7897290
2588839
19235069
7471556
9700774
1862836
323819
7527213
16873771
21707974
12812681
20118075
19494218
16118766
2695331
11839069
9202614
8264174
17541320
11503334
2646623
9779552
11853293
12181861
1592597
18315981
16092454
15046919
3488524
16755460
6623850
17695679
7401208
20300420
15480409
646666
15577309
16326242
3257618
18482707
15576184
2990206
17767096
7097407
9613216
3771030
9181592
18351127
14526205
8480438
19674711
2019061
19288056
6243411
21339523
8076445
1563197
7406956
3606353
8560684
17514012
19168022
16425118
12917118
16208025
12483342
17939311
16706117
1901932
12759626
20353628
19539997
21441720
15786395
7970693
19703955
15098534
12762362
11843558
7368990
8399868
6313284
8641070
16093948
6481459
12211902
10916122
7671729
16473083
11679215
2661908
21450957
20104170
18550153
7487753
1925278
9627349
19965301
19254506
1872659
8033723
1231157
9527282
1401027
8036187
14510246
2017614
6847537
12635949
10829268
17566949
3965835
20419012
19398213
3728532
7389242
16031698
15972915
19162449
14765757
7327996
15994876
15138723
2713590
1948100
3335336
15278319
1156561
15379034
6631521
1405569
4064611
1852423
6199302
3257728
18025681
6736682
1793967
8347968
20387775
11099630
6826600
17089092
15466904
8425360
17168108
11249361
17004409
7584876
19123052
9583476
17146681
18926001
3865630
1460911
7745085
10650491
12041518
3902374
6512529
17587893
1358352
6328668
11394625
17526375
3492327
8821280
20539961
18775568
19114970
7843174
7127987
18240918
9745561
15057853
20434678
15712088
15010144
19568027
17284084
7732116
20141071
19717560
18550461
11999822
21102219
10751868
11316353
1455485
12772872
1020942
15612358
7830097
20483091
8685838
21477698
9169715
17415157
156062
8023176
1097228
12078306
2746856
15147995
8328321
982410
20567728
8026133
8995457
19226022
11997737
15287412
15476060
17697738
10382217
7314295
6602192
1439903
8341185
17105493
18230551
3326707
15903000
729306
3165313
7715422
17762382
8570307
21395675
16331378
1524044
14971609
17598425
17721221
15730085
10064248
12828160
2625584
1403252
11722682
17993297
16174
16024681
12638303
6147217
19702605
17106664
17164506
9602806
3174218
1895274
16357692
3617946
18815789
2762034
11944550
16462219
3725639
4092502
4064404
8589169
1596700
20174899
10880897
18822896
19418941
3413976
18379393
17011286
2295189
2489764
9410623
16651068
3888847
16796969
16863496
3049669
18342492
407826
6983850
8829600
16209228
19232111
16669186
19829981
19483668
20044192
1741203
16808738
12633952
11110144
21300527
12811288
12737199
16305872
8935300
6352650
3102708
9849986
21251855
10101547
2798868
11599756
18611817
21470950
16239033
20688294
10472837
422606
14765345
2256390
20585719
16491384
1571454
17534042
18442163
6519810
16297731
1952679
17767099
18298888
19066767
2041162
10901208
8737685
16537260
9298445
9932187
16906077
17846691
16924842
6348470
3920327
1818853
320772
19955276
20526216
16230204
1447256
2924483
9857553
18606352
18200464
17933423
17259485
643361
6437999
3058075
19641161
10230277
16228171
12564525
9381214
10460504
21383641
19877733
3275695
21165632
1925277
9051860
20632509
4004434
9260620
10716087
20508009
1190158
1875146
1507908
3363458
8126911
22059118
16772953
15633497
17691478
9664876
1551990
18580155
174227
8747284
17097493
7866802
22127713
21194297
1442824
18354266
12467816
2460998
17608655
11794109
11474442
3617945
2870313
1562060
12115094
8482999
8998215
20724421
21559923
12597978
21517762
1476623
7790248
10768611
18065843
11932165
12593163
3180596
17222172
16025065
20182880
3177743
9570731
12080776
20213384
14676545
547162
19738336
17005871
3817668
9181663
7885779
15912349
3581574
8016677
18272342
2952246
6482623
2150908
9181609
1900746
19432666
11794421
21471677
19105478
21843332
15596184
6955528
9860342
418998
12409690
2041884
19709706
20422685
2965242
7429495
7011246
2266296
1287814
2068922
19579029
17956825
7795046
8824987
1178861
14656661
15523861
17954195
20634722
14676353
6693444
10101310
2939079
1988481
22014946
11820141
19747126
1934756
7625050
9732081
8855469
14697377
19837299
3805603
649489
2341455
16462567
1468426
11360773
15636572
2657595
3439930
6212120
6609179
16399554
19169679
12004011
9272994
11757062
7696052
8900324
3760168
190548
9521358
711104
8948280
12161415
6392337
8775714
10636124
7675721
9550597
19308545
8115200
10916130
11964974
3318654
9607836
17979022
17259493
10234486
10528790
10384358
20797739
2623803
686043
7867540
9888029
19630329
14556112
3507156
22065087
6617704
9141352
17998192
1473897
8494479
1154907
2365470
19307354
15574257
14579904
18767406
12716782
10758025
17515188
12567360
8473799
15281479
11862829
3126189
20675761
10505160
19991210
15485122
2797980
2915392
18262619
18416425
19050872
115272
8124893
9782769
17977773
7602508
19464635
17786490
16791440
20470520
1036540
9154954
20061768
8957367
9638848
8342934
12360010
2254091
16053043
9412684
9678240
17561082
16709535
7053746
20051698
3802654
19193198
16485191
18650578
2678296
6244733
7906085
20694846
21823509
19545593
526001
14593563
15668811
15077999
2317186
9515447
20224333
9798178
21558912
16160713
18420061
9006514
11766297
574584
2341891
9364384
18291611
16896820
10618988
18434553
1274105
770038
21262577
1479199
18630447
6474735
701849
18312480
12582795
11339259
2924482
16796859
12872559
6753598
6528446
19098654
11153983
19738561
11100492
6097118
15011122
1229024
8929301
10555330
12860662
742881
8472442
20307765
6361958
12015818
7080856
6573721
18342030
21284568
2074064
7869459
21458708
18673057
17990610
11534672
12828259
20040356
10052780
11043136
18306676
1540605
1399798
17956959
16249106
8766236
9825749
10561979
15478023
9446091
8832315
9680770
9711953
17646473
