3218148
19411643
19436626
19948699
17522865
16714671
2406000
6862894
2045391
21298625
18429424
11753774
18925660
8191296
17524535
1955435
8768031
20713349
12730650
16901034
15859020
15930536
12356010
20488140
6529292
9879050
14696969
15116601
17613494
20485910
22066558
16806996
8160031
22032997
19593215
18504149
12571310
19143020
2405337
17418337
16906081
19190052
2343000
12820081
3286838
12672831
18180571
9746422
8118975
19767691
873957
21424079
19214743
19038763
18350350
8758456
3347443
20692192
15338975
9195618
1748693
19106803
639387
8209569
3621714
18064920
3469368
2348075
3616446
19166792
12893040
9269156
19671032
14612651
7655869
18240798
11475024
20591548
1602451
22054228
17768200
2288044
17907425
1600653
19294340
8191398
19102270
2323132
18318568
12893154
1188546
21507464
17426292
10093807
9333955
17079374
15352893
11702157
21668042
18788232
17686144
17632263
9442140
19998660
8472450
15733476
16953991
2003381
19078448
8922894
19633881
15790081
15726587
17852160
11279637
12748664
20632983
8548434
15212596
11281635
15908882
14667097
10357531
17919538
21343561
18364618
17689775
4090454
7036444
20973361
16456688
21873000
8723366
16383049
17045410
17079370
10370163
1944426
2016611
3315374
2325558
21430877
19123899
18507947
19572036
19837551
7506786
20566783
17485992
21228901
21902125
21212433
10645131
10602871
21512065
16881128
16841609
15990868
1916662
15326876
10468235
16936182
14716354
16388300
21469180
6693113
19810620
11162013
165574
21148812
16488645
21472328
18613812
17171218
17585265
2312714
20190302
18288557
20229363
7336101
21366807
15577479
3733771
12180034
9097181
9779852
290418
8777007
2622641
9580342
2402982
20962192
2612502
20124057
17560140
11057468
20101129
19753173
10503109
3840407
14676336
2173056
18585606
1304409
19212660
15250246
9206076
18349794
17194169
1545963
19089465
11005519
10946902
2144081
8936529
9275339
19011355
15577480
7575881
18516591
20722620
20072741
17194993
17805131
19138484
17084951
7574431
7671535
17555905
17722238
18777578
17768196
2295170
10569492
3799680
21252851
18701230
7580046
8051464
19767707
16298813
15590840
16281524
3698397
9813677
9444066
182436
9917709
20459490
17606496
17079384
18829511
19358908
19885432
12395272
9855199
21947829
18839180
8508844
1555333
21347801
11300292
21899235
19514569
19292187
16462451
8915784
20093062
20207182
18519326
17479249
16762071
16228172
21350057
18240669
1602335
21722359
9773971
4036388
19389501
11147694
16394757
1875464
15891920
16986348
3601461
10546358
7032187
7899168
20094102
1384887
17534204
19553647
16951093
3564648
7226611
11210953
2380584
16230241
17499130
16538509
20848442
2925717
6926811
16394766
11124280
10437715
2380501
9234882
1548443
18800211
16140106
19277823
18355585
9314511
16228676
19898774
16425722
10711375
18427746
7672731
18928335
20676017
17996473
20403529
20015718
18510001
16119308
2584991
15996271
15645200
19292322
20369521
11302307
21776574
21663843
17872813
17084167
21410119
9922427
10402000
9586255
12411164
9867047
19740716
10875137
9070523
18167381
19309401
17079367
19762379
17111774
15864040
14686823
7274898
18285546
20148327
11505619
16720557
7165500
1718104
6361038
18097268
7874626
19151898
8047358
19879726
10855874
6339146
20306956
1058609
21992554
20728033
21528434
6648565
11694426
15145480
2659599
1192749
6484789
9058674
11039794
6753268
21701549
20660232
20151305
8998870
4059933
14965877
12001412
18780187
20385396
4058895
19576836
17183355
11085348
22035896
21709032
18446257
21805361
3876748
21887911
9494495
19345751
17278070
10853887
18310754
16958446
18712375
12838058
2112875
6361747
16880082
12208916
8153314
7067459
15459215
11987067
21961405
18472526
10836373
20217102
15145481
7989384
6621356
9308542
20205927
1437259
21153536
18642292
11319488
21210512
19671655
20594040
346278
3312208
20719092
17195126
15843782
10434079
3182310
15634821
19605337
11060435
17015600
8306219
2479216
3391807
15577476
17419206
18536239
15089083
15469229
20357229
17079378
10376785
9655104
12851341
18758791
3961520
10487572
2791460
18210081
7600213
21817003
17147460
20797471
7036649
15598705
20436104
18342031
2909438
19346864
3737202
8337153
10986894
15552159
3969575
19633863
20363566
2194721
20435482
2396333
18762106
19395984
12439325
20116705
9372784
3536252
21477531
3672014
18396703
12690836
20467741
10982687
18068658
17409739
18991344
16432280
11476318
7501820
1295089
17151713
10509204
9536482
18350347
10627350
19522451
14689330
3487947
17596068
21910867
20947430
10554051
2732252
1765992
20390263
10664439
3063055
19197852
8542711
21114419
10663588
8738445
2630117
21273647
18534513
16706598
9005894
19918142
19501197
8633116
17439929
15562661
8018506
16753744
9917747
9251731
639407
2783898
20170436
7968479
20582497
20860977
10627696
7807102
18063712
8122121
12004693
16193363
9110139
1672787
17966453
17079381
17207445
9590642
22022684
15292803
3886252
18032839
11041152
21743407
21112522
20971371
19953244
12672844
12783992
11223710
18698082
11450129
15043089
8607769
9665009
20191964
17346585
16687238
21106414
9741359
17569974
17371659
14570620
9460954
11386108
21776579
10750005
8504596
7033231
21664836
18398979
15111901
22024298
17299010
3535387
17124083
21571987
16885050
21997225
21807133
18088878
10402528
18087050
2311993
14736475
12645123
8518313
18196408
1433440
20118739
9457330
19181970
6625100
8749758
17548931
16139722
10097304
1257681
10507084
10149661
6603490
19203057
1210794
19726304
11943082
11373876
18515735
1732092
19372889
17016216
7085504
20559805
3960773
1852998
15249985
3315373
10475550
17768614
19371817
16263616
18160564
2721056
20603867
475654
16212571
19753175
8358972
21332734
18203310
7220878
15241316
6432661
1224152
21358547
20721711
7552684
7489300
3720132
16957935
20407035
18396704
19537656
15617312
8961364
20534247
20695186
16969118
19823648
11880908
21762241
3602425
639384
3343632
21935720
8621985
21400578
11203755
10912536
19862528
9065655
3006960
3832679
18278731
17223592
3213165
2265390
10609074
19232995
11918310
17576732
15637478
4055502
18160098
3457916
7719766
19845723
17548886
17079385
15830239
11728070
20120675
7608231
21075651
10810471
7717367
19255196
3585183
19999875
1372850
14646704
17194996
19433387
15132930
11877608
3201635
7217126
3417702
2246284
21637997
11347853
3831353
15875161
12771833
18829920
19056920
1555355
19997828
18380930
9779648
10357240
21980249
18280423
16889666
16395774
12172276
18451370
18021344
7734669
17929015
17998186
21425048
19136423
20006166
7694820
21234334
19571092
14623676
21808691
3012021
8664036
12578996
17200308
18350346
21808668
21084916
8322268
6625708
11071978
581522
11764362
19803968
1960206
17897514
17002576
16670551
11145813
19790047
21685474
21551338
11347846
21926848
8550679
15055314
18165036
8915913
21954448
15938609
20306090
21394500
17701225
16691145
9199068
18064652
17545429
3704210
2630989
10029039
18648353
9581243
4062517
19597852
20099672
18486780
11575911
12483006
10888160
141694
18357495
12931820
7883932
6705378
17663640
9973055
2663288
17079364
15703312
10627727
21812716
19183959
19730871
19080460
855015
18757173
11347849
8217200
11249168
7955894
21397806
18591591
18501105
9523383
9395761
12923488
3188857
11287866
15271548
18719618
17078515
1188989
22107098
10669828
19640674
18165038
16796276
20044045
12001411
1485499
18221397
3720087
9194227
16317756
2016603
19385520
9641275
19563714
16383048
12449457
2778760
17594855
7831066
14630848
12180619
654451
1424959
9170368
15762268
8618169
8793812
12093241
7860394
17480179
8972521
11125186
15292419
7963326
21527934
21199381
15918066
6825344
20357319
13678776
20955948
10925752
9989846
19727054
15908888
18054675
20387032
7899631
19588757
8679412
19705049
21217623
15724856
17228672
4058896
18487096
19837552
20120677
21062718
21517805
20733417
20127847
4028315
12493933
20605878
10076961
7226091
11302302
12452732
16933375
1713910
11550870
19521766
10716162
14656884
20362507
3358670
19101149
1462742
20333419
19705098
17161606
15936481
12794522
9005899
16936588
935406
18234504
18288545
16186759
15182798
21172641
11471113
20844158
19148438
15691182
14765278
3033760
18297285
1586581
21053883
2952383
17042240
9704320
11511906
10650859
20119747
17194992
1421996
20614268
21140589
17993950
11057470
20227995
15537448
11685042
18180594
21200186
1887245
9177799
11315342
15252091
10616023
10418061
19370189
14658077
18449117
19583542
18350351
10986303
15532312
12876044
7798103
8628875
3161962
7713978
20033673
21164039
19358911
19047713
17472309
2176330
20196435
16267411
19634830
17576554
9005933
21786259
20437036
17996610
20065767
19609482
14965623
21291478
17631371
18195538
872507
10941810
19358904
9706291
17994232
14996926
18076933
6450108
18683023
3313165
15067550
8142174
20200982
20434669
7634712
12189463
18317048
17479248
15568539
14612634
15507502
7288270
12079156
16960697
16103697
22035481
19101480
19070505
18932234
9817660
14507506
21883630
16581462
21450547
17693231
17079373
17079368
6762359
9917663
17473037
12489304
18574650
4033409
2685871
16683515
21841993
7150897
8550676
19948381
17403799
3597492
21798645
16835780
7579422
18697439
18054669
15156333
19716454
17210434
11845344
17079361
16194330
7034044
8168285
12637440
2570009
1872161
1739106
18793004
22087452
19300372
11940621
21440996
2200232
10654030
18256080
18927251
20567715
15348569
19553132
18084661
8141121
11868505
22081289
18572171
21483016
17591816
16938648
15577477
17473141
7744892
20360519
20012628
19155608
20497760
18065983
2471231
12473714
21472086
19936885
18775204
11371336
6351695
20172606
18557500
21881516
10613236
17123911
16865715
16480939
11772253
15361738
20143191
11033901
6393321
6671916
8653949
17227901
2661034
15940488
21948031
11451970
18355603
16123897
9446438
8502403
9192509
15241243
3893449
6758472
20522306
10580944
18288554
17338462
7754020
21742155
15271544
12085294
17472506
9690538
20075406
17639752
17560159
18068792
18201600
10081042
8449806
21436088
21659956
20229089
17483650
9606702
19753174
15292407
1710826
9581250
21562859
3449311
7698940
18423292
15271533
12928943
7709244
14648271
10859106
16750501
9006770
10943186
20839688
15567538
21051658
16759580
1738967
22004681
21046819
17598065
19903091
180606
2094208
2735102
16820986
18362790
2019045
20491231
18679763
16075275
11006945
19444116
18088900
12143171
21858393
20872320
21163625
17760533
18511715
19714276
12954830
10875136
17118295
1006128
21256254
8235665
21365586
18982915
1429800
14516032
16951092
7040783
20523998
15165010
2251653
2014321
21667908
17873999
14676335
10220194
17079372
17181837
7593093
4058901
11073134
8039344
18286352
1896222
7371348
19358907
17880871
16795092
2794022
10073583
15665690
20381398
6701331
19363642
21058881
22041409
15948442
9005895
7428214
20812581
16680330
18280456
19882100
16369966
1727284
460835
9005903
518140
20353425
20819379
20415086
17882891
9802968
19085717
21776548
16056176
2577585
1982677
7844125
7955757
10584942
15885478
19358902
1861027
20151111
15050197
12783676
12172718
10616815
18199383
18282367
12215017
17197204
8210586
20425744
17079382
15672923
21493759
15662317
2238715
781788
16738924
9507464
19465668
19444384
3360604
21056922
3903605
21358249
17530382
21327733
19102196
18167482
9517775
18154867
18367483
21882508
15116651
21351151
14574606
11315786
15868932
18715819
16951116
10653104
16784624
21359510
16677484
11727007
12634533
4058904
8783820
21159990
16568881
16478393
8519124
11832032
8194252
21865285
19785219
10073651
21437877
19838347
17972610
3902844
20166375
20859645
17236300
8065806
12682889
18022461
17657174
17142405
8924448
17079377
21637058
19326047
15743852
2207777
19122270
8461419
2824635
3975721
7263468
11284580
21681711
19268836
18855272
17552301
15382561
2040825
8113254
18595621
10943181
21941148
7075342
16162982
1914423
3193387
17970689
19529949
12051018
3332189
12046906
8147259
8050228
17646812
12783993
18958445
1920314
9807706
18528681
10536481
16056053
8981890
19918106
15040841
18669971
20556671
18171964
7948980
10663752
18617343
19461370
19169448
15893529
2101835
22027774
19685004
19358916
17562434
7341054
12579010
8286018
11782635
15577484
19585886
21925119
17722968
20404755
16687550
11482132
19078493
8775396
18350348
21479762
16097546
21605443
11294420
2317754
21751240
19036117
7105566
18402375
16457448
10633888
12197024
16905904
7339348
19619192
15224230
19675659
8981889
6481723
19047961
20452814
17164581
18336375
18786840
9435385
20346232
9930105
21455102
467082
18506174
19621321
19547906
9269159
19047674
18938768
19091894
19078227
17671011
3451917
17418249
7641462
19536938
15792124
15061230
12690862
18827598
17548927
18849018
7053744
17016482
1441949
17062720
9275911
19384609
10742807
14677097
18757967
21285682
8498173
19925985
19436946
17041774
10641702
21821156
18528962
19231046
21358516
11341431
11078537
1409128
17079365
781808
3570754
8358924
10212609
15205891
16873332
2105026
4095475
15866850
15788307
12132188
19570696
17515243
16194444
15173287
10990229
7124394
7940332
11011665
12655197
12540435
2060221
9467192
18376353
7634653
16720766
9522500
21131164
20637561
12399710
8046492
19753176
18283234
21524247
16941133
509830
20120673
20575286
18330663
16929435
1853224
15063878
7634607
19292289
17545421
17079376
11340250
17906299
18506991
3841640
11739158
11355577
15739539
9563382
18065882
17483646
18676894
2656818
11021453
17288976
11431632
15055493
21814772
9010089
16966893
21672321
8806003
20463781
17974890
10419872
19721056
17697651
9932185
8542709
11005514
17351778
20411172
15995117
2035008
3266251
3769257
17767097
20120676
17223585
11717861
18359599
19700915
9682079
9973904
12151895
17649782
17200539
21129835
21208278
19478642
18830580
19572037
11730331
1929108
18190872
21392478
8992634
9880179
15972352
8742298
20458574
20227897
17272447
18378544
7018086
19413658
11186398
15693103
11810157
20810858
18758748
2594487
18632450
280643
19181978
2216448
8509174
19742083
22953645
21246519
15099627
8070190
20646476
11760400
17043761
17472306
20514432
7146928
8322579
11372349
17431732
19917376
20821003
18068487
19292331
9410105
12951318
18196253
3343900
12730763
18648898
16253510
21210617
18280193
178115
18938273
7401207
16423955
1097664
1994431
21622014
3260727
15550853
16886642
20407762
21986747
19909013
21902152
17084540
21258276
10750016
17912674
725464
15995111
15357627
21857441
20663005
3594982
12728027
21524811
20434677
17554735
11347854
20232071
7006046
9423603
19530092
18928798
22108301
20170852
11569364
15556590
16555048
21803092
2173606
1370932
7794369
9502090
10654472
20182877
8184262
20508948
18641435
21958301
11227348
12461352
6376143
11744854
1296506
11704199
16947089
21040087
319620
11547379
18403302
3414672
2088652
21857040
7605958
17213422
17787012
20414026
8320274
434718
10646120
20060339
2023227
1991779
7699492
21957837
18767452
3286078
20595565
991510
2666901
21980013
2261723
2202006
15043091
17403793
17625723
20819131
14587990
21125137
3731038
18350352
20119671
8326441
15081848
12036828
19129349
2105154
12942380
1532547
15142657
17303219
7180109
15256627
10374572
10818981
16517369
10611887
15691298
668394
7932115
424787
2909084
11096017
19187694
12360063
18971679
15631780
10098052
17199798
18537779
9917611
991495
17602347
21049601
18924068
22010070
11117293
21206758
6611952
15124053
15533140
16024140
20576660
19100541
10101320
15090274
15872400
10535367
17785387
1728999
8045734
22019346
11233729
21187595
19308004
16645229
21838074
3022570
15773638
19231785
18077170
3572860
12921731
19571297
10541125
20124068
9531200
17285274
2364600
9926952
8595753
19523328
10081781
20361186
15908887
19083645
12673884
20734200
7543803
10374596
18685829
16115375
16877152
8374551
9570164
20156665
21271320
17308478
21195976
21087905
7447966
920125
18979157
2501309
12635505
8416572
19615909
20401503
17975682
16452750
21744057
9361047
6658321
8433196
19790176
16836817
19801210
17906590
12794257
21957430
18644240
1800777
17916988
20306261
11928001
17972612
17118761
18804037
18956184
12626887
9458634
16919199
7807101
10791585
21953994
2722949
16757774
18351128
12420562
21403823
11710619
11879620
18361180
12001408
21644195
20056374
870284
17925176
3041493
19195232
3679920
17454755
18438884
19651942
14583680
10694287
11347822
17483642
12142835
18762094
17940778
16314715
9390643
18182855
20946575
15201609
7833890
11801763
16211002
18350733
3417701
1626289
1631335
17515569
9758344
21504254
19412101
19485261
16529012
3685466
2912999
21794403
15515792
12473701
12414872
15029036
19404804
18349776
16360610
20646357
9507463
19217014
18683218
19838673
19769473
12768832
19224304
10633462
17912084
18636218
1166335
19805581
10077138
3238672
16547070
17915996
12627151
15618509
20949756
10416397
18396700
15271549
9167672
12558783
17637239
21641868
8065748
20962632
20544659
18190689
11046169
11832315
18245580
19432122
11742465
3317968
17326477
19809818
11033897
21638970
11347848
16249730
18820850
16831667
21693503
19329269
1129580
17318897
16418689
16889733
20580566
16702591
15211280
402523
18554944
16124969
3180552
19517094
20421485
17596574
10914865
17454933
10826708
11582637
16620700
17153267
20841949
19332450
12555188
12851355
15271545
19810397
21411688
10204945
9372754
1948447
21524281
21826172
4020583
12528986
18310697
15470659
1294805
19305269
7606421
12589151
12637438
18837481
8237319
17266466
19257812
17548934
2619537
15898566
8832324
12728434
8905860
21081568
15660062
19050525
7351411
20200938
20099338
1667185
17142406
3907266
18562154
15641749
18088899
14608742
21250424
17308484
2185360
20950722
9418637
18231649
7094478
3972693
16794525
7288769
16638453
20376625
9225890
17202926
19748711
16429981
19461375
12653383
16953982
9674926
9926948
20614264
19836866
9917684
20129822
11858362
2582671
17498916
16505704
9438086
17548923
19022351
19681933
3549092
9917630
14711939
9143977
18460263
8416569
21809068
17406800
17079366
18853454
15948471
15995873
16120913
20411150
19240969
15271537
18413346
18306106
21801665
15259553
7593097
20234324
9283841
606741
12835068
18703870
17963952
19111218
9670435
17534207
6357584
10963173
8964554
10806527
12478064
20146637
15573238
21374711
21112713
20965679
2408101
7529814
3421080
8734798
19450715
19648147
17253101
21415679
20354251
9917651
17905677
16677567
1442396
19449187
16886875
21298747
12679688
8909726
19570737
18686613
16555049
19226032
21225773
21410117
19796590
19514577
2816316
18453651
7127963
15775279
16854503
8734702
11347834
21323272
18312678
2269777
7326618
12399711
17200538
18300641
1727938
641083
19627524
19241981
8039288
12579000
21960243
11563584
11770392
12539943
16481822
22118482
15187864
20216125
19462767
7794437
17909932
21621960
19446052
11516363
21265198
19621230
3563379
21299894
20830479
11210960
9664068
370630
19055793
16314295
16523328
15490180
19785827
2023054
2252042
17236837
9892118
19413677
17958228
12163624
21340568
21478047
3668552
15788306
21849044
630293
18254568
9257966
9474617
18423269
2942925
16868444
3130334
103670
11435043
19371819
18971675
11847610
19011472
10428225
1592269
11822687
16331016
21570775
12188497
11180912
21075661
21149961
8457419
16872925
16549163
16971366
11371809
15138729
10376725
16800067
1948096
20824743
16838042
21353695
19186078
18297368
7232160
9670331
3673193
9916185
2582669
12533580
19530591
18847649
20946580
16958449
11339099
20146035
2044261
12889862
18940506
19004033
10052789
21526399
19885711
8737728
18351424
809521
12932315
17660780
12355139
17260193
15604217
17920353
3903602
17562405
17533726
20202091
19121745
17165036
21600822
17079369
18979866
10081778
12555191
8490779
11685144
2120651
2157243
19885431
19122265
9316722
17482847
20367090
19665715
19114350
18071931
19850482
21847749
21688547
22041373
15930934
8054547
19133952
11347831
18620886
8474968
10743988
12942284
12824505
20354742
15913175
16264111
3183135
15099628
872504
19385521
10526490
8929296
16315067
20072026
17468844
11727369
7421733
18602738
12861671
18261303
20830473
10643396
15723247
18392909
15292801
17163193
19411464
18657449
9005896
11733951
12004016
14606515
3992150
10613163
16429116
8012265
15470526
8991993
8867543
11865775
16205159
19071040
7482313
17063053
20190997
19169788
18251007
19531404
17100403
18218584
21211749
639412
2336289
21292541
21056932
1192349
12395277
17548928
9719396
14555271
21808713
21474209
16768928
20946656
9234881
15805201
16429968
8856776
17450346
19480034
18725346
6893837
20514453
18344935
17548933
9683771
17109121
10614883
16424812
10919241
17563854
21438337
8625585
15074462
8256488
21798442
18037348
21794615
1288400
21857436
1054396
19371810
12931811
19142686
18629460
10335299
20020334
18356441
21161435
21469042
8408249
20963531
18716432
21210629
10875131
12580186
17972611
19265689
10355720
19438471
10504827
16328760
3440795
17340103
20387346
14713883
2218361
21719979
12189457
17448709
1304641
20946206
20434422
17585493
18523602
17079375
15251499
15125122
19385538
9852807
16190593
9854000
18071935
19110162
17079363
19465418
18683891
15533979
18320133
17088780
11853079
7939232
10875138
8445181
8880450
21207500
16505705
1495378
7878759
15241159
16323736
6128961
2928517
21060033
15685079
8116415
12144752
21131037
16544026
21119471
11347825
22009963
21079507
1015264
17577204
18222714
10608964
18572421
20660233
15246483
2384503
7558488
20335756
19182368
8307435
19371821
4043893
21914435
2756180
20953930
17878149
21636626
7595005
1985324
11986480
21519257
7619640
2229973
22049967
20310042
12954821
19002743
2756179
12430099
20851366
10660204
20584501
21886002
19594037
15581761
15466732
21209264
20605289
18453656
7187127
15685049
15797491
18423296
8308484
19277811
18676801
21943059
18783740
1564465
11295346
19683365
21779716
6705400
17999023
9768897
12111766
383717
15448886
15833461
18991185
18503912
17937789
1517078
18501224
17445109
20677663
9467190
18298825
7709246
17335384
15887586
21343508
815526
9005900
8153313
2394053
19105433
9317200
4042481
2661022
19483226
17545793
10459327
2067707
3188855
16776417
19107648
9678041
18754840
11077395
11910938
10701618
19339576
21880191
17127202
20147814
3247661
21691909
1604226
2606123
17142940
21727006
15830651
20437019
16996569
21909464
3735287
16423956
16957978
15271543
15891542
19592261
12578998
21210618
19214681
15241139
21343556
18797941
16918233
8934477
2791384
3479230
15691429
19536522
17082512
19529935
16395165
20415073
19788843
18327630
11347823
11877543
18280968
17079383
12124533
17526549
9553564
15789002
19753178
1784891
17258449
3106631
21678700
15775557
17079371
19209471
3690960
20639624
20177787
19102173
17921020
11162698
11837835
12437904
11051216
7554657
19952255
19021230
20452176
22077340
19648684
18404107
16269429
7939838
20683668
11269807
21477374
8686049
3207375
11845354
17981488
3418124
3581567
951827
12403392
16334883
16171012
12942018
17495294
19447488
15839063
19810150
17062710
8161067
19385522
6630256
21902161
18647089
21857038
21030265
15466758
21736710
330070
21236370
15590841
8817751
17548925
11180927
6527336
17374348
8779024
17553207
16331002
19292185
7272956
18396707
18196389
17596069
20668715
18309878
19371813
1287771
16303823
16798918
10859644
17172192
14563146
10188058
8915061
19840514
12235554
17414023
15784727
8423421
8081338
19047706
9020217
11759575
15908880
16097544
10391544
17217441
11218300
19297785
7025559
21952925
17472307
20700675
16203877
20877951
21191607
9816945
8451934
1912037
8119021
17015591
12011693
18037875
19165450
20367412
16465945
17695048
639411
18664637
17530378
15662321
14611071
9973987
11246673
11262519
17402875
8542689
20400022
2317967
11483165
15135858
12218481
11488085
19013624
20701670
20402122
18978274
17213231
12634415
20589085
17959890
11153979
15168180
17880759
21543681
21395030
18468472
21886689
10874227
12477232
6313284
12126686
16691273
8550670
20615236
20112393
853476
8804283
10024387
14612643
2539616
19563010
11452073
15233171
18389787
7327996
18515955
2469808
19410063
6339133
18451392
11408503
19364273
18391681
15498705
15544694
18979869
18399603
17828069
17196423
14646705
21342129
7334088
404905
15741616
10204950
14714508
21660880
15466755
19280892
14510760
14646726
7955674
17598839
3612142
8442818
3681817
3708983
2360427
19898910
16904585
16788401
10822406
6874923
10149658
22035488
16644225
729265
20238320
21354008
17183620
1296502
21047598
9574479
8820093
18314372
9114199
12108587
2743670
19995317
17257537
19292382
16936581
10863317
12111074
16206753
17671007
16609965
1557542
15045554
17273045
18180589
17711904
21462822
8403643
19768450
12172590
20577074
18851803
10546601
803182
1984549
15271546
15287412
7010580
20972847
16567786
18799279
16878067
3335104
16023001
17016224
20009603
2805614
21119470
17540134
14963622
20890859
10730163
15062212
8570951
22096437
18534498
7073443
19784647
16324519
10609486
17297328
20086027
15116595
12714913
21485569
11810166
17463110
8198775
6705363
12068421
19432114
11012443
17346586
4055851
11819136
3174218
11476303
9762335
20924189
12818227
15523020
17874047
8852577
17157723
19179412
11774148
21083035
11084160
2688835
18396702
9229418
21122971
16787865
6833321
3797671
15271535
21316136
17925174
18331183
15311118
17003614
11685843
21673601
3425277
17442995
15145488
17589365
1523433
11288018
18069279
3192575
9314396
1006122
18225777
18327629
3576248
21654471
19251232
335661
18214501
20946574
8448962
21120861
20621176
10680193
383344
18843462
3893835
12173783
18202079
18310683
21209737
16623282
17548932
17868526
7970694
16901028
21359628
2057798
15934823
19302052
19264709
8242020
12672200
3393675
10402388
1883703
4048556
18555863
19358905
18562373
17079399
18979870
15757764
21995387
1456019
17715838
17091278
11402412
20135592
7593098
20204605
18949974
11988722
2647752
1311760
17003168
21119943
20153079
17906209
17496750
15929121
3496925
20490741
3714996
3342554
21464501
19165939
7554637
14963399
19384490
21593365
7963807
16574548
19347413
11064500
9101497
6201927
21704534
19478932
20058117
18461136
21196554
2009680
15776141
11903581
16344954
8872754
19238931
20810140
20185345
11242248
21510174
21843332
19634162
19358914
15122554
20618968
7112184
20931322
18310696
21278692
19142692
20217394
3905190
12165099
19878640
11479761
21127436
18288984
15807925
10614884
10506243
8701242
17119409
7706352
21146154
10613226
18779654
10524553
19422147
8866278
16454811
18519322
11023556
3435234
9520887
9733445
18848424
17166092
2341455
19763724
709939
16344497
20840762
19070762
15739145
11155587
7144563
18810918
21771007
18542917
7798107
19959028
17259431
17994116
17072246
18633612
19371820
11347847
12131754
16763523
17483638
20561470
3175105
18069520
11497365
20001766
6621357
19149997
6735730
12733391
20579374
17341674
18562358
9692940
16931094
15891560
9755775
19074102
12714225
18254053
10987006
18495570
531470
21903004
615082
12735623
18422377
11005784
10708081
21702241
7127940
1395288
11347824
185004
17683649
22023898
19739420
16882895
1934731
7029616
20511696
346279
12180617
18360802
9342809
7552685
21531721
2096046
15271536
20108086
20173017
18632461
21785318
19575201
1571528
19056406
15633957
19360409
12461253
15723194
12070505
21667895
12957801
20347396
21635808
11973548
15045538
19603139
22126353
6671918
21251073
19098654
9345216
2656719
10509689
18248160
15328783
20369520
7273527
11039804
1441958
10546612
14705468
10660725
3903603
11104401
21989437
20863761
19360738
15628831
16523052
16910922
20123282
18253985
17321441
18536905
21510356
10903885
2805472
20668972
18442742
2280375
16442607
