21121523
19491639
17214072
6019055
11147073
2453995
16956505
9796090
5955716
12148399
11476706
2010759
3605809
2034451
16753852
11799385
11273135
3731158
16388239
12959768
16705513
12187822
9517994
8390820
1300404
6848132
7672955
19142440
8637971
10703238
8476621
6676982
7397485
867638
2625020
20847659
10791079
4037419
6203209
11804443
10959442
19023607
16832629
2018421
14642958
8234907
6319613
3588143
12889662
10926261
11175623
11191438
1177401
12162982
8108292
15326907
21686848
15210537
1877407
2222741
8453369
15126157
2669097
19736167
19926523
2917501
8606438
3544660
15700633
9789952
10774686
3803904
3016349
8198856
15253400
15960289
12150176
8489405
17619698
1748164
219685
20705279
11218586
9051559
8638175
6717744
7485410
2026538
1200895
19661624
403510
12791059
9917792
11262699
16522553
18301361
17140136
15622550
9868315
16006781
7801223
9344001
20586511
17494512
2499490
18460632
17179125
17985595
14744639
3802189
19916853
15981682
2040349
11075623
3044376
6579048
7466594
19188266
18799128
10389510
7120007
8658351
657600
3586408
19490762
18436163
7896950
16193254
20580187
3791864
8551881
11899184
21330322
20628321
15060271
21279534
9003351
7387507
21453618
10832232
716169
2540610
15951902
11004311
8592060
3629912
10204591
19605898
16311668
9933330
7067594
11528615
16025990
12849886
2581860
21251303
12599157
2899492
14960028
12818770
2272576
17185853
8066544
8032480
16227336
9187452
8784142
7266995
10921523
1673051
9296191
2012152
7087361
21422624
9560764
15051206
9529722
7549337
18486577
12504706
6192132
7761230
4037464
11754165
12358617
18392781
17972826
7197706
19955198
8138303
10363307
1793697
3534008
11007029
20971412
18404378
19617113
6964034
2613951
3008974
8062768
19405946
21388342
12296473
8323821
21140038
20622285
11213571
18537006
11196356
14079136
8435396
20405026
20214092
19653520
8172044
19987027
1234687
7797083
8516554
19942371
17251833
9646087
1684469
21393882
11176937
1629121
12412732
1812335
12937699
14982742
11304601
1289581
16914067
348123
18604077
1618441
2126822
10754439
20302415
2394847
7175710
11061773
11456261
16298820
3513096
8664487
630781
1757034
17415700
7521625
9767744
1986845
17102073
7792211
21407799
9538419
21686983
12867409
1223866
16128243
16471252
12544775
434059
17445012
2034453
2921537
21494007
9158274
21043356
9060233
2017710
18513842
22011565
8592892
16987831
7861584
1242599
6859458
7709411
10438073
18326695
9279403
16538454
11725182
8411316
3338288
10866335
19803200
11718282
1562907
19177169
6444713
19481995
7361850
2486216
19890748
11363631
7483219
18457096
1817028
7132192
10698140
12988053
11255616
8338991
1802839
10908442
3051878
3858273
8141438
8794710
10437973
21701657
21180433
1941429
10365029
9686250
15284948
2817844
19203989
15560387
2584458
18008055
1577287
9457906
10385868
18390141
16322373
11365215
17457451
17556428
17642153
2047705
1588899
8337479
6146044
17160105
2959226
1738307
11824775
16838255
19728942
19558055
2414352
12044305
9720701
20979170
9794982
20801145
20578668
19305028
11538841
15662245
2723566
8068439
8264834
14285303
14996111
11015547
9152802
316638
4039924
20887916
18449594
7798529
12214930
12345139
11060494
20041236
9717186
2057423
17589016
16610649
7133311
6342735
3970765
19942964
12131473
2930405
10371078
9639241
8935417
9473962
20205760
19717876
9259942
17061134
19622712
11400753
8707964
8232935
10386532
19700875
10883133
1299053
20858306
11383383
2076357
19185416
21209514
9610037
18763151
15798352
11930010
2527705
2791249
9924545
9381087
17938625
4016596
7695819
11327232
18232175
17333797
3545103
14719517
17882998
3144186
2287321
6945867
21783517
18203106
16407484
8171308
21810618
15260391
9185311
20099234
11907801
1940963
2358271
14672515
4004622
2661375
20124617
16207591
2883537
15916055
7397389
14504857
6746842
1870289
20402062
8883552
7630214
11349927
7712299
8432437
21967988
10849220
1630021
12719664
19848210
21206415
7472529
10750503
6512036
21041170
11793118
1297518
7265911
6829676
828671
18188797
17907515
10210797
7270639
3734964
1705796
10218695
8318468
739940
7742907
2114586
12162387
10805189
16865789
15905919
12561987
10449928
20921322
10088754
2519517
12739720
10577786
3951818
2234312
8583299
746020
6127095
655360
10961633
18775463
18074421
11124319
8252461
1853035
1390189
20404307
16030836
3285977
14719784
21061945
18353066
8966699
20925939
11506779
8354362
8169459
2099877
19308649
21425058
2809638
15286812
1402976
1817026
1443345
21743853
8603639
8314118
20810047
15529816
2068945
8173256
8481215
10894111
12082327
9529724
10926989
17022931
7971244
16676691
15262043
12789572
8546211
8322302
10747273
9921095
6957969
3580282
11123829
10702733
6492688
20737387
16508435
3359485
14735854
20835704
15798808
464866
4004491
3808430
9691816
21795822
16146216
14605591
3250637
2258465
19030736
10999063
6185069
14582295
2489590
14704752
2348318
3950131
16238035
15473288
10025513
588108
10483135
20299862
2630149
15288744
2071746
16602117
17317794
18320532
8323896
2771544
10030069
9499776
781725
19112530
10482808
2316791
8519189
10189659
3399019
20839993
12470769
1838546
3619835
1625766
1875380
12820560
3688106
7748685
7395858
588093
8659466
16978405
1707048
20839581
9113695
14568226
12293697
7417078
10695803
19893002
6429370
6680796
4014852
16916382
14727100
7130742
20606871
15115599
9738727
16249467
2098409
16935396
3434209
15876597
2523788
1484415
1066593
22131679
21721456
15936086
15534605
11676163
18535847
19711203
17020140
22015026
19126192
8672309
21377033
21509550
2087291
1386376
17805037
17006260
6438992
655233
21510575
18257820
9433178
12116076
2781230
8893956
6497753
2261236
11097539
2972751
6747502
7436839
6795581
19119459
2621547
1841672
7565972
2039036
2930325
1495791
2537945
16291942
14621048
10511954
3557788
14986068
8846250
1331965
1467201
3985800
17916038
19145123
1993028
16605099
8418535
1580755
20237380
9934927
18328205
17024437
11478761
2370139
19727722
7794177
8859078
3838580
286844
1297516
3279904
1794654
16254491
16950946
7638635
2801036
18460245
11003930
9920224
11727209
19568763
8233742
21468335
9128416
8033460
666948
19486576
17092674
11593121
21629638
18637109
7476802
19548460
1326204
12701860
6543061
9043748
21037238
10519339
2152018
8870868
16242572
2912906
15025285
17505267
15791573
8421538
11696027
676738
17914969
3338889
1895151
9674201
16141512
11026995
8599205
8619766
19323091
16522555
15796258
19163607
20185394
15587309
8434533
1399423
21381622
19860006
16855428
11187978
7825997
10339703
18605250
9825425
3353084
7927013
4047608
1905465
21240178
11333388
18839034
8317367
7874386
1281955
14749166
19099165
18240475
10677808
1428548
21957494
1341091
21174521
6683795
8586860
20436372
4082380
4085500
11746043
1445805
19396703
16928351
1381890
7501078
10818543
3967472
19954122
15526602
18381506
452069
1562126
16513531
1462012
17461276
15723922
15862197
16458710
17108734
8480092
1781302
8002741
9091226
2169787
16416386
2744945
303165
16377427
3581511
16902805
10377802
9613360
7591793
2445266
2044600
2433975
8187778
6731725
6826322
11561792
15057333
17641708
8586492
7546685
11237915
738900
7955667
7707077
8750998
11584848
8859060
9581298
730609
11842729
11460171
10928690
17699088
15503487
9931079
3857221
16096384
15462504
18981453
19679962
9713227
3385882
16341866
9529199
15059697
12686260
12166328
8513733
17016536
1319717
11464599
12667148
3565510
10931163
9989622
7922461
3027642
20211921
7875678
18763478
18432542
16642651
8117550
12394375
9480033
10647226
1475752
6194608
9270883
21897686
6511628
3591879
2961671
21381587
12736411
19268319
2184703
7816482
18280383
17304741
21453809
15987548
16908751
8974026
9286309
17325961
20369773
8235915
20108539
21347414
19236689
8902860
21035747
2559165
15512133
8451813
17850275
4068570
10224539
1614097
3361785
18356677
2441656
8053696
9521285
15989681
21444593
11961566
2806199
8067910
10222434
20973788
7435144
18762654
929794
12561901
19998261
10655191
974850
9293702
11162998
12214934
9087971
16739524
1669705
7743384
19706931
7425919
8792511
17366110
10451393
10614679
17495305
10063656
16035676
19430390
16518164
17057895
9556122
12793341
9008487
10521552
9028114
9834549
3186570
21067956
9522736
11489277
1978502
20049324
19243738
2374653
16518166
10944920
3444599
17534837
15742090
828932
11950013
16822251
6359611
10962691
2351985
21475607
22064342
20606796
6892589
20037898
18359652
3826060
3078711
10773512
12824665
20193530
9529717
17143242
21601916
2878143
11143862
2915794
1956725
20655036
19178694
21222402
946718
21275945
12743848
1084022
16490074
11132936
1259642
19836685
9706624
16303983
7761000
11902698
2174631
6395746
18628558
21212024
16842084
8956944
21380787
17581033
17290825
10691073
2990215
19735615
3313114
3178549
8935416
9787356
9813987
20040996
718805
1538241
20597048
2869080
15587312
11816258
7686454
11907355
20626632
733189
18660380
6727847
1958258
8759262
10946511
14974006
3508832
10460203
17022932
9099268
19610513
16619689
17625753
7155041
8551653
21730806
7875889
7746509
20128356
20931673
16547324
3575197
9528017
19863006
3410062
1388413
11293895
15791910
11885236
16598464
16961074
11874766
7039329
9366671
15269465
9920494
19022691
3534282
7779221
8987241
17803104
11992866
8333290
11487237
11512283
15753472
1082048
2446892
21712940
17116250
20157369
6649337
18193945
7738065
7203897
788681
11762980
4258508
18837700
19132028
625561
17499537
18677765
9595848
9512779
10530327
10482109
9757619
1954961
10690769
3101251
7295125
11729597
6866449
15592697
21487790
12488262
10838835
3601372
20882428
14704718
1991088
8435261
15080276
12232742
1837282
11248462
3879685
9529723
19047668
406963
16389941
20947211
20071592
2761191
1863485
11144886
19292414
7173632
1849249
16628287
20492708
15235164
14623206
3250788
10148150
21126771
7387506
8249573
1628448
9039467
15948788
563018
7769173
6510695
8361433
2721044
16140694
14578706
10445436
2728869
19830160
19135273
15996199
19099785
20298561
3053867
8956178
11540569
16324614
12474486
9000828
21320335
21267631
15582213
6840029
2818278
10647883
8831078
16051078
17058574
6638710
9602617
10560270
12901473
3056150
8751345
10829908
7789659
14988692
12872796
10707134
10968411
1351454
9144590
11571696
12776649
3587883
15670522
20228435
2805409
12214916
3014994
16233973
9098254
15860281
9210575
15098040
6605090
10709788
3746991
12688837
7886552
1476045
17008863
6939267
20911424
16707817
6927413
16321814
22101368
10530983
9629545
2133512
8093742
1363652
10881132
12825065
14712330
12060348
18454412
8902179
3396595
8379914
105695
3408306
12136290
8302563
21731213
7897967
21187610
18330841
15827593
3557064
14872029
6817570
3192043
16186686
21361771
6352841
11874748
9121402
8151093
1540483
8868342
8866743
8086262
9158634
17063107
16493516
19242899
182927
6731574
6664253
11475366
1995562
424046
1280035
1988766
11762613
18783579
14501708
3677217
17572653
19046288
6427440
2518062
20495762
9311007
14964655
1258139
16380739
1351283
14752700
1792087
11124321
12559852
8628565
11490990
14504590
18931386
18404126
17966451
7917739
10772135
2297289
7506889
3561956
8433521
18292634
17011174
12715642
1582290
7945069
3315960
1584620
9094188
7710812
9113688
2153271
18603904
17008766
9006856
2562546
11305824
11751007
9382601
6671098
17899686
3042524
9930899
20841978
20004581
15957522
18656283
3208060
3843422
16300116
19623923
16358413
1521808
11346237
7046447
17558698
17325646
19011810
8431522
20453792
18579313
8128127
15833184
16276280
2744950
1120735
10217931
7469304
8745243
9138361
15971555
235790
7151719
21175861
14513774
12285231
17440281
9160893
10588443
20704699
9715461
9018980
21048622
8474597
7712577
18304275
1895911
9309520
19124581
1436777
2485742
15970025
1869835
17898300
9395768
12657755
2297338
15906074
2921290
19588682
6631455
6853321
10490033
22048588
3021914
12578000
12674782
6695372
8673416
20207278
8594632
7281463
3950744
9783041
11265179
12012758
3341647
1174002
6884781
7554019
10215784
18700278
9863388
11432179
20417898
10081746
9006432
15008252
2907573
17940628
11391180
15197700
1604122
18234078
314284
11852982
507140
6189395
11373830
12001871
19378883
2028750
3859635
7588149
11512648
12318798
405870
9860035
17979040
17319349
20528983
686781
8299628
3434165
16480530
15284587
6651132
21686343
1790568
7436463
7064711
8689342
20059849
12564763
20104987
15377550
16901756
21461231
995444
11593122
8331821
18393386
10741481
9198672
193769
7448113
18354244
9472513
14609708
11971082
19485279
15659015
1946715
19352595
21822089
18406122
9096171
8301319
3214496
2445276
11933462
14609911
6296237
7772410
7689819
20810997
11841703
1111761
12002055
12345443
8752429
11521042
21675995
15377911
8254446
4070983
8362628
7297823
7413110
9783700
17396075
19354173
7251306
16969871
6984501
20626323
19363904
1888313
21436844
10689697
9514489
12121370
3404941
7038887
19289983
19946580
22068143
3614659
6849854
14972785
18759084
1141715
18085121
3761738
10773921
15495086
3196276
7425057
1628951
17613874
8230401
3799137
11319368
1836796
11131124
17288739
12751319
15305537
15105653
21629639
20609219
1131080
10778792
20408849
1497503
9925217
622960
8208048
6759783
9880460
19519652
21368671
16032299
12617711
16361748
11085344
2362185
3218505
11957257
18760048
19052338
12455391
3624750
11333052
822562
18248577
6163843
7151149
9143751
3391470
3408242
20632132
20592624
12623818
17018510
2417614
10485174
17037620
13541
14685449
1611728
11262612
19204767
15179568
8901585
16052391
2062502
21269331
7976781
8476658
1482643
2034364
10449799
11151174
2075340
18806657
7151839
16193695
8681774
2552246
11239886
15589356
3725486
7842436
8779013
19491636
16273861
11535456
15477455
330716
16768758
8597824
12451198
20615070
1258894
7159160
3293349
2519237
22039711
15813628
18246743
18217421
15224461
2185563
16581793
8936779
20464156
11417295
1126100
1009058
21465946
8972419
9223924
20922107
19843386
4069603
8114248
19694316
10571839
18356642
12605390
497804
669503
14663306
16336667
2735184
7588961
6842023
19288940
15241493
7879609
7556490
12355996
12063046
8343470
20514315
2625213
17938996
15937830
7049212
7004289
11391506
9683980
17460582
12424418
3838581
7082207
10726592
15762065
2803072
21645417
17762526
3566377
21873755
2934707
17884620
21800698
1083962
21130830
2605742
8617552
16509240
949069
11205539
11772585
18269522
6885256
20670165
204177
10213256
17573611
3149086
2085923
7294103
11093411
9060222
117245
19222823
332109
10695397
10798050
18998306
3560259
16935570
15185590
11995328
10024950
6110195
4056616
11487366
21310895
8166372
2615906
20055275
19300174
15080214
2751566
1342157
18421411
15476911
16420954
8990484
1147329
4814903
6255724
