8876804
8204996
17221031
19393846
18452873
11149267
8650485
20435616
8771260
10959455
9480581
10321413
12669254
11770693
786690
21752090
2208243
18402843
973128
11522122
19007537
16099519
6705301
2616824
3758143
2734843
20053252
11288321
11214744
20652465
20561858
10218748
17638263
16232146
18501476
1446515
21896144
21411146
15756079
6810791
17701886
21505608
17016140
3503807
20528524
7731882
8309168
17075270
6414416
2239978
3152997
7787275
15561338
16819766
15746719
15185890
9789444
2275492
6641197
7949498
11113421
16989497
8080481
20301026
2977109
19924276
9525049
21845211
14509040
3993009
20158619
7566787
490793
1700152
8902673
11198485
9006837
1800499
17437578
3899669
19188779
21794385
8924135
10392397
12962775
4075557
12882729
11140291
7553045
19178933
18234005
7659584
12122387
21269408
9102378
11061522
19056746
16410921
12417857
1283570
9919877
8983684
20708726
1737146
15215788
19615844
21888303
20156407
2750649
7203889
20093878
8244916
2872815
12804425
10867385
4037464
11476413
21616943
7484706
2575367
11549210
2213778
6418098
16836714
8078212
8476452
16304856
15793060
1824630
17314552
17499667
21943939
19572867
19882042
12164181
10510990
7610738
20058019
19755457
9160219
3378514
6374678
10645023
17425227
21556158
7766441
20607981
14662661
8250745
18694489
15243284
21791042
8133662
2629683
2440132
17584695
17498580
6502935
12462897
21168149
9534049
2006621
20506969
17538763
15040522
6171941
16943955
15598480
15455172
21885338
11300208
11289029
12818779
18076548
15291967
9160544
7124629
6200841
560262
16943876
7829819
1539526
17209483
6252626
15249348
9659197
8364754
6767922
3254903
19014529
6283671
11972944
8013507
7862219
17530569
16350681
15008063
18060103
12891419
17659681
2461688
10160070
10408847
19482852
14765832
4050669
3086855
4041288
18347864
12035878
17764457
16819272
9915930
20017425
12931493
7053160
10785991
11774764
21803722
21208233
7856472
1297298
12025214
15901576
12698667
11334844
18434732
8404169
8809376
20350992
19165354
20236535
19264767
12867232
11467463
10724873
2298517
20954361
7970026
1659505
3321970
18266679
21852054
14689106
12457254
7938559
10929440
7018848
2801476
6213384
18456197
15872191
8146352
3300436
6758831
11735654
9660524
16195634
17102071
8544721
15012663
18672347
631566
11287899
2660993
42512
11409218
15489559
17986627
7133972
8836828
754824
18956160
11269416
15270162
9103165
8223829
21897916
17331388
12695381
15028076
8008799
10096935
21424406
9666703
8037128
10478516
7576764
8693766
19513008
10919418
9861221
20065334
3544209
2525323
9143859
21273811
20090562
19560221
18077926
8745176
6276043
14717619
8603282
21474192
8324341
22145137
20385011
16569538
14522469
10523876
6672230
14761073
16394608
11806035
6848726
21523681
7740935
15333087
17523773
19123727
17884602
9352989
16124431
7030042
20497674
18625690
9175683
7031974
1759959
12401310
2407030
16194023
3568521
2951798
18509763
10190407
8961085
19017749
2328871
6095720
17495876
9161349
18980456
19639441
19449298
19539146
3998509
2632823
21919422
20087791
12539110
12025377
17664191
10230245
1895809
22143280
10638805
1303418
14605591
2572524
11887407
10065670
447510
12148223
9452773
19932726
16533193
3893809
19950094
12921504
7570212
792994
21714468
19900306
12227712
11786691
14649345
19125771
18772151
16250789
20407387
12412287
17010806
9380934
7208288
3130816
1690400
16699305
8712485
2483568
52584
14618033
8627986
21171849
16116052
12002199
3004555
10793994
11346326
21983772
19569019
18307630
7267961
8740329
8693312
20010919
1457294
22093564
21208236
7646275
18333497
1487843
15251734
3147646
17332809
10750135
2393874
2724534
11922028
20376184
21207643
6658411
114134
342174
4004680
21068565
18395723
8449067
9806111
18165670
12851824
10808701
21125053
17957268
11540658
22024961
10155107
2271419
11434897
9493047
17453872
19691546
12512750
16766929
7118310
11224026
7845789
14532960
2266911
1987794
11329546
21826022
1896380
18534171
11727209
7997146
21468335
6084134
18333365
7079918
20798084
9355902
793849
19092368
17092674
16117200
8330852
8517386
9213863
15992715
15022406
1510257
983956
19345604
8872299
1495713
11421555
17853327
2608444
18447405
15290582
9506192
15534757
20200459
8686487
7905757
15024897
2787738
3706351
21318609
21412709
21766757
20949888
15592291
8181334
2514676
6218743
10764178
273077
21305487
8638998
2473516
19271692
7690932
2074451
7248029
19745210
11060871
9231621
17599890
3404144
22020944
15051640
9868411
21843357
16637478
21242154
3586569
10200810
9570487
20507245
21161685
7826834
16250184
11548570
10896230
7169163
8940869
6085368
9070556
15939732
7017512
3337365
3620795
3947271
1587961
67724
1899255
14596042
17405233
12031765
9927400
10213804
21262413
15495691
1794270
3433870
10672407
17333348
8997461
21034447
19691544
7450738
2432142
19575157
21362356
17117044
3092619
2575368
6613875
1558365
1283577
20735367
2707061
20842882
1896006
18167567
246025
21784624
7970493
20636652
7438688
8606326
15086255
12483798
17384824
21325097
10584635
20553061
18093489
19920238
7692151
10700085
19949640
3846308
15090714
20015135
870578
2225951
16337730
16108745
11056757
15292870
11117974
17249635
3806075
7835358
3049285
8172484
1996441
11496849
2983630
8811409
19390430
3383470
17023079
9193013
18403174
12934964
8677664
1806623
7857738
17164484
12708623
10893890
2007942
8466097
2963316
16143228
17222302
17038142
10721396
16869208
16616032
16943936
16909061
21772645
2150527
20509030
10683660
17318994
9483470
19753527
17254605
313638
6346921
12040979
8472715
8884161
16764090
18988387
11816258
3376474
20614423
15676163
15970982
16804309
9852942
9311363
2705378
2673316
9654663
20089481
1731605
8945040
16295949
7241331
17467827
10339734
2805263
8901043
15014217
15301886
10862602
10933289
366741
8269297
10468075
9208072
8540295
8826433
11200979
19000556
10518353
2703690
16789642
3594298
8720206
19785232
11738465
18760066
12611038
1350522
19569468
12703677
5034899
21733341
9856914
16121676
17588692
17331601
15180197
10972312
20525228
22093889
19540005
7939510
3537214
16733977
16797309
6509423
10086555
18007216
8969676
7939925
638693
17634629
11982302
15718003
12628083
12902071
16260553
12192317
17056338
16107783
21062792
18926394
17372410
16036493
2538810
9571599
15251272
19317295
16504369
10439662
10932803
19381350
18926391
590023
8693646
15773279
11581595
1808844
21058888
2908258
1294873
20444805
19909386
2468850
6200842
1639337
11182363
6204291
20517833
17474956
19818948
12555315
1353718
6711429
8686201
11475928
95283
11767369
1516184
8874251
17156452
19400370
15353901
475501
17942370
3914582
8642363
19242899
16380853
8001463
11034753
12690497
3920998
6709798
1988766
11852021
1981879
15763524
19335855
17228848
3301303
12824978
7517528
10812439
7310013
9652907
15912433
10582477
9988209
17348749
20017443
11445792
18956162
9433835
2894168
15516457
9274896
17454101
10865929
436208
8993176
17274895
12555494
2455135
20633745
18265898
3807435
20916524
9456463
18581080
15553352
20860911
16146977
14974077
8205869
21648173
18365152
20487360
30034
18325096
15738531
7600650
9778766
8411836
3766376
19664240
8919286
10937468
19384656
6469434
21576035
16202853
19918537
1376836
9607461
18304275
1381088
2664696
1377308
11048529
15227324
20865679
16250706
10816172
7649416
7544178
8070152
21462214
9987483
3021082
8667198
8935305
399093
20923385
8145354
9419819
14595241
8885821
14587663
1704507
1788262
3771809
3159362
3075601
16789983
14500434
8816004
3516923
15370398
11963209
12573918
21505579
7456190
9609575
16981052
9513218
6127890
7015790
8140757
2675854
8451024
19371497
8853585
19534646
6278609
1572025
3079420
18054189
12082695
1682905
6686541
3689617
899856
21672025
11799344
22041619
2407093
18405453
17343724
12282920
1775616
8121221
11405402
20807278
19570809
9690112
10192853
8111763
20470210
18583904
6084985
16636851
19682166
19296791
8145177
21486552
1973907
7903069
6369371
21894674
21677910
15002707
15761647
7752841
18695441
19575163
3259172
17082709
2468148
21192192
20015131
8713611
20464733
10914376
10221046
9493699
17396075
3560997
16088906
14761786
1947945
17588818
2465447
3769343
18399973
21860706
2244567
8200829
8055148
14510142
16956453
1579406
6683463
19514874
8514201
18085121
11156882
1957549
9640370
10364858
16278544
7900661
11757248
8674327
15770796
14697729
20960537
8934373
18495409
18405130
21426527
18176686
3195624
8241696
8512762
19593958
11511429
963855
9403163
6448137
3282027
14524737
19207774
20717658
7610521
8105133
11573381
19088364
8010892
7489527
15962609
436482
15198346
3283216
16722528
21572863
12365086
2862116
19797150
3300239
8854683
14520090
15252714
2816760
7998541
12237930
15557732
2145969
7771944
21616715
16490581
9714517
10432807
14503426
11873106
16915526
9792350
6940421
19351631
20600356
6085367
15007912
3291513
921385
17599686
11533817
21196119
10500927
3022340
3780077
1298633
10758621
12043444
11939758
2189903
10501334
11527229
11282047
12628723
2188926
6118973
16639472
8542078
7909274
3983602
3559487
20207924
2296889
18664608
3263471
11740971
3619219
15082905
10758039
3321969
10400406
7555661
21983953
20824601
8096657
10507439
16414325
7192316
11004357
3552592
9703570
12930497
12566722
8753907
18237519
15132724
7797212
9752026
19266272
19992127
9046499
2123130
9282610
1010237
9092395
878132
12601193
19765067
2291849
7803325
16253649
10037068
1778074
19059603
16143225
20512292
830503
19385447
17118824
17088930
11799385
20953549
15964867
2485281
9477719
163675
2711158
18163025
18360070
15489095
16103252
21479908
10552186
10378957
12408291
1190042
1566220
8697293
11197586
9989346
11034048
9108812
1020687
15554028
12470321
16387821
18560264
7770139
7771624
21266778
21691805
21235869
4076365
21355957
12725451
11527122
17081090
19959316
12756608
10213329
21495881
19764479
6654575
18393871
19208311
19390719
9392821
12205017
20861586
10835905
19166131
11021173
3799439
16293263
20977620
10366376
14684952
2502088
21521672
61585
10970245
17990020
21617325
15678387
8001299
7484490
16910590
19573048
1283191
9740485
20665054
2214533
16372033
8497965
3334680
20859616
9029391
11680477
7198166
15090754
8077994
10632931
18651207
17543663
16836722
18682121
7105982
15875520
7273049
6702563
2693046
15334389
1836035
9034647
10880661
14719995
15674929
21611595
9187452
11208495
11711900
14587144
2743367
9283340
17913697
20626883
1827026
2353188
14587661
19812879
1894991
9220505
9584305
16452537
2196168
17265656
17310670
9492526
16798761
6754512
10356651
18663320
12194159
11890186
7757311
15475817
11874427
11063952
17483538
18665204
7707160
1361174
2890677
21509410
22022738
18711613
8746914
15060851
2576799
7883129
16520666
6201330
8241700
9793079
18440817
20574139
10336812
8466727
8126412
9737514
17804943
15368595
11494881
8302154
11928829
21819232
17974021
2791372
12166353
12408003
21423476
6143508
7246582
1378156
2916784
10827381
20027924
17445012
15139969
19827587
6352637
2091555
1734732
10666810
16393442
2706915
8717145
16648320
18156545
6742944
9717020
12584992
14706733
2152716
21764130
9781226
15488094
16829107
1924955
10225712
2068442
10356948
1700390
2970853
1334284
18620468
18363690
9670825
2865007
11641080
7846943
14754934
2403955
10405568
3993530
15136214
21416137
17597421
1258036
12428993
17536115
2632560
18072161
19360921
1929099
11821644
11752914
1464333
15369570
336653
12818076
7801863
14635246
2079184
18416321
699949
12626313
8975585
3589406
20488460
17331319
2571664
7955589
18521108
15941723
20642099
10397438
17167942
15212190
17158181
11477045
11835044
2536539
10870320
15251481
11766067
1721221
9773765
1693735
8147731
3523550
11143481
12096354
14724665
7616144
10601965
8785450
19099277
19237400
19152355
9866349
9452153
16621226
18948239
19421838
15742913
2238169
2705635
16627450
21066971
2558555
21430420
1600314
9448676
19178729
11479407
9784784
11565362
16932087
11213157
20358417
18413169
11421540
7527328
9553669
18266680
19447601
152180
3659246
2297150
1006272
20625917
18196470
21084781
21311416
2866991
12480040
16272784
16927632
16701110
3630940
8098401
12951637
10449878
7998053
15315319
9067068
12633640
3323259
8914789
9648777
17940858
6879242
4039115
851041
11533551
17320210
26113
16239984
22090716
17239321
19495520
19424078
2206783
9557071
19479968
12475575
1708869
9706586
9133551
2897903
12894612
1315108
20086980
10655934
7481656
16255749
21595517
9404433
10823231
19669870
11832616
2757880
10639983
18070318
6702621
6352036
3000654
8857425
6932205
14675021
7277296
8560114
20309394
426568
12222991
17169129
12201245
3552679
9692665
10097647
12713677
350262
10723629
2344247
19507268
7491835
8103042
7654112
8403788
1642706
19953250
21072160
21161146
6926769
15847741
20078671
6144281
16344387
16362864
1739395
2455148
16180929
11141673
15350154
3946153
6138471
2806798
9203192
2039099
8256222
18192814
1734729
17012106
10552235
2184451
16848884
10785927
5420074
10341778
9572098
17090987
12947368
18339609
3591404
21410722
14751481
17959682
6990761
4032745
3414549
21686335
8732472
7227953
17955328
14599070
1589421
3985800
21371684
17300627
2463552
4018578
14629096
1663965
17024671
8606536
9422475
9488772
19553746
10546776
21416818
9616346
6657870
1340978
19343771
16514246
14579045
7479657
3229321
19142481
17472599
6228949
17502248
18467425
8957602
1861097
11693208
11699532
14707964
11346318
350562
15826276
1981083
10687257
9462423
11327262
9464225
2675381
17254652
11771822
20473065
1748068
16990843
1907074
18821145
19363164
20963573
2644785
12078937
15730827
21474896
9604249
6176956
8772331
12180032
9114717
1383958
17003663
7709949
14619190
2083513
6108356
8405817
21814439
1575605
6373154
21769804
8965117
7102534
18296749
21627698
2667419
17297900
7623374
10916830
6265075
1376837
10153
1898236
3515932
648579
17163244
559879
18634386
20151830
1560164
485222
3339305
16735660
17328582
3607590
8485981
17624293
21247417
19850241
8415150
15008765
15724652
2299847
21382250
12792292
6810816
19889262
2327727
20847504
423830
10936003
2632375
19281071
8175955
19897674
7118465
10807082
21375763
1554551
7922461
1169870
16957676
8117550
7771891
20668563
15880273
21803721
6692700
6108580
20478898
8574544
2057498
8524708
7694354
16218471
18611966
19096898
12814332
21374546
15471509
12632770
2472625
16552410
11466140
8443950
8655936
7845777
3888241
9114764
16826639
1099948
16943976
10657412
9870124
19049357
16836721
18070142
1844553
7596699
18604065
20930969
21200108
21113379
10611894
7510637
15251841
2490817
12187893
11221291
2854367
8651346
6167934
7951655
7888268
17453083
7937455
11914245
10368121
10713468
8780331
16835801
2289219
20544616
18502351
21285880
15506680
11201632
3803633
9583288
10425617
15251484
8697484
15939103
21636580
15625429
18639779
20541103
1704547
12925462
9159697
9412219
12032741
1526263
3702031
6712859
17709920
8404168
10831017
12055757
1422996
10335091
6254163
2466264
21486396
2572038
12516245
17083895
16688017
2301323
16398600
10230253
1728776
12494616
16279594
10399375
1302724
17300633
14677795
8247912
32502
16684630
19269823
7503472
8867884
1756347
18570170
19618328
9646265
3874838
18691988
21339785
6166129
7039329
10810804
16596052
11262367
12549727
11027120
9814626
17598094
1716804
10080157
11446972
2941376
3803413
436634
6382905
17364636
15612527
8288452
10432131
2030791
10646658
17174708
20557835
10434151
12555512
12917729
7960276
9378841
10943965
3759279
6611838
21740597
17017676
21329983
1387077
15264706
4087379
8693710
8950448
1751864
15675140
17584278
15245334
12555514
2148167
11262573
19941924
15647542
16060937
17785614
2473709
6742977
15089111
12011762
19148724
2405616
9737887
12949317
2475708
17543664
9422155
21509232
18163024
22101594
7450566
18543192
8850378
14650821
2044547
19748169
19133675
1972011
15988401
11925715
18468198
17599858
8361612
8464947
12502916
18339784
19940253
6111848
18158386
15032409
17478165
10754348
7224235
20193088
8333815
15856398
17272905
8975499
15929462
16157513
9775148
18398233
9093589
17489301
8988490
18028587
7575020
15014219
18754414
2011986
15229765
15700722
16266459
7633918
37093
20020587
21362312
9506248
7877401
6369805
15452389
7527757
15561339
3814285
16542208
4007354
11865592
9362410
10413371
19777603
1453998
6340432
7917078
10791105
8818746
3402355
6343032
16580764
16216019
20469042
20842477
18393646
17897564
18463041
8871988
15836459
7567593
17004338
12674998
6849152
9373044
20858387
14564805
18479357
19455568
9727678
7125306
20960165
12708116
3503803
12193485
1763602
1431276
12814824
7286027
1565021
11552310
1763925
14727939
16105492
15378119
11788648
20087016
18188137
11395846
7606691
19501853
21639711
21416819
1436777
18637081
8620254
18956159
19654557
19422583
20530317
1898629
10832122
1659647
18277623
8667689
3236315
6883905
21047832
9282494
8057335
15949201
19431049
20221975
20811883
11432179
21089181
11565739
19194629
17181669
8227889
20634114
1693736
15862127
16803840
17148522
12652919
11449771
22024920
9592709
17505939
11020100
20169264
10712985
11498078
12590646
7527108
9801965
16416682
15992105
10233620
16239983
3608797
11259148
8784655
10069284
9678691
8527258
1391296
18940025
1612801
2250772
15002868
463585
15615276
8308534
19925545
12226787
18434724
1720485
14655462
18372434
14624434
4081689
8092169
8476401
19999145
16035979
16490118
12672771
7394485
15080770
2149633
10987261
18158385
16733510
16988329
12114843
7702358
20683066
11451269
20739768
15824824
1072280
19041087
9789859
495503
15575054
8739023
18519550
18674976
15468353
10200132
8966506
20034974
7976463
19934146
20414756
1729490
6924915
18077750
7762098
2575983
17921828
12438812
12972909
20136855
7962339
17993364
8686968
3691563
1937334
11016484
11430282
9634426
16926178
10456638
9161781
14710100
21200107
8629647
11333052
6229223
21887691
3146721
12672167
14519233
20064595
2057446
6488619
8454255
18386169
9471921
18512181
11406089
15520030
14639008
18651491
2782734
1647868
12507063
6334435
15014215
7681188
11728293
21539639
6993166
15116862
8273637
19365272
2722473
8131763
17098778
2466178
8213550
21265497
9699191
9621846
8121733
20552621
8179435
18180622
8436335
1996805
7506007
6437207
8701888
8094686
9197425
9619621
21533828
3521859
19153088
3655782
17072277
8153509
11950378
9674178
3609615
65914
2844639
18774111
11220558
1718682
18448778
21918044
11386508
9277073
12848795
16220410
3929728
10802423
11534283
12142109
3766592
9141971
2837697
8942249
20351489
1689931
8848400
18163912
18001465
6453259
15344302
12506530
19780424
11307789
1579867
12862507
16485736
1720476
2905981
12852798
18632414
11778148
15838369
8109599
15302740
7197051
16155322
17427614
6814971
16812977
8564628
