1896661
10471044
21393455
8222799
9764671
21905599
1755560
16394604
20807133
19587266
19271696
6660886
3090968
3116325
2306663
16184924
14566292
15450277
15844302
14619342
6702703
9135464
17019637
10365664
11028269
8864789
7074754
17701151
17711963
12447675
1900139
7756068
839841
19830052
6692512
20111882
8823611
11070933
9031882
6858905
17602447
15973596
17253921
16596837
11982976
15773168
17615068
10381061
9092002
20930448
19658023
2263778
11480155
17334453
11897451
1621406
18379819
21366469
17686673
16679702
19646352
856552
16154807
14560931
8603494
18840388
17301513
7997420
8337849
18347515
17134975
6706054
17039168
15771930
3620255
1309498
18339149
17180653
9651571
15696285
2974798
3589191
19632445
7752506
1442590
472296
21831274
12727153
8679232
8636564
2306002
11149646
11261761
3579415
15747327
21863209
11733291
19168500
19371531
17588437
9402668
16950165
8858904
2704254
7057604
21781165
8233695
3576713
16228859
1157245
10148402
20485239
17527127
15831142
21815524
6972634
18646510
12633802
11524911
8212786
6428731
12058796
16221257
9692531
9210913
9225949
7374876
17323034
14729543
11094218
2297857
7793106
7173542
19595516
9155120
7730131
647777
2353128
18270639
8248042
14981611
10364664
17255920
12468063
20489067
18388077
7699934
16944336
16034838
2685189
18053363
16761506
10535038
11140291
2080022
6645036
19999092
21624740
966379
17696263
16767351
14989742
19185937
17049636
18005874
9863896
16950704
11868596
21894142
18774315
11255759
12044433
10951470
16482911
3033162
10213127
21712753
8113034
18031846
637968
3594966
6702633
3805532
11555773
16516600
12434274
12084600
3800059
4061062
21335128
10421407
10070187
9341291
2064150
19694234
19610558
8297703
17907901
9397310
3750812
2118367
1471401
15342319
21474572
21467704
12635060
9080174
21935713
476876
11552279
610417
1686436
8889648
1434902
16121915
9142666
17629178
10102322
10703480
2266577
10754079
15188818
12723660
1838152
16549194
21811201
8908573
6720528
9432393
12466858
16781213
1605546
6461375
15882009
15264505
7606999
14525737
1749207
2922619
20132505
9166801
19043393
2647328
15163941
15559324
7779196
11407725
9760158
7877317
3803215
10744798
2486633
2949363
7377090
1910842
7280243
1858081
8453204
17453042
1774491
18070813
1933976
18488163
11244650
6650588
11180239
11236167
2399311
6651373
2660574
1920568
21779948
17241311
8641633
3094945
19808476
12853529
3932270
17562958
7989433
4053619
19670355
17014512
2463618
2769929
1847326
9631698
2700080
6502935
3105508
21429306
2407156
7428378
10562914
21675267
308774
15227733
10349479
7433659
7859233
17302723
7702352
3751934
7172172
21104102
11742928
15966037
10618747
1545019
7304057
14672532
16375220
157951
21200124
12509616
15850017
20491705
9866350
20021181
12380328
19131497
8595015
3293929
18355355
8337538
16293918
15334882
15278395
11328473
14712766
11732535
8656551
15997686
16541222
22001468
19011475
17361421
14671824
9079603
9179072
910697
20966585
8496253
15692627
10149255
7826232
18430656
16597380
2812820
19929871
21370518
21030189
8402465
8769492
11192543
10967149
2284272
15879491
11579506
16011406
6093198
6849246
18341381
10667026
8933064
7993120
1838598
20483892
8169992
8618455
2209106
19253161
2373832
17704946
2238374
10730621
1389301
8934428
7728571
20135723
20408481
17824304
21545364
11269373
3990381
16980720
12931672
954236
3954534
18477925
11204473
7836834
18928186
7571977
21291114
10970685
21712744
3130018
9244965
2114835
14526498
12774229
9267877
15562803
11279315
11516031
868915
18554395
8513737
1742668
1952346
3716989
9619321
3628704
18248955
16051963
16357699
15591462
16279390
8546346
20236535
15470868
8006275
8854443
2756737
20150037
15538151
10716090
2465570
541695
10657915
20487049
6897885
17143551
16645697
21624548
20634906
21463439
18822947
16913446
11956855
9665974
1968575
16835487
8165877
10574340
724270
9550912
1717024
19695538
1645917
16440128
16302585
848805
9384488
3873323
1470705
18022714
11995498
1915459
6833485
11584473
9642917
21731571
2601877
7629914
2218091
20416893
19491124
3211825
7429950
2375489
3786758
4083773
20300244
17033246
8935432
7934113
2176340
3455547
9384263
666426
6831954
21120541
14565636
9193365
7991022
17173531
7616036
1770956
10654971
2524291
21167348
19770301
2651043
15973672
14518413
12923339
6736833
19169406
19108748
20103217
19869081
4067615
17696837
12086219
15647846
3829545
16083211
3277574
6681526
11041105
8178848
8720771
18546864
2404359
15366580
20018134
3466501
8104602
21417687
20136858
10779853
16174024
21110274
4019931
20329565
9282765
9282558
11697690
9859712
11997423
19295324
18838566
6863627
17604227
8579026
6507461
17203795
20814314
15365825
11177166
453040
7637225
16733162
8678753
847144
8857111
12185505
9686752
18159025
9549291
17574528
2092233
2286911
7705682
6468006
19171014
18688073
21058937
8693609
8004643
2348428
16991029
7074806
15337703
11424497
3655415
17629866
7235784
17005893
4006552
20857201
1755685
3894249
2949173
12478832
8840855
14665480
7608592
15189667
9610627
21251316
16039214
17623016
20678127
15832772
8849656
16856535
9410124
17069836
857178
11081896
2104413
3371750
8691676
6721947
4072928
12769202
8815225
15793714
18952360
10150626
1327431
1914920
19623636
2803486
11049242
10571104
3332740
21762629
16892173
18939420
8632622
7549557
21110512
16629230
11555798
20062644
9301745
2249218
18280176
2805015
498484
9487607
17498023
21111118
18262817
1462455
17233396
7628121
9720381
19100010
17503575
6851689
10147785
6867590
3985058
9055769
16106328
15384742
20329440
9157300
2601049
10231678
7398589
8900565
15227496
2236688
15553023
16318880
7832629
15701435
10376098
7800972
872663
16947776
16881978
6814384
3723788
21120475
9889493
20117025
19279984
21752089
10331351
11084000
10587251
15214552
12124550
8128254
17891490
12481882
11014385
19395582
10539819
19797252
2810050
2534926
16524386
12376008
8213454
9866424
19387774
19325226
19764867
17327990
17252904
16507327
15552940
15614344
11109199
9684032
2189946
19530404
9332530
2129569
21491120
17435671
8625753
8724564
1709470
15078382
11216798
17373868
17688852
17211295
11740271
8863696
3172675
15133413
7968315
10904287
9263558
2766630
12950520
11433831
20715427
8914710
16986692
12135143
18078089
19135620
18165123
15469158
8645379
1487643
3898434
21798503
1564213
2948072
4004100
11326140
17236655
10476710
19917788
11963738
7044866
19746874
15058221
21512506
20079228
18553240
15546372
10725950
7300803
702598
18402817
9932831
8246616
8454384
1710923
6543151
15756659
3727596
2208806
12011746
20194810
9584262
8931229
8184808
2383106
12627418
12386594
18988395
12403197
12015929
10781193
9489651
3923975
16780259
16273473
14727570
7408244
18599909
21165216
19829127
4016608
2122863
1015516
14608925
20001781
8491026
2805064
20486354
7833189
7936358
17420800
3064692
21645453
16959338
14579703
9479590
2802854
19846467
9789392
2200147
19078447
18277033
19755400
6670110
21560477
20486963
1284407
14675253
11734310
8228423
14697725
11266202
18993154
21422161
19853452
10432948
9248329
17106558
1690021
15613116
6826979
3993160
9883621
9152952
6877711
8417684
8449098
2032271
17880337
7286536
10753712
1916420
6222384
8842182
19829826
11200128
11565058
11442868
11295731
11888820
17650460
8515174
9751597
16249864
19782276
17659742
9609186
12391695
19364954
20541970
10348431
14764175
8669791
1192866
3875986
21549050
15481588
10605259
18039947
2018650
20692760
20089524
10502224
2020085
15981679
8170726
12935962
10199313
18001370
22120489
20068336
15216757
8516579
11908258
8016797
19487997
1898952
8694603
20694568
11200122
21163125
8677109
7834481
19031716
21513665
11722414
19617176
7008183
20200463
14525645
17274459
10778718
20066521
15627179
3801965
15539727
8945050
3083684
20457008
2519419
17559183
10870326
8267803
15280688
21841336
12618725
17366518
2070322
2729757
18446859
16498760
21629818
11107679
19102861
15757264
20357721
14524652
16153530
2602015
10868923
3548846
6711953
20563815
465221
21524455
2249224
19999086
886492
17007173
3658852
2485984
20967159
2459667
156792
594805
2694791
12695728
2771089
8756205
4101492
10651213
2484053
16612443
11743555
11205932
1354700
11451815
7681733
17917093
4023556
17473022
20606364
12499522
14753641
9591449
9548318
19225255
6179191
15553192
7269725
3830768
434993
3595466
1823260
22066353
8431074
9845146
9423137
12687829
12653326
20549029
21894548
16358555
2964831
15473586
8823096
9221547
12939707
12107981
1704513
19176971
15966613
3681005
3722259
17572874
7751668
17339570
20017426
10414543
3463442
8911061
98007
15025367
9763554
16403713
6173171
19247086
7979738
10451237
7234699
19404038
19436818
10407948
9597897
10885431
8117016
1987241
3250142
6839818
17706495
16482906
8339459
15826266
12368999
21497305
20887907
10770031
15276193
2046135
16214831
21786089
8959063
10732905
2214790
9527238
11200124
15849056
21600235
12544088
8228425
2962327
19376599
12425481
21870563
7775250
14981421
18460704
10763349
446161
11372364
6107851
7944996
15558755
15181886
11795680
7946782
18210029
18381861
10545583
16686623
1099301
16830263
1842126
22132022
12235724
16467750
8340995
9217958
12884144
3096252
16096727
19479393
3928944
11485858
15894238
10921226
8529244
7676724
14667265
20601924
19525602
20666278
10726007
8662038
16685610
9378043
16996972
15098863
17211998
16840998
11923049
1554547
19777318
8331613
18664217
9439192
10852175
12136586
861096
2955763
15740945
14713122
313149
17929473
16878716
15186544
16370565
8662052
17987805
7411763
20967713
8492502
11990938
10654250
15078581
15460206
16136814
10226645
1997980
12808337
9247245
18082279
3874761
3781149
2950467
11468044
17505582
9611981
1680971
1529876
7087191
12887068
6956755
15137341
8650520
2141958
2028920
18446127
11399344
20157646
6889625
21611623
21218762
17972553
16631671
11367709
16320909
16685024
16613690
11281399
7848654
20454810
18249314
14680742
10374275
16566657
9513531
9470086
12706935
9651570
3586977
20061835
15258689
10631208
9727816
1746251
6586626
10047635
7700544
20578404
7502505
6615108
7988209
21326743
20919846
15197425
1844427
19319796
21778793
2046183
10373773
10523886
15050494
19273551
16295023
11861347
11562594
15916923
7432845
10051876
21290132
11798581
7602865
20428437
1182661
18594329
2013989
17682956
3585073
20516376
8114365
2810792
11595602
19033247
19142595
11073475
508457
6787090
18971190
16412182
11499658
12895605
12701032
12094395
18219871
19224144
3982575
12457256
10525930
19622505
11159089
21284330
2072427
18705268
1153047
18676303
7066769
8174586
15832768
11926028
15078742
11349500
6981995
8519943
15087617
12784761
9397617
21757147
12073248
10025064
8888709
19560689
11585427
9041774
2283191
16816447
2255064
6368242
14505155
115269
21935854
21115925
7677413
8335834
18332844
12740297
1313540
19764866
11836702
16540010
2538810
7654037
7620275
6701116
11253740
8963738
1291758
4020910
2702017
14669399
17422196
12147972
21954545
10853610
3782756
2727424
2237594
15090753
18344943
8781097
4074039
17292495
1627327
12963231
8164129
3410781
9246111
19054830
12521627
10783056
7546805
18020917
7447585
19392765
17433955
3654295
20022645
1924678
8144783
2721038
2808289
7885782
1223006
21916194
9654914
19517906
11263003
8301853
8365282
16134776
7436617
16179872
8676555
20339814
16410702
649286
7468504
15290550
9587698
8149759
852328
11441582
16006302
6702636
3800610
17727046
3768920
7718970
15991168
9251429
17922293
15831144
8165649
20510915
9171328
16825143
15301842
3595153
8822330
22004551
17450331
19610565
20814178
7976069
11527614
18237044
17318998
1987232
607503
10933332
20800158
16705536
3282429
7868287
1410560
12172060
14717231
3191853
21716107
17727047
8741459
17201908
19403186
9053932
2934116
21280474
10881579
21258253
3752151
18297840
8651135
1215762
18363179
15167281
12859360
2687998
21315834
20537776
15084575
12881943
12972701
11525114
1804821
2348083
21565955
9864520
21491104
8012841
3992193
2077823
19131865
3210654
16790157
20713221
19472361
12142199
7473914
6343286
11573104
19447803
7971237
19691570
18356673
8620412
21534015
21738533
7075288
17456073
7997415
15733364
21596333
8585148
7487278
6780855
7433319
8980266
8664025
16644443
9435356
8051789
9608816
20706048
19035215
16490658
472922
7487331
2724648
9583822
16780097
7586769
19534280
21043392
6868630
835539
10908256
19638726
12767545
20036135
10716033
12358182
3774701
3197247
16878639
1952316
9781798
6335916
11465177
9444023
8404166
19138175
19337175
15228937
7930200
17527130
19824464
16431225
11952118
19755308
18946063
16171740
12962864
21243574
11889911
10832291
465220
4057633
9855090
8937150
7946890
15887473
16719168
19775713
301590
9005244
401581
21200105
2700280
17998456
10399790
3159362
6779734
10496101
8020389
20124229
17727984
10441222
1914276
10687116
20137654
22096363
11172457
8487337
19287174
3896555
20585370
4070621
9299864
21600083
18347546
12426282
12501578
15064964
7392379
15875556
16403059
10874271
8796403
21515069
17496323
2749162
10593777
10544846
21073515
3253341
16937387
1900405
16865210
15828245
21289713
12325461
10710944
14653060
7319496
17353639
11144461
3940789
2329685
20652963
7647601
1604924
17199954
8904543
1483623
21211612
11547284
8618261
21293775
15124927
11469434
8679843
17254324
10383064
2989545
7724953
2249221
14574638
16526264
6661833
1124403
3951784
6529728
21418827
2570463
17031245
12238380
11697496
1251270
131371
10872495
11393264
3341860
9868402
10934894
18984761
16121313
6638085
138330
1774825
20088162
17691282
19150196
2281151
15637484
11982864
2501534
16406576
6773498
18823651
10689737
20062616
8732696
2097357
7305038
9047248
1933572
12716095
12600910
11373112
3878619
2404932
16028325
12132027
6933801
15028364
10587339
7714388
12803514
10789263
1843502
17670045
7529410
20807825
15859570
8125826
10027441
18487487
16553976
7920067
11729514
21147261
12226029
16085959
6445242
7363682
12520677
2943248
9272529
17390209
4019084
3331379
20042422
21668725
2437808
7781340
10856865
9809142
9470062
12030520
4003091
21888163
21234203
19627296
16282742
1568429
15276121
11127242
16231573
20424452
8157760
2017973
18072439
20682531
18630611
8670322
21344315
20714885
11315579
11991363
10382556
15017558
9397321
6220902
20511488
10878870
19616325
3961455
11925923
424720
21610361
17211356
962456
7666619
2074373
2397690
21985770
18307242
518785
21934613
14639952
1452370
18499774
12694762
10872624
19804990
14676794
1630701
17674080
21358837
2647681
1550395
19386833
19160983
12856274
10923732
11200123
14735328
7379809
6980579
12381642
17570794
816811
17506835
11386383
12450595
16844606
6640871
20384209
7718831
126012
6985752
15608409
16912534
7226959
3221306
14706070
2249223
8205871
14565709
1119380
9132883
11212053
19345425
9210072
1892179
12920443
9832755
7666078
20810261
16638355
2040053
19497487
17454903
10742732
1577366
16203055
16032926
8468842
8368798
18523576
19943461
15975327
19561832
1866819
14980320
8729375
15547818
10916568
21702299
9426264
6690258
8178547
8495934
3281990
18084726
20823280
15338149
21446385
17345824
11997434
19260532
16302677
7955744
3758584
2967953
17693236
9355017
22017942
3279713
19713120
15077846
9753856
9745785
16583338
10554845
9448830
14659600
12048903
8434176
19918293
20337214
421551
1289343
3728379
2616911
9033603
21892927
11085050
9825205
3681332
12726738
10816810
10609902
18476198
18437483
11200127
2969716
16308115
2798574
21852509
454495
7217433
15503689
8967817
19109361
19371530
19344583
14663288
6544646
12510131
6700606
10496067
9847581
17669791
118187
12221421
2714028
15240975
3293859
20485244
18344697
15321577
123716
17691632
12756478
9173374
21373320
20979810
8534496
18805268
11132172
11590291
16519391
10559123
8024374
679747
1991904
8792187
20541432
8110715
11117681
1900889
20847505
3162049
3384719
2665655
8511125
12197604
6554260
3574815
18460717
20722490
11526412
17201875
21206138
15914362
2487958
20920693
12813380
21092993
7033588
15197151
3516327
21316014
15293100
7618628
6733632
15731979
10965618
20661334
12881775
7979815
16095228
431176
17218211
15500497
15078582
3545630
8705691
11574793
3192844
6233867
2024080
19957172
11130192
12653869
17959071
15723377
9564920
11260927
11708208
10568673
17595855
22038068
22081193
19574887
19639438
3049205
16138961
2605584
22090694
20170552
19142440
21481416
10724045
12242070
9667403
17524340
9834778
16180397
1119372
15337053
11002935
3948441
2279730
2266403
17912479
11200126
1760177
7983668
7644726
20605278
19225795
2960287
7727191
9534053
21355957
12368978
19352284
18616110
9757379
19591378
2269532
21912031
3543244
18412145
7438392
2038844
21176634
15290393
12170369
17928471
9121024
20056597
16238562
688146
15949058
14522518
2967832
16911120
17323009
12649954
17143660
1938538
6457912
7392078
9060886
21691401
10097544
10482165
10682740
8296266
6447963
2236781
16274767
370357
20975799
11080755
10816285
8000104
20051296
18176138
10608538
10917018
19033622
14557510
3049263
10969447
17315618
21676688
16118627
21532823
18675111
18163015
14665559
14750751
10891021
16780076
6217013
10546123
3376845
8897040
21441256
9293407
10208058
14743307
9554777
15378125
1863142
6713757
9667253
20440400
20657224
11784520
15946313
7991441
21088198
15837251
2301224
9074287
11109189
9569169
477439
2860699
15001332
8367865
20605285
10341407
18600368
15243769
3708772
21107263
20558853
2248183
15139654
3927847
6460122
7977531
11759316
8306790
12353320
11887191
1272327
3563762
14722737
17534254
8339627
6453244
19717959
6439164
1960457
18479360
12152250
20405116
18774728
9056153
18317063
18270145
715489
18768227
19002755
15128635
12004992
2047552
449039
21422798
10618957
96757
6240237
20715118
2735523
17028771
15745292
3844008
9754099
16366174
8311586
9932633
3393951
9455108
21907951
829533
3195180
2442107
21375931
20042246
96147
14755975
2485662
1405109
20054604
16162209
8827633
8129364
19381453
3297388
11461727
11775348
19110917
20967410
19492257
17537533
17097997
8339629
1179321
17710357
21055282
10501431
9378198
3146960
1708227
6416212
7602623
8361107
16379106
19443978
6678300
17590809
18474326
12411922
10429520
9738128
21497306
1408063
20167399
3181175
16959623
7220865
10967989
7698131
12655635
17716444
16883110
1264310
21971202
15789414
16959743
11110437
19945832
17524606
12795157
9619622
3621129
8818099
12021589
8608545
15227037
10770121
18052017
16865652
12757082
8491346
20419526
1084031
4037683
8548892
6716503
8638989
15521488
3293485
18782786
16355677
10362375
16548292
1683389
17118207
17959400
8007081
21485160
1467057
7264393
1946284
11512697
15914959
11479962
16643370
14712187
9791444
20549456
4082050
19827587
20191022
2131362
21727291
21597414
6734526
17971663
10897387
14738688
19043392
17168344
20713901
3953365
11035661
11933650
8325122
21764130
18186314
2245421
9213832
3497613
17990588
2205713
11236058
8618189
1921243
9808846
12632228
3807260
8049983
462168
2407485
14499870
20921017
2348648
1716095
17233841
8474947
19288826
16696507
2028396
8835875
11743918
3420607
3147640
9411412
6363798
2355200
11085787
11641080
16874767
16810416
8999378
7808686
16311980
1948227
15801072
16369647
16030479
20420290
16870096
8233290
17305083
8997859
2372888
18932105
11129913
15018868
15945070
11995852
2394529
10669713
20726209
15107527
21136850
12644886
9009251
124132
12428347
19691996
832489
16189756
9322684
9929760
18307446
20631862
539870
14997974
3063224
148249
9491960
2188838
7402902
2187381
19696306
617970
16603659
9411599
20414028
15986005
15709087
9614734
21330386
18505117
8450077
12848657
8910643
19515889
1772683
8632279
15511456
2249214
10357119
302779
18464489
1392235
2144989
7744098
1199952
2602612
15705258
17613870
12750314
8221799
9324872
7647592
20965894
3341218
2721281
2696244
2353126
9558952
15725041
21161021
19218856
2058254
9988946
12000396
8978808
6449141
11451278
8057568
2052510
21952353
20049141
14503334
20559542
15757272
14528168
12769352
1364221
12809395
7092357
1782936
17481751
19282314
12867734
9557440
10224686
17669985
10943101
12938572
16096536
4025948
647775
10560235
19010181
20978580
20024642
7160571
17822563
8262416
912739
1852931
12882178
8782331
11778166
15660803
16121611
10569663
17599895
7053278
9586159
6424621
22027640
14986544
1954693
17491219
2255935
20719150
17066626
356121
8263873
3186321
21112735
19156001
8683331
9480181
18373752
16115740
16910514
21221001
19184184
13680150
14579701
19656411
10955485
20200638
542834
18050933
15301250
13116023
21357709
17612663
20686309
19451548
7435400
17716757
21372458
8633595
19263203
8685960
7422393
9812101
1915453
2145607
8620740
16283138
11496687
19908046
17420994
3113384
12169812
16572286
999385
18660945
1894121
9326685
12143014
16533700
3264946
11733814
12703282
8427291
12188406
21642079
2631819
2046228
15869003
7927128
12040852
2752562
10807434
12895614
9553243
20715442
6206796
3586252
3772877
9181888
9154744
10979425
2774723
16557157
12730819
420242
6471014
6511642
10088074
15282499
3145669
17043132
15568600
8188738
10576155
11582721
17948094
10655572
8416732
12741309
20449715
2362887
2840255
19705125
17928200
10355406
3517625
20666277
16842275
15909084
12848869
7753705
17456823
654298
2484989
15209738
8187620
15746636
8300375
21388053
21126857
901032
11173777
17976506
2812895
16860956
14717523
721992
18639994
11300523
11509804
17668215
10535838
9209939
2237898
21673841
15254718
4083262
3994173
15842972
18504284
12701191
18222638
12061690
16526255
19193462
14644373
18379658
12411921
10730534
20807945
136524
851054
9246118
18418850
6727432
18648881
3875274
3278571
10504529
11082866
6520440
9430964
21928406
11109414
8441281
18221599
17410012
16085559
12322703
17450093
2727410
8515172
14763077
15543470
1732090
16316643
12227704
8426021
9062594
12839087
9161796
9170445
1491923
9672782
1124794
9010992
22051320
19915629
3520711
6227386
10148156
3594300
12789727
8409618
18069518
17165135
8128126
19102863
1548908
7784595
17058141
3605080
14710973
154616
8261480
10731827
16781130
11242889
2471362
8312671
18089615
11743920
21071362
20827443
19381890
7808580
17570994
998520
19126192
10988197
19202934
16174592
2373622
8328377
20376641
16414459
9401896
15698739
15300739
9605047
15144333
7127923
9175524
17162132
6258419
20929028
6891654
410844
637645
15878794
12736488
4032745
11695278
9497509
17100691
7116606
8969998
9105800
20190470
7960271
6881970
10952161
1505274
21897831
21197071
16689199
15155997
3334796
21899133
7353909
2317000
8956479
3872897
11541510
17092582
11077120
6278636
1948796
8201322
20563591
1597975
17218563
2147060
1799892
3718097
10981858
20665856
1925798
19570702
18080927
15332432
12449268
21122938
19440821
3944363
18037712
7497750
572282
17785889
1398424
2189308
11927714
17593872
2779690
11234454
21454871
20184241
1031555
2065512
2364716
1539518
7237900
8767778
567895
3321486
10448233
18190712
18175793
16489564
16583337
17506373
16034183
17573031
9674491
16111917
16164888
3737868
20954978
16418253
2202345
17278783
6981970
7091168
2045645
1760178
8307551
9691419
8878767
2063156
6782978
11210776
10735197
17580195
9326990
162559
10554421
12545345
12441016
10469966
18984649
21430128
11075251
20396352
1634690
19433460
1168409
3287252
2278091
8149754
22065913
11357803
16184930
6145882
20949336
3425258
9177444
665523
15875111
17540204
16255661
20503838
12379412
6707385
6782994
19041050
12722333
6866597
9244753
9301238
19945802
7082506
9491957
22003482
7307994
2451309
1578816
16734180
2616408
10513138
15449973
19359137
17572329
11484453
18926768
15119702
9189189
9857455
15678459
837757
7803436
1023695
10580914
15060688
6829463
19496148
6231317
16999698
6978539
14984007
1735142
9558951
10928400
2762654
19067821
1547630
20714116
18042783
18358970
20430212
9718123
6485801
6650767
3278308
8732560
3745697
9916484
20975266
7586308
19061513
21296631
8267365
1886532
8624876
18432108
21253323
8674267
1617593
11708026
19118743
19563688
6342780
9519323
11480719
9128336
4063000
17483845
21804465
17356998
16679097
470048
8561438
9887390
15492896
3565084
8131465
14610610
18703584
8162646
1905421
22071932
18391872
16400211
12439127
12607197
6669981
18548260
15315113
18371033
15701431
8354831
16181810
2245031
20215841
16798298
11382702
6991176
16740452
17062932
727141
127598
2943922
9516906
11813917
19097401
16627435
2272211
1203911
12555620
8809347
18649012
11759496
8558335
3110072
495505
7425717
1138554
17670560
2251997
2405498
9291650
1392443
9637579
9411728
2720923
10730401
7189560
9226213
19174029
9279182
17203796
10752167
7442601
2916031
6444294
15675587
9503977
16850154
11169376
15122187
2104423
2533196
11849857
15797093
20956193
21988944
10866093
3415876
8351945
9713080
17478541
3440784
9324871
15256610
3595222
11332365
2543472
6206716
18297519
1967676
3068833
11808426
17669968
2190030
144592
15613129
7018210
11173703
20379105
19253257
6678198
9358666
15283186
1799745
15866900
15522734
18408447
7259917
16703240
10798429
1658079
2525798
15747330
1884500
19620817
54581
20061773
18060102
8958199
18852229
12400642
3943164
8697484
20601858
8327744
8047724
11745892
412869
20451695
8053283
7708389
12807856
16702249
8253917
9669054
9694115
15976797
18953592
19127669
433713
9092393
3953311
6733878
975990
8082585
20398487
17049574
14997044
8365760
11200125
14626403
21336618
6713407
17320483
294914
7238059
21119187
6399998
10732857
21686467
21234631
16940688
19490015
14999197
2668002
10149263
11153745
12244333
2621065
16687422
15789809
8361022
10513158
20728703
15016049
10097550
18697763
15845934
7554815
425875
8629625
16803549
9799884
11079201
17071811
8938069
12975784
8556500
389638
18605019
8291925
11315536
21035131
12452314
3432611
11591299
20661340
14622547
12041894
19697800
21802391
15004604
9280727
19018223
20512545
16359019
16315833
18984984
9672415
17086384
20388699
9570431
17724699
17964623
153101
21544187
7078196
16295940
1340305
16387670
19267038
16858973
3579445
4085585
8800150
8887867
1960331
17005518
20558022
1497429
12727018
8437361
8225674
10979464
2351496
1008078
2338507
21666814
9062019
1930886
20941468
20661108
11288216
21234923
9764201
21289503
9846316
9339255
18269869
7071031
2716001
449054
11776605
3949617
2330902
7449809
7438393
1464334
20529107
968671
161478
7789375
21320327
7745670
20221599
11259706
18278690
15806224
4036243
10513169
16188754
1616332
3807509
14631533
21207784
18206828
17006403
17426200
17912475
12555341
17682350
12074284
16858236
9011122
18329349
21400537
12797021
21232629
9828745
16832138
12365861
3943160
2769970
1260996
1518395
3752161
7090996
7320570
3716885
154117
12152522
160145
20137323
21731565
11993795
2940528
18633218
7973027
9815872
9373045
8154431
21575282
2609920
16238832
3916511
21918273
2674509
8193738
7253545
1330247
21373246
1439679
9427132
19553741
9827113
19504018
12215016
15894779
17021474
21553207
12194116
139105
19683639
11863302
21330260
10507418
10712970
16901560
18332813
8371219
12930503
8680105
17098007
7771870
10150625
12815303
2306690
16236620
1266739
1242603
21959513
21701081
1011371
7705201
10326167
10440198
18071671
7917355
19485739
18955398
17914544
2337034
18398233
891049
18073228
11467086
20227122
2250477
2643138
11049132
1111946
11923047
21475381
14579845
18328155
15997786
1535381
2232629
9487286
18949189
17560673
7800198
20688001
16802750
327803
12538113
3986645
645585
10830452
17442447
937352
1114993
12360798
15002717
14703576
7423295
20105398
12194802
20935435
10864214
15185891
12400760
7501911
11195860
11218685
10978979
21308438
15195752
2261376
8513426
12404035
2207788
9387260
11198308
18288745
1546057
9579818
10962050
6878068
21509734
3604947
10804436
2606544
2767815
19253497
6823871
21879985
11194294
9181887
18332261
22066081
20684780
17890693
2091135
10540569
10216397
9417616
18560241
17652150
1940517
19632539
2402575
19683131
19270834
16283028
7899846
20300761
12323163
20503245
3238629
20830251
21810825
6625785
8089576
20380681
17913266
12613519
7834968
10476526
1529950
9294302
19571342
2140240
19588827
17688631
15179761
2355889
10507627
11100630
15547656
20585369
15378803
1172531
10838850
12934364
1820988
9239429
17375621
10862455
7300015
3837077
8222848
18025505
15539706
3111699
17059921
14605187
2026905
7920322
7474596
20429643
15457397
15112487
19168497
14967735
7889442
10673678
18818144
8224627
21688004
9260733
1914616
8653007
1306623
2961963
2263352
682325
8331792
10365599
2073154
6740367
8984943
16764307
1439278
15902619
15648456
1588750
8518529
10783228
10816809
14764968
3284984
10649524
18477903
20007205
12089961
1701847
21682040
141432
20169087
15724002
20601157
12806984
15931301
7656827
8553597
12819160
1572047
8334372
16763998
21879650
12784745
8493582
19279985
2970599
20504943
1597118
2237895
9626514
19086701
10752185
2042924
7125406
18162385
19155666
15551279
8335413
111112
19898920
1638726
2998796
17117231
487426
17277433
18980852
6966352
11521803
18522796
533975
12690924
10080465
3925913
7786532
9499205
18223309
18759516
17532437
2788684
12819341
10576662
16958424
16508324
1936760
19194629
2033344
703367
1579752
15846157
1439254
1732097
8272779
20223409
21841735
12897345
6155782
3585074
4009931
1960443
21609566
21462829
3387177
20934998
7285314
7994094
3278658
10920921
8462144
10192976
8528797
9063037
1702345
3732292
20504889
14703419
19122304
1819790
3709558
7709174
20736783
17661668
21876777
7884266
1683390
9170020
17552293
19956024
16272785
225806
8319703
12831077
6301046
17423963
2148782
17629649
11434018
17460882
7137027
1943245
2108635
8698784
1370587
18721528
12591862
17315442
6461975
21894816
7237732
16048611
11806034
17630666
15227405
9683854
1315712
3608607
7108157
18799477
6713972
10639798
19114170
15732599
19155648
7104113
17649787
12797204
9857417
1916653
7387280
18338176
2792935
17121951
11998909
20934660
1295626
8567332
9223861
18657797
10478819
19917789
12635839
1516216
2729137
6744695
20517999
7832711
9686817
9917489
3345606
18381877
19915889
8522832
10091470
374429
18984988
8758586
10372929
19031273
15635034
1936759
3944349
6532879
19445539
10402278
15361944
11908719
9338475
6744797
12555464
8731409
20214346
17190128
10563079
16504758
3487936
4079414
16041969
11958431
2794268
12386582
21528092
6263093
19842876
17905330
21029646
12092250
6405717
7669378
9727675
15604087
9201118
2273561
9824037
3109338
7428456
8990816
9929753
17342355
14583071
12204016
2060367
564994
8061642
1428240
17578055
10652838
8187779
8164054
15558928
20661325
8047499
21359068
8390717
21860725
18652010
15151841
21400905
2056548
6854969
7788949
10380304
6409036
20602800
1997987
20925146
7686649
19662584
16132244
2313958
3958373
9805180
15464526
15307591
14604244
10652677
17536600
3221319
3594362
8861487
12669407
1775709
2383759
20380671
3341174
21966654
19693448
1308969
7796085
22144936
6085336
21772230
21118831
9766726
12762627
21908956
7056081
8417048
126121
6372452
15008705
6470258
7520512
7873220
14609302
7082099
15713695
6886236
15116159
12324921
2093958
16109609
21801937
9213189
8041186
8815023
9814804
6703833
359142
17378130
8158851
10768614
1143087
18648816
15868384
8221857
11111801
9793541
10403348
6702933
1929453
20066456
19083320
3122574
14736716
3414495
3422064
9277637
18192090
1631875
22025478
1753521
6600538
12356348
7840732
11708027
19521093
15358830
8306816
3787064
16340747
17045669
21679076
17920369
1759029
11095139
8515083
10952164
20585012
2644607
17303217
3159359
8486050
10382228
3972409
16307805
15499142
9803073
7945616
2914444
17312679
19573678
12847597
8205688
19014587
3586976
7995273
11063289
21641183
8697827
16800178
18436601
8294321
19851768
566191
21360659
14756353
3513051
9725279
18219177
2257509
6240168
17423235
15192301
7953967
8983833
9746963
7744089
12704739
20467385
12443597
2497455
1913716
21253681
16533802
11235691
11721494
20186810
15633435
2955681
1923225
14735032
15769571
928678
21225362
18243008
15502799
472826
6893761
2383863
15274678
15039497
10704712
17538135
8347446
18031518
9815810
21242484
2616359
19011341
17161267
8417061
7923665
11117082
10451897
10065036
16999690
6574803
7971654
21841877
20062676
857754
19477389
6861769
10615077
7463301
2737786
7526307
20517994
3427526
12048919
7771878
11271954
8869244
11781559
17977179
8485005
18499836
16922447
2699745
971617
