12439048
22767140
16835487
16840219
20405252
16957155
21483516
16265655
19381453
16596010
17220670
20806351
20350280
15017597
20685492
19487385
16166289
20463821
21972208
19542725
19924787
21204748
18541900
21108851
17139320
21781226
18753186
12656746
19295545
20534953
21901399
17909003
18331365
20108303
18401416
19236716
20864900
18754032
15550852
21538960
17317857
20100966
20131302
21487407
21902298
20100958
19195046
11962188
20722490
20855820
16315942
21357709
17645728
21454871
15160962
19275507
14666732
15849758
20191333
19909541
20073450
18089875
21523734
18829412
21472872
19838099
20375898
11774202
15613116
17761974
19287304
21406471
21288646
21084819
19369231
21570567
21226671
18615671
12822409
20146031
21685471
19394894
20934998
20379112
17600277
