7904507
10344302
15052969
8815221
11693903
3991899
10799830
2733164
19489273
16394604
11392197
6276105
8941073
1706194
12097761
2799170
9376944
8553221
17939603
1385051
8864789
16963678
16825877
14652824
19830108
17161198
2810921
9086554
18364276
9754010
19772182
16128225
21159132
3943395
18195540
7973894
11112115
20032128
12776955
10821725
10323175
8679837
1507693
17651615
21372743
2266351
15690333
2470402
11791983
20350214
12911194
12701033
21387231
16315834
8295332
18360260
17916290
8913981
19480334
8016969
2934115
10948303
16201699
10778623
8960664
14765735
18521370
6424927
18927951
1699685
21539573
17492300
7553955
21053546
15756707
6876255
18793233
6970657
17273757
12734738
15992429
9155120
11577450
2702598
20486093
19741064
7699934
16449926
8250457
16730854
12522538
14749937
2585902
11867801
7724983
15135274
17696263
10824463
16878610
18005874
15114856
15940442
1306009
8521702
8223129
12931595
1897554
16162754
21338482
15809729
18318255
421174
16050465
21696560
17409935
20679245
12789936
19781373
2617696
21996964
19946229
9314300
14729814
17175478
11884221
16121915
18540304
3573798
19547902
16554571
9773552
17590132
9722856
15525886
6377104
18272132
9701420
2926051
9300021
10087874
7830299
18626210
20489660
19856254
12527636
12089737
1977518
16187596
18701857
2730265
21145765
12593028
12439048
17352112
6790110
19112989
10491456
1680464
9883609
15578400
2013045
12441898
17014512
8523853
21045068
6605838
9290272
19999567
19738291
10969654
11604204
10618747
2788567
21742229
15535337
7389687
20673111
16651672
9692129
18237424
17244496
14743668
11328473
12061368
10897836
7887769
19630117
14671824
12325317
21748618
11061090
19531455
12258
15138951
21619991
16136662
18492530
6449986
1339079
11432313
16612848
3813801
9159355
2305055
14962336
18775264
16807810
1464987
2561215
15826484
16611450
12434098
17356240
11752933
15881246
16447795
16611338
19324135
20179232
11156403
2427754
3348994
6200273
10094067
11669039
14528888
12925985
15314985
22767140
12698158
9244965
19769508
8409592
10642637
11242231
21686835
1947261
14975983
8564867
14677892
15657793
20193352
16126566
15538151
11509791
16871146
2516851
21443664
20093266
19640333
9337447
16835487
11191006
15364752
15704709
3051367
6679235
15688111
12921804
6505218
16088704
1337297
6642945
6974964
11930055
18788691
17033246
8935432
1621409
20648434
15802331
16450603
16702463
14727554
14673724
15109074
11392469
19809819
8957368
15011472
9321778
10968689
18979062
14599393
19323623
11712362
2245676
9785980
18030020
10963523
18533355
12166259
20329565
19046318
7781355
1921399
4072677
6318725
12684310
16525210
19258674
16282244
10618307
16733162
18294798
16731126
1484219
11966772
16827981
9478304
21636653
16755977
20505030
19662511
2537710
12090109
1349232
8175260
2130799
11057081
10886738
9333958
3566305
19731002
16930337
16479377
6545466
15854395
2735570
9375708
8977611
17006608
16424688
9658879
9674462
8549184
7617461
1302292
6897502
9265124
16557431
11429217
7618989
11688358
17637309
8331850
7682378
21687542
1313990
21409747
15533972
12420832
8551056
106647
15249453
8965358
9298473
8553214
7062754
14764966
19203367
3769044
12642917
15153245
9350369
2154411
436519
19395582
10522557
6700211
17220586
20090286
15802908
2365198
18200378
18500002
8372182
20145382
20850143
6318202
17762334
16618307
8604936
17211295
21838200
3718036
1699005
7591335
10424510
7301697
18615375
16865370
15115090
8890609
15310640
21798503
12415330
15776125
8868358
18253750
11289011
12638261
21378019
21148342
7071037
9681789
9103860
20512542
2152757
9718017
11786129
10765122
2392790
2198138
19140204
19013116
20929634
8889456
16935804
21799700
10363625
9149015
9598909
19559264
7625300
19241513
3982977
16435620
11775859
9308127
7120653
16840219
304735
10723951
11027424
14571172
1392189
22043783
2032271
105346
10352599
16771207
20494072
21331329
15827533
20800210
16359496
21809139
12853519
12802268
17915131
18754936
1483622
1469560
1460877
3024835
21090560
19588835
19471230
16829434
11145853
15351932
17166444
7549548
19266130
20868849
17017384
19943584
16983576
20930098
18805195
12097774
14688705
12229122
10871820
19177437
17537607
10870326
2695582
17366518
3507145
2602015
6412635
20835312
9744733
10940798
9883643
11855233
20154079
10945376
15891568
14516903
11899210
11779977
20345583
16172832
16698744
7514389
2101506
11206308
15305097
21591461
20455056
20364757
17473022
1501042
18341872
21311176
10589746
20111739
10813240
11969360
20395911
9845146
3138478
9051127
9423137
7745859
11559972
12674693
2964831
11402950
17572874
21116987
18089304
11003416
10585995
9103866
11844130
16319326
8979048
19918541
18394347
9192567
3877417
18422864
21704903
11796448
7083715
12457598
8854792
15383985
8623073
16357630
2738794
14748997
2451641
2258113
2764603
15588036
2496001
16835471
8242812
21738856
8538095
20685584
2547517
17525131
17361598
1920978
20418084
8583730
17298456
160894
3522308
2648938
20046047
2174536
219513
14735179
17073297
20666278
17972230
18950521
3536306
20673000
15966217
19675509
19195195
8745787
2955763
16767573
1300108
21393011
16181910
7587426
11759999
20019339
18677176
15525754
8677760
9856127
8492431
17233403
12058308
20715559
20405252
11789763
10344153
17313027
15071885
20947099
19858695
2662923
2160101
20012920
2917312
1780732
21040677
3748932
16787684
7054563
14727547
7012924
7820836
1840436
9213303
18306071
18257211
19123081
2046183
7897713
18204846
17261579
21044230
17302549
9350247
20004958
2608642
7720973
20731940
19440826
9048293
4049528
17985181
3119529
9563802
16050470
10228809
16614540
22016674
11888965
8202910
1634478
19799067
11025364
715681
20037865
18219871
1602881
10410543
9132255
11680061
15489075
16135177
17588846
1371640
20731908
11039504
2507503
7855490
16951230
12692946
16957155
9542201
21816012
18584279
8640849
3847301
2749363
2591102
8335834
12192317
17488258
15928501
21176448
10810196
18664838
15882185
8741537
9568139
3006272
10955740
11938678
8515592
17287168
16786740
12148967
8312578
1627327
8774391
2077210
8696722
8007468
8914788
20473171
15462354
12839380
18603173
17978915
17343231
7762356
18462629
15911948
14703274
2020118
17970070
15246516
21773911
19688765
8516692
2730740
2093221
10648587
21045639
18302890
17675763
8804940
16310855
11435030
6087621
19213222
8263849
7946875
6575841
8866490
1477460
17539854
19680727
8544244
9071169
12353126
3097073
18234647
17338967
17313561
15598079
12972701
17554983
18989565
1556411
8012841
16724995
9747609
11247695
19552086
1495714
10748366
364162
2235145
9363070
18515934
1265272
9207521
17396027
16585822
9372327
16784948
7784706
3008886
21483516
16644443
9271724
14998841
12530111
20960908
3783836
20628310
21212916
17073267
8827804
18604111
1602663
1653558
19770379
2560998
12671492
17642206
19638726
10064959
8762649
11131876
17700198
16412285
11456355
9685526
17715165
8902589
7574773
16359025
11193322
16265655
2700280
10501751
7854090
19764505
2637624
9178587
11359656
10908554
8431297
6309098
3024988
12741731
20021793
19150580
12015046
18241565
15456602
11998944
11193437
1346878
18550204
11924190
8388604
1968123
15834619
18283505
16038761
9688930
14971873
10438997
8572763
2021155
11144461
4068759
21822695
19765457
18795607
15293154
19584210
11825740
17149463
11029359
12868130
8361100
3114570
709531
20450640
19443173
8358123
17033244
19481402
20434879
18216055
12460383
12105753
20470210
17296706
731877
10483823
11834002
8121094
17704310
12858928
8545365
9290475
3716873
7433352
3116920
21196098
15624055
8258114
1735270
16755988
10338417
9310993
9720523
8736655
12412304
18341873
12103374
8125826
19370304
19512997
12365220
16774569
12226029
3241312
21279173
8615239
18392304
17175476
9676591
9290688
9674198
10407695
1080364
15196342
10778621
8004525
8192958
9742827
7745293
2023363
21117197
17347049
19023500
19842413
11889809
7249199
3589104
21119278
10942484
18620107
20039798
18522295
9336784
1502942
15239997
3722284
2098873
10872624
9556871
20110191
12425509
8871464
3387775
16317014
16037874
2767729
9037223
11352954
20384209
8588985
16546931
18758965
18661041
2817911
7953476
9845642
21831499
8531327
11358403
2854303
21851669
18332602
15100977
21181213
3727945
22135552
1827583
15973917
11524698
17532375
9262120
10752869
10839478
8525154
8007427
8049698
17761176
10881782
11360510
12147848
2932045
15547818
15717721
11417295
9248328
9866986
9248095
20608936
10396707
1792414
14452908
20065558
21938164
8315912
10701360
11939758
2617246
8996986
16635088
21566442
17146607
20476873
18697444
11307745
8369898
15085762
21731298
16893591
15110449
3488712
15171907
6506227
16336804
18552586
17235513
19609957
21374642
11302347
12448681
18176389
18236193
17590095
9562128
8967817
7880616
18069756
12708194
6406317
7247437
18780615
19298716
11516814
10598483
2258645
20979810
16613338
11571736
1946256
18840259
11590291
16418864
8371940
15290457
19082796
15379058
11778999
11117681
21741946
21160921
1335525
1767347
11059227
8797419
8404092
15914362
17943347
3130426
10921040
1300172
21427301
10464900
21619578
1927193
9569039
165155
21894773
617128
7312760
12171835
11828729
9017800
18717182
1175145
9299861
16790293
11599101
3701392
11002935
18219064
15653988
11836881
7644726
7924523
18402751
1115469
16226239
7938791
1389900
6176099
8402363
11412475
17223497
14724496
1733485
10771908
12700485
17992788
18803990
8784730
2677945
15553736
14966740
12649954
12042954
21741351
9267155
17534181
20715664
1151961
21893298
15916664
11032935
18758302
8524550
10737026
8666323
8031251
1426226
21545936
16012715
15047245
16498831
11784520
19705186
19107640
10921351
8022975
17108732
15022404
12923343
10408285
9563755
21160431
16964791
20939965
1989793
11317242
11776609
8795590
18516992
19173189
15518416
9932642
9056153
16773186
7508713
17532836
12911825
14534841
10777085
1599018
18316570
20542385
15062606
21990983
16366174
1586333
9301237
21637077
2749388
19529914
7221169
2295676
19381453
9492568
18401680
3717819
17564563
2121030
14726082
1736751
11039672
1530398
21541647
9689807
12102164
11961434
537974
7969846
12016357
1456583
9396264
1851201
20307992
19246720
6714557
15712320
21551260
8820022
10872627
10380507
10407976
2053046
20505286
12654444
10789811
1622185
618710
8691678
22117319
186568
3653300
19161998
12634467
17651613
7201835
20116740
2214508
18298333
12382409
19467816
8933659
555011
2161177
3493843
17537307
11474270
12146052
9430971
7647218
7651716
16447718
18620780
8940786
9248097
19274912
7836831
7781523
9844392
1424846
8689450
20298292
16819251
10072804
20459258
21968097
19810178
2669488
2295247
14990835
14505524
19727362
6872597
21479895
11463552
3321419
2924609
18307446
15915168
2019542
682222
15168769
15957451
3414816
15678909
14746733
7553957
6723346
11325492
10783675
7495270
7698925
18656264
7647592
17762852
12833842
17699935
16253558
17219094
16121922
20058613
10874175
20446446
8528347
12074283
17043435
15300311
7832389
11127739
15318043
17996356
15066475
6867346
12047785
11837803
8983362
10685206
708602
20058692
21059200
9028067
2792875
17908988
12042119
1946941
4179171
18077985
19156001
16996963
7363165
19434690
7911160
8053086
8835758
2810006
19765100
11319288
21822181
19180728
2046165
8633595
16596010
9866921
8051438
17176861
19692261
19317363
11802962
16883247
18348300
19534086
17219805
19238019
12091676
15570941
17690119
11090840
2615103
14528445
15845939
15951941
12187811
9735975
8827884
3631975
16714688
20160395
16629497
137870
15642968
15523806
12719023
9626521
2724608
20197729
21617565
16927629
15100904
11573900
11930471
1552682
9810785
20420040
9916487
15209738
21513997
3631843
2439221
17172399
19761731
6244767
17986118
9883612
8946880
19429993
15288744
18442425
15365201
7560318
686983
11844972
1570969
21193890
2312866
10365118
15329526
12189505
18285736
10425051
15334261
797625
6191628
16043010
9064083
8035373
7907156
7726055
12692498
3265668
18398153
12428402
12409568
3495553
10225197
16210887
3847297
8377317
1390371
18060209
2389951
9844800
9441104
7543559
8230876
15565585
2804773
16174592
19632377
6575725
11888797
10207695
15841321
10197393
11778499
12591680
12527581
10723717
16783770
412091
9602850
15211121
17760661
18341037
17220670
8625365
6606395
21809107
20467016
16716820
8325309
15937764
17297849
17762336
9381343
9925102
12242927
15192964
3364048
19563012
16006688
10841805
7634861
15066335
9596310
1336868
16062090
17785511
7503188
12055394
20019088
7850753
21664805
11696511
18958971
16731143
8157305
11802936
19882912
18365998
9352621
15344207
10228132
7669874
22036228
6715590
1869932
1334795
11210776
17929471
3816325
3436279
10231215
18546780
11605218
11273468
14631642
21947721
19329187
2129974
12118459
10500539
2575406
1609154
3433368
2595069
9132815
10028349
8857324
2256051
10065175
7599790
19263123
6335857
8793465
19094877
10802146
16024974
10734523
18072418
10829868
21712918
17454629
20712061
8948554
11019566
2309739
7080492
7781353
10819009
20503408
443216
3089237
8074375
15558786
10824532
7412433
18826590
1942193
20935623
12357424
9805914
8091978
6261936
7742438
20806351
6318366
8139102
7712911
2786379
1745869
21597700
16158898
21415702
18155802
10412923
21600106
7714376
2077254
17567657
8679758
20062780
8113843
15359914
127598
18227610
2251441
8583721
2179013
12101854
15515192
15980647
441307
7087185
15883057
6884832
20616944
16952036
19881920
17209933
19958629
7496006
3841057
16619563
8586133
2703762
15801283
9704392
15968148
6695954
11206904
12792976
10897835
8459477
21263427
17203796
10496109
3263543
17628978
1456395
16788305
7442601
8377327
18028567
21162908
14528727
3118815
17088391
2740881
1917755
9636962
16085590
17462116
14689342
1721801
8317803
9294295
8124219
15553046
16642229
12924245
9570353
1683388
8881198
11192541
10363532
1680938
16979084
2221975
15682465
20803978
11127732
11030367
15704717
17978537
6742866
7693399
9832571
9893299
2796447
21067054
19777187
12643417
3872934
21224649
17572993
8937149
16886600
20350280
7956534
3883762
3948810
21126380
21362716
17619531
19731246
16981967
12461592
18283513
11707986
20403196
12931681
18087564
11486323
11024390
12646080
20593749
19010765
18434705
12244333
2263773
12390321
1539580
9484734
17652929
20821226
17603241
21206149
8897628
1864147
11391721
12860946
12975784
9698623
21049236
8196226
20420115
18310174
11888967
9493446
19088831
19573841
14666294
19783262
10859988
8519452
9509544
9757646
21546438
15786901
3484866
16423210
12624124
10914556
2239924
7925918
1952449
21353015
15202275
16197848
3979479
11130121
9308666
20112610
9296831
7735552
18477080
19203812
15888624
6089127
6571481
20687858
17443283
8972317
14718464
1738331
1155495
2796435
2363601
21484035
17049635
18176046
18620553
12399875
20715500
2280103
4067516
16965906
10647830
21437443
9587453
16864104
10493038
8994523
12607305
20979673
13094539
8230749
2696928
2383974
11259706
17381387
21663645
2714584
3729088
16983705
8200984
17072375
2671454
16304887
17419174
6608117
10407867
7414102
14970302
16019555
20728247
2441040
8149264
21545205
3135407
8168582
8721026
21206334
15686508
11993795
10755008
2099575
12692958
11689765
10189160
786579
15469160
9228101
16769712
18319557
2024319
14701773
12208189
21373246
8189646
11106821
2281682
18440459
10456147
21932700
12826021
8499639
21213200
19103616
2453591
1502406
7817078
11470974
2705406
14692553
18824294
10780148
8092112
1630039
19435835
16258882
15950146
19995279
11265257
2265630
21602770
17825100
1663736
20138858
18578339
9137493
18004572
9861236
3020811
7858452
6326021
8983443
10198367
6839650
10978979
20572579
1321870
18700572
19590622
18318257
11812366
18604023
19153321
20086804
20170515
16025563
11688826
7553960
7900702
18560241
17545609
15637694
10356894
11201579
10234305
3196043
17419436
20112606
3800404
19430066
9893459
10065681
4020913
2237144
2684046
1903232
9393155
11855092
17611666
10410572
768710
12242740
13997989
12238585
19083335
16580190
15106046
15542421
8224627
9256612
578685
20091684
12935646
9260733
6950626
735769
15221261
20364615
16279590
15017597
20578521
8991236
1575285
9089969
14666042
20419090
22008345
15861415
15333339
10932918
7617853
3406397
3864396
17238345
11915734
4017675
16920219
8161053
16604037
20685492
12854383
17052304
8136810
6875758
20657225
1554227
21795017
15628770
18392242
18629436
20872560
15328155
21532389
16508324
17657843
6870294
15691693
21572699
16738427
18196782
18398154
3585074
16231684
11404678
10635308
19601530
22012046
21643637
2657858
16364944
3757420
3417529
12599516
1387180
20387524
10934728
3045951
20962669
19655816
21076592
16538157
12682901
10584578
18785319
9715228
9216163
2796112
7974029
646535
15732599
11188930
8620743
15625448
1623770
3492039
8840237
16643772
10888216
9513525
12462334
8020304
8343056
19940667
16440925
16304082
15194841
1682346
8883172
22084544
1339908
17785726
6690520
17599031
1331610
16540497
21712925
14625167
17889445
7314234
11993163
19487385
8884719
10481458
19333196
17203166
10652838
16310886
128794
18425944
15628531
16437041
10755695
9917963
10778413
8065151
21485580
16274378
15486393
3449319
2768046
19662584
12969616
15667616
21706936
12602026
8377239
7729376
19562297
12425834
12669407
14982607
6085336
8822000
2490446
2236687
6887354
14978915
10204623
2537728
19879036
18412043
3056661
17494806
359142
989808
1860626
9392790
9234640
2712636
11536001
8726929
3422064
18192090
7657497
11708027
18197936
10952164
12770701
20453405
12973971
20610927
19647485
9846367
8751672
10366476
19890191
3579584
12693451
2219891
21925052
16813111
11776157
16153795
2843116
8728868
8018449
7963363
3771119
2185570
8938355
18067711
10869933
17228151
2790916
20819493
10563194
20723325
15290480
8067862
19184423
393082
8515603
14625734
12822610
16270529
8721373
21079960
12842547
15256622
9666960
856432
16568675
8701706
11334721
12633031
9072429
20647513
14747795
1690342
16420655
8756365
11605994
11679178
7362309
21179725
7714384
9260780
19181587
20160366
21393455
1215964
9170091
10882281
18712332
1116393
12702526
16166289
1558922
8804473
17982291
7685922
16184924
12796605
16502675
16902882
19995658
12166845
8348582
15300916
16456138
20463821
1996791
19732130
12105780
7306467
19830052
20111882
18072650
12011069
9097351
1950216
2246834
9106578
19242309
15832079
7919244
11490904
1687060
10791222
19085002
18022435
20560473
10486600
16331317
16548323
15007917
3734205
11414455
2963380
9791579
9692111
7669589
2630773
8022973
2268105
3532081
9465629
16531721
1797971
11149646
18338545
10870335
1578642
7516130
17670576
3494399
3603646
21046502
20445301
19878808
6887561
11502651
3260522
7704394
21972208
21918321
2506228
21595308
20492818
10954472
18365158
16730581
8966293
8711698
12678167
8330718
12806236
3169227
14999927
3629477
21368492
18774315
10939704
10213127
18068853
17052315
3946864
921093
10461535
20926222
16555727
10585573
18302860
15012871
19542725
8127462
17721033
19853764
8976073
20086774
19876797
11991412
2027705
19133147
3763523
22084743
20200610
16018388
12857044
8016402
8799403
19322576
8908573
16752025
15278861
9282241
9883625
1412093
3448176
9726763
2347231
16327673
18318260
19869806
17524841
19203554
8371539
18173028
15175777
15860488
20673275
12820462
7103642
7424758
15793660
2636402
9866982
20698152
10496045
21367851
19231537
2259759
11467374
15776346
16079949
17228217
647671
12187817
1440470
8338629
11417302
9537546
9888745
17233392
17380003
12632344
2382453
15332395
14735688
19047312
8442920
10192494
9781955
15859154
6412893
14712766
18091367
17519139
11434113
1396247
18827414
10791853
11767433
2067153
18475740
19155570
20845520
12144897
16391397
18555747
12880538
12521274
2179601
9609628
11579506
19261110
7739589
8121558
10350101
12009242
12255392
18567358
12118761
19924787
19860231
15785106
8519077
7473363
19901882
9148649
9415351
9515858
11243960
22040423
1203853
1467321
21213128
3847302
10197266
20437005
18248955
16124177
17539000
15965277
9949591
11130573
16491462
10782162
18351189
2290926
9972917
10084488
21597425
6897885
20949734
9164013
18079636
2712699
9384488
6497167
19187696
19514503
11786730
17962614
343345
3493657
17708294
15173711
2729770
21102260
2375489
2034603
18819627
2273632
14565636
21121215
11732285
22038633
17016001
11871812
1948846
19194202
3107079
7366279
6701312
16388321
22083202
20103217
2397172
9187729
2611966
16256041
19349389
8950726
9750622
17446785
15646654
15308860
21204748
18061305
7255311
11700411
9404776
16181651
19323040
17982637
17212026
971522
12494510
11045277
14667612
10673205
18159025
16551809
17108730
6094856
9924927
22117384
9500216
12386558
11243959
9490564
19169996
16039214
19106582
1443345
21686529
7673622
16856535
16611535
2366907
10459484
20002838
18404793
15951863
4051295
12528165
1335205
10802775
11195137
8320755
10637894
12877735
6409006
2648239
16106111
18541900
1306781
17651894
20547984
22008141
8753121
11471264
3691539
1765995
21822992
10575837
17312456
14699180
17037405
21108851
7125739
20181006
1057409
2530377
22058358
21818656
3266413
7312765
16021395
21755184
19348275
8373255
16805178
14553871
21487639
19000545
21833749
17925768
8399878
6233454
19218659
16766154
6620573
16359022
15694037
20855275
4056148
2552211
7747852
11100495
1434278
7784365
6709200
11234500
7573283
17909535
11868359
3997628
8551059
21552017
8767647
17939004
9530040
8521703
8625753
7553959
17634717
14585383
1507309
7839054
9212666
20495324
16585090
10561791
11317547
8434358
9230975
6611048
1933623
9322101
21829969
17409967
12576458
20079228
10365560
416463
17139320
16122487
8029510
18577258
6543151
16447926
7928148
12552157
2476210
9822359
11037647
7064886
2639592
2700104
9641579
8713246
10984139
7807761
21781226
3899221
6753138
8934613
19506459
16022151
12901830
3056504
11677280
15757539
4030465
8041061
10595866
15007922
12859719
9360051
10432948
6828756
7857230
6787890
7178857
14696807
9823959
18485683
9527183
18603180
19037887
728355
7887073
12599026
11387839
8293393
11812093
2235118
10348431
16391983
20673500
21549050
19136795
7974310
9513533
15499481
9154716
16326244
2430825
12475827
17437697
17019691
8163267
14738299
7666623
19223753
18653322
2970157
1309370
15281500
21545072
19031716
19914114
15690336
8169271
1344849
15881245
15373083
6494616
18090577
15241695
10330543
18278465
9198823
19585673
20843421
8785448
10087871
16300716
9080144
17539858
10925965
21297136
15651520
10705259
15680845
1791016
594805
20668566
17943759
9580921
1739176
1394786
12682693
17327086
12131967
1735249
18626305
8995539
17339160
18520115
17143703
9865244
21426723
874629
9156588
11339424
15145012
1885315
6690950
9932829
434993
7681172
21497729
21342730
6719076
8219174
15473586
12516095
6316701
17610018
17068823
15137191
7732935
6575723
12846698
1605541
17921853
19729362
17873608
12477321
11167110
21048547
16715428
16270268
20975641
9766492
19404038
17110072
8205087
17060940
15308938
8820473
15276193
16265850
7972828
7640756
21364842
18210928
7473364
1625401
7809500
10191586
998243
11361060
1751370
12928126
21224716
11262818
17409933
17011987
11310493
2602602
11372364
18642363
1734655
21055091
21499006
63745
11086443
8149069
3425524
17922736
6467687
20093263
16087092
12829135
18939422
17703630
16818037
18361033
2435402
2763260
11244734
1997234
18753186
17633847
6471394
17142253
11891607
17877010
7932076
15735830
8331613
2822175
11029808
10456729
16925806
7616043
666412
19591596
18995151
11338024
17987805
18505689
17653762
18938042
16891801
15460206
118607
17984553
15725138
9305394
9720375
9926252
17639380
2730786
21612137
2290925
17668204
59858
8197070
17020980
3882444
11776158
6540256
2768951
16824936
2042042
9411615
21094089
7855916
3405193
12656746
18689614
19017384
19128471
9334609
18388351
16547991
8694957
19697084
10423049
18383846
9156144
21814341
18051806
11165408
16198593
11061075
17687754
8479087
10631202
2788006
3046550
17097750
12974766
12508840
15475636
17152287
15129066
2167954
7815762
8772405
2046412
20392359
20800026
20128925
20836672
3389592
10363605
2101010
11197793
20863463
12724074
4960936
3779620
18839405
15215543
1277928
19373913
10208209
17878609
17077525
10679541
7877238
18631226
15045961
12353345
11128182
10190942
16451727
9469351
20387522
22057610
19295545
15290550
8150900
16412301
6924537
7075504
18041444
1633363
9868664
10424528
11164843
2196117
663419
7488388
16676494
448867
10599033
19934281
12890823
17450331
9876747
18941103
15510928
1542199
16681776
16495069
11536269
12746663
15448600
12622893
19248556
17462271
18085365
7728570
21743281
10807471
1549670
15686225
20940674
19098338
17394680
1442463
10654648
12148948
17383375
15983550
10624927
10777226
10688489
11213667
6237821
14999612
6881978
18843949
10191608
20630032
12710103
17234354
12367799
11694813
1122830
6945460
3329529
2681532
2146854
726084
2478433
903991
21067700
21811524
20657552
19365979
1018666
1859075
8927739
17105849
12667253
2777413
7213537
6391389
9934825
15111827
19775713
2018661
3174283
16489676
3613140
9671425
594948
2055925
9101095
21761024
12752003
9372336
2291735
17952319
3269362
6945010
19764521
21161518
8455078
6690485
20850615
8377505
11845935
10436650
10379503
7890378
19897392
15043489
19709832
11934729
21977236
22052141
16354877
8222812
19221753
2181337
11262257
12806241
11989145
1988756
2035345
21678704
19046113
11977923
7206872
9115624
17978912
21216327
20442841
12964025
15623498
16159011
11211754
3202383
15388004
20810010
15837019
18771867
10518143
8259368
18063204
21991203
17679461
20534953
11523170
9923037
18820794
12061693
19170175
3495987
17520201
3291003
8963510
11770241
19252208
14768369
15247092
1176156
7835144
12656540
3841272
9650646
15369141
19178739
6814181
15045630
10730622
22110901
2313961
19601522
18357489
7712569
21575303
8826727
11127242
11426752
1680907
1733348
16123874
20561488
16941112
1921091
9058260
11160738
2572542
15545599
10559090
17632672
9750582
17233400
15792787
2731119
1488743
20845686
19350267
20924730
18830115
1484436
9093202
15592290
21729620
18425256
15243321
9236513
11176562
17273623
17131469
202157
16210897
14699297
12130992
12541212
21716033
16765714
12701199
2471235
19095108
12419426
3955787
11187430
16626953
3945854
16436960
6099031
9508477
19829798
14629503
14628859
8652257
10084390
21990959
7699971
9159351
8277453
9135451
10416770
8456667
21123535
19582818
18080506
1569770
7524816
17629022
1866037
9766369
21901399
20966579
19261086
9012072
3469852
20498801
19301253
8513056
9568138
17909003
8664186
16861510
12708946
2724533
644070
10096151
9019078
2739471
14502447
15585979
17907045
1340306
8741461
16001941
19204479
6422372
14755144
1289343
17126100
7798722
14732898
9502572
12522621
1323867
21309919
17558527
16827805
21336734
3178332
16313842
8708762
21258955
22128410
3166542
8080838
2599962
19388531
3728245
17066625
9336047
11344622
15691251
8554112
6562134
11557121
7977250
18598802
21612501
2111799
6878108
16760876
12376614
19319640
19669797
8417880
2615102
18959114
20715412
16906369
3013343
7722042
15170985
2348098
10629659
15913841
12961112
10090542
1898799
7810817
19811062
3743356
11260927
21565916
14632366
22090694
10813239
21926873
20623310
18331365
17927715
15123998
11745230
17237613
4042509
8533620
18243371
901172
18615377
1244738
15775894
15144567
19708533
15997787
2656849
15168459
12457010
2968565
20231814
3526899
18339023
11371278
20863640
15864021
9847577
2697734
3062725
20658535
17074089
15999054
2731700
20400261
20106626
3330557
18216051
17657055
671573
20457412
10413213
18176138
14579705
8230956
8255031
9483177
21269663
18259780
17066613
6867325
9004155
2182901
9762399
16013774
8820027
2098599
15165651
11804869
1944783
6740204
11105632
18573650
11556592
20835594
11270255
12136544
9150338
17203567
15249814
16761613
21443529
14502460
10965555
10546465
7297379
19209020
15243769
16945236
19852332
2329302
21167026
11200659
1451248
18217481
21487385
11195927
16342163
11013807
18172984
9754993
7967235
8541737
20388763
12768256
2339215
9545840
15906965
9811392
19087681
14658085
15813244
4071148
15190651
19514493
2594962
9657657
3291091
6966798
21923021
16977299
18216750
19181646
2577434
2400189
21214042
7602824
12950133
16205343
21687049
8940857
20517734
2086715
8399876
21646700
3514352
7724421
16624150
12772605
7306765
19806363
19080963
19330246
16304267
8043983
21587132
21986171
3563453
7487209
9036506
15765782
18089411
17826389
12765926
995607
7689906
7209304
22029167
21036761
9273187
14575217
9463745
19827587
3601133
7572496
11574760
21331270
18399347
10478545
8784877
3187986
8353284
11033846
18186314
9453877
7882727
17939913
2022914
20035404
20163024
8118118
638913
7413979
9659533
15597222
3929219
3975585
9334470
1913042
18416198
15179833
7805325
12412982
7597270
21666452
11018693
18312647
17670738
11168004
11949746
16075797
15852338
20224760
11553820
6188876
12714879
14769729
19172338
17313036
16390605
19933689
9411599
10774173
15068225
10086092
11392575
16337367
2786830
18176010
6340907
11116546
18625099
16421678
20065335
100917
11341211
8187346
9778201
8234855
18085034
17669985
9585703
9093211
16247667
11804921
11443620
16736345
18392631
16504446
17485937
11778166
17708259
17088764
8732110
15650258
17547803
194069
18679016
16798154
15741021
20108303
19123083
11354757
16584878
16716815
17237115
9617146
1792836
8751245
11982987
1596014
21394012
9823957
21133993
11516033
11855086
2149615
21333262
16642931
870264
19267819
8466134
367592
1190669
2306977
19907961
19526181
7125056
15568123
9671062
11882826
18845522
16363674
1849449
10754592
19252349
16333926
20137570
21342638
12775259
16239767
10824478
17852820
7594789
11515772
11820420
314826
11941941
3341635
6206796
703369
10741008
15966371
18401416
16940982
15692722
21768706
15553705
11236350
3698635
11345372
12475874
8416732
9925091
10925694
17718247
3517625
16364854
11755330
15254610
12921642
991095
16987630
11229272
188025
20417362
10939493
7744650
10559088
17911075
2625114
9118702
15508438
11585395
8384963
16447709
6190022
9372561
20230924
11914151
19469105
10730534
16020894
11828734
21227011
8273630
17643611
10616287
12043278
12841694
10878733
619962
18432592
10693675
10386029
8567579
3520711
186417
6155960
21876802
16109519
2478706
9841948
1316728
9720468
2469806
1924016
18264894
19275798
16268920
21348261
7489803
17878649
20196935
17645471
20191799
3261024
2540369
15143426
9083785
16903648
10974579
19100210
637645
12417972
3265151
17087325
7574774
1645570
8084104
727817
9509683
19024094
16292159
10496102
10703076
20889893
19486258
17718245
9864027
15365408
1948796
10795555
16639988
2228951
9411515
9545691
1339146
8947095
2155719
12611582
19009615
10529467
10951797
20080495
21999
21629638
1932728
2827811
16604559
6312901
10053096
17225949
12822422
18175793
19348264
18217320
19155201
17466531
7513393
6315993
10683963
14752638
6969182
6573720
7080867
16034753
2796246
8731142
16396263
8465025
2357680
10705257
14661552
8539199
16456741
20088159
15621814
15764893
1778572
1034310
15518342
7913932
1431376
18683211
2636250
19936832
3293153
9063489
21625839
14992450
10699694
2949822
7403938
948595
20628387
11718028
17046194
20505563
2549127
2845761
17827907
16620970
16707611
16511514
21512973
8697847
19530588
17374861
16553339
11193893
21093881
16734180
16698563
8924005
14769739
11244732
11578264
9270245
9580281
9857455
19387349
9798890
17415856
11510097
17108728
11227344
19040949
21498978
14984007
2232275
11753648
21047727
19217045
19102838
11097677
671456
19753589
14769303
19724703
17043433
15160967
16859270
3200243
10585808
8277623
9400682
2660888
7669682
9819514
17539835
9887390
16779839
11940425
16146836
7793501
19236716
19638358
16215927
11355730
20810063
9387621
20864900
17026816
2556591
11120513
9145612
21076586
9066965
16615050
11812362
19440828
3721989
12544076
18754032
16188905
8186912
4085736
18341904
10714639
21114774
19145391
15500775
19332043
19627545
9386652
2292893
7312751
18252921
2188320
9700588
3629096
2649948
10202873
16088277
14669085
12224436
3605181
7468641
12148416
6617272
9072060
3595222
12866632
10503042
7259964
20079281
18437103
16910577
20379105
19246795
18480485
17142181
17061479
15550852
16329776
19567075
3343189
1971783
17175968
15199756
18751615
15925426
12627423
11878666
10846602
2736671
8796649
9085206
3622027
6540075
10649247
1609718
17710434
20554513
16187718
16506943
9314845
10732857
12000071
8788271
19968177
9294305
11230645
1424276
18668326
7629884
2621805
15915756
10780690
18540934
2537511
21193598
11802934
8717297
17513173
16389990
11931412
1645949
16620999
12772598
1580855
16810434
3521416
20092745
11908862
10780517
11065243
21743266
19941757
14599959
12661111
129218
15586655
17440672
1387461
3267334
17086384
15145720
9022315
11704907
10391161
12412289
16119008
12806238
12233114
21538960
17467757
2456410
6189760
18545820
16285597
18975589
20103240
19543174
11459727
16398088
3345695
16291082
10603193
16368385
2071479
17316815
16305823
2504032
3493648
2796402
16040925
1548893
2295265
12097296
16519390
15646254
10553589
8995540
16527092
19581352
7989240
21969899
19371550
9424652
9060960
11231496
8911179
21453970
7797224
3400061
9386712
1433946
1825682
22111105
19023164
15798874
16370523
17317857
10063723
14620898
18840271
18330762
588339
10480307
17903214
11899202
21716068
9404901
16823653
9064855
15455953
16901014
7050387
3677810
7869002
2817912
11681515
20061770
8632276
8418323
8680105
2414147
11596890
21959513
18989492
17623956
9762189
11019569
20371531
18440089
11995472
3502518
16465601
11285622
20560442
11797360
20100966
16912033
16909702
18975591
21678279
14657622
15136296
2625814
6889205
17081316
12360798
2012419
15002717
1829134
3787086
699648
20214357
8685648
8428247
15747572
19082913
1341445
12694766
2214392
9028075
21125048
8207784
1099702
18018627
17961409
12229188
1304301
15661951
7260520
19117690
1344042
3717994
20235879
19567183
11869412
8769501
19225930
15125857
22145059
14688684
11323480
15282728
9083917
650758
20131302
11870558
11029093
16864677
12852354
8033624
21702177
15539723
9856676
18678551
1615941
12371586
18760720
17017441
1844925
21183177
8648897
22137281
16969147
1753419
19536058
15902619
10979291
8393098
20942608
21674315
21333203
14515923
6435363
2250368
10871172
12797172
8687224
10829319
1626807
2211298
16088710
8570307
6308294
20358157
14756019
10342512
18223309
18759516
2791132
12392663
20307999
1263545
18084909
17694786
10492271
12581573
9596307
12151565
18197912
18524615
12962143
441371
10920921
11171707
639451
8365981
8937136
20971313
14689879
470507
11451810
18417996
20449952
15734378
1700770
7959944
10589473
7481130
18541082
19051638
18318225
15839058
7944490
17724538
12518925
12161704
1623728
1305326
9230264
8885819
20561887
8102189
8736226
8387674
7875786
19561920
7933252
19253507
3669299
9766352
3973439
21487407
8637278
21371943
19820820
8483288
12117231
1325339
9917489
19263711
18565793
20441879
17146744
19024395
11204015
19432827
9805758
11466814
2214427
10921294
21263325
21528092
16756788
18521256
20648670
21252837
3375939
19195190
12518537
3340766
11769704
20037344
18975513
8435953
3051136
8057536
9493427
16100189
2474886
10803706
8068995
15204323
2769951
7791276
10063594
7555165
9699395
18541018
1574638
7473446
21470942
12016482
10100146
11193323
3772505
17249504
9552042
21213205
8041186
8020288
8128459
17144577
12445749
12416670
11605893
2505983
8601983
21501914
7055422
22025478
17208547
7515657
15633937
18716687
8930420
21168660
18265903
12218078
9742819
19423258
19882914
182018
10965624
1402168
17634713
9255525
21031102
1876732
19638209
20193605
9578360
8181596
14756353
9725279
20802966
12101475
3576276
9972209
18463930
2736672
11120621
17388868
11529433
8687212
11235691
19319641
2715033
15957122
9432209
17657421
19514501
8252959
18580789
17313024
3421005
9572413
14761926
7492244
12824959
20868289
15954507
21049468
17565638
9361359
20498819
17694792
7844909
12830041
10501853
19139655
12653074
16844630
8688321
16273363
14720007
18957845
10575815
2993691
17144599
11704231
19168966
21438915
7944724
8437426
3116325
8698003
21054856
20399028
20955545
1602864
11109810
16797301
20440084
19894113
8699123
19304921
21843931
7047712
8640711
19803406
11121651
21860532
7920088
6524233
20368818
11982976
2060484
9972604
8454754
9001354
11974872
16491543
15070140
21088086
9611971
3560761
17500226
2668547
21167048
1558425
15211875
12584948
12701223
12886399
6611918
2363617
19593290
12109178
21591458
10320254
6749760
7750421
7657363
3519524
626935
21213203
9482420
16632152
19068600
8936994
17443035
1568914
10483761
21485459
2348942
498838
20007762
21427344
18836376
9341285
11747719
19378800
9119521
19185895
18466675
9884574
19864204
9776120
16950704
14669082
16088288
8759573
17522775
9019200
1767978
14634945
299324
842556
21045426
7563589
16855414
18283912
6528265
11733905
15843856
12673954
15810707
14978941
19500972
18622121
8624461
8022724
16179098
10888210
11065256
14979477
16641582
1079107
20517732
21149407
3551784
18788449
18197911
12092041
8479084
1265662
3275487
20979811
21765314
9157526
2195512
20511623
10590429
3672083
11418396
11875806
16780071
20184058
15182283
15852059
2407457
11470975
1303460
2214391
16757914
17952440
19636010
788879
21720054
8680381
8011814
9216767
15297403
7808578
8296374
18261549
19195269
3260740
10821030
19561891
19369622
7450740
11903176
9242317
18197908
6168606
21134448
17915416
20085908
22001468
2587893
8161736
20973274
19203989
18197929
9844391
15018626
2042704
12660009
18399876
2958055
2281166
8005259
1763210
11093420
12733150
16549343
10634651
8532576
6498656
3062560
12140142
19219619
14977741
19253161
8305971
12426249
15848308
17940374
17964969
8655463
3345954
7785406
6606966
7956533
9596311
11422930
15994398
7718842
7852772
17415923
3155643
9849013
15802332
20369107
20153664
830958
9366167
8621810
14732896
6274531
8629383
20349301
3835612
2320790
2236963
2036700
21698787
7832098
15067814
2200144
18580246
20446394
1291759
19035231
16341374
19216450
15928500
16032124
11336766
17087336
6787716
12148349
16352019
15196738
6480479
19994597
17173531
16761474
2393241
17146160
7775233
9228395
10858714
21348005
2343119
16083211
18407484
12639166
17301531
8104602
7272958
3388404
3294871
11023763
431163
3544206
15821204
8351065
1317051
21261781
12105754
13677257
8320159
8404208
15223489
20519294
17372921
9412098
11759890
22096520
7333935
7574566
2196388
6468006
21566242
6600699
8242099
8351442
18212427
8519080
21226293
17508511
21554224
8968802
3871286
7500608
2135480
15791817
16834680
16863622
2113145
9336761
16901066
9731021
16714661
21941212
18583514
21225435
2394154
22135635
8041929
16502601
11826918
15200999
2593423
8616109
7047062
15607312
11129521
15188066
20001783
3655307
17445475
1314153
18096709
3907950
18634418
21079519
9205461
3763257
16163418
22058351
20021792
8444293
21072157
19764504
3488024
7749344
11193438
10615665
21224672
11451835
16447785
19891026
12549692
8479205
16241944
16575515
8460968
16316495
18753944
17718126
16753289
18601824
16104450
9401360
18947860
12220022
6538403
1494676
6954335
10638318
7888467
17228805
7122350
9838917
1288019
18759579
10534217
11604996
12827291
7532350
9713637
17564128
12229218
12405438
7638798
16176116
14870872
17589845
9168721
8497587
8791170
15605849
6394013
15274663
1710923
10608624
18771225
18843731
21575249
2237145
16934988
8422114
8514075
17607126
21978187
12403197
18403664
16398084
18936544
16210694
20627363
2915885
15957843
8634044
10728736
18803048
14567429
20091700
18657058
19466377
12181764
2039026
9349773
12827656
6203179
8272796
12700478
14675253
2810999
17505174
12908343
11057456
11124644
1447938
8087388
8984527
8635335
18383331
16272770
10568148
11928185
3792061
18480581
970744
7967665
17316468
16948992
736774
12377336
3883343
17686053
3086321
8194181
21715077
301879
20190480
3293763
2868161
16510093
16353696
8118862
8637257
10492296
20591457
17721803
8940843
169589
7834481
1364946
11447074
15197195
16005659
522825
7953480
15280688
15455619
8533533
8712750
17079536
20357721
19280911
16470856
17215315
14769759
21067781
16850492
18622555
10879032
9436546
20558933
11196587
1383114
1908340
11287546
12901246
8469821
2270414
7746945
15764773
2561739
21633547
1822922
1554754
18018631
10945513
3872742
10097730
17008483
21694888
897167
2920573
21566441
2223590
2343121
10965316
12539247
19006533
1239185
16083277
9510633
3273840
20890440
9438695
17159388
14740774
16328697
12022548
8785565
2979206
7296487
1440469
7666628
19247086
9178640
12439595
16153546
12411036
2549129
19951498
16821124
17435914
15015618
16757271
11130799
7434269
10071265
9664991
188769
11055765
15080043
16805480
12425481
6741809
11320400
14768374
16673252
7770904
20347745
3780776
16928976
17478160
20529479
17332921
18353585
8874769
7822548
1760906
10836710
18226334
21902298
20100958
2189591
7517230
11708505
14752878
7547080
21916180
892357
11891037
19182501
1275602
1384146
2427456
18578453
18301236
15770945
20216542
2752835
8256920
17539288
17356108
9743157
15515738
17031738
20887625
16485738
7744196
19083339
6825395
7731119
18474933
19227176
22123142
7972977
17885071
8239804
9249676
1876528
16969568
17303305
2233231
18365503
7323065
7081288
1950331
7250895
8691972
20835307
17067475
9483881
135486
19097855
533001
2343697
2794954
17283581
19217271
11791868
17505443
20378844
8839911
19119935
12148347
17315730
7144121
7249711
11893458
16190816
11428977
10708982
18185024
17139788
197222
8412264
16294186
15492876
21595914
12872445
20533389
10434554
16491388
281853
10526277
18986316
21277476
9731821
18589721
12536091
10545740
4003663
1735192
11159089
19260557
11852805
7729373
20689489
7813281
9170039
9635515
18290257
17409918
20303466
11572031
8419899
18291195
20130874
21466054
11070117
1396137
9372669
12426248
18339791
11308146
11836702
19273204
7654037
2623870
10214042
15106715
17109089
21262574
19637805
8345709
16304274
17444175
18227611
20409649
646508
7835019
17527121
21479855
10750752
1481445
8063661
8028186
6624774
2386898
12641363
1987873
8291859
20072977
19620814
14714255
9175304
12603508
2550918
17634671
19117244
9894835
6872595
11776767
15827593
17238182
17710040
8638988
16127376
16842279
8696647
12957453
2077256
294912
10693674
17094556
8822330
3665607
8416451
10365539
20814178
2747322
19999152
1783086
10596989
17621214
17333787
7652684
2192472
19419584
21427300
8398623
10697796
14977939
21146671
10761473
459590
17052052
1689629
18398120
22041729
12376610
17094578
2827450
7221674
15013363
7774316
7478055
15510815
20616591
18094933
16750040
17417797
14526684
1582297
1320910
10472400
20079240
10359850
21160272
20046433
16780097
11412261
9766562
21542963
2372984
2898211
16922442
16870119
20605818
11684559
11303157
17444140
6279421
21460729
16078227
15771030
12369662
18087824
10839567
7939814
19033800
17086861
17295350
2110052
7750707
11470973
20306992
8599790
21279325
11292212
2270654
16218447
21600083
12472393
1843716
10319179
17218349
21881733
12056679
15458617
19765741
10637394
10441977
3058385
300024
8082339
10786419
7224748
1564344
16723242
3050015
18958770
21125330
7426355
18554655
20739051
17642217
1644545
19766473
11697496
19994817
2549912
9283139
11601912
10696903
11921603
6638667
21819571
7634886
19099560
80357
14718435
17121096
17206306
12325337
17889000
18533926
2804770
10867607
19195046
3925679
16285611
12801300
9280932
21692685
9480536
21847738
2608022
8220314
16365577
3009804
16089310
17409963
22125734
2267656
8563128
9306508
18443531
20954375
1611198
11124643
11697833
16207424
10868705
20930646
16540297
9740545
10390970
19243995
17127914
11925923
18448026
19388073
18159325
9227715
9216205
18818141
10858401
21340766
20952250
17905087
10597784
3927846
10669683
18279624
18594317
11200757
20478765
2445462
11962188
7942036
19386833
19157636
12970016
3335157
21545738
1354712
15778858
20364611
8689217
3963604
7950159
1609716
16518408
16912534
16078040
2249223
15067742
8205871
16488346
14584290
21150853
20476681
21790889
17273578
19178660
14561906
2470082
15704454
4578134
11107060
10546394
7743471
17060487
19101307
12628884
7555639
10897848
17315094
1775877
17705737
10999874
1529829
1444629
12587788
20548032
1516408
2782219
19436206
10434546
10222631
8153311
8468811
8155002
12787316
18956148
2665801
9381122
4023991
10210486
15168597
9448830
6642492
11834016
1236371
11974905
21518560
8966274
17414388
6590936
14712466
8625122
18334467
3686454
9176582
9493681
14564635
8638443
1532725
18775668
1731585
20725816
2280609
9847581
10405738
19847415
2209165
20495706
12354823
9480480
15321577
17534930
11729686
8944429
18309518
7228346
17333789
18993163
1462582
10640292
16304866
17873536
1489995
17602060
22090304
14695718
16767486
20722490
6824240
17873334
15058504
2164112
8545569
17079218
14692436
18051793
8697831
10348441
18757158
2191167
6481828
8643847
12415386
11928729
16928143
3862074
2376166
21110158
1923559
9859612
20890144
21150675
17505171
20969673
15176922
15217970
6389727
8709643
1803719
17456294
15630443
3876876
1572232
12754588
14584394
11875804
12225337
18931579
21081868
2411478
9001338
19727244
18183782
2724601
14657317
9222703
16967391
19327900
3073622
3721884
19075546
2350088
11873112
9438764
16626967
12690682
11270531
8599915
16758100
20578524
8189645
21611585
16199992
11529410
11845930
15708332
17670356
2636090
8495830
1324375
11285623
15743590
3526846
7445311
21986158
11505121
15937806
20419997
3796394
21766713
21125052
1810011
8630560
9494600
18047423
9623520
15108850
2137732
1699295
10578996
1571428
15013351
18493887
18974633
2745869
16860182
21277450
16620072
8367865
19407434
20619104
8554249
10323171
19442026
19011351
19318474
14504933
9447902
11460948
2648915
12895604
7846335
10501874
3046027
17298461
20592895
7884424
19918542
10908086
10892914
15065842
10597059
9678688
17051834
2222105
6159620
19638109
1684491
20526820
10501310
14531301
7149494
16204598
16471118
12112813
9517694
1603999
17875061
7802979
17426220
16685164
17973078
11827188
15211877
3806802
17763679
19845808
8456662
10396243
9187179
17516324
10967989
16157496
11023091
20146954
11165411
21943279
18805181
436373
10613967
15293754
1733417
2804592
17524606
17285579
17954090
21213201
10746968
10373670
19641646
18334014
2416079
3372304
2805843
21656309
9216442
9628371
10219547
15232689
2283837
383271
10540838
1578526
2241387
18088405
9643388
594002
7755152
10761835
20570190
16085221
16899477
16332433
19762195
7736432
3273215
8194177
19760955
20329586
6982389
8849826
17944915
21188554
9424887
9792586
16050371
20460853
21654981
7685838
21286027
3396448
15857040
10823444
11791374
12581570
17877018
18645552
20855820
2656040
8149081
1470958
9363071
20650830
2298066
19691996
19670115
8318560
20502092
2134231
9136542
2179097
11812189
19757695
917804
16568016
10463963
21116092
9845559
17906598
8450077
2346276
9387976
8544385
2261346
19522311
18854655
2354384
10390968
14672434
2041259
12628901
12574922
15161000
3944009
6781426
21423047
6449141
12594664
16524512
2484020
21194884
2254151
16315942
9103865
21591456
18763291
19669004
20049141
21496398
18066644
3123150
10196506
3459902
14720000
12548055
10893391
15287604
7891357
9329473
1126189
1526522
1625117
16484741
1402161
8189686
2625806
16763401
18492003
10596717
16775329
15138325
11601574
11804919
15362732
21709662
1122086
1720370
19921811
9102887
1333788
21357709
17870275
16762786
8222827
17419257
3048930
8269759
20500430
15302043
9262121
7207839
12904883
17919387
9086543
6417801
8751807
19878801
2123062
10093065
8246544
9385437
8866602
17144594
20157199
15904622
8721363
8847811
8656591
10796049
7559046
9925059
17278208
8610655
11201858
15502614
21712924
17419439
908227
15350355
17351942
21264085
8041042
9586433
20219385
8151152
20108490
12124835
15455950
1565826
15249472
19541708
1596159
7716350
11152324
2489590
6210066
21808115
8412161
17268735
17362178
15154231
19245595
12418586
20574639
1302219
9072991
20354422
15476108
568875
10348446
17192225
12576391
12402430
9248096
12966467
1312817
10728729
8691574
11797649
15543470
16738983
1977863
21293111
20465088
6293353
8235168
10080731
19080319
10830191
8797908
8627210
20233886
3406782
16047222
2839738
11109773
12506484
21073758
11869179
7956664
10925561
21459911
2938959
20803984
10224342
21057448
11503578
8475270
832488
6981836
1292721
10023401
7718767
12001428
21071362
17988546
4026079
20422910
2802279
11022795
16515618
17178070
15547705
2586438
15893230
9532306
16527916
17903268
1256672
16272667
18025437
1470822
17100691
17242414
21775215
17723003
1329872
7799566
17645728
8439835
2732125
15388035
11400302
17716514
9558857
8572762
16110097
16685173
10596548
20943457
7529522
19558783
3116675
14506539
20163028
1545548
15854938
8292863
11948046
16578971
9827758
21454871
11724285
15257446
8976082
3554706
11888586
3321486
7692617
16308698
4089300
7700553
3267354
8136591
7691480
1589693
10368491
19109037
7001538
15301873
8179084
10946608
8592321
10399702
10810371
4306786
18379626
1761900
21251058
19546817
9652902
8111589
12924508
6581338
14767208
17347902
19061589
10999982
9619755
643367
10050813
19443395
1321305
18517012
22009423
18626539
20517778
18589132
6837538
8677382
16928529
17409914
20100059
2653802
629489
17682472
12722333
1294659
12492292
20943259
19954825
15050800
2615111
1709349
3068304
17273612
308705
16605190
762975
15065041
707713
19106743
16145344
19536345
15246519
19903687
14720436
15117619
9396257
21883320
18467848
9780590
7053724
11708026
11190412
9390200
10899259
15596671
18292743
19270830
9147235
1625120
18294365
15080876
17445591
19155458
8131465
17955757
10803702
9115227
10440505
22117385
14973997
14584074
7590701
19035053
17625733
12584405
14641324
15314743
14981569
3034008
8252601
349131
3262275
2356558
17532837
21309996
18324920
20351524
9397619
470494
6433700
1568274
9767621
9356861
17043618
17113008
8520821
8095859
7781372
17383372
9426107
11824035
16397728
3875989
9879292
17888157
18979876
8431683
9933379
21790860
15160962
7605999
17285440
18222681
12584996
7305137
9815536
18973123
19650943
21515466
9051881
8688228
8123275
6182697
15863090
11981499
15318309
11862182
2521735
18384866
11279426
15675559
15332140
21514841
7823002
19172830
19017891
15483341
20357532
18981637
11186927
17380443
6683271
16878191
9005725
18434865
11922029
6992663
21646852
2458822
15378422
6519406
12381221
17682466
10355223
20451695
11974864
17719660
8294379
8727851
2643965
18403045
471855
11179478
3488124
10808295
2715744
15060215
9681087
17287161
8982552
1152493
14700760
11810649
17951271
19946549
19894201
8414926
11493412
9519218
12355946
8193415
16467982
12205557
9558864
17938995
21088354
8175257
21263408
18605019
21150864
10319311
19275507
19280072
21547635
20665216
19859843
21172672
2356444
12931675
18261916
2683053
748567
3949488
20688921
21108775
7717723
17606360
9304130
7797147
22047045
18482330
19106510
8114380
16858973
10583934
18173527
11734962
15372445
11555379
19617164
12380794
16218420
18727889
19724869
2403124
3816312
7553958
8784468
18500006
17661839
10736820
16123922
21267391
16190479
2026677
19753888
10651677
11256902
21211373
19623109
17593427
10541388
18644696
449054
19192277
16228298
19882911
18073066
11045983
16892747
3382074
8142604
20038979
1866500
11887496
7428455
8867348
12229221
12574074
8736654
14666732
10874176
9341263
8874279
19348276
19144103
15006969
7846432
8319170
14528167
7561561
17294804
3260799
2625567
15849758
8275441
16235598
19875971
16213332
16801173
17502441
2609920
9424261
12956681
7576327
7158399
11263096
20058691
21440756
3059081
10087875
12562122
8552818
19106842
19552105
671483
17911517
7703564
934680
16088282
20512487
9289553
10941350
2980217
12721252
20864930
10579097
2197838
22123144
15690334
16778273
10496047
8833988
16377488
1566702
2321987
9394592
9713223
17983075
4034967
17273621
16733437
2023359
9854885
2044056
11997844
10567630
14997759
17988487
21595900
21712939
17414122
6170972
11828733
19859633
15384468
12325335
1380204
20846268
21165448
3338296
9632905
285550
3669749
8834328
17786721
20386326
11791984
21440110
2342155
8580808
11234887
12444446
10028550
20440058
8402774
2103213
178611
9042656
10460364
19852328
9690305
19817734
2320797
6981226
7666342
21243397
20420041
7793198
15282703
12755935
12824926
10783228
11079317
6261710
11130574
3542255
14983139
17074920
6360323
18219901
4064441
16315944
2393079
11802961
1638726
8629038
8035763
19094796
11778489
19034459
7000304
12483394
12505642
19235680
11083686
19650951
12751861
10669681
6211423
9106583
1287141
16565910
3031335
15143695
1628736
1439254
20191333
1405089
19527407
2340673
19909541
20935624
6195357
7924471
20306660
1982674
11002219
11110589
15656337
17541226
11324648
7883234
11872350
17933710
12296438
19830095
7718961
11802987
12397712
1901261
6689800
6097971
1981578
18591924
19514505
1447856
20645383
17897276
17286935
12066093
9803676
9599388
17990463
18039021
9658996
18175174
18326310
9250290
12708051
16407418
21400913
15574275
6761509
6657551
16450517
3307471
9438469
19445539
1340244
2772333
3328894
14997129
11213508
9840912
20117860
11322035
16965327
3836081
14619464
19251293
7669378
17589912
12503717
12781427
1325094
19579736
2088242
17342355
18793537
11451859
9651817
14658602
1260717
8563129
11568342
18729152
20432969
3017829
19338487
21426658
16551134
11765659
16862981
9438397
18497513
19470140
10097722
6885604
12436370
17668715
12486799
15767562
8373227
452214
19690662
11019565
16121916
7056081
19154919
15176521
11485072
17162280
2967052
20616593
20873316
9376003
10924573
18850086
20405648
12192939
8805003
11579524
6609566
9443086
16439146
10525526
16797793
15971487
9670298
20168982
8121090
730771
8151272
7495200
9795535
15261436
10824206
16886114
3070228
8131866
1997143
10768866
21816896
1854593
11162863
6733680
2635926
6496547
16875304
2389952
2411225
2730186
8911060
11695277
17311615
9764935
1840449
3341785
21353582
2495981
7739176
16340225
15991531
2955681
18583792
4015250
9652499
18998326
7239999
20635065
1788258
9491510
18331359
7496118
10570423
12910655
19013107
3238632
17308380
11673227
19011341
7481998
11404138
3010925
10829533
16395609
14642144
18803139
20676576
8821998
20544327
16921070
15868582
18931590
6177375
11715594
16982542
18057856
7856462
20819512
20073450
6674553
20025753
8486978
696720
12887770
14619342
20819670
12903603
12950155
8937144
3972660
17958939
10601613
9216207
7840289
8398572
17701151
8417913
9341277
8190609
17337882
19770526
3601812
17587426
8440637
11276005
17414609
21859250
8139113
2673702
20483507
21468267
15516663
15017196
19161612
7973913
10667164
3589191
9742867
3891207
16295740
18089875
12451726
15249475
8475655
11155919
12851716
16080088
9010449
10954816
2693564
3839381
9692513
16805096
10965663
10872983
10774516
2347759
1951338
17327081
16771925
20423308
8237274
19552084
9386355
7481999
6778097
11221976
18027348
12723587
16795976
20489067
11555375
9339431
8862298
19295251
20347287
21365352
22032427
11925128
8466174
15824688
16446875
52306
12057140
2563956
10514919
2853080
222448
18690353
20731700
21523734
8140238
19507487
7676367
8418164
7616040
1513152
8266626
20607339
19386682
8777858
17553320
8168111
12806237
6804122
1461694
8921164
16738932
8512876
17613884
19562981
17316197
21935713
6824222
7839470
12723660
15060686
2169829
18827425
17659739
9313108
2090351
8209755
19346721
16927491
19260544
8924886
21376208
17175969
10437694
19224213
17484241
17315166
6871829
12806242
18087631
10065105
3855271
8445676
21294883
18506169
20407398
14749706
21885312
11888716
11165120
7988198
10689819
4017677
16267700
9872224
20502682
2507732
1422103
8734238
9387969
12670434
21361105
14696419
20062718
18829412
722660
20871187
8379766
8356267
15217185
18373809
9081911
8654176
10774170
8656551
7312752
19145388
10231992
20445731
20351581
18356583
7842213
2249322
9692108
9242739
15206516
16034542
9868962
1899296
15950791
2923019
12213359
14578781
7993120
10829796
6870417
7831633
20087260
21214044
21755828
10441983
3940794
2352391
19580203
8230743
9726657
1786198
17294192
20955875
1780458
18716482
11229157
15806266
19514499
8402122
10611952
11419176
19118434
20058698
1848247
7471874
8468860
11077940
17703372
15591462
8854443
644048
1295999
17913856
8544452
15151948
20351810
7813316
18614555
21066867
16965655
2024108
21472872
11526702
1259500
19104895
10833989
10624319
20156743
12376714
2113553
9872218
18974466
11555545
1484440
9011935
15208065
19232272
8480023
21139714
2284446
17693915
1550167
18497516
3348059
14629653
1315227
19318668
20447893
19838099
18603866
1775853
18927282
21311070
19116753
3055272
12187074
18044481
16731161
7134602
4005855
20072798
17867476
19176969
11003853
12193214
7630172
8491016
19818766
6440968
6874502
6245464
11783594
20162523
7859644
10779076
10893356
9740178
20556468
10910609
11466032
2738435
8404215
2827279
18403665
16113497
10510908
12965317
8087445
10796669
1111566
17250600
20191063
3858100
12369702
19572029
21046513
6177149
15764788
9923399
3842981
9301745
10965748
1402100
2245707
10492281
14654600
9660907
20961772
3625622
12546324
20595152
14587055
1550311
20375898
15523896
7612731
11480078
15804072
18461663
12795187
12789123
11019713
115430
7800972
15815893
17583134
7819298
2359079
6451673
20677563
2393307
8478715
8546905
9376940
17258008
18154821
12124550
17690401
15366574
1602616
20337996
6161849
10365233
9065237
7572989
6167181
1806927
6395616
3064250
1457257
2717733
15552940
21511743
3968282
15457352
8581543
6620223
20607011
21672085
16562790
7631223
21912477
15371608
7750411
15481079
18277569
21060760
21625182
11128400
145331
16146072
10565132
11774202
175510
17643023
11190547
1612807
9164115
19670534
7414103
16699007
7818311
8118652
211794
18214008
2225955
16333931
8482686
18402817
15105451
21729655
18773106
17323678
13130417
18519429
8176311
2899385
17059204
11283214
9554639
21462894
14727570
17017442
20128968
11501967
16537880
9000809
20012951
11100319
8283923
1126221
19727359
6365578
12715935
19526944
11518125
7096593
16333092
9473098
2737035
20965672
16677479
15617420
22146168
10715343
18607683
15613116
16160479
19639207
10368343
16761200
7919316
7286536
10663508
16023878
2734514
17489826
7792702
15008570
2225961
9540909
11885847
9815694
9041762
3476782
16304121
18978565
21097412
2225943
2793582
10094990
16357696
20694568
19219338
9817310
12598215
10511876
3236161
6791798
17207037
21095076
8226141
17507518
9972210
12971566
2365033
871089
17184663
15143366
2212143
21362234
18982205
17561535
9879291
300616
4018471
16138374
1676249
20408745
8079930
9432391
8142124
12662014
17768390
441997
15863214
20606364
8652179
9609165
18952555
17878062
21411976
7275510
948545
8542134
11016004
12795107
11288860
3336672
20947649
17664746
19746203
8769502
10672394
8462203
6285655
9082425
10795836
9032518
8733490
98007
9763554
8888241
7489811
20349309
9597897
2397989
6188306
8563124
11215840
16850140
2746675
17417123
11836666
16359307
10693693
14732798
15934422
18164951
9499695
19484972
14500243
10859769
20863982
11156303
7290976
3361071
11156520
6308383
8998390
10461536
8941114
1877842
2208769
20209155
15699908
3726417
21806062
11921463
8653769
17761974
11162865
9174235
18088554
21070387
21686851
15713519
20506791
10443348
17398220
3161061
11805483
18785912
20234325
2242629
12413018
19913379
7980296
15987984
4072467
18365592
1609679
7206790
21352659
7721246
20822587
20533731
19840481
19175931
20375958
8672978
7992952
14504867
19596218
20504223
15823197
17974153
18274189
9139420
9663605
12415472
12645728
15047963
21387621
15168435
21846916
1871261
21885549
15888627
22012422
9432686
18845999
6590576
18714163
19802402
7107669
10631208
9918216
12702914
15770944
9793345
421584
15861969
21041073
7221202
11574631
2677167
17332654
21066859
19830194
20177443
1224635
21778793
3167863
6688538
1542200
10846405
2128620
2281148
7998568
1319137
10955875
9515859
20609746
2787418
17409822
3948932
21356396
3773317
19919796
9796341
7744201
17943384
2376932
18721592
20816597
21181031
15078742
16288346
6200345
7100456
18604333
6433926
7709630
19021081
17212743
16894009
18055006
1942692
10047720
20464170
3293215
7508700
10445629
3260466
21358103
8539555
16443002
14687772
17220673
6603109
14737778
17574111
18664851
10499385
19212295
12723497
1853616
20692172
16684052
15880997
6201454
17034714
20306993
2198597
21141069
19934799
16354316
16215734
21916194
18334522
1462024
12205791
17208531
19086354
10925221
10835934
20810554
8847806
7884246
8173028
8480960
11796913
18824448
8189644
9756057
20029741
7973157
2278231
20193994
15501696
8432799
12049272
16676693
18159598
12238340
9426333
14717231
6605216
12883727
1106115
8392700
12970026
10605499
21258253
17954021
11821735
17966451
18074741
7956405
2687998
15013581
7060871
15585980
2103270
12457027
12822426
17175197
9100792
12935684
16845358
11181671
8036293
1402099
19459028
6280889
8895673
8153949
18288047
21430998
21574259
11547635
21184033
21178326
8771575
20673505
11974897
6826851
8325087
8266714
1405953
17112879
14664199
11213510
15753638
6821800
11244723
10958862
16342519
7497595
19469095
3875257
15272597
19068764
19075278
1602665
6740425
12762359
549399
6767885
9043027
10481335
8994530
6953063
17693233
14634516
14519633
12006434
11576848
21146348
12928757
8253653
8315303
3955582
19948570
7884060
16701788
2912407
11438944
15064964
14716543
3491747
15050223
11925919
15746651
21448802
6088178
18282384
1404543
16170537
8114375
331294
22101588
1935290
7801920
16738999
15100105
11378560
9087281
21659420
19260537
6881689
10207464
17080181
14579054
8979330
3525843
10936134
15185604
20703994
15516472
11100255
9071152
10219358
7955943
8714214
8418036
19332893
12421238
21452730
16638300
18498788
15185110
3310943
9803067
1810442
9365858
21740393
15200205
18498227
11729514
11778520
3920926
2695520
10155076
2465551
18785128
346257
10867094
19830080
3202343
21178571
12816183
21093204
1680443
12520572
10723243
21344315
11815551
1399802
22120807
12590325
2761941
17417175
18495409
8904051
15515590
3580684
21700071
18493365
2024059
8041060
21673087
19462558
3902387
3312844
1871256
16126400
19241668
9005465
15152842
20306906
16121347
10467836
6691102
15570939
16020967
15592251
3757561
3907825
2703229
7550863
2665534
6412400
18050029
18399854
8986485
8698792
7967249
7219282
12947150
17464460
19882924
12760759
7956789
15114712
9764648
12212257
1782709
12415199
18358282
4075798
16784097
19351101
3259367
11393078
6206823
15335618
15558354
17923779
2695448
17881932
2295217
11775317
14726084
16302677
8516224
19069153
21480997
19226451
2033897
2597608
408221
15790480
19287304
20139653
19884858
2615066
11877664
9033603
1288393
11868607
12086173
11908729
2494592
16371530
2613328
21972486
19643411
9614441
20642948
834865
1872743
9366161
14700159
16519391
9090446
6412736
9460572
2321287
6362839
19660991
10051873
15082297
11523171
17696735
11372801
20199191
9584459
19437329
17534092
21368474
8000937
10671825
18975590
16980017
11742697
1636875
17435414
11798526
9597100
22081193
19574887
20155428
21224619
2614185
20177979
19321397
17380014
21115570
8553949
12682454
12914393
17669716
292377
11930529
2960287
10787140
17373866
19827592
1966310
17705854
4287068
9129420
16423208
8141004
11510100
11802935
14586272
3516328
17507307
18412145
1865600
12757087
17419327
11925917
9340062
12119251
16277741
4046179
8345715
8449100
8249778
17919420
9600019
16943860
2636394
15863182
15105453
16274767
7637169
19084940
19876801
16804658
8493081
19679407
3744207
7750348
17657256
9169693
19302997
11778998
2693191
8164080
2474859
20139477
14982604
17086320
3164270
18797749
8520814
17447481
20387528
21914673
10496103
7855915
8731756
15751645
9756272
9072990
12013156
12809392
19102918
1619537
3974296
7059908
7946637
18347524
8131480
19379903
11887191
12435316
20509516
2272231
8112139
7232194
3489955
909316
3956040
7924509
15088314
18524337
16362309
16985161
8404022
20088784
9703819
21178714
1300171
14726978
17583133
9575399
16849727
9769285
10541368
7793278
8222303
12096506
11775348
6661938
11305575
18473558
2625572
12572050
21160266
11845851
14650961
7079157
8983573
7774360
19455967
11348950
9659528
20471211
15297585
16756043
2560155
20932742
2328221
12090064
8940851
12749015
6594928
1837086
1434216
21213206
1344929
11255884
15959552
9694106
8516691
10879030
16285610
16989167
15795106
9378063
16419129
15354732
9420589
21955400
2116961
21406471
2110724
15188090
21053539
10967593
10665755
1865599
10793945
15302470
18971844
9876645
10697634
12065373
2025807
8139119
21051387
2407485
1626814
8217947
18820932
12649920
17983758
2326523
8522265
12233113
17233841
8656705
17983764
16110098
21288646
3259069
21051305
19296415
19687591
9799136
6159369
17673731
20058143
10576128
18925324
2809320
7509462
12136310
10735665
981598
16190597
20058689
2114810
18066646
14620191
21786098
10204666
1296045
2528027
16151041
18491436
9072476
1215263
15101169
16908680
18508875
15796313
20055257
12914212
17296652
7834696
17196422
18505117
12848657
2219067
22036219
10905061
1934471
11829912
6629316
2555615
11320500
11517542
14571815
15852294
15131103
10213998
1663775
21046884
8315431
20606497
12601493
17898823
16875089
20440397
15455949
9356629
15757272
6169267
7546794
11254517
10807829
8082370
4025948
18197451
12809255
7690682
7567276
1488140
22009422
12410325
15328574
21323658
20112096
7699966
11025958
18182350
9103858
9042652
2521464
17495297
9002311
9528833
17184661
2046185
19258419
19102177
3595050
8719718
8701679
9248017
15770138
1847954
15323383
10986691
6320258
3052996
15899177
7875977
12894712
9155197
15573391
3491519
20938702
9788403
17101856
20646323
12390364
7802242
3793919
20306741
9486817
7436929
2947769
2171061
1574193
12216751
16128282
20012960
19570688
21957687
16645348
10505995
3259261
8677361
15562075
15561261
3476336
14665487
21927690
20576044
1844528
384784
18460628
10862319
7800678
20372043
21519267
3275112
2228773
14579297
9011913
21069499
21537662
8181358
18327805
10591568
2285017
19471699
12236433
9076621
21175625
10212746
16508733
6440706
1770930
8707676
15691252
16515612
6633367
1623772
2484989
8089948
15520485
11147726
1783078
21307627
14994966
21768432
11681021
20729699
2272418
21071359
9633226
9030502
16259328
20302031
12581572
8616473
11466813
3300285
11957267
16128776
12455787
11340357
483372
8583723
7359602
1849325
20443100
21084819
12886058
11100369
6979761
18523361
16635097
11100667
2767994
1491923
18583627
18080509
21139725
2558236
12628872
21389666
9819617
2081360
8409618
10349390
204597
10633299
11573696
12426246
8060633
8139116
15127833
19958678
6750527
17429787
18398488
19043259
16405442
20724463
12107240
11985729
9387305
12725278
22032681
16757432
1737407
11213409
17496447
12142212
2344144
21922782
8905947
1530324
7452887
21575324
3875222
15192291
6692682
14624321
1768823
1439021
17575386
19369231
15240974
22019520
7863875
1873657
16950592
3548191
16444893
12397744
20635062
19568245
2642410
20573057
8044359
1962530
16230222
19654967
20073374
21813067
11798657
9656674
2122672
17163315
6789634
2263845
9655270
2051675
21045423
10072832
16315917
20435870
16181308
8205942
14667587
8822057
12820712
1876593
18418449
6695698
20827555
14582918
14685294
3949055
573301
8180866
11505501
19601532
3970557
11360052
12148896
19622970
9881086
2461459
7865226
12560629
9798886
19411649
8512883
19414323
19459863
18855885
19341232
19526572
21327303
16762521
711947
2291230
3411990
20009153
12118925
1484202
22145514
3903178
619441
20207133
15842469
13678735
12018557
19738522
14643822
17636482
8267365
14509504
21184228
2323167
1315670
11834659
2624106
6527540
21570567
10194478
16509413
14676855
12759474
15188064
3975496
11431915
16529002
8394641
17629758
21938684
10211935
16677485
21117247
17000628
16200770
15811905
7194771
2223379
1580116
19034565
8337645
20715672
1309678
21971675
12935615
11399699
6934704
3677841
14634783
6359265
12796991
18627713
20038474
8933661
10375337
8558335
17050357
20616590
18180820
18477219
12176795
16941261
11918236
6789636
19557632
15830386
18195629
2189667
16709545
7967236
11817125
16096453
11818983
4629251
498829
8380136
17482984
9209670
8185423
1941758
9867273
20802929
15770060
9404919
9385461
8396896
18379355
19954441
6320151
10894097
10203093
7078796
9683293
221088
1942690
19204437
18589196
21226671
11371128
12732091
1296030
15618852
4051616
7196187
1658079
17029769
1940526
15701326
19620817
20112548
8999213
21525739
1341183
8070300
18061371
11277373
11494570
6648404
16324600
10429347
14665769
15005364
21951883
7090733
15846590
15753650
11065255
10969906
11780386
14564637
15940563
21141060
21461016
14962655
8819631
4062316
8361022
15542412
18820855
11981631
15845934
3894441
9020951
15102661
17344609
17925668
9611986
1744539
12928569
10025904
21359905
7177890
18615671
8549179
20973790
16024178
18696154
1594903
2472743
9469342
12091762
878715
4001880
2656816
12901831
8625125
16046266
11096205
12113418
453878
4061480
1340305
6427867
9894459
18444524
12822409
9106602
17005518
8062772
19755833
17213581
8356527
7217438
7533305
15306941
7325189
11838585
17594205
271366
6823149
16143082
9468558
2135052
8052290
3949617
733036
1847850
1625384
11500710
9135856
3116721
21485156
3356596
9170875
6612746
7312761
19643627
10856726
7336367
17760276
1327292
310156
8878388
1952699
8230914
18622675
9673555
19058571
1449636
7799468
2352798
19059950
17285284
8388966
3847304
17674378
15846066
8386741
20681457
17511728
8766216
3786701
11089324
20146031
10399473
15531140
16053175
18381869
11224609
16511759
891049
11690682
9079600
10981334
9363162
16799883
12853520
15997786
8507539
15051770
2755944
15656028
2479409
12235744
16501343
10858484
9558869
18442377
8744366
21204663
10064368
12503507
20231340
7901955
18836660
9035477
16082570
20186362
11330377
1942197
1546057
797627
8983317
15976876
8971961
3216974
10216397
3960423
18306905
17322706
15881717
8291358
9118701
14584395
7897020
15245533
9616818
137734
9099552
16001676
1602603
765190
21404651
11896906
11591541
21685471
10767235
8284385
14631222
10602103
9571730
9848611
18306681
7249511
1902333
12720042
16482953
19827586
18544270
3979476
16446603
9410686
18455461
21975406
8622067
6717904
12855637
18808352
6979379
8682435
18604089
2764149
20193542
3016362
19394894
1579752
20835313
20734193
1372790
15334356
20029166
17249530
8113710
21086909
6387784
19908119
11267968
8650971
19195214
15506307
20934998
2408811
2250535
11345387
3090817
16076338
19155283
16245295
17073958
20628018
19015612
10892944
9413062
9667680
18330751
276872
20664527
10037851
15211868
10559119
15847766
17350381
9595232
19664147
2629296
8929645
21301164
9845725
8927882
10067092
16770603
674861
6161531
4537855
18510887
20099996
9877502
20379112
1909809
19543500
16670667
15510816
15684225
16220018
9336763
19358736
8296123
8990816
1920991
9127789
18807748
2169997
17670154
2810965
15151043
7708227
6314507
12632293
15558928
8361019
10388306
7822710
19946475
5926
20364749
21400905
18732527
20583439
2200827
14528880
16136373
10803993
11510098
8980981
3280277
20305918
1580861
9066194
18668320
17050870
11282434
18396002
19386659
15100542
10508955
15478301
8680649
9270246
19547901
19525597
21498938
12971675
1287737
7698975
1809340
9716235
12913849
21123308
15553210
17874719
21701086
7840732
15516678
21738542
7602823
1244286
2617834
17085337
12487182
1935278
18758306
610419
8113889
7919621
1434241
2320806
17600277
18455558
9492885
7501053
11127563
9692110
8403420
15955852
7824813
16012722
15499142
8666116
14980272
2406978
3878811
8593372
6996551
1999958
10430379
4543529
17115439
20806869
10910556
3907107
15065008
12298431
12873285
20467385
21240165
8207892
1779335
8361025
11735696
19186565
12518624
6433621
16167821
9591046
21278057
12933684
18060618
11704180
833656
11256839
15312552
17976467
1758816
17538135
11049239
11321824
11053957
16032767
17682699
9357189
16574389
18823439
22123140
22041372
10217957
17307460
6874510
421556
2149157
20165661
21205078
20173398
15692202
17607114
