9805766
20797987
18540687
8472151
2278610
2260058
10872141
15926869
3159899
12040516
1693070
21599636
16120517
18486505
15808516
507897
9238460
85005
3113825
3169473
15776622
5581490
17067217
15730835
3546957
803378
9235552
9158252
11229183
1476092
7207321
17652677
21251705
2669902
20529521
2812114
6137180
16569254
2688476
6769408
1936035
9769633
1302272
7777966
367539
48900
11338693
19915225
871937
5440520
15640303
16146467
10367082
11012962
3408038
3406906
15004630
14579543
1443801
6341414
1356184
484881
7438770
14973983
6446370
15566841
12007645
18538957
10889514
7550843
2620938
6790111
14679691
805040
19671391
19401801
11501388
8719323
3484559
17901159
18176390
1126304
22075286
9611716
10828506
2806962
18378782
7075485
831738
6807252
15651130
12185419
8278981
18172630
1936016
7941498
6407421
6637354
6519090
1655347
64427
977771
15226698
8721473
20876696
3813883
2900930
11075252
7687114
16475998
2602553
20458838
15228468
9737426
17392336
19966902
17536983
6975781
11676042
17472664
15072326
9122087
21948503
2929936
21984461
19652846
12471788
32808
20816598
15785068
7437196
19531835
21076981
10847232
19177913
21432739
1138772
16530891
3250716
12647908
119419
18937923
7761363
18708198
17850280
16563105
12555615
16721209
11990728
19037891
21602418
6634569
4467290
2281914
17990632
12831977
8693617
20355680
8988828
1719920
3755370
10652883
12763943
19019285
9856184
17013203
7781638
9162668
12162592
8299615
12217079
3773811
17975762
11219818
15229662
15667544
9444614
4012481
6500224
10854620
10737354
1047641
2219506
16007827
20868369
20080165
12884986
8022724
7036380
14620316
7243877
2147840
12476898
8259608
1662238
3913386
7457809
9539827
4052305
8451685
1216938
8504274
286925
8644093
15715601
16756627
7792035
15239755
11293964
20923577
12442209
7827437
12405728
3145086
11832643
8045665
20882179
7221006
19469097
363992
19186027
14745653
880136
7307432
18059655
3410483
3453752
19551313
10701042
17383987
12886801
1715145
2756313
2950532
2685983
10622384
8545929
22147434
19767104
14516759
20806190
8638319
1499583
3376072
3619156
16737343
19210649
19591016
17580539
9237028
8777610
1794007
18496294
17767340
6223302
15219007
3322864
10821030
419350
6805647
11167796
11937188
8211521
1939876
6439233
16387942
4073817
1092433
21526697
8883747
1643376
10824367
3690023
2178966
15321463
1435476
1452972
2606055
9646075
21413434
11121813
16390563
20188301
10406421
15310505
8617409
6653580
6404481
2328516
6516063
8786618
11933551
12358327
8746908
3776451
2984965
1341630
21081020
16603579
9588111
1164888
19189987
11514756
8881482
8861551
8000416
8063944
11416257
1933530
3809991
17536614
17099095
11711125
2632560
10101747
812443
18340684
15485705
811421
8339802
16516552
9839210
11990281
10581322
6480684
6411261
175495
17324147
4454046
7449400
15738301
1842763
6371091
11912484
2188838
1179316
16998584
22131798
3382574
2125188
15080014
18820120
18617467
12191749
9424934
7473363
11229243
8443855
6491488
7251891
11212932
7910883
19033495
1257399
10949521
18312194
17321798
4017442
21112879
8216766
9835984
9637372
3157109
21041971
15047999
6636165
1224891
16573411
11321197
871034
3053177
8557868
7800220
8273873
7432669
19213083
2234645
16466562
258163
15815756
8195357
9480478
12413509
16889638
8186352
300964
17430990
11789744
8881493
581651
2911884
8665637
8564656
794475
8222037
1199286
15248066
6163704
11699361
467275
3632489
6152279
52777
2182642
2253731
21642654
11942008
3909709
3742322
1244685
11273325
6496897
21736705
6648329
1926617
217098
8526955
7668429
3619158
10520649
577916
9578748
9293266
17058572
6731775
2767072
16891092
6111279
18587016
9053567
6872463
10445627
8490950
2815485
20553056
4564763
10789191
2818499
18242131
18788206
3116209
2609181
17728960
16551025
8120820
9076601
1347583
11370507
6506769
20791874
15264740
519313
10705753
10858517
17006449
15321631
2888439
16603014
11524902
7436929
19950763
9567597
626671
6662311
9836221
3630524
11167434
3567003
15862083
2028358
1306945
2365523
19838955
20338774
6836432
16904089
3838489
8318335
1352619
6184
6836186
1340368
15562151
2079071
21034381
2857423
12193214
2480069
717715
18048421
11524046
9245065
11273317
714840
1797887
4416705
3568565
19066173
2667683
21351662
9260012
10878403
9440898
18312676
20885876
2523361
9011913
4054706
21301670
12695448
9283992
1258280
52782
16308265
10442104
9192951
2270894
19410371
15588216
12227624
4047456
7528378
9704248
7117331
8665640
6212360
20937754
2788038
8952835
6612726
3674358
15284933
9564354
3213397
20824760
9422191
21597576
17444069
10629908
4333802
1904833
6703419
441533
18408796
3607806
12434593
339421
19588331
7859230
118548
1763601
9777133
6141673
8290416
15969230
21970146
3444619
21818391
18308772
11119120
2282425
16616558
16339164
19644622
3548198
3812023
15448361
3758423
19861299
16810575
7413252
7312307
15451152
9127286
1295207
3246238
15305893
18988659
2562880
8546905
2562471
9777076
3544981
17130599
7648171
9350369
1280535
5387024
19560830
619962
10767933
7747852
17444340
15764190
3582517
18757452
1693053
21441365
16460910
1422741
7744193
1241441
3589167
2340617
9264812
3300978
22082224
20064238
1390371
10418903
1605532
21871972
8881483
2535332
9142591
8329261
1300064
8153924
15373958
17019126
18450356
16299199
122954
7318191
9793669
4081477
11191538
1649699
17977402
12683709
10568570
8337647
18827875
17890152
11476160
8532925
3037634
3919791
7793208
1085835
19179019
16221271
2196842
6193353
2911457
12789075
9769076
7899665
8218550
11771454
1886120
12522727
1149382
2322186
16210459
16268921
11200901
12360854
6437787
8359843
3662982
8928292
3813149
18045711
21560453
15033850
10839374
21367020
21897452
12082759
8914566
1586490
18819345
3918685
9154446
6411462
6426555
7941949
1513751
1981026
15736551
11142272
10464536
18798239
11255591
16962816
16503761
16457029
3909710
21798468
20670255
10775694
7468116
2802128
3619000
2331086
1266537
16211751
17657372
17117751
15776654
2145236
15630853
7794638
18076343
17370294
3105666
14621115
8917746
159676
3056504
16953192
12174777
8620946
620170
12813674
9645186
19107014
11423294
2242971
19652941
3962572
11809143
11208446
17620126
10448029
11257183
1721799
11032672
3291998
742833
19900075
18392303
8880103
19697100
10389569
1673618
18356344
11696152
19037887
2260059
10849556
3406920
2497831
19589694
18331631
973889
9581158
16388203
10657161
6880208
11350330
92669
8594961
7879305
702618
9227817
3107869
12434594
8814478
10354670
1416282
589269
7283109
20650836
17577847
17061633
19810301
15366973
10907757
95071
6408786
1800303
12205007
19284087
6505360
9046211
16493992
12763367
10751953
9880204
21302679
12241936
22090216
8678761
2732671
7974302
6616307
16507862
17827591
14692125
19616722
10789260
15321098
20640214
16645683
11432232
10658982
6675207
21062382
7457950
9704530
10780775
16603004
21311994
976100
10715764
9827118
8965483
18070952
15563705
9847633
20619022
2356068
1065287
10945376
12151676
6838734
1474151
1467032
16299570
6802159
3442442
15730335
1973637
3987729
2250977
13413144
3143494
8287948
7801338
1232013
7051054
16507153
3813671
7607274
1548844
19967132
15550969
14966076
10925596
11584937
3999999
15589357
15664488
2004199
16377649
874629
11931204
1772715
10613449
862323
7049038
8564677
1536412
17161316
1503296
1524154
7819054
6131300
18657059
19303716
2358562
133894
117868
8792898
11147722
3737682
19999604
16204597
16563115
12449188
1449445
17397385
9282603
1926606
11003416
19615296
7909677
17927568
1047639
17483138
15724415
687296
2058832
9920489
19708890
16798453
1389711
1483769
15275126
2366652
8677349
8843466
18654097
12561901
2534858
3442342
2267936
11045055
1996441
20499746
15957702
16610992
6402236
3094608
8544166
17763968
3108971
15359205
17205922
15933300
12973957
12879236
122335
20301024
9298550
18697437
2397133
17516967
6391889
21140118
12076308
17365458
12448964
15318309
7468986
10431561
19244264
9808122
16368579
16709208
16709695
6093833
934510
19840956
12605583
1047640
667667
9863675
9919918
12779172
15957986
2361020
21240126
234266
5769890
10215183
1588519
1261272
12879781
7460777
2882667
18973635
6675209
2663767
11061954
16636404
7567835
15958356
11736775
3947472
10734534
262169
11277373
15519198
6627973
17313686
5413950
21265962
12972896
1204357
20667072
3813460
11852584
7245188
2152016
7363926
6740541
19136755
17988783
8266293
9762775
1883743
15278353
6555123
20456932
7753452
20086272
19257901
3021942
21357760
282070
18785398
14628962
1052196
19477700
4240624
16910002
16749876
17468705
10815306
9510663
10631709
12233958
11999237
3228693
9531834
19261400
15666274
220119
9422704
3404567
9778721
8447606
8880116
15994395
3077022
16755195
7664945
9043841
2360462
7925506
16624834
6409744
2892660
7368523
891399
2038383
3651568
8266136
2633491
533001
15865828
6497080
21605114
4880260
11273499
9659196
14580047
17005350
8359725
17343141
12437242
465877
2178634
1285608
2965560
8444245
12069274
1972821
8857116
10774001
21948502
3044980
16095447
1955008
8980964
6440233
2226508
18422922
18029528
17229254
15804522
3619971
2065416
6794379
1452814
981097
18976502
18055708
12500522
8548173
9887916
16379183
14626735
2590653
21211937
7492886
810653
16681567
7423303
11312407
20621953
21049410
2692928
11387868
17116356
2195502
8272221
9763050
12827466
1471183
870740
7899906
821625
1093433
1222885
3660315
12534482
11717020
1867952
18689183
18647276
8112207
15919719
15374600
12354536
8372461
12898240
15966597
17295159
6612746
1474158
2888942
10601503
3763811
1865165
3936391
11491591
12832678
3804354
10536563
1487409
9422155
10775008
20949737
1748236
7626356
15321120
20816846
12921726
16962242
9829161
1858080
976901
2108632
8974508
10483794
21172960
115427
16916722
3770929
11882233
2223131
11849232
2152069
1857045
8881491
9596116
3931176
3338239
14977797
7148522
8682031
10209578
17825590
15751810
15366335
493209
1379486
16839578
12502139
3503648
9482291
2178789
402257
1929708
20418117
3110076
12425203
7397088
18462629
20196715
15615801
6730878
8689826
6109503
10188900
17711964
19541723
16463251
15933305
12100356
2576124
18334522
17241729
6237625
20499495
2800885
8909017
21928206
17312436
17854408
15542419
19166435
2430683
6792356
18242133
21847422
1880823
19926744
3048756
16118033
19517677
16723143
1782148
6694949
2928885
17127708
10995601
20961813
431831
15015852
12210544
764937
19269923
360782
15748968
20640148
6700834
11387935
450849
20479075
7784415
8963716
19150159
8936549
18297263
1572249
19340600
3826792
7939817
2731323
9297135
466941
10326075
7532083
21198560
6787581
10965737
17049672
8918153
16918331
12449251
15810919
3734346
6395443
15621899
2389652
8015621
11814324
2371243
8232743
16556775
15676318
21356095
6120403
8336622
15811892
16563104
8541821
2742683
21518678
10497663
8076115
21651660
16257069
20876202
9391254
21030409
15456167
137734
7857697
11004978
1149966
8191072
9922817
2757867
10470580
9833088
12859315
8763008
20300711
12505747
6816114
20075052
16244332
2338676
7237924
21275362
7114522
1208115
19812121
9424860
16774828
7078751
978866
7323402
16031629
14738240
3647220
8896200
7479643
20364740
1150886
3109284
2880572
17323538
11685858
6658837
18455461
14713977
16987377
9800493
6860912
8781728
2070226
8324107
10218
10759383
21393362
21465976
19440066
18448505
15378662
2693436
1459667
12637860
11918177
7801336
4698499
17367400
8057335
21744717
17196414
483182
936426
19741024
10707760
19084228
19118230
19318931
20054760
18393110
15758607
8443968
16008720
3986655
341217
11236259
2617307
8506581
2264706
196063
8928424
1086396
17054026
3619770
11878694
17365453
9777077
4047465
8442333
15705173
7283119
7818206
8645643
17507140
2372157
2715514
8070476
1712715
12151565
3677486
3591255
7802751
6195936
15298493
2365464
6103327
17360192
3890990
14680095
12791120
683072
12185494
813411
12816037
2256023
1138731
21947148
16859876
12789060
19257907
8556312
3994875
3616974
10602390
2114849
20141520
10189662
21989892
12150075
21610051
20805094
6220370
8263392
2969254
13030
1839427
981096
14719425
16999757
18510786
12132249
980711
8487693
21926403
9777094
10204146
11419554
7284886
12501030
7847909
8848610
11298179
8765915
6849817
7728120
10464537
9422136
3563752
5443979
3402018
6992637
4415512
11013107
18242740
3716873
2279466
16933635
6807334
17986107
10615189
3555182
609111
20684809
12862502
20511258
16875151
6346931
8256375
9239634
7160569
15119220
16479963
6635534
16936359
10422333
19591086
1396893
976126
14528885
21087728
9600661
14632332
19656605
11999003
21571815
17140682
12366517
9281873
7770828
1020397
9461365
2037724
21210078
7886643
8783412
21225448
12959736
4026719
2635938
20019097
17166799
3104431
6482787
17000631
11251647
15795145
12713618
7425260
10367078
3142590
3375939
3720555
2040314
7547154
20931929
7656948
11195861
19930427
4034274
21140119
8001214
6967596
12723663
8488992
9436708
20876188
15792787
10542991
1699294
2692013
8209612
6337602
20949733
16948801
3232780
2251435
6604501
18325216
12494810
19178659
16941828
7642034
20369757
10861196
7329019
8915300
11200757
16580755
8544169
3000398
8393079
20965438
14571637
487239
8919150
3678241
9301434
19896350
15749172
11545627
6980579
6692777
15488054
2271350
6188427
10445611
15530275
17224166
16310408
1607734
7671934
17201086
17054031
8881484
20202781
17203679
12166551
18774324
6831290
10897303
7627645
7217700
20472651
7573919
7170683
7938915
8721462
1595335
8486334
10432257
1655337
7733529
1595075
17426796
953646
2202188
1811442
10402898
15471638
7181062
15049218
7801339
1887972
8357361
17206979
16135183
14982304
8513528
20655231
12181569
18636057
12464497
4074651
21526904
14719431
9183582
1483796
19070501
1304789
17441979
12841485
2291726
1291426
7763188
1428222
9096099
10955424
12154698
9781191
21959516
2865145
6539732
10851938
14760880
2365848
1829176
2653006
188103
1271627
11258492
17356058
3804510
8210020
3092766
566099
9104530
10631422
10627661
19656558
2917256
20547034
9196418
6704566
1067764
918792
11271262
11464682
2617659
10486388
8941589
17300306
17929544
16227553
10937951
7388561
10051073
15308680
6536271
4007345
1872743
2337495
14692058
6439146
19953031
14599782
18948235
12947525
882211
21605276
9422189
579286
18564795
11280223
11173356
7027180
6333094
14988338
8763017
1122018
12237072
11921550
