11027359
11687862
7587418
1533114
19901370
10478551
14603705
2809298
6846152
13209355
3436615
16391707
3776847
19264105
2024080
11772121
11573523
8047867
304293
16149210
3414730
11288965
18251785
7634268
7941678
2018002
1968702
3113825
18717182
1940527
133894
1557565
20662367
17209933
11702579
15708954
20406135
18793547
17468492
9488116
7273499
1188192
8312699
7176078
15329490
8769490
12742697
871937
3946207
7341783
1888312
860382
19753471
130801
21362703
8238585
6504014
17150048
8445769
7089628
8599575
18586765
15056832
8340320
8741234
1818353
3014927
6984670
17244382
2082608
9886706
20802907
15072510
12176963
8605616
15521482
76895
8817834
2685146
15571643
17487581
1813122
18466775
12528324
12455770
12002266
10933382
2617367
21046665
411186
8310974
6443344
22037267
10563242
17939361
7945172
7285312
21825219
17487958
608146
22099507
17174176
1289027
18073483
8332121
16582544
15697174
1936016
16312248
7213487
3751223
7489576
7932072
16922445
10717939
9216979
6444388
815571
3414098
7194009
2745515
12062361
9064974
2572254
3415614
10608158
17688382
6777574
19102918
19504345
3032388
5759919
2600485
1871777
11117228
18758943
15838319
1245044
1002356
17666912
4017898
16642955
7065022
6968858
3154648
19920923
3665952
7631495
19770072
6453244
16891681
10536664
6719828
9136536
15564710
1359185
6823851
10732857
7523783
1760834
3627630
8483828
2667706
10908086
8268568
3041956
2373810
11021439
1602673
9112913
10434753
8013501
10576596
7713107
11537596
2340210
931447
15475595
20704456
11456215
3291091
11490416
8960445
17873568
2809319
6671356
1589651
10859988
686003
16138241
18793549
17713432
2063979
18306021
19346663
2650872
6733871
7271005
748567
15588742
2598216
18629387
15693696
8315929
21310890
2747015
18077210
1836234
2658531
1871443
15653960
12131548
7331898
17200022
15731840
8587435
504810
9102280
20660943
14982603
12843234
11144005
1571376
1241106
7266950
8629360
17423206
6644108
10712986
19673946
18478818
17091913
1984898
18279775
11318821
19868589
2943908
6645046
1871444
19269212
3873524
8302392
21340391
21787887
10626081
11499658
1662074
20863775
15888847
2751570
21785591
16501346
1920996
2353437
6803563
12790405
21644273
2886042
4051326
19324256
3632490
12448939
10052063
6702253
3631152
2279731
17144642
3690525
16948450
11382688
3188363
18410273
8065063
3766762
2524072
1320151
19087123
1825901
19433969
6115340
3125569
17975779
4719674
12923407
9351742
9279403
7372031
3919551
17961871
8207891
14978598
2971147
7138135
8473795
10096933
9220620
12668843
2979999
1273099
15599570
14715184
12006819
19394136
10598120
20298561
12921726
99030
8219434
7242822
3565237
3114222
6230217
16115517
837474
16679264
10922432
3946254
21644401
15373240
8376701
10052740
7357717
8050979
6293450
4017682
7726376
16037867
12161228
15907819
18035943
2729103
1745871
6170005
1288945
17664396
16913823
8111802
2277787
879879
9097355
9122424
20645025
9068093
7902370
590106
7871572
8116144
175495
9293410
3581836
16775717
8369466
2203711
17150394
16633773
973248
893278
633726
6824191
17574515
10987584
508476
17023005
6454968
17389731
12015343
19217731
3871082
8674254
7817551
19850745
685376
18534289
18069172
16483846
16956427
14978553
1502775
498712
1439277
8460990
1676764
19808265
20091816
16598607
443259
21352576
7554216
7935639
2278231
9554221
9279181
2020106
21362292
17347478
10993008
15322653
17823713
6362340
15226941
11139455
16737143
1320949
20035032
11722341
9723633
19850423
9027705
11144056
21475496
1090272
15325936
15194460
12176962
3087125
2668004
8711580
9378456
3881913
20563489
327744
19574503
8903534
10639799
20483830
7429926
8151476
940237
19506464
620498
7426189
19061695
18983286
7305118
1469847
9223325
2213566
2214440
9021658
19573350
8760160
9604601
3612639
1294769
15202695
21923751
12698517
9443749
15322598
1214290
901882
7477096
9582212
710319
8510307
12572717
3371091
5796468
7519409
8668603
17081716
2860445
15981667
16858168
16614391
7210781
12381077
19713670
10689861
20806196
10216772
6868630
7238057
19653521
19279982
17134062
2225949
7495378
8648897
21035974
8230935
3392952
7954535
17363086
8968800
15902619
19879467
19166069
16723806
1192964
7058000
15838361
9301206
12732609
6220510
17372041
1936010
7125056
7283116
8233996
17680794
340101
10808149
15012919
21861187
2745275
17867476
10641957
16505206
1287301
3505918
2661629
15701467
12623124
17298996
11903602
20940173
2851266
19245625
2422494
3439263
11074070
2214436
10593780
17145225
3824876
108069
7449634
6419573
12864776
21367612
748513
6172473
6650422
8450414
7500608
18645859
9923399
21157921
17685933
14667616
12638274
18442814
12962143
2084181
8205829
9027110
6216576
3932319
15274688
19620510
10564148
11828013
19868356
4719529
20413029
2087101
21245795
1700770
9237585
2344899
22068474
15600262
7836835
11504157
8608619
11938874
15786716
3652286
4465471
2744279
21098890
181214
2776471
11725259
6456210
15487655
6821104
2833641
19915897
9828858
20541714
8548691
120080
7721503
15651996
18986325
11109414
21127876
20110222
8361556
10191683
20167687
8376686
11523170
20371960
7434302
2969318
1728206
21726243
1183469
5387024
2035392
9257198
10879927
10728407
19166070
3447567
3382104
2810050
16196154
7414062
891288
20807825
3965168
3101550
9884580
18180834
10080475
19247420
16536052
19843916
10985707
3154630
8355350
17113398
12541101
8128035
3889076
15634548
6753551
3157309
8070480
16314911
122954
10894104
2246391
7833063
16989742
3761531
7855017
18608279
408211
3901721
7318454
11583374
2795870
12712015
9554056
919671
2094433
666442
7122350
18607244
11393682
4036780
9008689
10190514
6668283
1827970
99155
1756541
1394598
2405454
8376697
9075062
10396306
128794
8890609
21533831
11911226
6638610
7151722
8417513
10808097
820487
20797985
4073630
6349299
2796083
17460881
1449661
2299062
7440276
7799551
7929199
17961746
1288829
11116133
17628421
6886651
8767018
8210721
15819505
2619649
21318978
16295784
3780643
16022810
2786576
2348581
18596852
18394183
6459727
16283135
18279771
16741630
1968386
3438719
18513513
813508
2024600
21135041
3465907
10226646
15059447
8735708
835473
21150853
20433848
6511538
14729437
6878370
17450425
17317790
1348727
11332510
9740483
20206634
436100
9288013
7356913
3529631
1156008
19404033
136186
10397735
9601863
15517758
17998475
17972243
20153335
10735197
19026312
18725466
1295133
12887213
3194657
288460
16272770
6206602
16865302
18093988
16541166
874094
20408474
12428396
14871247
2724533
12053284
15981680
897648
10396707
21465236
19027604
8648896
3712507
11843325
2611721
17447137
2730186
6370433
1594927
15019474
8252669
20228410
7810745
19862572
17785989
6716634
11181015
21284947
18661169
19389147
2299002
7579085
16838893
39417
7412802
10600849
11924533
1340816
9139344
3925109
21164062
12101475
17802699
12061392
8748092
19284087
352708
20427988
15880340
7781140
1872266
923060
21291889
575906
18075720
11517554
1474694
19464810
497982
11419660
7356911
15982286
1770685
12957751
11716245
4014051
17986694
15307526
16500505
8488340
2306955
10212165
3459913
7961256
3871995
17134013
2526701
1977779
21352375
20825919
6662443
132883
7881667
10226425
15053366
806394
746506
17363700
2526240
2534259
12953039
872499
2899840
20932109
19477399
18832779
16420655
1561997
9531695
21245136
22041334
19244825
2688978
2607684
1381776
19540146
11201563
18250216
1990749
18264671
