18490795
10551650
3128417
7863862
16980039
16474625
9881648
7271401
15966752
16616656
10532967
19372858
10850573
20083997
18444867
16884316
17525901
17616436
15832493
17383731
2527539
21777176
2697402
19203058
17509040
8894524
8128482
2370645
16398568
489203
18976827
17253539
2627046
8108538
14533978
20061917
16093217
2143030
20351701
11215839
18452409
11857922
18713048
966817
8656661
19928562
3039841
18774543
10461059
10489915
1473089
7841110
18772859
7019766
8483990
16835972
21223578
16251038
10099084
20840760
2876900
21416249
10063326
16520017
15772265
7052364
18653492
17438676
1902286
7267965
17182887
8938218
15705633
1481798
15669880
18758126
12616031
7575054
21706942
6638719
20418160
16517570
6460972
19433974
20484933
1783801
21047576
8835050
1787131
3700287
18678126
2031916
3992401
11158404
18651535
19882796
16163188
7955873
15373288
11063144
16797337
3487119
19409643
4039117
21160202
7302117
16935472
9366283
16940867
12578397
7993985
1799190
1357972
11920548
6234277
8491240
15161949
9039299
4680811
14640933
1829917
6426824
18721173
17988824
18679605
15019876
1061547
8666000
17634949
2245495
9893013
11131271
18711626
3511394
2180077
472659
16640173
20442149
21308625
17389555
8141489
18019974
1944746
17503745
12868556
6727808
22132953
3095503
885713
19857692
9487381
6701345
15832034
9634037
17257936
9811394
15754916
17313465
8522639
9398122
17312834
8671848
21105865
17957126
2858668
12040334
18726620
21184543
2297591
21975789
21039727
994954
15350163
2183665
6861853
2788548
14567511
10873881
10092959
19838770
12122533
19142018
10221422
21332627
11405119
21500981
8665999
7045782
17469035
11918756
19220921
16928173
1444525
16239363
15830278
73855
15631366
16731850
11245107
17384992
3883210
15481856
15823071
2714728
20685752
19125897
1982210
3297733
16415543
9113494
8062491
11682377
12693735
9241101
16004664
15619040
21190834
2393277
8210922
21447387
2387982
15726882
20557171
11053483
2907849
7667165
1673780
14696750
3899416
10077031
20370912
20470304
1617036
19255938
18465047
8611830
12451285
7744123
22109304
19389501
15676048
1314991
20427873
19073821
15195021
6788125
6704803
17653719
3098434
4550871
11146311
16798620
3969624
18836283
18192538
12752840
11503185
1532771
1578471
7551679
4085159
18636784
11451213
15199717
3663951
3943035
19401280
11487548
2050177
3544685
7229231
17102823
8122300
7733310
6337934
7791169
18034563
1613121
11595845
8225757
15942250
8263891
22039429
11604598
21205122
9345243
2350392
19739237
11882588
9370552
6156642
16704959
6770106
1911140
1146821
16122280
6872420
12620697
11956882
2422479
328997
21464643
9072430
11924191
18974575
16518344
1806626
3508721
19846027
12930048
10739792
21891774
1435931
16810570
1826651
21555312
21641345
21422627
15905303
6662839
2904270
20174989
17174135
19997984
10215339
19755290
20606477
8454893
17684460
10633471
12897102
10631409
20838650
17251687
9218067
6572490
18473815
3117305
7478120
17954615
17594784
11887212
8439691
1331893
19390673
7160044
1379657
16368917
2033316
15686720
186696
12969134
21163406
16978282
9080020
9377606
11584999
9061270
10684132
9454436
3950481
7783108
19602886
12617330
2004230
17921131
14986085
21767751
15726216
9460635
20345510
1738416
20235197
12687325
7804955
8589134
1604160
14767795
9261629
9045460
19566112
21686733
12118858
12971533
20733100
8671811
20150008
21822604
19381758
6546327
21691573
9294828
8652244
9607433
19188913
7643529
18284458
6391781
4077242
2532741
2665654
1599351
6539614
11193278
12028321
20375835
16471205
17621226
3435706
21293488
10757440
842402
9453006
12725034
6684986
9219496
9574451
18057215
21861947
16641579
736249
19565450
18993162
12362925
9295901
16787586
1662630
4028624
14511556
1450372
2373133
20618811
11777194
11544444
10809260
9428983
17764538
12043952
15262193
12380704
18710976
6094920
19736477
18397682
16619164
21255526
11605922
17729335
8651240
7041363
6590011
20205992
19854845
12937313
12415373
21774295
15622356
21273355
759067
21886662
16312260
6888088
9592320
3304790
21968148
20562597
10981547
7927849
20350510
8476711
20377771
8127810
16278584
660683
19911123
10365637
17205927
7691205
6416509
7644768
10720889
21811225
19912155
21916836
15119986
8845576
21896524
3294022
6475506
16886127
8222459
21195919
3038427
3305088
17655373
3435107
17889191
1190230
15176961
16430197
12237486
6742905
16176116
15743748
11363758
20156150
16283245
11353100
6734031
18224556
17244772
22000561
20438011
1149323
19556899
16220010
11281443
9894492
3814192
2760428
3459221
1662888
15074028
2667937
2021584
11532686
18789548
17826782
6862727
17056950
10719013
2692366
6225390
15316433
3281046
3329721
22028249
12675839
9514559
18592120
2568209
11063179
21569427
12475538
10333337
8743512
3981025
8682990
19480310
1867183
2442561
2580163
8170049
15719851
12455715
12364731
2965135
299828
11783681
18926406
20236214
18075240
21904106
19729502
15920217
10864055
18422564
10749517
18430132
16750426
3960691
8061843
10477250
11083332
10657160
8039538
17433041
2915756
18536830
6466210
7409887
12017349
2466579
15956222
17103051
17189923
9330930
3334055
466019
15965771
17194172
12764405
20036495
17097843
2524389
16550754
12928957
17502008
1657092
11110607
2467807
14669863
11059938
10816399
10813293
10375106
21385541
2184715
346289
15500427
11999908
2539403
848929
17181452
15868118
1343059
16476843
8672821
8222460
11431605
9167333
7117354
6653405
7843707
18157978
11797978
17675062
7512464
19275278
17970832
17897242
21897307
15662289
12761259
1830302
2047380
15323257
19662605
12741440
20374354
19193592
18300822
6659211
18342513
18163150
10075962
16570556
16211988
1982763
8760809
2899167
14629803
6990752
11480485
2957955
9068803
1467290
20833076
6392913
15645616
16688117
10778587
912240
17457887
9269638
3895006
20939641
11927128
9222051
19470839
6342656
3304440
834885
7857756
8667442
15202116
18212563
9440449
20685688
7093567
266897
12167395
7777102
18209395
10348151
8310707
18984856
18220587
2285382
21091432
16179886
10702885
16612589
21795419
12414845
10740143
318799
6794941
14556866
21941439
10150329
4630601
18333369
16264109
8365942
3040920
10921529
19767212
3736736
7922252
3749790
16503954
10320950
8364281
1738821
7250534
18574626
18294998
7799109
16790575
10474692
4076321
8678058
17679744
15338803
8241609
15136367
11708763
338644
20454965
21611756
21391462
19540130
19935063
16493523
10554912
16612394
3548473
11234669
1164007
16679975
17146670
17157685
21282561
15760778
15365603
2172606
16502128
17874866
19667039
9678427
11935215
15565293
20040048
19252175
11072358
18391994
16247646
15110131
15449746
16371432
18928168
487657
19517525
18464107
2577435
20309560
10342711
19678908
9792151
20876046
16601865
11283152
17347177
7064985
17975790
12700960
19255826
6801370
4039742
14725685
163933
7249909
12958725
15495245
11554631
21059444
20368830
10077416
18801937
18050145
15821261
1947852
20224047
12708564
22093196
17565410
1771145
7882636
16763513
44911
8098275
1413842
2466054
20486990
19680166
15738380
18162611
11805176
19492151
10986863
10203359
11997952
1494060
1889423
1411368
21050058
11967388
17955176
9259175
18303133
7352340
8012227
3004546
2758728
18425843
7768071
6090050
21471588
12822153
19052466
12751549
19179297
15944586
10328476
15851383
9463791
17215045
19715590
8302392
19489941
17062299
21306282
22064605
9591868
21285904
21039764
18514052
16131539
20061922
11967745
18926433
15370791
8388194
16949378
16502177
15164960
12945726
15859909
9861923
212250
19817772
1299937
10340444
8501852
17555463
21483016
18044763
17045898
11952700
11715580
18795618
10374421
15371171
19451403
6456890
8059143
993361
16445706
1437667
7107767
7267350
456399
14523773
6808807
8782756
1980462
11599634
7783068
18957844
3782276
14975051
2144994
16630752
19735306
8553091
1452504
16634368
3882082
20139356
9214425
20385857
17828351
18473505
21393145
18366863
1055952
16801989
11804666
16891031
6727280
14603201
465365
19176795
18827422
519312
21789083
18697900
16565871
17137404
12163783
1311597
1422497
9562618
11929342
1318363
17699862
8685531
6995016
19916994
19318696
16148615
10365643
8573422
21244613
17407027
18241247
15450572
426510
18063542
2442549
7791422
8179975
2702098
20413352
2336342
16864999
19859076
16734081
18280095
20619488
12736042
12940538
17998460
14688530
8300888
3087679
10218847
1215916
11466187
10420905
10536542
19305330
2853960
21329400
8788597
15030555
18574011
8749624
20731639
15350479
2729314
15593207
19450332
15304127
17667805
12624122
3578325
20175891
15509184
8683767
16352207
10400408
4038468
2707920
20110000
19564648
21225113
8651243
22076489
3489750
9722762
17532200
12424684
974710
17006921
2328175
2547199
7145779
19406970
16132721
10765008
11874385
10510149
20592650
14975374
9578011
1925463
2954121
741276
16507618
1263842
318213
9821086
9574452
856437
11176224
6626416
10394020
3606062
19672028
21537427
16539583
1282174
22022829
8072080
12108893
15602352
7759858
7848181
2119026
10569602
15827452
1838063
8671819
20463422
17311508
11345402
21977265
7458498
3935560
8023820
7752451
8798353
938137
12910956
7891799
12093141
6470530
19258212
17044809
20926750
16445710
18674408
21708859
17436797
2243149
11378345
19201122
16308344
8153286
15835511
12090324
6638987
16372823
21364520
21150917
12718801
18336101
19426424
18575896
21865100
16786375
10793030
20382571
18928745
2824129
10585359
8543496
2294272
630263
21716328
6703682
7059030
11605789
2875643
11261889
8468490
11867956
11034758
6884412
19409149
3662585
20956629
21573067
12807602
7930431
19763373
7698047
2136529
19171723
16804800
511352
2076714
11246064
925929
18787993
12044338
10598311
16132717
9088997
18353189
19048582
11875190
15127344
15493057
16083159
9408691
8528047
2543924
11565202
8813042
17722968
3410480
18307370
8894498
4007035
2649354
21120539
20185381
7188377
21159282
20038403
12577134
7965491
21441134
19099862
7341022
11502526
1164828
20825630
15930091
22050391
20568489
19943946
2785756
19817341
8868527
3933870
15367829
11309000
1888642
11865085
434673
7586393
19447778
16458134
1843183
12675860
3902330
7658526
2027251
8658094
2334157
21269291
8230574
15329044
1442773
8467284
3955904
20086168
15989680
3530614
17680339
9476508
9095307
21896147
19546070
740118
3920973
1810965
21535151
9875572
12628221
21881206
16930930
16501491
12973468
19345427
11918757
19528309
11089500
846852
2647929
16030045
16509761
7766336
7918140
15227289
12679831
19384211
15088136
17530298
20542435
6349742
21468195
19270397
16782626
3729349
9767549
3816022
17371887
6628521
7425600
2596536
10688253
1673424
17297184
8075052
6329080
8099989
21768971
9377515
6711854
10849234
21314732
8042233
15492300
7096960
21672124
9857887
1563116
1729750
7048911
16641928
15961985
20540922
12752891
16565254
15714172
2210613
17355746
10966502
17199845
16388034
17942953
12911173
6714295
19853975
2852559
16938661
9412355
17537080
3112442
8499992
17019226
17335684
21421591
20038622
16551780
16076331
15073890
8706814
456077
17206390
4811848
3046231
17530684
17642789
709804
20569166
8261712
19200271
10446801
1362116
1778896
2527540
8519207
16007251
18585801
17933164
11941385
7604455
15007713
20630915
16926983
10776834
15385655
18221254
10885584
18600028
15356359
20851293
3516534
2976644
1742916
11158401
962289
1952862
15001131
3191647
8497444
17519445
16238904
9288535
3906208
8174279
21684104
11422913
21293156
1800392
12420243
21239831
19453314
8826735
1316068
15559173
18245146
17211153
8948303
21477395
16869816
11249510
2628043
21839591
15957140
1569237
11763804
15596870
9604071
21804506
2963655
18085734
3238469
19252439
11775926
10839468
11271207
20886058
19085067
2146131
16949375
19283845
19116235
17879699
10196026
19353620
18644161
1570714
16299682
11423571
22003476
10335911
11204857
12751597
18209407
20642552
7573020
16781877
7296970
15102962
11793624
15253718
10540368
12056707
15362598
1053527
19359150
10926351
19389498
17924516
20305006
19001785
19910392
19203351
14767019
19861868
9259356
21143501
19566113
3544250
12578400
9755008
19932629
8835921
21812506
9120690
19217462
16103721
868906
6510463
15691566
339373
972276
2127509
20054443
21905967
7380743
15167164
11591356
17385001
17119387
6727803
9096584
19249432
10440220
8112374
21774031
21485678
7234637
1635137
9514219
9654730
20467920
9884815
18318896
2109519
1403036
12046685
17097997
8580014
17112886
20002084
8091828
2244692
21287900
1782369
8594659
17629825
12761263
9401835
19526764
2663520
9336021
19799566
15167345
2593909
10628898
18021517
10075360
1836586
9290553
21502758
18314247
1796656
15483449
3645705
8603528
2834209
2656332
16197724
10330799
11176088
21876859
11342959
19367328
12921505
19194559
10834674
16821456
15153828
12831493
11178293
8773359
3804907
10867533
2528928
20854202
9719267
8529080
11270803
7000102
8836374
20188523
16563053
1641641
2244408
8796975
20943199
6526525
11854645
1848959
17650754
8852388
21626495
12846595
19091243
6669634
21915871
9513888
12191027
11127859
17890037
2672765
8842665
20045238
12475658
21923591
21781649
16788210
2289815
21663522
12044343
10231450
2612228
1380024
10432325
6352183
2206620
17200962
16216089
4075598
15351949
7053271
17213006
3096570
7947045
19790150
17515569
19276743
16283214
20485689
16640453
21845034
21084368
2606027
8579291
20331465
6490572
9635103
18511874
15682731
18187079
18253743
18946330
15692919
17335546
15831923
7876397
19815070
16386615
16813840
16079984
16431410
10459815
8984872
21784280
19781294
18705448
21607344
10874702
11795409
19696686
19196823
11743270
10365255
15855741
7667614
3927718
16157081
3715436
7777248
16551692
18808428
7900483
1391706
11595607
21348538
16423943
15578350
16019554
12223011
22132950
9657435
9696967
19660716
18515982
8060465
8856215
9433654
17249319
9515185
20923957
2941747
3560648
8743335
20924323
576758
12458243
734315
9136236
20845901
18525091
17014019
18565170
17875994
17164983
6093514
7602688
15561238
6221382
10073738
6265862
3278700
12092742
8285182
9217569
11682661
19916991
8282840
21659760
21890309
21484979
19847901
3470110
9113471
9847951
3957234
6847169
3963478
11198611
11156732
17998010
145238
2904744
3556303
18538095
127954
20113683
10429836
7334582
15902788
19545672
14523764
11139350
11879256
20142185
8557970
792360
15365924
8225627
15778424
17584073
6824821
2869258
8398008
1777186
21977965
17391900
10843459
3940849
9010643
20192988
11077032
10823345
942353
1712713
19506335
12741433
14146852
20966595
7787142
851368
21652664
10678549
8863370
19966074
14717340
21603815
19372712
11711510
2589377
21654267
18588451
17446969
8823593
3781682
18853581
7247357
12817522
15580461
8345486
15760408
12401846
3557732
1893494
10901773
8796093
15084937
1085788
12497207
6883276
8689175
21466839
17564958
17654314
15928099
10741917
19220533
12880536
11871762
20500048
266896
19650836
2018052
6937958
9045927
8582118
10803490
10638019
10576661
19960974
16143687
18605972
2740660
16889571
6098974
2800077
529672
8919230
21159194
18509877
10127574
17263196
9594044
6137132
8448064
6149534
1991894
18563531
10966491
21811144
8164228
6604293
3120928
4026208
16024831
12479646
9424596
3861973
12879146
2454017
19155623
21623211
21501486
12227694
21936586
8124612
19486327
3288253
15888070
14728002
18850514
11915732
2214406
8418346
11992086
11978688
9542008
20942865
20415898
15214540
5903164
15531622
14632861
11869179
11985368
12207549
1971437
15201645
2805613
6845109
21753259
21146343
17081084
8426423
8491965
21417855
21265931
2545182
18000152
22065034
21056950
2226219
19735395
21110214
17186404
15377813
9433389
12826221
15940548
4001648
18765079
15464589
12666059
712113
8574504
7274939
4066846
3519810
8516491
14871398
16609689
2073956
16929904
2467131
16220748
15933976
12398875
3027821
22009540
18516270
6657685
2894159
7566765
3025756
15066335
10496299
3598908
21566423
6313275
14745632
8736347
15041338
20588135
19362895
2739830
19584071
11850707
15019657
2221464
20606829
11918739
8893935
10848054
15373927
12500224
1474532
18607671
9646008
22004546
1946129
10616846
15675211
9458299
10440429
1580148
18685428
21176719
8436744
4056922
11069211
10221495
15151523
20307148
11939486
21053991
8701528
22115405
8504625
2977394
18209463
1402071
12806945
2606815
11668110
3324303
3363118
10898689
19571511
3991879
16493350
17220732
9719154
15176958
7084290
3999636
19399523
9877105
10751645
12506307
21452417
10539815
9818015
19462283
12546590
21308666
7060005
8771249
21716688
15871636
11511434
11576882
11123489
19570126
14520604
16460491
20649095
8452185
11057838
7806877
1712269
11981083
6367755
3250341
15505000
8381916
8474466
17204211
15109405
8706358
17699288
1868647
17047411
21627340
7778817
19776736
2198419
16406933
12027309
18771428
15021834
10221472
1699835
4004929
11773464
3410592
18793536
18356552
10069659
11315347
7993992
18463322
18645693
11840370
1942657
15364604
17493090
17201628
22096402
17896979
6144756
9120402
11880067
20422226
14734552
17228174
2867313
14681341
14989458
11948834
3418518
17717563
16204303
6307850
8285181
19465418
3515929
19350155
17461927
18215348
7754445
18329834
12402147
8111713
16740125
21194604
1534839
21883481
12638393
12552488
4039635
1667044
20621140
19995115
10394019
20109996
19055862
15487654
6128961
10931591
20877257
17427537
8127218
8723454
9671130
10912668
8286205
20624923
20014604
12721264
20463650
8061840
16114772
16082497
21190043
14987575
21333373
18029951
9063677
8728299
11697713
10466016
20305108
10619278
15986976
2892261
7731109
1540804
15578140
3056312
21327926
20714691
3754406
21039769
18076216
9141444
11798600
15992072
1941052
9209206
7714818
15966753
2529522
9561623
15011462
9683976
18630613
7194673
17111032
8538846
8354016
10908020
15513336
10718280
19948304
1136979
19395586
8937930
7140021
9667686
18055173
16998264
21285987
12775319
6549328
18542820
2137221
6359953
2403327
15678618
11336590
14976448
9015914
6405613
20978728
20047541
15302017
6634539
1554615
12085981
447438
7606077
15698422
18843079
7138733
6665786
12435872
17136011
12559677
2144317
3890241
9360571
9484328
19405316
19120372
21343556
15927900
15587188
15126809
21738053
15642546
21328391
15589472
8666216
18191240
2248088
12325029
19228754
19702357
9702444
8538903
15973913
3792430
16548678
20385854
21221584
19121782
6499896
8687205
11979357
19727125
16763468
2973585
18672187
16294264
19390429
7646822
15523550
19194887
16414382
19057393
1938689
22022857
1184770
15829880
21414530
21368713
21482501
11084060
3056298
21594000
15919303
9473756
671237
8927585
21743243
11310906
19894082
22135060
17097959
14671044
9667107
7932977
10809342
12610054
18387775
1615936
1879096
1900386
18258527
12611188
11762817
3345622
21694886
7300106
9041252
20059601
20872371
12844328
2195780
21342620
16783857
19522236
16376774
11726834
10458394
1869342
21331316
16997049
11773694
7461014
16034900
12120977
758776
12042727
19057211
1337186
19540539
7577869
6188560
19099784
16197879
8630639
20842645
12230294
6375597
2831115
9825266
19380283
2661198
8366176
18270381
16637795
20686477
15241676
16159830
17972426
18193796
3508327
21727186
9000547
17962905
1866494
17692667
881281
3708929
19896084
8846617
17923351
16208306
18662153
12111108
9849749
21094360
21114651
8592246
10722121
7845321
17767339
4032720
12631359
9816216
8604701
2474101
8530294
235802
2859473
2242085
17953471
21144334
3736469
6873147
18800456
8775331
17578050
531447
15957551
9789727
14633141
8508616
19075968
15870145
22111450
10926349
10909937
11589348
2184510
6937170
8253986
19399995
18587589
14605278
20428732
19134246
1992598
2139337
8137565
1409479
19833176
12169876
21722652
20463416
16316525
17227560
6713774
6157505
3455552
3731917
10229006
16690967
14973302
10326075
20001492
11096145
9588282
10657375
2054271
10503952
14984605
8456468
8066978
12558191
11115082
15148452
15332767
2261145
11181794
1424748
10212080
15540524
7049033
9467137
7340882
2835570
6446877
17053543
6832192
21545633
16773403
10423883
20682505
21135003
10717909
18192258
17330129
1329628
10285375
17692130
18387272
19698900
7946692
17948928
1767768
16702181
14727939
15871635
15461553
11334313
16621389
10817402
21677443
7793254
17555479
2334159
1587055
1497177
21114397
16970266
2897297
18937992
15673319
6883805
21549917
9578163
18925527
16552947
21623212
4215534
7657844
21961481
21778706
6751458
18336517
2356428
21470781
20486847
7738217
9056050
19071063
16473071
12945223
7494861
18264743
9736566
17899204
8287551
12730139
11344383
10030530
9484872
20174975
12241872
6216076
9132558
22046563
21354289
20007792
12671156
15725084
16026179
2592730
19725591
3435317
12353056
11865968
12218305
21876875
12074409
9374563
14997235
499308
16595641
8919225
2573208
19556994
18057305
1673494
19922995
960907
21542927
16889045
2532460
4638849
16548765
2740495
3407603
16534470
16499597
20966146
17922276
336168
19203553
20339884
20697223
11059633
15381674
22025855
21595987
11533799
15717723
11225759
19572422
8446272
2031174
3296265
21388623
21270186
1023347
12693599
6796250
7473537
21477705
6502296
1608406
8857118
6867616
8321926
19486365
14529931
7579091
11929321
21633411
16030370
19486575
2393261
2679368
1544287
21871905
21784480
16952921
15590363
3368946
11349720
7195720
17571244
6419136
12172511
1071709
21566250
7776709
9002382
10853881
8587844
856439
21040660
17243522
6407564
20453066
1482147
7826138
20452703
20427983
9255052
9248766
19235663
17164743
9572380
8574595
19125150
16966266
12093311
17401393
10757191
3155363
7581082
21864389
21033210
18717975
17309401
8699959
9503555
15535042
11758682
16960942
7699576
2737222
3359561
21327929
20920861
21738037
19035181
21075579
1653673
21595821
21791129
6386484
12663591
21651314
9386695
1531378
2899095
1867174
2530793
18666382
12723899
19772002
3063490
21206661
16029070
17855207
8544403
21786093
758843
18505387
3125032
16024830
2691710
17387149
1780667
21421625
3370063
3708460
11902699
3459093
15554952
21741331
17319788
3070034
12649110
22042348
16164003
15726217
2937581
16389543
14747425
7569690
19546250
16761501
20961892
2405201
2189620
825590
21739189
2316010
9299862
6869203
17013567
10074594
22022501
21410628
3432022
1773555
9352961
3406708
17457470
16772710
15502502
14673629
12851605
7302115
20648683
21601483
7887524
19516242
12962513
18534067
12805260
11406042
20608996
18495056
14679358
14614647
15622367
15960069
5077472
7427599
2524052
19545700
2569823
21412218
19276796
1962748
11401110
3551846
159491
19020495
19115478
7221513
16736428
16565522
16052980
98142
17063110
20479092
1879445
2985400
2253654
10922973
16097367
21823461
21424282
2292527
9259838
20356476
11391998
21172762
21267962
4049461
844998
8041241
2769019
19858578
21966109
18290582
19926019
11983543
16827964
20670731
1444686
3501723
17206303
1325521
3873857
11310347
15086284
19436839
2306797
1564355
11060717
20360894
12811006
11762790
17878242
21849262
6455317
2797891
18595711
1815650
8496634
7460478
3830244
7541737
21622137
1797667
17384358
22005059
19079441
6846959
9067898
21861967
11374410
15212562
19856673
21872374
20937122
16428077
11244168
21840269
22060039
21909059
7325304
10631619
3768490
6404388
19667109
20582417
6434081
14510145
19504050
8061850
9581675
12121397
11816264
19074305
19695402
21035932
7001092
1835359
14974018
1986894
7364528
17161768
20486841
15767973
19367329
16697315
6293091
9170451
9886584
11903318
19462255
10589373
16920891
1086087
2036748
14684665
18347777
18421968
10678592
14624421
4002784
16568231
9630271
17286790
18431571
17406046
20876621
16799406
1576459
11800531
8622111
6346847
16949481
4010843
10663631
15592574
12025193
6475856
15715111
9496727
10652041
9291201
8770996
7685147
9202589
20980948
8604703
15490402
21228765
16634995
2739868
6531299
19844102
15336463
7364530
14708912
9690221
18671473
12690541
16365725
17653875
18811757
12787538
15497473
8588242
11306369
9678681
11321503
12133029
19048592
19128909
18430099
10855631
16007523
8938549
20122358
2499175
9640348
8813876
18604486
17728372
7507539
15127878
12580648
15735392
21288151
2525236
391461
3251619
10695395
8405031
7563361
7302983
10585332
10509153
17724446
8358873
15076241
19270198
15459586
6627764
7084285
12324904
16309813
17259236
3944604
1345150
9284855
18647589
2982098
11274240
2834936
15894970
1958008
10028946
458558
17901710
21612753
9391786
7850332
9562232
15354976
2903650
15571212
16949465
18344105
21285173
19403200
9354307
15115440
21359642
2933206
21599533
21293079
20826511
3789483
11115081
1639636
9692108
12733714
16119705
19614956
6832345
15327413
12959634
19157277
16837814
16724313
20817668
15809924
4825113
19858061
11331053
12731458
9799917
6250981
2215575
12401844
1433086
2572622
18713907
21603105
2141383
11764058
19698934
21398365
3538867
11239031
19863904
11565720
18221258
2137752
7882598
9249215
18725016
2797573
15752373
18728845
16630226
10418754
2275236
9571750
18816383
4048834
7751418
17512248
19597425
19793174
11772899
20395094
11826881
17497597
12407635
16990640
18360341
21586377
3044063
9870434
15569231
15482389
17134488
19337444
15174320
20586896
2513286
6095887
111233
15693407
11219485
2327926
12612983
17316593
9096186
8727437
21269594
20567127
20690783
16433158
17178269
17938290
20855055
20460024
8593552
16597190
21756230
17149638
21596697
20168285
7738941
19828460
2987606
10501275
15616393
3055956
12502217
8960852
15339986
15846720
15886289
1607000
7634180
9421114
8255964
20622742
1666497
9155691
8490688
12534872
16156685
14736959
19748593
2684729
7681374
2974971
18787643
6093678
1679611
20336051
18200040
20526376
17436400
15743722
21178334
20384393
1330455
12072994
8686371
8842757
20565363
3496037
14570683
2180220
1613741
21372277
14696397
20859805
12087346
12877636
2655749
2375652
9331004
17712213
21794130
16313549
18175142
17700385
16855071
1437497
9008271
10722486
11410750
18202511
3538860
8955760
8033929
9514554
7968874
17924901
3328185
21641274
1277600
1064915
14748909
17201457
3055623
20631983
16681558
20727512
8669927
10668848
9671871
15366592
21849937
11918752
8913546
15659046
21522099
17634712
20921908
12844139
8558207
12773070
20522356
10519448
3863220
19608489
16153399
15846699
19540211
3480804
16015111
8560995
19000545
9681666
9829153
9831237
17121069
17695525
9591932
17632940
15308606
17943276
15814579
3229323
18561523
7876381
16807539
10718776
16221230
2916525
17373337
15014897
21325870
9156372
17484634
17888840
21141437
16407085
20458652
21689347
19182748
9842199
20590741
14668709
16425390
7515265
18072148
21060177
7705216
16686713
9781170
17702368
12495278
19568501
14988777
12487433
12822624
17363845
3545614
16408130
8684547
16504675
6762807
15963218
11114133
1834677
19602721
20339143
20547605
9724937
17985501
10473016
3777033
12955688
17717500
19126191
21871410
2037710
8675159
11271339
18178803
20462970
10048507
8504623
15280202
17324547
21271514
19858394
17436028
21183452
6559060
17699357
3763550
16183414
7510615
7797195
2525981
1725036
11321175
18481104
15389229
22003478
10749519
21111555
19304879
15071446
16863493
11490292
18958458
3190992
2499838
10616845
16868714
18528426
21575925
18423132
15492948
9218931
8988741
16138416
8808213
6416853
1794009
11447305
19099165
3658066
21756535
21637997
20628180
3983584
6351238
10996582
20061926
21412868
1645502
20972515
15836498
1580276
1880649
15956233
9697675
12707465
12085416
21098756
15685521
6375313
9471040
16894423
15154877
15167159
6406892
20663991
7414381
11499566
14982986
16374637
22101373
18818938
15315560
20009542
18037084
12852705
20039869
15792396
17916059
6626919
16356237
11249532
19924414
20299339
363133
10741600
11173962
21655269
21629805
19937929
17595389
7957424
3770311
3044277
20562093
2268980
7531854
20526632
20458132
707454
10092956
18332635
21353011
20202987
16483881
19180161
6818483
9563421
8247923
9293865
2522751
17243140
18484921
10096704
8655206
12763641
20350324
17626317
9184713
7599806
6982875
17672860
8447713
19965947
3038429
11549103
1638779
11126830
8223137
15152366
19075059
10534222
2873207
6764112
20932501
15116821
1482651
10386750
3285427
20356704
9035003
7198453
16868716
7874837
19329801
1112066
3102501
19741590
18611062
15568889
21743312
20943607
11096032
12955710
15880331
8693108
15666616
21771358
8085450
21373732
11799260
3402179
15482001
16238139
20887753
9784933
12729403
7347363
8423696
9399622
20354032
16519255
12441014
15251382
16155189
73408
15514576
3620232
6208407
6392071
15580333
2436346
2244810
1437533
8767826
15008575
9438656
11123398
15585444
6640826
17655371
17596722
17924724
740115
9625320
16602471
18582886
21403411
19705098
8061847
16236036
9646007
15217303
21469591
3360682
21334759
16784319
8107269
21620441
2010312
9690200
1283592
16138253
6671925
2573265
15206033
21867467
21599835
21241234
12147803
12889583
1967883
7672704
11044246
15634538
21955869
8755641
1871790
1554971
18095950
21651618
20018481
15880323
2525738
20977401
1893642
18720086
16799943
7845325
8808961
3664254
11744418
21343516
6720646
16953263
21611079
19319510
8469620
15325684
16360994
19369693
20067988
19652889
2098373
9167101
21603986
19684390
8042078
18637802
2645718
8996467
20535427
8294265
20876680
16191061
17890873
3008050
16765218
18835806
16391477
11601191
15133323
20529972
2757917
22139563
21251147
1825077
2472595
8913545
11331491
9549643
12644013
16083529
19863708
12607816
16702900
21079904
17131141
21861124
16144510
2260034
20118141
3284692
15743996
9575656
21700509
16178446
16804098
7827397
8955651
2905869
15687480
5551273
1282869
11482317
16249347
21284831
20415897
1568775
2301034
15946910
18583738
8626883
6204873
8634231
9091619
18524995
20220695
21957768
15265163
8730437
19765471
18520716
18987046
21819539
1474363
8735680
12445022
7711420
9491949
18458558
12776268
20675957
1873937
7551496
21301888
1946932
2669150
2064478
2971341
2888796
6860051
17259069
22034765
20811029
15238631
16238016
3034037
10376845
10543563
8905206
19187079
2890447
17237558
20565345
21414193
8080495
20012362
3549083
15355126
2401248
10976394
6665349
6946761
16413248
529871
399938
15645613
20655609
8666967
2919553
8869419
3045721
1526684
17913672
8351957
21338518
3776749
3413794
10803457
12101206
6430141
17532598
7084287
9161653
10402976
12879680
11007673
2454717
6354685
1178819
21395966
2238772
15931001
19338489
8088970
9574465
7704463
19951883
7195881
20193994
6587753
9126700
11157185
15711678
3200777
14989626
19875355
9654216
1532534
6437508
8443030
8304723
19463464
16377464
20694078
1992653
17317463
17982343
17066738
1463180
1103420
8842987
16372830
19915180
17259498
3704843
18418694
17333496
6685518
9039610
18216600
12109926
18688653
7506197
2008787
19048243
3910156
3897167
34999
2903479
12437493
2180293
19104440
2724130
9771272
18851753
2936291
8719357
19499858
2856770
3998200
21456630
12462282
20352166
2889238
2074654
8435963
12463725
11772977
18937921
12878555
18931450
20884999
2651758
3586325
18551103
2602550
15370228
3558340
17083267
318493
20174850
15838473
20570173
6347985
8398495
15188350
8622300
7354203
3748798
20581392
22023901
15213280
14634967
8494347
9290041
15475840
22125554
5058160
9407498
11091352
21893014
4758839
17582319
687538
10433350
14622625
20628650
2262969
17121068
2441836
15917365
16877217
3140090
18479214
3208817
9420992
18691434
6732268
20948868
8219446
7521626
12469904
17167387
1410886
21407815
6719054
6319069
8121381
12941042
16442876
17211170
16307346
22000556
11810752
14513949
15627787
12581330
8548465
15496219
20927340
3066501
15586216
21678704
17443518
12479325
20558931
1476483
11471623
12111191
20732782
9145459
2964968
16908273
11713846
12601202
21614794
22006185
8852389
2218930
11775181
16132682
2753981
16603783
9385491
9597556
21804489
21339749
2801732
15041388
19195336
3542336
2829156
20832553
9133785
14964541
16427848
7430560
6600306
1684980
12162400
18197552
20419801
1882132
18037751
5270914
8303818
1614041
9343998
15531957
15864174
2658209
15356033
18278230
2681603
15327407
17367305
12217255
19397461
7273606
8903653
19779038
2306667
18353716
16356794
19263333
21485938
415647
11368290
503352
3065360
6619046
16649427
6937951
17543002
3149241
19089462
3372602
15554746
21508429
12452221
2529815
17195964
1524936
10291502
21509239
21083004
17956534
10471059
14655005
20171982
18022853
7749700
1211913
6375312
9269706
19630964
2338107
8179455
11285041
8106686
21711394
3915864
17460420
21184545
3211828
18713542
7632530
7848543
12431493
19685371
16425527
7982650
8194283
10624328
15950073
1671473
17036530
3043659
20504122
3945364
8262786
10741380
8952432
16362162
19114878
15561811
19918472
16716614
17464934
17953460
657498
20334458
447795
12505565
3698317
7919641
12832987
12215762
21549935
18003773
20083416
21403430
17327549
3132643
137070
9114184
17259742
19317311
18653820
16234277
14712357
8339463
16886495
19717380
499300
11212464
17635499
18565477
2199621
10477216
18035189
19678722
20736235
20694775
2612231
4069438
18544001
3310229
22085467
15980946
20878408
21447605
15167158
16399486
20637379
1363395
15943732
18955787
19055829
3309806
2888789
8475308
495621
10647502
15540774
12362184
3877983
9582560
3184245
449828
12921933
10027925
8092044
20002852
6455967
3209614
1848154
6428215
8079978
17375014
18719035
21279998
8348074
8651256
7889710
7650228
14750089
16123911
2079999
11919408
12013365
11200866
15797675
20047480
21355950
3025997
8526963
20224838
1730109
17048975
20883280
8205461
20628041
20797594
16162200
7533702
20096516
11271340
3802588
11291691
7526050
11579721
19393984
9725494
7601014
21931704
8355319
21444275
16080275
2696724
12411797
11510628
19113949
19693521
1981776
942357
3186376
15170150
16620528
362517
8706303
15604570
7059951
17186328
19648605
1107746
12062661
8135489
7295878
6379726
20307027
15024133
16936532
16441775
11770807
12172976
16810433
20479544
9328941
1895978
7214757
10793025
15726220
12970633
2021813
1707292
16632015
17880300
3865778
1477420
7418544
3089018
8834537
9092129
10835131
21638017
2743296
9661803
19470253
21126633
17120598
20614430
490324
6474015
17388867
6217013
8393530
17518511
10771451
2880122
18826858
22143285
11177699
19695067
19352129
20730060
1857441
17425932
11219479
17934166
16078503
15721095
477236
2498026
17949640
15613403
21165292
16084759
20470296
7579028
1815424
6381858
10220200
12779103
20925544
9716287
8079410
17585468
11085827
15775719
7690829
20197485
8312678
12638396
1691415
19761730
15719386
2570121
15502500
19662889
15139777
3893819
16158033
21508005
7493447
14756580
18765200
15740459
16988581
8198884
18408317
19903186
16328086
16562601
19122345
2173944
18188525
8196394
15846268
9148225
8627025
7734267
7111669
14733411
16143983
7468310
16565249
15526915
14693989
3630844
8249043
8067856
17643282
15880322
12640285
19829885
7978043
17561411
7751416
1590677
12061288
6681558
1375766
3297907
15938027
18045294
9753207
11716289
7353343
9506242
21162609
2785545
17030836
21511834
18583757
19750849
11358941
21859842
9004097
7003449
11693896
8421863
11981436
720005
8061846
12410858
2659990
15786823
10205232
1986553
9512946
19854792
8246254
18069262
3242584
12121399
11142763
20052346
15880328
7260987
16469596
16419278
16773629
9867320
17684032
18211969
16264108
21873732
20456393
14685084
7096577
12067297
19742270
12010104
3469182
4063710
9079250
20359352
21196668
1578051
11051215
7128003
18775390
20739688
15279083
10607766
21321318
19462278
12495285
16193938
2799825
16642371
10339738
17609452
977790
19710612
16333560
12416788
7250178
15555475
18929701
9988148
8293437
15292687
20722569
21309997
12745095
21049440
2885791
19794314
6225759
21479940
3370902
16109092
9176847
18408278
3403089
11152103
17091912
19444657
8923123
7901374
21699452
10463518
20885993
19348841
20427896
17893411
391687
1655216
12568207
10910442
15637467
15490423
9613341
3916489
15119994
17205885
18024612
17119166
8683862
9084958
7037232
18591319
1572191
8583697
6883909
2537612
10052059
12042967
21479987
12904136
8669423
22025849
17311345
19160724
18721117
15089110
1465689
3034028
16358234
19427610
16181564
18443711
2602535
12923597
7668788
3304768
12762976
11019998
7708266
8394527
19238734
17516704
16490816
16880181
16369754
3366130
16645006
16037290
18551917
10770263
17259741
16415741
21786571
9989342
7915104
12937227
8989240
14740778
17027302
20479089
16358672
9224313
2219066
20410532
500264
20437405
267714
19074164
16390852
19968072
10533188
17566573
3460524
19266595
16681002
1162564
10604646
3964528
18455024
10399633
10878403
2014467
2171622
21432795
21872282
17681968
2349462
17902034
21667168
6727274
11328914
19907042
15820607
2887325
1809697
12962831
20037173
19758921
12166693
15847359
6996890
1794192
15309597
9632066
9169308
15385820
16419646
18512386
12200805
19917397
16210976
16492795
1943248
18370553
9816255
14579159
17154277
18674418
6628529
12853726
12086162
15384956
2596813
2283658
19765493
16290104
1468165
21478817
14733067
12677269
9002538
8655952
11982958
16001964
9951427
19317793
12180578
15056270
20052447
1808361
17101413
19246724
20562060
3889818
11458343
8695470
1920845
3774074
11465878
19709997
9558131
20590619
8930575
8528250
19796914
8369935
12778436
7699153
11704692
9876203
14717931
3146716
18270767
12322772
19339838
16047644
19570721
1474349
6215893
2236334
14981450
17521052
17667220
9476034
9115053
9156126
20536713
17846333
21375194
1984463
197123
17178337
11535863
18533156
15322891
19744014
17999973
20716148
1847794
20724531
20540690
3046413
2293573
12803351
18974858
3005375
6294787
17555141
9034227
21738245
2550647
17602042
11219321
12191023
18653072
3319644
498151
2321664
9092035
8299672
19270201
12189361
12198032
15353911
3091244
2749924
19254307
12132028
21989032
4029219
21535448
14530469
12387585
16490426
22132955
12242600
2603892
10522851
18541682
14974058
21585219
11837552
15561004
19081408
1967337
6891928
7918068
17890263
1321374
1712268
6192962
12533039
8005233
2312783
6128763
12444215
21831111
21095485
14693302
6231596
7858333
19537331
9570331
11437769
18344696
6227249
19171112
16977962
10270312
20604905
15871983
10213525
6732213
19682124
11332063
10872534
11746151
7974101
20482707
9141001
10575834
12940619
11932176
11287685
21295991
9382166
1624173
1750338
17377860
12133025
8533402
16810136
7582998
1576066
3516481
3548521
10090510
12797478
12764283
18804416
11872339
16163893
3265607
12814449
2878596
9489307
10462826
19888956
6264849
6422710
21787152
9562138
11472468
8826548
3157417
20960171
20200500
21332274
11049778
8070149
12680885
1160223
20717692
2760120
21975774
8503412
115312
7021432
1385045
2932219
2080446
2218906
16236809
16714328
10850943
18630636
12517295
2616586
18226007
7520105
11417447
9820178
8903863
10678291
16415668
17675055
18048001
2074255
11359083
17014564
9289428
17658959
7742452
4006373
17880374
6151891
8428406
2964018
2139939
8745172
18661763
7882597
11735663
8804246
12652108
18854765
16829749
11903175
3871765
20978280
21437577
1614075
12703164
20534267
15801944
10910477
16304428
19078442
1678920
19028050
1017884
7673421
8659005
10152783
14523791
9230988
7799360
18952546
17571253
20353598
2617367
2560358
1093060
11789367
19441869
11071965
11510030
12602507
22037453
3316158
9105989
21757984
10968696
6593268
12427132
489762
12668816
9808688
18443123
20669788
14717937
10388331
2031996
17643764
1356743
9798801
2060537
16271912
6841304
15106177
9893883
21944277
6707787
972269
1852997
3987180
11676559
14730555
1492213
21460770
19750259
12137607
12389239
20123315
6717029
12148114
2401125
11119204
2611089
8827396
17661638
1385050
21812496
9529625
15803261
2738693
10460351
10200855
15926989
21299490
11082754
1458072
8072225
20015283
15182412
1620817
16278537
9166498
7562761
7471612
7780710
5074752
15905228
1496235
11528234
2124213
14651035
19810292
20831355
8983327
19172426
20214409
1588766
2152075
21184086
2836565
20024501
10428285
15256812
15783242
3428711
16858075
6161671
10639034
3707031
21368487
19360394
18805573
17696626
8266110
3720498
21146368
17622070
21493086
15850607
21521673
18824844
17939547
16610635
8018007
8906979
21383654
2059184
11867878
10622086
17885729
20823097
16573466
20506545
20173649
8430609
12955672
17600231
16601559
9412139
1115440
2660768
1820327
2683789
1521351
16239629
8741819
20083622
12759979
1379961
6361701
3081293
8527277
17644384
19224067
8388075
7043022
19046239
21690430
19967661
8686101
1098091
1747790
6155134
10714305
10444238
21888869
8387806
9275110
11177768
15182868
15927907
2669373
18295105
8740330
7897758
19779845
14713380
18503099
17960061
8135031
10739809
9628575
8284760
3162906
10981176
10999507
6853034
18941355
3438644
7742218
9926976
9383181
7507589
15616389
12120419
14766712
18805471
7457964
16939114
19602775
21077348
19307958
4041296
2525748
3428342
3102562
17161491
21660257
11899407
21619490
9002016
21751755
20707658
11151788
15189175
21707290
12082653
8285643
12149047
22029682
8678449
1416679
9307181
16309765
10937447
3257953
7978414
3242462
16143246
2692947
19394725
3092121
18294794
18575300
19712115
15752372
21607202
19794049
8723367
3674893
12070584
17489669
19307466
3205906
21762013
12754537
10853749
17324246
3360270
10942688
7377863
8013159
2294271
15769768
9568383
12324196
1606340
3659264
9568853
3008324
4011844
10688628
2023875
16723349
8741083
16419277
17168123
17713429
18422206
20570102
7751417
8336622
21859972
15152120
19416772
6892870
17989891
329097
16038369
16359355
11285964
17039083
19867219
20095334
18836794
15515874
9140785
14727972
12887532
18370561
1574579
8285815
1360045
1835873
20137082
17368275
1773328
17461294
21378297
1706805
8120770
1893640
8555762
3584275
16926964
15957552
16631655
11065034
19458109
19877288
20539105
9022442
17524883
7141752
2498776
16807143
10778943
11345356
4566858
9853698
20226480
21371293
9559795
21114195
18621592
7200656
1165138
1731040
8447608
9218930
3759731
686708
18808352
16630947
17499233
17653629
18415679
17728089
21933609
2132193
1179424
7341276
8864313
7949502
19423685
19367453
11563406
12885686
20041816
9002537
10394158
19540397
9413853
15724929
17154710
9549635
2149600
559882
11682398
15951471
3235302
2218907
11472044
18983214
15347636
18473503
8243145
17901938
18264188
20796168
19585158
1997017
17761039
7656506
15466957
1142495
1391952
19349866
3877795
7193079
19839834
1478401
20865462
3147629
21729477
12605394
15865259
6988522
1589374
15923134
3384394
15665422
19584380
15195893
9544870
1287915
16614733
9307760
21896443
21045075
21545814
8431968
19463274
21416195
18633593
11981070
16420509
10993006
12222544
21896378
15500563
3820017
7650227
14752169
17588107
3978996
8107628
15517514
11487076
17301639
9777313
7485222
17443527
8009560
4027119
11764054
17628556
21366665
6231597
14566466
17375981
17567353
11836690
11201149
9267467
8162668
12415362
16418951
6631600
2076730
21847417
12816178
10738846
3140096
21489032
3995511
17390152
1330574
16286936
15809928
19185782
9842243
11958325
9612686
11274271
8458597
13679498
12603580
16636209
18765394
17763334
20367933
2512486
19034239
12117454
9567359
2338701
16433766
21310884
12500420
2529623
2292170
3076122
12875716
21563925
21655542
14501691
21883744
8327642
6226979
19443981
16483789
7588670
2325052
9164418
16364861
11886013
20101061
15919299
666379
12486648
9885968
9314090
10099077
20199343
7859804
8420442
21923594
18284002
17316516
21318189
21253328
20455333
17700162
18396794
8995472
1618445
12185472
8549278
20532453
1675695
10855520
19335843
16435224
12637116
1451723
6295675
20142954
18416945
11765585
17296640
14764343
20492579
19953878
1535133
17484705
9367006
2573374
1644968
8080007
2188438
14584001
19087230
15301575
14657064
16392875
21685299
20135354
1813786
2195736
12107202
17973959
3698308
12403641
14621866
3354572
8726029
12908174
15966754
17535174
10806601
866577
7197955
8887095
15521900
12585193
12358583
21394828
10375187
19812503
8738895
3358898
21440731
16047270
21241070
14531724
9460772
8927146
2530536
2315889
12083976
2362629
2254055
8973992
7437241
10372483
16315466
3245825
9351071
12548514
