18710668
19086529
9582550
7756597
17355859
9812558
2672833
8186331
15379616
12125322
8178386
1683982
2585838
17598331
11533780
1655920
12846544
20849588
11880108
8282810
8341022
10078013
16427635
9829131
20720360
12950029
11208594
6124328
18689132
12755269
19279557
7514225
2701749
18556188
16769799
1348846
15934088
10844598
8023963
1613039
7757107
8785385
21440064
14998977
21371554
11999140
18956137
15742436
16510920
2169846
18923236
11792375
21532056
3534448
1962647
11060823
19238452
15328491
2323603
7361065
21784004
17619884
19169037
15538735
10823724
8816875
12638413
20609178
21893998
5276283
15755470
3264781
7350733
11892438
9779704
19857721
9107587
2869938
9396874
9479725
2688984
21813475
9519756
3120491
18004714
11889431
17615390
3803632
21222000
10645758
6326685
3524319
6685929
8939403
8911029
19252175
16311433
20669642
8393752
380896
2566606
21571061
20622306
21646902
599836
6108548
8792392
19581826
20188936
10752223
7089758
14527370
15927308
20455664
17975790
15577213
9494784
1358328
6749432
2032314
3252966
12480675
1345458
16740984
18828130
11683544
10516492
10460351
6792695
17616280
10328193
15364701
7754253
20957118
1343279
2795106
19422098
18440535
8072225
8400497
8363167
9734599
15478018
11716184
8475459
16515729
20579784
21465117
15117089
18721920
15924637
9048342
21570538
20329413
21429968
15338397
14681712
2046268
12627872
8534622
2164077
5441685
10986863
8286838
19335745
9180278
19507052
8913094
20706108
11471328
2709665
9870470
19962972
19582336
11020990
8249112
17048121
7237781
11296149
11423245
7783337
20472173
17672378
12542911
7224470
20688790
17456244
16900093
9919393
8072183
7563627
20681258
16754789
17055947
9394309
15690711
20421886
14655722
7945387
17970613
2842022
19882676
9044315
8676569
11756102
10398132
18491065
11455524
16350550
10881136
7872362
803695
2739847
2732754
3181869
6781208
1587209
18533622
10750723
6842822
2521585
19798495
10435670
21663490
3602021
12148897
19721247
3330493
16572891
18209297
19491620
17870556
8558788
19469251
17493891
16919017
7633404
12970692
6289454
19546580
6354309
7343528
16868977
12043236
8418629
15687834
11728945
3789483
21888404
12750980
18462998
908876
21893231
7029936
1416660
19388168
14645882
3524703
12563956
21783944
21331742
6832345
15218393
6490572
16400389
681876
17332090
10353405
9658646
16242854
14733425
9607405
20068136
14551172
9366109
9022652
7581250
21284358
20876160
1903878
15931640
15214748
16549160
11865633
17633897
8587463
21150012
20017829
21268952
19422100
9623618
10845836
6323076
21033333
17200185
13126822
8205498
872452
19370962
15049046
9144314
21827325
8072181
21720304
19954725
18214147
7997131
12180853
8384429
18288499
16052172
20225538
11447206
6344907
2231796
19066408
697306
8531326
17078598
7863384
8743538
2218554
16944153
19589743
4042319
15178905
19057980
1304430
15133273
20096342
1999757
18069386
16987832
20588062
3673973
3529943
1631980
18157608
8243380
19615555
1283416
17504669
187004
8820819
7209435
9163848
11967611
11981287
7922184
20671072
9858117
1336481
8078709
17537416
1890
17364338
18199796
12403673
16901080
10622589
10624381
9260244
2849141
10817256
1639963
8739292
7924014
12660324
15030289
7830118
17211506
17095876
8514471
7704008
24460
2398712
7590549
17977426
7948390
21787165
3014162
11139890
12769306
7784995
9776418
20236056
8863859
7533848
17310363
20081299
12667640
15102966
21925997
10465118
16513476
1690251
7124248
10699998
6674533
19188649
17684961
9288531
12915830
2764264
18454246
7465399
12604791
14511318
7554992
9102915
2379100
2976762
7760449
9046847
19125252
15168958
21907356
9159208
9259708
9853249
8073003
218441
7618218
8164223
6428200
1316215
2043226
21896377
16483050
9356201
21954533
12455746
18708546
2689070
2525703
15536397
15560891
20130118
19473626
362038
10672598
3595262
2067216
19527805
2256712
17309384
9368966
1847093
12759464
1473850
7776550
15785939
17479386
8496288
19181652
18800026
7684745
2196552
12056516
21719445
18520105
436802
3153054
7941122
19718899
18257836
10906156
11003414
20460820
10221854
15998580
12189169
8831085
3299230
8001323
9021238
20036512
11518820
17176440
3767386
19148611
11892702
3761561
15032618
3667763
14769877
1591795
9570095
12172777
20429943
9334079
18031114
2328192
19442326
8200167
6674534
4006194
11240823
14612611
12021548
12164408
9001670
7332009
21170884
446086
20108001
17621606
20954306
17600548
2467763
9709179
15524058
11802302
20030525
10920686
267297
1999070
17228327
8072184
12397034
1238373
20185381
8611369
9617143
3700225
21908986
12207549
18319524
16244926
21040602
1202280
19215237
7785657
2368340
9582107
17100569
10468619
17420958
17628830
2689942
2146457
19399503
1614073
21206114
20153117
839643
20494050
21110037
21219204
20008024
20337742
7794655
10620205
21269384
17661092
18776102
15754275
3600669
9061700
10715756
17604470
19777238
786013
9127179
10418607
15940555
1861207
21395020
12639299
15723160
2310055
12953036
2509725
11258447
21630304
1821926
15768789
12360988
18955265
17043457
8121073
17278895
10850068
17549255
15148287
15361700
3524222
17075221
20160654
10230889
17581009
12018628
8997756
15568502
2181637
9627044
8960009
12631106
21679442
3953313
18711290
2177024
9314417
15054491
8029786
20048549
1571216
9024089
15731549
20977810
974655
9002123
8849289
10603145
2206883
7346257
9285016
3389833
21382997
11357876
3021095
8046851
14737976
6207970
20075706
16914963
15717633
1696177
17558409
8641721
7917872
3535721
10321823
15485756
11908261
18576909
12874640
6607801
12504976
21886850
20403731
15911542
1834440
3897599
7915957
17764219
8866400
9695219
451219
19706394
12509936
10616290
12616833
14737994
14971498
16161539
10361451
11210352
18088261
1742420
1213037
12920631
14610327
3389291
10910539
6872207
21185066
2539052
19118121
1640656
6490775
15635485
8018497
18662371
19534485
20616717
7940361
2809292
1777894
15980946
10084750
389601
12494305
16352917
5077472
8740822
6490758
10435669
2543690
2559568
83568
17087647
3172295
18759511
6779373
9340708
10816726
21590705
8580006
9273397
18085390
1258803
9258202
16360231
8862632
8719355
21078762
3036496
15025800
20635683
10743347
18298
20188008
10744621
12536195
5520727
20802306
6481524
20840446
2788897
382165
16532294
1437957
12674635
18208441
