3962291
2695385
8004844
1434084
7137025
1833577
15723377
4064111
19299304
10722244
2605584
9688428
12000195
8493032
12027235
17566385
12116807
1321541
15729187
125152
8491360
18947017
10838837
15452474
17906484
16061566
4047460
21925775
7926379
10562906
12116798
19404038
8181891
7632016
19889655
1918700
7930194
8354816
2269532
18045988
1732952
20430203
21210805
16009312
17078911
20298698
19130999
18241340
15276095
12143954
10712969
6464969
11975944
18646564
11791619
12899403
2615140
21879649
827460
20975799
20010333
19233769
20497679
7138055
2306002
10622155
9137731
15776691
7982133
10936479
20736440
12530489
18618193
8778701
11796547
9891820
3159508
11025347
19421363
12043375
9717013
2276893
18941647
20848351
18257782
8092751
15729420
1879981
7971396
18797698
11206766
8881503
18402830
15001332
872207
12057700
8522683
19927625
8038017
9476540
20428444
6518510
17276456
15918318
16294551
17969497
2093722
20069659
11139651
2002274
20107943
21217940
20347786
18941041
15736582
12690936
20209591
18317612
8929778
19317068
2757056
6889625
3761528
16930018
20661332
1252295
21553441
19623017
14659775
1843697
12357122
1751640
19433360
10957791
11586521
6733871
16598594
16153283
15556780
441363
19910002
8974829
8624883
3190333
20146643
12943897
1991370
6685014
12425721
819799
11221587
17633911
15050494
22009732
10424207
19367149
8469759
9510400
16550025
3568302
19394850
2297883
9352976
16050281
15291138
4011023
1473659
17049635
12708907
15478468
17091801
12403243
12765625
8010805
10326166
15201162
9513036
8059146
18313627
2796577
19009770
18535528
17397946
11214269
15928740
3982067
8463008
19150141
17667017
10488455
16302130
19444013
15914951
18579503
3655412
8110048
9401528
7189139
17670274
6533608
10855412
18952625
19602161
19469251
9256850
15976729
18273731
12462663
2249220
3038830
1307087
131248
1592921
19942368
15284266
14658610
10798428
16766371
11068713
17447098
15476567
12711738
8754447
141333
6501719
8371486
14501363
17587592
6686395
270998
20720355
14761774
8553600
20396476
15999476
15837978
19697037
21757898
9502648
17603429
7155950
17375349
2913724
21504342
15542407
3919664
18006163
16001775
21842594
19400531
19291509
7471831
11954944
9484605
18650983
17068279
12144733
4028364
18288626
16600690
1409216
21223783
15573212
15243770
8585669
21482599
1991658
9525543
9605286
17132800
15573780
6681823
21779114
2271817
9182359
18402812
16195166
1586913
8339305
11838655
9736135
11581134
11410702
8668603
15635867
16953890
10627135
11211746
3624667
15365561
16507236
1431276
12464913
12494192
21847418
11486578
10885282
10149601
10831523
19423276
3075397
983951
2147704
19451139
2649530
9820997
8233996
12015478
11711469
3843594
95313
7446557
17383383
2544340
9213819
17098134
2914352
19692276
15569399
9312781
16862048
10489791
11758683
18373788
1540601
8302055
10713638
15961398
17101628
17532437
6211423
17345160
19472776
10484868
20109604
10150626
18380764
6539193
17611253
10950333
10845569
21389911
17316843
6702621
9199955
6512945
15474691
10986586
2039298
15909860
2013082
10885285
2679500
11926974
12709732
20654101
154992
8101239
9591176
15992949
21264900
11128184
15476569
11293741
20869645
1516216
3503797
20952214
9567330
16890305
19914256
12365172
7124463
2191583
15214012
15222304
1602259
17626518
3731559
8683430
10664115
2923760
6210957
3487936
19084422
20602561
11743920
17249200
12680289
1575193
20546006
20376641
9824037
6777881
10842718
20511488
17203440
10150627
16103558
18157941
16194874
10885280
7481051
2093723
14605019
10572904
7081064
16354870
3788252
20569525
16532133
8049592
10473886
16376610
19188551
7848035
6826963
3999810
2619580
1595540
9323075
9546644
7656836
12878336
2067067
2189565
15759133
12440483
6736450
11137840
16950194
3842071
9471507
2917096
9487277
17599605
2909580
12873553
9842408
17401751
8020028
2693049
18301727
16797793
19233157
11579838
1478397
6450529
10867362
3272754
9068139
7788952
16566409
21478795
12486906
9454448
8830590
18267223
17068898
6974089
3416516
15671623
3272782
1880902
8309268
9540132
11716909
18973189
939049
3503812
7664509
2189566
10150403
3298376
11927222
10052277
9437328
6418103
10426832
2741778
18310532
1409213
9453200
9771673
7404015
3775214
1764827
16429204
6826978
3070965
6211578
2926048
18056765
8245352
18163912
16003279
20370590
21797744
2261838
20141097
2383863
17534930
8534496
4077305
21533915
16283971
10093771
3757563
11234455
7995664
20035081
8879620
6445779
3066485
9068138
21823217
9712432
18192942
22031086
18076673
19449150
