11389221
18077962
9823553
19282607
19249959
21614335
15569742
17630677
15532081
10831683
17968621
19666414
10922089
18789723
19176843
12709824
20708779
17507901
2792669
19019699
11040858
11334301
16032492
11875088
11869331
8657909
17287162
1810009
16786568
19996751
19461055
19750447
18439955
20353447
7484776
21175495
15205154
15155999
22089993
20333704
9794349
9009119
18028923
10827388
15503097
18759576
17928377
12872105
10740146
8939208
20515263
8410885
12124970
21601476
9869723
10864215
9400440
8580932
20123209
12005390
19001643
12404051
10147166
10921420
1423971
15849451
9095628
9129635
16106421
12491582
12085030
18271847
18473265
21076922
10448026
10037287
16028321
20569937
12555013
11974949
7778238
21549349
12559533
17113894
22015123
11259944
16228803
19188723
18719031
16528183
16952692
8912496
18574022
1410354
19475135
12453656
21067090
8066259
17140898
21225295
12776036
11009262
16442945
15472680
12112895
9412383
10088888
19758910
17387479
10568710
20653071
10404861
15910383
21844248
20598564
11042646
11524585
19152938
16196004
15740514
12397716
15671001
14755808
12375698
11727052
17175358
12595840
8054737
11320356
17097425
10392941
9740344
20560380
15933681
21571544
8816538
20009004
8533453
14561611
19016147
9951822
9371680
7528135
1443384
10649204
15940920
10569521
10102199
19945660
16036153
8776516
14974669
10584655
9166569
20926016
16304994
9722840
21185589
12582186
18275288
15192789
18796688
16498926
17053594
8855534
8165846
18190953
16525753
19915494
11383814
11912438
21866447
16194313
9187879
18275390
12082864
11778130
21106566
12109864
15937290
15057684
10155122
11243985
16528653
12031366
20646518
7666329
3514972
19851261
18266885
19084431
18593803
8079938
20447212
8707810
19017885
9793505
20886403
17914659
18400040
17383650
15184998
11951056
8651394
16500388
15784348
17708260
17391224
11237979
21168872
20049423
19728248
19081022
18360868
18565412
21896923
19961137
9205227
16094066
17426471
10459126
15361570
17058411
15166325
16061127
21721883
7892456
1461216
19653172
21492730
20632191
7977087
7692101
12416001
9864668
16517042
9862004
21461081
11558839
16465567
16917447
17805494
11423576
17383472
18423035
12876859
12035841
18455759
17085140
18387394
11950673
17576886
19276496
11885012
10489909
17457983
14722859
9683797
8940821
14705227
7955891
12561012
21994282
21187290
17239296
12507126
20640483
17297852
21099720
17296664
19517183
12924174
10348135
10027465
10872488
17559659
10946772
19645521
10507372
7852438
8176086
21944116
12235330
15793725
11455466
17989373
17921235
17177084
16875851
8685339
14520281
10975140
10471857
21326751
8222102
15578139
11436082
16489563
9016230
20939728
18574269
2296815
8790024
11742015
16392063
10406688
17048784
21417710
16328683
10067933
9047066
10744811
12145601
18206915
21083954
20587273
18383169
14688404
16754180
18554654
19103342
15447772
17042658
20884229
8540504
17900842
21497481
15537965
10730647
19488893
19939607
18417002
16783296
8227832
18719511
14652557
15231888
20798369
12954007
17437773
16755597
13679261
20674242
11703955
10569338
21085961
17301591
11194815
17897908
14733773
11414154
18069162
17331513
12443746
8808958
16765195
10921296
15316310
19073409
16614156
15891192
19235243
20155322
15461980
17286296
8054740
18404287
18980496
17162038
19782510
19702343
16399312
15814934
1464206
8935298
17035855
7498685
17089284
1374637
14730201
9337221
10828008
15346212
9717783
19534803
19267529
19339203
14691433
18412235
17591479
7505521
15858088
15617306
10863910
18445551
10088565
9177539
18469445
12426824
21821970
20642617
8259404
21272871
16631688
3282263
16565659
15309661
19348843
10792088
10392864
19072309
9189087
19486852
17357211
20187472
10899339
12028629
3193415
21146743
8153296
9015054
9744602
17354135
17696631
15956130
15844022
9350666
8784017
12510694
20868216
12352301
12211706
11512690
17521649
7966784
2599291
19661352
14654496
10405912
10915706
12591842
10218085
14629294
15806414
16390651
17142712
11252736
10793055
17391902
19164698
20371165
12840234
9746160
21869575
16611763
9705094
9543522
17041520
16214450
18483680
8857930
9554160
20926950
14661001
1633047
18381843
11480379
7912922
19342540
16091529
15526374
11710790
7977996
11110568
1410355
7491997
9887387
10597070
10695743
15470631
18365185
17122672
16416200
17387464
19653343
11431666
19010940
17059929
15619312
19503761
15689680
11956436
2949336
10874146
16960663
10436369
1628279
11288211
18086117
17988269
12964556
17900325
17607533
9180114
18097176
19767253
12921653
18231964
12106945
17035947
16765221
16284764
8192011
20130872
18408579
15849514
14975496
19530147
10360492
22027290
12034940
11445102
8976946
21856578
9444746
21620631
9085752
16325031
14679332
20847495
19193675
15615567
11875089
18760627
10470471
21858546
9354720
1511816
11178718
20801673
16138236
11380578
10590186
9699577
2791904
15960131
20087556
11265088
9293834
10150958
8558733
15466792
17373243
9863755
19049832
12902899
18704891
11706337
10493386
15818158
11387605
16098351
20053810
16538585
8933961
19808721
20066631
15337876
9865563
10576342
17323361
9338637
18562035
18240939
12204402
10870861
17913265
17538133
9314980
16729402
16643078
8751841
11535569
8153318
18361937
21035701
19072307
21766429
17175359
20826290
9356617
1436163
17986747
20825404
7869474
16650541
15758138
10887230
20545980
16371580
9237020
10554778
19072388
15605698
15276582
8402869
9587902
17143909
8488813
16307320
15297818
16132393
15955856
16715072
16122466
10618297
11425985
9140599
6767347
19281287
9423710
15918952
20831997
17451206
19101851
20027110
18719038
12482564
9352966
20003967
19621728
20443150
15970124
10067932
19896106
12050298
8476149
20434054
11868012
21480137
18338211
7514464
20981421
11925149
11577309
18317849
18622968
15555006
20831988
3168949
17063431
18796680
7724125
1590222
10146598
20816116
19945659
10859439
15567737
9707249
15812410
16094062
18241754
20587292
18507129
17429736
16263360
18537601
20233417
18503907
7661641
19570886
10852632
10794290
12598992
10431851
12124971
9514448
18821835
11174440
12135021
7640978
12885356
20980162
8792709
10543507
8761809
9702892
21669861
18649644
20635593
15928494
12476364
1395815
19164797
19028228
17892983
11875087
9152310
17707427
15957540
15814936
15902055
9583440
16412165
21991741
10155102
21699568
19609609
2288963
19626687
18931871
17923784
12932169
11877974
19233597
12447561
18842912
19542420
11309651
17557477
17328256
16462464
11967685
9017938
9761077
20929424
17418484
17972031
11374679
17591473
14743922
17086534
12756480
20440039
18336878
16687746
9464608
19156890
21154209
21198917
11704371
10093838
12872087
17099019
12772131
10385157
21107971
11477226
15205368
20656224
16670454
12482798
11184092
16245416
7686100
11137802
9808844
12297769
19222508
21716751
20174944
7930266
12682893
21786454
2327422
20130874
16565799
21443662
15101521
18954765
15028433
12540028
10384692
17145425
10482146
21514839
12842534
10213657
1290218
18219188
7695382
9628673
10212501
10556405
9363068
17112203
9574600
21113358
12944696
21937243
9853162
16188510
11025576
21172587
19280255
17357951
17397778
8025932
11025583
11420482
11869321
10368112
11727549
21859550
19508835
11972249
16264209
10758954
15823072
12354824
8224687
20838744
20424986
9576443
20380272
7517350
17640583
15346266
11208512
21483166
10344427
10736292
11767864
9780626
21278182
14965171
16816449
15615966
8585480
12553168
20602138
20670536
15739550
18540701
20173613
17583095
15831144
15286319
14770324
12386751
17848140
7873864
20950080
16736309
14970040
19180001
12963248
12616010
17721946
15321056
21684460
21378029
8996291
15602644
12781880
14528211
3448928
19881118
15590806
10966133
9370397
17268908
10512910
20534280
11758316
10573042
12775958
19057032
9026484
1341546
8402780
10088566
12582183
12087578
20521021
20093308
18292744
9540880
19182298
18498829
16336425
14620200
8850659
18259811
18423704
17032852
14716840
16941247
8994707
15891193
19392847
21792981
8163098
10799181
20400079
18021870
17988044
16509499
21129906
16799274
1829842
9618100
9164529
10372298
1423389
18280096
17885237
16955377
17055689
20006920
12119333
12142979
8465589
18285539
12537210
12441927
19258836
2516775
10464348
11139803
15669799
19589574
11813577
9566056
14751374
11800418
19132489
12814529
8591632
9723627
10731642
21150420
10860332
18260351
17941771
15062064
12563137
12101381
15238457
16308180
20961840
17041521
8622166
10577441
18440463
14567599
17870124
17288750
11685183
12764702
19021837
15452784
18154991
12021715
18407610
16721557
11742012
15949054
15920998
9377506
10872495
19344595
16485545
8219558
9552518
20018439
20638060
18922676
8286720
17338664
8721962
19035717
17804769
7712964
12114376
20149689
19167242
11818936
21839234
19924571
9840039
17238868
21431386
15018411
17324415
7759723
9882952
18547372
22008891
15851050
7540443
9840034
21631221
18178474
18540698
9007801
20033227
19166683
17244123
15378129
15259806
20557764
21186075
9458013
9494504
14633520
19299387
21080145
12563142
16702461
16437369
21338402
19207219
19559223
14562971
21189148
21546464
8058931
9213024
20039798
16806234
2064917
9232582
9436545
18656785
15857539
12591645
10852624
10745594
19132463
8280998
21683837
19995695
18779930
14744276
19729540
19191854
12925267
16112511
11490296
20859687
15655135
12609087
20951988
10758971
8357232
21253303
9426016
18649099
17142705
19925536
15472676
10350295
19653873
8450155
9221453
19902396
20974040
12522643
15735386
1423393
15943506
19376427
15182091
21979145
19128709
15847742
9859607
19099950
15536951
15669800
20924331
2507145
16282958
16132755
8963832
20399122
9369037
21117201
21625965
15912650
21103295
12110715
20538732
7820419
18372962
12895609
19614759
17032860
20373339
18631924
12006279
9100739
7771011
11553939
8962557
20929382
7862972
9282269
17896405
15576006
19197824
20672937
17695689
17569980
10513775
10344431
20961580
20677992
11137830
16059768
17896411
12714228
20799017
18279616
21618151
10431868
18670375
11162977
21181172
7480697
12022996
12095974
10870928
17903872
14627513
8688306
21477965
12820043
18949959
19006259
16567673
21422914
14727961
15306112
15696253
17531646
18469637
17629870
18929794
11373223
1394366
1992640
8201686
16091530
10093840
15472583
12468059
18499793
12656557
16462622
19502174
10876218
19238047
20557168
20306317
10501899
11231400
9504900
19174319
21388240
17675612
12141141
19530580
17555902
14605107
16703437
11473332
10645028
21326746
9756576
15278029
7489597
8672760
12576848
16323393
9486903
10198735
19251009
8454157
21894057
16371528
10397119
20003966
20934655
12870261
10319629
17582496
16564873
16509476
10350248
18404000
7538682
21667055
22050060
11525530
12002296
16816448
17383456
21492045
3618422
21215582
9589102
10616259
12512922
17306138
15760864
18085682
15566681
20591685
17934571
11763952
1477860
10693629
12053322
20093309
19471992
11867107
21228945
18341942
20554978
18832941
12070725
10520786
20670535
9473541
20006263
18299200
8798127
16564884
21684467
17494844
15551254
19936762
20590422
15545510
8224688
7972762
10540368
17151769
17926089
10898417
18349448
17196440
9885866
21816916
16707962
10388886
12479523
20028931
11707747
20235209
11856093
12636096
17479034
16913448
21821252
15287455
18256554
9560118
11802127
18695552
7801859
14974369
12510457
16399295
18929792
18728513
16413328
12669139
9609898
15695141
8501781
19808722
10954281
19427426
7179639
15015606
20037861
11928571
15587561
10782786
12946735
19546080
8722856
20678385
20801682
15619311
18489934
10357478
20388019
18941097
16261429
11835638
1386259
16685926
21930490
18251965
20579991
20642611
21778241
17643712
17056916
8615580
19635046
17291792
16001139
11586195
19360324
9924890
15669801
9287229
17482911
3903218
8248590
20617931
16296350
12057146
20850090
21860709
1959412
20509899
10602971
10668781
16427833
15597662
16292197
18574417
10377079
9242747
18288737
9799207
21223480
9142155
20569571
7473937
8989073
16678691
8205856
20961774
11553832
11200349
7868933
10764720
21937239
10401855
9732426
17877600
9929021
17703396
15513347
8773988
15865534
10987027
12881037
20620281
15678460
14579846
17630670
19237261
16886499
19109837
8898650
11178715
19595032
19035728
12847197
10768224
12856743
9129637
15930994
16781230
11464629
14632359
20663332
19625903
10928504
12738397
20538827
10416110
9834370
17704867
20299630
19407433
8721692
11323483
15682731
21990588
15075989
20380275
19749216
17021444
10878624
15814939
16944120
11003412
16684808
21440774
16820621
10102123
15635212
15156955
1633038
9362400
16565791
9055132
9068458
12618935
21533934
11450963
8976350
11565045
19725286
10501708
17992303
16315890
11775762
14550462
11357983
8717672
16970276
12223011
21331126
19662967
7754937
12854739
20927521
9247554
17538134
21785159
17968619
1883595
18325303
19455089
14528225
21331140
17411758
18177241
20822390
21799038
21515075
21123984
16892694
12050297
15126657
21857463
19191858
10795548
11785439
11074200
12096272
9184294
11023567
18719507
19234498
9386156
16327041
22111683
10656900
16242480
8850671
11284481
17651834
18617588
11057454
10348142
2746744
20617087
16564874
18636664
17115290
10030774
11932372
15867437
18436616
10534694
17929021
12427407
14746715
18649060
8756928
12109827
20656288
19935599
18557881
8559317
8106801
19695504
21293882
12171981
20062627
17258558
20464267
16437371
11691533
14727962
17377178
16442388
10650259
9007793
8405869
11293445
12384766
21360255
12133376
11099239
14872116
20308176
16105872
18061595
18954511
10207494
21298382
16301905
11948892
12932179
19089970
21224923
10075377
15681907
11856689
10579132
18023558
11213042
10842156
12218990
17032857
9393156
18324407
21816920
19814699
10388500
17377315
17592429
16506945
15364321
21852378
18670024
11793499
20883868
19880835
15382311
18574278
20717512
22010191
17045011
16883351
11200356
10343215
11443409
20685073
15364778
7549083
8087830
16572307
18952463
17937936
17784867
12893321
20006196
10827230
11704194
11972273
21615320
12801040
20406238
11263004
11835041
17885249
1939956
21248457
11753803
17533547
9583007
1508631
12466252
17206429
11127457
15942303
10470468
10467192
18081175
9387038
11963202
11007244
16171589
17192944
15725040
20030796
17945304
9198153
22000276
8768916
12404053
19801911
17290030
15520924
18235078
9745937
20858819
8465233
16574515
11565885
10724504
11376254
9840045
10715336
21326803
20440498
19705074
15571019
20869918
18607138
11788699
15467599
19917334
8635704
20976849
17253137
20213830
19497505
10458474
16517777
15882157
12208402
15117037
21354924
20831830
9149191
16006688
17763385
17283316
7568818
10515342
21382835
15982603
15065140
9556287
11285596
15692113
8430980
18821189
20858370
18031927
8365275
9641690
20691323
21906707
22071835
17514391
19934961
19660205
17592286
7154167
8755074
17324410
20671060
16328694
8761810
11388994
14722861
10587712
10536316
15171957
15906035
20658453
17167791
8950968
10215277
19554634
19231382
15709141
15452696
1462901
16733907
12034938
16784647
11022900
20033690
12533645
18359179
11361547
17224863
19747177
17450494
17389171
9819625
12932185
19327417
7504608
17542539
15031976
8416559
9396848
11156075
9468411
8280996
1535478
21701613
11566678
18239024
8633162
12431148
18310234
15947043
15854484
15661721
19924409
20800780
9676792
16868162
16145291
17159736
21603134
9869173
18628630
16151060
18297459
18375310
21655973
21686776
9398106
15168244
11999655
21302200
12754035
20172744
12616421
15913937
7618811
19210243
20864079
19529903
15715452
18936357
16386580
19997785
10392944
17044808
19090631
11566249
19926418
8730184
15729253
16508819
16805329
20889299
17327557
1380447
15123090
16614146
10209833
7941917
18295268
16802268
14709688
18480661
20581317
20691608
11346824
21797763
7892457
10972553
12643376
19944984
18036941
9201468
10745616
10720965
20058008
16473807
16247150
11959722
9313608
16817912
8406163
10030091
20920935
16448363
19595038
21821994
8633518
21776305
16012450
16847385
11425988
10625722
21283543
17400315
19651677
9551592
16828437
2171054
12872088
18524519
20152558
11689718
8694955
9314979
15070124
1642223
16197833
16111067
12105375
10094987
18333838
21237416
9013167
12809824
17569977
12087197
19538062
16143235
20019111
15529914
12559534
19213399
1371362
1834335
17460508
17704890
10874975
19763522
19904701
18076928
10745446
19157899
8553270
1488295
16897285
6840105
21314722
19328021
20458763
17200866
9823793
16628680
7538681
21533867
21351225
15230760
12147828
8677925
21798816
16959720
7579857
3943703
10704626
16152774
15529920
21756278
7856979
10527443
20424540
12607787
10834637
16294146
9749843
16877793
12240783
15848643
19551432
8917292
11978234
10705025
14732618
17699133
11508290
21678240
21592460
1395389
21756178
9384409
11247697
19892533
16528928
20537913
14580292
16274005
12110020
18830004
17318463
17525006
15067627
21163112
12694096
19500743
16315965
19620456
12556747
17192736
18708226
15068949
21517921
16414382
14683536
19946488
19339200
8496517
16996343
1627454
15980744
17850208
11565861
11097126
20140833
12751927
12422089
19191778
16230150
11051428
15450595
16885069
3168950
20688012
21531531
15170712
15990824
1280177
8816537
18607166
11023566
9057527
9884378
8858899
15680128
16324318
12650419
22023948
16780063
20209402
9096928
21499154
2243992
19405155
19190600
16816452
1636029
11265076
17494649
10701540
15373649
9583875
19616971
10358391
11773694
11438787
19758945
9841680
17288122
16754149
19467830
16111965
9840714
17031728
15758926
8921774
21991527
20954563
12112928
21146655
20678379
10693712
10155368
18606468
10776875
18321249
19324165
9490948
17589932
21063858
15142330
10598252
11707963
21103301
17380662
8798138
19534334
17394150
18327835
20884238
9798771
10980207
19028226
10915708
9925389
18798241
16527703
15346205
17122886
7519523
18091700
21338398
19213948
10414484
21247730
21722784
15567773
11868101
20162284
21994104
10855413
19225253
11533595
20198311
10385724
9950988
12607256
10928503
11385149
16094060
16650540
7987044
20590539
17990603
15274159
12422099
19111700
19552061
14717522
10441984
8685138
16385833
12207185
16260555
11890443
17195203
18804937
18295701
18930276
17393669
10350277
9393155
19721705
12491022
20887425
10668541
20688533
19109840
11564385
18807184
11747180
11922729
21463793
10658704
7538058
20537493
17410703
20506213
10155243
10625794
21084246
15050499
18992045
16928171
16202113
14736007
21474844
21899124
21784379
21814596
17621010
9280273
2949002
11902709
21160694
9399749
21708322
21098206
14712409
10208201
19707192
18923246
17353331
12902557
22021547
12384646
9491493
14557357
21971926
19440568
18375475
18023085
18319687
8421765
9017767
21785058
18162911
17112213
9152906
10069607
18430621
8511298
18503914
8842845
18440465
17252299
17437974
16939520
19404126
15185112
20390276
21393000
17670386
19301044
17533532
9638449
20087287
1932165
8730341
8134566
9266646
9308109
16918273
15288288
18295121
9618099
18814112
20737156
19755243
11295765
18725102
11186931
18072059
21586341
15064340
10980354
9186321
19695503
19715412
9671240
19691766
17909883
11427852
15290517
12943879
17139676
22093634
9179476
20617419
1571993
12844085
8280995
21590466
10745586
10988182
14722540
8830928
21074796
19768500
18312761
19786236
17297011
12680984
9618102
20658449
16338296
1413364
12171983
15215483
16891080
10193614
21607038
15709878
1617714
21977384
21224693
16904554
20598850
12925093
17447511
8536897
7772813
12228040
10990564
14515675
18255347
9743169
20964596
9779064
18716078
9399477
2014292
11232971
7717316
16415137
17130946
8459072
11167637
9152914
11922511
18845455
17067990
17244127
15304660
20591442
15897444
9768719
9025039
2367646
8721580
11162706
20152561
20823392
12142970
16864669
20347679
21585178
18212683
17474082
15521443
20977825
11463805
21532177
20607252
19632537
15940068
17963892
10924576
15383485
17763678
17123764
19963241
12431153
12188941
16360461
19211268
11108691
19640521
11090392
11522978
12439375
7647431
16517778
9244213
21276690
17238858
10598705
1535441
17538131
15389239
8797444
19657308
17468704
20879019
11095085
12447296
20421523
1509075
20533444
12797610
9128995
21606277
20111647
1507334
19679335
11573862
19695768
16447481
11294812
14602313
20707660
17969336
22118006
9779032
17538488
15123093
10095000
14608131
20044506
15696038
20646573
20576042
20178007
16228808
10745529
17349368
16373284
10889131
10716387
12145597
16822362
19655195
2916805
20537557
15150566
14745396
18533990
20191059
9134847
19555561
10888047
17022375
10159513
10435714
12761309
17398183
11108677
16160529
15202054
16172727
14551283
21098180
16997502
11078267
21562830
7933446
12025916
16760765
21585632
11054616
8638016
20680904
21940566
19752823
15211968
17494650
18725099
11075740
21954747
18294036
18538172
16670490
10806859
17436035
16924170
16755530
12556780
12808336
19286178
9769821
1724613
16451257
7544921
19233596
15734443
10657409
15824645
21567349
9885588
15064338
15237455
15090350
20364555
1529836
12886669
15178716
16275190
21373323
20537639
18854797
21111366
16292092
15770390
7873863
8796720
18941104
8804786
19296113
17450446
11571679
21967318
18663694
10976248
15947045
20368019
19585072
20575695
21252783
12703368
15255266
19325066
21484682
2521397
19945781
19570632
19201638
8701907
9240315
9202589
19543785
10735670
14752599
18372147
19632389
21160744
14661133
11505279
16481280
8609355
21392618
21170555
18574019
14663644
15488814
14528208
14652566
12521632
20861063
18086427
21571780
14999211
15997224
21828393
21273148
10928499
18950261
9751333
14718837
20430849
10745601
16219843
16799272
20432203
15754107
21703670
7642863
18851923
18837459
20123331
18589143
16616217
9378211
7615229
20487628
17704494
16810591
11907742
2923512
9117917
7803417
12777866
10091019
10997464
15669796
19017922
17725940
20347546
15498900
22087365
17725956
21734372
20525708
8837821
11122863
11012420
17492789
20970824
9716200
17010014
12846523
9351039
8640989
17107370
12447312
19732297
17327551
18004968
19787803
20729689
9428201
10966707
11992061
12218974
12450596
16283574
11556391
11404130
18692345
14994732
19577742
8294685
12055719
16908571
15760860
18825710
15605006
19175535
1797224
9134841
18236105
15951406
20585281
9367113
10650253
15931483
21649728
16328692
11782687
17373396
17643714
9564901
19635042
10468521
21256755
18207353
10507373
9817452
10363612
12075389
11142124
19198007
17287698
19482259
16774179
16498035
19335333
10352008
17703833
21990810
12014720
18471723
19635624
12118954
16488708
18412081
9618097
21455872
18225971
16490896
8210386
12624005
8041414
19729536
17268051
1413349
12629371
11681229
16213348
19667240
21197155
20644963
11431910
15848633
8771419
12130461
12814923
11028470
14604309
14981452
17937962
1537128
12082196
12010094
18823794
20737260
9623303
19642197
19097806
10878621
20353467
21393399
18682673
20022213
12736471
10385150
14678814
19555886
11802149
14603206
17626657
14744976
17380665
20811293
9853160
11419889
18440181
20331828
1957244
21523697
14670025
21298481
2775364
15163820
21241862
21891995
17211694
21745775
12714226
16927917
8751844
10782788
8227389
20153661
10922431
15895383
21559998
16832141
13679259
17320689
19650017
18355493
15632883
19467141
19005870
9399465
9736353
9400466
9423705
15466341
21757372
16517281
21989279
18523778
10831681
14723574
12053681
12203936
18078432
7598622
11013972
14699180
16679085
21584425
19028115
9168418
20800493
11698629
8141952
14560220
16129243
18226136
18057288
9293823
9091256
10877419
21704816
12612504
19616682
20308445
15626224
16714851
8429635
18372024
19449059
17488965
18641088
19460551
15597748
19826629
11720613
14501703
17235447
9400431
18728612
10359358
16374084
19046039
21685174
12686808
14699873
21718860
9232568
18250638
19132234
10319005
9754893
10745430
19764086
8164286
11773919
14753307
8853586
17710479
17494648
18371136
7579217
16126922
20820811
11246256
9769827
12832986
17495059
20888773
10049414
15814940
17609449
21244774
9101151
8613600
19238867
2339937
12096856
15760862
18349107
20360342
12618680
16709452
10922104
16897286
17617887
19863411
11420846
20663396
19934972
10752249
17112214
17218215
12738462
10435702
21785808
16231567
19744966
11579350
20412484
9731836
8942561
21566010
11756701
11040014
10957665
19437002
17911521
16412069
15125782
17222325
18477734
2014291
21862781
21301359
7988825
9857865
10094986
15224307
16119808
15361571
17628380
15640412
20078894
10541614
10415217
16849024
16996335
15286322
1423394
8857134
9738329
20653354
16894251
12894364
18421037
18286503
8475305
15199355
15791364
19859771
12166839
12877801
18687744
16481049
18654014
17080219
10785671
21603176
19375088
8677118
21277799
10332461
10844341
19350116
1838629
15231885
17609442
11474392
11995462
10443214
15460850
15950231
7609182
17600114
14605111
8498296
11798608
20493483
9619182
11466811
15318894
11471619
21852376
8795519
18389451
19877248
17663391
16902176
17197707
19198823
21103290
19542381
9255530
15842968
20700595
20664176
15491688
14735348
18029894
21976872
11804978
21160763
8052709
21350603
15540929
19730951
18658032
12575964
15672058
21297140
9579810
15827827
9521334
21168194
11152830
10210393
12653072
15313704
9488549
7634314
2970098
16815178
17597412
9114109
18465540
18363064
18516017
20017920
21792799
9259164
12832171
11770916
18096830
9408632
11287721
11154487
9866773
20619988
21427310
18772750
11025921
18375302
16456604
10546735
12058790
17882441
11526276
16798174
14605318
21229678
7865390
21835582
8210387
17391625
16545753
8841008
15605003
21436335
12434652
14704109
15271243
11759241
16635383
11287541
21493212
10932657
19096668
16733073
10527333
15653015
8662168
18806161
18650198
20214228
20842897
8184051
8176594
17932887
18046599
15975338
16111947
11042645
11207080
11728249
21557717
20678403
1987589
19408080
19452488
10481849
20979912
7712968
17392253
21299153
19560750
20112114
19495871
12641023
7829140
20737313
15625588
19583617
8998390
16334798
18833869
20884433
11052843
11923795
21417936
7773999
11053713
12053298
18594824
9454487
10931801
18003992
18834797
8840211
7976930
17884618
18270875
17385391
9423673
11206013
15298510
19179988
19687026
22032054
17038293
21651618
9225893
21911138
11928034
18755603
19770295
19104793
17826774
11096150
10466618
16528559
9798858
9540883
20425546
19332854
11284978
19664030
17989371
8186781
11231392
19028326
16502169
11700475
9853144
10235353
15672053
20305509
20942685
11029720
14691442
17608947
9174881
9512280
8770485
8387804
17191237
12509113
19683296
12631641
21855868
12838220
7506240
20693948
15472598
15007918
19244227
10159753
1713406
15379621
10478242
7729034
12749745
21175977
12635516
9211774
1634674
17419225
11972220
12484082
21493699
15947327
11458758
17660034
18463923
10781753
16649248
9363151
7997560
14561608
12440187
15715453
19246037
12096951
9462572
18440464
17112864
19182080
8161899
20688535
15659899
20338132
1532111
11389008
18580791
16045572
9007796
14728074
15165911
20951833
9746165
16567488
17516350
12407558
2134032
22085241
12822444
12959449
10498132
14603415
16952286
17950788
11083208
17904978
15836709
17912184
21331116
17531642
9007807
12042992
11139083
20587243
11961635
15071429
16628691
19703746
3811063
15458683
18028920
11490797
20145599
19010057
20031704
15068940
11451814
9354710
19387604
7957398
2522960
15926722
21430591
12952852
20628195
9242775
20976442
14561601
9731817
9008463
9180113
11766071
20567871
11894210
9322836
16875314
18024939
11912947
21354823
17499298
21486628
14999195
11306367
16754184
20541349
10731895
10626961
16426128
12768903
12427408
17327569
11938322
12397118
10215278
19156885
19838975
15019921
10724797
19000123
15053176
11331847
18389314
11409803
20721698
11816734
16929887
15760863
16820271
20187217
15669795
18042014
19173154
19211311
21981815
21568695
12875757
8430568
11235693
8889383
21274666
20919917
9649240
10928517
16483347
19691736
15164283
16128952
9786403
12917140
21106392
20883848
11780302
16571198
10343214
21326739
8409319
15944605
20836717
18057289
16527997
20551739
9566070
7474484
17546400
16926084
10584656
15361567
2353690
14533962
18223094
22094159
10897829
12202707
15202052
20119913
16307935
20030581
11060565
9774123
9240678
19414832
7577120
8886065
19734624
20179612
10581136
18058578
18004109
10931613
21172481
18068437
17031405
11287504
15361560
21872792
20533606
20673455
11523014
17334861
16284703
18276101
19624073
16111953
20092848
19777281
21786063
2299709
12502216
12576806
9540904
16913445
20628284
12779037
8964227
11597533
12555017
16302609
15919329
16563996
11552331
18971582
10939501
17896892
19168153
8054739
19906547
10701320
19496129
21752274
11875085
15981954
12601202
11818933
20703837
21326531
20889302
16319162
10903258
20827381
10842380
15231887
11389219
16968667
17516352
11520733
21620611
10904444
16377330
18281812
18221881
17406815
20062919
16687560
12812954
10533295
19340743
20546732
10202060
14695388
8552824
11930051
8797986
15735811
8905366
16842523
15622593
10928528
16859934
10593793
16264206
18759575
21059417
21139182
18221555
16221902
2373812
20177092
16675228
10876749
18484889
8307432
6189275
7873856
18639269
20924767
8874925
11025832
20438890
10091828
21126657
15245924
19807857
11788896
21252015
11545124
8795482
18663521
17235419
16532709
7604469
16869382
17031654
21673087
16405938
19406965
21167516
12184908
20971287
16518354
15105508
15958290
15090346
17950827
9399466
10751780
17070375
18341946
10834489
7741850
15126662
10955870
16412850
9754770
11733313
17439590
19473615
7683908
17137857
12731430
8905064
20964114
7834731
19591167
20594523
9738266
7541659
19942702
15823075
19836746
11529374
7497514
17387489
1765723
21476861
20676768
16891889
19671342
11287722
12225711
19508821
15083082
12745860
12665763
17261396
7632557
20193363
10893133
11115905
15770366
18956224
16997172
19021830
19755283
8221880
19758943
2958175
15783099
20347691
16002504
12218821
18482757
22115214
9509225
19148506
14739852
19258186
11729371
17055880
11742906
18042016
11917441
16910007
10839267
19167177
10206171
10429707
20859908
16822446
9844668
10446434
9632864
18827413
7865393
10673529
19789235
8061668
17100702
18685803
11039358
12126220
15786752
18727716
9047051
20488331
16371539
11400696
10357487
16010516
20019113
12042989
15711312
16293951
11568548
9759636
11533613
11153747
16781233
19502176
8628867
10207808
15160533
21373939
9888050
20210650
17911510
18436611
20557804
19932264
12657381
17495276
9643685
1615806
17572994
8469485
19080263
17945227
12050303
18693048
21827621
21519178
16817051
17190756
19184193
21117251
11901037
9786400
16219841
19533558
11452528
8541180
18294511
16856032
11446754
2027978
18580803
10835737
10744807
21996219
17469416
18250017
12231562
8481575
18095019
18818093
8993238
19631290
19670046
7877235
12173785
15904603
17509347
12778787
9895260
9611987
9892591
20808692
11995450
9393517
18971039
15929192
18645057
9122381
20602139
20345550
9142722
16399308
10745499
20074159
1634668
21769220
10520791
16608016
11230644
16046992
17102044
16034686
19396586
12934525
10751502
7617844
8974814
17912192
8541679
12383374
20963405
21366507
18651357
19589789
15746748
20796163
10073851
8411473
18375292
9286540
20003970
15500894
17268036
21470603
20656225
20459356
2399327
21191431
12877596
16284141
15017194
17048236
20644961
10673303
17222666
1711994
18482659
10150955
17556877
3363130
18383151
16913551
10783217
10433868
10496713
16489576
19942699
20549686
16842042
15469413
16813802
9457194
19453830
16633769
17919628
21839435
14619999
16476606
11066103
17252295
19576717
10604886
21067844
15131536
11147902
12686333
10773124
18177237
15353822
17351955
11552383
11487673
15525741
16958397
7539606
18953253
9213027
21527573
7530951
10615192
18855283
14522478
17937944
17484826
11214746
19299491
8787493
20729456
19604557
8489840
12623332
7771437
10102201
20593287
21453351
15062198
11077874
19669677
21386641
15673316
18027044
11990647
7522497
18380766
1451256
9600512
12891604
9000348
17639873
19857740
15824953
11414152
10083769
11349613
2041863
2137633
21826542
11890453
21160686
9543520
10502179
7550263
20814055
7944033
10693719
18004621
19685001
15174905
18574926
15164246
14597926
18566868
20035404
9169699
2953365
21104666
20087170
17296701
10740144
9546925
9014471
8781794
9486624
12373049
19028235
16521189
9824018
12010104
18778911
2335299
15650037
16687753
10769088
9558944
8719455
21224949
19472003
10882955
16611760
17963881
17532387
11906861
15640405
12932147
11788695
16547709
7526414
14522498
12064571
20730376
15794105
14558966
11287534
17643698
16532491
10735426
16927110
10644112
18572116
20036146
10470464
17947940
19183976
19114208
15343139
16091991
19301070
9168397
11110546
17426543
10637146
17671041
9417272
15529946
11922473
10924577
19238641
20142194
21693245
16107086
21507272
1702038
11088021
8304645
18670837
19215209
9068159
12748108
15224618
16099689
10212497
21914397
17228146
19194745
21135551
16835799
21684461
9114773
10418182
21129907
19694568
16724898
20421557
11740645
10957671
9861519
21610389
9013910
20448417
8585481
4046076
17335417
18372149
11316147
18278682
11518370
7863317
10481319
15864244
9861658
14517936
9077729
19217352
15616120
10551969
15818206
20670539
12668854
11232182
19851253
18679396
19150147
10834497
19038422
10461115
11074795
21853069
17297189
20615145
2151969
19216954
10933331
18256373
19009481
10872484
15464320
1722113
15651362
18401676
19787398
1834338
16774820
9270927
15891189
16247205
21463760
15590803
15610314
12624672
15735947
21524048
18922677
20667238
11835640
9049121
15966181
10751480
16739707
11182388
18683711
21497845
20569637
20333383
17330269
12818754
16299791
18504590
18307380
17492537
14733707
9473546
18431334
19807850
9666696
19447196
21103873
18702031
15671353
9869726
9314368
21545070
7540442
18365816
19083348
21510288
8518830
21868463
20855066
8951749
19946482
21636814
9362398
10985625
15830291
19669831
17725950
10947630
18524644
1927947
1571990
16109576
17138114
12629861
1627894
1712500
16999278
21095164
9720677
7903684
18656015
12491016
9688805
21670718
17488181
15136062
16447197
17225973
10332431
15942152
11443410
19360546
17450034
18027045
19699353
12133055
9498258
18393952
17090715
17508243
19333650
8421737
18341947
16208117
14689219
8539359
2335837
11379653
9824010
8571911
18814081
7742252
15282416
21689816
9270100
17084200
8722852
18624817
19687707
8131163
11990823
16106139
16498285
9247244
16724904
20673454
19703867
20890057
15864475
10527199
10209835
17077041
7978681
10487271
19688367
17299295
18404695
20853358
15143886
16586239
14521034
17352522
21170659
8517329
16863789
11272363
17630674
20465940
16697855
17458601
18726598
15486402
10933348
10817424
21704991
16361159
15683034
20883850
15680802
20458585
9244756
19719445
17981248
12166806
10689886
17380667
19834391
20404691
20958134
16005497
2210197
16888414
16427942
17697815
12075390
17233402
14743148
3263767
21623335
12525937
11997550
18266797
18434183
16679656
19688861
20465934
11951102
16520165
12833730
15930991
14722561
12695814
11427850
15764893
21334127
19064265
11179274
15649717
18942131
14619510
11148989
19595319
19560696
14760331
10751772
18295704
9069142
7529118
21876515
18000633
12744375
11435860
8451428
17349360
16222382
7525075
7497499
15951146
21264512
11135171
15971171
16487833
9384390
17377041
17451147
8983682
19279273
11292188
12068202
12244430
15557944
21443088
8915076
17703391
21764328
12085032
12110093
8761875
14967064
18274845
17223418
21451396
12552535
1716179
17893214
19481654
20670549
10391354
20840820
1385060
12163943
10890972
8934162
17899279
15764786
11413995
12375198
11775520
20431778
10101362
12749245
10872526
15788048
17639098
19077655
12552496
12003425
21440775
11018195
20586162
9807559
18328844
15050483
11883833
9314373
18625147
11296053
18753075
17510464
18721946
19588151
8006287
8264033
19585727
7862973
19308072
10496700
10388851
7930240
16508795
10650254
19816696
16369216
19892051
21505714
8701885
18342924
19933663
9851955
15333335
19453021
10930821
12515744
12582190
11340148
11581136
21515073
10680043
11276486
21422386
21150755
10429692
15235239
11220470
16171608
21840225
21978871
9692642
15796397
11868008
16598445
21524959
17969305
20031706
20569556
15353821
19891907
11808972
20682240
19579609
18807942
20223846
1834248
15497002
9764708
17950563
8141081
19013590
19386565
11534403
11979524
15127643
15390248
7805236
20578187
8943458
19218717
19957171
18283073
20679936
12040346
15760861
19427245
20444404
18515650
8637981
12892037
21349967
14562977
10745583
10405739
14654487
8075570
21228946
19660375
12744365
16954575
11193123
17509348
11521099
18580804
21457084
12934523
8668775
18419213
9423671
19251718
18651361
8331933
21184226
9136787
11230645
11425978
16796015
15732839
20699197
3596979
8777206
12899330
21487978
17696223
20465898
17112865
17349883
18178400
20535579
2544256
12967820
9633959
21414787
9396639
9930222
16938235
19033276
20889301
16156292
15160534
10787209
11815846
19231933
7542431
9626829
17217486
17682627
14769766
19309709
19059151
8719383
19243270
17062633
15973549
7545639
15891263
22075358
10850603
10591260
21788992
15581955
14658530
12068340
10693722
18315594
19178632
19842231
17574170
494458
9244068
17705759
20123205
15838475
8191357
10893140
21721425
11376250
21771373
11742011
12612726
19909680
10763944
15483352
15828462
19961522
9283525
19077197
11491261
10834641
19395276
16996415
21684462
15157292
15715502
21295641
8688239
20692792
9485247
11685184
11349490
21360425
1722799
17466202
11588315
19226337
15225380
9258473
9866770
11174817
16775290
15602638
19011182
17925915
12007692
20651323
14552489
19182291
15502506
11176385
9822470
19633407
21612778
9271646
10540587
12798565
8290722
9408615
7509486
17703295
18349316
12021223
8709338
20205050
17084243
9042177
12491833
18338955
11253086
19249958
16397767
15886947
18786110
20566117
11846923
11901435
10588199
17698546
20066829
2369200
21494531
2040045
19277620
10359201
17515367
9619381
10069911
20234349
9363302
16516076
20018320
15590798
8676400
17076365
8773970
7820838
21241438
15227692
9771391
9852446
19042184
20632105
10051292
18458484
11293867
1809486
15942731
7513561
21556908
14766994
8161086
18802208
16922911
9113012
17990029
9081088
11023565
18523847
9856228
11398035
8237767
21801996
18218333
9576153
16843753
10765398
9083983
16754213
12549951
9239429
18042011
15057157
12736702
12018879
19859722
12050299
21616239
18341953
18494049
15830289
17604761
10672617
21430937
17765475
18574020
20191067
11854130
7504561
16650553
9353476
21675586
10655766
16105927
12877623
17377180
2604635
18721509
11805896
21963821
15055332
20137483
21136215
19218715
12005249
20980168
11474391
19700208
20529976
19266610
17144861
15973096
9384408
9527080
3773088
17297193
8678198
12428464
18987400
11558021
21530344
11283419
17140900
18609523
16086710
20360343
9544954
19698305
12229910
11956117
11099994
20855752
22113766
1511655
9170855
17638560
19542421
12795162
18167427
18296553
9096945
20679932
13678914
12148848
9302066
10569651
12576804
12169482
10357480
11733396
17242243
7637118
18855047
9684836
18845451
8618306
16108739
16208111
9719332
19773748
17390951
19473067
7521091
20633882
22065910
12838219
9403611
21331121
11677946
9929142
16386683
15770139
18414931
11077484
15302755
9685136
21711136
11058659
17151898
10491372
8061028
19390054
14665937
19756881
20201636
16424248
12170409
15274160
9636728
20881899
7533012
14606103
18810780
20393810
9334457
17057007
15952218
18830204
11773693
12096944
11387616
16650544
20719533
12817038
9416387
12766747
20034941
16938169
12190673
11570785
9684143
18290733
19539918
21529198
19080665
20368072
12761314
21994292
18007560
7574992
9111663
20976484
17989370
11066125
14619205
19240561
10618564
10501888
19772804
17033776
22059169
19333756
18286550
15492662
21990620
9393531
18294032
18549945
15812404
20632189
20191272
9311059
20035502
21839962
11316165
10357491
17341853
19705182
8153327
21814591
1509057
19655277
15669802
10918001
18261538
9015055
11558855
19342544
19723691
17338620
15472671
10414182
9540876
14528724
10506886
19106517
10805878
9013907
11742919
19822497
21378349
18192464
11083209
19039048
21722848
18155427
17659422
8076917
14714140
19170387
8810713
10855121
15868255
14661354
10150957
14605078
16575290
9133136
21480790
8541680
19328725
16819775
16381366
16454831
21976432
3763891
10551685
17981247
11426750
10389443
16184328
14986514
17131115
19908091
20616327
17591476
17413246
17356934
8205681
20673603
3656518
20629566
9350926
16002502
11951101
16528184
17369989
7980258
15605010
20013335
15585987
21571776
15061180
