6475836
20189157
18707779
17420797
19563362
21497305
20087735
18486434
18488919
17554978
12436681
20605820
18765075
20508769
16749326
20977996
19706931
20190633
18392390
20195267
17237229
20627624
18790504
22073853
20666280
22086519
19828290
21235467
21187707
16132245
20117439
18281230
20967964
20223408
12555507
19358948
19492036
7399504
18801721
21526321
21305491
12744049
18846910
18651008
20739768
21105893
16598532
19144419
17290097
19854581
19939595
21601856
18328092
18094670
18755755
20062645
18225436
19686084
21771988
21517751
19654555
1437308
20693546
