19033698
21319518
16939385
16979839
19336010
15176002
18560952
11740803
21147868
16566359
20709813
16858179
21165996
15784216
18931581
14689066
17661137
18644105
21830406
19696983
18082353
18070698
12108896
20569296
17633870
19248972
16515434
20026889
20431307
12484066
20957137
15893029
15107948
15188669
19079627
21220136
12949790
18787354
19694363
17540303
21029701
20333385
21645124
18028988
17080234
21735750
19943565
20407930
21140455
18799897
19366444
16969028
15046685
20799041
18942073
19546608
14585225
21343382
16763282
12057165
16266874
19031130
21319046
18405406
21805039
17017677
21685235
16549824
19476200
19762156
19952716
16550259
19675725
12528772
20110784
21802334
17145582
17575672
20238327
16136600
20139758
21929800
19248975
19635106
20011313
17993229
17545801
19897535
19260254
20345334
20465813
20504363
18971836
19918289
19536994
19770385
16632440
19789313
17550456
18701764
18417686
20810057
21109965
20060718
21493184
15265951
21109724
17018739
18607592
15032719
19567207
21040362
17822557
20509859
19629393
17554495
17848197
19080740
19917840
15446563
20585874
21694726
19139124
14747457
18413752
19101405
16641256
20561781
19847285
17359292
21490839
16303861
21321422
19468233
19652577
19102424
15900603
16224411
14760675
11125287
20439456
21245865
21086937
20187095
21224566
15168107
18377195
17624289
19033699
20118980
21224641
18838438
18245010
17610336
21115921
19360154
19707318
19707305
18616207
16794237
19010265
16334774
17575668
19373942
20131998
20138539
17428169
18683023
15663275
17214346
16710031
10864214
12528775
21688472
20194851
21836657
19628568
17907898
17211362
17509258
16957966
21812503
21784637
18418211
12955579
19060842
20026806
18622915
20967481
17981429
12894716
12531453
18073221
20202990
21368500
18344537
20603435
20615823
20076908
21729675
18000804
18055847
19483741
17453242
20870917
17560988
12453333
21036753
21496448
19283922
21197741
16723820
19379907
17081754
21932185
20063363
20379051
19272232
20167564
21128251
17343077
18333115
11524552
19186235
21384115
19335275
19103557
20976730
15309514
18672547
20210249
17935270
20073618
16430398
19771279
17391535
19004567
19332731
16947041
18855638
21996970
15142630
18483797
17072721
16803532
15587893
21625183
19802531
21772112
16332965
20037353
21132144
18940745
19481373
16900856
20308671
17625442
19942479
19968734
16476837
18931562
20087056
19381048
21421145
15648083
16282731
19222892
14675690
20575602
20930018
18690096
18408445
12424067
21141090
18452195
16357454
19944196
17102120
15895440
17253163
17482300
21071308
20009469
17139461
16988542
21185664
20133257
19916733
19828033
21937191
18521337
21160806
15276177
17726861
16763273
19028347
15221987
21834475
22102971
21751967
17212133
19620796
16618381
17925554
15797301
17202828
20957481
17470686
21955928
21069578
17565257
18289826
20607679
21990576
17462285
14605627
17438095
20870918
21464155
16952044
21827413
18650162
21975333
21566430
15946127
20181021
17075323
16764747
15508453
21231780
20087043
19465349
17178293
19259308
21084819
19920100
20557270
17929119
20603440
17515572
19213398
15332547
17430686
16291174
20009472
16166919
19080129
20463547
18666464
21569995
17390197
17876156
11260109
20437875
17596748
19539273
21843921
18825412
11975393
20947481
20512492
15939196
18664259
21788566
18644194
22043050
15101081
17178291
16952848
21538470
20564395
16194454
19669638
18535834
18525320
20473908
16796791
19033700
17109101
20084799
16487996
12897659
20078321
21847344
20845798
19562456
20037419
20943624
21570567
12912938
19296251
20210247
20724445
15522557
16703880
17147087
18922700
17551492
18501066
18953611
19730087
19295245
19681684
18045506
19602594
17588355
20004109
20922448
17881150
19033703
12392638
19856052
19822509
21829770
19119486
16481303
15656032
17485900
20830768
21054898
21713372
18202732
20032453
16462496
18502343
19453287
20941986
17504994
16868827
17593628
20547479
19961019
20511180
20500152
16721128
11773264
20043176
19536093
19110398
21559214
17579499
15022111
16786129
20406901
17536308
19925926
15727903
20920877
19131187
20339585
20171798
21729666
19295273
19793678
19509233
21863510
19283924
20010514
11338758
16869383
15106018
18784962
20131994
19801356
21336495
17012049
20304562
19404642
18570858
20472435
19846945
21464883
15123459
18751744
15696026
19060840
19098403
19436954
21135276
19701965
11289108
15124129
17597335
14975808
19884553
21737974
18006266
18987447
17026455
15014356
20033343
21768129
16155822
18229684
11102317
17647063
17268243
12894723
11521715
21918361
20567625
15966213
12609807
15777399
21713778
18751412
20543543
21837660
20615725
21577109
21347195
19698017
20606681
18190244
12600228
16986393
16607775
16950593
17072676
16496358
21041378
21718560
18607846
21195552
15899614
18998038
19156919
21611089
21472715
17435538
14657591
20109225
17085910
17914739
17465239
18958964
21205757
17036516
15161707
16524974
16733451
16465172
15053476
20654267
18286477
18089705
11505677
16813587
20700044
12094371
12661001
19960274
15350030
20515511
17033229
15385723
20622642
21337345
15268760
17101065
21368597
21954688
20870634
15355889
19663637
22135755
15957968
17350323
20480225
18398661
15236790
19729997
16110294
19370794
15710948
16473243
16699280
16401709
14717479
17211292
18317884
21814852
19370807
12478854
19560883
21443115
15815732
17032555
20705254
18290694
12932384
19768386
19205737
19064408
16795978
19954294
18085368
21737227
21671474
19707193
20658363
19434705
16351494
17962911
15045935
16705644
19754218
18546049
21176894
19568608
17877956
17646784
16355681
17397592
20740500
14640938
19685930
20623180
19620561
15688611
16414236
21224560
18300363
12045065
20180084
20521754
21415085
18202855
15222110
22069174
20160360
17450692
21224632
17449442
18366287
17533389
20658361
16989994
17878104
20015761
22043056
17465254
19036692
12851843
15490375
19047975
18525339
18775061
18728705
21985855
18316005
16718773
12506169
14715110
20148071
12888812
19287304
15781488
19337057
16681848
20697127
