15581045
18799033
15308009
16717293
12901975
14692031
12859861
20417871
21385851
22421368
18706197
16513534
18048643
18478917
15177491
14628081
20012354
12604417
18765523
19082596
22040950
18048823
21402714
20562316
15671523
22104159
22371319
18819904
17715389
18541900
12580969
20498386
20220063
22886072
21467546
12796373
17702093
19517473
22403059
12057042
18784101
18401416
19280591
15733948
20624784
14520855
17652060
18412149
15277270
18650161
20421541
16381626
15987013
16372489
18564225
12410573
20032121
21709639
21172893
19080234
22956528
19633054
18190471
19275507
20830768
12920827
19720916
22040995
14555307
18692224
16619583
15725078
12933584
18565291
16820921
12641616
18629842
19494352
18318563
21437572
11287973
22665936
19997960
20849386
15161340
19492163
14981103
17623954
14692090
12864940
15087031
20630823
18032975
14623919
18621615
15564735
17317835
20693777
12412295
20685492
16829481
18256835
19487385
19449194
20008620
21750117
12176876
21108851
14669284
21534873
21665463
19232434
21319009
15540902
21164064
21115860
21514634
21175313
15477214
21463107
19336654
19236716
19108785
20713879
18033324
19847680
15120938
19967494
18191993
12884817
21403427
20302768
21804629
21902298
17330837
21677482
21761431
15226328
21859568
14669291
17805064
17985437
16317737
12568307
20305324
19670913
20564631
18457260
18057867
15370217
21071270
12200353
20572041
14768402
17849425
14607749
12784659
12374669
19622591
21226671
18418219
16001994
16361636
15806480
17557672
18819894
21629637
20310049
