20687301
19254125
16637735
11029743
21092053
21982605
22135686
21323803
14989876
16448262
19835754
20230959
7634772
10783446
12730650
11251774
9117859
18353082
16940486
18650733
6159266
21752044
20480657
9407291
15506024
18807572
16886642
10336713
21258276
15179087
21146066
21142981
15043121
18546808
1612438
20466330
12593002
14687226
1403888
262167
15231140
19156913
10972640
9736375
6793677
20339715
18990995
18996033
15764941
12717468
21996638
21627023
17803175
19128568
20508948
22140663
18692778
21309859
16182919
18246995
22041628
11307233
18251643
15367183
12962201
9008995
19519788
17302927
10496039
12751296
6787414
19994619
20636724
12154769
19078894
10551071
19528154
15922993
19234437
17964474
16213108
12238809
12536542
11163591
19405831
11203556
20927424
17559531
19119574
9650880
2062520
19191792
17260163
20819131
8165448
18251610
20399289
8354731
18568222
10765780
19929956
18721343
9868940
20228978
18821962
20954417
17013280
11499763
16456688
20126902
19753526
20682017
17122930
12002830
9058996
11151345
16395549
21556242
17998778
17018487
7049055
19785809
1641461
2602711
19852597
8536082
18718362
10332364
1978503
14704618
14691563
8450079
21436852
11934186
15027778
8419881
12294250
16191381
2509586
11359481
15181717
19719736
21761392
12935415
17324156
16939019
18514432
15017299
21359245
16708508
3473356
9566133
1945815
15455548
2129621
18485528
18314405
377577
19163212
17542792
16311242
15275863
1321454
22041117
15686278
21038833
17194993
17674676
11993440
10583218
19107258
20192864
20303052
1557608
4096416
20057173
17335383
21802823
8300118
12374916
9260463
11598586
16337113
11913261
15135602
21517856
15723820
20376372
1465568
7813181
21718620
12071792
16139692
117223
16243183
21531932
17695067
12778623
16341403
9590942
18541739
12271968
19663955
21385096
8395674
12175379
16211002
6363460
10722904
21977469
20846154
2125406
19619196
3858776
16569962
16379169
20848442
7879901
16460248
21382088
18826383
22003803
15965317
16231538
11737104
19769473
22129956
16579715
17076619
2636486
22053248
16142458
9883327
18948230
16060473
19665354
19622877
19583751
18083415
3083017
19887757
4598226
15759963
18305438
20052370
17326477
21557755
11324413
19014153
21802648
11475952
8122514
9196232
8866322
16845955
15857102
8741517
20060266
11310139
16790954
3781681
17674679
15830247
9914754
18088709
9409459
17437870
10592563
21134786
18634397
21342159
19695976
10432195
17336086
6439032
8611490
12533963
20337664
12182294
16504854
15898944
15455000
8954220
20953167
8242788
17285409
21809720
17199547
15287313
2372040
10422403
8513743
9579628
16919095
21764203
6937611
20162113
15084876
20200938
15170279
18442738
10226687
14765636
19000604
10595929
7615333
10968648
20573527
3473194
12485394
2637904
12956349
3076350
7938431
3769357
20469792
20614264
21666106
16598181
6592503
2142694
9832183
15715175
8611307
19998726
17992495
11441539
22028514
18421951
15779226
21809068
21811685
19918323
18521058
2203331
20635045
8021325
17761432
21631375
20359276
18753008
3983911
12413175
20009460
20950917
12886173
10686883
21091538
20523178
18703870
15479261
7605246
8266918
9663026
17943848
20218869
16729172
9071043
19902278
2641663
17674682
21046906
19419299
15642040
20347466
7484284
21138696
20556262
3458138
19824955
15591989
16737919
7607744
11362805
12521322
3119466
12519340
20074763
16342640
20796108
2086262
12097305
18446825
20349615
20727635
20832327
8703369
19653404
21818918
17166700
16916669
15716834
17147967
6777317
11759868
16865133
12946070
19077156
21689174
21165190
16340374
1508913
21365022
8511550
16949963
1873894
15185481
10212537
2597653
21821331
1676901
18807574
18186170
12618996
20626574
19281503
18574158
15736837
20820457
16774171
292311
15522057
11828333
12139276
20144498
18065872
11077380
7674000
7677599
11794565
12512662
15626317
19419446
21365027
17904722
2260405
20136710
8089245
19803840
8598008
8549965
8913405
20922052
11528150
15549640
10431537
8908855
9452682
18080927
18989523
15747648
14435288
20809864
15715378
21752045
19081896
10738752
19556648
15641993
8302512
14560481
20863148
6830172
15965774
21277059
8934974
8026962
19922492
20006163
18678979
18423280
20098971
9740942
21133943
9554460
12118501
19024962
7509882
8891747
20666789
21561484
15619815
22125984
2381397
2580684
15856778
18602738
20681808
9151592
20637034
8007053
9439073
21614940
15842258
16669481
18983317
12528456
9446019
10418226
10774700
18246954
21180681
8545676
16886872
11625379
21495857
11370331
16617572
2151820
2064833
2345377
16519184
9018886
8507721
8618095
3849274
14600687
17618939
9181287
21069107
16358999
19090073
7760282
20949763
10128693
21753734
18028135
18419632
20658349
18485308
21143533
21779744
9117753
3459619
19410081
794686
20140163
21742358
1896805
21112526
15346752
10907428
9043729
20553126
21272043
20955941
12656871
18672699
21217626
2661000
7643438
22046813
11073068
12789965
14513593
18501105
8062808
18983316
11213976
1731488
16394701
18546852
18379451
3877533
11332704
8988588
18561804
21095979
21326843
2367817
17822481
18628644
2267050
1885932
15623065
8956469
21640862
21419308
9497707
1061808
8604957
15898387
18355594
2727632
21855809
20970963
15779187
21494387
1057232
10530172
15810977
11788810
20862411
2123310
12887346
16512093
15898940
19786944
18251943
17037715
15580129
1335497
8210797
2639799
16426502
12078185
1066974
19220531
18678976
19723942
16149387
16865850
19246966
1699192
21142982
21624132
20443798
15920450
8488671
18447663
11022145
11111313
8312069
1362675
21320168
21303563
9381463
10472549
17982545
3928851
9174860
10964059
14513586
11360322
19626737
12966482
10371922
42977
7672849
18454911
15908098
11908352
18705509
20472893
17445849
20369094
16173388
21558787
17978772
16388251
14571127
12894392
268262
16842057
20930364
9753817
12810923
20437019
17656135
2945853
18416412
16982307
10722902
19592261
6594284
19127813
10715923
3463728
19705937
21882594
10432186
8035049
9281085
21488934
2489300
21196326
20070750
3180697
19150205
6393002
11446683
18713258
7557793
14583688
21752506
17991231
16463907
16951541
20722531
6931751
6759128
1639585
14660911
10202506
16551972
1653313
1817902
17693231
3170907
15179092
16193857
17313746
19254132
1620395
19062474
18843851
2685871
17803629
21083625
8450353
16125011
18422696
19021655
18377529
15838158
17668986
8348785
15356465
182497
21851351
18780543
8803395
1602406
8513063
17991236
11743930
18533782
11460763
20556256
15247863
18983318
19014152
20359064
3126081
12146589
18349653
19538953
20588223
20217469
822673
15332186
18251642
3359375
12424448
22124834
7476787
20835569
1375865
21724096
1564697
15576149
18447790
9326896
797057
14620014
21072219
10597088
15248886
11553035
16607062
10823026
19531407
2105571
15348479
15080508
3866652
12500870
11966847
6929795
9613358
16160575
19489527
17474623
16119756
8348784
10530171
21256648
9630798
19298293
17323732
2144091
15119780
17683324
8867751
8345709
21281970
16167613
20075406
8934964
3131055
21308296
15732861
14974170
8304014
8406950
21090047
16137097
1064491
15842263
19680212
11561877
11197200
19649424
12521320
18037875
12146535
20658036
16634745
10821128
16373685
21491011
17272882
15766365
2761967
11523860
2391139
9643598
2436993
11472654
21342001
8811819
15883938
19797553
19912273
11769421
10899714
21251082
9854359
10635183
9779546
21339340
12365138
18975591
15289926
16916352
15693504
16161747
17760533
22041410
18417386
11239585
16981050
10701464
11202863
7096868
11432660
16246431
16198179
8138311
1300669
2212348
21539523
3363537
20847990
20422000
6375644
21382029
20615236
7983260
12705296
17312205
12028308
21091540
17167634
18195506
18498886
19475289
143838
6465830
12222648
19127819
16525605
7671165
20873996
20969540
10149468
20349614
7614201
11143363
19277728
16536162
11697691
16926139
19882100
10807122
6622047
19615590
17327926
8306617
21250776
11359269
2672077
16631485
17172958
20852088
18505652
17092217
17263153
20829166
20087263
16355648
17630900
1819447
9710828
2076234
17538234
10551054
3146575
15085515
12969369
9485638
21667563
16034961
15829697
11355101
14763519
16841608
1659932
11570544
17594366
20009599
16731373
18208475
17288989
17938497
16796203
17541260
15870746
18064786
7808944
10483453
7994335
17054267
18771366
19361730
18416418
19626742
20418125
10686813
18796358
8632521
291020
20307732
20155700
16878683
16863003
20878157
2052060
21931203
11932989
21601496
2072278
16569967
21115324
19720499
16584356
20940364
21471548
12036165
19723136
808506
2007065
12666983
22078829
16787865
11409642
9612158
17362425
17003614
11269871
19201622
20859553
18363287
19122270
15064067
18985394
21764231
19181214
11846205
12731610
17804200
12686925
18619871
11168266
18454676
21811537
9055687
18650545
3317731
20155718
2212215
2855931
6756131
17386063
20664839
18489245
10850232
2770034
16623282
20623037
21091539
2557977
2535146
18504155
18644238
19865633
11372114
17546329
21198897
15357795
2413879
16945030
12730651
17491484
15954521
17269837
19201057
8794658
15988885
15633497
9394376
8315601
15968193
18949974
7055747
12971950
14509173
11806047
17345109
22037071
19216285
11682940
3857863
8757969
21470320
21197218
15918307
9776036
9792119
10707726
22135613
15678734
16936671
12760776
21190637
8910834
20218866
18305440
15349682
8112793
3170751
11243046
20810140
17087277
20070748
20683287
19938746
20524789
11801935
17894252
19472550
21146154
2135127
17252362
10522773
11922407
19436946
15318260
16722277
21921248
12969370
21109275
2142728
21220950
17187468
1860089
1067722
15955666
8654033
2074316
15119888
18092455
20653437
2490003
14513592
1467631
21956348
10647741
15008331
19655480
20066062
21415629
834137
21929947
17349198
19865631
9197930
294270
11709684
7852016
16941133
2610628
9711043
1464227
12956475
2359038
7879760
18672985
8089244
18495570
19515033
10926432
15850992
6520068
8060266
16471248
12884211
21782307
18498586
18661801
12615023
17954321
15915207
10218064
10765759
21071238
20961344
15645931
21118332
1503836
21282040
21219365
21309716
9934932
20386780
9623905
9408542
2124184
17432784
21561483
11474449
18167479
20646081
10754381
21365053
8229413
19930094
20147820
9609380
1366334
17929524
20307765
11363411
16274150
21203711
21365029
14533256
19829816
272413
15915881
21448017
6088018
16634536
1925461
10600079
