21354372
22090538
16382045
17877956
18664558
17017677
18975017
17308062
15194824
11583287
11743051
16622439
12469932
16776017
19887469
15695389
19509167
12755489
11236024
22123186
21143954
15984906
19593514
21868555
22871667
15734323
20948156
17623788
17785568
15305194
17308267
17163096
12206766
17953985
22200885
12843231
21050974
20051815
14528282
22219501
15679256
20658263
18632642
21029701
18181675
15154635
22773664
19190349
18379783
19176464
12963999
22105650
17145582
15087020
15688610
15158434
21717141
22551459
16408378
18252264
15173011
20472435
15800309
21421462
14742716
16566074
20214497
21054206
17453363
15717405
16794237
11797464
22104205
18336267
15173068
20639190
10607920
21240994
11949754
11759180
14652234
16834533
22149875
19133157
19887543
18690878
16548094
20062660
21098707
20876920
19656681
18650488
20009293
18366301
16091755
21119031
16163160
14704688
18555254
20387311
12677893
21371685
19101138
11406568
17158393
17630057
11920466
17158392
14720055
20807868
19139133
11595720
18053062
15763642
14720353
19097883
15471197
12957803
11248162
21768129
16250250
21616287
19399184
16621915
15163013
19846977
22195930
15796061
15629613
17488140
18316619
20419092
11006520
11977531
20378772
22099935
18056179
18622915
15044465
22120678
22460789
14679110
15717742
15707703
22311450
19932944
17510563
21745384
16258083
21913819
20110044
20110034
15581045
17317830
19722635
14688462
21724847
19424617
19011355
22050138
20399520
21147693
12715168
22644656
17361205
16821612
21872996
20535072
20519027
15704104
21944379
16546749
19635806
21887681
21163767
12209878
11904974
21604692
17353817
21900106
16198056
14991529
16928832
15829301
18653231
21789152
12468154
23190227
11773264
19172706
20374029
20072830
20473628
22056854
11248153
21224704
19411071
23030524
17522249
17557968
21943825
19075865
18834223
17682191
10544761
17402790
16372879
9814369
11499972
15163843
16918262
21321106
12572236
11694791
11026016
21816914
15168107
22154153
17964979
16489114
19855077
14762215
12769778
22705685
19054498
15605777
20406176
16452223
18252919
17964978
22814315
15325672
22119767
19150946
11900227
18799033
15964136
19846945
18431049
18561551
18703591
22222640
22059233
20948250
11899413
21741383
20554744
18393776
12072561
17502517
17566724
17940391
12438245
20178580
11125293
21221090
15564551
17108823
21435405
20587406
11524557
11176040
16835487
14680438
19884526
16384610
21465472
18034452
21699723
16353253
22377126
16710024
12170449
21482492
16857827
19021320
18525303
16907652
15093812
19278961
16517084
22186934
17208620
20424152
11812172
12635131
12435293
19567831
19553262
12419746
19225924
22300778
19771426
18607846
11989920
15277270
19897535
18071947
20452134
21255939
11388076
16470952
16341094
21358201
18550383
21457548
21406473
17591801
14672400
17426702
20307320
12576933
17682182
11236032
16893382
16163699
21336995
21074780
20424000
19622583
22440788
17848197
11575295
18048835
20470755
20150272
19197525
15219169
20388390
16507822
18465221
18082672
19209027
18650157
19914537
18791821
16375256
10569111
12241842
21695277
17028979
12148365
12860162
17611218
21360297
15765233
22183797
20133257
16324528
14632535
15780499
19035464
18827789
20831916
11734109
16876287
19792970
17867588
11521716
12966906
16850122
18508484
21442854
19934303
17005195
12908564
15749638
10915118
15073438
21721086
15678682
21224709
22562413
16225767
12382192
16203663
15902326
22042372
10657373
11049051
19895239
17591827
11432901
17726504
18650161
19304882
15680154
21876697
16247595
22249492
20930616
16236735
22169894
18997125
21522147
20728700
17652805
22377127
20421541
19904537
18679646
18834540
12744756
17714926
17450692
20458531
10791898
15923396
18514938
14973048
21700765
20331626
19874707
11523924
11592078
15545967
17635517
12209684
12057130
21670086
17074658
11970752
20661914
19379636
18083694
21697279
19240719
18164510
16572592
15911866
11521726
18779850
21115425
12373720
16166331
16061882
22763895
18505890
21980624
18281554
15719692
20567775
17577017
15510616
21999227
18533085
20392785
11862066
20564392
22047687
15120256
20955087
18188694
15621671
21492780
20590449
20936496
21368753
12973420
17260496
15655555
15093533
21745161
21220473
12057039
21126826
16802515
17589560
17530017
16770092
21235090
21355003
15266327
10662483
20660333
18751705
17682200
21189397
16192626
16041933
23152024
19505829
11927521
19229068
21468783
15220474
16924762
21337547
20647718
19010894
10378962
16161043
17425844
15206217
17728712
16597163
17433551
10653878
11760720
15598592
12124503
20664936
20142587
15305414
11770175
10604742
19431095
16240847
19382598
18421051
16293849
18952558
18065409
11863116
20943603
21062350
18413639
22342917
11487711
12932377
21706452
19916733
22894511
15958453
16641905
20052714
11728537
11940467
16293848
20584089
21390232
11373881
18273700
20423652
19349549
18043124
17646669
21700734
11524548
20716898
16328600
12852361
18288997
19887355
11759824
17652285
14754469
22760626
12558064
12941838
18845838
17497328
19165856
11888885
16957165
19200416
15270671
14667278
12960261
15825173
21602049
19561004
21456382
21364004
12460467
10087926
11706393
21696295
20073127
17656557
14613029
11694786
14750129
16001989
18377195
12941424
11252888
14644615
16413867
19701155
22417857
21282108
16012707
22037080
16112423
21393435
21739182
22444716
21735114
17427229
19513620
21521711
21358857
18236151
14529687
14508089
19369859
11838648
16495393
22454081
18078328
22907365
22149874
16841595
19275526
15189892
21874111
21169385
20406831
19523916
20979546
17992582
17893526
20842031
12234029
20679244
17851575
20385184
12121832
15284264
20530690
11907566
17100568
21979218
21468131
14510178
17595342
19096447
19080740
12425752
21736014
19387827
19423002
10843208
20569773
19856307
20238327
15052854
16843263
19825954
12478854
20332175
16258118
19687322
19464166
22153572
20740285
15628948
21177408
16651854
20543543
17147113
16417653
16788154
14605867
16467105
9637135
21705993
22322558
16739334
16815355
10675110
21839890
21472726
18303482
21045921
11681238
19089689
10473102
22257522
18710609
19733440
17845752
17965004
15154627
15562829
19760502
19642459
18086299
19720923
19351776
12475609
16739343
15333188
15581062
16404427
12777990
15987448
18683023
21500375
12138392
20406166
17512447
17303514
12506169
12375797
11498829
19028616
15685838
20210247
18030005
21862331
20347281
20016813
17513761
20828403
18822549
17143264
21132144
12138395
21115288
22316367
22393991
11236034
20693300
17263127
15627014
17845977
14578462
18241007
15961220
18441328
16452222
17449442
15265845
18725974
12782786
11894014
18193530
19094209
19697122
19513864
14981103
16235569
21760560
12489530
16757022
12376557
16234551
17201151
20171798
15490375
18059165
18941743
19046106
18976826
16808550
16803532
15553762
17440164
16720238
23243689
19898421
16800251
19841980
16631082
17996452
11694792
11948130
21380780
20210773
12885806
22044845
20130427
18517261
10678583
16963452
22412042
20592708
18605984
15704291
12473609
18508432
12082649
16862207
17317812
21430399
18363516
22124109
21089674
20122160
12507224
19077306
18799925
20827197
17122489
18622914
15297404
17847085
16381626
12422054
17363517
16549824
11721173
15019688
19088018
17431357
11167088
16292882
19593513
11956082
16467559
19295249
20572357
12188890
21211087
17647266
16341096
16248771
12108894
19803874
18598109
11827407
21867536
19884557
15830342
20379051
19703026
17854941
21931485
16595032
21985847
19087271
12113019
14998487
10899087
11585753
20117001
18478315
11331475
22670500
15355650
19560883
19914545
15858121
17349579
22902450
18829509
21330148
20522447
17695515
18718806
20805067
22934911
18791822
21307144
21710840
16707759
19331197
12432555
15727489
12744757
22716485
17982412
20448258
21816464
12867056
20444849
12864940
18831948
11122896
17673608
22160642
15687682
17318948
19351274
22871127
17867589
15494003
14871800
17899385
12351610
11872048
18852126
21729666
17470737
15757271
14706898
20198293
15948035
16109421
18212337
22745168
21795431
11049050
11830544
17668481
14743203
16368868
11894015
15738535
16436330
20124174
18208949
17652804
18636037
12790136
18650162
18701837
22524214
21245420
20530277
15143970
11521717
18091319
11106669
16831025
21571868
15222007
15281280
21670454
18038879
15151673
20068098
18628130
11111456
18630815
11293897
20111600
12194993
15642163
14715110
17486079
10864222
16684339
21516080
15773342
16483720
18803144
21601111
11752009
17341725
20709813
12149644
19027730
18156309
14585483
20566473
19269014
18685491
19295273
12057079
15839164
22504690
15962764
19399957
21289364
21169738
18646691
14766126
16812944
17254832
14500583
14582224
18084241
15743039
17071934
16360546
17540137
16965995
15685647
22510259
21875902
15094603
16397268
20806825
19440708
19276254
16417262
16259189
18456424
22006739
21600050
11167087
22468845
20615725
20603440
10334560
11905690
20843680
22632973
19223897
22043048
21615821
21471222
18794542
21370858
15685825
9788323
14502781
17556544
15849222
15899627
18991706
19914536
16372489
11890992
18594499
18596360
15010878
21646609
21467916
17611101
14610920
19894257
11114864
19466875
11727972
19118495
14715104
19736996
16277882
22888567
22020213
21526167
17317203
9831867
17682167
17579068
17515572
19079999
18463974
21487052
21455582
20479410
21571126
15032719
11962188
17008676
21387286
16844488
18528301
11673683
16133791
18629841
19814613
15163844
15791816
11521725
22842984
16293847
20523889
16170195
15637130
19846022
19440538
21727059
22614782
15957978
21496448
12237930
12604728
21081926
20597350
17477027
11744170
18940745
11902499
11151456
10350906
21149659
21146492
19661042
19891423
14663774
21556795
10482198
18566530
12736572
21556317
21691144
20697084
18201867
18031170
12790787
11774203
19001341
17904836
15491754
22863915
15139054
17828616
15598031
22771547
21450786
17979561
21376291
19179558
22772380
17667603
18224392
11223072
19447661
21647199
19669637
17304506
11498830
11033824
22213283
15670895
20453888
21632460
17376931
11575296
18936973
22847535
21527365
21093641
12806947
16382976
21937191
18487908
15073130
12619176
19079627
22052593
18285260
19018005
12473581
15856022
23152023
20185313
20375725
15899610
17076719
18442393
16273357
18356136
22238937
20576644
20087905
20730488
11381352
16940802
11710731
18536557
18505070
19008049
17485898
15957960
20351072
17223541
12868801
15700118
21711079
19442060
12894716
18799924
19435924
18663410
20145614
11989524
20338615
21188214
20799692
16546747
17679724
20176546
21436059
16721123
19410315
15867265
19274553
9874846
19275156
20124158
20953556
10883160
16163239
12903589
16847284
11873384
18698028
11927283
17214346
22257781
21506905
18366039
21184270
16971734
19305491
15858437
21421542
22344385
11694787
21445634
21918836
19461171
22257523
15972551
19106581
17469375
20949375
20689429
21218604
15627622
19657709
20535968
22039084
15163841
21381005
19738466
21820932
18598935
19259796
16980195
17713469
19074216
16040397
18633228
19687323
20735304
21254978
21080742
11787463
12514562
19753618
12722021
10482201
11410482
17573671
11888005
17043217
22089490
12721576
19223574
10705918
17073160
16979449
21955806
20308670
18537532
17983061
15875778
18813848
16497748
18751888
11821453
16680108
11301369
19364966
17682144
19960438
19915976
21081567
20459566
16413866
21591301
17412870
17981994
16294429
19396150
18937508
14750183
17507633
21418674
20400520
20705561
21406492
15128006
18366287
18231644
20847171
20510070
16381621
20527783
20346868
19112961
20739651
22687976
15668283
21556249
11899783
19593521
21780108
18096347
21973020
16123000
19946741
20931276
19961490
15674342
20300520
11102317
10544071
12045065
18769124
19834800
12384528
17628119
18317582
21886507
19946330
17357239
17569205
15911863
15013486
21847344
16333273
17612792
19661026
17218853
12422055
15870086
17473204
19647173
11271676
21426800
11774205
15952915
17363586
10078102
10830993
15031492
15666201
19255333
11160771
21191114
20032121
19034632
16517268
19684074
21136925
20332474
20707718
10578409
16184453
21421717
12370276
16529028
18704681
12790324
21672436
21300696
17620764
10187049
21288302
15246371
19615485
18155900
14579298
16103928
19825955
22377768
16473470
18454161
10493889
15034952
21743497
16273353
16764747
17786307
19006441
15955900
18469855
19620793
17918284
16430398
17062351
11600616
12142395
17308086
11847424
12849616
16495390
11026004
14624879
21570176
19885560
22041972
17916818
19925033
19181272
11521714
20479395
22162316
12271813
17017951
17100565
11352964
17906451
20532501
22152751
15022409
15268649
14981109
20589849
22829924
16253759
20354831
22179434
22673631
19418823
12202979
20590442
22116464
20848094
21321422
22284212
14619486
21705664
22054710
16201286
15264245
18957038
17918634
15979804
19042015
21091041
21307659
16689456
22042861
20552190
22981913
16675800
11521723
16315942
16328593
18364726
15148526
19461176
17719227
18652678
18853252
22065002
18645000
11851153
18363991
10742152
18084609
23197808
17396141
12174951
22504044
15571968
10211534
22367645
21633805
21730275
16322102
21107682
15950051
18757259
19129044
16716590
21531783
15919200
17165026
17938260
12756075
17457214
12577231
21630056
20124187
16336001
22511276
21918170
22473535
21060025
21711068
21231780
17761704
11103587
15837615
15587893
17030074
21868556
17982120
12097278
15952871
16236745
16942640
16291043
10882863
18421060
18829411
19433391
14639005
22745369
21606423
19098403
10638965
21914949
15319565
19022660
21709639
20414041
16763282
14508823
18382856
21559015
20696059
19663728
20110783
15753405
20549373
21293538
20885893
19530101
19744176
17010809
20148071
17955362
17319871
18347007
20823293
20226661
12057165
19358222
20557066
20347572
11989525
19299236
15199615
16770090
12113239
16211230
21831721
12881383
18311580
20480738
17892419
12864939
11521724
15138577
14612949
16135325
21676504
15899614
21810868
20386457
15837768
21204711
20673243
16469569
23020162
20041318
21815701
11306725
12220353
21189375
12879018
17485899
22576456
18483853
20430904
22418700
15717736
18655055
11490943
15780905
20397767
15868447
18579663
22238365
12525520
21498540
20053764
11768602
16514743
18778887
21345138
18636112
16872435
22045524
21676217
20347166
14519400
15073134
16317277
19755679
16315943
12479367
11916224
14704598
21482773
19762156
16685431
17293390
20833559
18203425
17985437
17592664
15471203
21034456
20491779
11552716
18486271
20697085
19047975
11236027
17919347
11236030
19913970
15314059
10699062
18089830
12966413
17645728
19112950
16905272
18334512
12202900
17220670
19464994
16106267
17470680
17723182
15691662
20658522
18620462
12516906
20060718
11236026
19844234
16571320
18980023
20308709
10967114
20878505
17935269
16887935
19126225
18292946
19887555
15994186
17373900
17964992
17148612
12202978
18604334
21135276
18224391
20198351
22153869
20229175
19756922
15655418
21691560
18239753
18021475
17040255
15899624
21925125
21991949
18640949
22665540
12173324
15170980
12108896
17846020
16189156
12505596
19808124
20825420
16603601
17516068
17308264
14717761
20187795
9661186
18661530
19379651
17192538
14623919
18246954
22204610
21172893
22968044
16334021
21371568
14695757
21127748
20932686
15865847
15703983
11255078
16601278
21220136
12722022
14617784
20602134
20636020
14749494
17164042
15057165
18058835
18440456
19432022
15735715
17429882
14603116
12743131
22956528
19208461
18621615
14628441
16503239
21051951
16236737
11192828
21961653
22441896
12644984
18320067
15274452
22879947
21651462
16470950
21039620
12808308
16464800
18283037
11960991
18044751
16445114
22833684
16216749
17975153
10517495
12036925
14614702
20679614
17146166
12195027
20133251
19843940
21775272
15139046
21475230
16858513
19046108
12916278
16785506
15305184
21625183
17990147
17592672
12057863
21706359
14967075
20606681
12094335
21878615
20628393
18375208
14601058
17312299
22329194
21777766
20036116
21393343
17074677
16951391
16103927
15358191
12714894
20943641
21843921
17536315
16452209
21851234
11998768
20954317
15623593
15751020
19289613
16219625
15996016
16932571
20087043
20705560
17488163
19299620
11585013
15799239
18390415
20020671
21129613
16184380
18580869
20066490
12894556
12724856
10482203
20582584
19055260
19060928
20660318
16432850
10546521
16782917
12852346
20012354
20828417
14647448
17149760
18808314
21826527
21388067
19066278
19671800
15023243
19442059
15736525
22614071
20195801
19917858
15150304
21174537
16273884
20124182
22064683
21454186
21177772
18343993
16648969
12195747
19633054
12955580
17079488
15020608
20484044
21188585
21972230
17161682
17761705
19721240
11346682
19443585
16753495
21422962
17889539
20685042
16875618
20660834
9814134
17682201
11489487
19884247
20374028
21353324
18349415
17590893
18096313
22203768
18208807
11490375
21153051
18795950
20504363
19933921
11702961
20549829
17350323
19624617
17184417
16404430
16645328
18347005
10482189
12422056
19345310
18367336
18991787
15487459
22761403
21809657
11521715
14528288
22562558
16131220
17382822
16518442
11521722
10482199
11706395
12820343
21321214
19786253
11018093
17308268
21406401
19887601
19726455
21738436
12887103
12897328
17485900
21598238
18640442
14979912
21803025
20740500
18021476
16705127
22892393
19884552
21574108
21376668
19523913
15508314
19465349
17428260
18622912
21953213
21335088
20567632
19828406
21610100
18375893
14666732
16739306
21812503
19172844
17317835
18344460
21976974
21990319
22035512
18172247
15681094
11989523
20088791
12514568
15634652
20736298
16401684
16821088
15582895
15581051
19894351
22484731
16945774
17354547
19002271
15059359
17611667
21172881
19270658
10463486
15182077
10495354
16595039
21526426
22689887
18165625
18365200
17577021
17980095
21480528
18930032
16914581
16413865
17592827
17393578
16113103
19791830
21616288
14687790
15279897
21525338
16224439
11304680
17031648
17942920
20197472
16510950
19567207
22239685
18849320
16352945
19098393
14569849
17198344
12794524
19640211
16767884
10864214
11758500
12351617
11169950
19255335
22381030
21929800
16506631
18458840
21439474
20104520
11694788
16817507
12048261
11899388
10399623
16303862
20067604
12946830
15511476
17273798
16644815
20682269
19301121
16267615
21097406
19209136
15318929
15163842
16984128
15267225
20880772
16224411
19654571
14654531
19082596
15837734
21665134
15718337
20928989
19466513
17651051
18952552
20480739
19016009
19481373
22125051
16739340
12610629
15550860
16929116
9893005
18308147
18541519
17485697
16424038
12040472
18437174
16033055
22431920
15017597
16144943
22195802
15093573
14871842
20654267
20811002
19720916
12479366
12675518
16503859
18987856
16203818
17766143
19238693
15652111
20131987
18193532
18928862
20967512
20108993
22213294
12860460
14679114
21088486
20682702
11863102
16908934
19460715
10724678
16174852
18801934
18625596
20864169
22410461
17699871
23102520
21324925
18409020
15050103
15328518
17063333
18591932
17882419
18602599
14689059
21992561
21681642
11502465
10851423
22349922
19917839
19289619
16249641
17683651
22037924
17579499
20480225
14633326
16470953
22229414
22034752
17453369
20080725
17363549
15899618
11406546
11410505
19856601
21881039
11416960
15385631
18837023
21633924
18684832
11681237
17525746
10612314
17682153
18777949
19204209
11151454
12653668
16391449
16737428
22513938
19602564
18552383
20542996
18286370
11791124
17341900
18422971
19150941
18214352
11338758
11735647
17962339
17218855
20873313
22238922
22043059
20462285
19415485
18256835
21670311
15536075
18612591
20845797
12409642
17178019
18097546
21491515
12938263
11252954
21896085
14569078
16575068
21088503
20414023
22505344
15847063
19874849
11842484
19433372
18274086
14967453
21504241
22041815
21788566
18631394
21102422
17652806
20577930
18048823
18084047
21479926
15777217
12662016
22302226
18699774
20064507
19593441
16890794
17196514
21428884
21959871
12384543
16043302
15667899
10586349
17936554
19468291
16061662
15029496
20662264
18037292
21364123
19158036
16230965
14966375
19707345
16537476
18644518
22393081
21475999
15959941
18439963
15994456
11870163
19452317
17001557
15013588
22541668
19153829
17624764
16216740
14602458
11396203
17159499
16896568
15839639
15283134
21111624
15328825
16613548
17429839
11899365
11801879
17591799
21399647
15642702
20029417
20113810
19914538
19799823
22153890
11236028
22690524
21492782
20679626
22508540
16809727
22531721
18317884
20732933
15384215
17664462
15958642
19028628
21667238
19542728
21836291
20333545
20874838
17576436
18413646
20967296
19780241
16715132
17555981
16529047
20503415
12057046
22493365
17975007
15490369
14613027
19850639
20499311
16158937
17867585
23024989
10922985
21569998
17142577
16254311
21965776
16173788
11904959
19122144
22043051
15805554
15150568
11167086
20530280
15994969
21748635
21504237
12908824
22326955
14965154
14507946
16166289
18369692
15570009
10945565
16143163
16848724
19919110
16196500
16532003
11693898
20027191
11521730
20211985
17033229
19825881
19751177
15446563
19307737
16314288
17824785
19636556
18451248
21929348
21558454
17409332
15283147
22523199
21082217
19453287
17292609
16892032
21990576
20551890
12900284
21487242
16649394
21517259
12820339
12594741
17699840
16277887
22043055
19464806
19670216
20644568
18705667
19466878
15812476
12696252
19193576
11481385
22492237
17668486
21842208
11524552
17904791
19454050
16797378
22649126
17911008
11521721
22003071
16892039
21073955
21665135
12849614
14613026
18586917
12176776
20588279
14871971
19891708
22083199
17234748
20424896
20952131
16166939
16476832
17822557
20546335
20202601
17766115
19258225
20476706
17018752
15320717
20219607
18594201
16112298
15899075
21767874
15899216
19901120
11266529
16319981
19443390
20521754
19918289
21826647
15977964
17921242
11229455
19102218
18711028
16783343
12088731
16236738
21784637
17176074
22104159
20529794
17704417
18501058
21918347
15180974
20396915
19214112
18398661
21884573
12752225
20865942
20708911
15177418
20728211
21415085
22335942
11458821
22112931
19786670
19903791
20671105
16850126
14613030
15318940
22007174
21991956
17400308
15989469
21189389
14697248
19896315
20393023
15020607
18690096
18396008
16625995
17686164
19707428
11748930
21248299
15236790
20346177
19003000
19859802
19490562
19609648
15861718
19148499
21932213
16785779
19082694
11085452
16515434
11694789
11097337
17563907
20202990
16998320
15030116
15864701
20805063
11151453
21146409
12773745
15913903
15607548
17416865
10482195
16813731
14746196
19000052
15150302
16468473
11352950
22240778
21342044
15788636
15123142
15785877
21227505
12850190
20061815
16619583
16833172
19228746
16026708
19717536
19803931
17211467
21800959
14763141
12296544
19664181
20880820
18448550
14737722
19318484
17088902
21604273
18358614
21326934
21953571
21310840
12435204
15958303
22325735
18272907
19345476
20097087
16969030
21310941
22980061
17767066
15387973
14724581
10498538
18794552
17208639
19245352
16026983
21989832
19671750
12736573
16249346
17666645
10948442
12017895
17485695
15624648
16150806
15385723
15031597
21129096
21729661
20382907
12101772
18486473
17220672
11562748
17614302
17484824
17405890
17555797
16500910
20101762
17536308
18957967
18780811
10678582
18685414
22267607
15782071
12937653
11375952
10480346
21431871
18819904
11956077
15957963
21997616
22498937
14731835
20211018
17204797
18465349
19669409
17948347
19910036
21458915
22249268
17977809
21947749
12587379
20675140
12063676
20409581
18323546
21252285
11975393
22026193
14616939
12401903
19671734
17108987
21215924
16931830
18585454
20870669
16224442
23129778
15820766
12942162
15289357
12419164
16614227
20805300
19278954
11342980
18351692
22015280
20028327
10647784
19934333
19528474
22488668
21239403
12677891
20383197
22491004
15607488
21868551
19956838
22686613
17208435
17725340
20130423
15175685
22257652
16601290
10804033
19192956
19707416
11706392
12697858
17504994
16879393
19596645
17611206
14685781
19383286
12907212
22819326
20920984
18777950
20656317
15266101
16458110
19042984
17620428
22271209
19013786
20564395
10829059
22100694
17593333
21093643
22424313
20448672
18650152
19302283
19293764
19507502
21177040
19289395
16751832
14619517
18559604
18502589
12866298
17256836
21266203
22085949
12932384
16897431
20034906
16868827
18594210
16166938
20622047
17992030
18803986
9704716
21478264
19477897
11277412
16034101
17714070
16171085
20551062
20657551
20813970
21109570
21369716
12001473
18664646
12609804
20697511
12298222
10190780
20028874
22102160
15199102
20127953
21355777
16507275
21241440
19856052
11849151
20406946
17983482
14630672
16865596
21853100
21916107
19691751
21372222
12820782
11899350
19473346
20193632
19140672
22138096
22172323
17146157
18485193
21042932
16627989
17661041
18272009
20723224
16756022
11774202
12119458
20699026
16155796
20110041
19855434
21307819
17826684
17661709
10066073
19669636
21909357
19232697
16029056
18836277
16958977
22689807
21267778
16775247
18799922
18537534
16450000
19147560
15164181
19863462
17719782
19596643
19554708
12902523
20051960
22267010
21900114
15774813
16868082
16820921
15722460
14755889
18039470
12115478
17214855
17824554
12186373
15136224
20138541
17292562
21079139
18543100
16199990
11125287
17704420
20496540
15923434
20117211
15245619
16311120
11098307
20364309
21694726
15025407
19923317
17682186
19118059
15240541
16628832
10913383
19878579
12942200
20003286
18569027
18722859
19376123
21713084
15124130
19346299
21677471
21594665
14555987
11481375
11352447
11449630
19889608
19029413
20654118
22670499
22527112
22493381
14746856
19856610
17451461
17115471
12955036
18450443
12043216
18953600
14768402
16916343
20088894
20528328
11344738
19409371
19417081
19176373
11706390
17709650
21828361
19186235
12063824
19884535
21568729
19328647
10942052
12586444
17719768
17121940
16365600
19884553
17543572
17685010
16136377
11894003
19381048
16551136
20192074
16299858
19591537
20127949
10742135
18633229
21303229
17009989
18633249
20179222
20506359
14737100
19780706
22334453
21961885
20179677
19042123
20616362
16618381
19638581
15816643
20379157
15535312
16322251
16849573
20842180
15341668
11236029
15311558
20472353
17664490
19119291
19685930
19277040
10544548
12697958
19487098
17490486
16133525
19106660
17348585
19259090
16539726
18241629
15177417
20728210
20044583
20697093
20382634
18224396
22015286
17538166
18620996
21598703
17764850
15646832
19447606
11521720
16959170
12631216
19919879
21319046
15691661
19835621
17077181
12374700
20063318
21477928
19001334
16951389
21346384
21140455
15335267
22567741
17002824
18065740
15748904
18696011
17942877
14722042
17937885
21273092
17942884
16947083
16839514
12449040
16375100
14579756
16470951
18596891
18584344
21160659
21700455
14600645
12850530
16882699
17923870
20584694
9661897
16368542
14512124
19446973
10928158
21540562
18640073
19647172
21558455
15298149
15298144
11452415
22421777
17867586
12849615
22407832
17645842
22580986
19330168
21624561
15163840
21768458
18025271
11521729
18524101
11291556
11301371
15989528
15217485
19480464
21223695
11347719
18307255
15059883
20679607
15943788
19072447
17510115
19156515
21449604
20606043
20838056
18708732
22728007
15923426
22520071
22043056
18183661
17251007
12454317
19411062
12594575
11250707
20113825
17803883
19952716
20647220
17962911
18667396
22016618
17664460
22745473
13679593
17624800
12553494
21986845
18594220
16462510
17392727
17457301
22135629
16631961
12503030
19115517
14763149
22586608
11049055
18448551
12435291
17637784
12845624
19597023
17212145
18510993
20829814
15688600
15687687
16373062
22996777
16861913
21497990
17306783
22261453
19283813
22744290
18679182
17679920
18509974
17875840
17935283
11114868
18777948
21302001
18344469
11579337
12006548
19214513
20801474
20698491
17511881
19690954
22886072
22012551
19164213
20043129
21067872
18971784
20844753
21509760
12442344
15363548
20934746
19694364
12667099
11104760
11018081
12036454
20177030
12839951
22109584
21138857
11304787
16969029
19483647
23342651
15534084
18416055
12124352
21999911
18768663
18803379
19094582
15329759
20133263
19082707
19130219
23062912
11790161
16985050
23071298
20951800
16857814
20855957
17385088
20564633
20392319
16206454
12871052
15894097
18271465
19151766
21516267
15179190
20063903
18156434
11694782
20219072
19609647
9792896
17908983
17919349
23029673
17675394
21498638
10561353
22487060
21790185
15957962
20201742
19803992
21195878
11732401
17898861
17638068
19051009
20038734
19777702
10793100
10337368
18376852
20586989
21675839
15767191
17374151
19017630
18184969
16684481
20159750
21552412
18075296
20675463
10810934
19786653
16110294
21400217
11748447
17243161
17785760
19420822
20414516
22789781
12113055
17711778
17372910
20632056
22124102
12784331
21126688
18039611
11774200
18650151
20623180
15725114
15868915
19147689
20580760
19372036
20651409
11905803
20734398
19683138
21402055
20210725
21097554
16106020
16826579
16142331
15014012
19082474
16736568
22674190
21499853
12680177
19920829
14710203
17877953
11455061
15338747
16596138
18197719
18182100
19461177
21301318
16077916
19497323
21343397
16103936
19525314
16465429
10675369
16637512
17385098
16806901
20237218
17081914
19899222
20501798
22222630
15838006
19815307
19712608
18521683
16399570
21080269
21526002
18089705
21303974
11694783
16372550
11824879
19169607
21249723
12138396
21208143
11706398
11006699
19840887
21661378
12057094
17145869
17662877
21227599
12503197
19875750
16192615
18289668
17161680
18803447
18361426
19709839
18307763
21075308
21677477
21681735
20525277
18845995
15477636
19520203
19414278
21847410
20087739
18054679
15638762
15268760
16445636
12820439
22932653
20877352
21203579
19010901
16361156
20331897
17682183
20589763
16770091
19531451
20047861
16171079
10505548
12852345
19918269
12951753
16950593
22191486
9825027
10631474
22013564
18937621
21676243
20431310
20035684
12375030
22549178
20172595
15581047
18799897
11762412
17212142
19900396
21127749
21665463
19430296
16609042
22178589
16023111
17399946
16706627
14620851
17631548
20443786
21354370
17687197
20202610
18202752
19778610
19707333
22305205
20458048
10482200
16613677
11863114
20686639
15991633
12603385
18407487
16547487
19704352
14676119
18690883
19715885
16728632
21847123
16360544
10657127
19381078
12867060
22374460
19734999
19473336
20684884
16619408
18413392
20104676
10917822
22906996
18594016
11301370
18250349
12864943
21791637
19914541
17476181
19794992
22918857
12855614
21091112
15382077
21319009
15150294
19367251
19214111
15931325
14715427
19276320
10458264
14614004
21750556
19874578
19675725
18408445
12104076
17661170
15107207
18515736
15770536
14690567
18660728
11685733
10356685
17909003
21029696
12561697
20071309
12960739
20357763
11428293
21826980
20406920
17593628
20738069
19896266
15138490
20026806
22495700
17210707
22137162
16102830
19287304
20001429
17214349
19299235
11989522
19920112
20690802
15913990
21368500
21633346
19733086
15446799
16649393
18799921
21958854
12775749
16827515
21335337
19633047
21465611
17157791
18757266
12118024
17652815
21081901
21967344
17012049
21887460
18678349
20016372
20072001
11129168
17100160
19245910
19507673
18479923
15674855
21569995
19672422
21479390
16800975
15668276
21498984
16075785
14719116
21317203
16624752
21183347
18480847
22992670
12579770
22559145
17620435
19072537
19262067
22825690
16208701
21569996
16086643
19252861
20838057
22586611
21323962
18607881
15265951
16293846
17671332
18647846
14715107
15036648
17872901
17512450
15643516
19104222
19202960
16548266
18097168
12353825
20418225
16478698
11790564
10850280
14751135
16320417
21771023
16467555
17062695
18043567
15113815
16934972
18347004
14977844
19718793
18952556
15897162
22181343
11521728
16969028
18456775
21498634
18305182
20443098
11505677
18820910
10482197
11569926
20503416
18283035
18757423
17096862
10881335
15755984
15585615
20197767
20925963
18340626
16912526
21510863
19082617
16322262
18302223
16381169
17335304
21757431
18768996
15168452
22427198
18281774
19584166
17363544
18636200
17192046
15015614
11236033
20308671
22145214
18084962
12359372
22833476
15196762
21294885
17033236
12060609
22090532
11049054
18990083
21115860
19724903
16708489
20167563
16000588
19340424
18515176
15316127
19046116
17683072
20836684
11357871
21161370
19696006
19174506
17687207
19586431
21088436
11970748
18820243
19001234
15611642
15235125
19572130
16258081
19013064
20012394
10561017
19256711
12517789
11433610
17094394
18520822
18405406
16445668
17653858
16192617
17110623
20696930
17060407
12296474
17644449
19795084
18484781
16551876
19826050
18062723
20462431
21985855
16126330
19748186
18381959
11970740
15842059
11977556
12743901
16534241
18273495
19914535
19755823
21918340
21149664
12658892
10420058
15380744
17964997
20193978
23108020
16720857
21282337
18587555
15970231
21898114
18347559
12417895
21566435
19959074
20009469
12186272
18300243
16467098
16022924
18269773
19289423
22160638
16969027
17876156
16080566
17643275
18519747
18665746
17877954
18597646
11260109
12095935
20495188
16413601
17081754
19671269
17474304
20724575
21596662
22056974
19770385
17216002
18822679
17124225
21285132
22690847
22393084
20036907
15687597
20690806
12591971
22393792
12013537
19246949
19720293
11752000
11289108
12057042
14985703
19762228
19416505
14618618
22751336
19746202
22621630
16493260
19911470
21631420
19170285
15074734
21207425
18201769
17080896
22744937
15298722
16410363
21189395
20414028
21129296
11317560
19754218
16324646
18992239
20386531
18062750
22154118
21406037
21150307
22465967
22065290
18344537
18224395
19461169
21151204
11668238
21136201
18071949
12771520
18952561
10950143
15710074
22585174
16634135
11983752
17332348
11521731
17229773
20973534
17649771
16781285
15324690
16223144
19622591
17480180
19755993
19118499
19373278
12048274
17339368
21278514
21097428
16777868
18282366
22767587
19223403
16195766
19744865
17184205
12738740
21903480
15193255
18978815
22369450
16247515
19299048
19534433
18072255
18535933
16033049
15052540
19188134
17200331
19610508
22511343
10759407
17022690
20628810
21526424
19675448
22736376
19149684
17547474
16967134
19365626
20556507
16880245
20521224
20697080
21884439
20304562
22053819
19626656
20332692
12121134
14695221
11989613
19837760
9923849
19522373
16570045
9767784
14569850
19276389
17214744
11862482
18480007
10634517
20542421
21609651
17536011
11301373
21263059
16142251
22949431
19299237
22129105
23060590
12074208
22007722
19505246
21298375
15300212
17213017
17296975
20978512
22302231
20406174
18780693
12912973
21540147
11489825
21792802
19755824
21266401
18300641
16224413
11522269
19617342
21299447
21166708
15718338
14981584
12415203
18473995
15855890
22377561
17598896
11816498
11899419
16372244
17348846
18621618
21084819
20865050
20972709
15023436
10409348
19624808
16850247
10676565
17687157
18276068
12422051
21786419
14603258
21055626
18166997
15490372
19771257
20059788
18712381
17371772
23096164
16551854
18951351
14508084
21402751
21918439
20524722
15093202
12846405
20567114
17390714
19745698
18296421
16299568
12832092
18991715
14768403
12375012
20185938
17522235
17693647
12017532
16682726
22015294
19509242
20556684
19299606
21115921
21105121
21310845
12138397
22864874
21709140
22355050
17660958
10626363
18202008
16321047
20200040
20553947
19111799
16151408
15222110
17723955
18515778
16984069
11807621
17409451
16857791
21383049
21748051
22043997
18054680
15030120
21337544
12955577
22614986
15014003
10913382
21839635
16894399
11167084
9691532
18398141
15891269
18843183
11575298
17309673
18793028
22884505
19220462
18621762
21479380
10878580
14499016
21188108
22335578
18000804
20802512
19019764
14990641
11352965
11706394
21713372
19929565
19529774
12883692
14563126
19619708
18784962
10528633
18248390
16862210
17385939
11266629
18829560
17283152
20213094
23134386
20530269
19669638
16297088
20919834
16150805
22752360
15046685
18380901
12591726
14600603
11694784
17283148
16872264
20849912
20975068
12609806
21749857
17602072
11831647
22665936
19139826
15550854
20664024
18074579
16522888
15738038
20098570
17268136
20229355
14691457
14671224
21420993
19384694
17048017
20724574
10855789
19072129
18490651
15692222
16249644
18323544
19295274
15929020
21304271
15094157
11346681
17109101
16223812
17431282
21514211
19103557
22135232
12563352
21519841
21550422
17168718
18430438
19749395
21354371
19423003
18055847
16239111
21570567
21033767
22034206
12700233
19914546
16137435
18490647
17686159
21877749
17308081
20127951
21876713
18367751
12698536
16755112
10417428
17371768
17259347
11970741
21188093
20217215
11049053
18390416
21671702
16272454
22393085
17557136
19337966
20643572
21160267
20647720
21453503
20529245
20600632
17586082
20838207
16091754
18230399
16334149
19534378
19606230
18807798
19269133
16724315
22198468
18922700
21109724
17972317
20624784
12631388
12101747
16632440
17998695
19862361
14567724
18607391
17546943
18697197
20589936
21806575
19398090
20039567
17264064
17717635
12209672
11904980
21160270
22227013
16110408
17268817
21109923
12137722
22154502
16847283
18548321
22495699
16109553
22705704
18773210
16546866
21332644
15365066
20656670
20224644
21128555
16473642
20503407
21300922
19860043
10079656
16908930
17148762
10214591
19738431
15504738
21630605
15170984
15173008
15550852
17728710
16956305
16503541
16103498
12920480
18316611
11236023
21726959
15217939
15161714
16609358
19174445
16683005
21886518
16053034
12471041
14715106
11735602
18366956
17041102
16326100
16942643
15655416
20973799
22988081
16332965
15367564
22643311
18703606
22094934
21251592
18486728
22234627
15283148
20557467
18852148
22070017
15507176
19190626
18564868
17721579
17111999
15073131
11117786
14988743
15930029
10850281
17936563
11586103
10950147
23062931
18451236
19847680
16596213
20615172
15604278
17311504
16507217
12020170
16158422
12370744
19483741
22257673
16282987
20087032
17097832
10482196
17113234
15226612
19814779
17987122
21764391
9853593
16925482
11688845
17187073
20622016
21373875
18480068
16531711
11464447
16969343
21657840
15509672
20704462
18539615
11919237
12635130
22964210
15314969
19409037
21147694
11162510
19156919
22740201
18054677
16857824
11106678
15956644
15800944
21684838
19350468
20687181
11357872
21041378
20877896
10327070
17947471
15245777
21432892
17690508
12647367
20131994
20537546
22015288
19318626
21607830
11040787
16823172
16827104
15361828
20979677
17682205
20001562
21741829
16249638
19276287
12048273
18048824
18165702
19107109
18676329
10945564
17702596
12703211
16368559
19889170
17214797
15133471
22043050
17134561
22238928
20975737
16831078
16086636
16821596
16740723
11180765
20716957
19920100
21704182
21839418
19393584
22851567
22127284
10898354
20406919
18497545
18773269
20389136
15864644
19517218
11774167
21844010
11822753
21102420
19235594
11426640
17369857
21862872
19761426
12009234
20665045
12082616
16550004
18823221
21693729
11773286
18359632
15717740
21863310
18505279
15272530
16632435
15710948
14692077
16875274
14613984
20811704
21406472
19091778
20175700
12703461
21030571
12145992
22059994
20805062
16048908
22384020
17200359
19467222
11791123
21370886
23061348
19895711
16311733
22565037
16978400
17334996
19803932
21718560
12763221
9662357
12632061
15868146
16137436
20103626
16450285
15117984
19563669
15767552
12855616
15093570
20103628
15206216
14648698
20024517
17551492
17447590
15892011
16293854
20085519
20954329
17593621
11575297
20530275
21637380
22261932
21930637
21813259
21558407
17060943
11899418
10482193
16001994
21566669
16720915
21160418
10426457
11865950
19730221
17993229
16430472
22850551
21673877
12605564
16947041
15140285
22467666
20528233
18473980
16314287
16893744
10519379
12422052
11249542
20458634
12454315
19593526
17210705
11167089
19063696
19029832
19394894
18246048
16020672
22476854
19130408
11870153
17545543
11737889
15490373
11984589
12586780
22215104
22410709
16774083
21353471
17196347
10352069
21086124
16258084
20603435
10418507
19409087
22126548
17719769
17004104
11751413
19917836
16269471
16319089
19275756
20825223
18343522
19192581
20721843
17953880
18777951
12227060
19408965
16254457
16533787
22108523
15641483
16264182
18855638
17465239
11685722
12234024
20204119
17316345
18796377
21129615
21122374
17688683
16393485
16632434
21749885
21487407
19418111
18463331
16418322
20023567
21271476
17682204
15208403
15120666
21645926
11301372
17538159
17089011
18854526
15500243
14978885
21517254
15685824
23020282
10889820
21499233
22949432
19762531
15933419
15210798
15756027
17218636
20683054
19947807
20192070
17134970
18448549
16522889
22059982
17697543
16533770
22370716
14532967
21134821
18219850
20216404
21394646
15582322
16470035
22809649
15324695
21929325
20479394
16111459
21420286
19404916
19803833
20232140
12374283
17606754
18202913
15032666
17869670
15762277
21505336
12057040
17085641
17883287
15289297
18074578
22528939
16733844
20419393
15283154
11694785
12954122
17370072
16932067
20581867
19884543
18787301
12123536
16205597
22137850
17622245
14507945
15014356
21074348
19640652
21915118
18495569
17606733
12673701
11935213
19856594
16552629
16061673
15968749
11521719
12138394
18818943
20435571
12902879
11049052
16627988
22042935
14725792
15052442
21701940
14718785
21319263
12050677
17594952
17718306
22124364
12800791
19652667
19252432
17652060
17785729
21794114
18641009
22821053
12677892
18625725
17278710
15838425
18365198
21558396
22019483
15250905
16445372
14760109
19364051
18038883
19803892
18931565
20403251
18728660
20353933
17914589
19701706
20870917
22445003
15107948
12683876
16971738
15732132
22841590
21586176
19250202
21985164
20213953
14619518
21129604
17470681
22042958
22858362
17682185
11706391
17011740
11521727
15355889
17637540
22884504
