15227381
7827716
16987578
10467645
16713398
1537112
971475
11334829
6486552
403297
12462906
8029534
10082261
10960896
3800061
9869997
8430941
7102563
19954504
15570021
2332983
10810786
2254558
10089847
9036699
1755510
17307418
8041168
15880075
20873322
1595535
18479802
9141606
20062061
11282666
18954931
8257937
9082524
17116769
15926234
7482661
15768606
8452255
10545437
1539694
8160589
15919574
7662460
9988003
18043166
10995402
10803438
16051112
1636775
20890198
1934362
7256231
19359720
2220705
2137998
12530492
8420852
6583026
3992233
19738476
2164246
6209681
15654201
19187920
2680503
6207674
11894597
19695461
8813621
18294476
6584207
8491005
1762280
10524731
3233180
1704994
19689975
19487928
15508659
20158619
18650985
17946756
6476544
6387782
15563535
20661603
17855828
17669765
7888801
20627218
10840491
6703429
1443203
1631581
2096133
15089996
1230513
3777454
3180394
12614802
15531068
6861315
6116054
15038419
17928994
7909369
3189140
9360111
9006783
8897943
8831394
1451546
8290815
15797274
10808739
16847723
10515565
21849269
14990331
8455576
1850334
1709406
10523875
2772745
9178389
19144533
2969421
11114460
19802496
20128157
16762479
8817641
2165975
15582320
7260980
9539466
18467889
7905729
1670126
9236435
7354738
2087042
12198059
18424446
8456761
20691123
16216015
12908070
21946723
707290
15615416
16013187
1721204
1645624
12574892
7285294
980725
14769199
2468057
15090931
21943939
11059974
21846175
19929823
7497048
3943331
12919770
17433526
7991419
14641186
6196735
19627175
6711775
2212380
18070813
8526612
3048863
3889107
11884214
7272134
7903243
21353062
7515218
2436171
6025722
8519283
6616521
8107332
11781965
7759708
8834682
19523740
3442769
12048234
21715080
18706131
16442386
21135807
7598835
20817375
8417664
16712748
11446552
10665325
9444338
622980
6439233
476756
442945
19708226
12669947
20732605
2000751
10525249
6731464
10507713
10499734
2441373
11327334
1985380
11986605
7285049
8005120
11156104
3198333
20156577
7834942
12356642
2261677
2392766
7509905
3954180
8186442
8489657
17257730
20627518
3687356
3190330
7074751
15236050
9618433
2863148
10629685
14707944
11333050
11993081
9560766
2676441
8174587
2947091
990042
19469023
9594337
11723022
18083285
930840
2502327
18593642
2589195
6641037
157241
15764016
7587606
8712431
17590058
2054830
4018467
15582761
1877450
8168025
13353
7094268
21526208
6887495
9049592
2313229
2798552
2331763
3604373
11806092
7614299
16171023
19245968
11581076
19034029
8077527
20156592
19604618
17244843
7743623
1451155
6200415
7435665
19484323
9480172
9225198
9269946
18164118
2416504
6129796
16297263
8237823
12628558
2596184
15683510
11838340
7083509
2796242
12380781
9446064
19622504
7245722
8615078
19576333
9632447
6414280
19934423
7417884
10037086
11045409
3728308
12615580
9988102
16077401
1893068
19964800
3970766
18717145
9832486
7784723
4051798
11082127
6714916
7864486
513065
820300
15497383
10579405
10561732
3706154
17343723
12055758
9781791
3995804
6607528
2344226
4755185
20237345
12969114
8395847
17181536
12477325
21460721
15761634
8042759
4006121
7105167
8427440
4004089
2913541
20108829
10815477
7749386
20509177
3022964
6118980
20412965
21632167
11526368
2277476
21093141
9521325
2417856
17338709
8701887
21267968
11980683
973878
17383792
11916437
9586154
8348575
1315468
1472963
1804520
7053604
2685082
3180372
10078157
6705808
7673081
4852115
837498
8831416
959327
21383000
15508673
10543431
7991919
20211190
3742760
4051268
1921136
9014991
12645404
9025131
2029654
10604974
16961265
9737401
11239367
7885681
17946367
2239722
15597015
10193717
9033298
16934825
17451101
11795759
35917
2461069
18926326
7825372
4052725
12122614
14967959
484494
10220626
21705132
19103654
12798956
16883027
3180215
12668303
1512352
10073078
6630777
15978206
2653627
12564503
11048776
10412934
8978140
3687692
2581070
21963501
7064801
12325460
7615473
19855360
16116052
8734062
46703
8210625
7906165
7131307
21211314
2923330
1570884
2242541
7491309
7679583
17519115
2176552
8721391
9596425
2591029
6695656
3339175
3737671
18651506
14747611
1495298
865549
8056404
12538429
15838324
3364357
1397036
17243629
11216798
8337647
9197308
8172047
11584468
12204461
1621838
12482795
18977991
10313546
21413424
1417706
10348966
378632
21256794
16089581
17998457
6140657
14621022
7667549
8383970
8494429
2467078
9137725
18230637
6158269
4054216
6731258
2152671
11137825
12136607
3833822
1111366
20349199
12186264
1542097
1697963
10456633
4019937
7760356
2736746
16996848
14715180
1318203
12080325
20638042
20059719
1855025
16878856
16715035
18522786
16942830
8780472
19448376
9648339
7521467
198186
8694669
12427594
8828335
8375694
3273478
20467834
127952
7325747
7867192
17944013
21508320
2468947
20022683
1486589
18593487
11602545
7511739
3158692
4057323
16775573
9425619
20661007
20378124
12418750
6672552
1321477
2535053
9186286
12883511
7727827
8509552
9711181
9239870
1434713
16672779
12388279
11713889
10716484
9458448
16922995
863362
12186801
20876384
2290474
7923277
3782634
9504727
19525589
19258832
3343464
18973642
9667338
17631214
8600622
4081686
17374548
6708298
15211616
7117374
2257714
12193467
16472432
16909734
8768156
15533855
2818068
8230981
16170690
15812752
1480148
2006620
1122512
21686209
19150160
1372727
19051755
12950527
7435388
2058820
1289371
1952491
12804807
3753389
6702556
2197921
21076124
6852725
4007054
9054819
12152839
3779073
14625117
20620231
16516435
15496308
20838009
16102690
22041618
17521304
9035900
3739884
17993330
16283032
8640977
2178371
16776958
2476617
1967956
11410580
10064348
14596948
6695654
3567722
8111779
8490946
20069371
2411562
15770429
7356362
6673278
1222426
16836678
19994621
7695617
12553708
16337047
17161062
10962752
15802870
11133593
9027266
21147441
2440142
18375323
10548195
8570439
20449900
12197686
18697752
10482915
2330895
20515402
998481
20222297
9700986
1402160
11781933
16904552
718574
18951683
18830184
530727
1152572
42852
9618240
20102900
6779766
19766769
21577339
12951068
2390398
6837026
2374913
2404386
3973292
11227977
10924315
18584501
9013271
18552696
7683796
21698509
11699514
2536431
15226627
3970772
8624866
17706639
8582387
3247245
20156942
3188122
17341412
2457881
21123635
20837897
16008815
16552222
6702530
6839569
1381526
11465966
17574322
7453241
11789138
6431855
6220181
15172711
1835247
6719984
91336
15462341
1186289
630676
20449911
9709354
3704313
1855244
3581446
15989113
1947908
2306765
4019928
11971848
3367248
18679529
21447824
10440152
7977067
11233190
15050760
9026351
16136416
9086286
11332566
1969651
21348814
2512607
21286418
17876191
10353148
1811581
2976594
15992736
2057082
17054035
3599371
425817
1357774
15715518
11986449
19354034
9547748
19913974
16234896
1952275
6529463
19698955
1736579
15046052
1722900
8864556
21029824
9754328
2504539
7062762
12791595
6869567
6343935
8137605
2923055
3948371
1840463
8880800
1985582
6139433
10395401
7865517
21436595
16738269
7768199
11295530
441429
3728542
9701303
2965503
12826183
12625608
8210728
8096498
399533
12064599
8306104
10470765
14638547
21263380
16325982
94625
2363761
1378108
951950
2085034
10163386
9826861
2735882
8168278
3941211
2354511
6805564
16952922
6521230
2550711
8228403
12910942
1615793
1244227
10977939
18729007
20826968
3038396
15111196
12101865
2064097
16046942
2019002
9005999
3953387
21193683
7484734
11076691
4061004
12030787
2396691
17227269
8287403
16940992
3974272
7690934
3900727
18163779
19131922
11202626
20700781
7081038
15121066
20599312
7924581
20455989
6713619
17012130
10037832
2791087
5015038
20667549
3379202
21741479
14622545
3742762
17242659
3820317
7574053
1820948
8945053
7258756
2205074
12361690
8604442
6678843
12891210
10027025
1300045
20487123
2451031
2878375
1289573
6940649
15866401
15331293
7978563
10643188
2613163
12136624
2614931
12069355
15175060
8523454
3687840
3918547
937357
14516880
17965733
12589099
3698224
20370784
449144
19207227
15673389
1106286
2907102
7513871
4066228
16425033
5470042
7875078
18365152
1679660
19167851
19949647
2395254
31682
75687
20206319
7690083
21244851
8572326
10894918
1739198
12204517
12626969
2297147
1625409
20547666
8356978
9375948
7937230
6215975
15087049
12577393
6481277
18362445
16846446
2189622
1119384
1575307
10642135
9918444
20508762
5902704
11879111
7252847
8636567
1583361
12810089
8355485
21317769
3227051
21741985
2710202
11383787
7845823
453948
17548731
5485142
8202204
8494474
21802393
8031422
2789099
7211670
20471973
8706492
137699
19250101
17628319
17581484
7631620
17652831
9554651
16645401
2277412
3278576
7896247
7634467
20818141
12216926
7562558
12764697
8657601
546595
18156309
15681657
6834274
12867304
2750648
15939727
12419553
8196823
8076170
4110251
16119703
3417974
8784001
6979973
20667388
8851496
20650939
1341154
7205117
3687773
9259061
8649751
7559207
19241139
17369466
17020164
7952861
1706851
7317687
21463200
849028
15003096
9034638
17382452
17224416
16565562
17976109
19850249
12232565
19411128
2181224
21860706
20800244
18807436
17114973
15152293
18675033
8573857
9761084
7165850
18993021
7162020
16754801
7311269
8930195
2797897
8631649
8087362
6140049
19958767
3506605
12090903
9744433
12215047
17229306
7364054
1031786
18619620
1578040
20819589
3720776
4061666
14557215
19094563
10404937
1527898
16617126
16716897
1394928
11078407
7991158
7102501
2688982
9483403
8371824
1321478
2808974
10642130
9141608
17761433
3679790
10909520
11947975
22093512
8316189
9602668
1443844
1378111
2629762
21543012
10925231
15531070
9835260
12193090
1291084
10090234
2734867
8205573
16865301
1711967
1209009
20970286
2920305
15166836
6650355
1130125
17611727
17365978
10588160
2590589
15890322
3832179
11846319
1172400
9116964
11719142
496105
6650409
21051132
15771121
15078411
11114459
20351239
9183582
19631443
21887040
11055686
16490436
2147554
803060
18501587
2028554
2759117
19762749
8961084
11527229
12017981
6972821
16310266
1810684
14508592
773818
17584679
15294409
11480380
748980
9027103
2334452
20538128
16539589
2730231
17715617
2382236
19709508
18495261
1423033
577425
18503925
2593377
19259364
3656921
11094813
6650939
8836758
12854469
18326408
20331615
618732
1889057
6291806
8505513
2206593
15944091
1996814
19602735
1894854
6476549
20158893
21570760
15872127
6220285
5091894
15106019
7820964
16125216
16715121
17452161
19059573
16938597
10729841
16098504
3224356
18577623
17253122
8825880
2372142
3420
2106850
718343
3310581
401937
17312435
21183417
21603660
17901836
2774721
8576718
17367511
11192365
9617660
12240712
11373408
2693545
9064205
9788781
2796596
5581490
1990792
10651161
15505267
10718768
11453582
9180130
3477116
12475846
7778081
1510144
1703581
19642718
1629004
3472426
12695299
12408263
2312961
14745659
7846374
19077632
8882624
12033353
2090760
7645698
19242339
17616818
1821070
3218909
3037659
17152354
7551306
9143091
10585133
19684184
12438829
5902
498605
2447214
20410536
7533227
18846034
7606613
2620998
3556934
7504768
9830774
17282181
8899826
7805205
6151199
16903964
3547536
7259829
19770741
10089842
8352004
16583329
1188165
18581233
9286952
8427331
8288965
11055688
10625216
9804486
7923658
8376903
9380424
350470
2240722
20480131
2161481
7554153
17070829
14721996
10568664
19572878
561439
6614423
8445931
10880877
589223
11345376
2624113
1264912
1615832
1770575
2703617
933550
433766
19057058
3296351
2916779
8364947
7677081
9471337
2318471
9475267
12380783
8309030
1299206
5768127
1729940
623012
16569751
9416905
20015136
8968273
7479182
18456459
17352036
12000978
9153045
17281905
15094576
11738775
9782368
7681187
8434830
2759177
17468308
2468494
15493635
2682825
17573393
18306756
8770123
3066274
9717043
2328519
7860910
8025371
155881
20540453
12161299
18760928
4025159
21624689
6884235
3569543
8737218
802962
6342841
10567308
2118429
7281867
19117622
17936490
10868000
6138466
8685936
2471163
3889113
18468960
7850965
8446862
6091204
2289743
21871141
12413756
12452417
12107902
7467658
8923578
8668644
11494881
1692943
2439234
7158439
6350092
3699050
7172519
3087010
1711594
16643403
3359353
2725927
9810296
6781443
12792715
9717857
11048528
6176958
17360097
19395145
8167775
3430528
4015077
16850743
14764173
18554414
20950623
11078403
721049
9806222
3545680
2332981
9058225
2350015
849630
15837088
11502705
15053469
1879190
2237954
2889343
6736846
9153039
12833206
2644794
11989491
19187922
11373942
17395291
2246914
18758929
10722834
1877658
8005135
9988012
19521935
14659605
199618
2944491
3665949
12877701
20144151
2635836
19755263
17662496
12798428
8067232
11701492
19644575
1182975
3712950
9219607
16479
15226639
8848390
10433382
7554211
9563870
21998604
8183925
8660046
15851182
11393409
2968263
392960
7488774
1704610
2680505
21596318
9055395
7881734
1880899
17612669
17303269
2919536
2817561
8273960
1345320
9220148
11373477
7148707
10878969
17081562
2624514
2457304
7625625
16199288
11852890
1705875
8263485
3942083
18522775
18221713
9792265
2410875
19751621
21332365
21232669
2129022
1930393
3784272
17697310
20372005
5662552
7647953
11263615
6126359
288261
15123529
12398769
21268723
18761265
18935712
2476590
831414
1261581
16156840
3142943
16627450
8010843
1573777
11244447
901074
3336223
8914873
2039317
12423571
9750683
7018338
11843481
15629553
19789452
3754279
8859944
15271011
16989936
8813547
21163888
17546108
34741
16684571
6219686
8237833
6746842
17963350
9005160
18358980
20028997
16546
15336809
2655298
9373287
201667
20858132
10592928
17984356
10897573
10832117
10998882
3062962
6625366
17209444
22005390
8263798
886716
4014044
16699991
6521955
1730202
10879417
12605028
3564591
21366434
16529
19499481
9451307
7659874
1725907
1376786
15246580
2976288
2272151
9311413
15928463
6193351
7960250
19926871
9354407
11326341
6692497
10893389
10487232
18704855
17132797
6614806
20234809
738119
403885
2805271
8901482
3129950
2891199
3874780
21097218
15773270
8249620
10431950
19167721
14132168
16563600
21556157
14675006
6205378
9118691
14720165
10981854
6140895
8904682
12104107
7596133
492252
19963790
18704668
17288768
12558318
983078
1123718
20163907
16649726
6085402
19022610
17212937
17015062
7939218
17171902
10825624
8605437
8174867
6854910
2397130
9673513
2579181
638626
11901046
11296869
20055203
2573214
3779932
9616342
6477776
2950427
11704194
8820832
16049559
15508660
3680803
19505042
15787302
7736752
17544893
9594848
21450387
6789201
1553882
20123697
8010049
6858838
2447396
21380488
10748309
3680571
1934368
3416721
3919549
9330737
6733874
3737063
10219239
4004996
12842649
18164796
16266456
21091604
21483168
6084770
952259
21227467
2277457
8058576
11071670
1421065
17640478
9054868
2456550
3406695
16625133
7113893
17351169
1997305
16171749
9595504
2597508
9774183
3730544
2174184
7470764
7497778
3958332
1280716
8838649
3187073
15523943
9128027
4904240
16947095
12205024
17221043
17064196
18292721
1965346
12645696
20836960
18037690
2182208
19321536
11801356
9678284
8973375
8391413
16772624
16340755
7083938
8748974
4072870
11693776
7953849
8070257
1714409
2970113
1298721
2791596
11940795
18448260
21669960
2335028
3643
11520449
3558986
16441728
15333091
12685138
10434515
10577397
9950878
8678330
15582766
6613506
8144780
6746673
6478466
3383406
9437356
9350792
20091252
3788801
17113209
19653175
8712117
2054941
15018871
14088825
7492039
1307192
15644659
11826196
9181272
3619167
15286932
11191365
19481504
1617781
9304176
1868989
2138116
18504556
4031281
16935924
8479943
15993735
6405764
18839683
10334430
20569728
21601113
1121662
9711188
20126597
6194681
12748217
8187370
1975523
12842550
15840473
3820514
8457387
7777416
2416567
533962
20674087
12500733
20808215
7586280
10987051
7049202
12483066
12169240
20621925
2188895
12649377
962037
12204463
18187071
15871757
11584417
1483774
1553884
18850871
3778235
7869331
6731295
2468944
20181204
9386148
17523411
11991381
8608460
5040657
9926275
2620326
7258758
3336964
1616213
2312033
10455308
11215244
1572740
17134815
1658894
18093948
3052008
15758878
2297160
15166566
6965993
3588522
2173646
3604871
19843925
20424405
1937981
19782792
3524488
12112888
11770444
12771673
835466
16307738
1389711
2855721
19656251
8733017
17410500
11775016
1600531
3578040
3425337
10080451
1792808
10911530
19938556
15246585
16856380
18617315
2031932
7524295
7191789
2892942
8530326
7436047
18990637
9435617
11368893
20598423
1395210
15334332
16670256
12522635
9686802
15828890
19573937
17907030
18463377
12854265
3801760
19195183
16384828
10816181
20494058
8752193
12815307
6865105
6120686
3509748
10895761
8443897
9659448
3580049
16080639
12828849
9155622
16390313
19484521
3334774
20947240
2095160
11238297
1306619
17610782
11349745
8561651
1914116
8112711
18439184
6970484
8403336
2770319
19165360
11513916
7889439
11911222
9007679
7741373
18820780
8593706
3959088
10810784
2411001
15642869
2468837
21078337
8593735
235369
7506318
9118534
18467883
1374888
21879210
21416191
12520143
2871667
17075369
12366512
10775144
8917277
8863115
21678296
8945055
1495712
2021115
1114892
17947251
11243422
3241320
17223729
18583908
11816147
1330356
621316
7832108
16787726
11879868
3072422
3171461
8569209
10731653
6409409
1743530
4060830
15070454
2360722
18728104
9714488
8069035
9335398
11228852
1847612
3766374
8701108
8149542
8555609
16533257
161336
386786
3825228
3661434
9106429
11578707
1555857
15201154
3788131
7553829
3947438
2125190
16583336
11719177
3609086
18344670
18479337
14505534
20420938
10598136
11686913
708995
3734254
11436520
21406685
8430397
3156733
3335704
7023224
15967386
19555615
12542896
8701183
8160594
7942521
8019227
11060254
12809396
3621280
8944912
6627958
12969105
3619702
6823798
6495811
16737789
20932332
12458069
20219395
9571729
8210731
1860231
2282730
17287391
8267992
2231748
18065834
19962463
8223224
3157130
17461880
6161355
20449907
476750
6500031
6690103
17123689
15574187
2344560
6856972
16333587
7350762
15103583
9527741
1986678
2738266
16104147
15856398
19813091
19575468
16507191
10846955
17767706
19753522
17599671
8304816
7135456
18565312
2546235
19484949
7871208
1690397
16944358
15680524
3084000
17767121
19394858
9815877
2140576
10947881
2863596
8832342
14992906
9121988
7722678
19007594
17317364
19952471
8204131
16108244
11275005
7363627
8877081
9812748
1700208
12969608
12717112
20799918
7712764
7881352
8539154
11959790
20606792
994017
21671072
11260835
7679150
2548270
3620260
3618488
8079053
7700834
14530023
12677947
19719495
21755806
8606519
16460969
19659616
1395205
21488150
17067732
2556064
19808420
12006787
7832398
800991
7752658
8346730
6650353
7743612
17072705
11834715
3598007
7438361
3619546
1991345
8610503
92589
1154266
19808340
3604883
11828932
6488827
21474456
21348253
2548272
9370408
16613151
2259197
18434298
11521735
8391788
17761545
448646
7363632
8424618
2446276
7858767
19052806
20810533
2519429
3992047
7508604
3234251
9988023
7315718
20690814
10482922
18957063
3966335
19422371
1000778
2665521
3497567
15484160
7555628
3154104
12668298
7784241
10466484
3792059
3614039
9315924
8508064
17273116
11407726
9745988
1889059
16968415
6465015
21122203
6690072
18672953
7711358
2581300
2122828
17988468
8097133
18356623
7752644
11432135
9935004
1183470
12925452
21320430
5433307
3359792
17031415
21208242
20495201
1765232
14711909
19051744
16818200
10461307
7954657
20616549
3965356
17457756
4036817
15461727
11407734
7723346
2992667
8682028
11505714
16936423
16251887
8383026
21545735
19055771
8809596
9355913
20620112
7094226
11886728
10321659
4052733
8111806
9579816
19908328
9272514
8184166
2441204
7661426
715414
6182894
17984046
20825880
3343298
3673664
7370825
8424390
6862805
7720285
2508675
2719133
11094603
2012016
2706577
7154512
21691376
92414
9710100
8962550
7924505
9091530
7053883
7506325
1287834
15226695
6578774
7634270
21427276
1678027
2360499
8273887
3476969
15227963
2895838
17338766
16085676
16342343
10789822
3276126
12083739
8129192
2106423
12906990
8310966
15500038
1650019
10885283
2410699
7977099
20876969
8122724
17606086
10868744
7937232
8439030
14729438
3521579
3594293
12153440
12660676
6173051
19935863
910715
17097795
9259063
1206847
15338021
8504660
9737650
9133527
3965173
7585757
15321564
9733356
7842456
11768741
18819261
9800036
3812277
445762
2423974
19478698
17391787
2580279
10386674
15358027
20971297
20620738
9718999
6476546
2252709
2146019
11578542
11534568
10976767
9181263
8701105
11829832
20622880
16456724
12428342
11685340
9532813
17470982
17725760
8743763
1227689
3946252
6634540
9264422
9196418
8969566
16616735
15940090
15603265
11433216
21234696
6179054
9727657
583897
20498415
1965348
18001465
1412330
2750646
1645062
10408034
15980873
1794143
10781454
11099991
3825117
18499565
17101205
8377762
8444685
18556110
8701739
2895222
2572693
3096230
11780456
81132
18456644
10446829
17114971
20153555
20398354
8217452
8909917
2442529
16538
2252174
10414305
20086611
19473120
16799233
2026914
16131457
11078277
8082861
20675999
6849258
8322374
7535899
12583121
9206562
1080349
17095136
10604892
7201267
9171544
2417852
19474054
2296929
11225942
12910982
18233965
12717095
9546017
14677796
11892790
1490522
8130021
8159605
1913748
20128387
7802370
8348576
7908982
9883570
1993133
3707667
7192150
10471351
12692751
18586887
2421289
1712951
12848799
10677415
8526712
9605368
8602562
8199744
1279544
15960886
12084594
679695
14621834
4004090
20688032
20449908
15901966
15517418
12613359
12969609
3339900
2277414
1609943
11502700
2603974
9727552
15715681
11078409
6828092
15702906
2142898
2239706
575496
8567007
1518080
8256706
6243138
1618201
12033344
9757799
9612979
16276186
10568645
6883412
7459181
14732200
207734
11139965
8678283
833990
20334874
7513874
15273458
8237836
20671821
2273744
7092449
671971
11310522
2840514
2590914
20654080
18586375
12386150
21330940
19242324
12716112
19365654
9602658
3958343
14521665
6846088
2310001
16171754
11719158
6714917
1486590
19699933
16023251
4013986
12499613
12015242
17724889
16116871
2858234
11023932
15187519
2794949
2010452
8606533
9769243
14732822
6733362
11912950
7674147
1244735
2132137
18724970
9202354
8947976
9595506
3774563
7692418
14646469
10867385
9127418
7113894
17652891
6367576
6705156
9311212
3265799
397917
8056002
7001975
7635399
12842240
12010909
7818956
18312775
21665454
6697460
11152377
14510657
6164783
7680457
3027808
17433188
17095865
10203408
19376416
15246586
3012225
7475135
9178386
8711942
3038648
7142873
6848232
221701
17020699
8585865
10995416
8067831
14656837
7877320
7137686
12831706
10474936
18594476
17961944
17562958
2291612
3916494
3566986
16450807
2481290
19384088
8800025
15050764
20828914
6812406
20674997
11557539
10047618
7517886
19168499
9973018
15145002
11195788
10422623
543748
11947978
2684993
6174093
7222906
4025111
16532587
8681604
20353416
6168823
6381065
20859894
9290402
3937812
11841882
9323095
2435071
11431662
16842817
9522659
21333167
21512816
20437113
7805247
2064510
18207624
21894795
2439844
11527120
17088016
7512467
1843045
8508866
15094352
3568304
11565363
15596030
18971567
11801350
11248777
9870012
17461877
7934540
11098950
3177199
737668
2316926
2240716
17355063
9581950
1146696
20449903
8867711
1371005
8504500
3336979
2446587
19376527
1575622
20622476
7977069
17321552
1691383
10179208
8089437
10482324
953604
17319402
20978016
20414435
7810741
20924224
15381641
3536158
2298517
15851310
19478468
3954276
16790203
7295427
12042012
16777521
10358800
15123648
11560050
2058217
2811047
16987585
10155232
1701541
3557882
9657398
18556107
11406088
8210732
9387016
18277556
2009617
6169045
3621699
15350817
16433239
3947171
9387391
2092724
10501337
7955188
2414749
3335062
6410394
17947082
112408
7876947
669918
2911533
8013513
6176080
6470334
1442066
19377383
17993329
11841890
2502097
6778187
8434817
15175198
2303634
12136627
19767532
830211
17056830
15637086
6501720
17369942
16792027
10867999
21223550
6732093
9030996
11422577
6748469
151227
69296
20676948
16022960
12818971
9035478
17308528
437670
9725385
19948506
8486488
17524346
8013678
94381
2578645
19395416
7304428
11838353
16337494
2530953
10666354
22131820
12366610
17350380
10192852
11382519
19024020
16474186
11837614
18992984
19027611
9375947
18359140
15364745
15977773
18312676
1678791
30327
10687106
20031872
19662530
11417270
304245
10528142
7137033
8651787
12832868
11583907
9509356
16138919
7685898
11524644
1507517
6753887
2104516
7864480
19492035
16242524
9595491
11927524
10678144
3154673
10525488
20095497
7743010
2242460
18824916
18219175
20451213
6889941
2767123
7702431
3565240
10330388
3490565
8565167
2331923
3931981
11801346
20935561
3708203
9080033
3673160
3136831
2493757
17116770
21976090
11534842
8649172
1522841
1281453
1337740
3092625
16307996
7866057
18651441
7606074
18391108
8966505
8768152
20847502
1638559
1776485
1384002
8793587
20185109
20051137
14520316
19356768
9527209
18299974
6542253
3586084
21740136
9554664
2755121
9652366
18841071
8237392
10370400
19506326
63338
12502041
4093572
10636189
1182935
426960
3782640
8271531
5048646
1628158
18495166
16142151
3886143
10825621
10969688
6530923
2389298
12405569
2456549
1582830
17728044
12830072
14746720
10218734
20586826
12510035
3993568
11450941
12164448
2526385
20632952
9626461
7354733
19744274
21180116
20558904
20042857
6453258
2920075
21555709
13460229
2023396
16385918
647893
3059853
8174872
18172170
10634280
6189057
3622270
1562099
17485963
16415376
6294397
14675014
19026858
11279328
14765578
7736499
3394985
16214437
16563595
9404758
785955
11466138
7067059
18562076
15210599
19561746
17126472
15312865
1731450
16494991
2441915
3521515
19529855
11486579
10456626
1476321
1529903
17452069
1860199
17967919
2805298
11327338
20930968
4033300
11593209
1376897
21789920
515728
15733752
2720866
16538942
10724508
1477164
1078265
17169871
7904940
12687881
2745010
15928737
19217761
15495691
22024336
17669999
10433502
2009633
10992961
11458289
11145764
15166839
2272067
8794994
1918272
8141086
19193676
17174189
7058832
20533164
11204013
3595466
9458427
2043933
3802451
11954958
2581088
7210772
2429275
2943379
10750145
1697370
1202763
2171114
18195289
11719162
10074308
4023041
1706504
2413288
18406039
656236
16754630
19484523
857457
17371804
11593512
7137039
12867308
2005663
2967165
8547206
3712951
19485872
10868738
8143220
19159900
10422457
2392159
15063419
9691597
16802576
16214844
10441951
9755595
3816277
1346553
18503713
16276438
19477391
1706853
15627435
3207065
19266217
6821017
20632950
21088859
10088800
1708198
2750650
22010462
8919348
3568051
2801757
8191028
9597413
166259
18070031
872158
16015571
19239476
10830085
12933426
12498920
8924132
1236644
9322583
11770304
8181163
2816754
8953941
18091578
1560869
21820554
20221817
6546183
12622441
10688593
9822101
2301797
17383070
9474467
7226483
18653669
2367517
8472715
6109900
19893373
11033381
2410743
19634696
8555563
15709458
12226047
11139915
3512082
3698255
17048687
20237762
8877429
8944993
17008329
9510250
3443991
3398054
3411868
1686460
21611715
1688986
18359312
12729848
8302066
2632826
19114905
21835302
17272354
2909565
18172535
3132873
18562074
10921572
8548111
21696549
12534486
931631
8215700
9223569
2805263
3591711
1390961
8391916
22018487
18592925
15851183
9221302
5485144
9481003
14531327
1882376
8375155
21553612
9593567
19749168
16039037
19915171
1810599
9434919
9244739
21749829
12693494
2924074
9413700
10826469
9031532
1355699
8157902
1562118
2926043
16613191
12722534
7542556
17244927
2178376
16598532
10525930
8267187
18086065
10440145
11147020
239801
9851966
3742163
8246536
3812275
21277563
11781952
9488820
923622
7246790
20226127
10611436
8609329
7713171
3073762
6361803
901623
8412352
18308756
3915712
1895608
11811374
15905342
2513204
21436723
15997358
1182981
9712921
4025166
17904171
11942588
7803424
3344655
7773535
7956430
18654007
1539898
15821211
10626751
3636581
21208244
9535489
8644590
8491022
7898072
2273547
19804933
9667331
17114984
12630535
12776858
2364513
21358401
7488456
16457933
15877617
9287085
11501061
3118845
9666661
9083883
8079059
542824
21092648
12137348
9081104
20135082
19070294
11216829
9672781
19685128
1539820
22106818
240330
20874674
3928898
7242171
9007672
8820839
2066645
15956128
612599
6608928
1728509
15337224
20461544
6600577
2889585
9196267
9047046
3186975
1897763
1375688
19962225
2438498
10960389
1638560
1725050
10886034
3389169
1676965
10354978
2423333
2893037
8391928
2446637
15023552
9988107
8139172
21563498
1951123
3111239
10443021
3599375
16133858
10921786
2720297
21418240
15044199
313764
16806640
11119463
17293889
21690495
11004139
19261991
2738265
17985383
1439215
937883
19272075
3510761
67800
15978800
15222238
8222679
11925894
8351419
11436522
17652335
3521804
19369089
711398
1178125
2444929
11726292
19507649
3989120
19843917
19068583
2427810
1518078
7988138
9989970
6624666
4009682
2007875
20627529
21608219
17978864
20811538
6638049
17584683
9189186
10488934
19220574
1514716
15928465
15862414
2182307
21727093
10965415
11278095
3311573
3608126
16216608
12325461
10534026
7809482
17386163
1877967
9474663
11404142
19218576
6850085
17069956
8252676
21498778
6547068
20959785
17312439
836498
19752324
793369
9821062
20740388
2426459
16372882
2650689
9009766
3841382
19602830
9355899
12909384
3966746
3948352
2375073
3997292
8269314
7882467
7939521
9505952
2094642
2515823
1388328
10781354
7120746
453927
2353670
1976788
19374752
16882339
8800117
10209831
8732374
6487894
10411556
21421193
19145320
10747005
17553610
9394573
7257463
241837
12584657
12376707
3364144
2091611
8287211
9744442
10066715
21301131
6475774
21710771
2018987
11798623
2064101
7036708
567666
11394520
7942492
17335799
6471349
2476776
1612103
7596118
18051489
19720442
19597050
15305954
1770580
18990361
18089314
1712113
8185091
14963499
7947426
18767007
18585905
9543926
12826637
3621277
1127122
12528784
10798028
324738
15451590
6342837
1551728
2514658
2469545
2060107
20230474
10367104
487557
10890626
8530198
7116254
3104065
12628562
18534295
8865227
18834945
8957224
18785945
1984859
18223543
1065304
15812753
17036099
21473969
20096482
16598521
10903465
9863573
16826982
15293498
12606732
6803699
1376790
3598010
15553021
14584507
8616935
1608166
1810704
17584692
16238130
16895771
12647553
12776574
7600832
20159390
7600871
1999939
7497721
1208871
17878423
3894475
15389727
11339445
1117729
19998800
3745714
8325316
7709172
17959337
8213456
19332391
7306282
3297402
10515554
15485719
11736698
2472615
711399
3403834
2690909
20458486
18691236
18339207
16678959
10918676
16105018
1552656
3732288
7748046
8774835
7602747
1479771
11098949
11208236
2210900
20358774
17074106
8771129
6848216
9872635
1143171
835361
16893704
11356932
16370052
407173
3702039
11738784
11827933
3444040
8733015
2023440
17261148
15198240
15298250
8727628
8221763
7800561
3609043
16943951
4025175
12521339
7861611
8992425
18534288
1999027
15224641
1109245
3940779
19150163
2504083
16618308
832347
10201680
9085314
856561
8610505
21180384
9810352
8569227
6122584
11689806
20842256
8712959
3340651
7036965
2148474
10806832
9230868
15708960
7071544
8100476
16053948
10613934
9473822
762666
1728493
7642017
8493402
19556250
11838345
17316954
20697672
9270644
2790295
2557459
11544627
872597
17516304
16267250
8017308
11426478
7955266
139466
7923303
10150501
10969759
1401631
7702432
3108907
2878601
18922389
17338710
16987589
2298837
20185668
12732277
17761506
3378200
11430926
31290
2452320
21234762
9823406
6160561
21200122
19525573
20407864
3492234
20569725
80961
4008786
3229146
3394631
2437535
15891264
8403313
1271620
3248108
7438409
874964
8013028
16572638
11755295
7897878
17413310
1472967
3983733
3256607
8267506
6195459
18326131
11856964
7930294
17602043
12385445
3896059
920585
19731161
9539605
19962380
16296362
2236919
3449506
12193092
6499873
3383467
3284626
12009224
12549747
10028944
7659873
19446839
20050961
17466432
1356781
10767496
7044239
2362465
15508675
11770305
15007270
9283514
1246956
21330793
9399610
16672777
2736192
9660404
1320702
21699851
21177015
14500142
18065527
17197851
10500048
3801299
2441161
8539157
16426932
11563347
20667548
10836215
12847399
2637951
1869328
17184687
20463331
8830421
10782611
6286027
12935683
15333096
15828253
11114463
10625162
7724946
8932989
20798090
1882213
3414486
16405030
19367230
2284761
6191139
20532436
21435423
11524349
618730
19968931
19484325
4039460
998529
3218608
14728022
20934296
9459110
6714919
8993937
2470990
1576093
4015263
7270437
1279307
9238398
10078082
6152473
19148714
10097824
16922818
9005882
1965347
7790334
7868005
10864284
7363210
10853378
2454762
1087816
7656640
19809326
19770665
3145935
8558320
2020615
2121082
15724468
3718792
1939961
3940671
15586530
10758052
2662992
17970963
3370776
6198813
9595411
3896811
2667406
8494436
8519009
9220176
16519986
8719091
6152091
6729112
15174223
8963739
16236934
10862583
3349588
19022157
11099162
14580741
15993734
18340383
15765754
16132312
12639873
1803757
2576192
11032054
21029406
16545051
15588130
1568956
8674254
3661427
8016191
17585081
7479171
2302289
12759716
12756479
2210895
8298322
11196555
2240746
21187697
20423344
7724385
15770432
8607389
21496171
8867714
2064497
6176960
8481561
20170612
14531214
15614623
11447091
9323081
3620034
8060407
1421250
7933734
18616737
10387143
19734503
19422925
1910797
2456534
2916195
15566924
467275
8696061
4052059
9193975
17018354
7736504
22111357
19262373
16932087
2485067
11282061
8969576
17587742
2539765
21186271
7785300
3566851
16755342
11150389
16946446
2715556
17897138
10825623
17236989
2437788
17507354
11797993
11542763
1772339
17334241
666188
17784561
20371144
1188189
21747066
11843474
21093871
8321004
8763414
17932591
17241523
5113015
959990
11796662
11065200
10486418
17281118
9405182
9575914
6749205
3662405
2913781
20667547
8022059
2268921
16199289
10952330
16179525
12196329
1326971
8124792
7594845
2973838
9187174
21362369
2624115
8679234
3663023
7978565
16304469
19706159
8195536
12717126
21805209
9793104
945361
8338006
10854840
8853310
14623812
9137218
8022704
9665057
7498326
12570948
8669669
10484418
15840466
19804931
2418303
2204506
15828882
3064747
2887288
14992120
17060379
8529248
6852097
10342137
17169129
18379264
590296
21666037
10555597
9140327
11200120
2968112
21516073
19581034
463772
1882538
3661580
1382385
2520916
18690968
10440086
15389227
2434745
8005118
7841276
12047690
16050272
10470629
3942652
7074798
9430964
2594261
15563108
2648527
8945687
12641355
19963770
8230246
3742033
2419027
1983307
19149795
3546751
18307623
7241728
2466259
11997861
2468054
16607050
3732090
3198335
8571777
19555635
8360550
1659259
3227859
21200326
7151080
16403167
10348539
9054759
1586407
8131287
3889110
19012216
21029874
19669471
2716178
1010179
657178
20825870
3178951
17587747
21556476
11726418
8844301
21068619
14527358
6209684
7202895
17367369
19135382
17015065
15209475
22051334
14758178
7846373
11893370
2755113
10666509
12741708
11454115
15851216
7614298
14711193
8796110
8076018
9023449
2504674
16489848
2786705
16997785
7534181
6084329
12948066
11917978
16645396
10588221
1704591
2373830
16302904
18221686
6464996
2460834
12756155
1693190
2402568
17254652
17870482
10220076
8608708
2318768
1865701
3393179
9876317
9419477
459216
16080274
16984703
7648661
16884506
9527076
3378563
6084911
3932674
7627789
16495160
10646958
18503237
20001874
9856922
954173
16715237
7357831
3531669
62076
8200309
3676037
12589998
9684642
15036737
2242527
16904553
20096021
9216153
3824877
1182974
10904838
2796363
20975266
6204286
16309558
2719314
19735492
3118399
94413
16255753
15838333
11411242
9595424
12216510
18973034
8288459
9137241
15700927
19838474
15892662
11087269
8484054
20825861
17366915
8377211
2766111
8215762
9416467
3889103
9576089
2240249
9203605
19589796
16939633
3825894
1754673
7754940
15149432
12078441
2879627
1844424
21465913
1394875
12520835
300449
10523884
1797297
6624165
3799442
2248694
20334814
1122162
12122615
12114859
10956610
12883506
9887035
9593073
19024544
2504799
16077387
1192553
15159713
2603971
17611250
15733767
3236241
12543635
20650570
1690168
4081683
3904392
21165386
1980412
2372171
18549383
1425994
7981780
8160596
20083482
15640612
19896735
19540736
7468313
2449300
2195975
12275413
18514367
3500046
8376885
6658404
19671397
8736068
19721709
17550931
11852453
9990632
11908733
12483
6493502
18341807
1426800
11098953
9300301
10234724
7784479
20825910
9411221
2462245
2121017
3625781
9422175
18493243
15081185
11817814
8050462
12882663
3341170
168987
65266
4031728
11334840
2015764
8353887
16573413
12510136
6716161
19383224
3691662
19654130
11551885
9872005
1475510
10809291
7234705
16146018
8543933
6986800
8245327
21676368
3536162
2571440
9462563
17302688
8426339
5640190
1028121
21191756
3280300
11990091
20123673
6468005
16026062
126925
1633762
1413622
19655042
2789471
8348765
6720906
3092614
933409
542825
16152682
21781694
20881418
3907318
17161264
7020347
18702753
18233984
9201054
2433319
10518407
2879002
11369976
21710774
14764177
10220637
12625614
465877
12969611
9750812
9049524
9547843
2147878
9000881
7681170
22063374
16844245
8200315
7483348
10471005
19111115
1841911
3128305
871101
7960276
8658118
18022497
3712446
9507545
22078433
19546269
9833148
7227454
9654221
10962750
8372796
21175515
12710322
1721137
3554489
6151803
20715719
1834891
7637350
1417180
1449447
14502387
19447808
16501028
11573698
12625616
7916243
7528295
9178388
2849790
8724559
1596162
4046878
57784
15559788
3720779
21198106
16198845
4069232
8458023
8999142
20823646
1889452
21691832
11258108
11953643
1695020
15672341
10868736
1545550
8792951
6086892
11159717
11386514
2694370
17697226
8682565
3311004
11567654
14689120
7956288
10650231
15842434
9627069
15861907
7471373
21796098
11230273
8214856
19824814
2072424
2655364
7994855
7388424
22103845
20081529
7315719
1203673
2281790
3426823
20145346
1208991
10027827
1632298
2579929
19880418
3395312
17399644
21068526
20559755
8817975
20370462
11021472
3207063
42151
21779290
21737021
19351519
976756
1998489
12021713
3950248
21820629
7471841
15561339
7724386
15521622
9816353
19507650
10408028
3779211
8528488
17917411
2255026
7805204
18711611
682679
2481779
2376082
12683566
104611
1941638
1143115
15709505
2815043
10217470
2410215
19784900
2711965
12771668
7874904
11759373
10525099
18606316
11718970
7479573
4147426
2598729
17040974
20877128
8158665
21699843
8095401
10371697
8771250
19252119
12917054
16843546
10421603
15134237
6226248
8252668
16265258
10642270
2395367
7762500
978866
1877447
16620696
19499469
17161518
3372179
6700072
19249010
15485452
8277089
2395350
15793050
2303643
8246349
10072721
333938
1700689
10933372
2438133
12497753
16467356
2403735
17697738
8290807
11893551
12062708
8936041
3662165
17353443
14623800
7093589
15483422
19631908
10064884
6137365
8460762
3345014
6202974
6416040
18364190
6651995
17344307
11010375
887281
21185401
10878638
9051819
871113
7744216
9580614
9869957
3119687
8892772
14986887
15919563
6171686
8079057
17360192
10568660
3996245
8462144
9164882
1440169
11772887
9083881
6518009
2921326
10517739
4014809
15489846
9226044
3973298
1914919
7265629
8073465
6185768
11098947
2108000
9559252
15753736
1728458
8294705
7954587
6111984
15032500
6204311
4042451
2064096
19141496
7296790
8377157
16569539
20430678
16687426
11860348
1190896
7954651
15955181
3607810
7441504
16330114
16981914
3995996
8760549
1083720
15231366
6431856
10458718
7513878
18260991
17636304
6488234
17452155
727146
10089843
8632499
17684067
15227057
11875998
9347327
18256130
19700170
15338453
17143038
3310763
1601065
9684715
848436
12909374
4020709
4054137
490696
20081534
83734
2565768
6692777
1723767
17667212
16226744
6847806
10513331
9669279
15508664
14625115
2423572
11257484
2862287
21133272
14521655
20141515
12695290
8763407
2254550
7989801
8070826
3716983
20487339
1875526
3403207
19740283
2463570
9778542
6689916
10737553
7621159
11330514
6742564
10375956
6488823
3038283
1519527
8992908
7477447
9564918
11808
2438504
2468146
2921594
14513213
7242415
1442479
15838325
15939644
6680596
11216855
21692973
6186137
3688590
1807743
12741719
6145367
7944994
6209682
1929660
2115315
8102227
9093054
19171401
2463613
15245345
2809287
21546147
12650491
9078198
4072871
14604685
6103072
6869924
14625109
3570942
7396315
10969754
3242835
3154637
2104196
7211674
10525061
1652274
10821431
11821037
9591912
20487113
6475711
15680533
8108597
8434029
16014061
11208449
16981928
4061296
3618225
18768944
16374242
19631334
17568286
12353412
8976545
9924888
19855846
16943881
1925461
549440
12510137
9883348
6378805
3591605
20462344
2468143
2623922
17124999
15172710
3803796
3146370
6528622
3755634
3354932
20435182
19660597
8816831
1433815
15680535
1115067
6464998
8403337
6146865
1817776
7065485
2806295
8212384
9303857
2598945
9935048
10346407
20817017
20606793
6166985
9880203
6336923
10659653
17574323
8079054
6846113
1138552
2480709
12687868
2764800
8154422
9886732
429842
1416340
12973163
998505
11110439
16047119
12821251
6148617
7218498
8299645
15849451
1131522
8828767
1300554
18594552
21240687
15635131
431428
8237827
9493706
10676690
1183482
12867879
21916525
19383586
2464097
6162026
10513857
7113930
3778418
12611726
4390670
2246419
7796448
15851281
17488269
4037920
19450049
8902673
2512010
16105152
8613613
3777555
8266369
9671859
15182026
17898426
17993333
7197736
6133890
8210729
1715254
6867896
3492632
1443193
7452506
2202581
20337003
2437540
8135436
18098218
8306781
3655103
7944702
1806235
7321204
2317917
9366765
2342645
6195612
8844303
9657475
21095271
19014737
2755145
17106147
5212343
10470998
2966016
15337835
21763255
7184347
6730453
20347207
22027166
9869974
8964987
1988663
1715554
19075522
8230126
3131067
3492974
12171849
19101561
8901779
2998236
9691421
21251141
16567284
17312566
11905057
21034537
3349947
2329240
2225988
18212156
7921376
7796450
2100834
16031520
991403
9254126
15919562
2922750
7889256
18387637
8358117
694898
11046218
2465748
3582381
9468181
11426472
18334691
3655144
1402520
9074714
16387823
8557918
18786260
12668297
9534049
17575806
4795748
2305687
9455076
20876433
7743630
2499169
1182962
3444510
15451582
8842782
21332865
19898170
12238267
11473562
21841193
21317649
533006
1551189
12145476
17255149
11573709
11098952
880140
9580165
7295979
8792751
7250593
7069993
2740877
11416257
16684072
7594055
2603380
7923618
17629389
19902664
19111117
7755200
11486245
6783744
9072713
9651665
11855683
20708890
17062112
20019013
3567711
1507842
159601
842445
8701727
12473180
15851879
20589512
17283003
3398055
1287707
6723536
11976164
788729
7387264
8664527
6772338
301690
2429111
8427438
9293402
434996
11098944
16035204
1683608
9386845
9769228
10730827
15819508
16029381
7832098
11093075
12628506
10956285
12204454
16208045
12351289
7468470
8368541
11817837
8403969
19670788
6700129
10544968
18048585
18211316
18367197
12665493
10441955
3920889
8055147
7920964
14610266
12717105
1308477
19566839
11972032
8457099
20534201
1548112
3964800
3335070
11738772
10666663
19660833
19469022
14521661
19770738
8682013
21236548
10234716
1724998
7463537
19424522
2894666
10363484
20840465
20569727
19251229
8429697
10380512
6144114
16633076
2551010
15015382
10642125
12890049
15066948
19695188
9436297
9571356
8529523
19812810
19159580
10490478
19367168
18562071
21740880
2833285
18507555
8411194
9250633
16003602
3923079
17169132
2758241
7943390
95268
15826273
18929323
1655149
8960582
8358557
8357776
11535997
2632823
4085732
12025377
3220116
9689592
21235765
9358664
15911700
6829987
10935150
17444069
3421171
12687856
20693888
443643
7681951
18561608
14282
1806676
20441592
17300393
666095
18301147
1477292
17916151
16881978
8587349
16291479
8706374
8160595
10960398
3814056
16144314
6160279
186184
9558691
10024871
8893575
6156339
18219166
7991416
1861695
16987579
14694898
7249292
9918445
6617121
18392394
1134111
7826306
16200267
1251174
1274674
4050604
4087377
7270451
2737090
6823799
7641337
6519392
20122786
15929815
6476545
16775664
17179901
20571450
2241341
8600655
14165871
1207784
2416486
1487455
17944021
2600286
1544807
12193093
7202524
3382280
3056871
1704508
7618785
10326654
8289746
699982
20660807
2090545
8311734
17055001
7815007
7551307
2444791
8997615
17137658
1391398
11108180
17998797
8720421
12108920
11060866
1503787
8034875
20543671
7284679
17319001
2248181
8565170
10488939
16168293
8330852
2811423
8517386
9821854
6743921
21480776
122850
21591416
3885801
7110822
11601664
3800091
1689416
12535858
16966870
3928055
11947974
9140240
11446958
12074104
19130982
3392858
8975500
16468615
1356312
9627064
10834690
6617230
17680622
7237718
7420736
6485998
7486080
1521255
2156705
3598008
12910976
10833706
21075161
17670550
17461032
19589694
18843162
8343327
7084850
6575727
3598002
8902890
655089
2743511
3755364
8433410
17139288
7834937
21094699
751734
10148152
11078408
2344664
10417031
15851197
18987606
18756885
12856070
12433883
6693641
8176309
21743327
1263124
6125600
2792116
19693975
2712211
8287779
2848136
10395400
18091583
1586494
8274061
2856865
19285624
6655564
2427826
3966947
834465
10617973
17956282
21413493
2456540
2459667
7494370
9397496
3942052
8618956
14759454
3311794
6720538
7945160
6650406
20591347
6838395
16900395
7634893
8237873
9137212
17129539
3944264
3758180
17056344
719661
8810792
19167783
1174759
9153038
10935395
8751077
8923588
9436779
2930359
9455759
19081171
6826954
1249946
9398090
17721165
9039745
18090357
12383397
12631636
8959769
1287293
2449233
6171157
2210161
1804067
11049891
19185938
1520247
15276112
15531067
1699400
7513870
9507547
18551196
21276206
10808738
1259689
3271337
8509798
8500299
1451154
18356631
3807399
11846320
17443105
7433937
20491010
3655597
3678251
8682425
7039851
12924831
20883924
8714403
8575479
3673909
2094063
1396628
8213548
18373387
15226606
788902
17013312
3594082
20890199
18684528
9607464
1512057
11156132
8788447
16470324
8489662
18811803
9236345
18308751
8214854
7641396
21550709
8486417
8438742
3083422
6507922
2373838
8990490
15301888
15762917
19755698
2088600
11030165
2387939
2214101
2269535
6792084
3728332
8535557
10507707
21775044
3778591
7586765
8353864
15377136
1266212
7343381
16463127
9647076
18984526
10371787
2466399
3544793
10433514
709746
6548176
2252704
19816974
3526886
8160581
18452878
10101945
11016197
3113224
11835021
17728041
16769925
15911897
20099997
17379381
16822527
18704341
10591023
7697208
19587223
2721168
11995847
2574548
9362014
10944977
6624651
8796115
19942560
12414044
2571465
3096225
15508658
11346922
10772783
15492306
17094772
2887287
11843487
15086272
6200414
8873676
19608823
19455051
6884234
2224938
9627065
6724745
8780327
21087331
7177346
4238564
2050822
9558649
15145875
11419817
16162620
8795658
1338220
15582762
16923425
6613108
18536189
16271643
9711191
1353366
12393821
17343510
21705891
3597986
9259060
19939601
2738261
16029389
10071878
11713891
453985
2395243
1879314
11476743
11529307
907400
3047448
12228779
19077817
1709234
7712677
9768928
3499925
17682497
19048871
7598579
7492040
10223132
10402300
1361566
10719441
16500018
3512123
21550162
1151767
1700384
1721191
21569361
11041182
20961829
6867475
20160844
21724926
10225249
16487853
10614851
18219927
3980134
2441585
6180622
1722094
9173694
14739713
19065830
3300247
17630090
1744543
7956287
7564354
15801053
8103496
9830773
18346209
7479174
19764903
8820849
104608
715385
17454804
21543788
3390246
1719506
6929903
2263535
15985142
7606614
17583414
12652180
14621023
20732604
2680160
16600470
16563597
4008792
20472456
3530468
8256733
7643721
8322904
7405845
21166052
17244939
7270438
7505920
22001461
7937228
3872641
16614583
8922743
12589991
15312869
16916101
11136157
19760052
11675855
12793636
6615402
75773
8560101
18951062
1424955
10377642
20957362
10855990
12435187
18645052
16959324
2220635
16916859
1498146
1128431
6486948
9358517
16003706
10220627
14580302
2612172
12225277
2184913
2332193
10496329
14720166
14597146
2726785
17411259
9607461
21187745
3519380
12768166
19576343
16491745
19721299
15828892
8370299
10933373
15635209
14516344
10908272
7898084
6836419
11025907
7521035
11052433
723010
3981790
4050530
7915431
15964123
17584756
21699856
8269326
9162673
16808316
20327375
2160714
3566580
3021304
7549185
15510328
1950584
16433241
17468559
10816802
2417855
3788250
15883754
8685501
2808646
15828245
20137096
16546836
11153
16674188
1030769
9785869
17606938
2429748
17284905
3364336
12702160
2071043
14607450
2887775
11738313
8548113
7069325
6987423
2225355
18584508
15050766
7769337
6330819
1803345
1617971
16199338
2731947
12698671
1223881
3899131
7952414
872313
8864638
3890509
8287713
15826262
19734497
1492440
9170877
17628422
7987527
8187114
3028062
18952352
11009447
19270753
7898075
8363112
9091529
1933089
10860285
17902132
6858861
7630159
10490480
20083043
2590918
8604631
7882392
17497253
16585966
10483965
16672776
21631704
9253751
6625719
2389696
8959774
353353
3180373
19067815
4063013
1728495
17362896
21482008
17113208
8994445
11889795
6827869
1331474
11378613
8507127
8434828
11428480
11265707
10036350
16188594
7438579
11529330
8166065
8283162
8160602
19644574
10072224
20146780
15956633
6615084
17924228
21389642
1542759
3412383
8212747
10874262
6875111
9890406
1378609
17417978
7369102
2407085
3115941
9764067
6734635
8553030
19471818
6538990
10414546
21908004
1383991
10077525
17599884
16528
16309567
9352770
10966237
3092624
9288513
16940993
18791505
10948847
7801783
9014801
3998333
1578605
8088468
22040702
1289597
20656632
2916427
16510614
6635746
19675070
2158865
6650804
6854914
19914154
11527113
10155197
7840275
15708170
3874285
8498304
11490108
2680838
583217
3240378
19152124
17270336
18308451
633069
10681828
18551918
11838335
6187202
1993791
593967
1199933
6084771
7699737
15226788
19785832
6971633
19809214
942572
695791
3795968
9974183
15336799
7426195
6697463
3429186
6164919
2222590
12974726
16237506
1067764
11201025
6588551
1272092
20571408
19881337
19064008
21513133
1371001
3566990
9178383
18082780
7942541
11334687
2754136
11108193
2736745
9443433
6339665
6171799
8455977
17534930
3377287
2627663
1756148
18373757
2791229
1693311
3742761
8254706
8237406
2373828
15523581
1811562
1550019
7955268
18245562
3988463
2316954
7637171
17289244
8025989
1960318
8750702
8058296
2468834
6267887
17159801
4028385
7138122
668076
19201425
9201111
1315066
3416512
3903352
8090289
8212779
7770359
7586312
8213457
9473126
9922416
17827163
20120988
445531
3539363
11174879
16230868
10390893
18204311
17092685
7845838
8917276
12475850
3207985
12208228
336946
7930194
8725600
16174797
8124790
9223864
21423353
19168541
9489868
6158959
8904546
9673419
849074
18755345
17384884
11834359
7195270
16716136
2463573
11573692
8416755
20089482
14761675
9422306
11153816
8832356
8181300
12553709
3665001
3705907
2555931
18234007
1314842
15282461
21591429
3959939
10957787
95218
8556196
11154730
2148815
8800120
18405520
821329
20522060
3415744
1615727
9463629
7917819
7157917
17692953
19243313
727142
9367483
20665054
9740485
3793571
1996815
8616948
9725161
10935895
6713606
639225
21715444
18280089
72237
2221517
1972306
3922256
1554566
9604244
2309629
15875520
6898604
11330144
20679683
9607457
16806644
3373716
2716065
20055074
3376885
6479039
11690659
17159062
19818545
626550
1871687
12446069
19231242
2468930
11099993
6909197
1997982
6681930
19414637
2809400
9866799
20858694
2395251
16424844
3275166
1811171
18570833
10198716
9387649
9768732
8615317
19495673
18547438
12483049
6486536
8458036
4081694
6471350
3161463
48457
8553385
6161356
657716
20967708
12386499
17230329
4701797
11110437
14582091
3354934
18853243
2492466
6798589
1473486
1714630
2091609
12106940
14760916
16096450
11263614
2447405
2589161
1433817
11164848
3379201
7690935
1704587
9412430
3510234
8238565
17318619
3599365
9293964
10338034
2203558
20606791
2133843
7363628
1258826
6383836
7102558
1585701
6209487
2467447
14659602
21166194
16216770
11291805
4858391
8288928
12471205
11904533
9228191
17114977
5348427
21887168
11753012
990825
8830415
7805249
8017662
15680537
872596
9535491
16483341
3064601
18811812
7798498
893285
1203698
6392161
11215534
14754424
11192352
12204462
19250114
7539822
20189703
2457880
1163427
12136625
16360055
21502715
1394953
11436521
9681092
17933964
8044970
16138883
12711879
2712889
9209229
19864155
668750
11684915
10520795
15611364
11015289
16802528
1898700
16041967
17550619
3100599
3919621
6411261
89222
12771672
2433721
2627659
2303633
2064091
1143157
18676691
16501292
18978363
20122780
6794487
3202789
1553046
7872187
7661063
9872638
470317
14625108
16503257
21529742
2209402
1900011
19610566
21283021
3693430
11915995
3605558
3087653
234669
20727661
20738045
2426664
9581054
21939834
490336
17578345
6110721
1960330
11719116
4980616
8228640
6884676
2461179
18057077
20697676
3196550
15766390
1290655
8160585
19335851
12238351
11332575
2444931
18187292
16049555
15596875
8759248
10625157
8020517
2074629
1642572
8370290
1992807
8322562
15808771
9424708
16127361
20878411
22016167
10217874
7503255
6476548
8762446
2940288
3666879
8158659
7618621
19097731
18070313
17904811
17062820
3817371
3890260
11334693
12119255
7162976
1253810
6470345
10789191
17216548
9657478
3598001
9259062
3073767
14723512
15660035
15022384
8210730
11919340
14562610
1381773
11426474
7761219
17619662
7127345
15733768
2179088
850434
7605519
11475833
7680987
4026164
6368503
10901511
11008151
3189138
11334845
19722383
8894937
6621246
12409986
19194176
4030919
11713893
11599375
831741
7588897
11204072
10952157
985067
10424037
12516242
20606789
6476547
7127350
1442108
11811330
2797898
2000728
19234571
9781931
630694
11117372
8668645
15044708
1457861
11582721
17953927
2500247
2311616
3971606
902383
1279623
4050692
7109670
14658412
12845244
8184167
10459590
3181653
825684
2427828
2444803
1703605
9210850
7446427
6167806
10990285
15476615
18467892
2372169
872319
3816946
3170969
1087108
8665010
2611494
7977119
10097647
15362552
3776857
1267908
12105812
12161298
7072583
9309743
18431278
8652428
20489033
20615402
20498820
2521415
7681635
21638074
8538355
17886512
8268574
8556189
20705487
18652250
3527526
8199650
16249586
7832096
1348192
1942491
17547622
1130269
21478408
7970632
17116271
8446519
15290419
3556553
10721812
11447867
7304464
7363631
12193091
8924133
3213137
2496740
1711966
9827462
16368833
7722136
1649699
16431175
1085931
9179550
6383136
15158364
11837983
15166837
3890807
731874
11098973
12225729
14216141
17040249
15489103
20699443
11132998
7982519
15562072
9115791
9397401
10709710
19947869
7648678
11428838
3756600
1946822
16155396
15544470
6364883
16212080
9918447
16036844
20332420
3124591
17194400
8012885
10922435
11114451
14692159
9534854
1984872
3335688
8417242
18496378
10234714
1224571
9514187
12413757
14660999
11953646
2032755
3320747
21774762
6833668
12867305
957732
6446522
7504135
9669280
7564018
9305430
2675223
9763833
19140925
1691370
9363504
7904787
17560889
7923667
2018919
6714918
20299797
9809771
11141200
1138178
2455845
7852073
19619699
4079442
1439264
21801368
3584650
1102874
8214857
8201783
2332002
9869996
18450329
1243086
7923295
14580745
4061270
3556944
9085333
8428204
3280318
3747581
6395642
8419011
17653519
3203992
12969599
7909402
18565313
16225716
7937233
19731159
8082368
6605367
17725748
3310587
9626169
9436775
14584429
15278415
19412148
1584001
9475576
8497770
6778406
11098954
2912184
9140328
10281995
9808601
10562919
12439369
15261184
11110242
1689030
9411635
8176114
7799644
15644938
16155735
12800397
2888298
1572189
4082000
6823797
16221259
560007
6156572
10850535
8629787
9674489
9155121
17631078
6667823
15692920
10819381
12909382
18081762
9553677
4040670
17556199
8741557
3958344
9587428
6876550
2460837
7963117
15582764
1405674
15172272
10628621
10382868
7374695
8583788
3536157
14690735
6510621
6160341
18548170
12639076
691276
16942824
2254557
1175078
3147625
2355357
8490741
17714808
4008896
3122685
726553
2818236
11801840
9173706
8492338
3948359
2869040
849629
21138937
1614916
751436
12072687
1375686
2120857
12745036
8255976
9782365
16325325
1888603
2437714
2312909
7858879
7635402
3874404
1725049
1805069
7329020
16284648
1097341
9392808
18019666
19465360
3728285
21224976
19164004
8696877
1927913
14728079
17875945
19732608
2774224
11080321
12925462
16061732
8664248
11150390
4016818
7882486
17988783
18404001
8438594
1919819
1538578
3768790
16075603
8313439
16618306
2259059
18399967
8237764
8010840
432568
7784718
9562010
12652324
10634282
17180945
21255678
6942645
12132286
6623037
10361910
9988414
6143463
8017676
68861
14969616
2511782
11593633
2145866
12714561
7925506
3827408
6711422
1956040
300571
20619118
2341483
21078809
21672267
7131303
6876867
8313422
9082021
22116901
9918458
3379896
2403478
9774191
9235802
7459164
15240408
8041971
7300093
2839884
7817741
19881340
17097794
3513507
9833154
7481103
9270079
3155500
19145531
11713151
16938196
6703428
6110633
17876255
3348703
8134703
1182976
15933287
3964807
1728450
11642590
15678291
10482921
11514826
18687173
5771584
9579737
20890008
507455
1633206
3314364
2605056
18496405
18254312
18620793
15927965
17122765
19650001
7758174
15089995
19026577
3779071
2301793
19617226
3632145
8774321
18946777
3930268
2719604
20185266
11204082
12614801
16226070
12027848
18629465
2512051
10901278
12745180
6958193
879938
565206
8403970
7689399
12075257
2916409
3779720
11534847
22005265
7642042
9244239
11469426
15073701
19789414
10234727
21833514
19781151
9935005
18090359
1337743
453972
2682018
22147994
2730548
4061272
17414084
2470357
17408769
6689638
15942274
7516022
11669425
20381179
19691513
2736743
16972995
2789223
2559804
9773313
8043979
7109435
9691416
18427277
1899582
18073604
7120651
15818098
71652
663266
18280632
3995708
3788760
6091203
7812612
557893
1339713
3779922
8074010
1405299
3663424
15955610
18241973
6149338
16943893
6521229
17393943
17888949
1774487
9153046
19964152
8205676
8752819
15172013
8739934
6838264
8535559
2919531
12009216
7053610
3623722
8909915
938154
3027811
6182407
2070286
10739734
9166145
7994849
842460
21660912
19864312
2680504
12620510
19075525
1537999
2419674
21392261
3760379
21223783
15156219
6693216
18731818
10881820
21158039
14734051
2576890
1572027
9324633
975458
21854625
19121803
8473649
16041982
19087950
9732411
7960264
11780428
19060124
7572017
8043291
19084318
16689840
16276184
8294357
380436
10082197
16257069
17437580
15851327
8610508
1619303
16021391
17114982
8848369
21482013
10591476
18157622
15016734
17553072
10321845
1417705
7712762
6499141
16547655
12104106
2452421
17720399
15490029
487237
1865752
9321797
1448183
7114242
15851173
18308453
3691554
9800493
10403754
11232608
15227350
11940787
20150850
11484067
6428361
2026045
3680804
9124997
9793568
18434896
17446130
21352067
3616939
9686943
3791354
8594907
1987219
7799519
17764447
21340515
11898844
1742769
11505132
8325463
8539155
11133172
2475074
15475814
2883307
17223246
3168199
17583413
4014043
10135484
1519187
300659
6128405
1691681
9990601
8682015
1514721
6167072
890709
9297062
6646661
3958039
11071671
1957143
12897989
20059716
6302764
8729092
3792736
9798520
20407833
19442077
1730178
18841175
6772952
3184454
11139977
7909195
9676719
3168336
14624688
3325046
20483520
1706835
15035072
1715201
19083325
2003661
1182950
10638498
10651162
12767672
20826510
1920701
7828299
8789527
6681710
8269663
2705375
15928464
1320979
14622323
17993309
21099125
10453432
17711965
8903272
15109124
699260
2286088
6414425
11410569
7927400
19088699
9143225
11508296
3595156
8313542
12500734
20962432
8923586
11426479
15635140
6154235
16039225
18285590
20716121
2278364
12850212
11015239
2697737
3383405
6476551
16738834
11467458
2026986
12208117
16893714
2252661
1782940
18540155
6154560
7611485
2845767
9598296
10525248
12918639
3158128
19351523
2299065
9044490
8796487
2604486
21606716
19505259
7829798
1462902
9137916
8156839
3379198
12223322
7282551
16189339
2466260
18358087
16520095
534589
8255453
15250869
17872467
6731302
7667555
11826832
1805818
10846365
16311447
20091255
3747572
8319463
11248775
18766206
3543629
19152104
17019558
21242796
10646921
2174187
2802898
2778803
17018351
8319736
1729763
12904146
8245336
11191029
3522236
21687045
20801057
8324798
19651468
17393628
835598
16344400
21097217
1913327
20499508
1899319
17127802
1265051
11136495
21693625
21737956
18002839
3918548
2782249
1875529
9316197
2914323
17116294
860697
8060404
4087652
20075744
3113350
1844295
17950812
18637888
16092588
9272527
4825148
1706840
1401777
20388649
2013140
6194766
9434685
16460866
10608198
3970402
2214079
16386671
15118291
21605982
14980938
11045408
6150631
15875098
6177939
16088660
9337220
10321676
18373398
1697389
3278574
1287303
16752335
19099596
21418694
11420310
2764330
11436914
8281677
7952638
8034878
6102690
2122984
3735923
15037817
19346290
8886485
3817368
9366563
2614872
2977176
6687949
15321501
540678
10089849
9272510
7739260
10422780
12716751
20351925
14704235
18562075
19559193
21226961
3297409
2777306
20685401
1297685
11035655
18952353
14707585
16790196
3277560
9875807
9420757
6441579
5762622
15840254
1164057
21146632
16981930
9735082
11127468
19371997
12447330
6617692
7260975
7475053
11483451
832482
14522361
21741800
10597097
18957001
1879311
8378905
11406492
10637397
10490479
3830767
1334467
3055917
2572422
2724998
3578047
2220580
9833141
2647114
8794525
2691145
2150593
19563537
2478772
10322913
18938722
20651312
3756976
1248268
8971954
3335690
6236249
6858865
10456625
15825720
19609052
20370778
19524349
1678403
9656046
12548861
16648066
19555620
18257027
6611245
15200187
1647012
17395302
2309627
11542661
9741521
362121
3757187
6971648
9845640
12883411
9396421
11856793
2239704
10714014
21521674
3954173
21651914
3829752
19077646
8311398
16456720
6732147
1315072
1514727
2182237
4019918
3993577
1644965
16483666
2494245
3711753
18569950
18598326
7273675
11124714
15920645
3662383
15828879
8282481
15854339
2422473
9894622
2105170
6209480
7517522
17961428
3606543
15673386
1704604
6744091
10822064
11981106
21810660
1321480
12184036
14752922
15175058
1524800
6875106
11699517
1696653
4006131
2791881
2778810
7255946
2810055
17355653
9286969
18470606
15293437
16003713
15082278
21576131
10598129
18812533
10860023
16430415
2046237
7625102
9031759
1720534
3662999
7319633
9007668
12235018
12890052
15065743
3711529
11625373
7607767
10588146
11098956
19078835
17584695
21266917
2167735
10883731
11225790
15510909
18365484
8117946
21490037
7863699
1416315
11748065
3359585
647721
18848141
16479887
3826817
15282066
3668860
7385265
7804522
2590925
12821426
18698546
1455646
10424911
1407620
1728500
8221762
7752071
9778329
7741342
6404481
10723893
1464345
8653259
2431780
6435941
1378126
2426675
18841522
2372886
6983910
21216356
8262074
12775970
10665311
2465436
7631877
16443529
20816872
1370730
3993529
3121209
15583079
20388031
12729853
8057541
3370657
19231375
21481515
11788222
18760192
2611814
2879430
11802506
7646099
9884566
9199946
7036817
8725973
11996629
12030532
12427600
16359280
20370759
10402896
7899294
18756882
7695425
11734190
15193696
6858844
12967627
6632968
14979991
1350597
20951524
12040343
3728264
18208658
3832154
22027224
11789656
19210772
15892019
21439504
19622495
8981551
18174628
14506549
20305555
6858911
3954907
20628043
3520168
20728020
18816261
11008157
302356
10488942
15751519
21410720
11554863
15787298
20109864
19050623
2173327
2553194
19249796
10962415
8504501
8733090
8504513
8892773
3619158
1909223
11153544
17443517
1735155
46793
11008150
10558324
8079051
6732721
7653450
860696
6175195
862379
16101627
1878484
1582316
1067695
11914106
15683486
1011482
10969753
12595915
20858307
694221
15905157
19819591
1256116
1388327
7681500
15891448
21155031
3073009
3620032
19151074
17223811
2323582
2773461
15680534
1341893
8369469
1591840
7494547
2756688
7899404
8555534
9694911
18434074
3154638
8215772
2068584
2444782
8859918
126334
10355698
21959265
7618786
839850
10707291
15227259
9244243
3662180
1160193
6735006
6614604
12791944
8657385
21181686
6627271
19444371
3048515
17764671
18298512
3604882
9596329
75705
8361195
6608547
12902081
1274864
2210896
1336886
6850717
20508381
1885222
3415742
2458629
6383141
2113882
20946300
2419686
10814928
18078655
2423047
2413302
6499704
21638988
2769174
8093413
1182966
2614907
15577522
10683191
16810575
6634908
6185784
9760296
16759297
9476680
11984749
16821641
21565687
19297956
11699523
19200355
7065484
1393862
15817083
2366066
20728018
9048792
1637086
7034473
17241730
21444143
1700392
9009946
21103752
7994856
16082174
7473489
16053942
11386511
1091282
1578610
2554829
11718971
10203402
20449906
9292120
12688420
14740239
8496545
8737108
1936009
750078
7551316
4061994
4084340
8281370
2261303
6740447
9517706
20403168
2688233
7082511
16041164
2392978
2037725
3950909
15477732
16722159
3938257
6848215
3519225
20468965
21894248
15753505
19408780
2350912
2820245
15258117
11577356
12459680
21592641
979315
11098948
8181280
995068
2452921
3632138
156526
14533288
10908079
17685031
19581033
12223331
3706050
2724541
3370769
8354808
1706841
18844577
17031389
8569217
4005000
21624293
16925008
17198539
1721188
18711609
7300101
9354411
17564069
2471403
10025070
9455102
17325705
2551008
15919566
12076242
2372885
21124787
2468140
599783
8797063
6465027
12125906
2410739
10202199
1521446
7775694
19817927
8515150
9619226
15159330
1991899
9812730
7509898
21491141
10417399
2028532
2250435
20230473
4036815
4007366
19867574
10387144
19514884
19545779
19155074
2646997
2410689
11369689
3621502
7685439
15451589
17431086
2827912
12793094
16574260
3968909
19427588
7575377
8490953
3718083
210
8830422
15642768
16503259
21769783
2895576
7802371
21846644
1701547
7558703
445757
7762501
8114951
20626400
11013131
1858931
3556935
1787295
8160597
1157230
12168479
19434747
7443439
8315812
21493962
8496529
3718425
8356102
12636461
15855947
8079058
3498394
3535465
9727546
16467598
6344675
16777518
871114
8409061
11907179
8258034
2742326
12119245
17629226
20832820
1115063
1735283
20091257
1889085
1521899
8681567
8874308
2637095
12505744
6491039
16651298
21479600
12635363
11084103
6712366
20346567
15278518
1704513
1153757
3234408
2918170
15924775
3652095
16223402
1928714
17765384
1125119
8529801
9565770
17540690
7526349
5556280
8362765
3620033
9595505
1552655
19783547
1708050
69741
12186265
470426
14566543
1990908
1290656
22001984
8281648
11547963
16794017
433747
14722326
2468414
6194768
12776866
11951581
18616434
15500096
3012099
7106966
15627402
3370663
10590491
20304850
16412803
2340228
8848382
2118026
2912182
843974
2042687
6195461
19931775
1381779
17710993
8457103
11686563
2200920
19950098
9546016
7978210
21315838
7398728
19691565
8243123
2732670
7698132
15488087
10318669
2736748
10209540
3339167
3023646
15851263
16253908
8492491
6690553
12890045
12010914
20670241
22107764
19944488
17496680
3928254
7040025
2883757
12805025
2316877
9638610
2387940
16253134
10500332
12385600
20044198
566096
18952355
2164247
3234006
6859360
1621403
3881496
8726603
21224503
1642503
2973300
15036730
11466096
2590919
19317712
14989514
7995267
2161288
19897712
6204547
20172641
10159778
8597885
12031764
1381081
8053245
7755196
18385118
10416318
9057791
9471374
6632915
15924770
9444503
17067328
14739730
1388375
18338306
2350327
12062273
8665974
20449904
6291115
9720325
1971865
9473125
18474504
7993032
1632165
4052870
3395397
10754634
16047257
16088063
3080978
1279757
8558812
19764500
8205570
1084599
858220
20128705
11405409
2054239
3866249
11150023
2911824
15719812
2596977
2467981
2749020
14623815
8051784
3953446
7679868
3271190
16079467
19533050
18172435
17533465
9688359
9255691
10869939
2707268
9250637
17448100
3800518
3800678
10090224
3394632
11245056
15071386
12361488
21926888
1643893
17013218
10551706
21351665
7828288
9311211
19643318
15120835
6486535
1695745
20418117
21033139
2185973
9783505
10570040
10716476
18562166
7880217
10079775
16159692
11149632
3350040
261961
6275992
9336312
10395395
20053282
3706861
9539818
20400690
954022
1146697
443259
14733268
15231922
19770398
11195793
3228770
8703503
3968902
11426475
21178298
10235091
2082917
1800477
2179087
6160326
21385987
3776358
10210500
17957272
11969179
8910067
10963727
12109926
660701
9919746
11500581
2335849
95291
8371141
1918705
20653086
2784806
21315217
2963656
10651185
4082040
12687812
6797831
6499697
7094597
17291669
18980811
19683111
7885680
12665972
3958358
18355654
19171854
1638108
11110045
1772341
12658206
18090365
9118665
11233485
1119586
8512407
4043097
2201710
20515900
16081199
9232081
1464347
20141075
21602982
7408377
3802452
19947871
3720773
8497114
6255600
9160224
15720453
3729178
1927915
15101855
1593036
2043173
1776484
16492309
15363071
16403168
3176846
9580363
15797279
18241971
4024114
4016812
11566952
8797427
21658179
3377745
7363626
7121527
8844300
15093889
2171311
8411501
7999898
2877699
8912743
17681730
10818198
18368860
11642338
21686562
12093772
12185735
9588660
11718966
1723116
1282594
9243081
706962
6628657
8386483
6657011
3680794
19484327
19265587
12369214
21104260
15851320
579200
8874312
3343465
19808439
7817931
10078803
2735439
17693437
20042768
17936491
1632393
3706107
12794425
12724653
11084112
2671190
7801705
15148258
11043618
7925522
2317829
2087859
17107877
8273965
12966718
2488092
11117380
2788392
19514874
2768721
579231
8800352
20410557
8633820
10869536
15982515
6375989
6826932
2734877
1467835
2076378
831412
7509956
12429582
8711945
352211
6841250
9193427
11076825
1804638
3425559
3779931
18420105
8891885
1383986
21041155
4037478
17250948
15036738
18830525
17229310
1817009
19490947
9403311
3706349
18257336
8122689
842442
1781616
8534559
1396982
3895875
20170611
2478245
8490998
20975264
1985545
6361562
9749275
8594909
886720
1636920
6630759
6226033
6693647
1863297
12969610
20667544
8595628
12471831
10568666
3953383
9130454
8440112
8297448
9125676
1736770
18951682
3354442
1927950
9156354
6322270
1943242
2414757
8573556
7888257
17957267
2296869
17499906
16340155
21361048
1104262
16076272
11991380
20450055
6700251
8680726
1727526
10710387
19374214
12227703
15221348
15386810
9891814
11401132
2756874
2705827
18303041
2087039
3622282
703654
6119377
15679638
11603927
2369066
9538657
2589196
9156367
9471331
2440195
14745869
11953644
6496282
1631392
22132617
14765708
1644011
1388497
1844109
8877588
18328338
15629556
17125434
3782643
8888673
6147079
2083197
2076489
1031554
11077737
6380259
1697958
18175564
16450023
19808440
2225418
8361613
3266409
11844287
14602878
15993727
3433865
16103252
17461867
19234092
9286966
18644201
7354588
11886730
9375607
19770801
11524637
15154227
15172648
9431576
21185402
10076604
7185248
6192160
3256431
19109358
16549275
1572248
8093807
2332928
6648402
18972074
19577988
8339416
3396153
3630945
11789654
3009050
21244674
5831215
3256423
6192159
6529869
11230719
9244742
8147300
22008438
20176434
19695964
8426338
14627972
18442536
3969870
2757862
19039762
19237885
21752828
2462244
2012491
14987784
15589002
12352041
16863610
20137535
2328520
11302295
1282596
18242558
8913906
2468945
15645382
6171787
20679551
3600719
4062438
6897544
3954504
3171118
18078094
3220442
20947209
9890405
7677382
15680528
2514657
521294
7326885
3752550
11481108
11382529
1994662
1332160
12056173
1383990
8227844
10709233
2372170
14118680
2122259
7112552
8817981
21468247
3343451
3591689
1706838
6858846
15135197
16420660
8222123
16836701
17954398
21825030
9057068
9291510
18981299
8335829
2475696
3228858
16760868
19598585
7537263
3921258
2750647
6503363
9272532
8404508
1820298
6299741
8273683
6485874
20683258
2021384
6723265
20806105
11828800
11192348
14631474
2448489
331707
8214853
12482785
8491023
1772671
17919754
11101194
18289413
11761911
10803440
6613843
2645443
21957174
2853732
17579959
8732496
973903
1874086
10666810
8717145
6698112
16815855
9717020
11199886
8358559
21055139
2559806
6611456
11021473
2001197
10377318
11829944
15673388
21423413
2326523
657177
15033848
12930249
1396841
6477777
16171153
7917696
18560056
19664525
1119401
11137826
11947987
9462602
8504503
7649675
15306732
1151768
15808769
18952828
15944094
11790264
21295159
7530306
17967922
14674702
18621588
7936328
6680630
2673511
3591609
16092085
12782780
10608529
18573480
12892319
20083335
6209647
12108497
6816181
9464866
10078408
1300914
8454253
2230397
17904545
10747214
11571250
2789302
3154316
15651143
2426034
8313556
9538538
3897340
19761610
1006224
7724387
2806781
254680
2913728
9773666
10498833
7699871
7786142
9034640
10365602
1978393
3872055
18984533
1946929
220457
21209740
19484516
8608459
12638665
6465184
18160661
11132673
2885139
6680629
17916154
682421
10385776
11040010
2557155
12975406
6654982
4083430
9403623
10568661
15278603
7702418
923260
1853408
7194081
12785032
18326793
8953401
2759647
14608747
7793259
3159207
8964990
17153762
2651076
2208267
17036101
7258754
3970767
19542875
9935007
10193725
15294408
9539821
15965562
8193737
3829345
11127435
21343655
3592334
2476623
7551311
14631087
17499660
405979
8649151
20624142
2046239
14687250
20233530
21346598
6132839
6475789
2410737
19477965
1681595
6182539
11019596
10732854
11727689
9227775
10413370
17483540
1738823
8616726
10511138
9568448
7186821
7148520
14501157
2554449
17697820
15625788
8881540
15573038
16758616
12947208
9140244
18606353
1811578
16843184
3085621
6127296
9861305
10983018
14626737
10213350
19642909
15284933
1239221
21806468
1583829
4015011
9358808
1638716
6630760
8042823
1446500
2481165
9867885
11774730
2471401
21725236
18090352
3042398
11825323
21606398
6650940
4006779
3942299
9354413
7363630
6869271
11709405
1115065
10225194
575497
20655057
19168498
4850183
94620
1525807
11446960
6702558
21827652
1608182
7884381
21430528
9688903
10406592
15156216
960417
19486791
12456407
8326971
2485521
2122045
17021455
8896054
54452
15502940
3056132
10391269
6839979
9922575
88992
12458066
19559200
15752942
8761845
15326915
11259548
2093957
356578
18939911
7659864
8263764
2112683
11130483
8285066
6334088
17060961
21672547
8315819
2059911
1266751
15683517
14472482
18006462
20727420
2337273
7737226
9608877
10506392
16715920
18622045
7991163
10150947
12370227
18479333
20132383
14500141
17900255
6640430
1132867
3524599
10764417
6691249
9027190
12538119
709021
9806817
9264236
1582856
18431276
3599361
3335172
17114974
4061999
10367218
11967709
1612799
11253908
7784457
9474693
19491689
1980188
12418752
2043919
16610339
7080787
20120280
7637940
2711966
6701131
7979839
10716526
16823341
1751150
1865630
3116317
8924130
18538190
18430666
21483829
10575200
15178757
7354730
14760988
9131409
15288365
10849872
9512846
15891321
12589997
19493458
2735441
7681955
8433481
856826
21570169
8729059
7659576
7769817
9187589
10099085
3154913
1728510
20579548
17393807
11375833
3594506
1952301
11028169
12558128
4032862
15773209
7935925
20154606
11133597
11894157
3390649
15615354
6518802
11907287
15459473
9949476
7455710
6824092
6880971
6685151
15272516
16601784
20718741
19100089
3902331
10630049
2512008
1606244
2504512
10573491
15764841
19636247
9083880
17895341
61757
10920920
1958172
12040849
20919487
1282254
17045119
6373306
6301599
6705802
6846114
19194045
1279316
11207082
1383988
16442915
7304433
11527630
15099447
9264162
6637851
6193348
12419938
20215841
16991028
10498299
10822036
1731420
16091823
6840119
789966
1271621
2188891
2880726
1002411
2488095
18221594
20351562
519661
3747546
7897846
15953944
20638767
3752649
6340643
21358229
7882612
20809686
7448014
16946289
3417994
3840397
2449226
7385801
15381640
15723141
16955812
3788468
11084101
2365630
10556947
8930808
15290423
7560473
10694172
11112237
14613743
2965718
19423211
11078294
2738263
14587660
8465572
20721655
20709499
9857894
12585952
8375420
19568611
21720477
4006129
8610504
9181112
15720458
3092622
6248218
3829343
17764805
3688603
6202437
2291606
14563591
1630987
6745288
18046530
12235963
1736613
1696668
10511646
856560
12423715
15606015
21652165
1499185
3414401
20129299
16573402
2936837
15030419
18440873
11525112
16381469
21658281
9507557
9333595
1378592
8077068
12414439
10709706
2050917
11216974
6150634
9151043
11268268
2434754
19963686
6689650
9043841
20153265
11728150
2349554
19334510
8450157
7586313
16252015
3800085
2550132
1306618
6630773
1650029
18189180
15240046
8960703
17541030
2878085
19155249
1439257
2278796
6204309
9828247
11599829
9472187
21686237
12000977
20359771
15720777
1589653
20527421
8291289
7588191
2452314
21875779
12119256
9184587
19202166
16538948
17363093
12732278
14633442
1711739
3241145
7865511
9576411
19800815
15897143
1527286
7591795
36362
4067115
1747968
7008568
14638546
11447092
16168899
646475
2091550
1928673
8638023
1937149
11544151
19026290
1650022
1327602
2959234
19963853
21775242
21944164
1888696
11719140
3082258
8269305
10596308
18634914
9825077
7315850
19155645
17646760
12860907
1412583
1104458
10532948
11845564
10888229
7169152
6496125
8010064
7530922
7710153
11555799
12623782
15986008
2836109
21227947
2023523
9782066
17543659
19342117
15750809
20346704
21471669
7532243
476884
1696329
16934827
10695469
1691364
8288919
1998174
6223184
7605642
12831348
21176267
6502944
17902560
8383560
9412433
10078081
8181892
1721197
637985
7845847
21076156
2980315
11515985
8864636
11230832
15044045
19329506
15337028
4053636
6469570
7497484
6340432
18557136
12475111
7813200
8378966
15840470
5472781
15508667
16477172
19696190
7235032
3266473
8820833
10648491
16116073
7646246
17081355
7341320
2849791
7395233
1813369
2334961
97686
9647083
11838346
1253351
2519997
19297185
11719135
40060
15145111
17437746
11334825
637616
2224936
18584896
9639900
10838524
10966554
22082895
7246449
1811574
2578637
11307782
19422577
6617695
9353172
15371577
12520148
2941121
21658562
18254536
3532136
12919772
18812645
1721190
9183592
4061266
7105798
16787798
9471333
11104874
16720686
8664245
3345775
19943035
6672265
16399055
6539421
3827149
21215224
2171738
2856866
4061984
19589795
10218
4072775
19604615
3134864
20946232
21172997
14579215
2801525
12475100
17540975
4392560
12009225
1244243
16648977
1999100
2448491
15050757
8492352
2507826
8371485
3981794
14568898
8266190
17131899
1328656
15058628
7659589
17920558
1506700
7715121
2261077
11942876
3354410
2960699
7611507
14735045
18556109
3877617
2619422
2707014
2794265
3815455
15238454
8858644
8736045
16410164
2205418
7388861
1370363
12104111
16225106
14716618
17620689
7225713
12242954
12411105
18373394
14508146
17111035
7203928
11843473
2368762
7586279
16969859
490563
9869525
7884353
3761845
3783724
3594071
18612492
2719372
11988198
18377489
2437787
15881843
18433498
8068464
3788763
18308027
9930916
666423
15641224
937181
8237824
11933544
9456278
7681494
12161295
16430816
2698564
11602819
2108594
15365608
8135591
2755725
15115899
2449298
6645055
3545679
7786128
12644905
9051824
2061982
11157689
10747356
2707916
8560103
1876269
3300406
9817215
12051299
3575413
7098499
456394
11341596
8154424
3232780
18251006
9852901
1714004
16216615
17884377
3377283
2087041
8749964
4031280
10525489
9772665
17297178
6952805
20941555
2883866
8729298
9644958
815059
16555173
17119877
21186343
9350936
3343463
9797829
2140280
16105003
2521793
6881972
17432514
6738424
10360873
10844109
7083510
9990629
20664351
10362190
7846370
7979723
10834174
15573975
10892656
21607046
9455750
18818126
1537095
18372573
16255752
15588713
9649063
439925
1700388
6891190
6691590
1317084
15683520
19196720
8029536
2953688
9935001
14710254
10688304
10404845
1104171
19763903
1942493
1376802
21848223
3113792
444862
21039640
11781953
17305073
3588171
19334553
2240720
12136620
2567640
11153771
1739196
1754074
1166838
8398033
10326156
9251794
21357819
2384961
7310914
1247741
10496434
12668305
12027121
8427132
16319120
3953353
9711105
11281049
7656192
9462422
10454298
15160669
16200487
1548101
12324738
2526021
8867715
11328052
11719172
11589840
15733753
3243019
2521725
19780424
2720932
11197911
7870738
9249840
6366241
2341480
9744068
11877930
19026293
21478491
21816308
9785940
3920520
6464997
8667218
2865243
14661171
16203906
7729834
