14730186
10822450
2126141
21858007
16151355
11141944
9195789
12638101
21033098
16763868
12486839
19764544
15908735
17908350
19854962
1463343
19645958
6821437
18210363
19441246
1592841
20832902
16471227
7785720
15842192
6613196
11372926
19784417
1910702
16741722
8275271
300208
142881
21769247
9827191
19344612
9044407
19776457
19562654
16195183
19094518
15202312
1919324
14551699
6781616
21217960
20013005
20801616
8561701
11594636
12120473
20191838
16500441
16389903
4026655
18030851
17668800
7475866
7457583
21215206
19521297
17497100
17348419
20101162
19240060
793500
21558642
19077678
19018540
19028009
8896306
589239
15065358
12438865
17420406
12422459
3813983
15729881
9412852
7873231
19629427
18322833
19863302
19514879
20976571
14674617
12680832
9390796
20717684
10209610
19114756
9592749
12646841
17695300
9386233
8060451
536471
21289669
17762318
1724098
11524824
11769452
1896672
1899498
16200828
7441041
2964074
21394590
19961768
12854277
983692
9376152
9082832
2389292
6431882
19798767
17955608
2043170
21174748
8057990
3973487
7571743
12486840
17371684
19343392
12243001
6540635
2502758
12691405
19180925
12533091
20232032
19398178
11415915
15096425
19262982
3382463
15211781
15051128
8135034
10978924
15240204
15046973
2222687
8088193
17715739
12014931
20715505
1882974
14634264
495086
10896264
7874402
3487911
11808429
21897515
12574761
10917061
14644793
3873592
8178095
8725511
20446875
18187994
12170152
21304427
18843184
7184401
314734
12588910
9570645
8861087
16716478
20567978
21033099
4046697
20625322
2803717
12826353
3407747
15278688
12616197
8554656
19830371
10429550
11272249
12022184
2075705
20229478
19987027
19458572
1244832
11583396
2620011
113745
15605697
12567087
2234299
2634817
20415082
21461686
2699689
21796558
8341099
888271
20041602
21341222
19645907
2369401
3101406
16586284
3501018
645311
17850686
8981674
6482614
17851953
11993596
21800106
17105679
7842905
20388241
21673016
16580695
12486847
9636351
22027079
3362012
19391503
8817018
20162029
14974861
21373897
10863256
11013702
20832824
11678456
16966514
20628987
19410397
8964705
12624835
9186967
10979424
18359365
8414621
14727424
11127151
1806621
19241595
17058923
16582861
1541967
12389693
22070004
8109639
2279966
3284373
21646021
15925198
7706835
14511456
17895144
8466379
3170284
20529380
18415463
7123
17361409
18675541
7073170
16317605
9879137
17124439
19747892
17333041
10883508
6325838
15630391
2230851
682806
15521621
19946992
4026632
3929760
17895140
3457130
8225108
6211878
9282467
12541394
20632905
908657
16498740
10026710
8674219
16283660
12782810
7817231
1059318
12745049
10407828
16371850
4068089
21725255
16222192
2635527
17555144
11677749
6399891
14724699
8334777
21320112
10806879
8365015
20443016
17171012
10755007
8038993
17370654
7472768
17875151
1173232
6969992
16716240
20954361
17154705
8177398
17269997
9578036
8021669
3864029
19723446
20453446
6628527
10703017
3056073
17495764
1486356
12763126
7018848
19924013
11314719
10363442
12851558
19446951
21371839
15219050
9288251
1919312
21524599
20551629
19730141
17205226
1492866
15891652
6607057
8085717
10655770
18390977
6968173
20163025
2253526
20086281
7816445
9390841
7351176
20974595
10377546
7549590
20495395
1652702
17321870
16720442
14992462
16581364
3499051
12661117
16756965
2334027
16358850
8147396
3508670
11304872
9018366
19774499
18282614
19337333
6984349
18338562
15277036
11078068
19266150
10664711
19120604
14638887
10201748
7992650
2244956
2036147
3537898
19213044
16356295
11875346
11476418
16142619
785162
22060084
21859055
8741413
6839924
17000973
11279734
15147078
7669131
18225468
2598543
8470513
17295434
21320380
19829924
1583716
4749158
16529016
21808455
17882583
19170697
11109889
474123
21235109
7276671
8239350
14734123
15761244
15126749
7610791
2667512
8565867
1610035
17973035
3894920
4068873
2802085
8033920
8492884
104108
17660684
19638284
14967084
2615001
21180099
12053670
19024193
1473850
8470487
19377439
19138524
1787349
7610869
6888135
9452773
10815038
3871599
17666138
17604553
3591923
11449111
12053674
7867529
17039316
2125836
6732606
2283486
7753748
8915417
21929779
18279191
17590526
19645544
11527125
1896685
17414182
21493319
16548150
17917842
16358884
8730352
19205362
17999903
10473076
21289799
6303893
7289550
18064876
17901031
20970688
19663090
20639762
19303115
6336159
1036043
20040818
12184596
3670540
9001270
9661751
19508579
10793592
20223670
8382898
19670624
22072257
9118822
7617186
8424583
3703143
19455992
3452950
7819669
11713422
8399404
3489457
3245418
18636036
12904928
2393563
16328408
10749643
10065222
2647073
360766
12682732
3937094
2393874
20148500
18274913
16282050
9596019
14605707
12647905
7603693
7928434
11443826
20694758
6529520
8260954
12391619
18255162
1799139
20979772
17923946
15508268
21225802
8488696
1927421
6856301
7777350
15696787
11134382
8511597
19694167
18984432
15661899
20486374
17955687
15097920
12596019
10495368
20469456
8372917
8486593
16548149
12201002
21192194
18922341
11560048
18806973
16419693
15991679
3398659
3263349
9673730
7580764
2324614
11218709
8570252
2241020
481042
16791047
14524178
20456247
616334
15596351
18560729
7502247
1583702
12838554
17921541
15339526
2477926
10392295
300136
7402672
957843
19301411
21626121
3105558
16874885
15474112
21193892
9309745
15262457
1896678
19345961
10810676
11201623
16052108
12884793
18564717
16437480
10625139
2357421
16455562
21493408
19448058
12385068
3219727
15666205
12764665
3245816
15641316
2098191
14577323
15219063
9491826
9376035
8913096
19220504
20345030
2514676
18644907
11347648
16564396
8749095
16823302
8503798
18521112
8614875
17486734
11679852
468524
9893288
21500156
2098649
3187478
8741202
1520435
2280308
2184715
16705845
11576627
10651439
4072312
3166545
7816462
287351
2013972
19862674
12563886
2064818
10561320
18819804
11773840
6633111
20155999
19182754
18759511
20568539
20647173
10891988
6970580
8880046
3002167
15949103
14689703
2728900
8749131
6425776
8948622
17447173
11311800
21796866
16360514
8649867
18371190
15871610
2399407
3631233
6610127
9419094
18257351
16371848
16619104
10095196
2284908
17633662
17059438
20126318
7700657
9630418
2214000
8762318
8950549
6530373
21341139
18024268
16301372
11471767
18046258
6969517
1901153
7396795
14755193
17894929
11253887
8925115
20643039
10908972
19205071
12764809
9576636
21316837
21629463
18541870
12007277
19834724
2317181
18954460
7429887
17562507
21049702
3492773
17052010
11543023
19930786
138057
17624295
2361222
3245801
11374143
19911323
15316804
12383304
16878248
12755038
11910621
17932867
14659974
4069294
705403
8172484
19893930
15808733
9153804
7469903
18243617
9658933
17851909
7988970
17171110
8989952
18567361
2915965
7161157
3264487
14647930
1385372
18719038
16132255
9829642
1874623
10682651
16094123
19166599
8572111
11205447
6727512
236597
22057173
20724087
1411330
3624015
7788154
16500440
15379352
15666696
12806289
1542780
9010950
11137360
1251703
15661119
8394301
12385362
1301333
9726671
10457522
9755392
6475041
15228892
11449114
10667963
18341864
21792974
14625240
8470516
8108151
20498765
6880649
15270427
15040969
17134007
2142907
12167445
9226673
15704509
15277038
1773077
1304509
17143431
12969347
3052097
10901777
18229580
8692375
20405667
16639280
8517132
19047844
1470437
6710015
11526646
11700457
16206676
17245516
18533551
19583869
9350321
17190415
8336972
15663084
8748184
21269553
19363634
16457977
6513422
3173627
16358909
2785606
17923921
12084870
3627457
16102845
12382398
11721460
3190941
15562901
12538967
16372733
7934012
19909307
2220311
20108511
7989225
1059319
15291269
15011204
12621346
14964957
17171143
20872044
20713241
9770043
15374614
8470491
19153148
17118865
7268322
19762709
1155051
6726851
5034899
3266734
8321545
15791890
16371851
10605923
19142031
18211117
9146018
8340680
21216120
17159494
18329206
2801093
10565190
10898477
17483606
7610882
12799847
8275242
19258292
1307485
17357655
2047196
10491472
15643103
16483273
19059512
18712512
8502352
12239689
21279415
6108246
12574760
11140149
19545378
9865239
8790762
2493618
10189162
749881
20436843
2192720
19284921
12068474
10664723
7798121
15966696
2227759
3193137
6334543
11052247
15041936
14521153
16999055
1294873
18627482
9762197
8720725
16566191
15074084
12089810
21374092
15362569
18504174
2091599
812929
12111507
9670404
21485407
7644844
18826607
17604555
15966468
3186102
3886352
11700190
8723961
998206
8431134
11541004
10794197
20444388
17414042
466840
8572134
6978670
9606642
15499973
342247
9309908
857655
19326499
11571338
11448308
20185943
12170151
17851954
15896585
15554141
8151093
3377379
16179765
3497796
12690497
16642937
20641078
12808500
16784782
16410209
6636791
19394267
17253504
18690570
7861098
736418
8052079
11475609
3622305
10619902
7963205
17330851
15608002
8357634
8759567
1524364
2183129
11195943
7103332
3707789
18315783
11407848
1317708
20447729
10561886
9048981
9841762
9386240
11305339
11462315
18652152
1395331
3696373
20053151
19477090
6342540
19577773
17956804
9352810
21221556
20181217
2142240
15672990
8749126
16557439
20855127
18325294
16923710
9687648
10584111
12460148
11302289
19597688
8749153
2529640
9583785
21941519
30034
18613993
15577792
10815037
19628797
2328665
16618652
17710344
15581873
17419825
11783269
20053410
19784408
15559380
2742660
17941454
9525507
6856035
19587812
10552234
18275448
19720258
1224962
16526227
11793918
21469911
17228179
7383262
1843169
19080777
16358883
16608786
20713247
20086285
12883820
7816450
18854652
12647320
7006617
2796552
11827657
15041833
10219377
6969835
8749183
3245417
936871
20095871
8317878
8191887
8120071
8023369
9543069
11350653
20100131
20553103
3774104
17785675
18575299
9658629
7829944
3550339
16433950
2383392
18379804
10897392
16302633
10656195
21844784
18029334
3537899
15938206
11116452
9199955
12635373
10800905
8723946
12282920
7785928
3195283
9736946
21589844
16876361
17899148
17124444
16015173
9396354
10907384
16179764
12621345
6633112
16750463
21358448
3202127
7227964
2756839
20591594
18801279
18722884
6679517
3064540
12090712
1097253
11929575
11283825
6517148
20569674
19893613
15632909
7413728
16639276
8023356
18523693
15354003
9765709
12950154
8298174
7967791
7501379
11060750
6877799
2623920
15474108
10450052
15934127
11320619
3430043
4056624
10908965
16890084
12632623
17238868
2735389
16720703
15508938
1535112
16936563
3555045
19408700
11801994
7048748
15096426
7610863
10569411
21983380
10352441
20738416
9305332
10605567
21735279
9554592
7867527
12640597
19365263
12397537
8447226
11528270
20490441
387203
9168413
6425766
6332455
18800636
18717865
15378316
21710712
10421724
6975152
2108113
2322358
19926555
9726666
1545309
18481722
14756446
6886542
20047790
10969464
3230240
17455163
904402
20822384
9546278
19225823
7548935
6779938
2787950
12652823
19452717
20021676
18340570
9657312
1882966
352612
12609018
2529669
8332229
20114130
12486846
6691666
9019884
8273365
18418279
15753441
11137359
18588787
16143197
1500264
18808620
6254160
19646295
12207964
18952438
11586046
13067016
20875374
17330693
11116948
18210007
1307698
10996941
1408211
9400558
15942752
3398653
17241495
11784968
3421091
8674229
8345297
8275980
2805519
17364327
8879058
3264444
19898275
16944657
1818244
6420747
8629077
16264857
14689642
9989624
19951057
10718407
8256595
1885264
21317673
6163384
12187733
17676355
18986758
8777811
20230621
3457552
10337972
7725949
18225606
18808730
11568550
19409739
15276676
15029421
10759074
10674419
19834864
19205525
11802445
3501947
6391338
317981
20828876
18533053
19848240
19289221
3536469
10699805
7192120
8232928
18661775
10857534
19026499
17955609
9288277
9244617
9186999
6335026
16419694
10079688
20058731
21448610
18002472
9225179
2502763
6616613
9438122
14531343
1010237
1896679
8209688
1176821
21116643
2851253
19563936
9147734
7820964
16647981
2031727
16272930
15754210
12166115
3188895
7776522
10396570
7783326
8073886
17684655
2274319
12894716
3177955
8851332
21770306
2817665
403903
10388194
1926255
16916674
11130192
965273
7711944
17084228
14724488
8053282
10361743
20380548
16358882
11020677
21649658
19826635
11968830
7041752
11571344
994485
7430520
11068527
18034353
15782646
16567008
3619286
18359363
1129625
14671571
20943005
364211
429220
12003593
19205170
14755215
12366513
10431292
17379049
18615328
7738702
9519688
8588611
12616402
7965143
16447679
12897634
18327600
21633608
1927457
3330528
933659
2589749
21144753
17651910
18568498
17877443
1484939
8572147
21387701
3985813
15955941
9498887
16212848
6414357
10768115
16193587
3876202
1950529
12898928
15827012
9619082
7266753
21718264
574366
17585667
21092670
18516859
16856015
2863127
12422461
17695400
19672205
18792633
8721018
10100528
7803019
21817938
15112450
10769846
2734007
1226589
17052426
7232240
10753420
2019918
17058915
19860268
3591927
16175141
3494220
1659980
2505516
9184716
6983308
19357951
14964956
20297636
7242198
9309907
8409787
15376485
12797587
17255880
16300284
7350676
10748333
8980432
6838175
2478909
10399725
18620709
6726850
10897867
20684061
21174749
11855370
8334799
1843576
15976833
6981821
11361185
1695336
16250576
4046706
20443014
14763225
128677
18319210
21558640
6606931
16788414
16765833
2311615
17265656
19442371
6726849
8130945
3050933
8002367
15083281
11489369
8860932
15557502
15214624
9581190
20297643
11135398
9466227
7697680
14598649
21131202
17059627
9844792
9545842
3875013
21921856
19949690
10442771
6996984
19953369
15780802
9386248
2904758
16025062
12755025
8236175
17292920
6488568
7874409
18714108
10336812
8466727
3876134
4025535
7387523
6254159
6268853
9006673
15329350
15852786
14285289
8710132
9386246
20576373
20970268
12577486
15623703
9390843
6425778
4087991
8558155
19830405
2651175
18052952
7359983
10652386
8666532
8638892
17130801
12378809
18607990
16308250
19434906
15168883
17495794
1753557
10372075
19287878
7271133
2350890
10958402
8450894
15347540
871456
12548466
6336160
16007238
14677307
16607475
21986145
6241633
2783767
3039831
3265698
16459490
18338198
1492858
17393465
18241595
12684982
17919869
14764256
15363292
12621322
8122711
18644040
16025871
8934063
1258036
8989951
7268625
15796386
21535987
21210290
12057783
10896707
8247562
12621347
22010463
15964639
16864499
7970683
217299
15630359
1923363
8473956
7877930
3524492
3052098
15046653
16848921
10392205
20393376
6664447
12351332
12324395
14989464
11769996
8084630
19560687
11332189
12541881
11889388
9062635
6601747
3374226
9917081
17068409
18076429
8714045
644268
1558526
9032850
19128702
1635615
19834859
15759456
10743133
21111681
18677969
16283613
1757257
17607149
965820
180045
12715647
17465383
11143481
14587563
12679675
14963374
3984789
12616947
11176212
9851400
20669654
9847664
11404621
19740487
2862283
10189163
19547812
17119816
314736
12486562
12768730
10412924
20489667
18429858
9402591
8158733
8738644
10431889
19020845
16340300
15129116
9643668
18262616
9844420
973613
9216032
3600993
15657756
19643257
19098349
21324619
12317484
8117230
16759014
10320074
10832519
21504956
15886628
822288
8367670
18514471
11459755
11438113
16032548
11981397
11177368
7393795
3995811
9266571
21142898
19358774
19601507
20888071
9312678
7189271
8601878
839941
6337813
3821433
3572228
3834895
19663372
20003605
21080984
15571314
21990829
16155658
11440747
8894811
11698813
3745228
19443164
17130428
16419695
3426437
20671915
12823389
4033309
19136167
3760685
12162387
18669072
21332295
663702
17848422
17886760
17702417
19102186
9657313
3340873
18712692
12851544
12150213
10577786
18830189
3286515
20131368
15793415
15454760
8936479
20955353
2113265
2501049
21735432
15584360
6494466
14577325
3043037
19197222
16230586
2970224
17846722
17721364
17315783
15814323
18533050
15352633
12792316
12640088
1933240
20827085
19094835
8614224
17671626
12001022
20826938
10545690
9835736
9251852
18619684
16534107
15689740
21465647
376984
15454783
3894841
18665761
17074488
21846956
58200
9537964
9345107
18164986
1546941
4004127
2483061
12057796
16015174
21225773
18476615
10481350
8022616
11710484
8778069
17395137
2635517
12427902
11987003
19456009
12148861
18585513
2805373
14514973
11258146
8737783
21643988
19231119
6431880
1549206
3258876
18604466
3377456
12134347
9201337
11314705
8470482
19402442
16816934
12797667
11928183
19155571
8316794
17131037
17069465
15560702
4061777
21457175
6687194
19554641
9673735
17503229
8014051
11669345
17011414
10699824
10602783
10961801
2746963
8246649
7325056
20963368
3569012
20144124
9149830
15699724
1609855
15114269
15468999
9211084
8036891
18283159
7816456
14718690
1773201
16711438
21416208
15699722
17100415
7049044
20469566
19296050
8790745
343787
18536995
15460735
10630063
3217777
8470519
19778191
11070697
9852812
6208757
18615332
15732511
11192969
10201745
11667987
4807557
21563077
21253289
19590845
15464298
9807064
8452022
17375639
15759819
1410586
12115083
15985297
12661115
21248402
7873227
19744047
18368575
6633113
22116444
11568573
17245036
12766872
2379296
2280876
19096691
18084826
2319310
18384700
350816
20880417
15711480
1870167
19552093
18549515
19006919
16730074
8172297
11460940
21945276
20235447
10852265
10651432
3581491
3227270
21087409
16615564
12563989
19922090
15053120
1598978
10435127
20979924
19276788
9920224
1340978
19178580
16962722
15374294
8091085
16518517
2063945
14505685
786607
10750383
21107153
12438858
8740816
8789134
7443266
2965003
18476768
6438589
7825425
7501161
10211221
10908964
17920798
12015491
9627229
17170826
19015441
16230938
19180905
7282887
18188548
12656417
3993860
1527832
15712158
6104564
19704084
11449113
11568678
1180041
19892135
15626137
8795656
18235204
7252541
6431877
8761810
1927468
12734165
18236637
1402990
10729794
17173113
15177769
8749105
16805371
7172676
1591960
17647006
18486378
11821762
9639413
8762521
8178104
10815036
9782239
20055263
4057338
8737769
17453719
10994429
9481984
11808445
2131398
11677836
3897895
8498823
6141044
19812122
11437853
19180927
12217681
20593660
2491715
19848437
12472509
2240994
21069369
15660777
10680926
21563170
9778280
9107352
18998506
10407821
20584692
11796946
15613171
2620643
18469678
9005271
8749129
12173281
17235475
20922889
7362539
20926075
2302130
9478309
7328719
20856818
11016061
9644856
17427776
11773850
2678360
15174769
8821687
1872667
7702815
11751041
18229788
11430437
17473500
17557224
10672307
1695334
19784409
21133652
8730351
19909720
1224965
2285060
2241007
8749184
19628578
9233497
9596187
14323655
14658055
16402977
2171631
12541491
6599233
8817019
8372926
20035941
3372145
13009496
19887986
10559719
17511170
211609
15103195
16463766
15768875
2585206
6403885
2219529
18464887
12855085
21121794
18260234
17619364
6706538
20086284
2635498
6693815
8971818
21320138
12582782
7876951
8934124
12107525
11570713
8006247
918586
9340852
8457308
11142784
3108806
8914898
20099217
6543316
1404857
18941941
18626134
8434514
12765917
10922239
16898538
15678344
8134140
10908994
9951076
14501460
15592855
7184787
8022615
11887913
1561336
18415402
21654863
21328293
2610231
3962412
11052245
19692938
11825860
7642060
20669784
21919834
724027
18809837
20339699
14598646
1657838
15857429
9282459
11127328
9015425
21236609
19814981
18343174
8579139
3071176
1087825
7344416
8749079
18401285
20561760
20513047
18030854
17725172
21356079
2239202
15329025
12671424
6980039
14558248
9051057
316716
10719712
19434443
16786396
1079065
15750375
19729878
18708618
3611857
2216985
19954562
15797255
9626279
16151361
16138712
8572080
7674689
10726456
18357708
3631234
17260886
7758999
8722661
1298155
8042221
8316357
8843497
20607267
17405264
6966351
20095786
8289008
16193248
15670515
10086496
14567399
10765072
10478589
12621338
10338110
10870662
10196647
9752972
2195628
2348281
10472467
9655202
9018936
10993488
18616149
15510033
11270200
2000660
21771950
21225807
10672556
2614237
1843163
21808648
7496786
1264882
12621348
12541687
9297369
7116351
3250205
116619
16496551
7195255
20628191
8073883
7266112
15827011
17498333
7923853
19638946
1927456
19565258
17823515
16640057
16687041
8058134
14526554
10554474
10323017
21474009
9444494
21596185
10427382
2831932
19640315
12150609
11134394
17935168
15727161
16983184
18923942
19125033
18552029
21921391
11898020
11205445
9228857
19503016
16643319
3068952
19085177
17689548
9765704
12189402
17633273
15368055
15376701
15771155
14748278
16700835
16704848
9520059
7373689
15953284
19958252
11391500
11417200
16060937
7771175
15742770
10392296
3753291
8965407
8844915
16330481
16529728
16163038
12047459
8931577
14755977
21423267
14625399
10842612
8286828
9043295
21942184
11215327
7598371
12851546
19674644
3972642
8970460
20566907
15497614
3487912
3550597
18614306
17009020
8741088
20116206
16353396
9583779
6857109
11025630
10431888
7064180
1604419
15307473
17993018
20338918
17892146
19441245
19363632
7013741
8838437
1642568
19816574
18037573
3632338
16805345
7277847
2187057
2030633
7629648
20025754
2635489
8659221
21156428
3118312
18519836
6591716
16355300
11395995
7023522
2425611
16076719
9799852
12098586
12911141
12810466
7002002
6978476
1466872
8178098
9616677
18557456
21873740
15497373
9288283
2926270
1299232
11710460
10457746
17495659
16208529
15747138
19322083
21253934
4088458
11383117
17986924
1476226
17315835
12378897
6710013
2642143
8295063
21799457
16482459
12640592
18550630
2292751
20359099
14501708
11493170
18688628
11517495
8088178
11981396
18357361
10320142
718525
21866242
21054553
21150685
17601209
19864665
17959256
10445080
4020460
7899805
17130800
18481033
15564826
15468991
10986841
17927668
15884393
672346
2072506
6720881
10821549
2606758
21042804
2177958
22072269
17672241
10849635
15354005
10337986
17762996
20489171
11892885
8749117
21542275
15379355
21629395
19148572
16176473
16021460
12020915
1518472
8296510
21507089
17417111
8173537
12708116
3610987
15265239
10907977
16741754
11314718
1344502
17607438
16230587
15249626
114920
3064038
6514253
8745662
11094117
8749094
18853115
19434256
20055249
20127064
9059197
10813372
3049475
15354010
11503798
7402657
16989463
8272029
20519021
19513312
2667311
11568619
18975600
11075477
21474014
21265640
15757188
11757961
16934420
3049474
15278226
7967442
18181382
8486508
11710152
12630341
9757705
6839458
19840429
6915835
18638027
7299889
21124219
736419
15375652
723406
16614028
8581761
3047705
21916221
1485077
17826528
10699803
10372080
6394514
19643258
2350810
16419696
18688672
15455637
17178943
3977730
6420749
9102731
316014
19654978
8545776
521329
19575120
11558143
788907
17692342
10371865
11673600
2638911
19645908
12353609
9153438
7910713
22111129
11698812
11218739
9844512
20235448
21035292
13489512
12567088
11417773
6425777
6716139
18704473
14605708
15239749
9512792
2664446
19944901
16749606
12929016
11797968
9604167
11802447
7446070
2340039
10908970
15478703
10544455
11226958
16621077
6612134
11710467
7976070
12500699
9796271
12465095
7610876
8458726
21107695
17956785
6599226
21097347
18468268
18427727
14755921
4010882
9484610
17058918
17535836
2053598
11270098
12422462
10229588
17721367
8470505
7884059
18095966
21425263
9152694
7315933
18712693
17065669
17666243
9463559
6610808
10588128
19707282
12725174
7392745
8579669
11898560
11698805
2919982
19108852
17898672
9783087
21902566
309055
20832967
19227606
15847010
19883173
16151336
9657306
10810254
7316390
19565728
8232817
9023501
16550589
3283593
2611004
9450824
7798117
18365227
6336581
20036473
11300267
7755302
2620644
7845513
6648611
21710117
18520184
9184027
8323630
12529787
12286998
11568679
8989948
19128642
9495693
10904794
16710175
439990
8434718
3759514
12661114
19923806
10646712
16172715
9432582
10707607
12172243
1442313
606047
20832768
16294985
12389685
11773851
2241008
6492958
19713059
9778281
2395521
3940518
303093
19887100
12789824
17202830
2412428
6779694
3307083
6877009
20493350
839931
17724623
9010520
3718321
9233489
18215386
10337978
20530436
21492892
20041606
7811506
15090872
19014169
1448288
2240409
16555108
1571062
15009163
7454330
17183916
16235688
1153194
1443073
3588926
17003732
20587486
20569664
17632860
6591717
18084818
15521612
10515468
7266766
9932129
9914801
19015442
9505526
6633114
7791382
21975186
12691419
8749181
1843577
11963789
2206644
19834858
20422981
11271438
3277342
7283884
19621310
12802206
16496552
16870382
3108793
9676174
16087029
15042256
16285434
6110132
9782246
8203211
16509240
19785926
1581598
10981768
21474011
8290084
16323576
6660755
2240995
2787602
12813863
2514675
17588167
12972911
3878086
9001265
16614841
19180906
12806291
11398820
3999903
6350513
3006447
2786710
7082223
8841698
20852360
9159429
16432749
990084
983924
7816444
20554264
11346317
10190165
16463760
16167713
7562232
19180907
8989955
11220691
11869655
9027204
9782749
17030749
3605938
1592585
8022610
7572291
8233504
14671927
2808005
3489323
8274056
10851378
1621438
16735917
20128826
2015011
20447666
9673729
6329054
8340267
6633115
12544852
10892267
11875339
16788426
10355000
16527018
4020225
19052788
16432753
7612388
6425779
18624119
3343875
1776563
11692960
15847324
17683696
11860061
21221618
11493220
14638883
12748567
19680473
8967109
1344564
10396740
1267330
9442519
20865299
6970569
12617937
14665590
15141751
11556665
3339921
8958537
11091972
17357660
21464715
20374092
7666972
19558028
20705344
17011412
9610280
17872784
16274807
19154853
15606004
8953680
21066926
9511324
8342001
22031678
7034122
15749427
3398658
11700150
2667076
16885784
17210336
17851970
18717140
7446848
21705304
18814433
9378053
9408984
19539122
2085254
3212844
15156096
3148119
2301091
17943853
19479454
1079093
8255454
10528306
8926186
16895782
20004856
4033332
18063122
16946161
8928631
9157534
8653605
19227599
19089251
8440786
11568668
6690864
1794960
9438106
12849886
2610244
4077600
15379344
7874407
19408504
17084222
21211674
17537195
1559257
6591683
14505846
8966448
12510336
9148877
12476625
17128668
8474307
10205936
12577093
18953949
449564
12705781
18274917
6818654
21561392
2363965
1865734
17633271
15912339
15992562
21493205
2713909
20979913
10622686
20658007
938165
3017280
6969834
16148714
21127691
2457208
19173111
14728703
21148018
8355832
11677834
16272941
9209771
12438860
10025120
3548681
18755043
21572081
16258666
12721869
1419152
17645682
9272544
12040357
17245050
7357757
3172944
17697550
15515488
10728930
6374678
19842351
16322942
2801893
11526623
12838009
15491114
11770896
1131103
6538216
15724736
17415139
20537216
2425423
11518593
804304
10602791
12150525
14689636
16148707
696290
6440083
11077347
11677745
3393134
17219886
19834861
19625893
12240752
2610229
15129591
11548897
18084816
17515438
10226471
20114149
19010084
7134757
9417571
1362140
7605689
6435066
20022674
10853338
11195537
1479391
15041832
3531189
6969515
6452693
3875587
11876594
16425609
20351605
1753444
7040186
1381869
19650563
9693354
17015129
4021437
11885663
17470305
21905795
18525088
18758834
10769565
19772003
20107568
2684591
6603601
2472567
10764280
12392202
11379977
8191888
2500138
12521357
8151637
19205164
16151334
634677
3225882
8890133
15651301
18672654
1604976
10400989
19735698
15510844
2789575
8766071
16231425
16463767
15097806
9760548
15742608
19681482
15210539
18318678
7129028
21180862
3827752
15655396
1344526
8927905
9439080
9667086
20549257
21239067
19893305
9757700
7453456
7610873
17044803
19536580
8841703
6332451
9253024
17159493
8418555
8749177
21401214
14618111
21288793
19559973
3628680
9209769
3688199
3425070
1570878
15564004
11275832
15038570
18607943
2142236
18928678
6326582
16803707
2274138
11893978
15338386
20704166
4022591
2498439
21995235
8869154
16317531
18039349
3128016
8178103
6809374
16041595
8285310
20364384
17882947
8937543
20564896
141554
9438932
17823544
12953767
14672515
20367831
17942120
11320877
18672647
12824729
15088342
3277602
2275176
19916896
20414979
15382110
12428577
4047316
18617871
12185734
10638353
8659938
18797281
10416507
19961769
19740557
2674756
9644537
15613192
1991018
17495795
9143859
21961425
19087343
1415497
17039909
16886851
17166331
1558052
682802
7681374
12101364
20494821
7749524
11917976
20739250
3681431
9553972
15131745
10737304
12227209
3106913
19175951
557156
8797207
3940377
6660197
6934661
17909448
17609999
459656
18018439
3052815
11710474
15476138
19948558
1609848
1298087
18235202
2631564
15699982
18397809
12021888
15814192
6515388
3220419
9167083
10334013
12170141
21594860
19174708
16194023
4028955
11245729
17004408
6639283
16720451
16868517
15210552
20420335
17848201
2036186
17233277
21897323
17468541
17508162
10378037
15100637
3231460
2772751
19570087
1666690
20860537
20353711
19091572
12806339
18199956
9482564
1609857
8172294
16428195
8572252
16547759
6320387
2689032
10568307
3241803
7570212
19514447
16878244
2585590
19922092
6680521
10753429
10768108
16623983
16885753
7561553
17851926
11876595
9800741
17585969
8449789
1255011
10908557
15138660
3927238
1842884
12590850
6193653
16482979
7325057
3320803
22014435
7359961
15106194
11677884
8203192
3446254
1945420
11487796
2533896
19752766
15989029
4083380
2250369
11215321
15571909
20970722
12428570
4068123
10892697
22004933
16855418
15806044
16780265
14991356
17215687
3551827
10842610
10750135
21488576
9577395
10196645
7316877
2225177
8761630
16333010
15836568
4077004
11404620
19831303
1953412
17177579
12880669
21571558
9107359
12783152
18777763
8028805
8267828
9109872
19493640
8299026
9527002
3495192
8073471
20708979
17873504
20579558
16532796
11358685
2348512
21609909
17171011
18836866
16485565
9035228
14642673
21851581
14703281
15620045
6741122
2367770
135186
6834965
16758949
15714997
19288124
1055561
20420346
7875287
17976766
1251702
839917
16522263
21258187
8178094
12723860
3508680
9445529
7137174
12045085
16788283
12208716
1738284
15564156
11107822
16159567
17092674
7301083
14763329
17417688
1256216
16366383
13413158
22070076
20352586
10651428
7742026
8026086
655566
2610793
12628101
4073240
11052150
6384155
10518386
16496548
21531479
11176215
8115016
12170155
1930912
9655201
17504649
1949333
20879816
2094236
15633904
15830544
1874153
1451675
8770716
3815860
16565586
16447551
3222966
3683719
21890278
11593171
20851502
3151755
1852254
17125579
9657307
15126738
20185945
9122651
16495426
17031676
12507714
2750870
9489147
16360516
21373316
8916168
10705783
15021770
10733189
10408718
9454125
17157115
11715268
3600988
20166309
796942
19164115
7610872
1416654
7955385
12590855
15235337
18392515
7202822
8568532
14733116
16116833
19520276
10683712
983696
4053423
11295836
21474005
7669432
21997588
20452879
18057875
1763646
3194161
20412614
9717324
7747017
6908869
16955003
7711946
15100934
21716626
7619420
8915412
112564
3065060
12701727
8614216
14994606
17260885
3798913
21702962
15221085
8679325
9423322
10624396
21180936
17007756
8073894
6966148
15457396
16439729
18700440
3496077
15981367
6650667
2446236
21557249
19297738
9868061
2691377
21986277
2190016
8026945
6821416
10030253
11681017
8295639
9486501
18594939
1706085
6684259
21766267
20167446
1011965
20517691
20842882
16871924
20077839
19300597
7942939
3767778
7490166
17524169
12804789
8341570
6399658
10976981
16749725
20816468
19180908
6508626
10394686
189665
19410302
9650315
7782851
19086306
7094972
10025121
7700659
15246615
12597766
1456682
12392120
16419573
9674515
8818491
19303118
463454
460880
20461385
4019127
1086664
8193632
9661758
16213653
1443076
21585156
17520863
1110570
2501729
3762912
6418100
12953769
2702316
21328277
3344462
6706704
8749172
9450821
3127783
9259077
7446541
18634292
15975302
8418537
8476670
11715259
21165419
19785929
15350152
10472581
12107754
4068091
3088522
12173511
19144307
17178941
19008741
11813899
2429647
19224313
9376831
21319947
14727428
16293064
19784427
2062158
9229914
7569387
19235105
12707660
20142914
19645947
16708188
965272
20645250
2006014
16374063
1196729
7870441
10808118
1952652
8459753
11944471
9145719
15026132
17260080
10779181
2243517
20464597
17387433
11222783
16299419
9700867
57566
15547432
20022673
125053
12182206
3350700
3710165
6621213
15266874
16186531
9741473
8685111
12541436
21625020
20476587
8935529
12958850
10923755
21291515
16274806
18669071
12653196
17006352
12894435
21694818
9549118
11562826
10337505
15126744
20163055
3581487
17170816
11070908
11933174
17468670
11790893
3807619
2635537
9596185
14962221
8024105
15661570
402882
19194493
9548360
11677738
15210899
9381920
21745493
8178102
16498542
20462097
16157021
11591445
20454798
8706110
7608715
19280868
17654084
15828285
8772638
10500778
12134328
10799926
16151819
17373416
7309580
20692105
12851058
16286703
18235203
8022617
20143737
9042673
20720408
3868980
1741879
2369295
12003586
7598965
9663303
16446959
21412917
18307572
865935
1927485
15568612
11064662
11324778
12792318
10407734
19863314
14763219
15051138
4071329
21216118
3106906
17497713
6781398
20736108
7799286
11696116
8140562
9107354
16285268
586718
7204113
10829532
10890135
14977078
11677886
18622517
20205621
12473755
8554782
11142628
15241243
11075475
1573323
17319396
2420299
17976352
15823682
627337
3234412
3074614
3229340
16563159
6599230
12056253
16440517
2054546
18821227
14419639
1746845
15489930
9055292
21475599
8486507
7490415
8719507
20046249
9560091
11226728
2635519
15490792
16133434
8089672
3364538
20911424
6927413
12802192
19834862
11843927
16343399
17724909
8376141
18714802
10226470
15736265
17335653
21678073
1437953
1789311
1443950
15565525
8686201
11865792
7870439
18852990
882215
17691686
6507047
14694041
3430182
18759216
11748369
8958534
11129006
18568208
8544601
16358240
11976974
12378805
8128527
2041438
14710003
20723779
1301326
16639275
19638944
17851929
20607265
8749163
16730534
16850174
3049472
19838975
11259793
18792590
15045617
20420344
18616088
11033512
18037806
9231503
2242624
7610793
16080061
1813194
12182781
11534689
19494342
11081611
8407383
12660585
19205567
16541934
20017443
8553592
9386237
3818705
10362858
11014438
1501611
14689649
2118310
15830080
12609783
10863885
12371634
12616992
19626231
10780085
7610848
20396466
17825129
16015163
8238267
16878247
19357827
1919097
20729736
3489458
7436847
20973968
19507217
14643394
9726669
10093783
15053213
15038571
7965935
18998763
10369306
6439161
14526552
21897322
1604982
9417572
21838097
18049963
19128636
7897518
11125978
15179204
8770252
21048622
9845935
16260041
8422190
10599798
2809863
15467986
21133189
17170929
21544600
2899490
7725272
623415
3202572
9164209
18723722
2801895
11218771
16563439
10872118
1900636
9817952
15510013
19645887
7610887
21330074
17658512
16143175
12512125
9279870
17610076
8817503
19225437
303045
8377065
9489146
7566390
10815032
18955641
11802004
16259650
18058647
15171513
11740909
857788
167544
7825708
2817249
12783761
9669481
17113162
15820968
16698694
12486842
16770112
8230934
12282288
2362529
15232506
16117398
11401768
12422589
19775488
8172700
18485253
3818195
15064265
1433948
1494056
9548227
2324783
21068225
20392532
8726907
7610794
9767335
665203
10820301
657787
7666728
16376278
20717689
19570809
16797231
18536784
648997
7793530
980213
17245064
21237651
20431498
19656221
19645917
1927484
14501459
21486552
15340900
15370901
14763236
17115228
6600599
8412452
7752841
17420403
11827588
2285058
8758639
2468148
8178097
11049008
15311028
9368581
20568534
2799169
16676830
6483385
12316331
18277204
11580947
22064670
9502541
19926964
20339686
18516609
8687196
15069868
9686024
3734596
16359137
19527184
8441878
19522394
12684994
2254805
7041040
303514
9441253
20502558
20004548
7854525
11281488
16798396
662360
7968169
19810898
15832794
20643008
107380
15966697
636868
21873949
1443079
10576228
15607217
2591270
20211098
4004019
20607044
2735384
21331781
21863303
9569780
11865387
1843166
17882572
1053124
10345150
15984818
1342390
18651251
309561
10549990
10366051
7428411
6376252
20805550
1118759
3180202
7224512
8078987
990089
18434930
2068938
15106281
11086818
17147045
6504257
16914280
21808459
16081861
3064538
20659716
7611034
18975500
2187486
9795925
20464409
15307485
8797163
21284461
19420334
14520090
18846122
19645875
19628373
9499867
11999820
21797862
3232714
21474006
20613528
19128712
21817934
19615234
8891488
18180645
8367755
7452764
12076448
17717835
11034885
994277
12028945
1437189
21598286
3610682
17334322
1425379
19594103
2359481
17003710
3407745
9146019
7247254
2904355
484234
11938530
1256213
7121148
11027047
12649511
922226
8764702
12708155
9808280
2635536
9107358
135163
21192184
11107823
19152014
9669078
8073888
16877937
20015792
12542203
12673512
3041075
8073885
20072012
11960814
12437810
18382293
9973656
11591841
7453245
2189146
9550927
17171019
1255010
14737984
10735406
21429201
10524866
16358894
8692372
9120641
11956532
21131882
11486588
21493432
17986340
8285096
17356875
16445269
15625351
18665008
3488158
11523479
16885734
6346139
6663717
16320717
582686
9092280
7863156
8725509
21520531
3144170
6838098
21206896
20559478
20809707
14653370
15814159
15024531
15453529
2279728
16868516
20532044
15829058
19282003
8303598
18293776
21793924
11205561
16788870
19688845
6302621
455581
12647584
414649
21609916
10714534
12170154
17202923
21127296
17135456
8333887
787460
8424481
18830864
9074336
11425206
8908238
10726457
15571910
3016434
11514084
7680521
8779268
3932929
21519003
9215925
11709537
9069487
11559327
8749175
7469293
21918420
15863111
11404602
18472086
19834865
7548307
17355557
7454324
15067575
3007062
22053211
20304280
15318953
3064539
17235534
8310387
15618995
9608382
18300443
17766688
14744285
9658668
18370347
10699806
19218846
3976349
10883828
16918202
22101295
7555378
8304039
19272618
19337468
8543889
15700633
18839874
1865741
3325273
11965101
9682499
12172267
8298173
1408225
3141869
7289697
16415676
12825034
6462365
21375159
9390801
7649604
7597905
3020311
20513051
8223291
19735866
3839446
21927611
21299055
17119781
6764165
20070765
138012
20680638
7768465
19766197
20660923
16496555
16455368
14594605
1131069
19717954
7882881
12417769
11388357
19433279
3365525
14994924
11343320
15736369
10205930
9516074
17303977
16639914
182496
9807882
10771916
20041331
3177603
10320057
8135101
9253026
20052836
18524411
18416423
12621332
17904025
16791046
18974367
17114144
8077994
19994561
9840510
21523632
7589314
19474778
15742264
2130405
2314744
12107526
15021772
17615515
2103393
16978765
3227827
9107355
10996487
18043429
9443168
3260498
1329478
19943575
15477514
18628616
9417178
17171031
8503098
21898426
7610871
2918829
7711948
1748570
10889001
740150
17619365
9199089
10166445
9803869
2404313
2809049
3064541
2961558
7149144
8892572
16752934
19809395
21597927
14502063
3894551
16496557
7668855
3488637
2785275
16478723
7264132
16320709
6915834
18568514
20668393
3583832
1399552
14981331
19958720
12061089
1518347
2068937
19855153
7416681
1003678
7167763
21655225
8241700
15235366
17547042
6441982
8572126
22037955
3931172
8523168
8173685
9078929
18973840
18206328
11667995
19848241
19180914
790351
2087612
3872985
314768
18204155
8863212
7834881
18221543
15849635
18646574
15191153
21358605
6728162
18706231
17469244
20941691
34934
18235200
8470503
16917619
2735386
16932543
14657621
17608910
15162286
8537591
2180716
15140275
8928653
16970846
21751291
4062621
20490815
20658021
11157193
19797177
12784668
17067085
15760792
18807058
2046397
21710126
10719648
15708220
11936909
19328348
11677737
12728559
1901141
10470809
11995254
7569383
12468774
746431
9185738
21739385
7879613
9823747
21970787
12296656
926972
16078416
15260396
19727625
18796911
6881305
966915
12889108
739571
9297920
10741170
3201043
21384204
9190368
10564690
3833037
15867658
11677721
12529790
1821972
2604613
3896665
10595336
1415496
19930333
6487178
17057612
7816447
20824546
20111587
15336872
9591855
10935302
14689612
21739388
12570038
9396356
11291831
6621214
11097518
2225659
12555932
3177614
15476598
12900124
20964593
9719404
8871900
8672198
19365388
16927512
18607963
12897553
19687692
7602418
21436748
8692649
6848085
17550504
9726537
17424968
15112976
17190403
7648491
9892864
18720065
18368583
9292605
10736498
15311595
16218442
3974388
7449388
19361939
2238169
6971592
8643942
10459295
19294399
10680922
6813810
15459763
2635548
13304695
3108783
12768717
7718288
21728751
21881320
20053308
19566970
2813053
16182826
19638945
1462381
15905778
14974438
8351626
19966380
19922089
10208283
1505091
1449192
10753423
16503034
12615385
16440815
16612611
745716
17414043
9441416
138042
9879134
2666538
8735395
15462362
8024525
10595661
12050950
16376046
19958250
20879814
1505596
8896628
15364691
16881430
8518521
6978651
11349793
20169910
10163763
19494217
9288253
3827748
20713240
19695386
8991400
14976664
19363714
10361482
7642997
8073889
7848400
15938205
21879800
15852674
19698152
2219765
18833020
6374098
16705839
19386117
21330072
2329904
12211355
17115089
16903346
4047447
11270101
17485961
3188894
9160919
21729430
21534213
449506
19581146
8972166
8778950
3655807
12563709
15025412
2078981
10367067
12390596
17873977
7040492
993083
8178092
19645922
17467216
12462020
8951749
496203
21940297
19810609
19296920
11808356
14520095
19840431
19307540
14670682
1818599
16703253
12364960
20739816
6799920
3144176
3499552
990088
17869464
18810373
3178565
10908991
2213366
2613087
10389530
18003583
7598871
792597
2046400
11715266
21322925
151151
15244026
19140530
9884591
19109545
12515891
17124437
7044778
3712538
7697708
1793401
993076
14968389
17684656
16362533
20431320
20339647
6812385
1739395
14703418
2355880
7041769
10912703
17538212
21526905
12953770
9386243
22125753
3492476
9298668
19622951
16360829
15928940
3904436
20559468
2495293
12171615
17691665
1053456
1900630
20009598
7260799
18046261
2256607
1908968
12451459
6110782
15024539
6492962
12924594
12934446
17532678
10362867
9851492
17847786
12411667
7081410
21866733
18443546
1992743
11105298
6431884
9391669
15517838
10196650
20297637
495084
8753073
16151353
11889378
8020423
2230572
16549410
8676850
2281839
8767130
10388148
21692283
6613557
12170143
21033024
2750865
2498525
10450057
15966476
10819105
16500443
2012186
19916898
3921902
10942130
15298506
7359972
311608
3872984
20510890
15129119
22084126
20414872
2222163
10150339
18628694
10547009
11092118
11977339
14646024
9882870
313136
3879653
17610073
14663570
20086290
18762394
21254961
18415546
9099525
10829483
11127596
18755124
1037228
15826990
16878246
10025119
21492069
10101774
7610870
176918
15021779
2246581
683453
11097528
3374749
1113026
17202990
8681175
6606751
2044243
21921851
9726676
1914922
3434614
15450776
18044740
6540871
15940572
8275272
12379040
9388372
11802058
8822255
9309906
2704944
9376143
2671795
7604363
14600975
10663063
14505049
8165845
3484907
19513278
9656250
1299772
17869041
15106287
11575610
3767218
12533097
18637448
9586893
10967664
10904797
970219
16418161
862501
9575668
9661764
1896670
10859648
10733194
7856453
19448098
15453933
1415495
3262800
16329634
18371218
21431964
1403323
2245464
17159665
11298478
14872034
19134454
20229078
10214046
14719468
19019625
7758093
10528385
17143609
11000677
10086816
16303675
8944872
11718244
3499910
9818532
19645918
10496122
11465871
18464964
2838897
17484345
8530928
6819531
12499766
8326227
16369474
10697931
3232719
315504
9799988
14521022
15967073
11300271
19856216
1854873
1843176
4071174
18454093
12486845
12729365
7639364
9256873
12812129
1913513
1426207
18795472
18070846
3820402
9708713
1387052
16923709
11265377
2278526
8890116
10793357
8682288
11137358
17106431
18989793
16639271
12621331
16496558
19823793
12797586
3172845
2563002
9921846
15021771
19681491
11318434
12368605
2184703
19277456
8607956
16374876
20555169
17101587
8178100
3512940
7779677
17204337
1432863
206716
6977355
10367761
7989964
2225300
9489535
19486179
21481431
2812268
15796395
8997094
19629428
12417768
20021409
2093347
6425780
16791045
6602925
2676649
2594154
8404281
3778302
19455350
17372081
1672268
19860636
15198044
20873306
18098102
9581396
15379359
21520540
19221849
8191885
21178804
8583859
20550723
18624802
18697372
287337
850455
12541339
10799928
8655348
19946778
1417656
2620642
17881962
7439200
10337982
21271947
855659
15068515
19826567
2461194
16298797
14689620
14994777
14986065
1526046
8989894
18044338
10829600
6853231
15655395
19894591
10904799
16602326
18947963
10855379
15377947
10943767
15129117
11404601
12134276
15765301
1023743
10148703
10652384
7546921
15891653
20851837
19243644
10743173
15385707
1227823
7834887
19880030
7339856
10410349
10234637
1528593
2729692
12563991
22088288
10370951
2770963
1725024
2241003
11700197
723394
18646412
1494313
9018930
8252823
7870437
11938705
16267685
21225815
15071809
2068900
9386239
8920031
786314
2513790
12797577
700574
8694142
12541417
20852711
1738542
1659617
8135132
19834860
16272069
2142231
18637426
8809326
9842553
19579144
17664870
1699549
17884522
141555
10908966
16198081
8561815
15949105
10522933
8882105
21739689
6394127
16230940
10604037
14763578
15601663
17848792
7064710
12244404
12696238
15871293
2614569
7213296
15770351
8891479
7180422
14623736
18676082
17375645
19448385
2316424
3265265
20495761
1865737
7295181
18325301
3454887
8439349
17882969
1842464
10664681
15379345
4024909
1600064
20104714
17668403
7597897
11089377
8377897
16505777
17220810
7304727
11478059
20597423
6621215
7610844
18035733
1357108
16647539
19395982
12761903
484362
938024
17550503
8723957
14638878
15353576
7973857
7066223
7860233
11704358
15467614
1690691
15717582
7137783
18675691
19192315
4068124
9430502
18444478
3452957
15045615
16419697
1539390
12640104
778518
1081389
6496237
2493613
12589846
17523716
22034784
2945997
17761136
15662764
17119777
19130972
11905224
15138531
18162865
15847325
1517665
16117399
12814171
15515557
20400925
19252785
17534234
6968543
17633272
17935034
11839213
21144468
18320867
2068940
18064501
3325187
17558460
7270321
9739398
17388988
2699057
1900633
2163789
19119678
9292604
18409410
17667131
1412143
623424
17062301
2299954
19008770
1092245
3339925
1084150
18340572
16567706
11233350
2133512
2852431
3069814
17910803
18081823
8694143
990085
8749120
9773904
1461378
2096480
12452748
8002368
16415677
20009781
14575218
2520390
10782391
19377861
12422458
18267046
17453435
12894290
836736
12009546
15637415
18030877
1011964
21620939
8984412
22098646
3981196
7346201
20446155
21838607
8508732
6405356
6721351
10849903
16020989
16611792
16496556
18422089
2293700
21545007
9391668
6371569
10522620
14677308
8470478
3499424
14757912
9805992
17926054
11761557
20585256
19263348
18720328
2251926
15499305
18759344
10685569
17067086
15080953
3631237
8836284
12160282
10893833
9951452
15954514
21525535
10395414
20400168
2327695
11417263
12015855
18826442
9360429
20711853
7382697
18252169
18465412
8749154
9770042
18812941
2904756
10827541
20157836
1527456
1670135
19031226
9851493
16371853
2690563
17707762
11861698
11980454
994673
6814326
9023241
18617868
9667087
8605513
20083771
19401075
7049028
8851336
3140178
18568737
10100525
1829190
21322924
18254536
18383754
8389447
983695
16006790
15855040
18607980
15241234
21557186
8760963
19999558
9520055
19883176
7828475
17883189
3496732
19255715
1824657
3983521
10923311
7283061
16168599
11459884
4068093
11337657
16382746
19671293
2114630
7596517
2803113
749862
18954493
17212909
16011061
21916215
6377887
20802372
12185867
7844461
9927968
21054907
21304835
10914435
16373786
1103563
9107348
21609908
19445693
18253688
2644925
9423321
19419674
19126986
15758055
17503065
7064711
21329030
3968936
19796004
10793337
7718289
11347641
19649490
484277
3673567
9474439
10793340
21423359
10750630
463585
10963970
6332803
1731155
9642349
18777764
18389269
21949992
17322813
16697184
310673
8410219
7732773
10476310
2115680
12850296
8207604
8011485
14608565
12438841
2585892
16366382
9035672
2299951
3822962
1504403
6624436
2012199
17427890
10530526
21688571
11994119
15224706
3288016
20879815
2689060
12875580
10437420
14974437
17055202
11738688
3478951
12170164
20956928
14655075
12692955
14689755
9422208
2167188
12953620
6717227
11919474
10530737
3546147
12574765
3874521
20082558
12827544
14710030
19662450
20572906
18195255
8821728
15553373
8586026
7803323
10586995
19454061
1885967
20591239
8579235
2045730
3218489
1616544
17622794
11555745
16446555
6607381
1653139
8889296
15577784
9563663
2068901
12930695
8682008
19108458
1944781
21838099
19214934
2563338
9288290
2149280
20377970
14974857
9455954
11715267
12737296
22073053
6227189
12189776
941247
11510399
11270498
2285066
996727
12422637
11440048
11893444
21167761
17048149
17257625
11960817
12634457
11070379
2343904
20359096
11182180
6974812
3159979
20482837
16840905
18437928
8517124
2332297
6799919
1642833
14763223
15241223
1676257
10897397
3227828
17901283
15305080
16960637
17215686
3067594
8907134
12624836
16923703
10234480
20657537
8749194
1843175
10753419
19808136
8470538
19558900
9699191
19670795
16802138
15942805
10952369
17948358
2957605
19626307
18504784
11801224
8060453
11729328
7835382
22046547
8256608
1451712
22012814
3439146
7610861
12215591
19828125
7847272
15074322
15559217
18492305
17633903
9531775
10362866
19816231
21246208
14567074
20729780
8334006
9433685
20523039
3780284
8570927
10083874
10329757
8035116
19108037
11710471
12352769
15562896
11413996
10912702
20001444
8719508
8178099
14967079
19135217
11959160
7382705
7610846
14673218
14985845
15136691
18091339
9809213
12646840
12235593
7516663
9184686
11449112
18843523
6238437
7514259
6363584
20647966
19379958
7611956
1943317
16780145
19838028
21741711
8694132
