15893416
17288838
19933079
18520293
18365200
14505550
16206497
21875491
15654902
18819904
21781226
20728210
16979839
19894779
12528778
19815649
15717740
19415889
21865346
17652060
20543544
20421541
19822515
18031170
15815732
21931998
18440456
21641867
19318484
11705489
12082821
15161340
20142587
18043124
18972607
12864940
20630823
17216825
17516068
20012337
15803362
20509859
20382634
12668652
18054679
21319009
19505817
19174506
17623836
19108785
15169982
18235115
15641483
20876920
17562448
18571721
20572041
20570050
12374669
21226671
21677487
14723561
19706807
16301597
19131187
16717293
19466875
12006504
17343077
12849615
19366444
21769849
21540865
15659505
18623899
17704424
16087693
16271384
18661773
21684583
9704716
21847410
20926644
18553235
11287973
17682204
15231574
12872150
18650157
19036692
17623954
16009949
10211534
15170980
19922893
20975380
18612591
21629245
19689244
19952716
21665463
16534241
15777512
14715106
20603436
21528063
12691141
17671135
15995975
20126478
19921572
20864916
15168243
19258191
20580896
19165196
19639428
21258187
16133525
20200041
18937621
19047120
