7745793
15305942
9213800
3778052
17184984
10414425
2079884
2031604
21085816
21030852
20032267
18437005
8693757
19000509
1069921
16389723
17253446
21395476
17079537
18788522
11964930
19996350
19926745
8308182
8109808
12937186
16304135
11921451
15630062
8731856
20551709
11058210
9220520
16128551
17590665
16151886
9578148
20816184
11742914
15143472
9327068
16892778
17944273
11523572
16473820
9826954
19297957
15009414
11422895
8762746
12109529
11994522
9122516
9628287
20143214
12671456
17565022
17851126
9235705
11501498
14966812
11334122
9579506
6508352
21980940
21741678
6270475
9656061
14757014
12789222
9179428
1849727
20703071
19627367
12580812
10469821
16188743
8630718
20171653
17136878
4032087
16998092
9445518
7735632
18327429
18280978
8840545
11680537
8814041
18490839
17600312
16916125
8010206
11731656
8592247
8417915
15855176
9493458
12578291
7925903
16034954
16624003
10430709
10561172
21329873
14746684
8851987
21294776
9027527
11462063
8933407
10535783
15347366
9785074
20677625
20353039
8407741
21861308
20975797
17250689
19371558
10230922
12762346
2211494
8398871
10798082
12669895
2011424
21346368
15360067
9410298
18668688
21864106
2326616
18306325
17968298
19080801
18633556
15191023
19117017
11109054
18425863
1777829
8471595
18400839
8564622
9445276
351848
17619569
15843856
20062686
19892232
18805334
12201170
6881844
17718099
6842321
12362685
897724
17323857
11696307
10728110
20601629
17040661
15598849
4083231
21488996
8666104
8239162
8837682
16617449
10923608
15960648
20439944
12485587
7553245
3693541
737825
17620069
16159617
8991495
11059530
16538059
8222781
8752719
1740594
21030452
8989683
17346301
9565713
21668683
15521367
21153894
17715170
8182232
11842286
6823150
8082354
1598511
21626716
10495334
21249665
20846086
12772225
12517199
9859904
8428854
1942519
10403853
3944377
21075193
11730184
6966823
18797177
17854412
20038672
19876856
15189701
17351473
11193320
11112134
12950045
7505555
22041779
16510919
9674662
2259940
2751841
5946555
16293547
8964705
16113485
10569222
20051680
2234988
19219325
16157615
8424592
19076565
19033730
21599561
20459792
15009547
11030850
11434535
12754590
1823511
17316491
7796360
21646571
17330795
10981531
7551372
18774386
17568926
21991793
17131972
16537867
18496114
16877849
8827157
16913185
8216554
21681708
8258422
11213373
19390482
12408507
2639773
16940253
9196450
2461688
15281326
9564798
10934074
15136377
17676238
16798586
18760577
11692114
1954948
2669592
16124369
8162997
18702654
19890823
15547632
11434845
10343627
8263623
9158283
9279701
19175596
14528876
20835588
20655277
11021612
9292897
11711010
11029325
10615846
8760510
12501154
12431193
18409862
18044067
15782670
18317026
20369107
9412154
8175636
21255136
15929854
18425921
16082697
12464045
3800073
20131382
19154255
7486360
19490659
10960663
18678704
8904857
20457017
21703384
19385161
16450577
2913136
16778734
8918014
6597710
3353895
17386192
3801331
1736738
8866796
21051081
16946126
20692634
15005731
15876769
15073675
11142496
1792447
21747865
15171329
10400486
9951318
1891008
20931226
16448967
8985851
7342774
19160203
9441019
1435798
17290564
21176481
14557844
2595810
20053620
19073747
6469819
15191069
3420556
9925835
16227035
19820274
19390716
16718691
11579517
9872829
12704342
9174218
11899286
19267122
1800335
11709509
9443219
6320377
12141374
6802735
2260928
9699776
7350789
8767802
10351936
10626525
21041594
11984278
9780441
15875891
18210737
18533951
3819232
9005721
2681641
9618349
9161936
2285651
17761012
16730967
20840395
18656023
8442608
9032491
8714422
17927798
15584636
22091498
19015564
10405666
11988449
11428744
10160459
19191920
16801139
6713971
9239435
21620473
2679574
6393415
11797154
8481215
15175820
12112778
8097396
12125091
11449532
3655633
3392374
3400899
3107692
12739136
21040148
9892025
3061316
10049990
16268913
15028559
19423699
21535176
17963419
11523581
9316095
10780765
15248844
17764732
17536132
12420595
16162792
16847937
17229203
406654
12200895
21281869
9700108
11983043
15082893
8332289
1792639
15578806
57402
2258044
19555507
7351141
17338093
21055298
19534827
15765293
15120026
3998880
8565034
18120860
17498194
10981530
10380095
16308442
9973801
11866364
10941477
8968631
7797928
17601266
7205480
19770354
11475173
10431134
8276379
16450575
9707466
19439983
10682164
14573719
1329009
3169213
3740653
15114199
20440923
18221461
10518843
21658327
8256232
11462062
15531754
8090606
20711548
8466114
3443597
20408336
7970907
6283053
12151605
3136628
17667308
11825832
18047816
20587106
19875223
1857643
19696916
22038100
1955633
21671365
21396408
9363128
20664276
10221017
9538980
1476148
2281428
3365008
17923073
18245686
12572718
10490435
15989867
12075759
9617781
16618789
7794611
1731020
17083349
18595636
18203182
16379057
16250306
8909015
15475719
16396064
6886591
15087299
19733903
14685409
19295995
991548
14531966
8821364
15334197
20970235
2767847
3491554
3814550
16512802
12889690
7583865
10931127
6129609
8368638
8015025
546257
15577576
12497546
19524492
18172959
6463361
1001060
8808039
3958388
17868530
15118752
12841811
10354686
7133820
6792584
12635755
10585020
7767427
3977134
12629619
16527088
12511713
10560310
18991514
18051210
9272917
8042510
17530532
10437813
2170283
12684809
15332400
9424401
15009288
17006279
14739774
19793065
11258687
10849481
11132470
1341757
20688616
10582718
14980249
14983653
10921756
8185388
2144655
21069120
19105129
8134158
1558072
2202246
20022571
21290615
2891340
11434890
18611422
1549914
3740902
18845551
9571528
766574
9272919
19241075
2019938
11401073
9003852
9671164
15505735
8621367
8792378
9212672
7388722
12735115
9033442
15905081
19450289
11730611
11288210
15223115
18052998
3403869
15054016
10735844
7421946
3894481
12554891
12619374
10073280
15945564
15508196
19131525
15787873
15176983
12139865
12170261
1033696
10424503
9429040
21186763
16176393
20462633
10194174
19143973
12358341
11683085
9285020
16482949
9374966
21781174
11123184
499646
837750
7351907
18204971
7299955
9042632
6625265
9164774
15969676
3433235
17619566
21439517
15144474
10535782
19229382
8957950
6406587
21678448
2009799
19170004
19005338
18316264
17848887
19261114
2043991
10332554
16379061
20333578
8103382
507523
8398331
20466590
18496466
15809701
8687244
20075060
16740813
11826252
4003949
4069807
20191419
19318929
15757253
14651028
17308916
14535572
1727332
9568941
11103673
7277166
19000508
8905951
8120499
11500348
21205712
16302569
9088299
8962959
10593791
18035797
8839522
19340323
12765429
21921203
19663017
12940324
12754459
10605526
16865653
16039107
21930983
17885860
10830461
17053206
16983447
8563119
10697451
16532675
21334128
18492839
12000482
1897812
21767304
16541974
6406891
7709008
8348256
19254986
12827964
1541146
16452362
15473080
677807
9823620
9221014
15526816
8751167
1451842
15536406
16913259
16259768
15786440
11292120
10356886
681590
20642377
8939270
8201487
20082949
12197791
17725197
10094451
15805179
21111121
15350953
8778483
18812366
9187183
1852517
19052511
18291144
9732221
2124405
11230591
15059190
1586058
3592137
18466784
3902533
6347233
16735111
8518607
8726156
8542119
12095180
10513887
21937828
18540478
8653182
12449185
11521142
16912084
18263684
13677246
9042631
11167379
17581193
3449120
20636429
2470710
16204595
21331442
19685378
12580909
12431196
18491674
10216744
3438896
21911911
17121593
9621473
21243988
16623053
16400903
11370502
19099677
19480319
16170661
21810553
21122116
10596691
9798724
18855906
22093428
14519138
11345292
18428137
2702236
16848335
15640964
21781562
21277514
19232893
17543129
21262745
20835590
10495333
8002192
9701430
19120499
22140482
8441077
1325748
8445582
20181197
7293994
11496637
7800004
20391986
19697407
18616677
12089117
6463917
18760422
7928928
17432998
9036505
8114514
20816545
20399999
10339729
19005336
15763448
10806145
11432798
8777678
6927528
12424681
11710153
10200001
2930070
12742883
18201589
19918449
10093094
17982543
11230617
10998879
2194469
10663850
20298277
15610361
507480
17208596
4041280
11980471
20420502
14986198
10472318
8195733
15311370
7717742
2297146
21549669
3661172
1603704
20065326
3356634
15896950
10711271
19657892
16266963
16426253
17381936
20549414
17544830
16308544
3042839
9927350
932901
8307137
17908773
2919801
19768400
620129
9623927
21816697
20466477
11571843
16421796
15636311
2117141
16703577
19444261
20477118
12205574
8333759
9124609
21051083
15805982
19815385
15068928
9872197
17967288
2476013
14573713
1130755
7231312
9824026
15244393
18328886
9356194
9232365
11349748
8498725
17530520
22111718
18298427
21369558
21286010
11691592
7480988
9534671
7540398
8185363
11361652
11463870
15999575
20807157
9522300
3513105
8074912
7406364
15230816
7898969
12644715
820882
14550980
15867847
12434649
1589632
21766019
9338048
21761095
19710512
1169036
21451166
1610025
17332911
9695300
10806158
10350221
5077475
16378042
15117746
21292020
20686437
16138598
7734864
12358342
9607011
1580599
19205282
17620695
11089329
17580093
16336617
16881601
19724667
10101512
11115444
20224672
7722576
7956397
11704582
8768808
19728213
9893291
9314803
8762230
8273209
21839625
16023417
19839968
1588678
8926906
118634
20219024
3709486
10556130
2151953
16562396
12668795
12662003
3202507
11036520
17299706
1285567
3201977
20675521
19274927
2951828
1762618
19714516
16499728
12839856
3802930
17638678
19733299
2364839
1993946
19438981
9380812
15702891
10414377
17346295
11984683
9249267
8074603
3357723
2112188
18534620
15575353
10546482
1755680
18271175
11434887
12587054
8414736
1864636
2174179
19254291
1305670
12688623
10914957
8491301
9297683
18773332
8880106
15002236
19302175
7963151
19437289
18360904
12395001
16287544
15030118
14756844
8159596
12696123
12739306
15298161
9230728
18540380
15478381
17456227
12172042
11420191
15479570
10954761
3562305
20949733
9678834
15300314
19651571
12112798
20500436
18241290
9221017
2007491
20139478
18841342
14560991
12027066
12056057
21503393
17982231
15950139
12910580
11379437
7557371
21980669
20051716
14768364
7142886
20008882
3964740
16109980
18691244
21808140
12598384
1609377
2729254
16388488
11410189
17051690
22123376
16935686
7663642
7018209
20444151
15289762
12426017
17384778
8797406
8564104
16457803
8703717
9000301
16466609
6239524
21548836
8364269
1491924
3602969
19551831
2766229
18209503
17154670
15575927
9151531
16428696
7741285
19598273
16354221
8810602
9925060
20121761
17595038
8503668
8163962
12220364
10069865
8226452
8265269
1669670
11175528
20805175
18221462
20545704
7350785
629479
9487341
7979527
8735672
9190103
14986236
4026359
20486329
20179658
18084868
15794409
9176582
19850399
18335111
12015465
6463929
21983773
1264078
16357577
11825005
9648965
19659651
2690710
15557132
1992677
3812406
8807176
16647876
6830058
17328826
9809498
352197
1307069
17533903
15904513
10887307
12752584
8866626
17147826
17014430
20924692
17523279
10922141
8490372
9111488
8153774
16757508
7440855
11411378
2382900
6338475
19268055
12505735
10563367
9864789
18598192
2214429
18097855
2277738
9316096
7583848
10853845
9475765
16798531
16845500
2020328
2249401
17651375
12898969
2443345
8952792
19190832
18274227
12287002
21633772
19996738
2480575
15544588
14621083
1564745
10806148
12472166
2243188
9305237
20695366
16169914
15120024
19270802
3260798
10626445
17306101
6183418
10883746
268209
16542278
6476876
10386130
9368258
18686736
21352671
8756798
9677130
12897736
8032044
9086444
17313338
12000481
12170698
8754961
9225201
1323576
12549802
18282421
12526066
9377950
12739809
7606992
11529528
15046382
17961404
11843438
20487617
18668692
15799849
14580226
6713812
8751166
20670230
7735627
9246133
20646956
16393722
3443592
6609685
1990947
1758731
9783359
19121405
15585063
9241894
7760533
11514687
9920219
10955705
2920654
16145977
9339227
7717920
9642434
7951760
7921100
16331314
8934799
15494991
12700112
9727799
15801284
19387028
19080796
10515405
19876495
16871958
10071520
16425662
8806149
19739422
21505328
10518848
20335297
1747614
10988095
6332888
20154107
1500628
21822083
15002309
206207
19728392
17595495
16939987
6502311
8874243
11737035
8111606
16819619
8964130
12421240
2034840
16159626
7997211
11434889
8570883
17342639
17344501
21338428
19149742
12194159
12952502
2734643
9088652
2697054
18814454
3494283
8546273
2766809
17203417
7793284
7965478
8621370
19880361
19567351
21681019
16393320
11706144
11855157
12464040
1975851
14639862
7739179
8882379
20207125
16002378
10800434
3553140
3988594
18164764
14709423
21966295
20564879
9775501
8202904
17514748
17324975
19175888
19014848
10431607
6841827
11826910
3688567
14569482
12063507
3737278
1920055
11869598
16999297
18332075
204443
7951094
7800959
17154675
2066213
19220775
17530521
16512807
3503205
8082961
6802893
10883202
9600493
9754682
16973983
655490
15786828
6424492
21875634
5409799
6088242
9684192
2622878
11642571
1674409
19926869
8795670
19464943
8394484
10796630
15031394
8395142
16970513
1412688
15858804
1485660
16357449
19230464
12435616
17686654
16617454
20974458
16113479
3722633
18700566
353682
7584746
663880
19390728
19748599
10533009
17645475
17244379
14749605
11747256
12675757
6866069
11796445
12490274
3828548
19666761
19463207
19102055
15052967
19014608
18241297
18713655
11059524
16763215
8876558
9100789
15947306
21333060
20444167
9412595
19750262
12886566
10867382
15626776
22011620
7552930
3304813
16381489
12068750
10329831
14502764
12198749
20683104
12777558
9635336
22013207
7555168
19927537
12622748
11184565
7436123
10659669
16680928
21176479
14767083
18942122
16443177
909025
11207455
15984603
8138341
15237764
2343206
16128220
19693462
17875055
16343089
10757859
11340333
11882277
10738013
821368
9161656
3665596
3028633
2351128
17058462
11555565
10665608
17515987
18042975
18254298
20572927
19445860
17405288
8616551
3836297
2003703
1586873
5762277
18839783
6792801
7695063
3129062
16846457
6277753
9760786
6710470
21722843
19944878
18418262
1867449
17968992
11692103
21120301
7619938
3706890
7958574
8352095
20877925
17479602
11237507
1611646
19397754
15981748
12894058
21310835
6343864
16200254
15867032
15613668
16371219
1489224
2281423
12628876
15131467
21411131
17454325
15212597
20150746
6109164
11237822
6847255
12666588
21124238
9522421
16373297
14980251
20444158
8947872
19733921
21466587
21672887
947970
21494174
16287550
9648697
16935687
9042119
19772514
14769722
22018040
15125698
11055321
18211753
9105796
16484118
7598441
14730655
10321095
21094082
3591806
15901884
15584310
15356553
10920786
16524943
7085556
19861272
18296744
1762048
9272920
1009270
12108854
15821224
11826250
19258922
15644467
14730265
21333343
21892931
19875225
1628355
8258616
12371912
13974421
8298766
22021889
21401965
19852019
11591559
18067476
17050231
11416083
8430960
15984594
2064138
6095703
7206761
21464709
2625063
21767300
9235846
19036137
15705984
18197306
11435378
15911455
12091174
10565561
7799560
16218138
17103345
19789162
17301388
12190005
6391407
16732144
16910483
12056129
19646803
12603710
20041894
20881664
7023529
21673367
11160989
21749462
21478555
17950166
17586187
11762360
16387932
2245186
10813250
2913777
2664934
10900696
15641243
21626767
16728756
7199201
17651143
4347082
1530438
7743061
14597483
18949128
14632328
21889786
20028431
16279568
20712240
21560487
11054193
2669565
21155649
20667322
19750378
15135126
14968609
16387604
17686108
15951885
20387490
19213776
18274026
3669560
12795189
20191042
8325827
3440661
11468678
2895374
3764398
17400683
15572535
15342891
20560907
20227721
17621476
2047807
12014758
2675684
8497933
18924535
2407265
9453991
19623785
7281087
1621692
10093125
3718369
3843440
12629628
9522784
2971562
15309234
19548633
11314453
8083457
12547955
1538020
19824943
11948057
11732288
10698462
11862128
18363954
21487330
8007031
12376064
17358042
16808545
15207063
1514665
19368704
11389573
9675391
1974398
1662672
2256015
3335139
1796775
20579411
12444830
10423388
11768046
507513
2756975
9253887
1858762
9893300
21913196
20339593
9356188
17715691
17671045
1610029
22117313
16399780
21572753
3021487
3294036
20095525
18041416
10354685
9726720
9289321
2609218
10543291
17689598
7491553
7482084
16549342
21829978
18328890
15265188
19218759
10160044
8430959
18972304
19594863
18925889
12376055
4003727
12738598
11243943
7229787
11692095
17196244
12897275
9477667
15596687
12596625
6151505
1758730
17291853
11083677
3168567
20735697
11083963
14711897
14564347
11350300
3592726
16261957
10856008
11213582
17349572
3245639
3989782
16720497
16327964
10472316
17694694
8035283
21480147
21204887
19009208
16908127
10209690
6337200
12501874
18431933
8379819
9498938
8123275
3891201
16162294
15157730
12125912
16874165
21520441
17277407
8515169
8029085
12531081
19260867
12833492
1532896
20470409
3924198
9657572
16818539
9669833
9092277
16020689
8725331
14621084
9316097
17085794
8091041
9044149
11373231
20008181
15156467
17980546
17573722
15893238
12225258
11434324
3612323
3565967
6830278
20050815
19169082
12027076
6607712
10617708
8484498
8325065
12220471
9720817
21663657
4023586
17297888
15390575
12002779
16158723
15131567
8131522
12655033
7316280
8019629
11807353
15629968
8542181
12894293
18573649
15824528
10962869
6254414
11314921
3050830
17873241
14966818
21309333
7316100
12911425
21861544
12119057
12110824
8887604
8990527
15827534
8172042
14760253
3191766
7878552
12549801
7609338
12688620
9068811
10630968
9173286
9780444
18820588
10687159
18410770
12877236
3666354
18266833
22088545
20356852
8545686
15724123
19651389
21332800
9255890
3812416
9122636
11367653
9487342
20934316
18705005
16798609
1805613
16099150
8620702
21700611
18669791
6236259
12822543
3887836
16700835
3045478
21809473
18688184
11905550
19050372
19308958
19210599
2006771
17661926
3382074
16690752
19210365
10093979
17140421
17165264
2783639
11050961
11411373
3092689
441999
20854052
21187313
17726702
2244708
7572896
8082366
15486364
20236576
18196956
7403985
9596109
10431137
10767253
12523012
15955149
19782998
17048557
7658977
1603684
15031397
12934966
937923
7436122
12619381
21079533
18329088
16169786
9616527
10051251
18651179
11927097
18070165
8899382
19283789
19129147
10203199
17156338
19994598
9690752
16188744
19170671
15824555
8310759
2719416
10813228
1468862
11315309
12295956
15366326
1890270
17923939
10869330
3742126
21767310
19322120
11874814
9384333
18614563
9124058
8658385
20143217
17498318
10227269
10674572
16712911
8198455
16675325
1615181
9387000
19150530
1994679
6942293
15114549
8313669
4083303
12225551
21859484
15643339
469614
10905243
11780300
18230965
12699214
7570412
6288781
19667710
20100014
17255839
20492543
3233725
1765858
9651458
10515410
1989091
9563692
12233101
14535575
15926944
17760405
19665765
16980753
8647067
17556058
2660783
3415331
6655523
1718213
9194940
15757268
19814916
3195830
9001918
21634030
8699199
15010732
7982258
17033122
3951891
21228696
11590373
15345875
15545853
15859513
19394697
12325335
12765430
6788213
21809369
10422741
1887129
21609306
16547934
21208719
8058420
17039438
17456212
17720671
10815734
6235559
18313092
9208164
16935688
16717028
7822659
17586188
10770147
12359114
9087156
12113331
18226541
12225264
21640039
21364225
6619453
7735597
12933428
21500453
7351101
10191921
18702886
19143967
8684867
10492647
3059867
11593913
9401510
6433496
8840942
11228593
1498508
2172934
12144647
8588568
9556007
17034060
9602198
9480998
15663567
4880259
20707667
12612281
2375811
10849480
17336610
11826251
15876347
2117143
8778465
20477733
17338783
20301989
3335147
8554359
365320
16236905
16393720
11338288
15717087
20156218
20485942
1421716
8352497
10852749
21462360
18578817
1770687
7762244
10910546
20874654
11845006
17479603
16101934
2817930
18973936
18197305
12417882
2039081
14754947
9001305
11534126
18002668
12897737
6347110
7758561
20199725
15095322
11148512
14643284
7379437
12456944
11763691
17597481
2788877
20855440
21486196
10928140
18381533
15155399
718239
9659774
19708791
17144581
8650894
22011697
19788810
8613544
9342207
17690520
10907588
7618721
15486387
14598683
16808839
8765813
21471097
11099624
10664935
8519349
16238584
9132741
8634562
10027454
20371529
18468669
17517348
10586169
19755889
20447078
21980674
16319335
11029352
1539139
9584554
7703473
15682688
2523502
17286723
21045696
17959633
11143488
17041854
12607791
2041447
9855383
8365278
12807175
15864009
7083928
8824856
7662845
19937008
20591592
15479269
11862129
3344675
18210723
8671102
15794250
12442949
9363421
6465638
8836650
9131215
15562886
7991884
21905783
11289337
12569308
1281768
709794
2662884
7316248
21504299
20426930
9876412
287947
8053538
7324918
11256858
11734124
2662064
1986687
7849809
9799374
18835215
10608968
12837867
16928718
2514160
10290110
2159772
7427131
21428894
19542478
15158629
14980248
16379344
1354158
3681544
11297301
9466030
20921348
17435889
9872821
20305581
14519709
21166295
11436974
7400883
21735384
19625482
15510060
16871636
15955154
21313776
15956238
20210213
17416152
19926750
8962617
9847896
11923561
11908933
21796876
525996
3194155
19687021
19674354
10221941
17953806
17225726
16886732
18035801
3984921
9257014
8298767
11714047
3619491
11997297
10749445
12065344
8491303
18769191
11581477
7735418
9243274
1495861
9764935
21542958
20815305
732355
19194369
11897985
10903219
17827864
16425660
12781000
17036195
9105078
18926410
16247529
12093987
8831855
14749924
19152964
19953040
16403617
7786934
21461165
20679163
19671941
19064414
19191144
7640758
18032440
3604840
8708495
9532319
16801145
17573494
11296166
19951471
16612936
8649920
2799744
12921509
10213260
19220225
12615582
10753248
7589401
8061690
16998930
19693460
17387135
11016256
21371339
8564628
9404090
14679487
3222057
20632403
6386452
18344635
3605101
2645821
16128553
6837295
7789496
16316875
7551384
2291589
20117064
8773164
15777519
3025130
1509194
21124247
10791110
15787868
20306538
7949192
12589086
17069108
316574
472835
21185068
7386975
16778148
19816178
174464
6523105
2426564
10212006
2180118
1859044
19565187
1985541
1755393
8271664
8902854
9236506
8339666
10430729
20977499
17845413
11973497
21625021
8467121
10756218
16038573
6198975
12680863
14742300
15479272
8454798
15729473
18267985
3171010
20338682
2001062
10382561
12507178
21132248
7912266
10439493
21430434
8323824
7356091
19005677
21798578
15727578
16456144
8287157
18177298
9506647
3970388
8035757
9003165
20362492
21875539
16687712
17590187
3765718
1412096
9648956
21466648
14656571
17023719
9672458
14557840
9043536
8074272
15665988
11389361
9039513
12747348
10669532
16856091
19945364
21150141
6739202
12728087
15072177
8438140
10697252
3173442
12417857
187127
16703575
9477731
2663049
7122890
12092967
17173845
8065863
9488893
2716682
22022892
16335022
7125357
19926751
11251859
19783544
8943927
9085312
20623094
9727762
308215
20336730
16158782
15507187
18028992
9542861
8578349
15969663
17185917
14615937
9093340
9924457
15637550
21493638
7795353
10483969
15155400
20079280
12523011
8475926
18847154
8711784
12036234
17582669
8970224
15942295
11151750
1827213
9754683
18382652
3592725
4464353
11228462
20587102
12185637
21183611
8804962
21426634
14634183
20920314
2545328
16531025
20927740
11548080
2349006
15801322
17873181
19696122
1416415
8893953
16323069
16321869
17393663
14685436
16918332
11269990
8414734
7991882
11882531
7803417
19746438
6670318
16238583
16815138
1954918
20938590
977865
21187309
7053950
11099244
17458429
17330369
9387954
20049132
3532632
16937753
9510666
17906086
2407112
18391843
9229049
12220464
3516365
11846868
9426101
21838874
18411829
20425859
17032694
20573036
10494268
11207016
18001427
8066933
9170604
18671695
17413871
15840107
3295741
10536749
19432033
16823331
10920157
19255001
10933090
1428813
19009220
17188486
7812884
8825680
557329
1561071
7955003
15136382
15223861
17562496
12037227
13677283
10895348
1617389
20639579
15202124
16575039
9701428
6614613
15007355
16505613
12878334
12615031
16238785
17052301
3822630
8131799
8190575
8610657
3365005
15007360
1912913
15705988
17785157
15298310
10833470
21394306
8255631
10599150
17237578
10191931
21054466
11345287
19092566
12112794
11899297
16404140
20170013
15805180
15249897
21565919
9215241
14757602
8284520
8143058
17344509
8187027
21811195
17786491
8345417
11854343
12161893
9455084
18558940
17613631
8936616
12002737
16167272
9528162
9422630
16212516
11477729
15732680
14679488
16387953
21342745
3769575
11097312
16890771
17666105
16235084
17177685
21090166
18077926
20100017
10914302
18564633
16093293
17301358
1914608
7849885
2701925
8240758
18622500
18334794
7047190
21170600
6497158
1221553
14645976
8474807
18363018
6502421
8814938
15738288
20927499
3391006
10092691
15170877
8457690
10669531
17716718
21220397
18257904
12546340
16868722
8599059
11998547
10910602
1331695
11845846
1388376
14767443
17012440
3224579
8327008
14529107
9244819
21332801
2252255
20963782
2716417
12584516
11988142
15982274
8756796
17941287
8976087
12119053
7420439
2504076
10956586
15767954
12762354
19816305
11934721
20041015
2816987
20816549
1864342
9617779
19205283
9659092
9163645
11296197
1406169
7570411
7791178
359494
9623008
21051078
10470697
11591546
11334657
16850437
10950236
19719534
11742284
20124607
20462685
2564760
19373627
11110576
17456335
18418501
15479270
16926978
18622526
11793663
11254820
1589607
21477216
20925457
2361414
11994093
10983620
19623782
2301409
21368621
3774382
19878491
9817698
7238668
17301398
2084026
17176939
15355465
11696043
16230465
9759806
17901795
11449611
15555064
19008296
15211253
21189114
16264043
15503474
19064834
21535181
10354683
16113482
19253115
18313129
9489225
3510578
8416509
11152170
7247446
15639294
17923069
21693045
11262982
21292627
1928948
18166574
21195729
6239577
10492648
10521057
16478846
20432792
9247520
8779130
17365137
17157669
18713657
17253528
20625676
9469694
20920766
20540854
1540736
8333760
14747964
11069572
14586048
15947488
19107312
17290040
11241035
16788284
15820083
19548966
8542166
1863300
18820580
16128222
8417862
9832596
9201367
16382752
21355494
9048532
11887043
12522488
937816
16855963
19532096
17901160
10442532
17129466
18822123
11865545
1994866
11570619
16083780
3836920
10781118
17130678
17210037
18317024
10699144
10213986
12642835
15173498
19324370
17363354
9794611
9041762
17345992
8161040
15499063
18507197
16101930
12473829
19365260
7436127
12678316
20731833
19307884
20048018
2080063
8419894
3339502
6491107
12014030
4083299
9554632
11906369
20889905
8435016
18001428
11510398
7063290
10490527
7908763
19902011
10407946
11845933
9776958
20870628
19357175
2060339
3944367
7462534
3264482
1476041
8882071
9720815
8899378
10333305
19832702
4075514
11099596
12424985
3384550
12785291
17433828
10955703
180072
1820266
12563044
19762564
15507099
9684528
11581439
2615077
16155780
17989842
17657326
10808170
3406618
15700549
3497107
710825
11193315
16987853
2778423
11240945
8339803
16100145
19102753
8002720
9699779
9886516
1945992
11568992
19890172
8391964
10330536
10193391
507516
3772657
7669376
15499901
18952207
1977785
20802166
18458925
1428490
8071765
14756466
18513638
8071730
11206239
22087518
11536450
10805201
8360043
12522318
16236857
2367381
1181944
18038236
14512672
20304476
12114356
7595166
7135278
9578345
18410779
7163028
12973524
10833469
12058805
19232926
2061104
9550783
9764256
14610402
12629629
16847033
1546818
21474571
8804964
10555619
8042809
19129285
10769359
1437315
9498951
9250251
20529166
6957768
16801164
21055091
21556473
8518681
18760452
2525140
10835056
17050564
9462318
21073619
20617331
12448358
18363955
12403877
19383228
11354392
20832927
15805186
11451839
3231553
2278228
9257016
8542143
8913909
19712438
9134876
16128554
11004952
14728891
20175418
3021488
7375238
10028486
1952425
19689806
3966686
16567983
8916819
9354358
11704605
21105591
9861808
19063829
10430728
8387419
8121098
15121522
11370265
16669564
541797
14620600
9201370
3475542
8520749
20624638
17146193
20791880
7013150
941115
16370346
9166022
531546
21183608
18399871
2998246
9847528
12839326
12186820
20561237
14603078
18607564
15764766
16809241
7333004
16539296
11289321
11297151
1516398
17419387
10446510
17461348
16754529
12485317
17295804
17479600
18350408
19195262
10469770
15990771
21219694
15997870
19797481
20565827
7832209
9800295
7607059
21251480
9692109
1358415
19236318
3393335
15303804
20854961
12503707
19948624
9988447
16088607
14640058
4073052
12066970
7789476
12052320
11372387
20812893
8996683
21253179
17441791
21677090
21859378
8027501
1610027
11371398
1575550
15453115
9813932
10588083
1822973
8351928
9637993
12888815
19086051
8122050
12203844
20415774
8182777
12174696
19443529
3181386
10093147
10678638
1736732
16274959
8095871
11022103
18572106
9353508
14694343
11413358
16396689
19057454
12446273
20043617
1923077
15516534
12066969
7647738
2799737
6485773
21029935
20299533
18272579
14647795
19822388
11775808
9414146
3336575
15002246
8817188
11742279
12700106
19255024
6797294
10807819
11453357
10386499
12182006
19781087
16829729
9624297
14635980
474360
8609850
7012995
18939726
1345148
15847105
7709993
8804961
8630577
3222758
2229839
20921341
4028846
9814400
18492525
2962837
10540563
15459151
14730274
7488345
20177531
3182586
12139555
17228218
3803768
1682112
20925450
10074330
2920079
6264618
12688025
15809204
18402318
12618743
11283887
3403137
18480107
10086941
2240754
9734351
8545628
17412780
10819804
19489195
16083778
19426496
12402189
11488799
19625171
12032525
20665307
18047812
17042147
10617735
15702210
17983871
9727797
1258839
20683554
16862686
1748366
2117144
2572618
2161328
11751183
3092901
15695953
18516896
10065208
15572536
14692428
18201428
12000485
15858799
9163644
7952544
19210644
15518085
8087188
977864
3522119
1549828
10386131
17928309
1137206
8921462
20011840
1339160
3335144
9126590
11132521
15223862
16956498
20168069
16913173
18977461
11529291
18272414
15196268
18325032
16101528
3011625
12612223
8752720
19292991
1460758
9616532
19644362
17573858
448557
3553278
15693217
19724
18757309
11573554
12833845
17497463
19020366
8291747
21301691
16948344
1580676
8635104
19706583
18545768
14618643
14746624
15095957
9487963
15524009
21682739
15482190
288892
19556519
1519136
7801336
17898910
11334128
10354684
8549728
3177971
11213371
11480498
10678723
8506829
21725674
11696042
20025581
10849467
11578758
8520794
12801311
15131576
15295245
3768575
15564488
1513726
8821300
14516143
7576880
20049220
20517731
12697048
18431930
15317321
2282302
21208461
16918514
18680698
18448489
977532
15316497
11303830
15565945
3223642
10941352
20211496
19392986
8398878
19188201
17301090
17692242
11778790
2256577
10202338
6465674
17063301
1913270
2641987
18557447
19092552
17349150
12063508
19031467
18709761
11290310
1896233
7357982
12662001
10400836
18079229
12235900
3808779
18410257
18564631
18558635
3014935
12809818
19301727
18386435
20170324
16418798
11484462
18176001
18475359
7140515
14973971
8000933
15543589
20933592
1603700
8846998
8437970
1405105
3738978
21176486
14973969
11203411
21977111
17095554
21820717
21877003
601423
15237768
15279701
10738012
12463325
14525803
15002268
11958739
21432263
1921091
14702719
21492924
9411505
16701689
18922664
18604557
1163892
3160273
3755099
15591475
3741294
8706236
15602588
21038144
21842790
12226020
10968568
3562107
19240083
16106315
18166936
15198346
8835226
2290047
10675237
12753536
19142351
1342533
2025595
10891815
3182581
2603727
12412974
2016232
937822
7717766
15230819
7763062
17427899
7949806
21261742
7258817
2789966
21274157
16874599
18511700
14630994
1923666
15834166
20128422
15832225
11476835
17088695
8680669
14971117
12109532
17643762
17650836
1990945
36677
18302840
18788427
19200362
20464715
18955892
7318800
3812500
3041823
8419895
11829086
1672492
10603629
6619716
19351101
11195241
19687002
21977112
21315243
19276978
18313134
12708946
1364402
8885005
11251402
17243497
21187790
413327
12403878
19905928
10655676
16101931
9616513
10677124
17301406
11930940
7672902
10565194
11316038
20305826
16096352
16572536
12538315
18974909
11549557
16610559
17069099
12667273
19295429
1440433
2763256
21858969
17692263
18312533
3969061
10770108
16312158
14529106
19962024
21262091
9476805
406300
19967305
17394255
21236553
9374561
8484618
18275439
21153564
2496156
7633714
16354214
2117130
19756329
7739966
15334503
7266631
10202223
21671842
17524758
10922130
8260119
11149989
11765156
10421823
10194178
2209145
18294665
9291412
11147073
21477358
3380739
17210615
22048207
20126925
20034387
15131463
17271131
9699784
9170820
11129126
11371399
16330365
6747140
21458041
17200248
11230618
22099193
11680326
10091210
15301301
16575135
2379769
17918258
10386496
15143852
1304837
7130552
12612304
16411542
882106
16520674
19655284
2747079
18787742
11910895
20191030
12676631
15641634
15179147
10779283
11840076
16393725
11279725
12807167
1187274
8225434
8492372
21721372
17959549
9423099
16412516
10984382
21190962
2010750
15170037
8398390
18700332
21204986
11980466
12379553
10689211
7970336
9773910
15864095
7582428
17584312
9848019
11716206
12531068
8436888
20890545
19020201
11130146
12920471
18186920
20046874
14723508
3195801
7072667
16141442
17521026
14657614
8230899
16400899
9228362
6279351
19953579
20824590
12813263
1973050
21563448
20571
10836769
6848335
19641641
8338988
11776670
18715836
11309020
8190587
21029932
8208561
22029830
3842934
15693925
21664203
1600302
12241839
16536012
21071549
16091873
16088627
15469804
8230880
1889490
7227006
832490
8047786
11099601
10572208
15332401
19707346
18000551
2579636
15021064
17430342
17943568
21250400
16883095
20227338
2194701
1169029
9003205
15536430
14980256
17508968
12615382
18256063
1442836
8978161
9699778
7828696
7281084
12194904
8203258
1929511
3382356
18386623
15853960
15940141
11491149
18782109
9268173
7259970
11072474
8810606
18277130
2973571
21277511
15205560
10890263
9195678
16176405
16353178
20191881
16801188
9589847
9343761
6886255
21109554
9350159
7856460
11113831
9629720
16983595
8717299
19220768
14971876
19501946
18086654
21720698
19099876
3277498
16239975
10724300
7168217
12870837
9032521
7060949
3402188
19581125
3420051
14692432
15521378
18377145
9857299
8498890
18073170
10760010
9215239
7047707
8283363
381699
18728548
20008871
14675469
18347495
20712483
10742365
17505136
10858991
20711969
14534334
11943846
17313976
3970387
12833881
19058490
8965338
17479601
19273503
2273362
10651772
11529162
1386071
20662605
10777227
10200012
1644324
9723559
15994260
7746012
8499731
9659358
11866009
6861547
20959707
8296423
10609623
847136
20181264
12846689
16777833
10519334
11964694
1454641
17458438
17426946
9099758
18257903
19564266
8834557
12881616
6389670
11991303
8452399
17610743
22053589
17526006
16527091
21396216
21037997
1929491
11392575
8894814
12652448
8831167
9653428
4019400
3738848
8185364
16356023
20604800
8044233
16443705
9924455
21952905
16670014
9358786
7982368
19477496
9517600
2508946
7641779
11520712
11177060
15144467
3535686
19741032
2377175
15649267
2101414
17660730
8111598
8705636
20830321
17666249
17330796
9615518
1195968
8607562
9489434
7181055
17994403
20614439
17384874
14644795
11254516
11876667
6835734
21339276
10697994
20695362
16862462
2064113
11776949
12018723
21471175
7842199
11803801
15536404
19172211
3819228
3294978
15678920
16085215
17525072
7492197
16204594
3988360
20205781
10414619
17890469
2189368
20332717
12970951
454299
11523577
21177263
19631934
11339013
10907589
14647782
20408969
8181345
8327279
18574440
20718779
10380556
12969212
19570267
781906
15743337
19781072
21233268
15083759
17853183
7519948
15128338
9245180
15639296
12874699
18481558
21436149
21364311
19058485
15808113
17006033
9761012
19124297
3729100
16697082
17596269
16889282
1884615
16569224
15033835
3786218
21440354
8789772
1173819
2637608
3744702
18470369
9988452
19023493
1487342
1475542
10192766
11080703
9221626
8955976
14626336
8227866
16444036
17883914
3823639
15889276
20862699
7767511
12897036
14694345
12593525
17718175
1616512
10852752
7897453
10885982
3698696
8444291
8403742
10480583
15059193
10685226
9809495
21880163
7981563
11206243
17136298
10678724
3002169
17983373
17530115
20477310
10729782
9657574
15520345
16426252
1660774
2211492
19863279
9661682
16972040
17018582
19302257
8620234
15811840
20394513
10922135
21125152
9312752
8882075
19000318
691088
17760971
18565953
16517429
1408543
15032000
21535301
21596087
8888336
17679661
6507751
7767521
10484556
20053584
8902472
9631810
15038674
1891287
17157655
17958990
19014766
8112438
12531083
8005449
3630923
15463812
17498791
17889457
3335986
12036440
20973803
9607263
8135558
16771782
8155929
14636518
8203797
18535847
12780946
20019852
19463209
18626235
19099095
7044114
17612231
7812992
18431931
15338801
8966060
262455
18953387
20513518
15122387
12532098
15108002
21432408
11179118
14501430
18299559
16948347
21334032
20532466
11483846
12776412
17304763
15962878
21029939
19793086
3979657
14519139
16740815
20799526
10416095
16128550
10452772
20406510
1086622
7914305
10611552
16706795
20800786
11840083
18350403
6168908
51514
11871806
17535172
12226015
10734518
18950799
1727998
2458888
1595514
21251317
21686887
6736486
9602873
1948006
17652648
8701262
2056624
6702455
22078359
18507597
16645491
3358538
11805349
15678506
8901034
21755186
2400226
11219370
99203
7948439
15647038
9856887
16898380
11778792
17594875
9141112
1753503
7647727
1914555
15591473
9820668
12823119
15502115
21407825
16034861
10094289
7357255
11555316
21625839
8907773
3802694
16219256
17990155
18570007
20961337
15305940
12226059
16082689
9768577
1431723
12205811
2252253
17201242
20503284
17401491
8630589
15705991
7580660
1447435
2181412
10885429
14555447
16629787
6720644
16797869
1342314
19085588
13679019
12184818
18680701
16749545
21038780
9824086
18045471
8636732
19399917
10086224
11665509
1914606
2732861
16701700
12030731
7447154
8563504
19097556
11787964
21359053
16222162
10499760
11902710
10492260
11015137
9847431
17369708
19590951
18261426
21097364
16922438
21353110
10536067
16198099
18324941
20201089
1630062
7491555
14708555
18286551
15106170
9847261
8616571
19020202
2084289
20981587
11030274
10836318
16935759
9071154
3894482
14971780
15481280
16261954
9212674
19231269
16272480
10355379
12396522
18199037
20831466
7547349
19281690
6417786
7118686
6855275
15098573
18799243
11775916
9116878
17157656
19745206
17337827
21430629
16100162
6407290
18493169
19298989
9549006
21432110
3358539
20923339
9420581
6639124
19787467
12859552
2384765
15802340
9660205
11963614
11263346
10524545
7817703
11282792
8970346
20065975
7509254
17885863
8924877
1680599
12503706
1535995
15618582
17891915
3025807
17069225
10520059
17473332
20823630
10320858
15170871
21792577
9412567
17521027
14990187
8748419
9429045
1854108
19419517
11802471
6091946
2274566
16779464
19936487
2186825
1464992
9116979
1239218
12149531
18361099
10227272
8549227
2929347
11921452
8198296
19543643
11064961
21426635
19536075
16860701
17357796
17941915
7924478
19796226
1009269
16333925
1726359
20468497
18086231
11076988
17350886
1758740
11069815
11310715
19624992
16771780
11830998
1744357
11181190
12916686
1496701
1470826
19951855
14599375
1865598
17868210
15985644
20447074
19416146
9583717
19588394
17245731
20529214
10893378
6508338
21618863
16547959
19824053
17663921
10122508
8660075
17298342
8917242
6142544
17454321
17380234
3042837
9261851
21391880
14529105
12956742
1855406
8144301
7547323
21503925
1312477
9576149
184748
21677487
8020326
12422346
19024084
6707774
21603163
1665166
3264511
1758831
8414800
18186248
17726310
15056236
7677242
1454642
10412099
19029235
7562276
11339721
262104
1486303
18379426
8275769
7321996
18435478
10770819
15365112
731369
19674350
1181576
16109158
17274877
16378041
20672363
10433185
19195213
7911355
15510759
9031411
8869195
20575101
3469961
11869407
12477216
21730351
8709687
16312174
9663516
9704695
12045120
15111203
12837872
16436142
12684295
1901691
15361718
15880377
15456623
8706608
8025426
19027280
3417465
20467706
16128556
21778098
14966817
9689797
20376770
12926091
16001207
20056336
9230721
20371422
5485790
14608278
17948282
21422000
20416219
15298561
21342359
2595621
21340109
15596641
10390801
10798081
12452209
16261921
15678500
11243968
18269668
20086954
8013618
11998986
19578648
19151198
18344104
21192761
22097156
3056659
8329749
20528258
18595964
9608988
7522012
9828850
10155051
2344087
17054140
10048837
18402320
17166987
1888566
11733292
9651627
3316996
423016
11964721
21623968
3017156
20708180
8414823
11140406
12020182
8492682
7914544
19485953
12108852
16113512
7486185
20699516
20426942
15284934
15301805
19485251
20622629
19164186
7217159
9068153
20085599
9032486
15768697
18621136
18455958
12019588
17562497
11961875
19438590
17137188
19181395
8972235
15828073
15301183
12632911
15553209
15457397
10367309
1776437
17185285
8658092
7323403
3963006
16670173
18494947
7807759
7448130
18430313
15332136
17192188
16276707
8092557
14717876
19950768
19523081
1847281
11978912
11321130
17342294
21820163
6679232
12172740
15637549
11696147
15577824
10591422
2509829
1610030
12701840
21593707
15477001
21507299
15376211
15750364
18937754
16513809
1960774
555316
2661116
8299295
12212972
20835585
15801246
2356815
11324904
17169835
12690557
19556008
1606891
17359604
6802386
9208057
17896974
15046378
14635509
3813127
16503404
12953653
9671161
3379224
21253144
1013057
11790650
7143652
16101933
9832595
7713195
19630859
18064864
20528595
16084818
17523696
1892307
11338292
20465057
1586059
17177686
11809988
12562394
18502684
7795765
19253507
20938703
15649261
16892787
17369063
16830612
3545699
2055039
10722767
7212169
8331856
18310186
8118539
12423987
7794610
19768805
19371435
9513859
10741878
9224081
18312531
10064960
17058454
18814450
16263629
20409766
8092931
7691304
19164187
10191918
8481036
16528903
17883913
20180163
20129799
18397409
21131706
11706312
8933653
16036410
17069111
20624655
10797510
15191028
21177547
14578830
3504108
7746910
521497
2262256
1952540
2371457
2820682
6890782
7957430
1959373
16736360
9735936
12687596
2906933
11517515
17479599
21688647
8769600
19735226
10856170
1766127
10931791
10967986
10323626
3584743
11240940
21682953
7791276
11473676
1864340
8442539
9543087
10921464
18401289
19622671
10377202
10779282
1484442
12117708
9061216
8570302
19448560
15236500
21631609
21320762
22097439
21668320
3817075
19068766
21217922
12924524
16373042
9108857
19895986
9257009
3262488
20800209
3545701
15947820
12205808
16331428
3333250
20972300
1515750
17159433
10422744
1580678
21810123
9046929
20153707
21878241
2717240
22015086
8182891
2831367
12070480
19137594
18552410
7574130
7817977
10718359
7802735
16088609
12777560
17448326
7486361
3674573
11052581
16948346
12236561
18975256
407701
17301299
9012320
19822263
7491432
1008348
15715185
20717691
9932843
17508969
18344636
17253545
3202408
10431133
14998382
9141878
14676506
16387587
8962614
17598659
20864800
14980267
19459561
9823621
10699234
8173777
7298348
21854724
2982003
8949345
20502390
9139556
12220468
18514593
9559405
10395061
8221272
15794411
8090605
21801323
12184167
6724864
17178033
11121676
21901714
11593155
14621085
19099676
11821366
18578375
8179227
17903350
15783129
20627219
1496726
