16331172
14607455
10646077
8305243
21669115
20634880
3952736
19645404
10192090
17976775
16496934
10492075
10339286
1959023
3218913
20004455
12921382
20814281
7810817
1412575
1527361
10985807
11764102
3944348
3378879
21809021
17462342
8651559
19382725
16358137
2160021
21196492
20888389
15380528
9465782
17425547
17552293
6145429
20156699
15109051
9593281
9395727
1194151
7879350
18082417
16997373
15820165
14749150
12825005
8411651
8711535
20146891
11218318
18397237
2460068
7273892
7600827
11923949
20437138
7731129
20094735
10457341
19100045
2401944
6978624
7774332
9653429
8843261
21110167
21533587
2851581
21116943
18834823
12235715
1877374
21606167
20214020
2289504
3967511
15168775
15221341
17886057
21817980
16267737
18846966
15171792
10561954
17531723
7664524
21645196
16989499
12009101
1569622
3363460
15622620
7606073
17106019
7715086
21431281
19670979
18608625
9272780
21461866
11168868
9486925
3943336
15448507
12742845
